
Running cold initialization for the problem set:

method: RTCF,

model degree: 1,

hybridization: False,



Dt = 28.125,

Courant number (approximate): 0.19102480648252287,

Dx (min): 33.420953508953176 km,

Dx (max): 37.78298670469867 km.

Warm up with one-step.

Warm up done. Profiling run for 100 steps.


Running Williamson 5 test with parameters:

method: RTCF,

model degree: 1,

refinements: 8,

hybridization: False,

tmax: 2812.5

Simulation complete.

************************************************************************************************************************
***             WIDEN YOUR WINDOW TO 120 CHARACTERS.  Use 'enscript -r -fCourier9' to print this document            ***
************************************************************************************************************************

---------------------------------------------- PETSc Performance Summary: ----------------------------------------------

swe_williamson5.py on a  named mpe2 with 40 processors, by tg2115 Fri May  4 12:49:16 2018
Using Petsc Development GIT revision: v3.4.2-20859-g7bfdb64  GIT Date: 2018-04-03 16:04:52 -0500

                         Max       Max/Min        Avg      Total 
Time (sec):           8.778e+02      1.00002   8.778e+02
Objects:              1.990e+04      1.01489   1.963e+04
Flop:                 2.578e+11      1.01622   2.558e+11  1.023e+13
Flop/sec:            2.937e+08      1.01621   2.915e+08  1.166e+10
MPI Messages:         7.006e+06      2.35492   4.825e+06  1.930e+08
MPI Message Lengths:  2.070e+09      1.43382   3.464e+02  6.685e+10
MPI Reductions:       1.313e+05      1.00000

Flop counting convention: 1 flop = 1 real number operation of type (multiply/divide/add/subtract)
                            e.g., VecAXPY() for real vectors of length N --> 2N flop
                            and VecAXPY() for complex vectors of length N --> 8N flop

Summary of Stages:   ----- Time ------  ----- Flop -----  --- Messages ---  -- Message Lengths --  -- Reductions --
                        Avg     %Total     Avg     %Total   counts   %Total     Avg         %Total   counts   %Total 
 0:      Main Stage: 3.5302e+01   4.0%  9.7898e+11   9.6%  4.546e+05   0.2%  4.990e+00        1.4%  9.120e+02   0.7% 
 1: Warm up: DU Residuals: 9.5431e-01   0.1%  2.8143e+10   0.3%  8.778e+03   0.0%  6.804e-02        0.0%  3.600e+01   0.0% 
 2: Warm up: Linear solve: 6.3743e+00   0.7%  2.8243e+10   0.3%  7.414e+05   0.4%  1.399e+00        0.4%  1.874e+03   1.4% 
 3:         Warm up: 1.8426e-03   0.0%  0.0000e+00   0.0%  0.000e+00   0.0%  0.000e+00        0.0%  0.000e+00   0.0% 
 4:    DU Residuals: 6.1346e+01   7.0%  2.9371e+12  28.7%  1.746e+06   0.9%  1.444e+01        4.2%  9.716e+03   7.4% 
 5:    Linear solve: 7.7380e+02  88.2%  6.2614e+12  61.2%  1.900e+08  98.5%  3.255e+02       94.0%  1.188e+05  90.4% 

------------------------------------------------------------------------------------------------------------------------
See the 'Profiling' chapter of the users' manual for details on interpreting output.
Phase summary info:
   Count: number of times phase was executed
   Time and Flop: Max - maximum over all processors
                   Ratio - ratio of maximum to minimum over all processors
   Mess: number of messages sent
   Avg. len: average message length (bytes)
   Reduct: number of global reductions
   Global: entire computation
   Stage: stages of a computation. Set stages with PetscLogStagePush() and PetscLogStagePop().
      %T - percent time in this phase         %F - percent flop in this phase
      %M - percent messages in this phase     %L - percent message lengths in this phase
      %R - percent reductions in this phase
   Total Mflop/s: 10e-6 * (sum of flop over all processors)/(max time over all processors)
------------------------------------------------------------------------------------------------------------------------
Event                Count      Time (sec)     Flop                             --- Global ---  --- Stage ---   Total
                   Max Ratio  Max     Ratio   Max  Ratio  Mess   Avg len Reduct  %T %F %M %L %R  %T %F %M %L %R Mflop/s
------------------------------------------------------------------------------------------------------------------------

--- Event Stage 0: Main Stage

BuildTwoSided         72 1.0 2.3855e+0025.8 0.00e+00 0.0 1.1e+04 4.0e+00 0.0e+00  0  0  0  0  0   7  0  2  0  0     0
BuildTwoSidedF        27 1.0 3.8981e-01 3.7 0.00e+00 0.0 3.8e+03 6.1e+03 0.0e+00  0  0  0  0  0   1  0  1  2  0     0
SFSetGraph            76 1.0 4.4873e-03 1.2 0.00e+00 0.0 0.0e+00 0.0e+00 0.0e+00  0  0  0  0  0   0  0  0  0  0     0
SFSetUp               72 1.0 2.4771e+0013.1 0.00e+00 0.0 3.2e+04 4.0e+03 0.0e+00  0  0  0  0  0   7  0  7 13  0     0
SFBcastBegin         955 1.0 3.0353e-01 9.5 0.00e+00 0.0 2.2e+05 2.4e+03 0.0e+00  0  0  0  1  0   0  0 49 54  0     0
SFBcastEnd           955 1.0 1.5161e+00 2.2 0.00e+00 0.0 0.0e+00 0.0e+00 0.0e+00  0  0  0  0  0   2  0  0  0  0     0
SFReduceBegin        809 1.0 2.2041e-02 1.5 0.00e+00 0.0 1.8e+05 1.2e+03 0.0e+00  0  0  0  0  0   0  0 40 23  0     0
SFReduceEnd          809 1.0 3.6325e+00 1.6 0.00e+00 0.0 0.0e+00 0.0e+00 0.0e+00  0  0  0  0  0   9  0  0  0  0     0
SFFetchOpBegin         2 1.0 3.8862e-0513.6 0.00e+00 0.0 2.3e+02 6.2e+02 0.0e+00  0  0  0  0  0   0  0  0  0  0     0
SFFetchOpEnd           2 1.0 2.3639e-0347.4 0.00e+00 0.0 2.3e+02 6.2e+02 0.0e+00  0  0  0  0  0   0  0  0  0  0     0
VecTDot               22 1.0 2.5120e-03 2.4 8.75e+05 1.0 0.0e+00 0.0e+00 2.2e+01  0  0  0  0  0   0  0  0  0  2 13775
VecNorm              412 1.0 2.2589e+00 1.8 2.43e+07 1.0 0.0e+00 0.0e+00 4.1e+02  0  0  0  0  0   5  0  0  0 45   426
VecCopy                6 1.0 6.3705e-04 2.1 0.00e+00 0.0 0.0e+00 0.0e+00 0.0e+00  0  0  0  0  0   0  0  0  0  0     0
VecSet                40 1.0 5.9369e-0312.5 0.00e+00 0.0 0.0e+00 0.0e+00 0.0e+00  0  0  0  0  0   0  0  0  0  0     0
VecAXPY               23 1.0 1.8108e-03 1.2 9.15e+05 1.0 0.0e+00 0.0e+00 0.0e+00  0  0  0  0  0   0  0  0  0  0 19978
VecAYPX               10 1.0 6.6853e-04 1.2 3.98e+05 1.0 0.0e+00 0.0e+00 0.0e+00  0  0  0  0  0   0  0  0  0  0 23527
VecScatterBegin       23 1.0 1.3785e-03 2.8 0.00e+00 0.0 4.6e+03 7.1e+03 0.0e+00  0  0  0  0  0   0  0  1  3  0     0
VecScatterEnd         23 1.0 6.9106e-03 4.6 0.00e+00 0.0 0.0e+00 0.0e+00 0.0e+00  0  0  0  0  0   0  0  0  0  0     0
MatMult               11 1.0 9.5136e-03 1.2 2.84e+06 1.0 2.5e+03 9.2e+02 0.0e+00  0  0  0  0  0   0  0  1  0  0 11821
MatSolve              12 1.0 9.8357e-03 1.1 3.07e+06 1.0 0.0e+00 0.0e+00 0.0e+00  0  0  0  0  0   0  0  0  0  0 12345
MatLUFactorNum         1 1.0 3.4900e-03 1.4 4.75e+05 1.1 0.0e+00 0.0e+00 0.0e+00  0  0  0  0  0   0  0  0  0  0  5185
MatILUFactorSym        1 1.0 2.8980e-03 3.1 0.00e+00 0.0 0.0e+00 0.0e+00 0.0e+00  0  0  0  0  0   0  0  0  0  0     0
MatAssemblyBegin      27 1.0 4.0049e-01 3.4 0.00e+00 0.0 3.8e+03 6.1e+03 0.0e+00  0  0  0  0  0   1  0  1  2  0     0
MatAssemblyEnd        27 1.0 4.3016e-02 1.2 0.00e+00 0.0 4.1e+03 2.7e+02 1.0e+02  0  0  0  0  0   0  0  1  0 11     0
MatGetRowIJ            1 1.0 1.1921e-06 0.0 0.00e+00 0.0 0.0e+00 0.0e+00 0.0e+00  0  0  0  0  0   0  0  0  0  0     0
MatGetOrdering         1 1.0 2.5010e-04 1.5 0.00e+00 0.0 0.0e+00 0.0e+00 0.0e+00  0  0  0  0  0   0  0  0  0  0     0
MatZeroEntries         1 1.0 6.5303e-04 3.5 0.00e+00 0.0 0.0e+00 0.0e+00 0.0e+00  0  0  0  0  0   0  0  0  0  0     0
PCSetUp                2 1.0 6.6769e-03 1.7 4.75e+05 1.1 0.0e+00 0.0e+00 0.0e+00  0  0  0  0  0   0  0  0  0  0  2710
PCSetUpOnBlocks        1 1.0 6.5610e-03 1.8 4.75e+05 1.1 0.0e+00 0.0e+00 0.0e+00  0  0  0  0  0   0  0  0  0  0  2758
PCApply               12 1.0 1.0563e-02 1.1 3.07e+06 1.0 0.0e+00 0.0e+00 0.0e+00  0  0  0  0  0   0  0  0  0  0 11495
KSPSetUp               2 1.0 5.0282e-04 1.7 0.00e+00 0.0 0.0e+00 0.0e+00 0.0e+00  0  0  0  0  0   0  0  0  0  0     0
KSPSolve               1 1.0 3.1711e-02 1.0 9.01e+06 1.0 2.5e+03 9.2e+02 3.4e+01  0  0  0  0  0   0  0  1  0  4 11220
SNESSolve              1 1.0 7.5711e-02 1.0 2.22e+07 1.0 3.1e+03 1.1e+03 3.4e+01  0  0  0  0  0   0  0  1  0  4 11659
SNESFunctionEval       1 1.0 2.0013e-02 1.2 6.47e+06 1.0 4.6e+02 1.5e+03 0.0e+00  0  0  0  0  0   0  0  0  0  0 12928
SNESJacobianEval       1 1.0 2.5135e-02 1.1 6.67e+06 1.0 1.7e+02 3.3e+03 0.0e+00  0  0  0  0  0   0  0  0  0  0 10607
Mesh Partition         4 1.0 4.4895e+00 1.0 0.00e+00 0.0 4.4e+04 1.5e+03 2.0e+01  1  0  0  0  0  13  0 10  7  2     0
Mesh Migration         4 1.0 8.5911e-01 1.0 0.00e+00 0.0 1.8e+04 1.9e+04 8.8e+01  0  0  0  1  0   2  0  4 36 10     0
DMPlexInterp           2 1.0 2.7406e+00 1.0 0.00e+00 0.0 0.0e+00 0.0e+00 8.0e+00  0  0  0  0  0   8  0  0  0  1     0
DMPlexDistribute       2 1.0 5.1286e+00 1.0 0.00e+00 0.0 2.2e+04 2.0e+04 4.0e+01  1  0  0  1  0  15  0  5 45  4     0
DMPlexDistCones        4 1.0 2.7412e-01 1.1 0.00e+00 0.0 4.3e+03 3.0e+04 0.0e+00  0  0  0  0  0   1  0  1 14  0     0
DMPlexDistLabels       4 1.0 3.7908e-01 1.0 0.00e+00 0.0 6.1e+03 1.9e+04 5.2e+01  0  0  0  0  0   1  0  1 12  6     0
DMPlexDistribOL        2 1.0 2.5886e-01 1.0 0.00e+00 0.0 4.1e+04 6.6e+02 6.8e+01  0  0  0  0  0   1  0  9  3  7     0
DMPlexDistField        6 1.0 8.0062e-02 1.1 0.00e+00 0.0 5.9e+03 9.8e+03 4.0e+00  0  0  0  0  0   0  0  1  6  0     0
DMPlexDistData         6 1.0 2.3267e+0023.5 0.00e+00 0.0 4.2e+04 1.0e+03 0.0e+00  0  0  0  0  0   6  0  9  4  0     0
DMPlexStratify         8 1.0 3.1425e+00 3.3 0.00e+00 0.0 0.0e+00 0.0e+00 8.0e+00  0  0  0  0  0   9  0  0  0  1     0
CreateMesh            10 1.0 6.0860e+00 1.0 0.00e+00 0.0 6.3e+04 7.4e+03 1.2e+02  1  0  0  1  0  17  0 14 48 13     0
Mesh: reorder          2 1.0 1.0915e-02 1.0 0.00e+00 0.0 0.0e+00 0.0e+00 4.0e+00  0  0  0  0  0   0  0  0  0  0     0
Mesh: numbering        2 1.0 6.6577e-02 1.0 0.00e+00 0.0 0.0e+00 0.0e+00 4.0e+00  0  0  0  0  0   0  0  0  0  0     0
CreateFunctionSpace      38 1.0 1.8825e-01 1.2 0.00e+00 0.0 4.8e+03 1.1e+03 0.0e+00  0  0  0  0  0   0  0  1  1  0     0
ParLoopExecute      2823 1.0 1.4121e+01 1.1 2.44e+10 1.0 3.7e+05 1.1e+03 1.6e+01  2 10  0  1  0  38100 81 42  2 69234
ParLoopCells        1630 1.0 8.3450e+00 1.1 2.44e+10 1.0 0.0e+00 0.0e+00 0.0e+00  1 10  0  0  0  23100  0  0  0 116987
ParLoopRednBegin    2823 1.0 9.1039e-01 1.2 0.00e+00 0.0 0.0e+00 0.0e+00 0.0e+00  0  0  0  0  0   2  0  0  0  0     0
ParLoopRednEnd      2823 1.0 3.0430e-02 1.1 0.00e+00 0.0 0.0e+00 0.0e+00 0.0e+00  0  0  0  0  0   0  0  0  0  0     0
CreateSparsity        12 1.0 1.0964e+00 1.1 0.00e+00 0.0 2.6e+03 4.7e+03 5.2e+01  0  0  0  0  0   3  0  1  1  6     0
MatZeroInitial        13 1.0 2.4227e-01 1.2 0.00e+00 0.0 0.0e+00 0.0e+00 0.0e+00  0  0  0  0  0   1  0  0  0  0     0
ParLoopset_6           2 1.0 1.5032e-03 1.9 0.00e+00 0.0 0.0e+00 0.0e+00 0.0e+00  0  0  0  0  0   0  0  0  0  0     0
ParLoopset_5           2 1.0 2.1219e-04 4.4 0.00e+00 0.0 0.0e+00 0.0e+00 0.0e+00  0  0  0  0  0   0  0  0  0  0     0
ParLoopset_13       2006 1.0 1.1313e-01 1.1 2.39e+07 1.0 0.0e+00 0.0e+00 0.0e+00  0  0  0  0  0   0  0  0  0  0  8342
ParLoopset_12       2006 1.0 6.8061e-02 1.2 1.18e+07 1.0 0.0e+00 0.0e+00 0.0e+00  0  0  0  0  0   0  0  0  0  0  6939

--- Event Stage 1: Warm up: DU Residuals

BuildTwoSided          2 1.0 5.7881e-03 1.3 0.00e+00 0.0 2.3e+02 4.0e+00 0.0e+00  0  0  0  0  0   1  0  3  0  0     0
BuildTwoSidedF         8 1.0 1.0320e-01 2.0 0.00e+00 0.0 3.4e+02 3.3e+03 0.0e+00  0  0  0  0  0   9  0  4  9  0     0
SFSetGraph             4 1.0 1.1396e-04 1.4 0.00e+00 0.0 0.0e+00 0.0e+00 0.0e+00  0  0  0  0  0   0  0  0  0  0     0
SFSetUp                2 1.0 7.4279e-03 1.6 0.00e+00 0.0 6.8e+02 5.1e+02 0.0e+00  0  0  0  0  0   1  0  8  3  0     0
SFBcastBegin          14 1.0 1.1034e-03 2.5 0.00e+00 0.0 3.2e+03 1.2e+03 0.0e+00  0  0  0  0  0   0  0 36 29  0     0
SFBcastEnd            14 1.0 3.6906e-02173.0 0.00e+00 0.0 0.0e+00 0.0e+00 0.0e+00  0  0  0  0  0   0  0  0  0  0     0
SFReduceBegin          8 1.0 1.8492e-0314.8 0.00e+00 0.0 1.8e+03 1.1e+03 0.0e+00  0  0  0  0  0   0  0 21 15  0     0
SFReduceEnd            8 1.0 9.1729e-02114.9 0.00e+00 0.0 0.0e+00 0.0e+00 0.0e+00  0  0  0  0  0   4  0  0  0  0     0
VecMDot               12 1.0 2.1768e-02 2.6 1.67e+06 1.0 0.0e+00 0.0e+00 1.2e+01  0  0  0  0  0   2  0  0  0 33  3035
VecNorm               16 1.0 4.4989e-02 3.6 5.96e+05 1.0 0.0e+00 0.0e+00 1.6e+01  0  0  0  0  0   3  0  0  0 44   524
VecScale              14 1.0 4.1819e-04 2.0 2.78e+05 1.0 0.0e+00 0.0e+00 0.0e+00  0  0  0  0  0   0  0  0  0  0 26328
VecCopy               20 1.0 1.2493e-03 1.5 0.00e+00 0.0 0.0e+00 0.0e+00 0.0e+00  0  0  0  0  0   0  0  0  0  0     0
VecSet                22 1.0 9.8252e-04 1.5 0.00e+00 0.0 0.0e+00 0.0e+00 0.0e+00  0  0  0  0  0   0  0  0  0  0     0
VecAXPY                6 1.0 3.3498e-04 1.4 1.98e+05 1.0 0.0e+00 0.0e+00 0.0e+00  0  0  0  0  0   0  0  0  0  0 23477
VecMAXPY              14 1.0 2.1009e-03 1.5 2.15e+06 1.0 0.0e+00 0.0e+00 0.0e+00  0  0  0  0  0   0  0  0  0  0 40427
VecScatterBegin       12 1.0 5.7054e-04 2.2 0.00e+00 0.0 2.7e+03 2.2e+03 0.0e+00  0  0  0  0  0   0  0 31 45  0     0
VecScatterEnd         12 1.0 1.8050e-0226.0 0.00e+00 0.0 0.0e+00 0.0e+00 0.0e+00  0  0  0  0  0   1  0  0  0  0     0
VecNormalize          14 1.0 4.3105e-02 3.9 8.35e+05 1.0 0.0e+00 0.0e+00 1.4e+01  0  0  0  0  0   3  0  0  0 39   766
MatMult               12 1.0 4.1789e-02 1.7 1.07e+07 1.0 2.7e+03 2.2e+03 0.0e+00  0  0  0  0  0   3  2 31 45  0 10162
MatSolve              16 1.0 2.7471e-02 1.3 1.25e+07 1.0 0.0e+00 0.0e+00 0.0e+00  0  0  0  0  0   3  2  0  0  0 17970
MatLUFactorNum         4 1.0 3.4404e-02 2.4 5.98e+06 1.2 0.0e+00 0.0e+00 0.0e+00  0  0  0  0  0   2  1  0  0  0  6381
MatILUFactorSym        4 1.0 1.4989e-02 1.7 0.00e+00 0.0 0.0e+00 0.0e+00 0.0e+00  0  0  0  0  0   1  0  0  0  0     0
MatAssemblyBegin       8 1.0 1.0349e-01 2.0 0.00e+00 0.0 3.4e+02 3.3e+03 0.0e+00  0  0  0  0  0   9  0  4  9  0     0
MatAssemblyEnd         8 1.0 8.3921e-03 1.6 0.00e+00 0.0 0.0e+00 0.0e+00 0.0e+00  0  0  0  0  0   1  0  0  0  0     0
MatGetRowIJ            4 1.0 8.1062e-06 0.0 0.00e+00 0.0 0.0e+00 0.0e+00 0.0e+00  0  0  0  0  0   0  0  0  0  0     0
MatGetOrdering         4 1.0 1.0068e-03 1.9 0.00e+00 0.0 0.0e+00 0.0e+00 0.0e+00  0  0  0  0  0   0  0  0  0  0     0
MatZeroEntries         4 1.0 3.3000e-03 2.4 0.00e+00 0.0 0.0e+00 0.0e+00 0.0e+00  0  0  0  0  0   0  0  0  0  0     0
PCSetUp                8 1.0 4.7781e-02 1.9 5.98e+06 1.2 0.0e+00 0.0e+00 0.0e+00  0  0  0  0  0   3  1  0  0  0  4595
PCSetUpOnBlocks        4 1.0 4.7107e-02 1.9 5.98e+06 1.2 0.0e+00 0.0e+00 0.0e+00  0  0  0  0  0   3  1  0  0  0  4661
PCApply               16 1.0 2.8815e-02 1.3 1.25e+07 1.0 0.0e+00 0.0e+00 0.0e+00  0  0  0  0  0   3  2  0  0  0 17132
KSPGMRESOrthog        12 1.0 2.3206e-02 2.4 3.34e+06 1.0 0.0e+00 0.0e+00 1.2e+01  0  0  0  0  0   2  0  0  0 33  5693
KSPSetUp               8 1.0 1.9138e-03 1.8 0.00e+00 0.0 0.0e+00 0.0e+00 0.0e+00  0  0  0  0  0   0  0  0  0  0     0
KSPSolve               4 1.0 1.4497e-01 1.1 3.40e+07 1.1 2.7e+03 2.2e+03 2.8e+01  0  0  0  0  0  15  5 31 45 78  9151
SNESSolve              4 1.0 9.4931e-01 1.0 7.08e+08 1.0 8.8e+03 1.5e+03 3.2e+01  0  0  0  0  0  99100100100 89 29646
SNESFunctionEval       4 1.0 3.3754e-01 1.2 3.22e+08 1.0 5.7e+03 1.1e+03 4.0e+00  0  0  0  0  0  32 46 65 46 11 37980
SNESJacobianEval       4 1.0 5.2925e-01 1.1 3.52e+08 1.0 3.4e+02 3.3e+03 0.0e+00  0  0  0  0  0  52 50  4  9  0 26438
ParLoopExecute        20 1.0 7.3482e-01 1.1 6.74e+08 1.0 5.7e+03 1.1e+03 4.0e+00  0  0  0  0  0  74 95 65 46 11 36488
ParLoopCells          16 1.0 2.7242e-01 1.6 3.71e+08 1.0 0.0e+00 0.0e+00 0.0e+00  0  0  0  0  0  21 53  0  0  0 54414
ParLoopRednBegin      20 1.0 5.5313e-04 1.5 0.00e+00 0.0 0.0e+00 0.0e+00 0.0e+00  0  0  0  0  0   0  0  0  0  0     0
ParLoopRednEnd        20 1.0 1.3518e-04 1.7 0.00e+00 0.0 0.0e+00 0.0e+00 0.0e+00  0  0  0  0  0   0  0  0  0  0     0
ParLoopset_6           2 1.0 1.4877e-04 1.9 0.00e+00 0.0 0.0e+00 0.0e+00 0.0e+00  0  0  0  0  0   0  0  0  0  0     0
ParLoopset_5           2 1.0 1.2059e-03 1.7 0.00e+00 0.0 0.0e+00 0.0e+00 0.0e+00  0  0  0  0  0   0  0  0  0  0     0
ParLoopIntFacets      16 1.0 3.3148e-01 1.3 3.03e+08 1.0 0.0e+00 0.0e+00 0.0e+00  0  0  0  0  0  30 43  0  0  0 36166
ParLoopset_13          2 1.0 1.2708e-04 1.5 0.00e+00 0.0 0.0e+00 0.0e+00 0.0e+00  0  0  0  0  0   0  0  0  0  0     0
ParLoopset_12          2 1.0 1.5926e-04 3.1 0.00e+00 0.0 0.0e+00 0.0e+00 0.0e+00  0  0  0  0  0   0  0  0  0  0     0

--- Event Stage 2: Warm up: Linear solve

BuildTwoSided         10 1.0 3.4180e-03 2.1 0.00e+00 0.0 8.4e+02 4.0e+00 0.0e+00  0  0  0  0  0   0  0  0  0  0     0
BuildTwoSidedF       104 1.0 7.8785e-02 1.6 0.00e+00 0.0 4.7e+03 1.2e+03 0.0e+00  0  0  0  0  0   1  0  1  2  0     0
SFSetGraph            10 1.0 6.9141e-06 0.0 0.00e+00 0.0 0.0e+00 0.0e+00 0.0e+00  0  0  0  0  0   0  0  0  0  0     0
SFSetUp               10 1.0 3.7534e-03 1.9 0.00e+00 0.0 2.5e+03 1.8e+02 0.0e+00  0  0  0  0  0   0  0  0  0  0     0
SFBcastBegin          60 1.0 7.1359e-04 1.4 0.00e+00 0.0 1.1e+04 4.0e+02 0.0e+00  0  0  0  0  0   0  0  2  2  0     0
SFBcastEnd            60 1.0 2.9171e-03 7.5 0.00e+00 0.0 0.0e+00 0.0e+00 0.0e+00  0  0  0  0  0   0  0  0  0  0     0
SFReduceBegin          4 1.0 2.1148e-04 3.3 0.00e+00 0.0 9.1e+02 1.1e+03 0.0e+00  0  0  0  0  0   0  0  0  0  0     0
SFReduceEnd            4 1.0 6.7604e-02334.4 0.00e+00 0.0 0.0e+00 0.0e+00 0.0e+00  0  0  0  0  0   0  0  0  0  0     0
VecMDot              198 1.0 3.7331e-02 1.4 7.65e+06 1.0 0.0e+00 0.0e+00 2.0e+02  0  0  0  0  0   1  1  0  0 11  8146
VecTDot              160 1.0 4.8470e-02 1.8 3.15e+06 1.0 0.0e+00 0.0e+00 1.6e+02  0  0  0  0  0   1  0  0  0  9  2596
VecNorm              316 1.0 1.3618e-01 1.8 3.77e+06 1.0 0.0e+00 0.0e+00 3.2e+02  0  0  0  0  0   2  1  0  0 17  1105
VecScale             908 1.0 1.1858e-02 1.7 7.71e+06 1.0 0.0e+00 0.0e+00 0.0e+00  0  0  0  0  0   0  1  0  0  0 25975
VecCopy              542 1.0 5.9988e-03 1.2 0.00e+00 0.0 0.0e+00 0.0e+00 0.0e+00  0  0  0  0  0   0  0  0  0  0     0
VecSet              6306 1.0 6.7639e-02 1.4 0.00e+00 0.0 0.0e+00 0.0e+00 0.0e+00  0  0  0  0  0   1  0  0  0  0     0
VecAXPY              200 1.0 8.5223e-03 1.4 4.11e+06 1.0 0.0e+00 0.0e+00 0.0e+00  0  0  0  0  0   0  1  0  0  0 19256
VecAYPX             3904 1.0 3.2938e-02 1.1 1.23e+07 1.0 0.0e+00 0.0e+00 0.0e+00  0  0  0  0  0   0  2  0  0  0 14901
VecAXPBYCZ          1920 1.0 2.1998e-02 1.2 2.22e+07 1.0 0.0e+00 0.0e+00 0.0e+00  0  0  0  0  0   0  3  0  0  0 40048
VecMAXPY             220 1.0 9.0532e-03 1.1 9.33e+06 1.0 0.0e+00 0.0e+00 0.0e+00  0  0  0  0  0   0  1  0  0  0 40948
VecAssemblyBegin      32 1.0 6.6233e-03 2.0 0.00e+00 0.0 0.0e+00 0.0e+00 0.0e+00  0  0  0  0  0   0  0  0  0  0     0
VecAssemblyEnd        32 1.0 7.4387e-05 1.6 0.00e+00 0.0 0.0e+00 0.0e+00 0.0e+00  0  0  0  0  0   0  0  0  0  0     0
VecPointwiseMult     110 1.0 1.2228e-03 1.3 2.54e+05 1.0 0.0e+00 0.0e+00 0.0e+00  0  0  0  0  0   0  0  0  0  0  8255
VecScatterBegin     5664 1.0 4.6658e-02 1.8 0.00e+00 0.0 6.8e+05 3.3e+02 0.0e+00  0  0  0  0  0   1  0 92 84  0     0
VecScatterEnd       5664 1.0 5.1506e-01 1.2 0.00e+00 0.0 0.0e+00 0.0e+00 0.0e+00  0  0  0  0  0   7  0  0  0  0     0
VecSetRandom          10 1.0 1.5271e-03 1.0 0.00e+00 0.0 0.0e+00 0.0e+00 0.0e+00  0  0  0  0  0   0  0  0  0  0     0
VecNormalize         220 1.0 2.7600e-02 1.9 2.83e+06 1.0 0.0e+00 0.0e+00 2.2e+02  0  0  0  0  0   0  0  0  0 12  4075
MatMult             3190 1.0 1.4554e+00 1.1 3.16e+08 1.0 5.5e+05 3.8e+02 1.2e+02  0  0  0  0  0  22 44 74 76  6  8559
MatMultAdd          1208 1.0 2.0871e-01 1.8 2.55e+07 1.0 7.2e+04 1.9e+02 0.0e+00  0  0  0  0  0   3  4 10  5  0  4865
MatMultTranspose     480 1.0 7.8880e-02 2.1 5.94e+06 1.0 6.5e+04 1.3e+02 0.0e+00  0  0  0  0  0   1  1  9  3  0  2964
MatSolve            3774 1.5 6.4780e-01 1.0 2.55e+08 1.0 0.0e+00 0.0e+00 0.0e+00  0  0  0  0  0  10 36  0  0  0 15590
MatLUFactorSym         2 1.0 2.4796e-05 1.7 0.00e+00 0.0 0.0e+00 0.0e+00 0.0e+00  0  0  0  0  0   0  0  0  0  0     0
MatLUFactorNum        14 1.0 9.5277e-03 1.4 1.44e+06 1.1 0.0e+00 0.0e+00 0.0e+00  0  0  0  0  0   0  0  0  0  0  5785
MatILUFactorSym       12 1.0 6.0763e-03 1.6 0.00e+00 0.0 0.0e+00 0.0e+00 0.0e+00  0  0  0  0  0   0  0  0  0  0     0
MatConvert            12 1.0 5.9469e-03 1.2 0.00e+00 0.0 0.0e+00 0.0e+00 0.0e+00  0  0  0  0  0   0  0  0  0  0     0
MatScale              34 1.0 8.3065e-03 4.9 5.92e+05 1.0 1.7e+03 3.6e+02 0.0e+00  0  0  0  0  0   0  0  0  0  0  2801
MatResidual          480 1.0 2.0739e-01 1.2 4.51e+07 1.0 8.1e+04 3.6e+02 0.0e+00  0  0  0  0  0   3  6 11 11  0  8577
MatAssemblyBegin     214 1.0 7.6668e-02 1.7 0.00e+00 0.0 4.7e+03 1.2e+03 0.0e+00  0  0  0  0  0   1  0  1  2  0     0
MatAssemblyEnd       214 1.0 7.1716e-02 1.3 0.00e+00 0.0 1.7e+04 7.1e+01 4.3e+02  0  0  0  0  0   1  0  2  0 23     0
MatGetRow         108554 1.0 2.2169e-02 1.3 0.00e+00 0.0 0.0e+00 0.0e+00 0.0e+00  0  0  0  0  0   0  0  0  0  0     0
MatGetRowIJ           14 1.8 1.8120e-05 0.0 0.00e+00 0.0 0.0e+00 0.0e+00 0.0e+00  0  0  0  0  0   0  0  0  0  0     0
MatCreateSubMat       16 1.0 1.2191e-02 1.0 0.00e+00 0.0 2.1e+03 4.0e+02 1.4e+02  0  0  0  0  0   0  0  0  0  7     0
MatGetOrdering        14 1.8 3.7732e-03 5.5 0.00e+00 0.0 0.0e+00 0.0e+00 0.0e+00  0  0  0  0  0   0  0  0  0  0     0
MatCoarsen            10 1.0 9.9468e-03 1.2 0.00e+00 0.0 1.2e+04 2.5e+02 3.2e+01  0  0  0  0  0   0  0  2  1  2     0
MatZeroEntries        12 1.0 3.4518e-03 4.5 0.00e+00 0.0 0.0e+00 0.0e+00 0.0e+00  0  0  0  0  0   0  0  0  0  0     0
MatAXPY               12 1.0 7.0769e-02 1.1 0.00e+00 0.0 9.1e+02 1.5e+02 2.0e+01  0  0  0  0  0   1  0  0  0  1     0
MatMatMult            12 1.0 1.7359e-01 1.0 6.05e+05 1.0 1.2e+04 2.4e+02 1.5e+02  0  0  0  0  0   3  0  2  1  8   138
MatMatMultSym         12 1.0 1.6308e-01 1.0 0.00e+00 0.0 1.0e+04 1.9e+02 1.4e+02  0  0  0  0  0   3  0  1  1  8     0
MatMatMultNum         12 1.0 1.1520e-02 1.3 6.05e+05 1.0 1.9e+03 4.7e+02 0.0e+00  0  0  0  0  0   0  0  0  0  0  2075
MatPtAP               10 1.0 5.5923e-02 1.0 1.93e+06 1.1 1.7e+04 5.2e+02 1.5e+02  0  0  0  0  0   1  0  2  3  8  1314
MatPtAPSymbolic       10 1.0 3.7789e-02 1.0 0.00e+00 0.0 1.0e+04 4.9e+02 7.0e+01  0  0  0  0  0   1  0  1  2  4     0
MatPtAPNumeric        10 1.0 1.9060e-02 1.1 1.93e+06 1.1 6.8e+03 5.7e+02 8.0e+01  0  0  0  0  0   0  0  1  1  4  3856
MatTrnMatMult          2 1.0 6.7635e-02 1.0 9.93e+05 1.0 2.7e+03 9.8e+02 3.2e+01  0  0  0  0  0   1  0  0  1  2   587
MatTrnMatMultSym       2 1.0 4.6891e-02 1.1 0.00e+00 0.0 2.3e+03 5.6e+02 3.2e+01  0  0  0  0  0   1  0  0  0  2     0
MatTrnMatMultNum       2 1.0 2.1668e-02 1.1 9.93e+05 1.0 4.6e+02 3.1e+03 0.0e+00  0  0  0  0  0   0  0  0  1  0  1831
MatGetLocalMat        38 1.0 1.0448e-02 1.1 0.00e+00 0.0 0.0e+00 0.0e+00 0.0e+00  0  0  0  0  0   0  0  0  0  0     0
MatGetBrAoCol         34 1.0 8.2395e-03 2.1 0.00e+00 0.0 1.3e+04 5.0e+02 0.0e+00  0  0  0  0  0   0  0  2  2  0     0
PCGAMGGraph_AGG       10 1.0 7.0518e-02 1.0 2.90e+05 1.1 5.1e+03 1.8e+02 1.2e+02  0  0  0  0  0   1  0  1  0  6   160
PCGAMGCoarse_AGG      10 1.0 8.8686e-02 1.0 9.93e+05 1.0 1.7e+04 4.8e+02 7.2e+01  0  0  0  0  0   1  0  2  3  4   447
PCGAMGProl_AGG        10 1.0 2.5578e-02 1.0 0.00e+00 0.0 6.8e+03 3.0e+02 1.6e+02  0  0  0  0  0   0  0  1  1  9     0
PCGAMGPOpt_AGG        10 1.0 7.0870e-02 1.0 9.69e+06 1.0 2.7e+04 3.0e+02 4.1e+02  0  0  0  0  0   1  1  4  3 22  5399
GAMG: createProl      10 1.0 2.5528e-01 1.0 1.10e+07 1.0 5.6e+04 3.4e+02 7.6e+02  0  0  0  0  1   4  2  8  7 41  1699
  Graph               20 1.0 7.0153e-02 1.0 2.90e+05 1.1 5.1e+03 1.8e+02 1.2e+02  0  0  0  0  0   1  0  1  0  6   161
  MIS/Agg             10 1.0 1.0088e-02 1.2 0.00e+00 0.0 1.2e+04 2.5e+02 3.2e+01  0  0  0  0  0   0  0  2  1  2     0
  SA: col data        10 1.0 9.0261e-03 1.3 0.00e+00 0.0 3.4e+03 5.3e+02 4.0e+01  0  0  0  0  0   0  0  0  1  2     0
  SA: frmProl0        10 1.0 1.5780e-02 1.2 0.00e+00 0.0 3.5e+03 8.8e+01 8.0e+01  0  0  0  0  0   0  0  0  0  4     0
  SA: smooth          10 1.0 4.2684e-02 1.0 4.14e+05 1.0 1.0e+04 1.9e+02 1.4e+02  0  0  0  0  0   1  0  1  1  7   379
GAMG: partLevel       10 1.0 6.7799e-02 1.0 1.93e+06 1.1 1.9e+04 5.0e+02 3.5e+02  0  0  0  0  0   1  0  3  4 19  1084
  repartition          4 1.0 6.4492e-04 1.1 0.00e+00 0.0 0.0e+00 0.0e+00 2.4e+01  0  0  0  0  0   0  0  0  0  1     0
  Invert-Sort          4 1.0 1.0750e-03 1.2 0.00e+00 0.0 0.0e+00 0.0e+00 1.6e+01  0  0  0  0  0   0  0  0  0  1     0
  Move A               4 1.0 5.1546e-03 1.1 0.00e+00 0.0 1.2e+03 6.9e+02 6.8e+01  0  0  0  0  0   0  0  0  0  4     0
  Move P               4 1.0 4.4708e-03 1.1 0.00e+00 0.0 9.0e+02 2.3e+01 6.8e+01  0  0  0  0  0   0  0  0  0  4     0
PCSetUp               20 1.0 5.8576e-01 1.0 1.48e+07 1.0 7.8e+04 6.2e+02 1.3e+03  0  0  0  0  1   9  2 11 18 69   993
PCSetUpOnBlocks     1770 1.0 1.9763e-02 1.5 1.44e+06 1.1 0.0e+00 0.0e+00 0.0e+00  0  0  0  0  0   0  0  0  0  0  2789
PCApply               16 1.0 2.8108e+00 1.0 4.64e+08 1.0 7.3e+05 3.3e+02 1.6e+03  0  0  0  0  1  44 65 98 89 86  6526
KSPSolve_FS_0         16 1.0 1.4697e-02 1.1 4.09e+06 1.0 0.0e+00 0.0e+00 0.0e+00  0  0  0  0  0   0  1  0  0  0 11016
KSPSolve_FS_Schu      16 1.0 2.7638e+00 1.0 4.52e+08 1.0 7.2e+05 3.3e+02 1.6e+03  0  0  0  0  1  43 63 98 88 86  6466
KSPSolve_FS_Low       16 1.0 2.3522e-02 1.2 5.04e+06 1.0 0.0e+00 0.0e+00 0.0e+00  0  0  0  0  0   0  1  0  0  0  8421
KSPGMRESOrthog       198 1.0 4.4259e-02 1.3 1.53e+07 1.0 0.0e+00 0.0e+00 2.0e+02  0  0  0  0  0   1  2  0  0 11 13742
KSPSetUp              52 1.0 8.1177e-03 1.7 0.00e+00 0.0 0.0e+00 0.0e+00 2.0e+01  0  0  0  0  0   0  0  0  0  1     0
KSPSolve               2 1.0 3.0893e+00 1.0 4.80e+08 1.0 7.4e+05 3.6e+02 1.9e+03  0  0  0  0  1  48 67100 98100  6142
SNESSolve              2 1.0 6.3699e+00 1.0 7.12e+08 1.0 7.4e+05 3.6e+02 1.9e+03  1  0  0  0  1 100100100100100  4434
SNESFunctionEval       2 1.0 1.5780e-01 1.2 1.22e+08 1.0 2.7e+03 1.1e+03 0.0e+00  0  0  0  0  0   2 17  0  1  0 30839
SNESJacobianEval       2 1.0 3.1474e+00 1.0 1.10e+08 1.0 6.8e+02 2.1e+03 0.0e+00  0  0  0  0  0  49 16  0  1  0  1397
ParLoopExecute        16 1.0 3.2649e+00 1.0 2.32e+08 1.0 2.7e+03 1.1e+03 0.0e+00  0  0  0  0  0  51 33  0  1  0  2837
ParLoopCells          24 1.0 2.5157e-01 1.3 2.32e+08 1.0 0.0e+00 0.0e+00 0.0e+00  0  0  0  0  0   3 33  0  0  0 36822
ParLoopRednBegin      16 1.0 3.9697e-04 1.5 0.00e+00 0.0 0.0e+00 0.0e+00 0.0e+00  0  0  0  0  0   0  0  0  0  0     0
ParLoopRednEnd        16 1.0 7.9632e-05 1.3 0.00e+00 0.0 0.0e+00 0.0e+00 0.0e+00  0  0  0  0  0   0  0  0  0  0     0
ParLoopset_6           2 1.0 1.7214e-04 2.7 0.00e+00 0.0 0.0e+00 0.0e+00 0.0e+00  0  0  0  0  0   0  0  0  0  0     0
ParLoopset_5           2 1.0 6.3181e-05 2.0 0.00e+00 0.0 0.0e+00 0.0e+00 0.0e+00  0  0  0  0  0   0  0  0  0  0     0
ParLoopset_13          2 1.0 2.9206e-04 4.1 0.00e+00 0.0 0.0e+00 0.0e+00 0.0e+00  0  0  0  0  0   0  0  0  0  0     0
ParLoopset_12          2 1.0 8.1301e-05 2.0 0.00e+00 0.0 0.0e+00 0.0e+00 0.0e+00  0  0  0  0  0   0  0  0  0  0     0

--- Event Stage 3: Warm up

ParLoopExecute         2 1.0 1.0350e-03 2.3 0.00e+00 0.0 0.0e+00 0.0e+00 0.0e+00  0  0  0  0  0  31  0  0  0  0     0
ParLoopRednBegin       2 1.0 2.8133e-05 1.4 0.00e+00 0.0 0.0e+00 0.0e+00 0.0e+00  0  0  0  0  0   1  0  0  0  0     0
ParLoopRednEnd         2 1.0 8.1062e-06 1.7 0.00e+00 0.0 0.0e+00 0.0e+00 0.0e+00  0  0  0  0  0   0  0  0  0  0     0
ParLoopset_13          2 1.0 5.6291e-04 5.4 0.00e+00 0.0 0.0e+00 0.0e+00 0.0e+00  0  0  0  0  0  10  0  0  0  0     0
ParLoopset_12          2 1.0 1.4997e-04 3.3 0.00e+00 0.0 0.0e+00 0.0e+00 0.0e+00  0  0  0  0  0   4  0  0  0  0     0

--- Event Stage 4: DU Residuals

SFBcastBegin        1800 1.0 7.5655e-02 2.1 0.00e+00 0.0 4.1e+05 1.1e+03 0.0e+00  0  0  0  1  0   0  0 24 16  0     0
SFBcastEnd          1800 1.0 1.0430e+00 5.9 0.00e+00 0.0 0.0e+00 0.0e+00 0.0e+00  0  0  0  0  0   1  0  0  0  0     0
SFReduceBegin       1600 1.0 2.5995e-01 9.4 0.00e+00 0.0 3.6e+05 1.1e+03 0.0e+00  0  0  0  1  0   0  0 21 14  0     0
SFReduceEnd         1600 1.0 5.3982e+00 1.6 0.00e+00 0.0 0.0e+00 0.0e+00 0.0e+00  0  0  0  0  0   7  0  0  0  0     0
VecMDot             3858 1.0 7.4351e+00 1.3 8.19e+08 1.0 0.0e+00 0.0e+00 3.9e+03  1  0  0  0  3  10  1  0  0 40  4358
VecTDot              800 1.0 2.3242e-01 1.4 1.57e+07 1.0 0.0e+00 0.0e+00 8.0e+02  0  0  0  0  1   0  0  0  0  8  2707
VecNorm             5058 1.0 6.7280e+00 1.4 1.85e+08 1.0 0.0e+00 0.0e+00 5.1e+03  1  0  0  0  4  10  0  0  0 52  1089
VecScale            4258 1.0 7.7701e-02 1.1 8.47e+07 1.0 0.0e+00 0.0e+00 0.0e+00  0  0  0  0  0   0  0  0  0  0 43096
VecCopy             3600 1.0 1.7896e-01 1.5 0.00e+00 0.0 0.0e+00 0.0e+00 0.0e+00  0  0  0  0  0   0  0  0  0  0     0
VecSet              6258 1.0 5.8122e-01 2.8 0.00e+00 0.0 0.0e+00 0.0e+00 0.0e+00  0  0  0  0  0   1  0  0  0  0     0
VecAXPY             2000 1.0 8.1961e-02 1.2 5.54e+07 1.0 0.0e+00 0.0e+00 0.0e+00  0  0  0  0  0   0  0  0  0  0 26867
VecMAXPY            4258 1.0 9.9678e-01 1.1 9.73e+08 1.0 0.0e+00 0.0e+00 0.0e+00  0  0  0  0  0   2  1  0  0  0 38592
VecScatterBegin     4258 1.0 4.1087e-01 4.8 0.00e+00 0.0 9.7e+05 2.0e+03 0.0e+00  0  0  1  3  0   0  0 56 70  0     0
VecScatterEnd       4258 1.0 1.7593e+00 4.1 0.00e+00 0.0 0.0e+00 0.0e+00 0.0e+00  0  0  0  0  0   2  0  0  0  0     0
VecNormalize        4258 1.0 4.7840e+00 1.4 2.54e+08 1.0 0.0e+00 0.0e+00 4.3e+03  0  0  0  0  3   7  0  0  0 44  2100
MatMult             4258 1.0 1.0880e+01 1.2 3.49e+09 1.0 9.7e+05 2.0e+03 0.0e+00  1  1  1  3  0  16  5 56 70  0 12679
MatSolve            5058 1.0 8.7838e+00 1.1 3.81e+09 1.0 0.0e+00 0.0e+00 0.0e+00  1  1  0  0  0  14  5  0  0  0 17170
PCSetUpOnBlocks      800 1.0 4.4007e-03 4.1 0.00e+00 0.0 0.0e+00 0.0e+00 0.0e+00  0  0  0  0  0   0  0  0  0  0     0
PCApply             5058 1.0 9.2445e+00 1.1 3.81e+09 1.0 0.0e+00 0.0e+00 0.0e+00  1  1  0  0  0  15  5  0  0  0 16314
KSPGMRESOrthog      3858 1.0 8.1960e+00 1.3 1.64e+09 1.0 0.0e+00 0.0e+00 3.9e+03  1  1  0  0  3  11  2  0  0 40  7906
KSPSetUp             800 1.0 4.3178e-04 1.5 0.00e+00 0.0 0.0e+00 0.0e+00 0.0e+00  0  0  0  0  0   0  0  0  0  0     0
KSPSolve             800 1.0 3.3311e+01 1.1 9.41e+09 1.0 9.7e+05 2.0e+03 9.7e+03  4  4  1  3  7  53 13 56 70100 11173
SNESSolve            800 1.0 6.1087e+01 1.0 7.38e+10 1.0 1.7e+06 1.6e+03 9.7e+03  7 29  1  4  7  99100100100100 48080
SNESFunctionEval     800 1.0 2.9386e+01 1.1 6.44e+10 1.0 7.8e+05 1.1e+03 0.0e+00  3 25  0  1  0  46 87 44 30  0 87250
SNESJacobianEval     800 1.0 3.6574e-02 1.5 0.00e+00 0.0 0.0e+00 0.0e+00 0.0e+00  0  0  0  0  0   0  0  0  0  0     0
ParLoopExecute      2400 1.0 2.9208e+01 1.1 6.44e+10 1.0 7.8e+05 1.1e+03 0.0e+00  3 25  0  1  0  46 87 44 30  0 87781
ParLoopCells        1600 1.0 1.0764e+01 1.0 3.69e+10 1.0 0.0e+00 0.0e+00 0.0e+00  1 14  0  0  0  17 50  0  0  0 136935
ParLoopRednBegin    2400 1.0 1.1264e-02 1.7 0.00e+00 0.0 0.0e+00 0.0e+00 0.0e+00  0  0  0  0  0   0  0  0  0  0     0
ParLoopRednEnd      2400 1.0 1.1065e-02 1.1 0.00e+00 0.0 0.0e+00 0.0e+00 0.0e+00  0  0  0  0  0   0  0  0  0  0     0
ParLoopIntFacets    1600 1.0 1.2740e+01 1.1 2.76e+10 1.0 0.0e+00 0.0e+00 0.0e+00  1 11  0  0  0  20 37  0  0  0 85554
ParLoopset_13        800 1.0 7.1850e-02 2.3 0.00e+00 0.0 0.0e+00 0.0e+00 0.0e+00  0  0  0  0  0   0  0  0  0  0     0
ParLoopset_12        800 1.0 3.3309e-02 1.8 0.00e+00 0.0 0.0e+00 0.0e+00 0.0e+00  0  0  0  0  0   0  0  0  0  0     0

--- Event Stage 5: Linear solve

SFBcastBegin        1600 1.0 6.5886e-02 2.1 0.00e+00 0.0 3.6e+05 1.1e+03 0.0e+00  0  0  0  1  0   0  0  0  1  0     0
SFBcastEnd          1600 1.0 3.8705e-01 7.9 0.00e+00 0.0 0.0e+00 0.0e+00 0.0e+00  0  0  0  0  0   0  0  0  0  0     0
SFReduceBegin        800 1.0 3.3041e-02 2.4 0.00e+00 0.0 1.8e+05 1.1e+03 0.0e+00  0  0  0  0  0   0  0  0  0  0     0
SFReduceEnd          800 1.0 1.5730e+00 1.5 0.00e+00 0.0 0.0e+00 0.0e+00 0.0e+00  0  0  0  0  0   0  0  0  0  0     0
VecMDot             4307 1.0 8.5357e+00 1.3 1.51e+09 1.0 0.0e+00 0.0e+00 4.3e+03  1  1  0  0  3   1  1  0  0  4  7029
VecTDot            47070 1.0 1.5137e+01 1.4 9.25e+08 1.0 0.0e+00 0.0e+00 4.7e+04  2  0  0  0 36   2  1  0  0 40  2445
VecNorm            32949 1.0 4.2919e+01 1.9 8.35e+08 1.0 0.0e+00 0.0e+00 3.3e+04  3  0  0  0 25   4  1  0  0 28   776
VecScale          202401 1.0 2.3141e+00 1.3 2.08e+09 1.0 0.0e+00 0.0e+00 0.0e+00  0  1  0  0  0   0  1  0  0  0 35991
VecCopy           152224 1.0 1.3396e+00 1.1 0.00e+00 0.0 0.0e+00 0.0e+00 0.0e+00  0  0  0  0  0   0  0  0  0  0     0
VecSet           1774539 1.0 1.6254e+01 1.1 0.00e+00 0.0 0.0e+00 0.0e+00 0.0e+00  2  0  0  0  0   2  0  0  0  0     0
VecAXPY            52577 1.0 1.8967e+00 1.1 1.16e+09 1.0 0.0e+00 0.0e+00 0.0e+00  0  0  0  0  0   0  1  0  0  0 24415
VecAYPX          1148508 1.0 9.2866e+00 1.1 3.63e+09 1.0 0.0e+00 0.0e+00 0.0e+00  1  1  0  0  0   1  2  0  0  0 15549
VecAXPBYCZ        564840 1.0 6.3114e+00 1.1 6.52e+09 1.0 0.0e+00 0.0e+00 0.0e+00  1  3  0  0  0   1  4  0  0  0 41064
VecMAXPY            4707 1.0 2.4200e+00 1.1 1.77e+09 1.0 0.0e+00 0.0e+00 0.0e+00  0  1  0  0  0   0  1  0  0  0 28991
VecScatterBegin  1587859 1.0 1.3448e+01 1.7 0.00e+00 0.0 1.9e+08 3.3e+02 0.0e+00  1  0 98 93  0   1  0100 99  0     0
VecScatterEnd    1587859 1.0 1.9913e+02 1.2 0.00e+00 0.0 0.0e+00 0.0e+00 0.0e+00 21  0  0  0  0  24  0  0  0  0     0
VecNormalize        4707 1.0 2.1054e+00 1.2 4.20e+08 1.0 0.0e+00 0.0e+00 4.7e+03  0  0  0  0  4   0  0  0  0  4  7912
MatMult           884516 1.0 4.5348e+02 1.1 8.99e+10 1.0 1.5e+08 3.8e+02 3.4e+04 49 35 78 85 26  55 57 80 91 29  7829
MatMultAdd        351425 1.0 7.5312e+01 2.0 7.50e+09 1.0 2.1e+07 1.9e+02 0.0e+00  7  3 11  6  0   8  5 11  7  0  3963
MatMultTranspose  141210 1.0 2.9905e+01 2.4 1.75e+09 1.0 1.9e+07 1.3e+02 0.0e+00  3  1 10  4  0   3  1 10  4  0  2300
MatSolve         1077903 1.5 1.8675e+02 1.1 7.31e+10 1.0 0.0e+00 0.0e+00 0.0e+00 20 28  0  0  0  23 46  0  0  0 15503
MatResidual       141210 1.0 6.5095e+01 1.1 1.33e+10 1.0 2.4e+07 3.6e+02 0.0e+00  7  5 12 13  0   8  8 13 14  0  8039
PCSetUpOnBlocks   513063 1.0 5.5353e-01 1.4 0.00e+00 0.0 0.0e+00 0.0e+00 0.0e+00  0  0  0  0  0   0  0  0  0  0     0
PCApply             4707 1.0 7.4118e+02 1.0 1.28e+11 1.0 1.9e+08 3.2e+02 7.5e+04 84 49 97 91 57  96 81 99 97 63  6829
KSPSolve_FS_0       4707 1.0 4.2280e+00 1.1 1.20e+09 1.0 0.0e+00 0.0e+00 0.0e+00  0  0  0  0  0   1  1  0  0  0 11265
KSPSolve_FS_Schu    4707 1.0 7.2853e+02 1.0 1.25e+11 1.0 1.9e+08 3.2e+02 7.5e+04 83 48 97 90 57  94 79 98 96 63  6771
KSPSolve_FS_Low     4707 1.0 3.9370e+00 1.1 1.20e+09 1.0 0.0e+00 0.0e+00 0.0e+00  0  0  0  0  0   0  1  0  0  0 12098
KSPGMRESOrthog      4307 1.0 1.0475e+01 1.3 3.02e+09 1.0 0.0e+00 0.0e+00 4.3e+03  1  1  0  0  3   1  2  0  0  4 11455
KSPSetUp             400 1.0 2.4366e-04 1.6 0.00e+00 0.0 0.0e+00 0.0e+00 0.0e+00  0  0  0  0  0   0  0  0  0  0     0
KSPSolve             400 1.0 7.6349e+02 1.0 1.34e+11 1.0 1.9e+08 3.3e+02 1.2e+05 87 52 98 93 90  99 84100 99100  6925
SNESSolve            400 1.0 7.7339e+02 1.0 1.58e+11 1.0 1.9e+08 3.3e+02 1.2e+05 88 61 98 94 90 100100100100100  8096
SNESFunctionEval     400 1.0 1.0227e+01 1.1 2.43e+10 1.0 5.5e+05 1.1e+03 0.0e+00  1 10  0  1  0   1 16  0  1  0 95173
SNESJacobianEval     400 1.0 1.5912e-02 1.3 0.00e+00 0.0 0.0e+00 0.0e+00 0.0e+00  0  0  0  0  0   0  0  0  0  0     0
ParLoopExecute      1600 1.0 1.0003e+01 1.1 2.43e+10 1.0 5.5e+05 1.1e+03 0.0e+00  1 10  0  1  0   1 16  0  1  0 97300
ParLoopCells        1600 1.0 7.9972e+00 1.0 2.43e+10 1.0 0.0e+00 0.0e+00 0.0e+00  1 10  0  0  0   1 16  0  0  0 121703
ParLoopRednBegin    1600 1.0 1.3763e-02 3.3 0.00e+00 0.0 0.0e+00 0.0e+00 0.0e+00  0  0  0  0  0   0  0  0  0  0     0
ParLoopRednEnd      1600 1.0 7.1023e-03 1.2 0.00e+00 0.0 0.0e+00 0.0e+00 0.0e+00  0  0  0  0  0   0  0  0  0  0     0
ParLoopset_13        800 1.0 5.6414e-02 1.7 0.00e+00 0.0 0.0e+00 0.0e+00 0.0e+00  0  0  0  0  0   0  0  0  0  0     0
ParLoopset_12        800 1.0 3.5901e-02 2.5 0.00e+00 0.0 0.0e+00 0.0e+00 0.0e+00  0  0  0  0  0   0  0  0  0  0     0
------------------------------------------------------------------------------------------------------------------------

Memory usage is given in bytes:

Object Type          Creations   Destructions     Memory  Descendants' Mem.
Reports information only for process 0.

--- Event Stage 0: Main Stage

              Viewer     1              0            0     0.
           Index Set   525            593     56457824     0.
   IS L to G Mapping    16             16      6175672     0.
             Section   118            118        84016     0.
   Star Forest Graph   150            152       128640     0.
              Vector    81            448     45228040     0.
         Vec Scatter    25             51      1937576     0.
              Matrix    62            210     53363244     0.
      Preconditioner     8             44        45136     0.
       Krylov Solver     8             54       480024     0.
     DMKSP interface     0              6         3984     0.
                SNES     7              7         9632     0.
      SNESLineSearch     7              7         7000     0.
              DMSNES     6              6         4080     0.
    Distributed Mesh    40             40       191824     0.
    GraphPartitioner     8              8         4960     0.
     Discrete System    40             40        37120     0.

--- Event Stage 1: Warm up: DU Residuals

           Index Set    12              0            0     0.
   Star Forest Graph     2              0            0     0.
              Vector    52              0            0     0.
              Matrix     4              0            0     0.
      Preconditioner     4              0            0     0.
       Krylov Solver     4              0            0     0.
     DMKSP interface     4              0            0     0.

--- Event Stage 2: Warm up: Linear solve

         PetscRandom    20             20        13080     0.
           Index Set   218            162       411624     0.
   Star Forest Graph    10             10         8800     0.
              Vector   734            418      6310656     0.
         Vec Scatter    74             48        61360     0.
              Matrix   322            178     17321152     0.
      Matrix Coarsen    10             10         6440     0.
      Preconditioner    44             12        10432     0.
       Krylov Solver    54             12       305296     0.
     DMKSP interface     2              0            0     0.

--- Event Stage 3: Warm up


--- Event Stage 4: DU Residuals

              Vector     0              1       157104     0.

--- Event Stage 5: Linear solve

              Vector 17228          17228     28667392     0.
========================================================================================================================
Average time to get PetscTime(): 9.53674e-08
Average time for MPI_Barrier(): 0.000190401
Average time for zero size MPI_Send(): 1.72973e-05
#PETSc Option Table entries:
--dt 28.125
--method RTCF
--model_degree 1
--nsteps 100
--profile
--refinements 8
-log_view
#End of PETSc Option Table entries
Compiled without FORTRAN kernels
Compiled with full precision matrices (default)
sizeof(short) 2 sizeof(int) 4 sizeof(long) 8 sizeof(void*) 8 sizeof(PetscScalar) 8 sizeof(PetscInt) 4
Configure options: --prefix=/home/scratch/tg2115/src/firedrake/lib/python3.5/site-packages/petsc PETSC_ARCH=arch-python-linux-x86_64 --with-shared-libraries=1 --with-debugging=0 --with-c2html=0 --with-cc=mpicc --with-cxx=mpicxx --with-fc=mpif90 --download-eigen=/home/scratch/tg2115/src/firedrake/src/eigen-3.3.3.tgz --with-fortran-bindings=0 --download-chaco --download-metis --download-parmetis --download-scalapack --download-hypre --download-mumps --download-netcdf --download-hdf5 --download-pnetcdf --download-exodusii
-----------------------------------------
Libraries compiled on 2018-04-17 14:37:37 on mpe2 
Machine characteristics: Linux-4.4.0-116-generic-x86_64-with-Ubuntu-16.04-xenial
Using PETSc directory: /home/scratch/tg2115/src/firedrake/lib/python3.5/site-packages/petsc
Using PETSc arch: 
-----------------------------------------

Using C compiler: mpicc  -fPIC  -Wall -Wwrite-strings -Wno-strict-aliasing -Wno-unknown-pragmas -fstack-protector -fvisibility=hidden -g -O  
Using Fortran compiler: mpif90  -fPIC -Wall -ffree-line-length-0 -Wno-unused-dummy-argument -g -O    
-----------------------------------------

Using include paths: -I/home/scratch/tg2115/src/firedrake/lib/python3.5/site-packages/petsc/include -I/home/scratch/tg2115/src/firedrake/lib/python3.5/site-packages/petsc//include -I/home/scratch/tg2115/src/firedrake/lib/python3.5/site-packages/petsc/include -I/home/scratch/tg2115/src/firedrake/lib/python3.5/site-packages/petsc/include/eigen3
-----------------------------------------

Using C linker: mpicc
Using Fortran linker: mpif90
Using libraries: -Wl,-rpath,/home/scratch/tg2115/src/firedrake/lib/python3.5/site-packages/petsc/lib -L/home/scratch/tg2115/src/firedrake/lib/python3.5/site-packages/petsc/lib -lpetsc -Wl,-rpath,/home/scratch/tg2115/src/firedrake/lib/python3.5/site-packages/petsc/lib -L/home/scratch/tg2115/src/firedrake/lib/python3.5/site-packages/petsc/lib -Wl,-rpath,/usr/lib/openmpi/lib -L/usr/lib/openmpi/lib -Wl,-rpath,/usr/lib/gcc/x86_64-linux-gnu/5 -L/usr/lib/gcc/x86_64-linux-gnu/5 -Wl,-rpath,/usr/lib/x86_64-linux-gnu -L/usr/lib/x86_64-linux-gnu -Wl,-rpath,/lib/x86_64-linux-gnu -L/lib/x86_64-linux-gnu -lcmumps -ldmumps -lsmumps -lzmumps -lmumps_common -lpord -lscalapack -lHYPRE -llapack -lblas -lexodus -lnetcdf -lpnetcdf -lchaco -lhdf5hl_fortran -lhdf5_fortran -lhdf5_hl -lhdf5 -lparmetis -lmetis -lm -lX11 -lstdc++ -ldl -lmpi_usempif08 -lmpi_usempi_ignore_tkr -lmpi_mpifh -lmpi -lgfortran -lm -lgfortran -lm -lgcc_s -lquadmath -lpthread -lstdc++ -ldl
-----------------------------------------

