
Running cold initialization for the problem set:

method: RTCF,

model degree: 2,

hybridization: False,



Dt = 28.125,

Courant number (approximate): 0.19102480648252287,

Dx (min): 33.420953508953176 km,

Dx (max): 37.78298670469867 km.

Warm up with one-step.

Warm up done. Profiling run for 100 steps.


Running Williamson 5 test with parameters:

method: RTCF,

model degree: 2,

refinements: 8,

hybridization: False,

tmax: 2812.5

Simulation complete.

************************************************************************************************************************
***             WIDEN YOUR WINDOW TO 120 CHARACTERS.  Use 'enscript -r -fCourier9' to print this document            ***
************************************************************************************************************************

---------------------------------------------- PETSc Performance Summary: ----------------------------------------------

swe_williamson5.py on a  named mpe2 with 40 processors, by tg2115 Fri May  4 15:17:35 2018
Using Petsc Development GIT revision: v3.4.2-20859-g7bfdb64  GIT Date: 2018-04-03 16:04:52 -0500

                         Max       Max/Min        Avg      Total 
Time (sec):           4.310e+03      1.00000   4.310e+03
Objects:              1.622e+04      1.01833   1.595e+04
Flop:                 1.390e+12      1.00828   1.384e+12  5.536e+13
Flop/sec:            3.225e+08      1.00828   3.212e+08  1.285e+10
MPI Messages:         5.661e+06      2.32191   3.948e+06  1.579e+08
MPI Message Lengths:  3.346e+09      1.34126   7.076e+02  1.117e+11
MPI Reductions:       1.061e+05      1.00000

Flop counting convention: 1 flop = 1 real number operation of type (multiply/divide/add/subtract)
                            e.g., VecAXPY() for real vectors of length N --> 2N flop
                            and VecAXPY() for complex vectors of length N --> 8N flop

Summary of Stages:   ----- Time ------  ----- Flop -----  --- Messages ---  -- Message Lengths --  -- Reductions --
                        Avg     %Total     Avg     %Total   counts   %Total     Avg         %Total   counts   %Total 
 0:      Main Stage: 5.9733e+01   1.4%  2.0878e+12   3.8%  4.556e+05   0.3%  1.525e+01        2.2%  9.160e+02   0.9% 
 1: Warm up: DU Residuals: 4.0091e+00   0.1%  9.0178e+10   0.2%  9.006e+03   0.0%  2.788e-01        0.0%  3.600e+01   0.0% 
 2: Warm up: Linear solve: 2.4998e+01   0.6%  2.1292e+11   0.4%  7.485e+05   0.5%  4.053e+00        0.6%  1.884e+03   1.8% 
 3:         Warm up: 2.9418e-03   0.0%  0.0000e+00   0.0%  0.000e+00   0.0%  0.000e+00        0.0%  0.000e+00   0.0% 
 4:    DU Residuals: 2.6921e+02   6.2%  8.7772e+12  15.9%  1.561e+06   1.0%  5.613e+01        7.9%  8.094e+03   7.6% 
 5:    Linear solve: 3.9517e+03  91.7%  4.4195e+13  79.8%  1.551e+08  98.2%  6.319e+02       89.3%  9.520e+04  89.7% 

------------------------------------------------------------------------------------------------------------------------
See the 'Profiling' chapter of the users' manual for details on interpreting output.
Phase summary info:
   Count: number of times phase was executed
   Time and Flop: Max - maximum over all processors
                   Ratio - ratio of maximum to minimum over all processors
   Mess: number of messages sent
   Avg. len: average message length (bytes)
   Reduct: number of global reductions
   Global: entire computation
   Stage: stages of a computation. Set stages with PetscLogStagePush() and PetscLogStagePop().
      %T - percent time in this phase         %F - percent flop in this phase
      %M - percent messages in this phase     %L - percent message lengths in this phase
      %R - percent reductions in this phase
   Total Mflop/s: 10e-6 * (sum of flop over all processors)/(max time over all processors)
------------------------------------------------------------------------------------------------------------------------
Event                Count      Time (sec)     Flop                             --- Global ---  --- Stage ---   Total
                   Max Ratio  Max     Ratio   Max  Ratio  Mess   Avg len Reduct  %T %F %M %L %R  %T %F %M %L %R Mflop/s
------------------------------------------------------------------------------------------------------------------------

--- Event Stage 0: Main Stage

BuildTwoSided         72 1.0 2.1971e+0025.4 0.00e+00 0.0 1.1e+04 4.0e+00 0.0e+00  0  0  0  0  0   4  0  2  0  0     0
BuildTwoSidedF        27 1.0 2.5554e+00 1.8 0.00e+00 0.0 3.8e+03 5.5e+04 0.0e+00  0  0  0  0  0   4  0  1  9  0     0
SFSetGraph            76 1.0 4.6825e-03 1.2 0.00e+00 0.0 0.0e+00 0.0e+00 0.0e+00  0  0  0  0  0   0  0  0  0  0     0
SFSetUp               72 1.0 2.2996e+0012.2 0.00e+00 0.0 3.2e+04 4.0e+03 0.0e+00  0  0  0  0  0   4  0  7  5  0     0
SFBcastBegin         959 1.0 3.7940e-01 5.8 0.00e+00 0.0 2.2e+05 4.7e+03 0.0e+00  0  0  0  1  0   1  0 49 44  0     0
SFBcastEnd           959 1.0 3.1152e+00 2.4 0.00e+00 0.0 0.0e+00 0.0e+00 0.0e+00  0  0  0  0  0   4  0  0  0  0     0
SFReduceBegin        809 1.0 3.9403e-02 1.7 0.00e+00 0.0 1.8e+05 4.1e+03 0.0e+00  0  0  0  1  0   0  0 40 31  0     0
SFReduceEnd          809 1.0 4.4321e+00 1.6 0.00e+00 0.0 0.0e+00 0.0e+00 0.0e+00  0  0  0  0  0   6  0  0  0  0     0
SFFetchOpBegin         2 1.0 4.9114e-05 6.2 0.00e+00 0.0 2.3e+02 6.2e+02 0.0e+00  0  0  0  0  0   0  0  0  0  0     0
SFFetchOpEnd           2 1.0 1.7710e-0336.8 0.00e+00 0.0 2.3e+02 6.2e+02 0.0e+00  0  0  0  0  0   0  0  0  0  0     0
VecTDot               22 1.0 5.7958e-02 2.7 3.48e+06 1.0 0.0e+00 0.0e+00 2.2e+01  0  0  0  0  0   0  0  0  0  2  2388
VecNorm              412 1.0 2.9656e+00 1.6 9.66e+07 1.0 0.0e+00 0.0e+00 4.1e+02  0  0  0  0  0   4  0  0  0 45  1298
VecCopy                6 1.0 5.3890e-03 3.6 0.00e+00 0.0 0.0e+00 0.0e+00 0.0e+00  0  0  0  0  0   0  0  0  0  0     0
VecSet                40 1.0 6.1116e-03 2.8 0.00e+00 0.0 0.0e+00 0.0e+00 0.0e+00  0  0  0  0  0   0  0  0  0  0     0
VecAXPY               23 1.0 1.4052e-02 1.4 3.64e+06 1.0 0.0e+00 0.0e+00 0.0e+00  0  0  0  0  0   0  0  0  0  0 10298
VecAYPX               10 1.0 4.1640e-03 1.4 1.58e+06 1.0 0.0e+00 0.0e+00 0.0e+00  0  0  0  0  0   0  0  0  0  0 15109
VecScatterBegin       23 1.0 6.5773e-03 2.5 0.00e+00 0.0 4.6e+03 2.7e+04 0.0e+00  0  0  0  0  0   0  0  1  5  0     0
VecScatterEnd         23 1.0 3.0198e-02 3.2 0.00e+00 0.0 0.0e+00 0.0e+00 0.0e+00  0  0  0  0  0   0  0  0  0  0     0
MatMult               11 1.0 8.8794e-02 1.2 2.88e+07 1.0 2.5e+03 3.1e+03 0.0e+00  0  0  0  0  0   0  0  1  0  0 12860
MatSolve              12 1.0 1.0154e-01 1.2 3.12e+07 1.0 0.0e+00 0.0e+00 0.0e+00  0  0  0  0  0   0  0  0  0  0 12186
MatLUFactorNum         1 1.0 5.9480e-02 1.7 1.22e+07 1.0 0.0e+00 0.0e+00 0.0e+00  0  0  0  0  0   0  0  0  0  0  8048
MatILUFactorSym        1 1.0 2.8405e-02 1.1 0.00e+00 0.0 0.0e+00 0.0e+00 0.0e+00  0  0  0  0  0   0  0  0  0  0     0
MatAssemblyBegin      27 1.0 2.6486e+00 1.7 0.00e+00 0.0 3.8e+03 5.5e+04 0.0e+00  0  0  0  0  0   4  0  1  9  0     0
MatAssemblyEnd        27 1.0 2.9780e-01 1.4 0.00e+00 0.0 4.1e+03 9.4e+02 1.0e+02  0  0  0  0  0   0  0  1  0 11     0
MatGetRowIJ            1 1.0 1.1921e-06 0.0 0.00e+00 0.0 0.0e+00 0.0e+00 0.0e+00  0  0  0  0  0   0  0  0  0  0     0
MatGetOrdering         1 1.0 2.6910e-03 1.4 0.00e+00 0.0 0.0e+00 0.0e+00 0.0e+00  0  0  0  0  0   0  0  0  0  0     0
MatZeroEntries         1 1.0 9.9800e-03 4.8 0.00e+00 0.0 0.0e+00 0.0e+00 0.0e+00  0  0  0  0  0   0  0  0  0  0     0
PCSetUp                2 1.0 8.7855e-02 1.4 1.22e+07 1.0 0.0e+00 0.0e+00 0.0e+00  0  0  0  0  0   0  0  0  0  0  5449
PCSetUpOnBlocks        1 1.0 8.7757e-02 1.4 1.22e+07 1.0 0.0e+00 0.0e+00 0.0e+00  0  0  0  0  0   0  0  0  0  0  5455
PCApply               12 1.0 1.0401e-01 1.2 3.12e+07 1.0 0.0e+00 0.0e+00 0.0e+00  0  0  0  0  0   0  0  0  0  0 11896
KSPSetUp               2 1.0 2.8310e-03 5.6 0.00e+00 0.0 0.0e+00 0.0e+00 0.0e+00  0  0  0  0  0   0  0  0  0  0     0
KSPSolve               1 1.0 3.4560e-01 1.0 8.26e+07 1.0 2.5e+03 3.1e+03 3.4e+01  0  0  0  0  0   1  0  1  0  4  9471
SNESSolve              1 1.0 4.9985e-01 1.0 1.22e+08 1.0 3.1e+03 4.3e+03 3.4e+01  0  0  0  0  0   1  0  1  1  4  9740
SNESFunctionEval       1 1.0 2.8868e-02 1.4 1.50e+07 1.0 4.6e+02 5.5e+03 0.0e+00  0  0  0  0  0   0  0  0  0  0 20731
SNESJacobianEval       1 1.0 1.3105e-01 1.0 2.48e+07 1.0 1.7e+02 2.0e+04 0.0e+00  0  0  0  0  0   0  0  0  0  0  7558
Mesh Partition         4 1.0 3.9640e+00 1.0 0.00e+00 0.0 4.4e+04 1.5e+03 2.0e+01  0  0  0  0  0   7  0 10  3  2     0
Mesh Migration         4 1.0 8.6017e-01 1.0 0.00e+00 0.0 1.8e+04 1.9e+04 8.8e+01  0  0  0  0  0   1  0  4 14 10     0
DMPlexInterp           2 1.0 2.7006e+00 1.0 0.00e+00 0.0 0.0e+00 0.0e+00 8.0e+00  0  0  0  0  0   5  0  0  0  1     0
DMPlexDistribute       2 1.0 4.6178e+00 1.0 0.00e+00 0.0 2.2e+04 2.0e+04 4.0e+01  0  0  0  0  0   8  0  5 18  4     0
DMPlexDistCones        4 1.0 2.7411e-01 1.1 0.00e+00 0.0 4.3e+03 3.0e+04 0.0e+00  0  0  0  0  0   0  0  1  5  0     0
DMPlexDistLabels       4 1.0 3.8180e-01 1.0 0.00e+00 0.0 6.1e+03 1.9e+04 5.2e+01  0  0  0  0  0   1  0  1  5  6     0
DMPlexDistribOL        2 1.0 2.4989e-01 1.0 0.00e+00 0.0 4.1e+04 6.6e+02 6.8e+01  0  0  0  0  0   0  0  9  1  7     0
DMPlexDistField        6 1.0 8.5616e-02 1.1 0.00e+00 0.0 5.9e+03 9.8e+03 4.0e+00  0  0  0  0  0   0  0  1  2  0     0
DMPlexDistData         6 1.0 2.1563e+0020.1 0.00e+00 0.0 4.2e+04 1.0e+03 0.0e+00  0  0  0  0  0   4  0  9  2  0     0
DMPlexStratify         8 1.0 3.0877e+00 3.3 0.00e+00 0.0 0.0e+00 0.0e+00 8.0e+00  0  0  0  0  0   5  0  0  0  1     0
CreateMesh            10 1.0 5.5542e+00 1.0 0.00e+00 0.0 6.3e+04 7.4e+03 1.2e+02  0  0  0  0  0   9  0 14 19 13     0
Mesh: reorder          2 1.0 3.1502e-02 2.4 0.00e+00 0.0 0.0e+00 0.0e+00 4.0e+00  0  0  0  0  0   0  0  0  0  0     0
Mesh: numbering        2 1.0 9.5275e-02 1.3 0.00e+00 0.0 0.0e+00 0.0e+00 4.0e+00  0  0  0  0  0   0  0  0  0  0     0
CreateFunctionSpace      38 1.0 1.9866e-01 1.2 0.00e+00 0.0 4.8e+03 1.1e+03 0.0e+00  0  0  0  0  0   0  0  1  0  0     0
ParLoopExecute      2823 1.0 2.6041e+01 1.0 5.20e+10 1.0 3.7e+05 4.0e+03 1.6e+01  1  4  0  1  0  43100 81 61  2 79900
ParLoopCells        1630 1.0 1.7344e+01 1.1 5.19e+10 1.0 0.0e+00 0.0e+00 0.0e+00  0  4  0  0  0  28 99  0  0  0 119640
ParLoopRednBegin    2823 1.0 1.5506e+00 1.2 0.00e+00 0.0 0.0e+00 0.0e+00 0.0e+00  0  0  0  0  0   2  0  0  0  0     0
ParLoopRednEnd      2823 1.0 4.8005e-02 1.6 0.00e+00 0.0 0.0e+00 0.0e+00 0.0e+00  0  0  0  0  0   0  0  0  0  0     0
CreateSparsity        12 1.0 9.9900e+00 1.0 0.00e+00 0.0 3.5e+03 2.9e+04 5.6e+01  0  0  0  0  0  17  0  1  4  6     0
MatZeroInitial        13 1.0 1.9871e+00 1.2 0.00e+00 0.0 0.0e+00 0.0e+00 0.0e+00  0  0  0  0  0   3  0  0  0  0     0
ParLoopset_6           2 1.0 3.0000e-03 1.8 0.00e+00 0.0 0.0e+00 0.0e+00 0.0e+00  0  0  0  0  0   0  0  0  0  0     0
ParLoopset_7           2 1.0 5.8913e-04 5.3 0.00e+00 0.0 0.0e+00 0.0e+00 0.0e+00  0  0  0  0  0   0  0  0  0  0     0
ParLoopset_14       2006 1.0 4.2881e-01 1.2 9.49e+07 1.0 0.0e+00 0.0e+00 0.0e+00  0  0  0  0  0   1  0  0  0  0  8803
ParLoopset_15       2006 1.0 2.2770e-01 1.2 4.72e+07 1.0 0.0e+00 0.0e+00 0.0e+00  0  0  0  0  0   0  0  0  0  0  8296

--- Event Stage 1: Warm up: DU Residuals

BuildTwoSided          4 1.0 9.9041e-03 9.0 0.00e+00 0.0 4.6e+02 4.0e+00 0.0e+00  0  0  0  0  0   0  0  5  0  0     0
BuildTwoSidedF         8 1.0 5.4819e-01 3.8 0.00e+00 0.0 3.4e+02 2.0e+04 0.0e+00  0  0  0  0  0  10  0  4 15  0     0
SFSetGraph             8 1.0 6.8974e-04 1.4 0.00e+00 0.0 0.0e+00 0.0e+00 0.0e+00  0  0  0  0  0   0  0  0  0  0     0
SFSetUp                4 1.0 1.1181e-02 6.1 0.00e+00 0.0 1.4e+03 1.3e+03 0.0e+00  0  0  0  0  0   0  0 15  4  0     0
SFBcastBegin          14 1.0 1.4639e-03 2.2 0.00e+00 0.0 3.2e+03 3.1e+03 0.0e+00  0  0  0  0  0   0  0 35 23  0     0
SFBcastEnd            14 1.0 5.3520e-02125.9 0.00e+00 0.0 0.0e+00 0.0e+00 0.0e+00  0  0  0  0  0   0  0  0  0  0     0
SFReduceBegin          8 1.0 1.6443e-0271.0 0.00e+00 0.0 1.8e+03 4.0e+03 0.0e+00  0  0  0  0  0   0  0 20 17  0     0
SFReduceEnd            8 1.0 2.0258e-0122.2 0.00e+00 0.0 0.0e+00 0.0e+00 0.0e+00  0  0  0  0  0   2  0  0  0  0     0
VecMDot               10 1.0 2.6777e-01 3.9 4.75e+06 1.0 0.0e+00 0.0e+00 1.0e+01  0  0  0  0  0   4  0  0  0 28   705
VecNorm               14 1.0 2.2050e-01 1.9 2.06e+06 1.0 0.0e+00 0.0e+00 1.4e+01  0  0  0  0  0   4  0  0  0 39   371
VecScale              12 1.0 2.3358e-03 2.2 9.49e+05 1.0 0.0e+00 0.0e+00 0.0e+00  0  0  0  0  0   0  0  0  0  0 16161
VecCopy               20 1.0 7.4255e-03 1.7 0.00e+00 0.0 0.0e+00 0.0e+00 0.0e+00  0  0  0  0  0   0  0  0  0  0     0
VecSet                20 1.0 7.0128e-03 2.9 0.00e+00 0.0 0.0e+00 0.0e+00 0.0e+00  0  0  0  0  0   0  0  0  0  0     0
VecAXPY                6 1.0 4.6401e-03 2.1 7.90e+05 1.0 0.0e+00 0.0e+00 0.0e+00  0  0  0  0  0   0  0  0  0  0  6779
VecMAXPY              12 1.0 1.5151e-02 1.2 6.33e+06 1.0 0.0e+00 0.0e+00 0.0e+00  0  0  0  0  0   0  0  0  0  0 16610
VecScatterBegin       10 1.0 3.6644e-0256.6 0.00e+00 0.0 2.3e+03 8.0e+03 0.0e+00  0  0  0  0  0   0  0 25 41  0     0
VecScatterEnd         10 1.0 2.3088e-0134.8 0.00e+00 0.0 0.0e+00 0.0e+00 0.0e+00  0  0  0  0  0   2  0  0  0  0     0
VecNormalize          12 1.0 1.8332e-01 2.1 2.85e+06 1.0 0.0e+00 0.0e+00 1.2e+01  0  0  0  0  0   3  0  0  0 33   618
MatMult               10 1.0 4.3656e-01 1.6 1.02e+08 1.0 2.3e+03 8.0e+03 0.0e+00  0  0  0  0  0   8  4 25 41  0  9295
MatSolve              14 1.0 2.8497e-01 1.6 1.24e+08 1.0 0.0e+00 0.0e+00 0.0e+00  0  0  0  0  0   5  5  0  0  0 17266
MatLUFactorNum         4 1.0 4.1280e-01 1.4 2.13e+08 1.2 0.0e+00 0.0e+00 0.0e+00  0  0  0  0  0   9  9  0  0  0 19273
MatILUFactorSym        4 1.0 2.8788e-01 1.5 0.00e+00 0.0 0.0e+00 0.0e+00 0.0e+00  0  0  0  0  0   6  0  0  0  0     0
MatAssemblyBegin       8 1.0 5.4947e-01 3.7 0.00e+00 0.0 3.4e+02 2.0e+04 0.0e+00  0  0  0  0  0  10  0  4 15  0     0
MatAssemblyEnd         8 1.0 6.2382e-02 1.3 0.00e+00 0.0 0.0e+00 0.0e+00 0.0e+00  0  0  0  0  0   1  0  0  0  0     0
MatGetRowIJ            4 1.0 1.0252e-05 0.0 0.00e+00 0.0 0.0e+00 0.0e+00 0.0e+00  0  0  0  0  0   0  0  0  0  0     0
MatGetOrdering         4 1.0 8.2169e-03 1.6 0.00e+00 0.0 0.0e+00 0.0e+00 0.0e+00  0  0  0  0  0   0  0  0  0  0     0
MatZeroEntries         4 1.0 7.3885e-02 4.2 0.00e+00 0.0 0.0e+00 0.0e+00 0.0e+00  0  0  0  0  0   1  0  0  0  0     0
PCSetUp                8 1.0 6.3535e-01 1.2 2.13e+08 1.2 0.0e+00 0.0e+00 0.0e+00  0  0  0  0  0  15  9  0  0  0 12522
PCSetUpOnBlocks        4 1.0 6.3480e-01 1.2 2.13e+08 1.2 0.0e+00 0.0e+00 0.0e+00  0  0  0  0  0  15  9  0  0  0 12533
PCApply               14 1.0 2.8821e-01 1.5 1.24e+08 1.0 0.0e+00 0.0e+00 0.0e+00  0  0  0  0  0   5  5  0  0  0 17072
KSPGMRESOrthog        10 1.0 2.7871e-01 3.6 9.49e+06 1.0 0.0e+00 0.0e+00 1.0e+01  0  0  0  0  0   5  0  0  0 28  1354
KSPSetUp               8 1.0 6.6609e-03 1.8 0.00e+00 0.0 0.0e+00 0.0e+00 0.0e+00  0  0  0  0  0   0  0  0  0  0     0
KSPSolve               4 1.0 1.5116e+00 1.0 4.53e+08 1.1 2.3e+03 8.0e+03 2.4e+01  0  0  0  0  0  38 19 25 41 67 11581
SNESSolve              4 1.0 3.9974e+00 1.0 2.28e+09 1.0 9.0e+03 4.9e+03 3.2e+01  0  0  0  0  0 100100100100 89 22559
SNESFunctionEval       4 1.0 6.6184e-01 1.3 7.36e+08 1.0 6.4e+03 3.0e+03 8.0e+00  0  0  0  0  0  15 32 71 43 22 44253
SNESJacobianEval       4 1.0 1.9599e+00 1.1 1.09e+09 1.0 3.4e+02 2.0e+04 0.0e+00  0  0  0  0  0  47 48  4 15  0 22126
ParLoopExecute        20 1.0 2.2281e+00 1.2 1.83e+09 1.0 6.4e+03 3.0e+03 8.0e+00  0  0  0  0  0  49 81 71 43 22 32607
ParLoopCells          16 1.0 7.9009e-01 1.5 9.50e+08 1.0 0.0e+00 0.0e+00 0.0e+00  0  0  0  0  0  16 42  0  0  0 48098
ParLoopRednBegin      20 1.0 7.3910e-04 1.6 0.00e+00 0.0 0.0e+00 0.0e+00 0.0e+00  0  0  0  0  0   0  0  0  0  0     0
ParLoopRednEnd        20 1.0 1.3137e-04 1.6 0.00e+00 0.0 0.0e+00 0.0e+00 0.0e+00  0  0  0  0  0   0  0  0  0  0     0
ParLoopset_6           2 1.0 9.5916e-04 6.3 0.00e+00 0.0 0.0e+00 0.0e+00 0.0e+00  0  0  0  0  0   0  0  0  0  0     0
ParLoopset_7           2 1.0 1.7388e-03 2.0 0.00e+00 0.0 0.0e+00 0.0e+00 0.0e+00  0  0  0  0  0   0  0  0  0  0     0
ParLoopIntFacets      16 1.0 1.1064e+00 1.3 8.76e+08 1.0 0.0e+00 0.0e+00 0.0e+00  0  0  0  0  0  23 38  0  0  0 31319
ParLoopset_14          2 1.0 5.3024e-04 3.8 0.00e+00 0.0 0.0e+00 0.0e+00 0.0e+00  0  0  0  0  0   0  0  0  0  0     0
ParLoopset_15          2 1.0 4.3511e-04 3.9 0.00e+00 0.0 0.0e+00 0.0e+00 0.0e+00  0  0  0  0  0   0  0  0  0  0     0

--- Event Stage 2: Warm up: Linear solve

BuildTwoSided         10 1.0 1.4014e-02 1.6 0.00e+00 0.0 8.5e+02 4.0e+00 0.0e+00  0  0  0  0  0   0  0  0  0  0     0
BuildTwoSidedF       102 1.0 2.5232e-01 2.1 0.00e+00 0.0 5.4e+03 1.1e+04 0.0e+00  0  0  0  0  0   1  0  1  9  0     0
SFSetGraph            10 1.0 5.9605e-06 0.0 0.00e+00 0.0 0.0e+00 0.0e+00 0.0e+00  0  0  0  0  0   0  0  0  0  0     0
SFSetUp               10 1.0 1.8335e-02 2.0 0.00e+00 0.0 2.6e+03 5.0e+02 0.0e+00  0  0  0  0  0   0  0  0  0  0     0
SFBcastBegin          58 1.0 1.9255e-03 2.0 0.00e+00 0.0 1.1e+04 1.2e+03 0.0e+00  0  0  0  0  0   0  0  1  2  0     0
SFBcastEnd            58 1.0 1.4966e-02 7.7 0.00e+00 0.0 0.0e+00 0.0e+00 0.0e+00  0  0  0  0  0   0  0  0  0  0     0
SFReduceBegin          4 1.0 3.1328e-04 2.6 0.00e+00 0.0 9.1e+02 4.0e+03 0.0e+00  0  0  0  0  0   0  0  0  1  0     0
SFReduceEnd            4 1.0 5.8125e-0235.4 0.00e+00 0.0 0.0e+00 0.0e+00 0.0e+00  0  0  0  0  0   0  0  0  0  0     0
VecMDot              204 1.0 2.4684e-01 1.4 3.13e+07 1.0 0.0e+00 0.0e+00 2.0e+02  0  0  0  0  0   1  1  0  0 11  5061
VecTDot              160 1.0 3.8840e-01 1.8 1.26e+07 1.0 0.0e+00 0.0e+00 1.6e+02  0  0  0  0  0   1  0  0  0  8  1296
VecNorm              322 1.0 1.0483e+00 2.5 1.49e+07 1.0 0.0e+00 0.0e+00 3.2e+02  0  0  0  0  0   3  0  0  0 17   570
VecScale             918 1.0 9.2514e-02 1.4 3.09e+07 1.0 0.0e+00 0.0e+00 0.0e+00  0  0  0  0  0   0  1  0  0  0 13360
VecCopy              542 1.0 3.1014e-02 1.3 0.00e+00 0.0 0.0e+00 0.0e+00 0.0e+00  0  0  0  0  0   0  0  0  0  0     0
VecSet              6320 1.0 3.3432e-01 1.5 0.00e+00 0.0 0.0e+00 0.0e+00 0.0e+00  0  0  0  0  0   1  0  0  0  0     0
VecAXPY              200 1.0 4.8907e-02 1.3 1.64e+07 1.0 0.0e+00 0.0e+00 0.0e+00  0  0  0  0  0   0  0  0  0  0 13390
VecAYPX             3904 1.0 1.7951e-01 1.3 4.44e+07 1.0 0.0e+00 0.0e+00 0.0e+00  0  0  0  0  0   1  1  0  0  0  9883
VecAXPBYCZ          1920 1.0 1.2824e-01 1.4 7.87e+07 1.0 0.0e+00 0.0e+00 0.0e+00  0  0  0  0  0   0  1  0  0  0 24529
VecMAXPY             226 1.0 7.5381e-02 1.2 3.79e+07 1.0 0.0e+00 0.0e+00 0.0e+00  0  0  0  0  0   0  1  0  0  0 20065
VecAssemblyBegin      32 1.0 1.8445e-02 2.4 0.00e+00 0.0 0.0e+00 0.0e+00 0.0e+00  0  0  0  0  0   0  0  0  0  0     0
VecAssemblyEnd        32 1.0 6.7234e-05 1.4 0.00e+00 0.0 0.0e+00 0.0e+00 0.0e+00  0  0  0  0  0   0  0  0  0  0     0
VecPointwiseMult     110 1.0 6.8634e-03 1.3 9.02e+05 1.0 0.0e+00 0.0e+00 0.0e+00  0  0  0  0  0   0  0  0  0  0  5252
VecScatterBegin     5678 1.0 1.4424e-01 1.9 0.00e+00 0.0 6.9e+05 6.5e+02 0.0e+00  0  0  0  0  0   0  0 92 71  0     0
VecScatterEnd       5678 1.0 4.9833e+00 2.0 0.00e+00 0.0 0.0e+00 0.0e+00 0.0e+00  0  0  0  0  0  14  0  0  0  0     0
VecSetRandom          10 1.0 7.8144e-03 1.5 0.00e+00 0.0 0.0e+00 0.0e+00 0.0e+00  0  0  0  0  0   0  0  0  0  0     0
VecNormalize         226 1.0 9.8452e-02 1.6 1.11e+07 1.0 0.0e+00 0.0e+00 2.3e+02  0  0  0  0  0   0  0  0  0 12  4497
MatMult             3196 1.0 1.2878e+01 1.1 3.35e+09 1.0 5.5e+05 7.6e+02 1.2e+02  0  0  0  0  0  49 63 74 65  6 10345
MatMultAdd          1212 1.0 1.3989e+00 1.5 3.01e+08 1.0 7.1e+04 3.4e+02 0.0e+00  0  0  0  0  0   5  6 10  4  0  8587
MatMultTranspose     480 1.0 5.5685e-01 3.2 1.95e+07 1.0 6.5e+04 1.3e+02 0.0e+00  0  0  0  0  0   1  0  9  1  0  1392
MatSolve            3784 1.5 7.9942e+00 1.3 2.77e+09 1.0 0.0e+00 0.0e+00 0.0e+00  0  0  0  0  0  29 52  0  0  0 13789
MatLUFactorSym         2 1.0 2.4796e-05 1.8 0.00e+00 0.0 0.0e+00 0.0e+00 0.0e+00  0  0  0  0  0   0  0  0  0  0     0
MatLUFactorNum        14 1.0 1.3593e-01 1.4 3.97e+07 1.0 0.0e+00 0.0e+00 0.0e+00  0  0  0  0  0   0  1  0  0  0 11542
MatILUFactorSym       12 1.0 8.2804e-02 1.5 0.00e+00 0.0 0.0e+00 0.0e+00 0.0e+00  0  0  0  0  0   0  0  0  0  0     0
MatConvert            12 1.0 4.6869e-02 1.2 0.00e+00 0.0 0.0e+00 0.0e+00 0.0e+00  0  0  0  0  0   0  0  0  0  0     0
MatScale              34 1.0 5.3186e-02 1.6 6.16e+06 1.0 1.7e+03 8.5e+02 0.0e+00  0  0  0  0  0   0  0  0  0  0  4627
MatResidual          480 1.0 1.7417e+00 1.1 4.62e+08 1.0 8.2e+04 6.8e+02 0.0e+00  0  0  0  0  0   7  9 11  9  0 10546
MatAssemblyBegin     220 1.0 2.5847e-01 2.1 0.00e+00 0.0 5.4e+03 1.1e+04 0.0e+00  0  0  0  0  0   1  0  1  9  0     0
MatAssemblyEnd       220 1.0 2.7174e-01 1.1 0.00e+00 0.0 1.7e+04 1.9e+02 4.3e+02  0  0  0  0  0   1  0  2  1 23     0
MatGetRow         403352 1.0 9.2868e-02 1.1 0.00e+00 0.0 0.0e+00 0.0e+00 0.0e+00  0  0  0  0  0   0  0  0  0  0     0
MatGetRowIJ           14 1.8 1.0252e-05 0.0 0.00e+00 0.0 0.0e+00 0.0e+00 0.0e+00  0  0  0  0  0   0  0  0  0  0     0
MatCreateSubMat       16 1.0 3.8004e-02 1.0 0.00e+00 0.0 2.1e+03 3.8e+02 1.4e+02  0  0  0  0  0   0  0  0  0  7     0
MatGetOrdering        14 1.8 7.3297e-03 1.4 0.00e+00 0.0 0.0e+00 0.0e+00 0.0e+00  0  0  0  0  0   0  0  0  0  0     0
MatCoarsen            10 1.0 3.8886e-02 1.2 0.00e+00 0.0 1.2e+04 6.5e+02 3.0e+01  0  0  0  0  0   0  0  2  1  2     0
MatZeroEntries        14 1.0 6.4344e-02 1.4 0.00e+00 0.0 0.0e+00 0.0e+00 0.0e+00  0  0  0  0  0   0  0  0  0  0     0
MatAXPY               12 1.0 2.4584e-01 1.1 0.00e+00 0.0 9.1e+02 6.1e+02 2.0e+01  0  0  0  0  0   1  0  0  0  1     0
MatMatMult            12 1.0 4.4438e-01 1.0 1.58e+07 1.0 1.2e+04 9.0e+02 1.5e+02  0  0  0  0  0   2  0  2  2  8  1424
MatMatMultSym         12 1.0 3.4219e-01 1.0 0.00e+00 0.0 1.0e+04 7.0e+02 1.4e+02  0  0  0  0  0   1  0  1  1  8     0
MatMatMultNum         12 1.0 9.4203e-02 1.1 1.58e+07 1.0 1.9e+03 1.9e+03 0.0e+00  0  0  0  0  0   0  0  0  1  0  6715
MatPtAP               10 1.0 1.6015e-01 1.0 1.07e+07 1.0 1.7e+04 7.2e+02 1.5e+02  0  0  0  0  0   1  0  2  2  8  2652
MatPtAPSymbolic       10 1.0 1.0783e-01 1.0 0.00e+00 0.0 1.0e+04 8.3e+02 7.0e+01  0  0  0  0  0   0  0  1  1  4     0
MatPtAPNumeric        10 1.0 5.2275e-02 1.0 1.07e+07 1.0 6.9e+03 5.6e+02 8.0e+01  0  0  0  0  0   0  0  1  1  4  8125
MatTrnMatMult          2 1.0 1.0194e+00 1.0 6.71e+07 1.0 3.0e+03 2.0e+04 3.2e+01  0  0  0  0  0   4  1  0  9  2  2631
MatTrnMatMultSym       2 1.0 5.5208e-01 1.0 0.00e+00 0.0 1.4e+03 9.0e+03 1.6e+01  0  0  0  0  0   2  0  0  2  1     0
MatTrnMatMultNum       2 1.0 4.6955e-01 1.0 6.71e+07 1.0 1.6e+03 2.9e+04 1.6e+01  0  0  0  0  0   2  1  0  7  1  5713
MatGetLocalMat        36 1.0 7.3271e-02 1.2 0.00e+00 0.0 0.0e+00 0.0e+00 0.0e+00  0  0  0  0  0   0  0  0  0  0     0
MatGetBrAoCol         34 1.0 3.1849e-02 3.2 0.00e+00 0.0 1.3e+04 1.4e+03 0.0e+00  0  0  0  0  0   0  0  2  3  0     0
PCGAMGGraph_AGG       10 1.0 3.9581e-01 1.0 3.24e+06 1.0 5.1e+03 4.2e+02 1.2e+02  0  0  0  0  0   2  0  1  0  6   327
PCGAMGCoarse_AGG      10 1.0 1.1079e+00 1.0 6.71e+07 1.0 1.7e+04 4.5e+03 7.0e+01  0  0  0  0  0   4  1  2 12  4  2421
PCGAMGProl_AGG        10 1.0 5.6352e-02 1.0 0.00e+00 0.0 6.8e+03 8.7e+02 1.6e+02  0  0  0  0  0   0  0  1  1  8     0
PCGAMGPOpt_AGG        10 1.0 3.8774e-01 1.0 5.87e+07 1.0 2.7e+04 6.9e+02 4.1e+02  0  0  0  0  0   2  1  4  3 22  6041
GAMG: createProl      10 1.0 1.9565e+00 1.0 1.29e+08 1.0 5.6e+04 1.8e+03 7.6e+02  0  0  0  0  1   8  2  8 16 40  2634
  Graph               20 1.0 3.9543e-01 1.0 3.24e+06 1.0 5.1e+03 4.2e+02 1.2e+02  0  0  0  0  0   2  0  1  0  6   327
  MIS/Agg             10 1.0 3.9026e-02 1.2 0.00e+00 0.0 1.2e+04 6.5e+02 3.0e+01  0  0  0  0  0   0  0  2  1  2     0
  SA: col data        10 1.0 1.9127e-02 1.1 0.00e+00 0.0 3.4e+03 1.5e+03 4.0e+01  0  0  0  0  0   0  0  0  1  2     0
  SA: frmProl0        10 1.0 3.1175e-02 1.0 0.00e+00 0.0 3.4e+03 2.3e+02 8.0e+01  0  0  0  0  0   0  0  0  0  4     0
  SA: smooth          10 1.0 1.9862e-01 1.0 3.64e+06 1.0 1.0e+04 4.3e+02 1.4e+02  0  0  0  0  0   1  0  1  1  7   732
GAMG: partLevel       10 1.0 1.9078e-01 1.0 1.07e+07 1.0 1.9e+04 6.7e+02 3.5e+02  0  0  0  0  0   1  0  3  2 19  2226
  repartition          4 1.0 6.9237e-04 1.1 0.00e+00 0.0 0.0e+00 0.0e+00 2.4e+01  0  0  0  0  0   0  0  0  0  1     0
  Invert-Sort          4 1.0 5.6226e-03 1.3 0.00e+00 0.0 0.0e+00 0.0e+00 1.6e+01  0  0  0  0  0   0  0  0  0  1     0
  Move A               4 1.0 1.1077e-02 1.0 0.00e+00 0.0 1.2e+03 6.5e+02 6.8e+01  0  0  0  0  0   0  0  0  0  4     0
  Move P               4 1.0 1.2511e-02 1.0 0.00e+00 0.0 8.9e+02 2.3e+01 6.8e+01  0  0  0  0  0   0  0  0  0  4     0
PCSetUp               20 1.0 2.9763e+00 1.0 1.94e+08 1.0 7.9e+04 2.5e+03 1.3e+03  0  0  0  0  1  12  4 11 31 68  2605
PCSetUpOnBlocks     1774 1.0 2.1550e-01 1.3 3.97e+07 1.0 0.0e+00 0.0e+00 0.0e+00  0  0  0  0  0   1  1  0  0  0  7281
PCApply               16 1.0 1.9598e+01 1.0 4.66e+09 1.0 7.4e+05 7.1e+02 1.6e+03  0  0  0  0  2  78 87 98 82 86  9477
KSPSolve_FS_0         16 1.0 1.3797e-01 1.3 4.16e+07 1.0 0.0e+00 0.0e+00 0.0e+00  0  0  0  0  0   1  1  0  0  0 11957
KSPSolve_FS_Schu      16 1.0 1.9107e+01 1.0 4.52e+09 1.0 7.3e+05 7.0e+02 1.6e+03  0  0  0  0  2  76 85 98 81 86  9431
KSPSolve_FS_Low       16 1.0 2.6871e-01 1.4 6.60e+07 1.0 0.0e+00 0.0e+00 0.0e+00  0  0  0  0  0   1  1  0  0  0  9703
KSPGMRESOrthog       204 1.0 3.0633e-01 1.3 6.26e+07 1.0 0.0e+00 0.0e+00 2.0e+02  0  0  0  0  0   1  1  0  0 11  8157
KSPSetUp              52 1.0 1.5556e-02 1.4 0.00e+00 0.0 0.0e+00 0.0e+00 2.0e+01  0  0  0  0  0   0  0  0  0  1     0
KSPSolve               2 1.0 2.0626e+01 1.0 4.78e+09 1.0 7.5e+05 8.3e+02 1.9e+03  0  0  0  1  2  82 89100 97100  9236
SNESSolve              2 1.0 2.4969e+01 1.0 5.34e+09 1.0 7.5e+05 8.6e+02 1.9e+03  1  0  0  1  2 100100100100100  8527
SNESFunctionEval       2 1.0 2.1610e-01 1.2 2.59e+08 1.0 2.7e+03 4.0e+03 0.0e+00  0  0  0  0  0   1  5  0  2  0 47914
SNESJacobianEval       2 1.0 4.1568e+00 1.0 3.01e+08 1.0 6.8e+02 1.3e+04 0.0e+00  0  0  0  0  0  17  6  0  1  0  2900
ParLoopExecute        16 1.0 4.2579e+00 1.0 5.60e+08 1.0 2.7e+03 4.0e+03 0.0e+00  0  0  0  0  0  17 11  0  2  0  5263
ParLoopCells          24 1.0 5.3966e-01 1.2 5.60e+08 1.0 0.0e+00 0.0e+00 0.0e+00  0  0  0  0  0   2 11  0  0  0 41525
ParLoopRednBegin      16 1.0 4.1986e-04 1.5 0.00e+00 0.0 0.0e+00 0.0e+00 0.0e+00  0  0  0  0  0   0  0  0  0  0     0
ParLoopRednEnd        16 1.0 1.0085e-04 1.6 0.00e+00 0.0 0.0e+00 0.0e+00 0.0e+00  0  0  0  0  0   0  0  0  0  0     0
ParLoopset_6           2 1.0 5.6481e-04 3.2 0.00e+00 0.0 0.0e+00 0.0e+00 0.0e+00  0  0  0  0  0   0  0  0  0  0     0
ParLoopset_7           2 1.0 2.5225e-04 2.8 0.00e+00 0.0 0.0e+00 0.0e+00 0.0e+00  0  0  0  0  0   0  0  0  0  0     0
ParLoopset_14          2 1.0 5.3191e-04 3.2 0.00e+00 0.0 0.0e+00 0.0e+00 0.0e+00  0  0  0  0  0   0  0  0  0  0     0
ParLoopset_15          2 1.0 2.4199e-04 2.6 0.00e+00 0.0 0.0e+00 0.0e+00 0.0e+00  0  0  0  0  0   0  0  0  0  0     0

--- Event Stage 3: Warm up

ParLoopExecute         2 1.0 1.9090e-03 2.4 0.00e+00 0.0 0.0e+00 0.0e+00 0.0e+00  0  0  0  0  0  41  0  0  0  0     0
ParLoopRednBegin       2 1.0 6.2943e-05 2.3 0.00e+00 0.0 0.0e+00 0.0e+00 0.0e+00  0  0  0  0  0   1  0  0  0  0     0
ParLoopRednEnd         2 1.0 1.4782e-05 3.1 0.00e+00 0.0 0.0e+00 0.0e+00 0.0e+00  0  0  0  0  0   0  0  0  0  0     0
ParLoopset_14          2 1.0 1.2159e-03 4.6 0.00e+00 0.0 0.0e+00 0.0e+00 0.0e+00  0  0  0  0  0  19  0  0  0  0     0
ParLoopset_15          2 1.0 7.5102e-04 6.5 0.00e+00 0.0 0.0e+00 0.0e+00 0.0e+00  0  0  0  0  0   7  0  0  0  0     0

--- Event Stage 4: DU Residuals

SFBcastBegin        1800 1.0 1.6149e-01 1.9 0.00e+00 0.0 4.1e+05 4.0e+03 0.0e+00  0  0  0  1  0   0  0 26 18  0     0
SFBcastEnd          1800 1.0 3.6063e+00 2.1 0.00e+00 0.0 0.0e+00 0.0e+00 0.0e+00  0  0  0  0  0   1  0  0  0  0     0
SFReduceBegin       1600 1.0 1.1548e-01 2.5 0.00e+00 0.0 3.6e+05 4.0e+03 0.0e+00  0  0  0  1  0   0  0 23 16  0     0
SFReduceEnd         1600 1.0 9.3489e+00 1.4 0.00e+00 0.0 0.0e+00 0.0e+00 0.0e+00  0  0  0  0  0   3  0  0  0  0     0
VecMDot             3047 1.0 2.9287e+01 1.7 2.09e+09 1.0 0.0e+00 0.0e+00 3.0e+03  1  0  0  0  3   9  1  0  0 38  2832
VecTDot              800 1.0 2.1173e+00 2.1 6.29e+07 1.0 0.0e+00 0.0e+00 8.0e+02  0  0  0  0  1   1  0  0  0 10  1189
VecNorm             4247 1.0 1.4775e+01 1.4 6.08e+08 1.0 0.0e+00 0.0e+00 4.2e+03  0  0  0  0  4   5  0  0  0 52  1638
VecScale            3447 1.0 3.4760e-01 1.1 2.73e+08 1.0 0.0e+00 0.0e+00 0.0e+00  0  0  0  0  0   0  0  0  0  0 31195
VecCopy             3600 1.0 1.1086e+00 1.9 0.00e+00 0.0 0.0e+00 0.0e+00 0.0e+00  0  0  0  0  0   0  0  0  0  0     0
VecSet              5447 1.0 2.2688e+00 2.7 0.00e+00 0.0 0.0e+00 0.0e+00 0.0e+00  0  0  0  0  0   1  0  0  0  0     0
VecAXPY             2000 1.0 6.1594e-01 1.2 2.21e+08 1.0 0.0e+00 0.0e+00 0.0e+00  0  0  0  0  0   0  0  0  0  0 14300
VecMAXPY            3447 1.0 5.6889e+00 1.1 2.57e+09 1.0 0.0e+00 0.0e+00 0.0e+00  0  0  0  0  0   2  1  0  0  0 17949
VecScatterBegin     3447 1.0 3.0247e-01 2.0 0.00e+00 0.0 7.9e+05 7.3e+03 0.0e+00  0  0  0  5  0   0  0 50 65  0     0
VecScatterEnd       3447 1.0 1.9832e+01 3.0 0.00e+00 0.0 0.0e+00 0.0e+00 0.0e+00  0  0  0  0  0   4  0  0  0  0     0
VecNormalize        3447 1.0 1.0147e+01 1.3 8.18e+08 1.0 0.0e+00 0.0e+00 3.4e+03  0  0  0  0  3   3  0  0  0 43  3206
MatMult             3447 1.0 8.8769e+01 1.1 3.17e+10 1.0 7.9e+05 7.3e+03 0.0e+00  2  2  0  5  0  31 14 50 65  0 14205
MatSolve            4247 1.0 7.7058e+01 1.1 3.59e+10 1.0 0.0e+00 0.0e+00 0.0e+00  2  3  0  0  0  28 16  0  0  0 18520
PCSetUpOnBlocks      800 1.0 4.9996e-03 3.6 0.00e+00 0.0 0.0e+00 0.0e+00 0.0e+00  0  0  0  0  0   0  0  0  0  0     0
PCApply             4247 1.0 7.8554e+01 1.1 3.59e+10 1.0 0.0e+00 0.0e+00 0.0e+00  2  3  0  0  0  28 16  0  0  0 18167
KSPGMRESOrthog      3047 1.0 3.3566e+01 1.5 4.17e+09 1.0 0.0e+00 0.0e+00 3.0e+03  1  0  0  0  3  10  2  0  0 38  4942
KSPSetUp             800 1.0 5.8532e-04 1.3 0.00e+00 0.0 0.0e+00 0.0e+00 0.0e+00  0  0  0  0  0   0  0  0  0  0     0
KSPSolve             800 1.0 2.0581e+02 1.0 7.34e+10 1.0 7.9e+05 7.3e+03 8.1e+03  5  5  0  5  8  76 33 50 65100 14167
SNESSolve            800 1.0 2.6865e+02 1.0 2.21e+11 1.0 1.6e+06 5.7e+03 8.1e+03  6 16  1  8  8 100100100100100 32671
SNESFunctionEval     800 1.0 6.5595e+01 1.1 1.47e+11 1.0 7.8e+05 4.0e+03 0.0e+00  1 11  0  3  0  24 67 50 35  0 89301
SNESJacobianEval     800 1.0 4.9747e-02 1.6 0.00e+00 0.0 0.0e+00 0.0e+00 0.0e+00  0  0  0  0  0   0  0  0  0  0     0
ParLoopExecute      2400 1.0 6.5271e+01 1.1 1.47e+11 1.0 7.8e+05 4.0e+03 0.0e+00  1 11  0  3  0  24 67 50 35  0 89744
ParLoopCells        1600 1.0 2.6598e+01 1.0 8.79e+10 1.0 0.0e+00 0.0e+00 0.0e+00  1  6  0  0  0  10 40  0  0  0 132188
ParLoopRednBegin    2400 1.0 4.9459e-02 6.1 0.00e+00 0.0 0.0e+00 0.0e+00 0.0e+00  0  0  0  0  0   0  0  0  0  0     0
ParLoopRednEnd      2400 1.0 1.3166e-02 1.2 0.00e+00 0.0 0.0e+00 0.0e+00 0.0e+00  0  0  0  0  0   0  0  0  0  0     0
ParLoopIntFacets    1600 1.0 2.6697e+01 1.1 5.92e+10 1.0 0.0e+00 0.0e+00 0.0e+00  1  4  0  0  0  10 27  0  0  0 87715
ParLoopset_14        800 1.0 1.9392e-01 2.6 0.00e+00 0.0 0.0e+00 0.0e+00 0.0e+00  0  0  0  0  0   0  0  0  0  0     0
ParLoopset_15        800 1.0 9.8149e-02 2.3 0.00e+00 0.0 0.0e+00 0.0e+00 0.0e+00  0  0  0  0  0   0  0  0  0  0     0

--- Event Stage 5: Linear solve

SFBcastBegin        1600 1.0 2.3877e-01 1.9 0.00e+00 0.0 3.6e+05 4.0e+03 0.0e+00  0  0  0  1  0   0  0  0  1  0     0
SFBcastEnd          1600 1.0 1.8410e+00 2.6 0.00e+00 0.0 0.0e+00 0.0e+00 0.0e+00  0  0  0  0  0   0  0  0  0  0     0
SFReduceBegin        800 1.0 6.1928e-02 2.5 0.00e+00 0.0 1.8e+05 4.0e+03 0.0e+00  0  0  0  1  0   0  0  0  1  0     0
SFReduceEnd          800 1.0 3.3945e+00 1.7 0.00e+00 0.0 0.0e+00 0.0e+00 0.0e+00  0  0  0  0  0   0  0  0  0  0     0
VecMDot             3379 1.0 2.6014e+01 1.3 3.79e+09 1.0 0.0e+00 0.0e+00 3.4e+03  1  0  0  0  3   1  0  0  0  4  5810
VecTDot            38156 1.0 9.0098e+01 1.5 3.00e+09 1.0 0.0e+00 0.0e+00 3.8e+04  2  0  0  0 36   2  0  0  0 40  1332
VecNorm            26636 1.0 2.3827e+02 2.8 2.69e+09 1.0 0.0e+00 0.0e+00 2.7e+04  3  0  0  0 25   3  0  0  0 28   451
VecScale          163778 1.0 2.1386e+01 1.4 6.74e+09 1.0 0.0e+00 0.0e+00 0.0e+00  0  0  0  0  0   0  1  0  0  0 12601
VecCopy           123443 1.0 5.5699e+00 1.2 0.00e+00 0.0 0.0e+00 0.0e+00 0.0e+00  0  0  0  0  0   0  0  0  0  0     0
VecSet           1436029 1.0 6.7091e+01 1.2 0.00e+00 0.0 0.0e+00 0.0e+00 0.0e+00  1  0  0  0  0   2  0  0  0  0     0
VecAXPY            42735 1.0 1.0650e+01 1.2 3.79e+09 1.0 0.0e+00 0.0e+00 0.0e+00  0  0  0  0  0   0  0  0  0  0 14211
VecAYPX           929579 1.0 4.1857e+01 1.2 1.06e+10 1.0 0.0e+00 0.0e+00 0.0e+00  1  1  0  0  0   1  1  0  0  0 10096
VecAXPBYCZ        457140 1.0 2.8246e+01 1.2 1.87e+10 1.0 0.0e+00 0.0e+00 0.0e+00  1  1  0  0  0   1  2  0  0  0 26516
VecMAXPY            3779 1.0 1.0703e+01 1.1 4.59e+09 1.0 0.0e+00 0.0e+00 0.0e+00  0  0  0  0  0   0  0  0  0  0 17100
VecScatterBegin  1285188 1.0 2.6952e+01 1.6 0.00e+00 0.0 1.5e+08 6.3e+02 0.0e+00  0  0 98 87  0   1  0100 98  0     0
VecScatterEnd    1285188 1.0 9.4770e+02 2.0 0.00e+00 0.0 0.0e+00 0.0e+00 0.0e+00 16  0  0  0  0  18  0  0  0  0     0
VecNormalize        3779 1.0 6.7602e+00 1.3 1.34e+09 1.0 0.0e+00 0.0e+00 3.8e+03  0  0  0  0  4   0  0  0  0  4  7913
MatMult           715725 1.0 2.8113e+03 1.1 7.67e+11 1.0 1.2e+08 7.6e+02 2.7e+04 64 55 78 84 25  69 69 80 94 28 10859
MatMultAdd        284021 1.0 2.8495e+02 1.5 7.03e+10 1.0 1.7e+07 3.4e+02 0.0e+00  6  5 11  5  0   6  6 11  6  0  9859
MatMultTranspose  114285 1.0 1.5371e+02 4.1 4.64e+09 1.0 1.5e+07 1.3e+02 0.0e+00  2  0 10  2  0   2  0 10  2  0  1201
MatSolve          872345 1.5 1.8526e+03 1.2 6.39e+11 1.0 0.0e+00 0.0e+00 0.0e+00 39 46  0  0  0  43 58  0  0  0 13725
MatResidual       114285 1.0 4.0039e+02 1.1 1.10e+11 1.0 1.9e+07 6.8e+02 0.0e+00  9  8 12 12  0  10 10 13 13  0 10923
PCSetUpOnBlocks   415205 1.0 6.4440e-01 1.4 0.00e+00 0.0 0.0e+00 0.0e+00 0.0e+00  0  0  0  0  0   0  0  0  0  0     0
PCApply             3779 1.0 3.8313e+03 1.0 1.03e+12 1.0 1.5e+08 6.1e+02 6.1e+04 89 74 97 84 57  97 93 99 94 64 10720
KSPSolve_FS_0       3779 1.0 3.2085e+01 1.1 9.81e+09 1.0 0.0e+00 0.0e+00 0.0e+00  1  1  0  0  0   1  1  0  0  0 12144
KSPSolve_FS_Schu    3779 1.0 3.7412e+03 1.0 1.00e+12 1.0 1.5e+08 6.1e+02 6.1e+04 87 72 96 83 57  94 90 98 92 64 10690
KSPSolve_FS_Low     3779 1.0 3.0276e+01 1.2 9.81e+09 1.0 0.0e+00 0.0e+00 0.0e+00  1  1  0  0  0   1  1  0  0  0 12869
KSPGMRESOrthog      3379 1.0 3.4059e+01 1.2 7.59e+09 1.0 0.0e+00 0.0e+00 3.4e+03  1  1  0  0  3   1  1  0  0  4  8875
KSPSetUp             400 1.0 3.2234e-04 1.6 0.00e+00 0.0 0.0e+00 0.0e+00 0.0e+00  0  0  0  0  0   0  0  0  0  0     0
KSPSolve             400 1.0 3.9283e+03 1.0 1.06e+12 1.0 1.5e+08 6.3e+02 9.5e+04 91 76 98 87 90  99 95100 98100 10722
SNESSolve            400 1.0 3.9504e+03 1.0 1.11e+12 1.0 1.6e+08 6.4e+02 9.5e+04 92 80 98 89 90 100100100100100 11188
SNESFunctionEval     400 1.0 2.2383e+01 1.0 5.18e+10 1.0 5.5e+05 4.0e+03 0.0e+00  1  4  0  2  0   1  5  0  2  0 92520
SNESJacobianEval     400 1.0 3.2053e-02 1.8 0.00e+00 0.0 0.0e+00 0.0e+00 0.0e+00  0  0  0  0  0   0  0  0  0  0     0
ParLoopExecute      1600 1.0 2.1476e+01 1.0 5.18e+10 1.0 5.5e+05 4.0e+03 0.0e+00  0  4  0  2  0   1  5  0  2  0 96424
ParLoopCells        1600 1.0 1.6762e+01 1.1 5.18e+10 1.0 0.0e+00 0.0e+00 0.0e+00  0  4  0  0  0   0  5  0  0  0 123545
ParLoopRednBegin    1600 1.0 2.1481e-02 4.3 0.00e+00 0.0 0.0e+00 0.0e+00 0.0e+00  0  0  0  0  0   0  0  0  0  0     0
ParLoopRednEnd      1600 1.0 9.1910e-03 1.3 0.00e+00 0.0 0.0e+00 0.0e+00 0.0e+00  0  0  0  0  0   0  0  0  0  0     0
ParLoopset_14        800 1.0 2.0059e-01 2.4 0.00e+00 0.0 0.0e+00 0.0e+00 0.0e+00  0  0  0  0  0   0  0  0  0  0     0
ParLoopset_15        800 1.0 9.1104e-02 2.7 0.00e+00 0.0 0.0e+00 0.0e+00 0.0e+00  0  0  0  0  0   0  0  0  0  0     0
------------------------------------------------------------------------------------------------------------------------

Memory usage is given in bytes:

Object Type          Creations   Destructions     Memory  Descendants' Mem.
Reports information only for process 0.

--- Event Stage 0: Main Stage

              Viewer     1              0            0     0.
           Index Set   527            595     63165904     0.
   IS L to G Mapping    16             16      8404408     0.
             Section   122            122        86864     0.
   Star Forest Graph   154            158       133664     0.
              Vector    81            448    116238120     0.
         Vec Scatter    25             51      7585384     0.
              Matrix    62            210    493028980     0.
      Preconditioner     8             44        45136     0.
       Krylov Solver     8             54       480024     0.
     DMKSP interface     0              6         3984     0.
                SNES     7              7         9632     0.
      SNESLineSearch     7              7         7000     0.
              DMSNES     6              6         4080     0.
    Distributed Mesh    42             42       201296     0.
    GraphPartitioner     8              8         4960     0.
     Discrete System    42             42        38976     0.

--- Event Stage 1: Warm up: DU Residuals

           Index Set    20              8       631872     0.
   Star Forest Graph     4              0            0     0.
              Vector    52              0            0     0.
              Matrix     4              0            0     0.
      Preconditioner     4              0            0     0.
       Krylov Solver     4              0            0     0.
     DMKSP interface     4              0            0     0.

--- Event Stage 2: Warm up: Linear solve

         PetscRandom    20             20        13080     0.
           Index Set   226            170      1804528     0.
   Star Forest Graph    10             10         8800     0.
              Vector   734            418     21169488     0.
         Vec Scatter    74             48        61408     0.
              Matrix   326            182    182451168     0.
      Matrix Coarsen    10             10         6440     0.
      Preconditioner    44             12        10432     0.
       Krylov Solver    54             12       305296     0.
     DMKSP interface     2              0            0     0.

--- Event Stage 3: Warm up


--- Event Stage 4: DU Residuals

              Vector     0              1       627136     0.

--- Event Stage 5: Linear solve

              Vector 13516          13516     22490624     0.
========================================================================================================================
Average time to get PetscTime(): 9.53674e-08
Average time for MPI_Barrier(): 0.000194407
Average time for zero size MPI_Send(): 2.43962e-05
#PETSc Option Table entries:
--dt 28.125
--method RTCF
--model_degree 2
--nsteps 100
--profile
--refinements 8
-log_view
#End of PETSc Option Table entries
Compiled without FORTRAN kernels
Compiled with full precision matrices (default)
sizeof(short) 2 sizeof(int) 4 sizeof(long) 8 sizeof(void*) 8 sizeof(PetscScalar) 8 sizeof(PetscInt) 4
Configure options: --prefix=/home/scratch/tg2115/src/firedrake/lib/python3.5/site-packages/petsc PETSC_ARCH=arch-python-linux-x86_64 --with-shared-libraries=1 --with-debugging=0 --with-c2html=0 --with-cc=mpicc --with-cxx=mpicxx --with-fc=mpif90 --download-eigen=/home/scratch/tg2115/src/firedrake/src/eigen-3.3.3.tgz --with-fortran-bindings=0 --download-chaco --download-metis --download-parmetis --download-scalapack --download-hypre --download-mumps --download-netcdf --download-hdf5 --download-pnetcdf --download-exodusii
-----------------------------------------
Libraries compiled on 2018-04-17 14:37:37 on mpe2 
Machine characteristics: Linux-4.4.0-116-generic-x86_64-with-Ubuntu-16.04-xenial
Using PETSc directory: /home/scratch/tg2115/src/firedrake/lib/python3.5/site-packages/petsc
Using PETSc arch: 
-----------------------------------------

Using C compiler: mpicc  -fPIC  -Wall -Wwrite-strings -Wno-strict-aliasing -Wno-unknown-pragmas -fstack-protector -fvisibility=hidden -g -O  
Using Fortran compiler: mpif90  -fPIC -Wall -ffree-line-length-0 -Wno-unused-dummy-argument -g -O    
-----------------------------------------

Using include paths: -I/home/scratch/tg2115/src/firedrake/lib/python3.5/site-packages/petsc/include -I/home/scratch/tg2115/src/firedrake/lib/python3.5/site-packages/petsc//include -I/home/scratch/tg2115/src/firedrake/lib/python3.5/site-packages/petsc/include -I/home/scratch/tg2115/src/firedrake/lib/python3.5/site-packages/petsc/include/eigen3
-----------------------------------------

Using C linker: mpicc
Using Fortran linker: mpif90
Using libraries: -Wl,-rpath,/home/scratch/tg2115/src/firedrake/lib/python3.5/site-packages/petsc/lib -L/home/scratch/tg2115/src/firedrake/lib/python3.5/site-packages/petsc/lib -lpetsc -Wl,-rpath,/home/scratch/tg2115/src/firedrake/lib/python3.5/site-packages/petsc/lib -L/home/scratch/tg2115/src/firedrake/lib/python3.5/site-packages/petsc/lib -Wl,-rpath,/usr/lib/openmpi/lib -L/usr/lib/openmpi/lib -Wl,-rpath,/usr/lib/gcc/x86_64-linux-gnu/5 -L/usr/lib/gcc/x86_64-linux-gnu/5 -Wl,-rpath,/usr/lib/x86_64-linux-gnu -L/usr/lib/x86_64-linux-gnu -Wl,-rpath,/lib/x86_64-linux-gnu -L/lib/x86_64-linux-gnu -lcmumps -ldmumps -lsmumps -lzmumps -lmumps_common -lpord -lscalapack -lHYPRE -llapack -lblas -lexodus -lnetcdf -lpnetcdf -lchaco -lhdf5hl_fortran -lhdf5_fortran -lhdf5_hl -lhdf5 -lparmetis -lmetis -lm -lX11 -lstdc++ -ldl -lmpi_usempif08 -lmpi_usempi_ignore_tkr -lmpi_mpifh -lmpi -lgfortran -lm -lgfortran -lm -lgcc_s -lquadmath -lpthread -lstdc++ -ldl
-----------------------------------------

