
Running cold initialization for the problem set:

method: BDM,

model degree: 2,

hybridization: False,



Dt = 28.125,

Courant number (approximate): 0.22135149895683526,

Dx (min): 28.396066451806234 km,

Dx (max): 33.052439495552996 km.

Warm up with one-step.

Warm up done. Profiling run for 100 steps.


Running Williamson 5 test with parameters:

method: BDM,

model degree: 2,

refinements: 8,

hybridization: False,

tmax: 2812.5

Simulation complete.

************************************************************************************************************************
***             WIDEN YOUR WINDOW TO 120 CHARACTERS.  Use 'enscript -r -fCourier9' to print this document            ***
************************************************************************************************************************

---------------------------------------------- PETSc Performance Summary: ----------------------------------------------

swe_williamson5.py on a  named mpe2 with 40 processors, by tg2115 Fri May  4 02:17:57 2018
Using Petsc Development GIT revision: v3.4.2-20859-g7bfdb64  GIT Date: 2018-04-03 16:04:52 -0500

                         Max       Max/Min        Avg      Total 
Time (sec):           9.574e+03      1.00000   9.574e+03
Objects:              3.121e+04      1.01443   3.079e+04
Flop:                 2.761e+12      1.01115   2.747e+12  1.099e+14
Flop/sec:            2.883e+08      1.01115   2.869e+08  1.148e+10
MPI Messages:         1.266e+07      1.89940   9.372e+06  3.749e+08
MPI Message Lengths:  6.459e+09      1.50083   5.852e+02  2.194e+11
MPI Reductions:       2.162e+05      1.00000

Flop counting convention: 1 flop = 1 real number operation of type (multiply/divide/add/subtract)
                            e.g., VecAXPY() for real vectors of length N --> 2N flop
                            and VecAXPY() for complex vectors of length N --> 8N flop

Summary of Stages:   ----- Time ------  ----- Flop -----  --- Messages ---  -- Message Lengths --  -- Reductions --
                        Avg     %Total     Avg     %Total   counts   %Total     Avg         %Total   counts   %Total 
 0:      Main Stage: 6.9035e+01   0.7%  2.7873e+12   2.5%  4.579e+05   0.1%  5.845e+00        1.0%  9.960e+02   0.5% 
 1: Warm up: DU Residuals: 4.5952e+00   0.0%  1.2868e+11   0.1%  1.357e+04   0.0%  1.968e-01        0.0%  7.600e+01   0.0% 
 2: Warm up: Linear solve: 4.5414e+01   0.5%  4.5333e+11   0.4%  1.775e+06   0.5%  2.938e+00        0.5%  2.398e+03   1.1% 
 3:         Warm up: 3.3254e-03   0.0%  0.0000e+00   0.0%  0.000e+00   0.0%  0.000e+00        0.0%  0.000e+00   0.0% 
 4:    DU Residuals: 4.8066e+02   5.0%  1.2917e+13  11.8%  2.314e+06   0.6%  3.519e+01        6.0%  1.470e+04   6.8% 
 5:    Linear solve: 8.9747e+03  93.7%  9.3588e+13  85.2%  3.703e+08  98.8%  5.410e+02       92.5%  1.980e+05  91.6% 

------------------------------------------------------------------------------------------------------------------------
See the 'Profiling' chapter of the users' manual for details on interpreting output.
Phase summary info:
   Count: number of times phase was executed
   Time and Flop: Max - maximum over all processors
                   Ratio - ratio of maximum to minimum over all processors
   Mess: number of messages sent
   Avg. len: average message length (bytes)
   Reduct: number of global reductions
   Global: entire computation
   Stage: stages of a computation. Set stages with PetscLogStagePush() and PetscLogStagePop().
      %T - percent time in this phase         %F - percent flop in this phase
      %M - percent messages in this phase     %L - percent message lengths in this phase
      %R - percent reductions in this phase
   Total Mflop/s: 10e-6 * (sum of flop over all processors)/(max time over all processors)
------------------------------------------------------------------------------------------------------------------------
Event                Count      Time (sec)     Flop                             --- Global ---  --- Stage ---   Total
                   Max Ratio  Max     Ratio   Max  Ratio  Mess   Avg len Reduct  %T %F %M %L %R  %T %F %M %L %R Mflop/s
------------------------------------------------------------------------------------------------------------------------

--- Event Stage 0: Main Stage

PetscBarrier          16 1.0 1.8805e+00 1.0 0.00e+00 0.0 0.0e+00 0.0e+00 4.8e+01  0  0  0  0  0   3  0  0  0  5     0
BuildTwoSided         70 1.0 2.4813e+0026.6 0.00e+00 0.0 1.0e+04 4.0e+00 0.0e+00  0  0  0  0  0   3  0  2  0  0     0
BuildTwoSidedF        27 1.0 3.7150e+00 3.0 0.00e+00 0.0 3.8e+03 4.7e+04 0.0e+00  0  0  0  0  0   3  0  1  8  0     0
SFSetGraph            76 1.0 4.4451e-03 1.1 0.00e+00 0.0 0.0e+00 0.0e+00 0.0e+00  0  0  0  0  0   0  0  0  0  0     0
SFSetUp               70 1.0 2.5818e+0013.3 0.00e+00 0.0 3.1e+04 3.9e+03 0.0e+00  0  0  0  0  0   4  0  7  6  0     0
SFBcastBegin         963 1.0 3.1066e-01 1.8 0.00e+00 0.0 2.2e+05 4.3e+03 0.0e+00  0  0  0  0  0   0  0 49 44  0     0
SFBcastEnd           963 1.0 3.6819e+00 2.1 0.00e+00 0.0 0.0e+00 0.0e+00 0.0e+00  0  0  0  0  0   4  0  0  0  0     0
SFReduceBegin        809 1.0 3.3777e-02 1.6 0.00e+00 0.0 1.8e+05 3.6e+03 0.0e+00  0  0  0  0  0   0  0 40 30  0     0
SFReduceEnd          809 1.0 4.7504e+00 1.6 0.00e+00 0.0 0.0e+00 0.0e+00 0.0e+00  0  0  0  0  0   6  0  0  0  0     0
SFFetchOpBegin         2 1.0 5.5790e-05 8.1 0.00e+00 0.0 2.3e+02 5.4e+02 0.0e+00  0  0  0  0  0   0  0  0  0  0     0
SFFetchOpEnd           2 1.0 1.1599e-0318.7 0.00e+00 0.0 2.3e+02 5.4e+02 0.0e+00  0  0  0  0  0   0  0  0  0  0     0
VecTDot               38 1.0 7.9137e-02 2.5 7.52e+06 1.0 0.0e+00 0.0e+00 3.8e+01  0  0  0  0  0   0  0  0  0  4  3776
VecNorm              420 1.0 3.8822e+00 1.6 1.15e+08 1.0 0.0e+00 0.0e+00 4.2e+02  0  0  0  0  0   4  0  0  0 42  1175
VecCopy                6 1.0 5.0662e-03 2.1 0.00e+00 0.0 0.0e+00 0.0e+00 0.0e+00  0  0  0  0  0   0  0  0  0  0     0
VecSet                64 1.0 1.2497e-02 2.6 0.00e+00 0.0 0.0e+00 0.0e+00 0.0e+00  0  0  0  0  0   0  0  0  0  0     0
VecAXPY               39 1.0 3.5815e-02 1.4 7.72e+06 1.0 0.0e+00 0.0e+00 0.0e+00  0  0  0  0  0   0  0  0  0  0  8564
VecAYPX               18 1.0 1.0597e-02 1.3 3.56e+06 1.0 0.0e+00 0.0e+00 0.0e+00  0  0  0  0  0   0  0  0  0  0 13359
VecScatterBegin       31 1.0 1.1135e-02 3.2 0.00e+00 0.0 6.5e+03 2.0e+04 0.0e+00  0  0  0  0  0   0  0  1  6  0     0
VecScatterEnd         31 1.0 5.7961e-02 9.9 0.00e+00 0.0 0.0e+00 0.0e+00 0.0e+00  0  0  0  0  0   0  0  0  0  0     0
MatMult               19 1.0 2.0686e-01 1.2 6.36e+07 1.0 4.3e+03 3.1e+03 0.0e+00  0  0  0  0  0   0  0  1  1  0 12207
MatSolve              20 1.0 2.1920e-01 1.2 6.65e+07 1.0 0.0e+00 0.0e+00 0.0e+00  0  0  0  0  0   0  0  0  0  0 12051
MatLUFactorNum         1 1.0 5.6361e-02 1.3 1.60e+07 1.0 0.0e+00 0.0e+00 0.0e+00  0  0  0  0  0   0  0  0  0  0 11150
MatILUFactorSym        1 1.0 3.6823e-02 1.5 0.00e+00 0.0 0.0e+00 0.0e+00 0.0e+00  0  0  0  0  0   0  0  0  0  0     0
MatAssemblyBegin      27 1.0 3.7953e+00 2.9 0.00e+00 0.0 3.8e+03 4.7e+04 0.0e+00  0  0  0  0  0   3  0  1  8  0     0
MatAssemblyEnd        27 1.0 1.4937e+00 6.5 0.00e+00 0.0 4.1e+03 8.3e+02 1.0e+02  0  0  0  0  0   1  0  1  0 10     0
MatGetRowIJ            1 1.0 1.1921e-06 0.0 0.00e+00 0.0 0.0e+00 0.0e+00 0.0e+00  0  0  0  0  0   0  0  0  0  0     0
MatGetOrdering         1 1.0 3.7482e-03 2.0 0.00e+00 0.0 0.0e+00 0.0e+00 0.0e+00  0  0  0  0  0   0  0  0  0  0     0
MatZeroEntries         1 1.0 5.3630e-03 2.3 0.00e+00 0.0 0.0e+00 0.0e+00 0.0e+00  0  0  0  0  0   0  0  0  0  0     0
PCSetUp                2 1.0 9.6544e-02 1.3 1.60e+07 1.0 0.0e+00 0.0e+00 0.0e+00  0  0  0  0  0   0  0  0  0  0  6509
PCSetUpOnBlocks        1 1.0 9.6438e-02 1.3 1.60e+07 1.0 0.0e+00 0.0e+00 0.0e+00  0  0  0  0  0   0  0  0  0  0  6517
PCApply               20 1.0 2.2456e-01 1.1 6.65e+07 1.0 0.0e+00 0.0e+00 0.0e+00  0  0  0  0  0   0  0  0  0  0 11763
KSPSetUp               2 1.0 1.8580e-03 2.9 0.00e+00 0.0 0.0e+00 0.0e+00 0.0e+00  0  0  0  0  0   0  0  0  0  0     0
KSPSolve               1 1.0 6.1517e-01 1.0 1.69e+08 1.0 4.3e+03 3.1e+03 5.8e+01  0  0  0  0  0   1  0  1  1  6 10878
SNESSolve              1 1.0 7.7397e-01 1.0 2.49e+08 1.0 5.0e+03 4.1e+03 5.8e+01  0  0  0  0  0   1  0  1  1  6 12818
SNESFunctionEval       1 1.0 3.6841e-02 1.8 2.00e+07 1.0 4.6e+02 5.3e+03 0.0e+00  0  0  0  0  0   0  0  0  0  0 21660
SNESJacobianEval       1 1.0 1.3405e-01 1.1 6.06e+07 1.0 1.7e+02 2.6e+04 0.0e+00  0  0  0  0  0   0  0  0  0  0 18078
Mesh Partition         4 1.0 4.6965e+00 1.0 0.00e+00 0.0 4.4e+04 1.5e+03 2.0e+01  0  0  0  0  0   7  0 10  3  2     0
Mesh Migration         4 1.0 8.1387e-01 1.0 0.00e+00 0.0 1.8e+04 1.8e+04 8.8e+01  0  0  0  0  0   1  0  4 15  9     0
DMPlexInterp           2 1.0 1.5750e-03 1.1 0.00e+00 0.0 0.0e+00 0.0e+00 8.0e+00  0  0  0  0  0   0  0  0  0  1     0
DMPlexDistribute       2 1.0 5.3335e+00 1.0 0.00e+00 0.0 2.2e+04 2.0e+04 4.0e+01  0  0  0  0  0   8  0  5 19  4     0
DMPlexDistCones        4 1.0 2.5508e-01 1.1 0.00e+00 0.0 4.3e+03 3.0e+04 0.0e+00  0  0  0  0  0   0  0  1  6  0     0
DMPlexDistLabels       4 1.0 3.6625e-01 1.0 0.00e+00 0.0 6.1e+03 1.9e+04 5.2e+01  0  0  0  0  0   1  0  1  5  5     0
DMPlexDistribOL        2 1.0 2.3052e-01 1.0 0.00e+00 0.0 4.1e+04 5.2e+02 6.8e+01  0  0  0  0  0   0  0  9  1  7     0
DMPlexDistField        6 1.0 5.9228e-02 1.1 0.00e+00 0.0 5.9e+03 7.4e+03 4.0e+00  0  0  0  0  0   0  0  1  2  0     0
DMPlexDistData         4 1.0 2.4134e+0036.8 0.00e+00 0.0 3.9e+04 1.0e+03 0.0e+00  0  0  0  0  0   3  0  8  2  0     0
DMPlexStratify        24 1.0 1.8362e+00 1.8 0.00e+00 0.0 0.0e+00 0.0e+00 2.4e+01  0  0  0  0  0   3  0  0  0  2     0
CreateMesh            10 1.0 6.3003e+00 1.0 0.00e+00 0.0 6.3e+04 7.1e+03 1.2e+02  0  0  0  0  0   9  0 14 20 12     0
Mesh: reorder          2 1.0 1.2650e-02 1.2 0.00e+00 0.0 0.0e+00 0.0e+00 4.0e+00  0  0  0  0  0   0  0  0  0  0     0
Mesh: numbering        2 1.0 9.6446e-02 1.2 0.00e+00 0.0 0.0e+00 0.0e+00 4.0e+00  0  0  0  0  0   0  0  0  0  0     0
CreateFunctionSpace      40 1.0 9.4836e-01 1.3 0.00e+00 0.0 1.6e+03 1.1e+03 0.0e+00  0  0  0  0  0   1  0  0  0  0     0
ParLoopExecute      2835 1.0 3.4656e+01 1.0 6.94e+10 1.0 3.7e+05 3.5e+03 2.4e+01  0  3  0  1  0  49100 81 59  2 80106
ParLoopCells        1646 1.0 2.4941e+01 1.0 6.92e+10 1.0 0.0e+00 0.0e+00 0.0e+00  0  3  0  0  0  35 99  0  0  0 111047
ParLoopRednBegin    2835 1.0 1.4562e+00 1.2 0.00e+00 0.0 0.0e+00 0.0e+00 0.0e+00  0  0  0  0  0   2  0  0  0  0     0
ParLoopRednEnd      2835 1.0 3.3153e-02 1.1 0.00e+00 0.0 0.0e+00 0.0e+00 0.0e+00  0  0  0  0  0   0  0  0  0  0     0
ParLoopset_4           4 1.0 2.0857e-03 1.9 0.00e+00 0.0 0.0e+00 0.0e+00 0.0e+00  0  0  0  0  0   0  0  0  0  0     0
CreateSparsity        12 1.0 1.0837e+01 1.1 0.00e+00 0.0 3.5e+03 2.4e+04 5.6e+01  0  0  0  0  0  14  0  1  4  6     0
MatZeroInitial        13 1.0 1.9714e+00 1.2 0.00e+00 0.0 0.0e+00 0.0e+00 0.0e+00  0  0  0  0  0   3  0  0  0  0     0
ParLoopset_6           2 1.0 2.4340e-03 1.8 0.00e+00 0.0 0.0e+00 0.0e+00 0.0e+00  0  0  0  0  0   0  0  0  0  0     0
ParLoopset_7           2 1.0 6.3181e-04 4.3 0.00e+00 0.0 0.0e+00 0.0e+00 0.0e+00  0  0  0  0  0   0  0  0  0  0     0
ParLoopset_12          4 1.0 6.7210e-04 2.3 0.00e+00 0.0 0.0e+00 0.0e+00 0.0e+00  0  0  0  0  0   0  0  0  0  0     0
ParLoopset_14       2006 1.0 5.4387e-01 1.1 1.19e+08 1.0 0.0e+00 0.0e+00 0.0e+00  0  0  0  0  0   1  0  0  0  0  8676
ParLoopset_15       2006 1.0 2.1967e-01 1.1 4.72e+07 1.0 0.0e+00 0.0e+00 0.0e+00  0  0  0  0  0   0  0  0  0  0  8599

--- Event Stage 1: Warm up: DU Residuals

BuildTwoSided          4 1.0 1.0699e-02 2.8 0.00e+00 0.0 4.6e+02 4.0e+00 0.0e+00  0  0  0  0  0   0  0  3  0  0     0
BuildTwoSidedF         8 1.0 2.7200e-01 2.9 0.00e+00 0.0 3.4e+02 2.6e+04 0.0e+00  0  0  0  0  0   4  0  3 12  0     0
SFSetGraph             8 1.0 9.1529e-04 1.3 0.00e+00 0.0 0.0e+00 0.0e+00 0.0e+00  0  0  0  0  0   0  0  0  0  0     0
SFSetUp                4 1.0 1.8587e-02 4.0 0.00e+00 0.0 1.4e+03 1.2e+03 0.0e+00  0  0  0  0  0   0  0 10  2  0     0
SFBcastBegin          14 1.0 2.6235e-0226.5 0.00e+00 0.0 3.2e+03 2.5e+03 0.0e+00  0  0  0  0  0   0  0 24 11  0     0
SFBcastEnd            14 1.0 9.9288e-02265.3 0.00e+00 0.0 0.0e+00 0.0e+00 0.0e+00  0  0  0  0  0   1  0  0  0  0     0
SFReduceBegin          8 1.0 4.9591e-04 2.5 0.00e+00 0.0 1.8e+03 3.5e+03 0.0e+00  0  0  0  0  0   0  0 13  9  0     0
SFReduceEnd            8 1.0 1.4376e-01 6.2 0.00e+00 0.0 0.0e+00 0.0e+00 0.0e+00  0  0  0  0  0   2  0  0  0  0     0
VecMDot               30 1.0 4.4588e-01 1.8 4.75e+07 1.0 0.0e+00 0.0e+00 3.0e+01  0  0  0  0  0   7  1  0  0 39  4233
VecNorm               34 1.0 1.9196e-01 3.2 6.49e+06 1.0 0.0e+00 0.0e+00 3.4e+01  0  0  0  0  0   3  0  0  0 45  1344
VecScale              32 1.0 5.9707e-03 1.8 3.17e+06 1.0 0.0e+00 0.0e+00 0.0e+00  0  0  0  0  0   0  0  0  0  0 21074
VecCopy               20 1.0 9.8534e-03 2.1 0.00e+00 0.0 0.0e+00 0.0e+00 0.0e+00  0  0  0  0  0   0  0  0  0  0     0
VecSet                40 1.0 1.4985e-02 1.9 0.00e+00 0.0 0.0e+00 0.0e+00 0.0e+00  0  0  0  0  0   0  0  0  0  0     0
VecAXPY                6 1.0 4.2121e-03 1.9 9.49e+05 1.0 0.0e+00 0.0e+00 0.0e+00  0  0  0  0  0   0  0  0  0  0  8962
VecMAXPY              32 1.0 1.2283e-01 1.1 5.34e+07 1.0 0.0e+00 0.0e+00 0.0e+00  0  0  0  0  0   3  2  0  0  0 17287
VecScatterBegin       30 1.0 3.0506e-03 2.1 0.00e+00 0.0 6.8e+03 7.2e+03 0.0e+00  0  0  0  0  0   0  0 50 66  0     0
VecScatterEnd         30 1.0 2.8974e-01 9.9 0.00e+00 0.0 0.0e+00 0.0e+00 0.0e+00  0  0  0  0  0   3  0  0  0  0     0
VecNormalize          32 1.0 1.8072e-01 4.0 9.50e+06 1.0 0.0e+00 0.0e+00 3.2e+01  0  0  0  0  0   2  0  0  0 42  2089
MatMult               30 1.0 8.9793e-01 1.3 2.93e+08 1.0 6.8e+03 7.2e+03 0.0e+00  0  0  0  0  0  17  9 50 66  0 12953
MatSolve              34 1.0 7.1602e-01 1.2 3.10e+08 1.0 0.0e+00 0.0e+00 0.0e+00  0  0  0  0  0  14 10  0  0  0 17210
MatLUFactorNum         4 1.0 3.0076e-01 1.6 1.07e+08 1.0 0.0e+00 0.0e+00 0.0e+00  0  0  0  0  0   5  3  0  0  0 14005
MatILUFactorSym        4 1.0 2.1724e-01 1.1 0.00e+00 0.0 0.0e+00 0.0e+00 0.0e+00  0  0  0  0  0   4  0  0  0  0     0
MatAssemblyBegin       8 1.0 2.7498e-01 2.9 0.00e+00 0.0 3.4e+02 2.6e+04 0.0e+00  0  0  0  0  0   4  0  3 12  0     0
MatAssemblyEnd         8 1.0 6.1577e-02 1.3 0.00e+00 0.0 0.0e+00 0.0e+00 0.0e+00  0  0  0  0  0   1  0  0  0  0     0
MatGetRowIJ            4 1.0 1.0014e-05 0.0 0.00e+00 0.0 0.0e+00 0.0e+00 0.0e+00  0  0  0  0  0   0  0  0  0  0     0
MatGetOrdering         4 1.0 1.1287e-02 1.6 0.00e+00 0.0 0.0e+00 0.0e+00 0.0e+00  0  0  0  0  0   0  0  0  0  0     0
MatZeroEntries         4 1.0 4.7515e-02 2.7 0.00e+00 0.0 0.0e+00 0.0e+00 0.0e+00  0  0  0  0  0   1  0  0  0  0     0
PCSetUp                8 1.0 5.1707e-01 1.3 1.07e+08 1.0 0.0e+00 0.0e+00 0.0e+00  0  0  0  0  0  10  3  0  0  0  8146
PCSetUpOnBlocks        4 1.0 5.1665e-01 1.3 1.07e+08 1.0 0.0e+00 0.0e+00 0.0e+00  0  0  0  0  0  10  3  0  0  0  8153
PCApply               34 1.0 7.2748e-01 1.2 3.10e+08 1.0 0.0e+00 0.0e+00 0.0e+00  0  0  0  0  0  15 10  0  0  0 16939
KSPGMRESOrthog        30 1.0 5.4951e-01 1.6 9.50e+07 1.0 0.0e+00 0.0e+00 3.0e+01  0  0  0  0  0  10  3  0  0 39  6870
KSPSetUp               8 1.0 1.0247e-02 2.2 0.00e+00 0.0 0.0e+00 0.0e+00 0.0e+00  0  0  0  0  0   0  0  0  0  0     0
KSPSolve               4 1.0 2.5453e+00 1.0 8.21e+08 1.0 6.8e+03 7.2e+03 6.4e+01  0  0  0  0  0  55 25 50 66 84 12799
SNESSolve              4 1.0 4.5870e+00 1.0 3.23e+09 1.0 1.4e+04 5.4e+03 7.2e+01  0  0  0  0  0 100100100100 95 28052
SNESFunctionEval       4 1.0 6.1605e-01 1.3 8.58e+08 1.0 6.4e+03 2.5e+03 8.0e+00  0  0  0  0  0  12 27 47 22 11 55520
SNESJacobianEval       4 1.0 1.5461e+00 1.1 1.56e+09 1.0 3.4e+02 2.6e+04 0.0e+00  0  0  0  0  0  33 48  3 12  0 40020
ParLoopExecute        20 1.0 1.8488e+00 1.1 2.41e+09 1.0 6.4e+03 2.5e+03 8.0e+00  0  0  0  0  0  38 75 47 22 11 51969
ParLoopCells          16 1.0 8.0123e-01 1.3 1.31e+09 1.0 0.0e+00 0.0e+00 0.0e+00  0  0  0  0  0  15 41  0  0  0 65237
ParLoopRednBegin      20 1.0 1.1163e-03 2.6 0.00e+00 0.0 0.0e+00 0.0e+00 0.0e+00  0  0  0  0  0   0  0  0  0  0     0
ParLoopRednEnd        20 1.0 1.3447e-04 1.6 0.00e+00 0.0 0.0e+00 0.0e+00 0.0e+00  0  0  0  0  0   0  0  0  0  0     0
ParLoopset_6           2 1.0 1.1709e-03 6.0 0.00e+00 0.0 0.0e+00 0.0e+00 0.0e+00  0  0  0  0  0   0  0  0  0  0     0
ParLoopset_7           2 1.0 1.5538e-03 1.2 0.00e+00 0.0 0.0e+00 0.0e+00 0.0e+00  0  0  0  0  0   0  0  0  0  0     0
ParLoopIntFacets      16 1.0 7.9434e-01 1.2 1.11e+09 1.0 0.0e+00 0.0e+00 0.0e+00  0  0  0  0  0  16 34  0  0  0 55151
ParLoopset_14          2 1.0 1.1382e-03 5.7 0.00e+00 0.0 0.0e+00 0.0e+00 0.0e+00  0  0  0  0  0   0  0  0  0  0     0
ParLoopset_15          2 1.0 5.0592e-04 4.7 0.00e+00 0.0 0.0e+00 0.0e+00 0.0e+00  0  0  0  0  0   0  0  0  0  0     0

--- Event Stage 2: Warm up: Linear solve

BuildTwoSided         10 1.0 2.2049e-03 1.3 0.00e+00 0.0 1.0e+03 4.0e+00 0.0e+00  0  0  0  0  0   0  0  0  0  0     0
BuildTwoSidedF       102 1.0 4.5144e-01 2.5 0.00e+00 0.0 5.9e+03 5.8e+03 0.0e+00  0  0  0  0  0   1  0  0  3  0     0
SFSetGraph            10 1.0 5.4836e-06 0.0 0.00e+00 0.0 0.0e+00 0.0e+00 0.0e+00  0  0  0  0  0   0  0  0  0  0     0
SFSetUp               10 1.0 2.7609e-03 1.2 0.00e+00 0.0 3.0e+03 3.2e+02 0.0e+00  0  0  0  0  0   0  0  0  0  0     0
SFBcastBegin          54 1.0 1.9598e-03 2.2 0.00e+00 0.0 1.2e+04 9.4e+02 0.0e+00  0  0  0  0  0   0  0  1  1  0     0
SFBcastEnd            54 1.0 2.9496e-0229.2 0.00e+00 0.0 0.0e+00 0.0e+00 0.0e+00  0  0  0  0  0   0  0  0  0  0     0
SFReduceBegin          4 1.0 2.8706e-04 2.7 0.00e+00 0.0 9.1e+02 3.5e+03 0.0e+00  0  0  0  0  0   0  0  0  0  0     0
SFReduceEnd            4 1.0 6.6094e-02 9.3 0.00e+00 0.0 0.0e+00 0.0e+00 0.0e+00  0  0  0  0  0   0  0  0  0  0     0
VecMDot              232 1.0 7.1000e-01 1.4 9.38e+07 1.0 0.0e+00 0.0e+00 2.3e+02  0  0  0  0  0   1  1  0  0 10  5264
VecTDot              360 1.0 1.0014e+00 1.4 2.83e+07 1.0 0.0e+00 0.0e+00 3.6e+02  0  0  0  0  0   2  0  0  0 15  1131
VecNorm              468 1.0 2.2716e+00 1.8 3.00e+07 1.0 0.0e+00 0.0e+00 4.7e+02  0  0  0  0  0   4  0  0  0 20   527
VecScale            1772 1.0 1.8977e-01 1.3 6.62e+07 1.0 0.0e+00 0.0e+00 0.0e+00  0  0  0  0  0   0  1  0  0  0 13959
VecCopy             1168 1.0 6.9448e-02 1.5 0.00e+00 0.0 0.0e+00 0.0e+00 0.0e+00  0  0  0  0  0   0  0  0  0  0     0
VecSet             13736 1.0 8.6190e-01 1.3 0.00e+00 0.0 0.0e+00 0.0e+00 0.0e+00  0  0  0  0  0   2  0  0  0  0     0
VecAXPY              418 1.0 1.1584e-01 1.3 3.65e+07 1.0 0.0e+00 0.0e+00 0.0e+00  0  0  0  0  0   0  0  0  0  0 12581
VecAYPX             8706 1.0 3.8254e-01 1.2 1.02e+08 1.0 0.0e+00 0.0e+00 0.0e+00  0  0  0  0  0   1  1  0  0  0 10641
VecAXPBYCZ          4280 1.0 2.8180e-01 1.3 1.81e+08 1.0 0.0e+00 0.0e+00 0.0e+00  0  0  0  0  0   1  2  0  0  0 25631
VecMAXPY             254 1.0 2.2938e-01 1.1 1.06e+08 1.0 0.0e+00 0.0e+00 0.0e+00  0  0  0  0  0   0  1  0  0  0 18418
VecAssemblyBegin      32 1.0 6.3491e-03 2.0 0.00e+00 0.0 0.0e+00 0.0e+00 0.0e+00  0  0  0  0  0   0  0  0  0  0     0
VecAssemblyEnd        32 1.0 6.4850e-05 1.4 0.00e+00 0.0 0.0e+00 0.0e+00 0.0e+00  0  0  0  0  0   0  0  0  0  0     0
VecPointwiseMult     110 1.0 6.7058e-03 1.3 9.30e+05 1.0 0.0e+00 0.0e+00 0.0e+00  0  0  0  0  0   0  0  0  0  0  5537
VecScatterBegin    12304 1.0 2.5281e-01 1.5 0.00e+00 0.0 1.7e+06 5.5e+02 0.0e+00  0  0  0  0  0   0  0 96 85  0     0
VecScatterEnd      12304 1.0 1.0449e+01 1.7 0.00e+00 0.0 0.0e+00 0.0e+00 0.0e+00  0  0  0  0  0  19  0  0  0  0     0
VecSetRandom          10 1.0 5.6100e-03 1.3 0.00e+00 0.0 0.0e+00 0.0e+00 0.0e+00  0  0  0  0  0   0  0  0  0  0     0
VecNormalize         254 1.0 2.3721e-01 1.7 1.97e+07 1.0 0.0e+00 0.0e+00 2.5e+02  0  0  0  0  0   0  0  0  0 11  3306
MatMult             6900 1.0 3.1783e+01 1.1 8.30e+09 1.0 1.4e+06 6.4e+02 2.6e+02  0  0  0  0  0  68 73 78 80 11 10388
MatMultAdd          2682 1.0 2.3535e+00 1.3 5.73e+08 1.0 1.8e+05 3.3e+02 0.0e+00  0  0  0  0  0   5  5 10  5  0  9710
MatMultTranspose    1070 1.0 1.2951e+00 2.6 4.40e+07 1.0 1.6e+05 1.4e+02 0.0e+00  0  0  0  0  0   2  0  9  2  0  1353
MatSolve            8296 1.2 1.8565e+01 1.1 6.42e+09 1.0 0.0e+00 0.0e+00 0.0e+00  0  0  0  0  0  38 56  0  0  0 13750
MatLUFactorSym         2 1.0 2.6941e-05 1.9 0.00e+00 0.0 0.0e+00 0.0e+00 0.0e+00  0  0  0  0  0   0  0  0  0  0     0
MatLUFactorNum        14 1.0 1.4230e-01 1.3 3.81e+07 1.0 0.0e+00 0.0e+00 0.0e+00  0  0  0  0  0   0  0  0  0  0 10551
MatILUFactorSym       12 1.0 9.1484e-02 1.5 0.00e+00 0.0 0.0e+00 0.0e+00 0.0e+00  0  0  0  0  0   0  0  0  0  0     0
MatConvert            12 1.0 4.1782e-02 1.6 0.00e+00 0.0 0.0e+00 0.0e+00 0.0e+00  0  0  0  0  0   0  0  0  0  0     0
MatScale              34 1.0 2.8309e-02 1.3 4.35e+06 1.0 2.0e+03 5.8e+02 0.0e+00  0  0  0  0  0   0  0  0  0  0  6120
MatResidual         1070 1.0 4.4034e+00 1.1 1.17e+09 1.0 2.1e+05 5.8e+02 0.0e+00  0  0  0  0  0   9 10 12 11  0 10575
MatAssemblyBegin     220 1.0 4.5310e-01 2.4 0.00e+00 0.0 5.9e+03 5.8e+03 0.0e+00  0  0  0  0  0   1  0  0  3  0     0
MatAssemblyEnd       220 1.0 2.3542e-01 1.2 0.00e+00 0.0 1.9e+04 1.3e+02 4.3e+02  0  0  0  0  0   0  0  1  0 18     0
MatGetRow         410838 1.0 9.7450e-02 1.3 0.00e+00 0.0 0.0e+00 0.0e+00 0.0e+00  0  0  0  0  0   0  0  0  0  0     0
MatGetRowIJ           14 1.4 1.1206e-05 5.9 0.00e+00 0.0 0.0e+00 0.0e+00 0.0e+00  0  0  0  0  0   0  0  0  0  0     0
MatCreateSubMat       16 1.0 3.2747e-02 1.0 0.00e+00 0.0 6.4e+02 1.3e+02 1.4e+02  0  0  0  0  0   0  0  0  0  6     0
MatGetOrdering        14 1.4 8.7242e-03 1.4 0.00e+00 0.0 0.0e+00 0.0e+00 0.0e+00  0  0  0  0  0   0  0  0  0  0     0
MatCoarsen            10 1.0 1.8195e-02 1.0 0.00e+00 0.0 1.3e+04 4.4e+02 2.6e+01  0  0  0  0  0   0  0  1  1  1     0
MatZeroEntries        14 1.0 5.3641e-02 2.1 0.00e+00 0.0 0.0e+00 0.0e+00 0.0e+00  0  0  0  0  0   0  0  0  0  0     0
MatAXPY               12 1.0 2.4488e-01 1.1 0.00e+00 0.0 9.1e+02 4.1e+02 2.0e+01  0  0  0  0  0   1  0  0  0  1     0
MatMatMult            12 1.0 3.7914e-01 1.0 1.19e+07 1.0 1.4e+04 7.1e+02 1.5e+02  0  0  0  0  0   1  0  1  1  6  1260
MatMatMultSym         12 1.0 2.8823e-01 1.0 0.00e+00 0.0 1.1e+04 5.5e+02 1.4e+02  0  0  0  0  0   1  0  1  1  6     0
MatMatMultNum         12 1.0 8.5873e-02 1.1 1.19e+07 1.0 2.2e+03 1.5e+03 0.0e+00  0  0  0  0  0   0  0  0  0  0  5563
MatPtAP               10 1.0 1.4884e-01 1.1 7.89e+06 1.0 2.1e+04 6.1e+02 1.5e+02  0  0  0  0  0   0  0  1  1  6  2103
MatPtAPSymbolic       10 1.0 1.0272e-01 1.1 0.00e+00 0.0 1.2e+04 6.5e+02 7.0e+01  0  0  0  0  0   0  0  1  1  3     0
MatPtAPNumeric        10 1.0 4.6313e-02 1.1 7.89e+06 1.0 8.8e+03 5.6e+02 8.0e+01  0  0  0  0  0   0  0  0  0  3  6757
MatTrnMatMult          2 1.0 5.6682e-01 1.0 2.50e+07 1.0 3.0e+03 8.0e+03 3.2e+01  0  0  0  0  0   1  0  0  2  1  1766
MatTrnMatMultSym       2 1.0 3.2749e-01 1.0 0.00e+00 0.0 1.4e+03 3.8e+03 1.6e+01  0  0  0  0  0   1  0  0  0  1     0
MatTrnMatMultNum       2 1.0 2.4065e-01 1.0 2.50e+07 1.0 1.6e+03 1.2e+04 1.6e+01  0  0  0  0  0   1  0  0  2  1  4159
MatGetLocalMat        36 1.0 6.4301e-02 1.1 0.00e+00 0.0 0.0e+00 0.0e+00 0.0e+00  0  0  0  0  0   0  0  0  0  0     0
MatGetBrAoCol         34 1.0 3.6072e-02 3.5 0.00e+00 0.0 1.5e+04 1.0e+03 0.0e+00  0  0  0  0  0   0  0  1  1  0     0
PCGAMGGraph_AGG       10 1.0 3.0760e-01 1.0 2.04e+06 1.0 6.0e+03 2.9e+02 1.2e+02  0  0  0  0  0   1  0  0  0  5   265
PCGAMGCoarse_AGG      10 1.0 6.2577e-01 1.0 2.50e+07 1.0 1.8e+04 2.0e+03 6.6e+01  0  0  0  0  0   1  0  1  3  3  1599
PCGAMGProl_AGG        10 1.0 6.3833e-02 1.0 0.00e+00 0.0 7.8e+03 5.8e+02 1.6e+02  0  0  0  0  0   0  0  0  0  7     0
PCGAMGPOpt_AGG        10 1.0 3.2219e-01 1.0 4.62e+07 1.0 3.2e+04 4.8e+02 4.1e+02  0  0  0  0  0   1  0  2  1 17  5721
GAMG: createProl      10 1.0 1.3284e+00 1.0 7.32e+07 1.0 6.4e+04 9.0e+02 7.6e+02  0  0  0  0  0   3  1  4  5 32  2202
  Graph               20 1.0 3.0682e-01 1.0 2.04e+06 1.0 6.0e+03 2.9e+02 1.2e+02  0  0  0  0  0   1  0  0  0  5   265
  MIS/Agg             10 1.0 1.8342e-02 1.0 0.00e+00 0.0 1.3e+04 4.4e+02 2.6e+01  0  0  0  0  0   0  0  1  1  1     0
  SA: col data        10 1.0 1.8982e-02 1.0 0.00e+00 0.0 4.0e+03 9.6e+02 4.0e+01  0  0  0  0  0   0  0  0  0  2     0
  SA: frmProl0        10 1.0 4.0445e-02 1.0 0.00e+00 0.0 3.8e+03 1.7e+02 8.0e+01  0  0  0  0  0   0  0  0  0  3     0
  SA: smooth          10 1.0 1.6116e-01 1.0 2.45e+06 1.0 1.2e+04 3.0e+02 1.4e+02  0  0  0  0  0   0  0  1  0  6   607
GAMG: partLevel       10 1.0 1.6200e-01 1.0 7.89e+06 1.0 2.1e+04 5.9e+02 3.5e+02  0  0  0  0  0   0  0  1  1 15  1932
  repartition          6 1.0 7.4482e-04 1.1 0.00e+00 0.0 0.0e+00 0.0e+00 2.4e+01  0  0  0  0  0   0  0  0  0  1     0
  Invert-Sort          4 1.0 1.1818e-03 1.3 0.00e+00 0.0 0.0e+00 0.0e+00 1.6e+01  0  0  0  0  0   0  0  0  0  1     0
  Move A               4 1.0 4.2861e-03 1.0 0.00e+00 0.0 3.9e+02 2.0e+02 6.8e+01  0  0  0  0  0   0  0  0  0  3     0
  Move P               4 1.0 4.5269e-03 1.0 0.00e+00 0.0 2.6e+02 1.9e+01 6.8e+01  0  0  0  0  0   0  0  0  0  3     0
PCSetUp               20 1.0 2.3546e+00 1.0 1.31e+08 1.0 8.8e+04 1.9e+03 1.3e+03  0  0  0  0  1   5  1  5 15 53  2213
PCSetUpOnBlocks     3916 1.0 2.3300e-01 1.2 3.81e+07 1.0 0.0e+00 0.0e+00 0.0e+00  0  0  0  0  0   0  0  0  0  0  6443
PCApply               34 1.0 4.2234e+01 1.0 1.02e+10 1.0 1.8e+06 5.4e+02 2.0e+03  0  0  0  0  1  93 89 99 86 82  9596
KSPSolve_FS_0         34 1.0 3.7390e-01 1.2 1.13e+08 1.0 0.0e+00 0.0e+00 0.0e+00  0  0  0  0  0   1  1  0  0  0 12010
KSPSolve_FS_Schu      34 1.0 4.1058e+01 1.0 9.86e+09 1.0 1.7e+06 5.4e+02 2.0e+03  0  0  0  0  1  90 87 98 85 82  9555
KSPSolve_FS_Low       34 1.0 5.3773e-01 1.3 1.45e+08 1.0 0.0e+00 0.0e+00 0.0e+00  0  0  0  0  0   1  1  0  0  0 10688
KSPGMRESOrthog       232 1.0 8.9462e-01 1.3 1.88e+08 1.0 0.0e+00 0.0e+00 2.3e+02  0  0  0  0  0   2  2  0  0 10  8355
KSPSetUp              52 1.0 2.7618e-02 2.4 0.00e+00 0.0 0.0e+00 0.0e+00 2.0e+01  0  0  0  0  0   0  0  0  0  1     0
KSPSolve               2 1.0 4.4322e+01 1.0 1.05e+10 1.0 1.8e+06 6.1e+02 2.4e+03  0  0  0  0  1  98 93100 98100  9471
SNESSolve              2 1.0 4.5385e+01 1.0 1.14e+10 1.0 1.8e+06 6.2e+02 2.4e+03  0  0  0  1  1 100100100100100  9988
SNESFunctionEval       2 1.0 2.5378e-01 1.4 3.45e+08 1.0 2.7e+03 3.5e+03 0.0e+00  0  0  0  0  0   0  3  0  1  0 54445
SNESJacobianEval       2 1.0 8.7823e-01 1.1 4.93e+08 1.0 6.8e+02 1.6e+04 0.0e+00  0  0  0  0  0   2  4  0  1  0 22463
ParLoopExecute        16 1.0 9.5681e-01 1.4 8.39e+08 1.0 2.7e+03 3.5e+03 0.0e+00  0  0  0  0  0   2  7  0  1  0 35059
ParLoopCells          24 1.0 7.6852e-01 1.6 8.39e+08 1.0 0.0e+00 0.0e+00 0.0e+00  0  0  0  0  0   1  7  0  0  0 43649
ParLoopRednBegin      16 1.0 4.7159e-04 1.7 0.00e+00 0.0 0.0e+00 0.0e+00 0.0e+00  0  0  0  0  0   0  0  0  0  0     0
ParLoopRednEnd        16 1.0 8.5831e-05 1.3 0.00e+00 0.0 0.0e+00 0.0e+00 0.0e+00  0  0  0  0  0   0  0  0  0  0     0
ParLoopset_6           2 1.0 6.4421e-04 3.6 0.00e+00 0.0 0.0e+00 0.0e+00 0.0e+00  0  0  0  0  0   0  0  0  0  0     0
ParLoopset_7           2 1.0 2.7966e-04 3.6 0.00e+00 0.0 0.0e+00 0.0e+00 0.0e+00  0  0  0  0  0   0  0  0  0  0     0
ParLoopset_14          2 1.0 1.3080e-03 7.2 0.00e+00 0.0 0.0e+00 0.0e+00 0.0e+00  0  0  0  0  0   0  0  0  0  0     0
ParLoopset_15          2 1.0 5.0664e-04 5.8 0.00e+00 0.0 0.0e+00 0.0e+00 0.0e+00  0  0  0  0  0   0  0  0  0  0     0

--- Event Stage 3: Warm up

ParLoopExecute         2 1.0 3.2651e-03 4.0 0.00e+00 0.0 0.0e+00 0.0e+00 0.0e+00  0  0  0  0  0  48  0  0  0  0     0
ParLoopRednBegin       2 1.0 5.4836e-05 2.0 0.00e+00 0.0 0.0e+00 0.0e+00 0.0e+00  0  0  0  0  0   1  0  0  0  0     0
ParLoopRednEnd         2 1.0 2.6941e-05 4.5 0.00e+00 0.0 0.0e+00 0.0e+00 0.0e+00  0  0  0  0  0   0  0  0  0  0     0
ParLoopset_14          2 1.0 2.5361e-03 7.3 0.00e+00 0.0 0.0e+00 0.0e+00 0.0e+00  0  0  0  0  0  26  0  0  0  0     0
ParLoopset_15          2 1.0 6.0606e-04 4.9 0.00e+00 0.0 0.0e+00 0.0e+00 0.0e+00  0  0  0  0  0   9  0  0  0  0     0

--- Event Stage 4: DU Residuals

SFBcastBegin        1800 1.0 1.5770e-01 2.3 0.00e+00 0.0 4.1e+05 3.5e+03 0.0e+00  0  0  0  1  0   0  0 18 11  0     0
SFBcastEnd          1800 1.0 3.7553e+00 2.3 0.00e+00 0.0 0.0e+00 0.0e+00 0.0e+00  0  0  0  0  0   1  0  0  0  0     0
SFReduceBegin       1600 1.0 7.4621e-02 1.8 0.00e+00 0.0 3.6e+05 3.5e+03 0.0e+00  0  0  0  1  0   0  0 16 10  0     0
SFReduceEnd         1600 1.0 8.2723e+00 1.5 0.00e+00 0.0 0.0e+00 0.0e+00 0.0e+00  0  0  0  0  0   1  0  0  0  0     0
VecMDot             6349 1.0 6.3348e+01 1.3 1.06e+10 1.0 0.0e+00 0.0e+00 6.3e+03  1  0  0  0  3  11  3  0  0 43  6654
VecTDot              800 1.0 1.6081e+00 1.6 6.29e+07 1.0 0.0e+00 0.0e+00 8.0e+02  0  0  0  0  0   0  0  0  0  5  1565
VecNorm             7549 1.0 2.1031e+01 1.3 1.40e+09 1.0 0.0e+00 0.0e+00 7.5e+03  0  0  0  0  3   4  0  0  0 51  2643
VecScale            6749 1.0 9.3179e-01 1.2 6.68e+08 1.0 0.0e+00 0.0e+00 0.0e+00  0  0  0  0  0   0  0  0  0  0 28481
VecCopy             3600 1.0 1.3159e+00 1.7 0.00e+00 0.0 0.0e+00 0.0e+00 0.0e+00  0  0  0  0  0   0  0  0  0  0     0
VecSet              8749 1.0 4.8644e+00 2.7 0.00e+00 0.0 0.0e+00 0.0e+00 0.0e+00  0  0  0  0  0   1  0  0  0  0     0
VecAXPY             2000 1.0 7.8287e-01 1.2 2.53e+08 1.0 0.0e+00 0.0e+00 0.0e+00  0  0  0  0  0   0  0  0  0  0 12858
VecMAXPY            6749 1.0 2.7031e+01 1.1 1.19e+10 1.0 0.0e+00 0.0e+00 0.0e+00  0  0  0  0  0   5  4  0  0  0 17440
VecScatterBegin     6749 1.0 6.3548e-01 2.3 0.00e+00 0.0 1.5e+06 6.8e+03 0.0e+00  0  0  0  5  0   0  0 66 80  0     0
VecScatterEnd       6749 1.0 2.4382e+01 2.1 0.00e+00 0.0 0.0e+00 0.0e+00 0.0e+00  0  0  0  0  0   4  0  0  0  0     0
VecNormalize        6749 1.0 1.8179e+01 1.3 2.00e+09 1.0 0.0e+00 0.0e+00 6.7e+03  0  0  0  0  3   3  1  0  0 46  4379
MatMult             6749 1.0 1.6464e+02 1.1 6.24e+10 1.0 1.5e+06 6.8e+03 0.0e+00  2  2  0  5  0  33 19 66 80  0 15039
MatSolve            7549 1.0 1.5493e+02 1.1 6.58e+10 1.0 0.0e+00 0.0e+00 0.0e+00  2  2  0  0  0  31 20  0  0  0 16863
PCSetUpOnBlocks      800 1.0 9.5992e-03 9.6 0.00e+00 0.0 0.0e+00 0.0e+00 0.0e+00  0  0  0  0  0   0  0  0  0  0     0
PCApply             7549 1.0 1.5801e+02 1.1 6.58e+10 1.0 0.0e+00 0.0e+00 0.0e+00  2  2  0  0  0  32 20  0  0  0 16535
KSPGMRESOrthog      6349 1.0 8.7067e+01 1.2 2.12e+10 1.0 0.0e+00 0.0e+00 6.3e+03  1  1  0  0  3  16  7  0  0 43  9682
KSPSetUp             800 1.0 6.3562e-04 1.5 0.00e+00 0.0 0.0e+00 0.0e+00 0.0e+00  0  0  0  0  0   0  0  0  0  0     0
KSPSolve             800 1.0 4.1717e+02 1.0 1.53e+11 1.0 1.5e+06 6.8e+03 1.5e+04  4  6  0  5  7  86 47 66 80100 14555
SNESSolve            800 1.0 4.7992e+02 1.0 3.25e+11 1.0 2.3e+06 5.7e+03 1.5e+04  5 12  1  6  7 100100100100100 26915
SNESFunctionEval     800 1.0 6.5129e+01 1.0 1.72e+11 1.0 7.8e+05 3.5e+03 0.0e+00  1  6  0  1  0  13 53 34 20  0 105033
SNESJacobianEval     800 1.0 4.4022e-02 1.4 0.00e+00 0.0 0.0e+00 0.0e+00 0.0e+00  0  0  0  0  0   0  0  0  0  0     0
ParLoopExecute      2400 1.0 6.4679e+01 1.0 1.72e+11 1.0 7.8e+05 3.5e+03 0.0e+00  1  6  0  1  0  13 53 34 20  0 105765
ParLoopCells        1600 1.0 3.2371e+01 1.0 1.11e+11 1.0 0.0e+00 0.0e+00 0.0e+00  0  4  0  0  0   7 34  0  0  0 137275
ParLoopRednBegin    2400 1.0 2.2774e-02 2.8 0.00e+00 0.0 0.0e+00 0.0e+00 0.0e+00  0  0  0  0  0   0  0  0  0  0     0
ParLoopRednEnd      2400 1.0 1.2529e-02 1.1 0.00e+00 0.0 0.0e+00 0.0e+00 0.0e+00  0  0  0  0  0   0  0  0  0  0     0
ParLoopIntFacets    1600 1.0 2.1275e+01 1.1 6.06e+10 1.0 0.0e+00 0.0e+00 0.0e+00  0  2  0  0  0   4 19  0  0  0 112672
ParLoopset_14        800 1.0 2.1759e-01 2.1 0.00e+00 0.0 0.0e+00 0.0e+00 0.0e+00  0  0  0  0  0   0  0  0  0  0     0
ParLoopset_15        800 1.0 8.8628e-02 1.9 0.00e+00 0.0 0.0e+00 0.0e+00 0.0e+00  0  0  0  0  0   0  0  0  0  0     0

--- Event Stage 5: Linear solve

SFBcastBegin        1600 1.0 2.6521e-01 2.0 0.00e+00 0.0 3.6e+05 3.5e+03 0.0e+00  0  0  0  1  0   0  0  0  1  0     0
SFBcastEnd          1600 1.0 2.1876e+00 2.4 0.00e+00 0.0 0.0e+00 0.0e+00 0.0e+00  0  0  0  0  0   0  0  0  0  0     0
SFReduceBegin        800 1.0 9.5777e-02 4.9 0.00e+00 0.0 1.8e+05 3.5e+03 0.0e+00  0  0  0  0  0   0  0  0  0  0     0
SFReduceEnd          800 1.0 4.1570e+00 1.8 0.00e+00 0.0 0.0e+00 0.0e+00 0.0e+00  0  0  0  0  0   0  0  0  0  0     0
VecMDot             6957 1.0 9.0648e+01 1.3 1.77e+10 1.0 0.0e+00 0.0e+00 7.0e+03  1  1  0  0  3   1  1  0  0  4  7777
VecTDot            80436 1.0 2.1279e+02 1.6 6.33e+09 1.0 0.0e+00 0.0e+00 8.0e+04  2  0  0  0 37   2  0  0  0 41  1189
VecNorm            54932 1.0 5.0213e+02 2.5 5.78e+09 1.0 0.0e+00 0.0e+00 5.5e+04  3  0  0  0 25   3  0  0  0 28   459
VecScale          340382 1.0 4.2973e+01 1.4 1.41e+10 1.0 0.0e+00 0.0e+00 0.0e+00  0  1  0  0  0   0  1  0  0  0 13132
VecCopy           254189 1.0 1.0574e+01 1.1 0.00e+00 0.0 0.0e+00 0.0e+00 0.0e+00  0  0  0  0  0   0  0  0  0  0     0
VecSet           2986435 1.0 1.7462e+02 1.2 0.00e+00 0.0 0.0e+00 0.0e+00 0.0e+00  2  0  0  0  0   2  0  0  0  0     0
VecAXPY            88593 1.0 2.2240e+01 1.2 8.00e+09 1.0 0.0e+00 0.0e+00 0.0e+00  0  0  0  0  0   0  0  0  0  0 14375
VecAYPX          1935861 1.0 8.5682e+01 1.2 2.27e+10 1.0 0.0e+00 0.0e+00 0.0e+00  1  1  0  0  0   1  1  0  0  0 10577
VecAXPBYCZ        951500 1.0 5.9444e+01 1.2 4.02e+10 1.0 0.0e+00 0.0e+00 0.0e+00  1  1  0  0  0   1  2  0  0  0 27013
VecMAXPY            7357 1.0 4.5989e+01 1.1 1.96e+10 1.0 0.0e+00 0.0e+00 0.0e+00  0  1  0  0  0   0  1  0  0  0 16994
VecScatterBegin  2669724 1.0 5.2797e+01 1.5 0.00e+00 0.0 3.7e+08 5.4e+02 0.0e+00  0  0 99 92  0   0  0100 99  0     0
VecScatterEnd    2669724 1.0 2.0567e+03 1.7 0.00e+00 0.0 0.0e+00 0.0e+00 0.0e+00 17  0  0  0  0  18  0  0  0  0     0
VecNormalize        7357 1.0 1.8645e+01 1.3 3.05e+09 1.0 0.0e+00 0.0e+00 7.4e+03  0  0  0  0  3   0  0  0  0  4  6517
MatMult          1489139 1.0 6.8132e+03 1.1 1.82e+12 1.0 3.0e+08 6.4e+02 5.6e+04 70 66 80 87 26  74 77 81 94 28 10606
MatMultAdd        591371 1.0 4.9817e+02 1.3 1.25e+11 1.0 3.9e+07 3.2e+02 0.0e+00  5  5 10  6  0   5  5 11  6  0 10048
MatMultTranspose  237875 1.0 3.1607e+02 3.5 9.79e+09 1.0 3.6e+07 1.4e+02 0.0e+00  2  0 10  2  0   2  0 10  3  0  1232
MatSolve         1815207 1.2 4.2469e+03 1.2 1.41e+12 1.0 0.0e+00 0.0e+00 0.0e+00 41 51  0  0  0  44 60  0  0  0 13174
MatResidual       237875 1.0 9.7156e+02 1.1 2.60e+11 1.0 4.7e+07 5.8e+02 0.0e+00 10  9 13 13  0  10 11 13 14  0 10655
PCSetUpOnBlocks   863707 1.0 1.4114e+00 1.5 0.00e+00 0.0 0.0e+00 0.0e+00 0.0e+00  0  0  0  0  0   0  0  0  0  0     0
PCApply             7357 1.0 8.6566e+03 1.0 2.20e+12 1.0 3.7e+08 5.3e+02 1.3e+05 90 80 98 88 59  96 94 99 95 65 10127
KSPSolve_FS_0       7357 1.0 8.2947e+01 1.2 2.45e+10 1.0 0.0e+00 0.0e+00 0.0e+00  1  1  0  0  0   1  1  0  0  0 11715
KSPSolve_FS_Schu    7357 1.0 8.4347e+03 1.0 2.14e+12 1.0 3.6e+08 5.2e+02 1.3e+05 88 77 97 87 59  94 91 99 94 65 10094
KSPSolve_FS_Low     7357 1.0 7.3347e+01 1.2 2.45e+10 1.0 0.0e+00 0.0e+00 0.0e+00  1  1  0  0  0   1  1  0  0  0 13248
KSPGMRESOrthog      6957 1.0 1.2836e+02 1.2 3.54e+10 1.0 0.0e+00 0.0e+00 7.0e+03  1  1  0  0  3   1  2  0  0  4 10983
KSPSetUp             400 1.0 3.2854e-04 1.5 0.00e+00 0.0 0.0e+00 0.0e+00 0.0e+00  0  0  0  0  0   0  0  0  0  0     0
KSPSolve             400 1.0 8.9428e+03 1.0 2.28e+12 1.0 3.7e+08 5.4e+02 2.0e+05 93 83 99 92 92 100 97100 99100 10156
SNESSolve            400 1.0 8.9731e+03 1.0 2.35e+12 1.0 3.7e+08 5.5e+02 2.0e+05 94 85 99 92 92 100100100100100 10430
SNESFunctionEval     400 1.0 3.1317e+01 1.1 6.91e+10 1.0 5.5e+05 3.5e+03 0.0e+00  0  3  0  1  0   0  3  0  1  0 88239
SNESJacobianEval     400 1.0 3.3628e-02 1.6 0.00e+00 0.0 0.0e+00 0.0e+00 0.0e+00  0  0  0  0  0   0  0  0  0  0     0
ParLoopExecute      1600 1.0 3.0436e+01 1.1 6.91e+10 1.0 5.5e+05 3.5e+03 0.0e+00  0  3  0  1  0   0  3  0  1  0 90795
ParLoopCells        1600 1.0 2.4405e+01 1.0 6.91e+10 1.0 0.0e+00 0.0e+00 0.0e+00  0  3  0  0  0   0  3  0  0  0 113230
ParLoopRednBegin    1600 1.0 1.8852e-02 3.4 0.00e+00 0.0 0.0e+00 0.0e+00 0.0e+00  0  0  0  0  0   0  0  0  0  0     0
ParLoopRednEnd      1600 1.0 9.9921e-03 1.4 0.00e+00 0.0 0.0e+00 0.0e+00 0.0e+00  0  0  0  0  0   0  0  0  0  0     0
ParLoopset_14        800 1.0 2.4059e-01 2.3 0.00e+00 0.0 0.0e+00 0.0e+00 0.0e+00  0  0  0  0  0   0  0  0  0  0     0
ParLoopset_15        800 1.0 8.5415e-02 2.5 0.00e+00 0.0 0.0e+00 0.0e+00 0.0e+00  0  0  0  0  0   0  0  0  0  0     0
------------------------------------------------------------------------------------------------------------------------

Memory usage is given in bytes:

Object Type          Creations   Destructions     Memory  Descendants' Mem.
Reports information only for process 0.

--- Event Stage 0: Main Stage

           Container    16             16         9344     0.
              Viewer     1              0            0     0.
           Index Set   725            793     66867244     0.
   IS L to G Mapping    16             16     17078888     0.
             Section   234            234       166608     0.
   Star Forest Graph   248            252       210240     0.
              Vector    97            504    166644848     0.
         Vec Scatter    25             51      8842728     0.
              Matrix    78            226    487207412     0.
      Preconditioner     8             44        45136     0.
       Krylov Solver     8             54       480024     0.
     DMKSP interface     0              6         3984     0.
                SNES     7              7         9632     0.
      SNESLineSearch     7              7         7000     0.
              DMSNES     6              6         4080     0.
    Distributed Mesh    90             90       432720     0.
    GraphPartitioner    24             24        14880     0.
     Discrete System    90             90        83520     0.

--- Event Stage 1: Warm up: DU Residuals

           Index Set    20              8       737456     0.
   Star Forest Graph     4              0            0     0.
              Vector    72              0            0     0.
              Matrix     4              0            0     0.
      Preconditioner     4              0            0     0.
       Krylov Solver     4              0            0     0.
     DMKSP interface     4              0            0     0.

--- Event Stage 2: Warm up: Linear solve

         PetscRandom    20             20        13080     0.
           Index Set   226            170      2024984     0.
   Star Forest Graph    10             10         8800     0.
              Vector   826            490     22235664     0.
         Vec Scatter    74             48        61104     0.
              Matrix   326            182    126564872     0.
      Matrix Coarsen    10             10         6440     0.
      Preconditioner    44             12        10432     0.
       Krylov Solver    54             12       305296     0.
     DMKSP interface     2              0            0     0.

--- Event Stage 3: Warm up


--- Event Stage 4: DU Residuals

              Vector     0              1       783680     0.

--- Event Stage 5: Linear solve

              Vector 27828          27828     46305792     0.
========================================================================================================================
Average time to get PetscTime(): 0.
Average time for MPI_Barrier(): 0.000167799
Average time for zero size MPI_Send(): 1.60992e-05
#PETSc Option Table entries:
--dt 28.125
--method BDM
--model_degree 2
--nsteps 100
--profile
--refinements 8
-log_view
#End of PETSc Option Table entries
Compiled without FORTRAN kernels
Compiled with full precision matrices (default)
sizeof(short) 2 sizeof(int) 4 sizeof(long) 8 sizeof(void*) 8 sizeof(PetscScalar) 8 sizeof(PetscInt) 4
Configure options: --prefix=/home/scratch/tg2115/src/firedrake/lib/python3.5/site-packages/petsc PETSC_ARCH=arch-python-linux-x86_64 --with-shared-libraries=1 --with-debugging=0 --with-c2html=0 --with-cc=mpicc --with-cxx=mpicxx --with-fc=mpif90 --download-eigen=/home/scratch/tg2115/src/firedrake/src/eigen-3.3.3.tgz --with-fortran-bindings=0 --download-chaco --download-metis --download-parmetis --download-scalapack --download-hypre --download-mumps --download-netcdf --download-hdf5 --download-pnetcdf --download-exodusii
-----------------------------------------
Libraries compiled on 2018-04-17 14:37:37 on mpe2 
Machine characteristics: Linux-4.4.0-116-generic-x86_64-with-Ubuntu-16.04-xenial
Using PETSc directory: /home/scratch/tg2115/src/firedrake/lib/python3.5/site-packages/petsc
Using PETSc arch: 
-----------------------------------------

Using C compiler: mpicc  -fPIC  -Wall -Wwrite-strings -Wno-strict-aliasing -Wno-unknown-pragmas -fstack-protector -fvisibility=hidden -g -O  
Using Fortran compiler: mpif90  -fPIC -Wall -ffree-line-length-0 -Wno-unused-dummy-argument -g -O    
-----------------------------------------

Using include paths: -I/home/scratch/tg2115/src/firedrake/lib/python3.5/site-packages/petsc/include -I/home/scratch/tg2115/src/firedrake/lib/python3.5/site-packages/petsc//include -I/home/scratch/tg2115/src/firedrake/lib/python3.5/site-packages/petsc/include -I/home/scratch/tg2115/src/firedrake/lib/python3.5/site-packages/petsc/include/eigen3
-----------------------------------------

Using C linker: mpicc
Using Fortran linker: mpif90
Using libraries: -Wl,-rpath,/home/scratch/tg2115/src/firedrake/lib/python3.5/site-packages/petsc/lib -L/home/scratch/tg2115/src/firedrake/lib/python3.5/site-packages/petsc/lib -lpetsc -Wl,-rpath,/home/scratch/tg2115/src/firedrake/lib/python3.5/site-packages/petsc/lib -L/home/scratch/tg2115/src/firedrake/lib/python3.5/site-packages/petsc/lib -Wl,-rpath,/usr/lib/openmpi/lib -L/usr/lib/openmpi/lib -Wl,-rpath,/usr/lib/gcc/x86_64-linux-gnu/5 -L/usr/lib/gcc/x86_64-linux-gnu/5 -Wl,-rpath,/usr/lib/x86_64-linux-gnu -L/usr/lib/x86_64-linux-gnu -Wl,-rpath,/lib/x86_64-linux-gnu -L/lib/x86_64-linux-gnu -lcmumps -ldmumps -lsmumps -lzmumps -lmumps_common -lpord -lscalapack -lHYPRE -llapack -lblas -lexodus -lnetcdf -lpnetcdf -lchaco -lhdf5hl_fortran -lhdf5_fortran -lhdf5_hl -lhdf5 -lparmetis -lmetis -lm -lX11 -lstdc++ -ldl -lmpi_usempif08 -lmpi_usempi_ignore_tkr -lmpi_mpifh -lmpi -lgfortran -lm -lgfortran -lm -lgcc_s -lquadmath -lpthread -lstdc++ -ldl
-----------------------------------------

