
Running cold initialization for the problem set:

method: RT,

model degree: 2,

hybridization: False,



Dt = 28.125,

Courant number (approximate): 0.22135149895683526,

Dx (min): 28.396066451806234 km,

Dx (max): 33.052439495552996 km.

Warm up with one-step.

Warm up done. Profiling run for 100 steps.


Running Williamson 5 test with parameters:

method: RT,

model degree: 2,

refinements: 8,

hybridization: False,

tmax: 2812.5

Simulation complete.

************************************************************************************************************************
***             WIDEN YOUR WINDOW TO 120 CHARACTERS.  Use 'enscript -r -fCourier9' to print this document            ***
************************************************************************************************************************

---------------------------------------------- PETSc Performance Summary: ----------------------------------------------

swe_williamson5.py on a  named mpe2 with 40 processors, by tg2115 Sun May  6 14:48:11 2018
Using Petsc Development GIT revision: v3.4.2-20859-g7bfdb64  GIT Date: 2018-04-03 16:04:52 -0500

                         Max       Max/Min        Avg      Total 
Time (sec):           7.735e+03      1.00000   7.735e+03
Objects:              2.213e+04      1.02048   2.171e+04
Flop:                 1.361e+12      1.00919   1.355e+12  5.421e+13
Flop/sec:            1.759e+08      1.00919   1.752e+08  7.008e+09
MPI Messages:         9.258e+06      1.89944   6.855e+06  2.742e+08
MPI Message Lengths:  4.139e+09      1.49840   5.135e+02  1.408e+11
MPI Reductions:       1.554e+05      1.00000

Flop counting convention: 1 flop = 1 real number operation of type (multiply/divide/add/subtract)
                            e.g., VecAXPY() for real vectors of length N --> 2N flop
                            and VecAXPY() for complex vectors of length N --> 8N flop

Summary of Stages:   ----- Time ------  ----- Flop -----  --- Messages ---  -- Message Lengths --  -- Reductions --
                        Avg     %Total     Avg     %Total   counts   %Total     Avg         %Total   counts   %Total 
 0:      Main Stage: 8.4317e+01   1.1%  2.4669e+12   4.6%  4.565e+05   0.2%  6.204e+00        1.2%  9.780e+02   0.6% 
 1: Warm up: DU Residuals: 3.1383e+00   0.0%  8.4127e+10   0.2%  1.129e+04   0.0%  1.387e-01        0.0%  5.600e+01   0.0% 
 2: Warm up: Linear solve: 2.9841e+01   0.4%  2.2110e+11   0.4%  1.339e+06   0.5%  2.758e+00        0.5%  2.150e+03   1.4% 
 3:         Warm up: 2.7815e-03   0.0%  0.0000e+00   0.0%  0.000e+00   0.0%  0.000e+00        0.0%  0.000e+00   0.0% 
 4:    DU Residuals: 3.3934e+02   4.4%  8.0448e+12  14.8%  1.854e+06   0.7%  2.502e+01        4.9%  1.066e+04   6.9% 
 5:    Linear solve: 7.2785e+03  94.1%  4.3392e+13  80.0%  2.706e+08  98.7%  4.794e+02       93.4%  1.415e+05  91.1% 

------------------------------------------------------------------------------------------------------------------------
See the 'Profiling' chapter of the users' manual for details on interpreting output.
Phase summary info:
   Count: number of times phase was executed
   Time and Flop: Max - maximum over all processors
                   Ratio - ratio of maximum to minimum over all processors
   Mess: number of messages sent
   Avg. len: average message length (bytes)
   Reduct: number of global reductions
   Global: entire computation
   Stage: stages of a computation. Set stages with PetscLogStagePush() and PetscLogStagePop().
      %T - percent time in this phase         %F - percent flop in this phase
      %M - percent messages in this phase     %L - percent message lengths in this phase
      %R - percent reductions in this phase
   Total Mflop/s: 10e-6 * (sum of flop over all processors)/(max time over all processors)
------------------------------------------------------------------------------------------------------------------------
Event                Count      Time (sec)     Flop                             --- Global ---  --- Stage ---   Total
                   Max Ratio  Max     Ratio   Max  Ratio  Mess   Avg len Reduct  %T %F %M %L %R  %T %F %M %L %R Mflop/s
------------------------------------------------------------------------------------------------------------------------

--- Event Stage 0: Main Stage

PetscBarrier          16 1.0 2.0823e+00 1.0 0.00e+00 0.0 0.0e+00 0.0e+00 4.8e+01  0  0  0  0  0   2  0  0  0  5     0
BuildTwoSided         70 1.0 2.6754e+0010.9 0.00e+00 0.0 1.0e+04 4.0e+00 0.0e+00  0  0  0  0  0   3  0  2  0  0     0
BuildTwoSidedF        27 1.0 2.1900e+00 1.6 0.00e+00 0.0 3.8e+03 2.2e+04 0.0e+00  0  0  0  0  0   2  0  1  5  0     0
SFSetGraph            76 1.0 4.5581e-03 1.3 0.00e+00 0.0 0.0e+00 0.0e+00 0.0e+00  0  0  0  0  0   0  0  0  0  0     0
SFSetUp               70 1.0 2.7668e+00 7.7 0.00e+00 0.0 3.1e+04 3.9e+03 0.0e+00  0  0  0  0  0   3  0  7  7  0     0
SFBcastBegin         963 1.0 4.5458e-01 2.1 0.00e+00 0.0 2.2e+05 3.5e+03 0.0e+00  0  0  0  1  0   0  0 49 47  0     0
SFBcastEnd           963 1.0 9.2052e+00 2.0 0.00e+00 0.0 0.0e+00 0.0e+00 0.0e+00  0  0  0  0  0   8  0  0  0  0     0
SFReduceBegin        809 1.0 6.4025e-02 2.8 0.00e+00 0.0 1.8e+05 2.7e+03 0.0e+00  0  0  0  0  0   0  0 40 29  0     0
SFReduceEnd          809 1.0 1.3644e+01 1.5 0.00e+00 0.0 0.0e+00 0.0e+00 0.0e+00  0  0  0  0  0  13  0  0  0  0     0
SFFetchOpBegin         2 1.0 4.1008e-0510.1 0.00e+00 0.0 2.3e+02 5.4e+02 0.0e+00  0  0  0  0  0   0  0  0  0  0     0
SFFetchOpEnd           2 1.0 2.5555e-02280.6 0.00e+00 0.0 2.3e+02 5.4e+02 0.0e+00  0  0  0  0  0   0  0  0  0  0     0
VecTDot               26 1.0 1.0458e-01 2.6 3.43e+06 1.0 0.0e+00 0.0e+00 2.6e+01  0  0  0  0  0   0  0  0  0  3  1303
VecNorm              414 1.0 7.6935e+00 1.5 8.61e+07 1.0 0.0e+00 0.0e+00 4.1e+02  0  0  0  0  0   7  0  0  0 42   446
VecCopy                6 1.0 2.5859e-03 2.4 0.00e+00 0.0 0.0e+00 0.0e+00 0.0e+00  0  0  0  0  0   0  0  0  0  0     0
VecSet                58 1.0 9.0787e-03 4.9 0.00e+00 0.0 0.0e+00 0.0e+00 0.0e+00  0  0  0  0  0   0  0  0  0  0     0
VecAXPY               27 1.0 1.2300e-02 1.7 3.56e+06 1.0 0.0e+00 0.0e+00 0.0e+00  0  0  0  0  0   0  0  0  0  0 11509
VecAYPX               12 1.0 3.1996e-03 1.3 1.58e+06 1.0 0.0e+00 0.0e+00 0.0e+00  0  0  0  0  0   0  0  0  0  0 19663
VecScatterBegin       25 1.0 8.1263e-03 6.7 0.00e+00 0.0 5.1e+03 1.8e+04 0.0e+00  0  0  0  0  0   0  0  1  5  0     0
VecScatterEnd         25 1.0 4.4841e-02 4.4 0.00e+00 0.0 0.0e+00 0.0e+00 0.0e+00  0  0  0  0  0   0  0  0  0  0     0
MatMult               13 1.0 7.6718e-02 1.8 1.91e+07 1.0 3.0e+03 2.0e+03 0.0e+00  0  0  0  0  0   0  0  1  0  0  9861
MatSolve              14 1.0 7.1949e-02 1.4 2.04e+07 1.0 0.0e+00 0.0e+00 0.0e+00  0  0  0  0  0   0  0  0  0  0 11252
MatLUFactorNum         1 1.0 2.1479e-02 2.1 4.64e+06 1.0 0.0e+00 0.0e+00 0.0e+00  0  0  0  0  0   0  0  0  0  0  8491
MatILUFactorSym        1 1.0 2.1064e-02 2.5 0.00e+00 0.0 0.0e+00 0.0e+00 0.0e+00  0  0  0  0  0   0  0  0  0  0     0
MatAssemblyBegin      27 1.0 2.2227e+00 1.5 0.00e+00 0.0 3.8e+03 2.2e+04 0.0e+00  0  0  0  0  0   2  0  1  5  0     0
MatAssemblyEnd        27 1.0 2.0587e-01 1.2 0.00e+00 0.0 4.1e+03 6.0e+02 1.0e+02  0  0  0  0  0   0  0  1  0 11     0
MatGetRowIJ            1 1.0 2.1458e-06 0.0 0.00e+00 0.0 0.0e+00 0.0e+00 0.0e+00  0  0  0  0  0   0  0  0  0  0     0
MatGetOrdering         1 1.0 3.7489e-03 2.4 0.00e+00 0.0 0.0e+00 0.0e+00 0.0e+00  0  0  0  0  0   0  0  0  0  0     0
MatZeroEntries         1 1.0 3.1090e-03 3.1 0.00e+00 0.0 0.0e+00 0.0e+00 0.0e+00  0  0  0  0  0   0  0  0  0  0     0
PCSetUp                2 1.0 4.2242e-02 2.1 4.64e+06 1.0 0.0e+00 0.0e+00 0.0e+00  0  0  0  0  0   0  0  0  0  0  4318
PCSetUpOnBlocks        1 1.0 4.1606e-02 2.1 4.64e+06 1.0 0.0e+00 0.0e+00 0.0e+00  0  0  0  0  0   0  0  0  0  0  4384
PCApply               14 1.0 7.4379e-02 1.4 2.04e+07 1.0 0.0e+00 0.0e+00 0.0e+00  0  0  0  0  0   0  0  0  0  0 10885
KSPSetUp               2 1.0 1.3359e-03 1.5 0.00e+00 0.0 0.0e+00 0.0e+00 0.0e+00  0  0  0  0  0   0  0  0  0  0     0
KSPSolve               1 1.0 3.1102e-01 1.1 5.43e+07 1.0 3.0e+03 2.0e+03 4.0e+01  0  0  0  0  0   0  0  1  0  4  6937
SNESSolve              1 1.0 4.4905e-01 1.0 1.05e+08 1.0 3.6e+03 2.7e+03 4.0e+01  0  0  0  0  0   1  0  1  1  4  9356
SNESFunctionEval       1 1.0 4.1162e-02 2.0 1.74e+07 1.0 4.6e+02 3.6e+03 0.0e+00  0  0  0  0  0   0  0  0  0  0 16941
SNESJacobianEval       1 1.0 1.2198e-01 1.3 3.35e+07 1.0 1.7e+02 1.2e+04 0.0e+00  0  0  0  0  0   0  0  0  0  0 10995
Mesh Partition         4 1.0 5.0850e+00 1.0 0.00e+00 0.0 4.4e+04 1.5e+03 2.0e+01  0  0  0  0  0   6  0 10  4  2     0
Mesh Migration         4 1.0 1.0503e+00 1.0 0.00e+00 0.0 1.8e+04 1.8e+04 8.8e+01  0  0  0  0  0   1  0  4 19  9     0
DMPlexInterp           2 1.0 9.5296e-04 1.5 0.00e+00 0.0 0.0e+00 0.0e+00 8.0e+00  0  0  0  0  0   0  0  0  0  1     0
DMPlexDistribute       2 1.0 5.7843e+00 1.0 0.00e+00 0.0 2.2e+04 2.0e+04 4.0e+01  0  0  0  0  0   7  0  5 25  4     0
DMPlexDistCones        4 1.0 3.7286e-01 1.1 0.00e+00 0.0 4.3e+03 3.0e+04 0.0e+00  0  0  0  0  0   0  0  1  8  0     0
DMPlexDistLabels       4 1.0 4.5102e-01 1.0 0.00e+00 0.0 6.1e+03 1.9e+04 5.2e+01  0  0  0  0  0   1  0  1  7  5     0
DMPlexDistribOL        2 1.0 4.0572e-01 1.0 0.00e+00 0.0 4.1e+04 5.2e+02 6.8e+01  0  0  0  0  0   0  0  9  1  7     0
DMPlexDistField        6 1.0 7.7161e-02 1.2 0.00e+00 0.0 5.9e+03 7.4e+03 4.0e+00  0  0  0  0  0   0  0  1  3  0     0
DMPlexDistData         4 1.0 2.4560e+0018.4 0.00e+00 0.0 3.9e+04 1.0e+03 0.0e+00  0  0  0  0  0   3  0  8  2  0     0
DMPlexStratify        24 1.0 2.0603e+00 2.0 0.00e+00 0.0 0.0e+00 0.0e+00 2.4e+01  0  0  0  0  0   2  0  0  0  2     0
CreateMesh            10 1.0 6.9597e+00 1.0 0.00e+00 0.0 6.3e+04 7.1e+03 1.2e+02  0  0  0  0  0   8  0 14 26 12     0
Mesh: reorder          2 1.0 3.2569e-02 3.2 0.00e+00 0.0 0.0e+00 0.0e+00 4.0e+00  0  0  0  0  0   0  0  0  0  0     0
Mesh: numbering        2 1.0 1.3430e-01 1.3 0.00e+00 0.0 0.0e+00 0.0e+00 4.0e+00  0  0  0  0  0   0  0  0  0  0     0
CreateFunctionSpace      40 1.0 1.0563e+00 1.3 0.00e+00 0.0 1.6e+03 1.1e+03 0.0e+00  0  0  0  0  0   1  0  0  0  0     0
ParLoopExecute      2835 1.0 5.1951e+01 1.1 6.15e+10 1.0 3.7e+05 2.6e+03 2.4e+01  1  5  0  1  0  60100 82 57  2 47379
ParLoopCells        1646 1.0 2.6912e+01 1.1 6.14e+10 1.0 0.0e+00 0.0e+00 0.0e+00  0  5  0  0  0  31100  0  0  0 91273
ParLoopRednBegin    2835 1.0 5.5272e+00 1.2 0.00e+00 0.0 0.0e+00 0.0e+00 0.0e+00  0  0  0  0  0   6  0  0  0  0     0
ParLoopRednEnd      2835 1.0 5.3175e-02 1.6 0.00e+00 0.0 0.0e+00 0.0e+00 0.0e+00  0  0  0  0  0   0  0  0  0  0     0
ParLoopset_4           4 1.0 2.3301e-03 2.0 0.00e+00 0.0 0.0e+00 0.0e+00 0.0e+00  0  0  0  0  0   0  0  0  0  0     0
CreateSparsity        12 1.0 5.5874e+00 1.1 0.00e+00 0.0 3.5e+03 1.2e+04 5.6e+01  0  0  0  0  0   6  0  1  2  6     0
MatZeroInitial        13 1.0 9.9063e-01 1.2 0.00e+00 0.0 0.0e+00 0.0e+00 0.0e+00  0  0  0  0  0   1  0  0  0  0     0
ParLoopset_6           2 1.0 5.1360e-03 4.3 0.00e+00 0.0 0.0e+00 0.0e+00 0.0e+00  0  0  0  0  0   0  0  0  0  0     0
ParLoopset_7           2 1.0 2.6488e-04 2.3 0.00e+00 0.0 0.0e+00 0.0e+00 0.0e+00  0  0  0  0  0   0  0  0  0  0     0
ParLoopset_12          4 1.0 5.0092e-04 1.9 0.00e+00 0.0 0.0e+00 0.0e+00 0.0e+00  0  0  0  0  0   0  0  0  0  0     0
ParLoopset_14       2006 1.0 2.9261e-01 1.2 7.92e+07 1.0 0.0e+00 0.0e+00 0.0e+00  0  0  0  0  0   0  0  0  0  0 10750
ParLoopset_15       2006 1.0 1.9121e-01 1.3 4.72e+07 1.0 0.0e+00 0.0e+00 0.0e+00  0  0  0  0  0   0  0  0  0  0  9879

--- Event Stage 1: Warm up: DU Residuals

BuildTwoSided          4 1.0 2.0604e-02 1.9 0.00e+00 0.0 4.6e+02 4.0e+00 0.0e+00  0  0  0  0  0   0  0  4  0  0     0
BuildTwoSidedF         8 1.0 4.7858e-01 2.1 0.00e+00 0.0 3.4e+02 1.2e+04 0.0e+00  0  0  0  0  0  12  0  3 10  0     0
SFSetGraph             8 1.0 5.8699e-04 1.4 0.00e+00 0.0 0.0e+00 0.0e+00 0.0e+00  0  0  0  0  0   0  0  0  0  0     0
SFSetUp                4 1.0 2.7738e-02 2.2 0.00e+00 0.0 1.4e+03 8.6e+02 0.0e+00  0  0  0  0  0   1  0 12  3  0     0
SFBcastBegin          14 1.0 1.8389e-03 2.7 0.00e+00 0.0 3.2e+03 2.0e+03 0.0e+00  0  0  0  0  0   0  0 28 17  0     0
SFBcastEnd            14 1.0 4.3037e-02122.4 0.00e+00 0.0 0.0e+00 0.0e+00 0.0e+00  0  0  0  0  0   0  0  0  0  0     0
SFReduceBegin          8 1.0 1.0774e-03 5.7 0.00e+00 0.0 1.8e+03 2.6e+03 0.0e+00  0  0  0  0  0   0  0 16 12  0     0
SFReduceEnd            8 1.0 1.8878e-01 5.4 0.00e+00 0.0 0.0e+00 0.0e+00 0.0e+00  0  0  0  0  0   3  0  0  0  0     0
VecMDot               20 1.0 2.6201e-01 2.2 1.45e+07 1.0 0.0e+00 0.0e+00 2.0e+01  0  0  0  0  0   7  1  0  0 36  2201
VecNorm               24 1.0 2.1987e-01 2.0 3.06e+06 1.0 0.0e+00 0.0e+00 2.4e+01  0  0  0  0  0   5  0  0  0 43   553
VecScale              22 1.0 3.1946e-03 2.0 1.45e+06 1.0 0.0e+00 0.0e+00 0.0e+00  0  0  0  0  0   0  0  0  0  0 18053
VecCopy               20 1.0 6.0160e-03 1.8 0.00e+00 0.0 0.0e+00 0.0e+00 0.0e+00  0  0  0  0  0   0  0  0  0  0     0
VecSet                30 1.0 6.8791e-03 2.2 0.00e+00 0.0 0.0e+00 0.0e+00 0.0e+00  0  0  0  0  0   0  0  0  0  0     0
VecAXPY                6 1.0 1.8599e-03 2.2 6.85e+05 1.0 0.0e+00 0.0e+00 0.0e+00  0  0  0  0  0   0  0  0  0  0 14658
VecMAXPY              22 1.0 3.3280e-02 1.7 1.72e+07 1.0 0.0e+00 0.0e+00 0.0e+00  0  0  0  0  0   1  1  0  0  0 20480
VecScatterBegin       20 1.0 2.7111e-03 3.7 0.00e+00 0.0 4.6e+03 4.8e+03 0.0e+00  0  0  0  0  0   0  0 40 57  0     0
VecScatterEnd         20 1.0 1.8269e-01 5.6 0.00e+00 0.0 0.0e+00 0.0e+00 0.0e+00  0  0  0  0  0   3  0  0  0  0     0
VecNormalize          22 1.0 2.0588e-01 2.1 4.35e+06 1.0 0.0e+00 0.0e+00 2.2e+01  0  0  0  0  0   4  0  0  0 39   840
MatMult               20 1.0 3.7084e-01 1.8 8.64e+07 1.0 4.6e+03 4.8e+03 0.0e+00  0  0  0  0  0   8  4 40 57  0  9246
MatSolve              24 1.0 2.0834e-01 1.5 9.56e+07 1.0 0.0e+00 0.0e+00 0.0e+00  0  0  0  0  0   6  5  0  0  0 18220
MatLUFactorNum         4 1.0 1.4330e-01 1.4 3.19e+07 1.0 0.0e+00 0.0e+00 0.0e+00  0  0  0  0  0   4  1  0  0  0  8747
MatILUFactorSym        4 1.0 1.1616e-01 1.6 0.00e+00 0.0 0.0e+00 0.0e+00 0.0e+00  0  0  0  0  0   3  0  0  0  0     0
MatAssemblyBegin       8 1.0 4.7946e-01 2.1 0.00e+00 0.0 3.4e+02 1.2e+04 0.0e+00  0  0  0  0  0  12  0  3 10  0     0
MatAssemblyEnd         8 1.0 3.5162e-02 1.3 0.00e+00 0.0 0.0e+00 0.0e+00 0.0e+00  0  0  0  0  0   1  0  0  0  0     0
MatGetRowIJ            4 1.0 4.1246e-05 0.0 0.00e+00 0.0 0.0e+00 0.0e+00 0.0e+00  0  0  0  0  0   0  0  0  0  0     0
MatGetOrdering         4 1.0 1.5928e-02 2.7 0.00e+00 0.0 0.0e+00 0.0e+00 0.0e+00  0  0  0  0  0   0  0  0  0  0     0
MatZeroEntries         4 1.0 2.0952e-02 2.8 0.00e+00 0.0 0.0e+00 0.0e+00 0.0e+00  0  0  0  0  0   0  0  0  0  0     0
PCSetUp                8 1.0 2.5266e-01 1.3 3.19e+07 1.0 0.0e+00 0.0e+00 0.0e+00  0  0  0  0  0   7  1  0  0  0  4961
PCSetUpOnBlocks        4 1.0 2.5215e-01 1.3 3.19e+07 1.0 0.0e+00 0.0e+00 0.0e+00  0  0  0  0  0   7  1  0  0  0  4971
PCApply               24 1.0 2.1287e-01 1.5 9.56e+07 1.0 0.0e+00 0.0e+00 0.0e+00  0  0  0  0  0   6  5  0  0  0 17832
KSPGMRESOrthog        20 1.0 2.8494e-01 2.0 2.90e+07 1.0 0.0e+00 0.0e+00 2.0e+01  0  0  0  0  0   7  1  0  0 36  4048
KSPSetUp               8 1.0 1.0899e-02 3.2 0.00e+00 0.0 0.0e+00 0.0e+00 0.0e+00  0  0  0  0  0   0  0  0  0  0     0
KSPSolve               4 1.0 1.0678e+00 1.0 2.50e+08 1.0 4.6e+03 4.8e+03 4.4e+01  0  0  0  0  0  34 12 40 57 79  9296
SNESSolve              4 1.0 3.1266e+00 1.0 2.11e+09 1.0 1.1e+04 3.4e+03 5.2e+01  0  0  0  0  0  99100100100 93 26907
SNESFunctionEval       4 1.0 6.2731e-01 1.2 7.67e+08 1.0 6.4e+03 1.9e+03 8.0e+00  0  0  0  0  0  18 36 57 33 14 48748
SNESJacobianEval       4 1.0 1.5380e+00 1.1 1.10e+09 1.0 3.4e+02 1.2e+04 0.0e+00  0  0  0  0  0  47 52  3 10  0 28352
ParLoopExecute        20 1.0 1.7738e+00 1.2 1.86e+09 1.0 6.4e+03 1.9e+03 8.0e+00  0  0  0  0  0  52 88 57 33 14 41823
ParLoopCells          16 1.0 6.4157e-01 1.3 1.09e+09 1.0 0.0e+00 0.0e+00 0.0e+00  0  0  0  0  0  17 52  0  0  0 67820
ParLoopRednBegin      20 1.0 6.3920e-04 1.4 0.00e+00 0.0 0.0e+00 0.0e+00 0.0e+00  0  0  0  0  0   0  0  0  0  0     0
ParLoopRednEnd        20 1.0 1.1921e-04 1.4 0.00e+00 0.0 0.0e+00 0.0e+00 0.0e+00  0  0  0  0  0   0  0  0  0  0     0
ParLoopset_6           2 1.0 4.2009e-04 3.0 0.00e+00 0.0 0.0e+00 0.0e+00 0.0e+00  0  0  0  0  0   0  0  0  0  0     0
ParLoopset_7           2 1.0 1.5848e-03 2.0 0.00e+00 0.0 0.0e+00 0.0e+00 0.0e+00  0  0  0  0  0   0  0  0  0  0     0
ParLoopIntFacets      16 1.0 7.5424e-01 1.3 7.75e+08 1.0 0.0e+00 0.0e+00 0.0e+00  0  0  0  0  0  21 36  0  0  0 40667
ParLoopset_14          2 1.0 7.3981e-04 5.0 0.00e+00 0.0 0.0e+00 0.0e+00 0.0e+00  0  0  0  0  0   0  0  0  0  0     0
ParLoopset_15          2 1.0 2.9492e-04 3.2 0.00e+00 0.0 0.0e+00 0.0e+00 0.0e+00  0  0  0  0  0   0  0  0  0  0     0

--- Event Stage 2: Warm up: Linear solve

BuildTwoSided         10 1.0 1.1872e-02 4.9 0.00e+00 0.0 1.0e+03 4.0e+00 0.0e+00  0  0  0  0  0   0  0  0  0  0     0
BuildTwoSidedF       102 1.0 6.5730e-01 1.4 0.00e+00 0.0 5.9e+03 4.8e+03 0.0e+00  0  0  0  0  0   2  0  0  4  0     0
SFSetGraph            10 1.0 5.2452e-06 0.0 0.00e+00 0.0 0.0e+00 0.0e+00 0.0e+00  0  0  0  0  0   0  0  0  0  0     0
SFSetUp               10 1.0 1.4899e-02 5.2 0.00e+00 0.0 3.0e+03 3.2e+02 0.0e+00  0  0  0  0  0   0  0  0  0  0     0
SFBcastBegin          54 1.0 2.0733e-03 2.8 0.00e+00 0.0 1.2e+04 8.1e+02 0.0e+00  0  0  0  0  0   0  0  1  1  0     0
SFBcastEnd            54 1.0 5.4410e-0231.1 0.00e+00 0.0 0.0e+00 0.0e+00 0.0e+00  0  0  0  0  0   0  0  0  0  0     0
SFReduceBegin          4 1.0 2.3866e-04 2.5 0.00e+00 0.0 9.1e+02 2.6e+03 0.0e+00  0  0  0  0  0   0  0  0  0  0     0
SFReduceEnd            4 1.0 1.3192e-0113.1 0.00e+00 0.0 0.0e+00 0.0e+00 0.0e+00  0  0  0  0  0   0  0  0  0  0     0
VecMDot              222 1.0 4.5931e-01 1.3 4.64e+07 1.0 0.0e+00 0.0e+00 2.2e+02  0  0  0  0  0   1  1  0  0 10  4027
VecTDot              268 1.0 1.2085e+00 1.5 2.11e+07 1.0 0.0e+00 0.0e+00 2.7e+02  0  0  0  0  0   3  0  0  0 12   698
VecNorm              402 1.0 2.3346e+00 1.8 2.12e+07 1.0 0.0e+00 0.0e+00 4.0e+02  0  0  0  0  0   5  0  0  0 19   363
VecScale            1370 1.0 1.3068e-01 1.6 4.87e+07 1.0 0.0e+00 0.0e+00 0.0e+00  0  0  0  0  0   0  1  0  0  0 14891
VecCopy              868 1.0 3.8646e-02 1.3 0.00e+00 0.0 0.0e+00 0.0e+00 0.0e+00  0  0  0  0  0   0  0  0  0  0     0
VecSet             10214 1.0 3.9067e-01 1.3 0.00e+00 0.0 0.0e+00 0.0e+00 0.0e+00  0  0  0  0  0   1  0  0  0  0     0
VecAXPY              316 1.0 7.3434e-02 1.4 2.54e+07 1.0 0.0e+00 0.0e+00 0.0e+00  0  0  0  0  0   0  0  0  0  0 13835
VecAYPX             6430 1.0 2.5174e-01 1.3 7.54e+07 1.0 0.0e+00 0.0e+00 0.0e+00  0  0  0  0  0   1  1  0  0  0 11966
VecAXPBYCZ          3160 1.0 1.7485e-01 1.3 1.34e+08 1.0 0.0e+00 0.0e+00 0.0e+00  0  0  0  0  0   0  2  0  0  0 30498
VecMAXPY             244 1.0 9.9684e-02 1.2 5.44e+07 1.0 0.0e+00 0.0e+00 0.0e+00  0  0  0  0  0   0  1  0  0  0 21763
VecAssemblyBegin      32 1.0 3.5766e-02 1.9 0.00e+00 0.0 0.0e+00 0.0e+00 0.0e+00  0  0  0  0  0   0  0  0  0  0     0
VecAssemblyEnd        32 1.0 7.2718e-05 1.5 0.00e+00 0.0 0.0e+00 0.0e+00 0.0e+00  0  0  0  0  0   0  0  0  0  0     0
VecPointwiseMult     110 1.0 5.7232e-03 1.9 9.30e+05 1.0 0.0e+00 0.0e+00 0.0e+00  0  0  0  0  0   0  0  0  0  0  6487
VecScatterBegin     9154 1.0 1.4897e-01 1.5 0.00e+00 0.0 1.3e+06 4.9e+02 0.0e+00  0  0  0  0  0   0  0 95 83  0     0
VecScatterEnd       9154 1.0 9.1875e+00 1.3 0.00e+00 0.0 0.0e+00 0.0e+00 0.0e+00  0  0  0  0  0  27  0  0  0  0     0
VecSetRandom          10 1.0 9.0506e-03 2.2 0.00e+00 0.0 0.0e+00 0.0e+00 0.0e+00  0  0  0  0  0   0  0  0  0  0     0
VecNormalize         244 1.0 2.5272e-01 1.7 1.32e+07 1.0 0.0e+00 0.0e+00 2.4e+02  0  0  0  0  0   1  0  0  0 11  2076
MatMult             5144 1.0 1.6656e+01 1.1 3.37e+09 1.0 1.0e+06 5.6e+02 1.8e+02  0  0  0  0  0  53 61 77 77  9  8044
MatMultAdd          1980 1.0 1.4658e+00 1.4 3.59e+08 1.0 1.3e+05 2.6e+02 0.0e+00  0  0  0  0  0   5  6 10  4  0  9787
MatMultTranspose     790 1.0 1.3133e+00 2.8 3.25e+07 1.0 1.2e+05 1.4e+02 0.0e+00  0  0  0  0  0   3  1  9  2  0   985
MatSolve            6158 1.2 7.2197e+00 1.2 2.61e+09 1.0 0.0e+00 0.0e+00 0.0e+00  0  0  0  0  0  22 47  0  0  0 14384
MatLUFactorSym         2 1.0 2.6941e-05 1.8 0.00e+00 0.0 0.0e+00 0.0e+00 0.0e+00  0  0  0  0  0   0  0  0  0  0     0
MatLUFactorNum        14 1.0 8.0132e-02 1.5 1.54e+07 1.0 0.0e+00 0.0e+00 0.0e+00  0  0  0  0  0   0  0  0  0  0  7603
MatILUFactorSym       12 1.0 5.5230e-02 1.8 0.00e+00 0.0 0.0e+00 0.0e+00 0.0e+00  0  0  0  0  0   0  0  0  0  0     0
MatConvert            12 1.0 3.4050e-02 1.4 0.00e+00 0.0 0.0e+00 0.0e+00 0.0e+00  0  0  0  0  0   0  0  0  0  0     0
MatScale              34 1.0 2.9105e-02 1.8 4.03e+06 1.0 2.0e+03 5.8e+02 0.0e+00  0  0  0  0  0   0  0  0  0  0  5520
MatResidual          790 1.0 2.4107e+00 1.2 4.75e+08 1.0 1.6e+05 5.2e+02 0.0e+00  0  0  0  0  0   8  9 12 11  0  7831
MatAssemblyBegin     220 1.0 6.3978e-01 1.4 0.00e+00 0.0 5.9e+03 4.8e+03 0.0e+00  0  0  0  0  0   2  0  0  4  0     0
MatAssemblyEnd       220 1.0 3.5847e-01 1.4 0.00e+00 0.0 1.9e+04 1.3e+02 4.3e+02  0  0  0  0  0   1  0  1  0 20     0
MatGetRow         410838 1.0 1.1510e-01 1.4 0.00e+00 0.0 0.0e+00 0.0e+00 0.0e+00  0  0  0  0  0   0  0  0  0  0     0
MatGetRowIJ           14 1.4 2.0027e-0516.8 0.00e+00 0.0 0.0e+00 0.0e+00 0.0e+00  0  0  0  0  0   0  0  0  0  0     0
MatCreateSubMat       16 1.0 3.6956e-02 1.1 0.00e+00 0.0 6.4e+02 1.3e+02 1.4e+02  0  0  0  0  0   0  0  0  0  7     0
MatGetOrdering        14 1.4 1.0146e-02 2.0 0.00e+00 0.0 0.0e+00 0.0e+00 0.0e+00  0  0  0  0  0   0  0  0  0  0     0
MatCoarsen            10 1.0 4.3167e-02 1.3 0.00e+00 0.0 1.3e+04 4.4e+02 2.6e+01  0  0  0  0  0   0  0  1  1  1     0
MatZeroEntries        14 1.0 5.8003e-02 3.2 0.00e+00 0.0 0.0e+00 0.0e+00 0.0e+00  0  0  0  0  0   0  0  0  0  0     0
MatAXPY               12 1.0 3.4575e-01 1.1 0.00e+00 0.0 9.1e+02 4.1e+02 2.0e+01  0  0  0  0  0   1  0  0  0  1     0
MatMatMult            12 1.0 2.5103e+00 1.0 8.65e+06 1.0 1.4e+04 5.7e+02 1.5e+02  0  0  0  0  0   8  0  1  1  7   138
MatMatMultSym         12 1.0 2.4016e+00 1.0 0.00e+00 0.0 1.1e+04 4.5e+02 1.4e+02  0  0  0  0  0   8  0  1  1  7     0
MatMatMultNum         12 1.0 9.5550e-02 1.1 8.65e+06 1.0 2.2e+03 1.2e+03 0.0e+00  0  0  0  0  0   0  0  0  0  0  3617
MatPtAP               10 1.0 2.4246e-01 1.0 7.89e+06 1.0 2.1e+04 6.1e+02 1.5e+02  0  0  0  0  0   1  0  2  2  7  1291
MatPtAPSymbolic       10 1.0 1.8494e-01 1.1 0.00e+00 0.0 1.2e+04 6.5e+02 7.0e+01  0  0  0  0  0   1  0  1  1  3     0
MatPtAPNumeric        10 1.0 6.8706e-02 1.3 7.89e+06 1.0 8.8e+03 5.6e+02 8.0e+01  0  0  0  0  0   0  0  1  1  4  4555
MatTrnMatMult          2 1.0 8.1605e-01 1.0 2.50e+07 1.0 3.0e+03 8.0e+03 3.2e+01  0  0  0  0  0   3  0  0  3  1  1227
MatTrnMatMultSym       2 1.0 4.5501e-01 1.1 0.00e+00 0.0 1.4e+03 3.8e+03 1.6e+01  0  0  0  0  0   1  0  0  1  1     0
MatTrnMatMultNum       2 1.0 3.8512e-01 1.1 2.50e+07 1.0 1.6e+03 1.2e+04 1.6e+01  0  0  0  0  0   1  0  0  2  1  2599
MatGetLocalMat        36 1.0 5.9401e-02 1.5 0.00e+00 0.0 0.0e+00 0.0e+00 0.0e+00  0  0  0  0  0   0  0  0  0  0     0
MatGetBrAoCol         34 1.0 5.6119e-02 3.4 0.00e+00 0.0 1.5e+04 9.1e+02 0.0e+00  0  0  0  0  0   0  0  1  2  0     0
PCGAMGGraph_AGG       10 1.0 4.3850e-01 1.0 2.04e+06 1.0 6.0e+03 2.9e+02 1.2e+02  0  0  0  0  0   1  0  0  0  6   186
PCGAMGCoarse_AGG      10 1.0 9.1679e-01 1.0 2.50e+07 1.0 1.8e+04 2.0e+03 6.6e+01  0  0  0  0  0   3  0  1  5  3  1092
PCGAMGProl_AGG        10 1.0 9.1264e-02 1.0 0.00e+00 0.0 7.8e+03 5.8e+02 1.6e+02  0  0  0  0  0   0  0  1  1  7     0
PCGAMGPOpt_AGG        10 1.0 4.2413e-01 1.0 4.62e+07 1.0 3.2e+04 4.8e+02 4.1e+02  0  0  0  0  0   1  1  2  2 19  4346
GAMG: createProl      10 1.0 1.8700e+00 1.0 7.32e+07 1.0 6.4e+04 9.0e+02 7.6e+02  0  0  0  0  0   6  1  5  8 35  1564
  Graph               20 1.0 4.3801e-01 1.0 2.04e+06 1.0 6.0e+03 2.9e+02 1.2e+02  0  0  0  0  0   1  0  0  0  6   186
  MIS/Agg             10 1.0 4.3324e-02 1.3 0.00e+00 0.0 1.3e+04 4.4e+02 2.6e+01  0  0  0  0  0   0  0  1  1  1     0
  SA: col data        10 1.0 4.5199e-02 1.8 0.00e+00 0.0 4.0e+03 9.6e+02 4.0e+01  0  0  0  0  0   0  0  0  1  2     0
  SA: frmProl0        10 1.0 5.5184e-02 1.5 0.00e+00 0.0 3.8e+03 1.7e+02 8.0e+01  0  0  0  0  0   0  0  0  0  4     0
  SA: smooth          10 1.0 2.3500e-01 1.1 2.45e+06 1.0 1.2e+04 3.0e+02 1.4e+02  0  0  0  0  0   1  0  1  0  7   416
GAMG: partLevel       10 1.0 2.5749e-01 1.0 7.89e+06 1.0 2.1e+04 5.9e+02 3.5e+02  0  0  0  0  0   1  0  2  2 16  1215
  repartition          6 1.0 8.1015e-04 1.1 0.00e+00 0.0 0.0e+00 0.0e+00 2.4e+01  0  0  0  0  0   0  0  0  0  1     0
  Invert-Sort          4 1.0 1.3399e-03 1.4 0.00e+00 0.0 0.0e+00 0.0e+00 1.6e+01  0  0  0  0  0   0  0  0  0  1     0
  Move A               4 1.0 5.2402e-03 1.1 0.00e+00 0.0 3.9e+02 2.0e+02 6.8e+01  0  0  0  0  0   0  0  0  0  3     0
  Move P               4 1.0 7.3180e-03 1.1 0.00e+00 0.0 2.6e+02 1.9e+01 6.8e+01  0  0  0  0  0   0  0  0  0  3     0
PCSetUp               20 1.0 5.0649e+00 1.0 1.05e+08 1.0 8.8e+04 1.6e+03 1.3e+03  0  0  0  0  1  17  2  7 19 60   824
PCSetUpOnBlocks     2898 1.0 1.4391e-01 1.5 1.54e+07 1.0 0.0e+00 0.0e+00 0.0e+00  0  0  0  0  0   0  0  0  0  0  4233
PCApply               24 1.0 2.5556e+01 1.0 4.74e+09 1.0 1.3e+06 5.0e+02 1.8e+03  0  0  0  0  1  85 85 99 87 84  7385
KSPSolve_FS_0         24 1.0 1.2445e-01 1.2 3.49e+07 1.0 0.0e+00 0.0e+00 0.0e+00  0  0  0  0  0   0  1  0  0  0 11152
KSPSolve_FS_Schu      24 1.0 2.5128e+01 1.0 4.63e+09 1.0 1.3e+06 4.9e+02 1.8e+03  0  0  0  0  1  84 83 98 86 84  7335
KSPSolve_FS_Low       24 1.0 2.0261e-01 1.4 4.42e+07 1.0 0.0e+00 0.0e+00 0.0e+00  0  0  0  0  0   1  1  0  0  0  8650
KSPGMRESOrthog       222 1.0 5.3894e-01 1.3 9.28e+07 1.0 0.0e+00 0.0e+00 2.2e+02  0  0  0  0  0   2  2  0  0 10  6865
KSPSetUp              52 1.0 3.6176e-02 3.0 0.00e+00 0.0 0.0e+00 0.0e+00 2.0e+01  0  0  0  0  0   0  0  0  0  1     0
KSPSolve               2 1.0 2.8911e+01 1.0 4.88e+09 1.0 1.3e+06 5.6e+02 2.1e+03  0  0  0  1  1  97 88100 98100  6725
SNESSolve              2 1.0 2.9822e+01 1.0 5.55e+09 1.0 1.3e+06 5.6e+02 2.1e+03  0  0  0  1  1 100100100100100  7414
SNESFunctionEval       2 1.0 2.9856e-01 1.3 3.06e+08 1.0 2.7e+03 2.6e+03 0.0e+00  0  0  0  0  0   1  6  0  1  0 41054
SNESJacobianEval       2 1.0 6.8500e-01 1.1 3.60e+08 1.0 6.8e+02 7.9e+03 0.0e+00  0  0  0  0  0   2  7  0  1  0 21024
ParLoopExecute        16 1.0 8.4404e-01 1.3 6.66e+08 1.0 2.7e+03 2.6e+03 0.0e+00  0  0  0  0  0   2 12  0  1  0 31584
ParLoopCells          24 1.0 5.7803e-01 1.5 6.66e+08 1.0 0.0e+00 0.0e+00 0.0e+00  0  0  0  0  0   1 12  0  0  0 46119
ParLoopRednBegin      16 1.0 4.2200e-04 1.6 0.00e+00 0.0 0.0e+00 0.0e+00 0.0e+00  0  0  0  0  0   0  0  0  0  0     0
ParLoopRednEnd        16 1.0 9.6083e-05 1.7 0.00e+00 0.0 0.0e+00 0.0e+00 0.0e+00  0  0  0  0  0   0  0  0  0  0     0
ParLoopset_6           2 1.0 3.1495e-04 2.2 0.00e+00 0.0 0.0e+00 0.0e+00 0.0e+00  0  0  0  0  0   0  0  0  0  0     0
ParLoopset_7           2 1.0 2.2507e-04 2.6 0.00e+00 0.0 0.0e+00 0.0e+00 0.0e+00  0  0  0  0  0   0  0  0  0  0     0
ParLoopset_14          2 1.0 4.5490e-04 3.6 0.00e+00 0.0 0.0e+00 0.0e+00 0.0e+00  0  0  0  0  0   0  0  0  0  0     0
ParLoopset_15          2 1.0 2.4891e-04 4.7 0.00e+00 0.0 0.0e+00 0.0e+00 0.0e+00  0  0  0  0  0   0  0  0  0  0     0

--- Event Stage 3: Warm up

ParLoopExecute         2 1.0 1.8787e-03 3.6 0.00e+00 0.0 0.0e+00 0.0e+00 0.0e+00  0  0  0  0  0  38  0  0  0  0     0
ParLoopRednBegin       2 1.0 3.9101e-05 2.0 0.00e+00 0.0 0.0e+00 0.0e+00 0.0e+00  0  0  0  0  0   1  0  0  0  0     0
ParLoopRednEnd         2 1.0 1.0967e-05 1.9 0.00e+00 0.0 0.0e+00 0.0e+00 0.0e+00  0  0  0  0  0   0  0  0  0  0     0
ParLoopset_14          2 1.0 1.0741e-03 6.2 0.00e+00 0.0 0.0e+00 0.0e+00 0.0e+00  0  0  0  0  0  16  0  0  0  0     0
ParLoopset_15          2 1.0 4.1413e-04 4.6 0.00e+00 0.0 0.0e+00 0.0e+00 0.0e+00  0  0  0  0  0   8  0  0  0  0     0

--- Event Stage 4: DU Residuals

SFBcastBegin        1800 1.0 1.7741e-01 2.3 0.00e+00 0.0 4.1e+05 2.6e+03 0.0e+00  0  0  0  1  0   0  0 22 15  0     0
SFBcastEnd          1800 1.0 1.3857e+01 2.0 0.00e+00 0.0 0.0e+00 0.0e+00 0.0e+00  0  0  0  0  0   3  0  0  0  0     0
SFReduceBegin       1600 1.0 1.2297e-01 2.9 0.00e+00 0.0 3.6e+05 2.6e+03 0.0e+00  0  0  0  1  0   0  0 20 14  0     0
SFReduceEnd         1600 1.0 2.8740e+01 1.5 0.00e+00 0.0 0.0e+00 0.0e+00 0.0e+00  0  0  0  0  0   7  0  0  0  0     0
VecMDot             4332 1.0 6.7271e+01 1.3 3.38e+09 1.0 0.0e+00 0.0e+00 4.3e+03  1  0  0  0  3  17  2  0  0 41  1999
VecTDot              800 1.0 4.9292e+00 1.2 6.29e+07 1.0 0.0e+00 0.0e+00 8.0e+02  0  0  0  0  1   1  0  0  0  8   511
VecNorm             5532 1.0 6.0367e+01 1.3 6.87e+08 1.0 0.0e+00 0.0e+00 5.5e+03  1  0  0  0  4  15  0  0  0 52   453
VecScale            4732 1.0 5.7269e-01 1.2 3.12e+08 1.0 0.0e+00 0.0e+00 0.0e+00  0  0  0  0  0   0  0  0  0  0 21660
VecCopy             3600 1.0 7.0458e-01 1.5 0.00e+00 0.0 0.0e+00 0.0e+00 0.0e+00  0  0  0  0  0   0  0  0  0  0     0
VecSet              6732 1.0 1.9918e+00 2.2 0.00e+00 0.0 0.0e+00 0.0e+00 0.0e+00  0  0  0  0  0   0  0  0  0  0     0
VecAXPY             2000 1.0 4.5149e-01 1.3 2.00e+08 1.0 0.0e+00 0.0e+00 0.0e+00  0  0  0  0  0   0  0  0  0  0 17651
VecMAXPY            4732 1.0 6.7035e+00 1.1 3.96e+09 1.0 0.0e+00 0.0e+00 0.0e+00  0  0  0  0  0   2  2  0  0  0 23451
VecScatterBegin     4732 1.0 3.2282e-01 1.9 0.00e+00 0.0 1.1e+06 4.5e+03 0.0e+00  0  0  0  3  0   0  0 58 71  0     0
VecScatterEnd       4732 1.0 3.9432e+01 1.6 0.00e+00 0.0 0.0e+00 0.0e+00 0.0e+00  0  0  0  0  0  10  0  0  0  0     0
VecNormalize        4732 1.0 5.0102e+01 1.3 9.36e+08 1.0 0.0e+00 0.0e+00 4.7e+03  1  0  0  0  3  13  0  0  0 44   743
MatMult             4732 1.0 8.0001e+01 1.2 1.91e+10 1.0 1.1e+06 4.5e+03 0.0e+00  1  1  0  3  0  22  9 58 71  0  9464
MatSolve            5532 1.0 4.4448e+01 1.2 2.09e+10 1.0 0.0e+00 0.0e+00 0.0e+00  1  2  0  0  0  12 10  0  0  0 18668
PCSetUpOnBlocks      800 1.0 1.2708e-0212.4 0.00e+00 0.0 0.0e+00 0.0e+00 0.0e+00  0  0  0  0  0   0  0  0  0  0     0
PCApply             5532 1.0 4.5950e+01 1.2 2.09e+10 1.0 0.0e+00 0.0e+00 0.0e+00  1  2  0  0  0  13 10  0  0  0 18058
KSPGMRESOrthog      4332 1.0 7.2480e+01 1.3 6.77e+09 1.0 0.0e+00 0.0e+00 4.3e+03  1  0  0  0  3  19  3  0  0 41  3711
KSPSetUp             800 1.0 5.4765e-04 1.4 0.00e+00 0.0 0.0e+00 0.0e+00 0.0e+00  0  0  0  0  0   0  0  0  0  0     0
KSPSolve             800 1.0 2.4264e+02 1.0 4.85e+10 1.0 1.1e+06 4.5e+03 1.1e+04  3  4  0  3  7  70 24 58 71100  7936
SNESSolve            800 1.0 3.3907e+02 1.0 2.02e+11 1.0 1.9e+06 3.7e+03 1.1e+04  4 15  1  5  7 100100100100100 23726
SNESFunctionEval     800 1.0 1.0243e+02 1.1 1.53e+11 1.0 7.8e+05 2.6e+03 0.0e+00  1 11  0  1  0  29 76 42 29  0 59709
SNESJacobianEval     800 1.0 4.9421e-02 1.7 0.00e+00 0.0 0.0e+00 0.0e+00 0.0e+00  0  0  0  0  0   0  0  0  0  0     0
ParLoopExecute      2400 1.0 1.0218e+02 1.1 1.53e+11 1.0 7.8e+05 2.6e+03 0.0e+00  1 11  0  1  0  29 76 42 29  0 59856
ParLoopCells        1600 1.0 4.0812e+01 1.1 1.00e+11 1.0 0.0e+00 0.0e+00 0.0e+00  1  7  0  0  0  12 50  0  0  0 98029
ParLoopRednBegin    2400 1.0 1.7942e-02 2.4 0.00e+00 0.0 0.0e+00 0.0e+00 0.0e+00  0  0  0  0  0   0  0  0  0  0     0
ParLoopRednEnd      2400 1.0 3.3758e-02 3.3 0.00e+00 0.0 0.0e+00 0.0e+00 0.0e+00  0  0  0  0  0   0  0  0  0  0     0
ParLoopIntFacets    1600 1.0 2.5302e+01 1.1 5.35e+10 1.0 0.0e+00 0.0e+00 0.0e+00  0  4  0  0  0   7 26  0  0  0 83597
ParLoopset_14        800 1.0 1.3437e-01 1.9 0.00e+00 0.0 0.0e+00 0.0e+00 0.0e+00  0  0  0  0  0   0  0  0  0  0     0
ParLoopset_15        800 1.0 8.4653e-02 2.0 0.00e+00 0.0 0.0e+00 0.0e+00 0.0e+00  0  0  0  0  0   0  0  0  0  0     0

--- Event Stage 5: Linear solve

SFBcastBegin        1600 1.0 1.9474e-01 1.9 0.00e+00 0.0 3.6e+05 2.6e+03 0.0e+00  0  0  0  1  0   0  0  0  1  0     0
SFBcastEnd          1600 1.0 7.1105e+00 2.1 0.00e+00 0.0 0.0e+00 0.0e+00 0.0e+00  0  0  0  0  0   0  0  0  0  0     0
SFReduceBegin        800 1.0 5.9186e-02 2.8 0.00e+00 0.0 1.8e+05 2.6e+03 0.0e+00  0  0  0  0  0   0  0  0  0  0     0
SFReduceEnd          800 1.0 1.3455e+01 1.4 0.00e+00 0.0 0.0e+00 0.0e+00 0.0e+00  0  0  0  0  0   0  0  0  0  0     0
VecMDot             4706 1.0 6.5923e+01 1.6 6.33e+09 1.0 0.0e+00 0.0e+00 4.7e+03  1  0  0  0  3   1  1  0  0  3  3827
VecTDot            59308 1.0 4.7517e+02 1.4 4.66e+09 1.0 0.0e+00 0.0e+00 5.9e+04  5  0  0  0 38   5  0  0  0 42   393
VecNorm            39866 1.0 5.5807e+02 1.8 3.81e+09 1.0 0.0e+00 0.0e+00 4.0e+04  5  0  0  0 26   5  0  0  0 28   273
VecScale          248426 1.0 2.5906e+01 1.3 1.01e+10 1.0 0.0e+00 0.0e+00 0.0e+00  0  1  0  0  0   0  1  0  0  0 15600
VecCopy           185612 1.0 7.1660e+00 1.2 0.00e+00 0.0 0.0e+00 0.0e+00 0.0e+00  0  0  0  0  0   0  0  0  0  0     0
VecSet           2180650 1.0 8.1981e+01 1.2 0.00e+00 0.0 0.0e+00 0.0e+00 0.0e+00  1  0  0  0  0   1  0  0  0  0     0
VecAXPY            65214 1.0 1.4487e+01 1.2 5.51e+09 1.0 0.0e+00 0.0e+00 0.0e+00  0  0  0  0  0   0  1  0  0  0 15189
VecAYPX          1414948 1.0 5.8262e+01 1.3 1.66e+10 1.0 0.0e+00 0.0e+00 0.0e+00  1  1  0  0  0   1  2  0  0  0 11394
VecAXPBYCZ        695200 1.0 4.3343e+01 1.4 2.94e+10 1.0 0.0e+00 0.0e+00 0.0e+00  0  2  0  0  0   1  3  0  0  0 27068
VecMAXPY            5106 1.0 1.3804e+01 1.2 7.32e+09 1.0 0.0e+00 0.0e+00 0.0e+00  0  1  0  0  0   0  1  0  0  0 21134
VecScatterBegin  1949142 1.0 3.2358e+01 1.5 0.00e+00 0.0 2.7e+08 4.8e+02 0.0e+00  0  0 98 92  0   0  0100 99  0     0
VecScatterEnd    1949142 1.0 3.7719e+03 1.2 0.00e+00 0.0 0.0e+00 0.0e+00 0.0e+00 44  0  0  0  0  47  0  0  0  0     0
VecNormalize        5106 1.0 3.0278e+01 1.1 1.61e+09 1.0 0.0e+00 0.0e+00 5.1e+03  0  0  0  0  3   0  0  0  0  4  2122
MatMult          1087372 1.0 5.1956e+03 1.1 7.24e+11 1.0 2.2e+08 5.6e+02 3.8e+04 64 53 79 87 24  68 66 81 93 27  5540
MatMultAdd        430838 1.0 5.2989e+02 1.4 7.76e+10 1.0 2.8e+07 2.6e+02 0.0e+00  6  6 10  5  0   7  7 10  6  0  5850
MatMultTranspose  173800 1.0 3.6650e+02 2.3 7.15e+09 1.0 2.6e+07 1.4e+02 0.0e+00  3  1 10  3  0   4  1 10  3  0   776
MatSolve         1325986 1.2 1.5734e+03 1.2 5.63e+11 1.0 0.0e+00 0.0e+00 0.0e+00 19 41  0  0  0  20 52  0  0  0 14234
MatResidual       173800 1.0 7.4443e+02 1.1 1.04e+11 1.0 3.5e+07 5.2e+02 0.0e+00  9  8 13 13  0  10 10 13 14  0  5579
PCSetUpOnBlocks   630786 1.0 1.0361e+00 1.4 0.00e+00 0.0 0.0e+00 0.0e+00 0.0e+00  0  0  0  0  0   0  0  0  0  0     0
PCApply             5106 1.0 7.0123e+03 1.0 9.99e+11 1.0 2.7e+08 4.7e+02 9.4e+04 90 73 98 90 61  96 92 99 96 66  5670
KSPSolve_FS_0       5106 1.0 2.5331e+01 1.2 7.44e+09 1.0 0.0e+00 0.0e+00 0.0e+00  0  1  0  0  0   0  1  0  0  0 11656
KSPSolve_FS_Schu    5106 1.0 6.9176e+03 1.0 9.77e+11 1.0 2.7e+08 4.7e+02 9.4e+04 89 72 97 89 61  95 90 99 95 66  5623
KSPSolve_FS_Low     5106 1.0 2.3535e+01 1.2 7.44e+09 1.0 0.0e+00 0.0e+00 0.0e+00  0  1  0  0  0   0  1  0  0  0 12546
KSPGMRESOrthog      4706 1.0 7.6394e+01 1.4 1.27e+10 1.0 0.0e+00 0.0e+00 4.7e+03  1  1  0  0  3   1  1  0  0  3  6604
KSPSetUp             400 1.0 2.8992e-04 1.3 0.00e+00 0.0 0.0e+00 0.0e+00 0.0e+00  0  0  0  0  0   0  0  0  0  0     0
KSPSolve             400 1.0 7.2359e+03 1.0 1.03e+12 1.0 2.7e+08 4.8e+02 1.4e+05 94 76 98 92 91  99 94100 99100  5657
SNESSolve            400 1.0 7.2775e+03 1.0 1.09e+12 1.0 2.7e+08 4.9e+02 1.4e+05 94 80 99 93 91 100100100100100  5962
SNESFunctionEval     400 1.0 4.4064e+01 1.1 6.13e+10 1.0 5.5e+05 2.6e+03 0.0e+00  1  5  0  1  0   1  6  0  1  0 55632
SNESJacobianEval     400 1.0 3.4542e-02 2.2 0.00e+00 0.0 0.0e+00 0.0e+00 0.0e+00  0  0  0  0  0   0  0  0  0  0     0
ParLoopExecute      1600 1.0 4.3512e+01 1.1 6.13e+10 1.0 5.5e+05 2.6e+03 0.0e+00  1  5  0  1  0   1  6  0  1  0 56337
ParLoopCells        1600 1.0 2.6300e+01 1.1 6.13e+10 1.0 0.0e+00 0.0e+00 0.0e+00  0  5  0  0  0   0  6  0  0  0 93209
ParLoopRednBegin    1600 1.0 2.0483e-02 4.4 0.00e+00 0.0 0.0e+00 0.0e+00 0.0e+00  0  0  0  0  0   0  0  0  0  0     0
ParLoopRednEnd      1600 1.0 2.3117e-02 3.4 0.00e+00 0.0 0.0e+00 0.0e+00 0.0e+00  0  0  0  0  0   0  0  0  0  0     0
ParLoopset_14        800 1.0 1.5289e-01 2.0 0.00e+00 0.0 0.0e+00 0.0e+00 0.0e+00  0  0  0  0  0   0  0  0  0  0     0
ParLoopset_15        800 1.0 9.5000e-02 2.8 0.00e+00 0.0 0.0e+00 0.0e+00 0.0e+00  0  0  0  0  0   0  0  0  0  0     0
------------------------------------------------------------------------------------------------------------------------

Memory usage is given in bytes:

Object Type          Creations   Destructions     Memory  Descendants' Mem.
Reports information only for process 0.

--- Event Stage 0: Main Stage

           Container    16             16         9344     0.
              Viewer     1              0            0     0.
           Index Set   725            793     64350112     0.
   IS L to G Mapping    16             16     16263464     0.
             Section   234            234       166608     0.
   Star Forest Graph   248            252       210240     0.
              Vector    97            464    103855736     0.
         Vec Scatter    25             51      6756008     0.
              Matrix    78            226    271238508     0.
      Preconditioner     8             44        45136     0.
       Krylov Solver     8             54       480024     0.
     DMKSP interface     0              6         3984     0.
                SNES     7              7         9632     0.
      SNESLineSearch     7              7         7000     0.
              DMSNES     6              6         4080     0.
    Distributed Mesh    90             90       432720     0.
    GraphPartitioner    24             24        14880     0.
     Discrete System    90             90        83520     0.

--- Event Stage 1: Warm up: DU Residuals

           Index Set    20              8       737456     0.
   Star Forest Graph     4              0            0     0.
              Vector    52              0            0     0.
              Matrix     4              0            0     0.
      Preconditioner     4              0            0     0.
       Krylov Solver     4              0            0     0.
     DMKSP interface     4              0            0     0.

--- Event Stage 2: Warm up: Linear solve

         PetscRandom    20             20        13080     0.
           Index Set   226            170      1764312     0.
   Star Forest Graph    10             10         8800     0.
              Vector   766            450     21126416     0.
         Vec Scatter    74             48        61104     0.
              Matrix   326            182    120467496     0.
      Matrix Coarsen    10             10         6440     0.
      Preconditioner    44             12        10432     0.
       Krylov Solver    54             12       305296     0.
     DMKSP interface     2              0            0     0.

--- Event Stage 3: Warm up


--- Event Stage 4: DU Residuals

              Vector     0              1       523008     0.

--- Event Stage 5: Linear solve

              Vector 18824          18824     31323136     0.
========================================================================================================================
Average time to get PetscTime(): 9.53674e-08
Average time for MPI_Barrier(): 0.000747585
Average time for zero size MPI_Send(): 6.93977e-05
#PETSc Option Table entries:
--dt 28.125
--method RT
--model_degree 2
--nsteps 100
--profile
--refinements 8
-log_view
#End of PETSc Option Table entries
Compiled without FORTRAN kernels
Compiled with full precision matrices (default)
sizeof(short) 2 sizeof(int) 4 sizeof(long) 8 sizeof(void*) 8 sizeof(PetscScalar) 8 sizeof(PetscInt) 4
Configure options: --prefix=/home/scratch/tg2115/src/firedrake/lib/python3.5/site-packages/petsc PETSC_ARCH=arch-python-linux-x86_64 --with-shared-libraries=1 --with-debugging=0 --with-c2html=0 --with-cc=mpicc --with-cxx=mpicxx --with-fc=mpif90 --download-eigen=/home/scratch/tg2115/src/firedrake/src/eigen-3.3.3.tgz --with-fortran-bindings=0 --download-chaco --download-metis --download-parmetis --download-scalapack --download-hypre --download-mumps --download-netcdf --download-hdf5 --download-pnetcdf --download-exodusii
-----------------------------------------
Libraries compiled on 2018-04-17 14:37:37 on mpe2 
Machine characteristics: Linux-4.4.0-116-generic-x86_64-with-Ubuntu-16.04-xenial
Using PETSc directory: /home/scratch/tg2115/src/firedrake/lib/python3.5/site-packages/petsc
Using PETSc arch: 
-----------------------------------------

Using C compiler: mpicc  -fPIC  -Wall -Wwrite-strings -Wno-strict-aliasing -Wno-unknown-pragmas -fstack-protector -fvisibility=hidden -g -O  
Using Fortran compiler: mpif90  -fPIC -Wall -ffree-line-length-0 -Wno-unused-dummy-argument -g -O    
-----------------------------------------

Using include paths: -I/home/scratch/tg2115/src/firedrake/lib/python3.5/site-packages/petsc/include -I/home/scratch/tg2115/src/firedrake/lib/python3.5/site-packages/petsc//include -I/home/scratch/tg2115/src/firedrake/lib/python3.5/site-packages/petsc/include -I/home/scratch/tg2115/src/firedrake/lib/python3.5/site-packages/petsc/include/eigen3
-----------------------------------------

Using C linker: mpicc
Using Fortran linker: mpif90
Using libraries: -Wl,-rpath,/home/scratch/tg2115/src/firedrake/lib/python3.5/site-packages/petsc/lib -L/home/scratch/tg2115/src/firedrake/lib/python3.5/site-packages/petsc/lib -lpetsc -Wl,-rpath,/home/scratch/tg2115/src/firedrake/lib/python3.5/site-packages/petsc/lib -L/home/scratch/tg2115/src/firedrake/lib/python3.5/site-packages/petsc/lib -Wl,-rpath,/usr/lib/openmpi/lib -L/usr/lib/openmpi/lib -Wl,-rpath,/usr/lib/gcc/x86_64-linux-gnu/5 -L/usr/lib/gcc/x86_64-linux-gnu/5 -Wl,-rpath,/usr/lib/x86_64-linux-gnu -L/usr/lib/x86_64-linux-gnu -Wl,-rpath,/lib/x86_64-linux-gnu -L/lib/x86_64-linux-gnu -lcmumps -ldmumps -lsmumps -lzmumps -lmumps_common -lpord -lscalapack -lHYPRE -llapack -lblas -lexodus -lnetcdf -lpnetcdf -lchaco -lhdf5hl_fortran -lhdf5_fortran -lhdf5_hl -lhdf5 -lparmetis -lmetis -lm -lX11 -lstdc++ -ldl -lmpi_usempif08 -lmpi_usempi_ignore_tkr -lmpi_mpifh -lmpi -lgfortran -lm -lgfortran -lm -lgcc_s -lquadmath -lpthread -lstdc++ -ldl
-----------------------------------------

