
Running cold initialization for the problem set:

method: RT,

model degree: 1,

hybridization: False,



Dt = 28.125,

Courant number (approximate): 0.22135149895683526,

Dx (min): 28.396066451806234 km,

Dx (max): 33.052439495552996 km.

Warm up with one-step.

Warm up done. Profiling run for 100 steps.


Running Williamson 5 test with parameters:

method: RT,

model degree: 1,

refinements: 8,

hybridization: False,

tmax: 2812.5

Simulation complete.

************************************************************************************************************************
***             WIDEN YOUR WINDOW TO 120 CHARACTERS.  Use 'enscript -r -fCourier9' to print this document            ***
************************************************************************************************************************

---------------------------------------------- PETSc Performance Summary: ----------------------------------------------

swe_williamson5.py on a  named mpe2 with 40 processors, by tg2115 Fri May  4 11:55:33 2018
Using Petsc Development GIT revision: v3.4.2-20859-g7bfdb64  GIT Date: 2018-04-03 16:04:52 -0500

                         Max       Max/Min        Avg      Total 
Time (sec):           8.365e+02      1.00002   8.365e+02
Objects:              1.886e+04      1.02411   1.844e+04
Flop:                 2.432e+11      1.01489   2.417e+11  9.667e+12
Flop/sec:            2.908e+08      1.01489   2.889e+08  1.156e+10
MPI Messages:         6.794e+06      1.95489   5.087e+06  2.035e+08
MPI Message Lengths:  1.900e+09      1.48607   3.202e+02  6.515e+10
MPI Reductions:       1.197e+05      1.00000

Flop counting convention: 1 flop = 1 real number operation of type (multiply/divide/add/subtract)
                            e.g., VecAXPY() for real vectors of length N --> 2N flop
                            and VecAXPY() for complex vectors of length N --> 8N flop

Summary of Stages:   ----- Time ------  ----- Flop -----  --- Messages ---  -- Message Lengths --  -- Reductions --
                        Avg     %Total     Avg     %Total   counts   %Total     Avg         %Total   counts   %Total 
 0:      Main Stage: 4.8139e+01   5.8%  1.1483e+12  11.9%  4.550e+05   0.2%  4.263e+00        1.3%  9.650e+02   0.8% 
 1: Warm up: DU Residuals: 5.8841e+00   0.7%  2.4701e+10   0.3%  9.690e+03   0.0%  5.528e-02        0.0%  4.400e+01   0.0% 
 2: Warm up: Linear solve: 8.3658e+00   1.0%  3.6400e+10   0.4%  1.040e+06   0.5%  1.707e+00        0.5%  2.000e+03   1.7% 
 3:         Warm up: 1.8566e-03   0.0%  0.0000e+00   0.0%  0.000e+00   0.0%  0.000e+00        0.0%  0.000e+00   0.0% 
 4:    DU Residuals: 4.4498e+01   5.3%  2.4257e+12  25.1%  1.597e+06   0.8%  9.270e+00        2.9%  8.410e+03   7.0% 
 5:    Linear solve: 7.2963e+02  87.2%  6.0317e+12  62.4%  2.004e+08  98.5%  3.049e+02       95.2%  1.082e+05  90.5% 

------------------------------------------------------------------------------------------------------------------------
See the 'Profiling' chapter of the users' manual for details on interpreting output.
Phase summary info:
   Count: number of times phase was executed
   Time and Flop: Max - maximum over all processors
                   Ratio - ratio of maximum to minimum over all processors
   Mess: number of messages sent
   Avg. len: average message length (bytes)
   Reduct: number of global reductions
   Global: entire computation
   Stage: stages of a computation. Set stages with PetscLogStagePush() and PetscLogStagePop().
      %T - percent time in this phase         %F - percent flop in this phase
      %M - percent messages in this phase     %L - percent message lengths in this phase
      %R - percent reductions in this phase
   Total Mflop/s: 10e-6 * (sum of flop over all processors)/(max time over all processors)
------------------------------------------------------------------------------------------------------------------------
Event                Count      Time (sec)     Flop                             --- Global ---  --- Stage ---   Total
                   Max Ratio  Max     Ratio   Max  Ratio  Mess   Avg len Reduct  %T %F %M %L %R  %T %F %M %L %R Mflop/s
------------------------------------------------------------------------------------------------------------------------

--- Event Stage 0: Main Stage

PetscBarrier          16 1.0 1.8581e+00 1.0 0.00e+00 0.0 0.0e+00 0.0e+00 4.8e+01  0  0  0  0  0   4  0  0  0  5     0
BuildTwoSided         70 1.0 2.4753e+0018.5 0.00e+00 0.0 1.0e+04 4.0e+00 0.0e+00  0  0  0  0  0   5  0  2  0  0     0
BuildTwoSidedF        27 1.0 2.8589e-01 1.8 0.00e+00 0.0 3.8e+03 3.2e+03 0.0e+00  0  0  0  0  0   1  0  1  1  0     0
SFSetGraph            76 1.0 4.6852e-03 1.2 0.00e+00 0.0 0.0e+00 0.0e+00 0.0e+00  0  0  0  0  0   0  0  0  0  0     0
SFSetUp               70 1.0 2.5751e+0010.6 0.00e+00 0.0 3.1e+04 3.9e+03 0.0e+00  0  0  0  0  0   5  0  7 14  0     0
SFBcastBegin         959 1.0 2.9399e-0110.0 0.00e+00 0.0 2.2e+05 2.2e+03 0.0e+00  0  0  0  1  0   0  0 49 55  0     0
SFBcastEnd           959 1.0 1.2280e+00 1.9 0.00e+00 0.0 0.0e+00 0.0e+00 0.0e+00  0  0  0  0  0   2  0  0  0  0     0
SFReduceBegin        809 1.0 5.7294e-02 4.3 0.00e+00 0.0 1.8e+05 1.0e+03 0.0e+00  0  0  0  0  0   0  0 40 22  0     0
SFReduceEnd          809 1.0 4.3718e+00 1.6 0.00e+00 0.0 0.0e+00 0.0e+00 0.0e+00  0  0  0  0  0   7  0  0  0  0     0
SFFetchOpBegin         2 1.0 4.6730e-05 5.0 0.00e+00 0.0 2.3e+02 5.4e+02 0.0e+00  0  0  0  0  0   0  0  0  0  0     0
SFFetchOpEnd           2 1.0 1.7300e-0324.1 0.00e+00 0.0 2.3e+02 5.4e+02 0.0e+00  0  0  0  0  0   0  0  0  0  0     0
VecTDot               20 1.0 4.8852e-03 3.3 7.95e+05 1.0 0.0e+00 0.0e+00 2.0e+01  0  0  0  0  0   0  0  0  0  2  6439
VecNorm              411 1.0 2.8682e+00 2.0 2.68e+07 1.0 0.0e+00 0.0e+00 4.1e+02  0  0  0  0  0   4  0  0  0 43   372
VecCopy                6 1.0 9.8491e-04 3.9 0.00e+00 0.0 0.0e+00 0.0e+00 0.0e+00  0  0  0  0  0   0  0  0  0  0     0
VecSet                55 1.0 8.4445e-0323.0 0.00e+00 0.0 0.0e+00 0.0e+00 0.0e+00  0  0  0  0  0   0  0  0  0  0     0
VecAXPY               21 1.0 3.4015e-03 2.8 8.35e+05 1.0 0.0e+00 0.0e+00 0.0e+00  0  0  0  0  0   0  0  0  0  0  9710
VecAYPX                9 1.0 5.1188e-04 1.1 3.58e+05 1.0 0.0e+00 0.0e+00 0.0e+00  0  0  0  0  0   0  0  0  0  0 27654
VecScatterBegin       22 1.0 1.4441e-03 1.8 0.00e+00 0.0 4.5e+03 6.7e+03 0.0e+00  0  0  0  0  0   0  0  1  3  0     0
VecScatterEnd         22 1.0 3.8052e-03 3.7 0.00e+00 0.0 0.0e+00 0.0e+00 0.0e+00  0  0  0  0  0   0  0  0  0  0     0
MatMult               10 1.0 9.1052e-03 1.6 1.79e+06 1.0 2.3e+03 7.5e+02 0.0e+00  0  0  0  0  0   0  0  1  0  0  7773
MatSolve              11 1.0 7.7195e-03 1.4 1.95e+06 1.0 0.0e+00 0.0e+00 0.0e+00  0  0  0  0  0   0  0  0  0  0  9998
MatLUFactorNum         1 1.0 2.8129e-03 1.6 2.39e+05 1.1 0.0e+00 0.0e+00 0.0e+00  0  0  0  0  0   0  0  0  0  0  3271
MatILUFactorSym        1 1.0 3.2089e-03 3.4 0.00e+00 0.0 0.0e+00 0.0e+00 0.0e+00  0  0  0  0  0   0  0  0  0  0     0
MatAssemblyBegin      27 1.0 2.9054e-01 1.8 0.00e+00 0.0 3.8e+03 3.2e+03 0.0e+00  0  0  0  0  0   1  0  1  1  0     0
MatAssemblyEnd        27 1.0 3.7564e-02 1.1 0.00e+00 0.0 4.1e+03 2.1e+02 1.0e+02  0  0  0  0  0   0  0  1  0 11     0
MatGetRowIJ            1 1.0 1.1921e-06 0.0 0.00e+00 0.0 0.0e+00 0.0e+00 0.0e+00  0  0  0  0  0   0  0  0  0  0     0
MatGetOrdering         1 1.0 3.5501e-04 2.0 0.00e+00 0.0 0.0e+00 0.0e+00 0.0e+00  0  0  0  0  0   0  0  0  0  0     0
MatZeroEntries         1 1.0 6.7401e-04 5.2 0.00e+00 0.0 0.0e+00 0.0e+00 0.0e+00  0  0  0  0  0   0  0  0  0  0     0
PCSetUp                2 1.0 6.2881e-03 1.9 2.39e+05 1.1 0.0e+00 0.0e+00 0.0e+00  0  0  0  0  0   0  0  0  0  0  1463
PCSetUpOnBlocks        1 1.0 5.5099e-03 1.7 2.39e+05 1.1 0.0e+00 0.0e+00 0.0e+00  0  0  0  0  0   0  0  0  0  0  1670
PCApply               11 1.0 8.3587e-03 1.4 1.95e+06 1.0 0.0e+00 0.0e+00 0.0e+00  0  0  0  0  0   0  0  0  0  0  9234
KSPSetUp               2 1.0 5.3906e-04 2.9 0.00e+00 0.0 0.0e+00 0.0e+00 0.0e+00  0  0  0  0  0   0  0  0  0  0     0
KSPSolve               1 1.0 2.9231e-02 1.1 6.36e+06 1.0 2.3e+03 7.5e+02 3.1e+01  0  0  0  0  0   0  0  1  0  3  8605
SNESSolve              1 1.0 1.1781e+00 1.0 2.75e+07 1.0 2.9e+03 9.1e+02 3.1e+01  0  0  0  0  0   2  0  1  0  3   930
SNESFunctionEval       1 1.0 5.5478e-01 1.0 1.41e+07 1.0 4.6e+02 1.2e+03 0.0e+00  0  0  0  0  0   1  0  0  0  0  1019
SNESJacobianEval       1 1.0 6.0331e-01 1.0 6.95e+06 1.0 1.7e+02 2.2e+03 0.0e+00  0  0  0  0  0   1  0  0  0  0   461
Mesh Partition         4 1.0 4.7580e+00 1.0 0.00e+00 0.0 4.4e+04 1.5e+03 2.0e+01  1  0  0  0  0  10  0 10  8  2     0
Mesh Migration         4 1.0 8.6396e-01 1.0 0.00e+00 0.0 1.8e+04 1.8e+04 8.8e+01  0  0  0  1  0   2  0  4 38  9     0
DMPlexInterp           2 1.0 9.1314e-04 1.9 0.00e+00 0.0 0.0e+00 0.0e+00 8.0e+00  0  0  0  0  0   0  0  0  0  1     0
DMPlexDistribute       2 1.0 5.4231e+00 1.0 0.00e+00 0.0 2.2e+04 2.0e+04 4.0e+01  1  0  0  1  0  11  0  5 49  4     0
DMPlexDistCones        4 1.0 2.6785e-01 1.1 0.00e+00 0.0 4.3e+03 3.0e+04 0.0e+00  0  0  0  0  0   1  0  1 15  0     0
DMPlexDistLabels       4 1.0 3.9956e-01 1.0 0.00e+00 0.0 6.1e+03 1.9e+04 5.2e+01  0  0  0  0  0   1  0  1 13  5     0
DMPlexDistribOL        2 1.0 2.6060e-01 1.1 0.00e+00 0.0 4.1e+04 5.2e+02 6.8e+01  0  0  0  0  0   1  0  9  2  7     0
DMPlexDistField        6 1.0 6.8268e-02 1.1 0.00e+00 0.0 5.9e+03 7.4e+03 4.0e+00  0  0  0  0  0   0  0  1  5  0     0
DMPlexDistData         4 1.0 2.4011e+0019.8 0.00e+00 0.0 3.9e+04 1.0e+03 0.0e+00  0  0  0  0  0   5  0  9  5  0     0
DMPlexStratify        24 1.0 1.8185e+00 1.9 0.00e+00 0.0 0.0e+00 0.0e+00 2.4e+01  0  0  0  0  0   4  0  0  0  2     0
CreateMesh            10 1.0 6.4540e+00 1.0 0.00e+00 0.0 6.3e+04 7.1e+03 1.2e+02  1  0  0  1  0  13  0 14 51 12     0
Mesh: reorder          2 1.0 3.2617e-02 2.9 0.00e+00 0.0 0.0e+00 0.0e+00 4.0e+00  0  0  0  0  0   0  0  0  0  0     0
Mesh: numbering        2 1.0 8.8477e-02 1.2 0.00e+00 0.0 0.0e+00 0.0e+00 4.0e+00  0  0  0  0  0   0  0  0  0  0     0
CreateFunctionSpace      40 1.0 4.7069e-01 1.2 0.00e+00 0.0 1.6e+03 1.1e+03 0.0e+00  0  0  0  0  0   1  0  0  0  0     0
ParLoopExecute      2835 1.0 1.8817e+01 1.1 2.87e+10 1.0 3.7e+05 9.2e+02 2.4e+01  2 12  0  1  0  38100 82 39  2 60953
ParLoopCells        1646 1.0 1.0097e+01 1.1 2.86e+10 1.0 0.0e+00 0.0e+00 0.0e+00  1 12  0  0  0  20100  0  0  0 113442
ParLoopRednBegin    2835 1.0 1.0652e+00 1.1 0.00e+00 0.0 0.0e+00 0.0e+00 0.0e+00  0  0  0  0  0   2  0  0  0  0     0
ParLoopRednEnd      2835 1.0 3.5557e-02 1.3 0.00e+00 0.0 0.0e+00 0.0e+00 0.0e+00  0  0  0  0  0   0  0  0  0  0     0
ParLoopset_4           4 1.0 2.1317e-03 1.7 0.00e+00 0.0 0.0e+00 0.0e+00 0.0e+00  0  0  0  0  0   0  0  0  0  0     0
CreateSparsity        12 1.0 7.5539e-01 1.1 0.00e+00 0.0 2.6e+03 2.6e+03 5.2e+01  0  0  0  0  0   1  0  1  1  5     0
MatZeroInitial        13 1.0 2.1788e-01 1.3 0.00e+00 0.0 0.0e+00 0.0e+00 0.0e+00  0  0  0  0  0   0  0  0  0  0     0
ParLoopset_6           2 1.0 1.4551e-03 1.2 0.00e+00 0.0 0.0e+00 0.0e+00 0.0e+00  0  0  0  0  0   0  0  0  0  0     0
ParLoopset_5           2 1.0 2.3413e-04 4.1 0.00e+00 0.0 0.0e+00 0.0e+00 0.0e+00  0  0  0  0  0   0  0  0  0  0     0
ParLoopset_11          4 1.0 6.1297e-04 2.0 0.00e+00 0.0 0.0e+00 0.0e+00 0.0e+00  0  0  0  0  0   0  0  0  0  0     0
ParLoopset_13       2006 1.0 1.1291e-01 1.1 2.39e+07 1.0 0.0e+00 0.0e+00 0.0e+00  0  0  0  0  0   0  0  0  0  0  8358
ParLoopset_12       2006 1.0 7.5886e-02 1.1 1.57e+07 1.0 0.0e+00 0.0e+00 0.0e+00  0  0  0  0  0   0  0  0  0  0  8298

--- Event Stage 1: Warm up: DU Residuals

BuildTwoSided          2 1.0 2.5239e-03 1.4 0.00e+00 0.0 2.3e+02 4.0e+00 0.0e+00  0  0  0  0  0   0  0  2  0  0     0
BuildTwoSidedF         8 1.0 1.0958e-01 3.3 0.00e+00 0.0 3.4e+02 2.2e+03 0.0e+00  0  0  0  0  0   1  0  4  7  0     0
SFSetGraph             4 1.0 1.1110e-04 1.2 0.00e+00 0.0 0.0e+00 0.0e+00 0.0e+00  0  0  0  0  0   0  0  0  0  0     0
SFSetUp                2 1.0 2.6751e-03 1.3 0.00e+00 0.0 6.8e+02 4.1e+02 0.0e+00  0  0  0  0  0   0  0  7  3  0     0
SFBcastBegin          14 1.0 1.4622e-03 2.8 0.00e+00 0.0 3.2e+03 9.0e+02 0.0e+00  0  0  0  0  0   0  0 33 26  0     0
SFBcastEnd            14 1.0 2.2306e-0310.6 0.00e+00 0.0 0.0e+00 0.0e+00 0.0e+00  0  0  0  0  0   0  0  0  0  0     0
SFReduceBegin          8 1.0 4.5693e-0337.1 0.00e+00 0.0 1.8e+03 8.9e+02 0.0e+00  0  0  0  0  0   0  0 19 14  0     0
SFReduceEnd            8 1.0 5.7697e-02 6.9 0.00e+00 0.0 0.0e+00 0.0e+00 0.0e+00  0  0  0  0  0   0  0  0  0  0     0
VecMDot               16 1.0 3.3113e-02 3.1 2.86e+06 1.0 0.0e+00 0.0e+00 1.6e+01  0  0  0  0  0   0  0  0  0 36  3420
VecNorm               20 1.0 3.4879e-02 3.5 7.68e+05 1.0 0.0e+00 0.0e+00 2.0e+01  0  0  0  0  0   0  0  0  0 45   872
VecScale              18 1.0 8.3709e-04 3.3 3.58e+05 1.0 0.0e+00 0.0e+00 0.0e+00  0  0  0  0  0   0  0  0  0  0 16911
VecCopy               20 1.0 1.7235e-03 2.0 0.00e+00 0.0 0.0e+00 0.0e+00 0.0e+00  0  0  0  0  0   0  0  0  0  0     0
VecSet                26 1.0 1.3525e-03 1.4 0.00e+00 0.0 0.0e+00 0.0e+00 0.0e+00  0  0  0  0  0   0  0  0  0  0     0
VecAXPY                6 1.0 7.1096e-04 2.6 2.11e+05 1.0 0.0e+00 0.0e+00 0.0e+00  0  0  0  0  0   0  0  0  0  0 11799
VecMAXPY              18 1.0 3.4299e-03 1.4 3.50e+06 1.0 0.0e+00 0.0e+00 0.0e+00  0  0  0  0  0   0  1  0  0  0 40355
VecScatterBegin       16 1.0 4.2493e-0314.6 0.00e+00 0.0 3.6e+03 1.6e+03 0.0e+00  0  0  0  0  0   0  0 38 51  0     0
VecScatterEnd         16 1.0 2.5707e-0241.4 0.00e+00 0.0 0.0e+00 0.0e+00 0.0e+00  0  0  0  0  0   0  0  0  0  0     0
VecNormalize          18 1.0 3.3121e-02 4.0 1.07e+06 1.0 0.0e+00 0.0e+00 1.8e+01  0  0  0  0  0   0  0  0  0 41  1282
MatMult               16 1.0 4.7408e-02 2.2 7.95e+06 1.0 3.6e+03 1.6e+03 0.0e+00  0  0  0  0  0   0  1 38 51  0  6635
MatSolve              20 1.0 2.4496e-02 1.5 8.99e+06 1.0 0.0e+00 0.0e+00 0.0e+00  0  0  0  0  0   0  1  0  0  0 14528
MatLUFactorNum         4 1.0 1.1285e-02 1.2 1.42e+06 1.1 0.0e+00 0.0e+00 0.0e+00  0  0  0  0  0   0  0  0  0  0  4825
MatILUFactorSym        4 1.0 1.3808e-02 2.0 0.00e+00 0.0 0.0e+00 0.0e+00 0.0e+00  0  0  0  0  0   0  0  0  0  0     0
MatAssemblyBegin       8 1.0 1.0981e-01 3.3 0.00e+00 0.0 3.4e+02 2.2e+03 0.0e+00  0  0  0  0  0   1  0  4  7  0     0
MatAssemblyEnd         8 1.0 5.8689e-03 1.2 0.00e+00 0.0 0.0e+00 0.0e+00 0.0e+00  0  0  0  0  0   0  0  0  0  0     0
MatGetRowIJ            4 1.0 7.1526e-06 0.0 0.00e+00 0.0 0.0e+00 0.0e+00 0.0e+00  0  0  0  0  0   0  0  0  0  0     0
MatGetOrdering         4 1.0 1.2369e-03 1.7 0.00e+00 0.0 0.0e+00 0.0e+00 0.0e+00  0  0  0  0  0   0  0  0  0  0     0
MatZeroEntries         4 1.0 3.6168e-03 3.0 0.00e+00 0.0 0.0e+00 0.0e+00 0.0e+00  0  0  0  0  0   0  0  0  0  0     0
PCSetUp                8 1.0 2.6054e-02 1.5 1.42e+06 1.1 0.0e+00 0.0e+00 0.0e+00  0  0  0  0  0   0  0  0  0  0  2090
PCSetUpOnBlocks        4 1.0 2.5521e-02 1.5 1.42e+06 1.1 0.0e+00 0.0e+00 0.0e+00  0  0  0  0  0   0  0  0  0  0  2134
PCApply               20 1.0 2.6133e-02 1.5 8.99e+06 1.0 0.0e+00 0.0e+00 0.0e+00  0  0  0  0  0   0  1  0  0  0 13618
KSPGMRESOrthog        16 1.0 3.5580e-02 2.8 5.72e+06 1.0 0.0e+00 0.0e+00 1.6e+01  0  0  0  0  0   0  1  0  0 36  6366
KSPSetUp               8 1.0 2.8212e-03 2.2 0.00e+00 0.0 0.0e+00 0.0e+00 0.0e+00  0  0  0  0  0   0  0  0  0  0     0
KSPSolve               4 1.0 1.2609e-01 1.1 2.59e+07 1.0 3.6e+03 1.6e+03 3.6e+01  0  0  0  0  0   2  4 38 51 82  8123
SNESSolve              4 1.0 5.8802e+00 1.0 6.21e+08 1.0 9.7e+03 1.2e+03 4.0e+01  1  0  0  0  0 100100100100 91  4201
SNESFunctionEval       4 1.0 2.7064e+00 1.0 2.79e+08 1.0 5.7e+03 8.4e+02 4.0e+00  0  0  0  0  0  46 45 59 42  9  4111
SNESJacobianEval       4 1.0 3.0781e+00 1.0 3.15e+08 1.0 3.4e+02 2.2e+03 0.0e+00  0  0  0  0  0  52 51  4  7  0  4076
ParLoopExecute        20 1.0 5.7011e+00 1.0 5.95e+08 1.0 5.7e+03 8.4e+02 4.0e+00  1  0  0  0  0  96 96 59 42  9  4152
ParLoopCells          16 1.0 2.1147e-01 1.3 3.22e+08 1.0 0.0e+00 0.0e+00 0.0e+00  0  0  0  0  0   3 52  0  0  0 60810
ParLoopRednBegin      20 1.0 4.5753e-04 1.7 0.00e+00 0.0 0.0e+00 0.0e+00 0.0e+00  0  0  0  0  0   0  0  0  0  0     0
ParLoopRednEnd        20 1.0 1.1301e-04 1.4 0.00e+00 0.0 0.0e+00 0.0e+00 0.0e+00  0  0  0  0  0   0  0  0  0  0     0
ParLoopset_6           2 1.0 3.9887e-04 5.1 0.00e+00 0.0 0.0e+00 0.0e+00 0.0e+00  0  0  0  0  0   0  0  0  0  0     0
ParLoopset_5           2 1.0 1.2772e-03 1.2 0.00e+00 0.0 0.0e+00 0.0e+00 0.0e+00  0  0  0  0  0   0  0  0  0  0     0
ParLoopIntFacets      16 1.0 2.4261e-01 1.3 2.73e+08 1.0 0.0e+00 0.0e+00 0.0e+00  0  0  0  0  0   4 44  0  0  0 44564
ParLoopset_13          2 1.0 1.6308e-04 2.1 0.00e+00 0.0 0.0e+00 0.0e+00 0.0e+00  0  0  0  0  0   0  0  0  0  0     0
ParLoopset_12          2 1.0 1.9407e-04 3.3 0.00e+00 0.0 0.0e+00 0.0e+00 0.0e+00  0  0  0  0  0   0  0  0  0  0     0

--- Event Stage 2: Warm up: Linear solve

BuildTwoSided         10 1.0 7.3895e-03 1.6 0.00e+00 0.0 9.9e+02 4.0e+00 0.0e+00  0  0  0  0  0   0  0  0  0  0     0
BuildTwoSidedF       104 1.0 9.1209e-02 1.4 0.00e+00 0.0 5.2e+03 1.1e+03 0.0e+00  0  0  0  0  0   1  0  1  2  0     0
SFSetGraph            10 1.0 4.0531e-06 0.0 0.00e+00 0.0 0.0e+00 0.0e+00 0.0e+00  0  0  0  0  0   0  0  0  0  0     0
SFSetUp               10 1.0 7.7784e-03 1.6 0.00e+00 0.0 3.0e+03 1.6e+02 0.0e+00  0  0  0  0  0   0  0  0  0  0     0
SFBcastBegin          58 1.0 1.1375e-03 2.1 0.00e+00 0.0 1.2e+04 3.2e+02 0.0e+00  0  0  0  0  0   0  0  1  1  0     0
SFBcastEnd            58 1.0 2.9347e-03 6.5 0.00e+00 0.0 0.0e+00 0.0e+00 0.0e+00  0  0  0  0  0   0  0  0  0  0     0
SFReduceBegin          4 1.0 3.0899e-0329.7 0.00e+00 0.0 9.1e+02 8.9e+02 0.0e+00  0  0  0  0  0   0  0  0  0  0     0
SFReduceEnd            4 1.0 2.6399e-0236.7 0.00e+00 0.0 0.0e+00 0.0e+00 0.0e+00  0  0  0  0  0   0  0  0  0  0     0
VecMDot              214 1.0 9.2026e-02 1.4 1.20e+07 1.0 0.0e+00 0.0e+00 2.1e+02  0  0  0  0  0   1  1  0  0 11  5186
VecTDot              200 1.0 8.1879e-02 2.1 5.24e+06 1.0 0.0e+00 0.0e+00 2.0e+02  0  0  0  0  0   1  1  0  0 10  2561
VecNorm              356 1.0 1.9451e-01 1.9 5.77e+06 1.0 0.0e+00 0.0e+00 3.6e+02  0  0  0  0  0   2  1  0  0 18  1184
VecScale            1092 1.0 1.4838e-02 1.4 1.25e+07 1.0 0.0e+00 0.0e+00 0.0e+00  0  0  0  0  0   0  1  0  0  0 33766
VecCopy              670 1.0 9.5744e-03 1.2 0.00e+00 0.0 0.0e+00 0.0e+00 0.0e+00  0  0  0  0  0   0  0  0  0  0     0
VecSet              7826 1.0 9.0048e-02 1.3 0.00e+00 0.0 0.0e+00 0.0e+00 0.0e+00  0  0  0  0  0   1  0  0  0  0     0
VecAXPY              244 1.0 1.1687e-02 1.1 6.43e+06 1.0 0.0e+00 0.0e+00 0.0e+00  0  0  0  0  0   0  1  0  0  0 21971
VecAYPX             4880 1.0 5.4343e-02 1.1 2.14e+07 1.0 0.0e+00 0.0e+00 0.0e+00  0  0  0  0  0   1  2  0  0  0 15654
VecAXPBYCZ          2400 1.0 3.6476e-02 1.1 3.85e+07 1.0 0.0e+00 0.0e+00 0.0e+00  0  0  0  0  0   0  4  0  0  0 42043
VecMAXPY             236 1.0 1.5629e-02 1.1 1.44e+07 1.0 0.0e+00 0.0e+00 0.0e+00  0  0  0  0  0   0  2  0  0  0 36556
VecAssemblyBegin      32 1.0 4.5702e-03 1.7 0.00e+00 0.0 0.0e+00 0.0e+00 0.0e+00  0  0  0  0  0   0  0  0  0  0     0
VecAssemblyEnd        32 1.0 6.7234e-05 1.3 0.00e+00 0.0 0.0e+00 0.0e+00 0.0e+00  0  0  0  0  0   0  0  0  0  0     0
VecPointwiseMult     110 1.0 1.6460e-03 1.5 3.53e+05 1.0 0.0e+00 0.0e+00 0.0e+00  0  0  0  0  0   0  0  0  0  0  8540
VecScatterBegin     7024 1.0 6.4260e-02 1.7 0.00e+00 0.0 9.8e+05 3.1e+02 0.0e+00  0  0  0  0  0   1  0 94 87  0     0
VecScatterEnd       7024 1.0 8.6563e-01 1.2 0.00e+00 0.0 0.0e+00 0.0e+00 0.0e+00  0  0  0  0  0  10  0  0  0  0     0
VecSetRandom          10 1.0 2.1329e-03 1.3 0.00e+00 0.0 0.0e+00 0.0e+00 0.0e+00  0  0  0  0  0   0  0  0  0  0     0
VecNormalize         236 1.0 5.4275e-02 1.7 3.94e+06 1.0 0.0e+00 0.0e+00 2.4e+02  0  0  0  0  0   0  0  0  0 12  2887
MatMult             3954 1.0 1.9326e+00 1.1 3.53e+08 1.0 7.9e+05 3.5e+02 1.5e+02  0  0  0  0  0  22 38 76 79  8  7213
MatMultAdd          1508 1.0 2.9194e-01 1.4 3.90e+07 1.0 9.9e+04 1.8e+02 0.0e+00  0  0  0  0  0   3  4  9  5  0  5320
MatMultTranspose     600 1.0 1.3518e-01 2.4 1.02e+07 1.0 9.0e+04 1.4e+02 0.0e+00  0  0  0  0  0   1  1  9  4  0  2979
MatSolve            4702 1.2 7.1291e-01 1.1 2.72e+08 1.0 0.0e+00 0.0e+00 0.0e+00  0  0  0  0  0   8 30  0  0  0 15099
MatLUFactorSym         2 1.0 3.6001e-05 2.3 0.00e+00 0.0 0.0e+00 0.0e+00 0.0e+00  0  0  0  0  0   0  0  0  0  0     0
MatLUFactorNum        14 1.0 8.8651e-03 1.1 1.13e+06 1.1 0.0e+00 0.0e+00 0.0e+00  0  0  0  0  0   0  0  0  0  0  4944
MatILUFactorSym       12 1.0 8.3337e-03 1.6 0.00e+00 0.0 0.0e+00 0.0e+00 0.0e+00  0  0  0  0  0   0  0  0  0  0     0
MatConvert            12 1.0 7.1945e-03 1.2 0.00e+00 0.0 0.0e+00 0.0e+00 0.0e+00  0  0  0  0  0   0  0  0  0  0     0
MatScale              34 1.0 3.2549e-03 1.5 7.17e+05 1.0 2.0e+03 3.4e+02 0.0e+00  0  0  0  0  0   0  0  0  0  0  8702
MatResidual          600 1.0 2.9150e-01 1.2 5.17e+07 1.0 1.2e+05 3.4e+02 0.0e+00  0  0  0  0  0   3  6 11 12  0  7013
MatAssemblyBegin     214 1.0 9.0601e-02 1.4 0.00e+00 0.0 5.2e+03 1.1e+03 0.0e+00  0  0  0  0  0   1  0  1  2  0     0
MatAssemblyEnd       214 1.0 7.3462e-02 1.1 0.00e+00 0.0 1.9e+04 6.5e+01 4.3e+02  0  0  0  0  0   1  0  2  0 22     0
MatGetRow         148722 1.0 3.1405e-02 1.2 0.00e+00 0.0 0.0e+00 0.0e+00 0.0e+00  0  0  0  0  0   0  0  0  0  0     0
MatGetRowIJ           14 1.4 9.0599e-06 0.0 0.00e+00 0.0 0.0e+00 0.0e+00 0.0e+00  0  0  0  0  0   0  0  0  0  0     0
MatCreateSubMat       16 1.0 1.2146e-02 1.0 0.00e+00 0.0 6.5e+02 1.5e+02 1.4e+02  0  0  0  0  0   0  0  0  0  7     0
MatGetOrdering        14 1.4 1.1001e-03 1.3 0.00e+00 0.0 0.0e+00 0.0e+00 0.0e+00  0  0  0  0  0   0  0  0  0  0     0
MatCoarsen            10 1.0 1.3610e-02 1.1 0.00e+00 0.0 1.3e+04 2.1e+02 3.0e+01  0  0  0  0  0   0  0  1  1  2     0
MatZeroEntries        12 1.0 3.2246e-03 4.2 0.00e+00 0.0 0.0e+00 0.0e+00 0.0e+00  0  0  0  0  0   0  0  0  0  0     0
MatAXPY               12 1.0 7.5182e-02 1.1 0.00e+00 0.0 9.1e+02 1.4e+02 2.0e+01  0  0  0  0  0   1  0  0  0  1     0
MatMatMult            12 1.0 4.2176e-01 1.0 6.78e+05 1.0 1.4e+04 2.1e+02 1.5e+02  0  0  0  0  0   5  0  1  1  7    64
MatMatMultSym         12 1.0 4.0683e-01 1.0 0.00e+00 0.0 1.1e+04 1.8e+02 1.4e+02  0  0  0  0  0   5  0  1  1  7     0
MatMatMultNum         12 1.0 1.4872e-02 1.2 6.78e+05 1.0 2.2e+03 4.1e+02 0.0e+00  0  0  0  0  0   0  0  0  0  0  1806
MatPtAP               10 1.0 8.5944e-02 1.0 2.61e+06 1.1 2.1e+04 5.2e+02 1.5e+02  0  0  0  0  0   1  0  2  3  8  1167
MatPtAPSymbolic       10 1.0 5.4308e-02 1.0 0.00e+00 0.0 1.2e+04 4.9e+02 7.0e+01  0  0  0  0  0   1  0  1  2  4     0
MatPtAPNumeric        10 1.0 3.1909e-02 1.1 2.61e+06 1.1 8.9e+03 5.5e+02 8.0e+01  0  0  0  0  0   0  0  1  1  4  3143
MatTrnMatMult          2 1.0 5.5759e-02 1.0 8.46e+05 1.0 2.7e+03 7.2e+02 3.2e+01  0  0  0  0  0   1  0  0  1  2   606
MatTrnMatMultSym       2 1.0 3.3576e-02 1.0 0.00e+00 0.0 2.3e+03 4.4e+02 3.2e+01  0  0  0  0  0   0  0  0  0  2     0
MatTrnMatMultNum       2 1.0 2.2179e-02 1.1 8.46e+05 1.0 4.6e+02 2.2e+03 0.0e+00  0  0  0  0  0   0  0  0  0  0  1524
MatGetLocalMat        38 1.0 1.3295e-02 1.1 0.00e+00 0.0 0.0e+00 0.0e+00 0.0e+00  0  0  0  0  0   0  0  0  0  0     0
MatGetBrAoCol         34 1.0 2.4376e-02 4.7 0.00e+00 0.0 1.5e+04 4.7e+02 0.0e+00  0  0  0  0  0   0  0  1  2  0     0
PCGAMGGraph_AGG       10 1.0 7.4004e-02 1.0 3.63e+05 1.0 5.9e+03 1.7e+02 1.2e+02  0  0  0  0  0   1  0  1  0  6   193
PCGAMGCoarse_AGG      10 1.0 8.2850e-02 1.0 8.46e+05 1.0 1.8e+04 3.8e+02 7.0e+01  0  0  0  0  0   1  0  2  2  4   408
PCGAMGProl_AGG        10 1.0 3.3873e-02 1.0 0.00e+00 0.0 7.8e+03 2.8e+02 1.6e+02  0  0  0  0  0   0  0  1  1  8     0
PCGAMGPOpt_AGG        10 1.0 1.3004e-01 1.0 1.30e+07 1.0 3.2e+04 2.8e+02 4.1e+02  0  0  0  0  0   2  1  3  3 20  3971
GAMG: createProl      10 1.0 3.2085e-01 1.0 1.42e+07 1.0 6.4e+04 3.0e+02 7.6e+02  0  0  0  0  1   4  2  6  5 38  1759
  Graph               20 1.0 7.3570e-02 1.0 3.63e+05 1.0 5.9e+03 1.7e+02 1.2e+02  0  0  0  0  0   1  0  1  0  6   194
  MIS/Agg             10 1.0 1.3751e-02 1.1 0.00e+00 0.0 1.3e+04 2.1e+02 3.0e+01  0  0  0  0  0   0  0  1  1  2     0
  SA: col data        10 1.0 8.1408e-03 1.2 0.00e+00 0.0 4.0e+03 4.6e+02 4.0e+01  0  0  0  0  0   0  0  0  1  2     0
  SA: frmProl0        10 1.0 2.4095e-02 1.0 0.00e+00 0.0 3.8e+03 8.5e+01 8.0e+01  0  0  0  0  0   0  0  0  0  4     0
  SA: smooth          10 1.0 8.3110e-02 1.0 5.33e+05 1.0 1.2e+04 1.8e+02 1.4e+02  0  0  0  0  0   1  0  1  1  7   252
GAMG: partLevel       10 1.0 9.7418e-02 1.0 2.61e+06 1.1 2.2e+04 5.0e+02 3.5e+02  0  0  0  0  0   1  0  2  3 18  1029
  repartition          6 1.0 1.4901e-03 2.6 0.00e+00 0.0 0.0e+00 0.0e+00 2.4e+01  0  0  0  0  0   0  0  0  0  1     0
  Invert-Sort          4 1.0 2.6999e-03 3.8 0.00e+00 0.0 0.0e+00 0.0e+00 1.6e+01  0  0  0  0  0   0  0  0  0  1     0
  Move A               4 1.0 3.8800e-03 1.1 0.00e+00 0.0 4.0e+02 2.3e+02 6.8e+01  0  0  0  0  0   0  0  0  0  3     0
  Move P               4 1.0 3.7313e-03 1.1 0.00e+00 0.0 2.5e+02 2.1e+01 6.8e+01  0  0  0  0  0   0  0  0  0  3     0
PCSetUp               20 1.0 8.9986e-01 1.0 1.85e+07 1.0 8.8e+04 5.8e+02 1.3e+03  0  0  0  0  1  11  2  8 15 64   810
PCSetUpOnBlocks     2206 1.0 2.1239e-02 1.2 1.13e+06 1.1 0.0e+00 0.0e+00 0.0e+00  0  0  0  0  0   0  0  0  0  0  2063
PCApply               20 1.0 3.8064e+00 1.0 5.85e+08 1.0 1.0e+06 3.1e+02 1.7e+03  0  0  1  0  1  45 64 99 91 85  6090
KSPSolve_FS_0         20 1.0 1.8325e-02 1.4 3.54e+06 1.0 0.0e+00 0.0e+00 0.0e+00  0  0  0  0  0   0  0  0  0  0  7658
KSPSolve_FS_Schu      20 1.0 3.7490e+00 1.0 5.74e+08 1.0 1.0e+06 3.1e+02 1.7e+03  0  0  1  0  1  45 62 98 90 85  6066
KSPSolve_FS_Low       20 1.0 2.1530e-02 1.1 4.01e+06 1.0 0.0e+00 0.0e+00 0.0e+00  0  0  0  0  0   0  0  0  0  0  7373
KSPGMRESOrthog       214 1.0 1.0452e-01 1.3 2.40e+07 1.0 0.0e+00 0.0e+00 2.1e+02  0  0  0  0  0   1  3  0  0 11  9132
KSPSetUp              52 1.0 9.9545e-03 1.7 0.00e+00 0.0 0.0e+00 0.0e+00 2.0e+01  0  0  0  0  0   0  0  0  0  1     0
KSPSolve               2 1.0 4.3398e+00 1.0 6.08e+08 1.0 1.0e+06 3.3e+02 2.0e+03  1  0  1  1  2  52 66100 99100  5548
SNESSolve              2 1.0 8.3555e+00 1.0 9.16e+08 1.0 1.0e+06 3.3e+02 2.0e+03  1  0  1  1  2 100100100100100  4356
SNESFunctionEval       2 1.0 1.5061e+00 1.0 1.43e+08 1.0 2.7e+03 8.9e+02 0.0e+00  0  0  0  0  0  18 16  0  1  0  3790
SNESJacobianEval       2 1.0 2.5195e+00 1.0 1.65e+08 1.0 6.8e+02 1.4e+03 0.0e+00  0  0  0  0  0  30 18  0  0  0  2623
ParLoopExecute        16 1.0 3.9973e+00 1.0 3.08e+08 1.0 2.7e+03 8.9e+02 0.0e+00  0  0  0  0  0  48 34  0  1  0  3081
ParLoopCells          24 1.0 2.2253e-01 1.3 3.08e+08 1.0 0.0e+00 0.0e+00 0.0e+00  0  0  0  0  0   2 34  0  0  0 55347
ParLoopRednBegin      16 1.0 3.2210e-04 1.6 0.00e+00 0.0 0.0e+00 0.0e+00 0.0e+00  0  0  0  0  0   0  0  0  0  0     0
ParLoopRednEnd        16 1.0 8.3685e-05 1.4 0.00e+00 0.0 0.0e+00 0.0e+00 0.0e+00  0  0  0  0  0   0  0  0  0  0     0
ParLoopset_6           2 1.0 2.9707e-04 3.9 0.00e+00 0.0 0.0e+00 0.0e+00 0.0e+00  0  0  0  0  0   0  0  0  0  0     0
ParLoopset_5           2 1.0 2.0409e-04 5.9 0.00e+00 0.0 0.0e+00 0.0e+00 0.0e+00  0  0  0  0  0   0  0  0  0  0     0
ParLoopset_13          2 1.0 2.2006e-04 3.4 0.00e+00 0.0 0.0e+00 0.0e+00 0.0e+00  0  0  0  0  0   0  0  0  0  0     0
ParLoopset_12          2 1.0 8.9884e-05 2.4 0.00e+00 0.0 0.0e+00 0.0e+00 0.0e+00  0  0  0  0  0   0  0  0  0  0     0

--- Event Stage 3: Warm up

ParLoopExecute         2 1.0 8.2994e-04 2.0 0.00e+00 0.0 0.0e+00 0.0e+00 0.0e+00  0  0  0  0  0  30  0  0  0  0     0
ParLoopRednBegin       2 1.0 3.0041e-05 1.5 0.00e+00 0.0 0.0e+00 0.0e+00 0.0e+00  0  0  0  0  0   1  0  0  0  0     0
ParLoopRednEnd         2 1.0 9.0599e-06 1.9 0.00e+00 0.0 0.0e+00 0.0e+00 0.0e+00  0  0  0  0  0   0  0  0  0  0     0
ParLoopset_13          2 1.0 2.7013e-04 3.0 0.00e+00 0.0 0.0e+00 0.0e+00 0.0e+00  0  0  0  0  0   8  0  0  0  0     0
ParLoopset_12          2 1.0 1.9169e-04 3.6 0.00e+00 0.0 0.0e+00 0.0e+00 0.0e+00  0  0  0  0  0   5  0  0  0  0     0

--- Event Stage 4: DU Residuals

SFBcastBegin        1800 1.0 6.2365e-02 1.9 0.00e+00 0.0 4.1e+05 8.9e+02 0.0e+00  0  0  0  1  0   0  0 26 19  0     0
SFBcastEnd          1800 1.0 3.3113e-01 2.1 0.00e+00 0.0 0.0e+00 0.0e+00 0.0e+00  0  0  0  0  0   1  0  0  0  0     0
SFReduceBegin       1600 1.0 4.8219e-02 2.0 0.00e+00 0.0 3.6e+05 8.9e+02 0.0e+00  0  0  0  0  0   0  0 23 17  0     0
SFReduceEnd         1600 1.0 4.5650e+00 1.4 0.00e+00 0.0 0.0e+00 0.0e+00 0.0e+00  0  0  0  0  0   9  0  0  0  0     0
VecMDot             3205 1.0 4.2287e+00 1.3 5.74e+08 1.0 0.0e+00 0.0e+00 3.2e+03  0  0  0  0  3   8  1  0  0 38  5373
VecTDot              800 1.0 3.2784e-01 1.3 2.10e+07 1.0 0.0e+00 0.0e+00 8.0e+02  0  0  0  0  1   1  0  0  0 10  2559
VecNorm             4405 1.0 6.0417e+00 1.4 1.64e+08 1.0 0.0e+00 0.0e+00 4.4e+03  1  0  0  0  4  11  0  0  0 52  1077
VecScale            3605 1.0 6.4827e-02 1.1 7.17e+07 1.0 0.0e+00 0.0e+00 0.0e+00  0  0  0  0  0   0  0  0  0  0 43733
VecCopy             3600 1.0 2.1358e-01 1.6 0.00e+00 0.0 0.0e+00 0.0e+00 0.0e+00  0  0  0  0  0   0  0  0  0  0     0
VecSet              5605 1.0 4.5212e-01 2.1 0.00e+00 0.0 0.0e+00 0.0e+00 0.0e+00  0  0  0  0  0   1  0  0  0  0     0
VecAXPY             2000 1.0 9.3485e-02 1.1 6.33e+07 1.0 0.0e+00 0.0e+00 0.0e+00  0  0  0  0  0   0  0  0  0  0 26920
VecMAXPY            3605 1.0 6.2702e-01 1.1 7.02e+08 1.0 0.0e+00 0.0e+00 0.0e+00  0  0  0  0  0   1  1  0  0  0 44275
VecScatterBegin     3605 1.0 1.0778e-01 1.7 0.00e+00 0.0 8.2e+05 1.5e+03 0.0e+00  0  0  0  2  0   0  0 51 63  0     0
VecScatterEnd       3605 1.0 6.0168e-01 1.9 0.00e+00 0.0 0.0e+00 0.0e+00 0.0e+00  0  0  0  0  0   1  0  0  0  0     0
VecNormalize        3605 1.0 4.0635e+00 1.4 2.15e+08 1.0 0.0e+00 0.0e+00 3.6e+03  0  0  0  0  3   7  0  0  0 43  2093
MatMult             3605 1.0 5.2925e+00 1.1 1.63e+09 1.0 8.2e+05 1.5e+03 0.0e+00  1  1  0  2  0  11  3 51 63  0 12184
MatSolve            4405 1.0 4.5372e+00 1.1 1.84e+09 1.0 0.0e+00 0.0e+00 0.0e+00  1  1  0  0  0  10  3  0  0  0 16029
PCSetUpOnBlocks      800 1.0 5.4131e-03 4.3 0.00e+00 0.0 0.0e+00 0.0e+00 0.0e+00  0  0  0  0  0   0  0  0  0  0     0
PCApply             4405 1.0 4.9094e+00 1.1 1.84e+09 1.0 0.0e+00 0.0e+00 0.0e+00  1  1  0  0  0  11  3  0  0  0 14814
KSPGMRESOrthog      3205 1.0 4.7108e+00 1.2 1.15e+09 1.0 0.0e+00 0.0e+00 3.2e+03  0  0  0  0  3   9  2  0  0 38  9646
KSPSetUp             800 1.0 5.2285e-04 1.8 0.00e+00 0.0 0.0e+00 0.0e+00 0.0e+00  0  0  0  0  0   0  0  0  0  0     0
KSPSolve             800 1.0 2.0621e+01 1.1 5.03e+09 1.0 8.2e+05 1.5e+03 8.4e+03  2  2  0  2  7  44  8 51 63100  9667
SNESSolve            800 1.0 4.4261e+01 1.0 6.10e+10 1.0 1.6e+06 1.2e+03 8.4e+03  5 25  1  3  7  99100100100100 54804
SNESFunctionEval     800 1.0 2.5038e+01 1.1 5.59e+10 1.0 7.8e+05 8.9e+02 0.0e+00  3 23  0  1  0  55 92 49 37  0 88877
SNESJacobianEval     800 1.0 3.4429e-02 1.5 0.00e+00 0.0 0.0e+00 0.0e+00 0.0e+00  0  0  0  0  0   0  0  0  0  0     0
ParLoopExecute      2400 1.0 2.4857e+01 1.1 5.59e+10 1.0 7.8e+05 8.9e+02 0.0e+00  3 23  0  1  0  55 92 49 37  0 89524
ParLoopCells        1600 1.0 1.0583e+01 1.0 3.16e+10 1.0 0.0e+00 0.0e+00 0.0e+00  1 13  0  0  0  23 52  0  0  0 119551
ParLoopRednBegin    2400 1.0 1.9963e-02 3.1 0.00e+00 0.0 0.0e+00 0.0e+00 0.0e+00  0  0  0  0  0   0  0  0  0  0     0
ParLoopRednEnd      2400 1.0 1.0530e-02 1.1 0.00e+00 0.0 0.0e+00 0.0e+00 0.0e+00  0  0  0  0  0   0  0  0  0  0     0
ParLoopIntFacets    1600 1.0 9.3153e+00 1.1 2.43e+10 1.0 0.0e+00 0.0e+00 0.0e+00  1 10  0  0  0  20 40  0  0  0 103065
ParLoopset_13        800 1.0 8.4522e-02 2.5 0.00e+00 0.0 0.0e+00 0.0e+00 0.0e+00  0  0  0  0  0   0  0  0  0  0     0
ParLoopset_12        800 1.0 3.6360e-02 1.8 0.00e+00 0.0 0.0e+00 0.0e+00 0.0e+00  0  0  0  0  0   0  0  0  0  0     0

--- Event Stage 5: Linear solve

SFBcastBegin        1600 1.0 8.2513e-02 2.8 0.00e+00 0.0 3.6e+05 8.9e+02 0.0e+00  0  0  0  0  0   0  0  0  1  0     0
SFBcastEnd          1600 1.0 1.5445e-01 4.4 0.00e+00 0.0 0.0e+00 0.0e+00 0.0e+00  0  0  0  0  0   0  0  0  0  0     0
SFReduceBegin        800 1.0 4.4641e-02 3.6 0.00e+00 0.0 1.8e+05 8.9e+02 0.0e+00  0  0  0  0  0   0  0  0  0  0     0
SFReduceEnd          800 1.0 1.6747e+00 1.3 0.00e+00 0.0 0.0e+00 0.0e+00 0.0e+00  0  0  0  0  0   0  0  0  0  0     0
VecMDot             3901 1.0 7.9440e+00 1.4 1.39e+09 1.0 0.0e+00 0.0e+00 3.9e+03  1  1  0  0  3   1  1  0  0  4  6933
VecTDot            43010 1.0 1.5103e+01 1.6 1.13e+09 1.0 0.0e+00 0.0e+00 4.3e+04  1  0  0  0 36   2  1  0  0 40  2986
VecNorm            30107 1.0 4.4233e+01 2.2 9.60e+08 1.0 0.0e+00 0.0e+00 3.0e+04  3  0  0  0 25   4  1  0  0 28   867
VecScale          184943 1.0 2.8275e+00 1.4 2.51e+09 1.0 0.0e+00 0.0e+00 0.0e+00  0  1  0  0  0   0  2  0  0  0 35489
VecCopy           139232 1.0 1.6779e+00 1.1 0.00e+00 0.0 0.0e+00 0.0e+00 0.0e+00  0  0  0  0  0   0  0  0  0  0     0
VecSet           1621477 1.0 1.6993e+01 1.2 0.00e+00 0.0 0.0e+00 0.0e+00 0.0e+00  2  0  0  0  0   2  0  0  0  0     0
VecAXPY            48111 1.0 2.3632e+00 1.2 1.35e+09 1.0 0.0e+00 0.0e+00 0.0e+00  0  1  0  0  0   0  1  0  0  0 22834
VecAYPX          1049444 1.0 1.1981e+01 1.2 4.59e+09 1.0 0.0e+00 0.0e+00 0.0e+00  1  2  0  0  0   2  3  0  0  0 15269
VecAXPBYCZ        516120 1.0 7.7948e+00 1.1 8.28e+09 1.0 0.0e+00 0.0e+00 0.0e+00  1  3  0  0  0   1  5  0  0  0 42309
VecMAXPY            4301 1.0 2.3130e+00 1.2 1.64e+09 1.0 0.0e+00 0.0e+00 0.0e+00  0  1  0  0  0   0  1  0  0  0 28233
VecScatterBegin  1451037 1.0 1.2611e+01 1.6 0.00e+00 0.0 2.0e+08 3.1e+02 0.0e+00  1  0 98 94  0   1  0100 99  0     0
VecScatterEnd    1451037 1.0 1.9515e+02 1.3 0.00e+00 0.0 0.0e+00 0.0e+00 0.0e+00 21  0  0  0  0  24  0  0  0  0     0
VecNormalize        4301 1.0 2.6334e+00 1.3 4.26e+08 1.0 0.0e+00 0.0e+00 4.3e+03  0  0  0  0  4   0  0  0  0  4  6422
MatMult           808188 1.0 4.0288e+02 1.1 7.36e+10 1.0 1.6e+08 3.5e+02 3.1e+04 46 30 79 86 26  53 48 80 90 29  7226
MatMultAdd        320975 1.0 5.8154e+01 1.5 8.31e+09 1.0 2.1e+07 1.8e+02 0.0e+00  7  3 10  6  0   8  5 11  6  0  5689
MatMultTranspose  129030 1.0 3.2126e+01 2.2 2.20e+09 1.0 1.9e+07 1.4e+02 0.0e+00  3  1 10  4  0   3  1 10  4  0  2696
MatSolve          984929 1.2 1.5660e+02 1.1 5.73e+10 1.0 0.0e+00 0.0e+00 0.0e+00 18 23  0  0  0  20 38  0  0  0 14460
MatResidual       129030 1.0 6.1073e+01 1.1 1.11e+10 1.0 2.6e+07 3.4e+02 0.0e+00  7  5 13 13  0   8  7 13 14  0  7198
PCSetUpOnBlocks   468809 1.0 5.7132e-01 1.4 0.00e+00 0.0 0.0e+00 0.0e+00 0.0e+00  0  0  0  0  0   0  0  0  0  0     0
PCApply             4301 1.0 6.9734e+02 1.0 1.18e+11 1.0 2.0e+08 3.0e+02 6.9e+04 83 49 97 93 58  95 78 99 97 64  6727
KSPSolve_FS_0       4301 1.0 3.1265e+00 1.2 7.62e+08 1.0 0.0e+00 0.0e+00 0.0e+00  0  0  0  0  0   0  1  0  0  0  9652
KSPSolve_FS_Schu    4301 1.0 6.8643e+02 1.0 1.16e+11 1.0 2.0e+08 3.0e+02 6.9e+04 82 48 97 92 58  94 76 98 97 64  6702
KSPSolve_FS_Low     4301 1.0 3.0058e+00 1.2 7.62e+08 1.0 0.0e+00 0.0e+00 0.0e+00  0  0  0  0  0   0  1  0  0  0 10040
KSPGMRESOrthog      3901 1.0 9.6568e+00 1.3 2.77e+09 1.0 0.0e+00 0.0e+00 3.9e+03  1  1  0  0  3   1  2  0  0  4 11407
KSPSetUp             400 1.0 2.4962e-04 1.5 0.00e+00 0.0 0.0e+00 0.0e+00 0.0e+00  0  0  0  0  0   0  0  0  0  0     0
KSPSolve             400 1.0 7.1745e+02 1.0 1.23e+11 1.0 2.0e+08 3.1e+02 1.1e+05 86 51 98 94 90  98 81100 99100  6814
SNESSolve            400 1.0 7.2927e+02 1.0 1.52e+11 1.0 2.0e+08 3.1e+02 1.1e+05 87 62 98 95 90 100100100100100  8271
SNESFunctionEval     400 1.0 1.2083e+01 1.0 2.85e+10 1.0 5.5e+05 8.9e+02 0.0e+00  1 12  0  1  0   2 19  0  1  0 94487
SNESJacobianEval     400 1.0 1.6279e-02 1.4 0.00e+00 0.0 0.0e+00 0.0e+00 0.0e+00  0  0  0  0  0   0  0  0  0  0     0
ParLoopExecute      1600 1.0 1.1859e+01 1.0 2.85e+10 1.0 5.5e+05 8.9e+02 0.0e+00  1 12  0  1  0   2 19  0  1  0 96269
ParLoopCells        1600 1.0 9.7511e+00 1.0 2.85e+10 1.0 0.0e+00 0.0e+00 0.0e+00  1 12  0  0  0   1 19  0  0  0 117083
ParLoopRednBegin    1600 1.0 6.5711e-03 1.6 0.00e+00 0.0 0.0e+00 0.0e+00 0.0e+00  0  0  0  0  0   0  0  0  0  0     0
ParLoopRednEnd      1600 1.0 6.8026e-03 1.1 0.00e+00 0.0 0.0e+00 0.0e+00 0.0e+00  0  0  0  0  0   0  0  0  0  0     0
ParLoopset_13        800 1.0 5.5784e-02 1.5 0.00e+00 0.0 0.0e+00 0.0e+00 0.0e+00  0  0  0  0  0   0  0  0  0  0     0
ParLoopset_12        800 1.0 3.1721e-02 1.8 0.00e+00 0.0 0.0e+00 0.0e+00 0.0e+00  0  0  0  0  0   0  0  0  0  0     0
------------------------------------------------------------------------------------------------------------------------

Memory usage is given in bytes:

Object Type          Creations   Destructions     Memory  Descendants' Mem.
Reports information only for process 0.

--- Event Stage 0: Main Stage

           Container    16             16         9344     0.
              Viewer     1              0            0     0.
           Index Set   723            791     58871360     0.
   IS L to G Mapping    16             16     14477912     0.
             Section   230            230       163760     0.
   Star Forest Graph   244            246       205216     0.
              Vector    97            464     45898480     0.
         Vec Scatter    25             51      2151688     0.
              Matrix    78            226     44980832     0.
      Preconditioner     8             44        45136     0.
       Krylov Solver     8             54       480024     0.
     DMKSP interface     0              6         3984     0.
                SNES     7              7         9632     0.
      SNESLineSearch     7              7         7000     0.
              DMSNES     6              6         4080     0.
    Distributed Mesh    88             88       423248     0.
    GraphPartitioner    24             24        14880     0.
     Discrete System    88             88        81664     0.

--- Event Stage 1: Warm up: DU Residuals

           Index Set    12              0            0     0.
   Star Forest Graph     2              0            0     0.
              Vector    52              0            0     0.
              Matrix     4              0            0     0.
      Preconditioner     4              0            0     0.
       Krylov Solver     4              0            0     0.
     DMKSP interface     4              0            0     0.

--- Event Stage 2: Warm up: Linear solve

         PetscRandom    20             20        13080     0.
           Index Set   218            162       422792     0.
   Star Forest Graph    10             10         8800     0.
              Vector   750            434      8193072     0.
         Vec Scatter    74             48        61120     0.
              Matrix   322            178     20486976     0.
      Matrix Coarsen    10             10         6440     0.
      Preconditioner    44             12        10432     0.
       Krylov Solver    54             12       305296     0.
     DMKSP interface     2              0            0     0.

--- Event Stage 3: Warm up


--- Event Stage 4: DU Residuals

              Vector     0              1       157480     0.

--- Event Stage 5: Linear solve

              Vector 15604          15604     25965056     0.
========================================================================================================================
Average time to get PetscTime(): 0.
Average time for MPI_Barrier(): 1.10149e-05
Average time for zero size MPI_Send(): 1.62721e-06
#PETSc Option Table entries:
--dt 28.125
--method RT
--model_degree 1
--nsteps 100
--profile
--refinements 8
-log_view
#End of PETSc Option Table entries
Compiled without FORTRAN kernels
Compiled with full precision matrices (default)
sizeof(short) 2 sizeof(int) 4 sizeof(long) 8 sizeof(void*) 8 sizeof(PetscScalar) 8 sizeof(PetscInt) 4
Configure options: --prefix=/home/scratch/tg2115/src/firedrake/lib/python3.5/site-packages/petsc PETSC_ARCH=arch-python-linux-x86_64 --with-shared-libraries=1 --with-debugging=0 --with-c2html=0 --with-cc=mpicc --with-cxx=mpicxx --with-fc=mpif90 --download-eigen=/home/scratch/tg2115/src/firedrake/src/eigen-3.3.3.tgz --with-fortran-bindings=0 --download-chaco --download-metis --download-parmetis --download-scalapack --download-hypre --download-mumps --download-netcdf --download-hdf5 --download-pnetcdf --download-exodusii
-----------------------------------------
Libraries compiled on 2018-04-17 14:37:37 on mpe2 
Machine characteristics: Linux-4.4.0-116-generic-x86_64-with-Ubuntu-16.04-xenial
Using PETSc directory: /home/scratch/tg2115/src/firedrake/lib/python3.5/site-packages/petsc
Using PETSc arch: 
-----------------------------------------

Using C compiler: mpicc  -fPIC  -Wall -Wwrite-strings -Wno-strict-aliasing -Wno-unknown-pragmas -fstack-protector -fvisibility=hidden -g -O  
Using Fortran compiler: mpif90  -fPIC -Wall -ffree-line-length-0 -Wno-unused-dummy-argument -g -O    
-----------------------------------------

Using include paths: -I/home/scratch/tg2115/src/firedrake/lib/python3.5/site-packages/petsc/include -I/home/scratch/tg2115/src/firedrake/lib/python3.5/site-packages/petsc//include -I/home/scratch/tg2115/src/firedrake/lib/python3.5/site-packages/petsc/include -I/home/scratch/tg2115/src/firedrake/lib/python3.5/site-packages/petsc/include/eigen3
-----------------------------------------

Using C linker: mpicc
Using Fortran linker: mpif90
Using libraries: -Wl,-rpath,/home/scratch/tg2115/src/firedrake/lib/python3.5/site-packages/petsc/lib -L/home/scratch/tg2115/src/firedrake/lib/python3.5/site-packages/petsc/lib -lpetsc -Wl,-rpath,/home/scratch/tg2115/src/firedrake/lib/python3.5/site-packages/petsc/lib -L/home/scratch/tg2115/src/firedrake/lib/python3.5/site-packages/petsc/lib -Wl,-rpath,/usr/lib/openmpi/lib -L/usr/lib/openmpi/lib -Wl,-rpath,/usr/lib/gcc/x86_64-linux-gnu/5 -L/usr/lib/gcc/x86_64-linux-gnu/5 -Wl,-rpath,/usr/lib/x86_64-linux-gnu -L/usr/lib/x86_64-linux-gnu -Wl,-rpath,/lib/x86_64-linux-gnu -L/lib/x86_64-linux-gnu -lcmumps -ldmumps -lsmumps -lzmumps -lmumps_common -lpord -lscalapack -lHYPRE -llapack -lblas -lexodus -lnetcdf -lpnetcdf -lchaco -lhdf5hl_fortran -lhdf5_fortran -lhdf5_hl -lhdf5 -lparmetis -lmetis -lm -lX11 -lstdc++ -ldl -lmpi_usempif08 -lmpi_usempi_ignore_tkr -lmpi_mpifh -lmpi -lgfortran -lm -lgfortran -lm -lgcc_s -lquadmath -lpthread -lstdc++ -ldl
-----------------------------------------

