
Running cold initialization for the problem set:

method: RT,

model degree: 1,

hybridization: True,



Dt = 28.125,

Courant number (approximate): 0.22135149895683526,

Dx (min): 28.396066451806234 km,

Dx (max): 33.052439495552996 km.

Warm up with one-step.

Warm up done. Profiling run for 100 steps.


Running Williamson 5 test with parameters:

method: RT,

model degree: 1,

refinements: 8,

hybridization: True,

tmax: 2812.5

Simulation complete.

************************************************************************************************************************
***             WIDEN YOUR WINDOW TO 120 CHARACTERS.  Use 'enscript -r -fCourier9' to print this document            ***
************************************************************************************************************************

---------------------------------------------- PETSc Performance Summary: ----------------------------------------------

swe_williamson5.py on a  named mpe2 with 40 processors, by tg2115 Fri May  4 12:12:12 2018
Using Petsc Development GIT revision: v3.4.2-20859-g7bfdb64  GIT Date: 2018-04-03 16:04:52 -0500

                         Max       Max/Min        Avg      Total 
Time (sec):           1.880e+02      1.00016   1.879e+02
Objects:              2.991e+03      1.17432   2.571e+03
Flop:                 2.230e+11      1.00481   2.225e+11  8.899e+12
Flop/sec:            1.187e+09      1.00483   1.184e+09  4.735e+10
MPI Messages:         7.441e+05      1.95866   5.524e+05  2.209e+07
MPI Message Lengths:  4.832e+08      2.20295   5.143e+02  1.136e+10
MPI Reductions:       1.711e+04      1.00000

Flop counting convention: 1 flop = 1 real number operation of type (multiply/divide/add/subtract)
                            e.g., VecAXPY() for real vectors of length N --> 2N flop
                            and VecAXPY() for complex vectors of length N --> 8N flop

Summary of Stages:   ----- Time ------  ----- Flop -----  --- Messages ---  -- Message Lengths --  -- Reductions --
                        Avg     %Total     Avg     %Total   counts   %Total     Avg         %Total   counts   %Total 
 0:      Main Stage: 3.3181e+01  17.7%  1.1483e+12  12.9%  4.454e+05   2.0%  3.723e+01        7.2%  7.690e+02   4.5% 
 1: Warm up: DU Residuals: 7.4022e-01   0.4%  2.4701e+10   0.3%  9.690e+03   0.0%  5.091e-01        0.1%  4.400e+01   0.3% 
 2: Warm up: Linear solve: 2.5667e+00   1.4%  3.5422e+10   0.4%  2.089e+05   0.9%  4.293e+00        0.8%  1.476e+03   8.6% 
 3:         Warm up: 1.8619e-03   0.0%  0.0000e+00   0.0%  0.000e+00   0.0%  0.000e+00        0.0%  0.000e+00   0.0% 
 4:    DU Residuals: 4.1546e+01  22.1%  2.4257e+12  27.3%  1.597e+06   7.2%  8.537e+01       16.6%  8.410e+03  49.2% 
 5:    Linear solve: 1.0990e+02  58.5%  5.2652e+12  59.2%  1.983e+07  89.8%  3.869e+02       75.2%  6.400e+03  37.4% 

------------------------------------------------------------------------------------------------------------------------
See the 'Profiling' chapter of the users' manual for details on interpreting output.
Phase summary info:
   Count: number of times phase was executed
   Time and Flop: Max - maximum over all processors
                   Ratio - ratio of maximum to minimum over all processors
   Mess: number of messages sent
   Avg. len: average message length (bytes)
   Reduct: number of global reductions
   Global: entire computation
   Stage: stages of a computation. Set stages with PetscLogStagePush() and PetscLogStagePop().
      %T - percent time in this phase         %F - percent flop in this phase
      %M - percent messages in this phase     %L - percent message lengths in this phase
      %R - percent reductions in this phase
   Total Mflop/s: 10e-6 * (sum of flop over all processors)/(max time over all processors)
------------------------------------------------------------------------------------------------------------------------
Event                Count      Time (sec)     Flop                             --- Global ---  --- Stage ---   Total
                   Max Ratio  Max     Ratio   Max  Ratio  Mess   Avg len Reduct  %T %F %M %L %R  %T %F %M %L %R Mflop/s
------------------------------------------------------------------------------------------------------------------------

--- Event Stage 0: Main Stage

PetscBarrier          16 1.0 1.8159e+00 1.0 0.00e+00 0.0 0.0e+00 0.0e+00 4.8e+01  1  0  0  0  0   5  0  0  0  6     0
BuildTwoSided         70 1.0 2.5414e+0025.5 0.00e+00 0.0 1.0e+04 4.0e+00 0.0e+00  1  0  0  0  0   7  0  2  0  0     0
BuildTwoSidedF        12 1.0 1.4755e-01 2.9 0.00e+00 0.0 2.6e+03 4.0e+03 0.0e+00  0  0  0  0  0   0  0  1  1  0     0
SFSetGraph            76 1.0 4.5786e-03 1.2 0.00e+00 0.0 0.0e+00 0.0e+00 0.0e+00  0  0  0  0  0   0  0  0  0  0     0
SFSetUp               70 1.0 2.6271e+0013.4 0.00e+00 0.0 3.1e+04 3.9e+03 0.0e+00  1  0  0  1  0   8  0  7 15  0     0
SFBcastBegin         959 1.0 3.1331e-0112.3 0.00e+00 0.0 2.2e+05 2.2e+03 0.0e+00  0  0  1  4  0   0  0 50 58  0     0
SFBcastEnd           959 1.0 1.1107e+00 2.7 0.00e+00 0.0 0.0e+00 0.0e+00 0.0e+00  0  0  0  0  0   3  0  0  0  0     0
SFReduceBegin        809 1.0 2.1369e-02 1.6 0.00e+00 0.0 1.8e+05 1.0e+03 0.0e+00  0  0  1  2  0   0  0 41 23  0     0
SFReduceEnd          809 1.0 2.8340e+00 1.5 0.00e+00 0.0 0.0e+00 0.0e+00 0.0e+00  1  0  0  0  0   7  0  0  0  0     0
SFFetchOpBegin         2 1.0 1.0800e-0411.9 0.00e+00 0.0 2.3e+02 5.4e+02 0.0e+00  0  0  0  0  0   0  0  0  0  0     0
SFFetchOpEnd           2 1.0 1.7059e-0318.6 0.00e+00 0.0 2.3e+02 5.4e+02 0.0e+00  0  0  0  0  0   0  0  0  0  0     0
VecTDot               20 1.0 1.2484e-03 1.5 7.95e+05 1.0 0.0e+00 0.0e+00 2.0e+01  0  0  0  0  0   0  0  0  0  3 25198
VecNorm              411 1.0 2.3884e+00 2.4 2.68e+07 1.0 0.0e+00 0.0e+00 4.1e+02  1  0  0  0  2   5  0  0  0 53   446
VecCopy                6 1.0 4.7112e-04 1.5 0.00e+00 0.0 0.0e+00 0.0e+00 0.0e+00  0  0  0  0  0   0  0  0  0  0     0
VecSet                39 1.0 6.8741e-0326.1 0.00e+00 0.0 0.0e+00 0.0e+00 0.0e+00  0  0  0  0  0   0  0  0  0  0     0
VecAXPY               21 1.0 1.4393e-03 1.1 8.35e+05 1.0 0.0e+00 0.0e+00 0.0e+00  0  0  0  0  0   0  0  0  0  0 22948
VecAYPX                9 1.0 5.0974e-04 1.1 3.58e+05 1.0 0.0e+00 0.0e+00 0.0e+00  0  0  0  0  0   0  0  0  0  0 27771
VecScatterBegin       14 1.0 9.2721e-04 1.5 0.00e+00 0.0 2.3e+03 7.5e+02 0.0e+00  0  0  0  0  0   0  0  1  0  0     0
VecScatterEnd         14 1.0 3.3021e-04 2.0 0.00e+00 0.0 0.0e+00 0.0e+00 0.0e+00  0  0  0  0  0   0  0  0  0  0     0
MatMult               10 1.0 6.0079e-03 1.1 1.79e+06 1.0 2.3e+03 7.5e+02 0.0e+00  0  0  0  0  0   0  0  1  0  0 11781
MatSolve              11 1.0 6.6509e-03 1.1 1.95e+06 1.0 0.0e+00 0.0e+00 0.0e+00  0  0  0  0  0   0  0  0  0  0 11605
MatLUFactorNum         1 1.0 2.2712e-03 1.2 2.39e+05 1.1 0.0e+00 0.0e+00 0.0e+00  0  0  0  0  0   0  0  0  0  0  4052
MatILUFactorSym        1 1.0 1.6191e-03 1.1 0.00e+00 0.0 0.0e+00 0.0e+00 0.0e+00  0  0  0  0  0   0  0  0  0  0     0
MatAssemblyBegin      14 1.0 1.5161e-01 2.8 0.00e+00 0.0 2.6e+03 4.0e+03 0.0e+00  0  0  0  0  0   0  0  1  1  0     0
MatAssemblyEnd        14 1.0 2.7049e-02 1.6 0.00e+00 0.0 2.3e+03 2.5e+02 4.0e+01  0  0  0  0  0   0  0  1  0  5     0
MatGetRowIJ            1 1.0 9.5367e-07 0.0 0.00e+00 0.0 0.0e+00 0.0e+00 0.0e+00  0  0  0  0  0   0  0  0  0  0     0
MatGetOrdering         1 1.0 2.3198e-04 1.1 0.00e+00 0.0 0.0e+00 0.0e+00 0.0e+00  0  0  0  0  0   0  0  0  0  0     0
MatZeroEntries         1 1.0 3.5906e-04 2.5 0.00e+00 0.0 0.0e+00 0.0e+00 0.0e+00  0  0  0  0  0   0  0  0  0  0     0
PCSetUp                2 1.0 4.2560e-03 1.1 2.39e+05 1.1 0.0e+00 0.0e+00 0.0e+00  0  0  0  0  0   0  0  0  0  0  2162
PCSetUpOnBlocks        1 1.0 4.1580e-03 1.1 2.39e+05 1.1 0.0e+00 0.0e+00 0.0e+00  0  0  0  0  0   0  0  0  0  0  2213
PCApply               11 1.0 7.3631e-03 1.1 1.95e+06 1.0 0.0e+00 0.0e+00 0.0e+00  0  0  0  0  0   0  0  0  0  0 10482
KSPSetUp               2 1.0 2.5702e-04 1.2 0.00e+00 0.0 0.0e+00 0.0e+00 0.0e+00  0  0  0  0  0   0  0  0  0  0     0
KSPSolve               1 1.0 2.1036e-02 1.0 6.36e+06 1.0 2.3e+03 7.5e+02 3.1e+01  0  0  0  0  0   0  0  1  0  4 11957
SNESSolve              1 1.0 5.5825e-02 1.0 2.75e+07 1.0 2.9e+03 9.1e+02 3.1e+01  0  0  0  0  0   0  0  1  0  4 19636
SNESFunctionEval       1 1.0 1.5987e-02 1.0 1.41e+07 1.0 4.6e+02 1.2e+03 0.0e+00  0  0  0  0  0   0  0  0  0  0 35352
SNESJacobianEval       1 1.0 1.9272e-02 1.0 6.95e+06 1.0 1.7e+02 2.2e+03 0.0e+00  0  0  0  0  0   0  0  0  0  0 14418
Mesh Partition         4 1.0 4.8101e+00 1.0 0.00e+00 0.0 4.4e+04 1.5e+03 2.0e+01  3  0  0  1  0  14  0 10  8  3     0
Mesh Migration         4 1.0 9.1764e-01 1.0 0.00e+00 0.0 1.8e+04 1.8e+04 8.8e+01  0  0  0  3  1   3  0  4 40 11     0
DMPlexInterp           2 1.0 8.8501e-04 1.3 0.00e+00 0.0 0.0e+00 0.0e+00 8.0e+00  0  0  0  0  0   0  0  0  0  1     0
DMPlexDistribute       2 1.0 5.5389e+00 1.0 0.00e+00 0.0 2.2e+04 2.0e+04 4.0e+01  3  0  0  4  0  17  0  5 51  5     0
DMPlexDistCones        4 1.0 2.7067e-01 1.1 0.00e+00 0.0 4.3e+03 3.0e+04 0.0e+00  0  0  0  1  0   1  0  1 16  0     0
DMPlexDistLabels       4 1.0 3.8667e-01 1.0 0.00e+00 0.0 6.1e+03 1.9e+04 5.2e+01  0  0  0  1  0   1  0  1 14  7     0
DMPlexDistribOL        2 1.0 2.4629e-01 1.0 0.00e+00 0.0 4.1e+04 5.2e+02 6.8e+01  0  0  0  0  0   1  0  9  3  9     0
DMPlexDistField        6 1.0 1.2964e-01 1.1 0.00e+00 0.0 5.9e+03 7.4e+03 4.0e+00  0  0  0  0  0   0  0  1  5  1     0
DMPlexDistData         4 1.0 2.4183e+0026.9 0.00e+00 0.0 3.9e+04 1.0e+03 0.0e+00  1  0  0  0  0   7  0  9  5  0     0
DMPlexStratify        24 1.0 1.7682e+00 1.8 0.00e+00 0.0 0.0e+00 0.0e+00 2.4e+01  1  0  0  0  0   5  0  0  0  3     0
CreateMesh            10 1.0 6.5230e+00 1.0 0.00e+00 0.0 6.3e+04 7.1e+03 1.2e+02  3  0  0  4  1  20  0 14 54 15     0
Mesh: reorder          2 1.0 2.0534e-02 2.1 0.00e+00 0.0 0.0e+00 0.0e+00 4.0e+00  0  0  0  0  0   0  0  0  0  1     0
Mesh: numbering        2 1.0 9.3248e-02 1.3 0.00e+00 0.0 0.0e+00 0.0e+00 4.0e+00  0  0  0  0  0   0  0  0  0  1     0
CreateFunctionSpace      48 1.0 4.8805e-01 1.3 0.00e+00 0.0 1.6e+03 1.1e+03 0.0e+00  0  0  0  0  0   1  0  0  0  0     0
ParLoopExecute      2835 1.0 1.4494e+01 1.1 2.87e+10 1.0 3.7e+05 9.2e+02 2.4e+01  7 13  2  3  0  42100 84 41  3 79134
ParLoopCells        1646 1.0 9.9379e+00 1.1 2.86e+10 1.0 0.0e+00 0.0e+00 0.0e+00  5 13  0  0  0  29100  0  0  0 115253
ParLoopRednBegin    2835 1.0 8.0622e-01 1.2 0.00e+00 0.0 0.0e+00 0.0e+00 0.0e+00  0  0  0  0  0   2  0  0  0  0     0
ParLoopRednEnd      2835 1.0 3.0422e-02 1.2 0.00e+00 0.0 0.0e+00 0.0e+00 0.0e+00  0  0  0  0  0   0  0  0  0  0     0
ParLoopset_4           4 1.0 2.5661e-03 1.6 0.00e+00 0.0 0.0e+00 0.0e+00 0.0e+00  0  0  0  0  0   0  0  0  0  0     0
CreateSparsity         5 1.0 5.5538e-01 1.1 0.00e+00 0.0 2.1e+03 2.9e+03 2.4e+01  0  0  0  0  0   2  0  0  1  3     0
MatZeroInitial         5 1.0 1.3978e-01 1.2 0.00e+00 0.0 0.0e+00 0.0e+00 0.0e+00  0  0  0  0  0   0  0  0  0  0     0
ParLoopset_6           2 1.0 1.4932e-03 1.8 0.00e+00 0.0 0.0e+00 0.0e+00 0.0e+00  0  0  0  0  0   0  0  0  0  0     0
ParLoopset_5           2 1.0 1.4377e-04 3.1 0.00e+00 0.0 0.0e+00 0.0e+00 0.0e+00  0  0  0  0  0   0  0  0  0  0     0
ParLoopset_12          4 1.0 5.2309e-04 1.8 0.00e+00 0.0 0.0e+00 0.0e+00 0.0e+00  0  0  0  0  0   0  0  0  0  0     0
ParLoopset_14       2006 1.0 1.1014e-01 1.1 2.39e+07 1.0 0.0e+00 0.0e+00 0.0e+00  0  0  0  0  0   0  0  0  0  0  8568
ParLoopset_13       2006 1.0 7.9721e-02 1.1 1.57e+07 1.0 0.0e+00 0.0e+00 0.0e+00  0  0  0  0  0   0  0  0  0  0  7898

--- Event Stage 1: Warm up: DU Residuals

BuildTwoSided          2 1.0 7.3333e-03 2.9 0.00e+00 0.0 2.3e+02 4.0e+00 0.0e+00  0  0  0  0  0   1  0  2  0  0     0
BuildTwoSidedF         8 1.0 1.2922e-01 3.3 0.00e+00 0.0 3.4e+02 2.2e+03 0.0e+00  0  0  0  0  0  13  0  4  7  0     0
SFSetGraph             4 1.0 1.1110e-04 1.4 0.00e+00 0.0 0.0e+00 0.0e+00 0.0e+00  0  0  0  0  0   0  0  0  0  0     0
SFSetUp                2 1.0 8.6250e-03 3.0 0.00e+00 0.0 6.8e+02 4.1e+02 0.0e+00  0  0  0  0  0   1  0  7  3  0     0
SFBcastBegin          14 1.0 8.3089e-04 2.0 0.00e+00 0.0 3.2e+03 9.0e+02 0.0e+00  0  0  0  0  0   0  0 33 26  0     0
SFBcastEnd            14 1.0 1.6069e-03 8.1 0.00e+00 0.0 0.0e+00 0.0e+00 0.0e+00  0  0  0  0  0   0  0  0  0  0     0
SFReduceBegin          8 1.0 2.4390e-04 2.1 0.00e+00 0.0 1.8e+03 8.9e+02 0.0e+00  0  0  0  0  0   0  0 19 14  0     0
SFReduceEnd            8 1.0 4.0455e-0240.9 0.00e+00 0.0 0.0e+00 0.0e+00 0.0e+00  0  0  0  0  0   3  0  0  0  0     0
VecMDot               16 1.0 2.6466e-02 2.1 2.86e+06 1.0 0.0e+00 0.0e+00 1.6e+01  0  0  0  0  0   3  0  0  0 36  4279
VecNorm               20 1.0 2.0069e-02 5.4 7.68e+05 1.0 0.0e+00 0.0e+00 2.0e+01  0  0  0  0  0   1  0  0  0 45  1515
VecScale              18 1.0 4.1223e-04 1.6 3.58e+05 1.0 0.0e+00 0.0e+00 0.0e+00  0  0  0  0  0   0  0  0  0  0 34340
VecCopy               20 1.0 1.5173e-03 1.8 0.00e+00 0.0 0.0e+00 0.0e+00 0.0e+00  0  0  0  0  0   0  0  0  0  0     0
VecSet                26 1.0 1.4837e-03 1.6 0.00e+00 0.0 0.0e+00 0.0e+00 0.0e+00  0  0  0  0  0   0  0  0  0  0     0
VecAXPY                6 1.0 4.2009e-04 1.2 2.11e+05 1.0 0.0e+00 0.0e+00 0.0e+00  0  0  0  0  0   0  0  0  0  0 19968
VecMAXPY              18 1.0 3.4878e-03 1.2 3.50e+06 1.0 0.0e+00 0.0e+00 0.0e+00  0  0  0  0  0   0  1  0  0  0 39684
VecScatterBegin       16 1.0 5.8126e-04 1.8 0.00e+00 0.0 3.6e+03 1.6e+03 0.0e+00  0  0  0  0  0   0  0 38 51  0     0
VecScatterEnd         16 1.0 8.6846e-0313.7 0.00e+00 0.0 0.0e+00 0.0e+00 0.0e+00  0  0  0  0  0   0  0  0  0  0     0
VecNormalize          18 1.0 1.7234e-02 5.7 1.07e+06 1.0 0.0e+00 0.0e+00 1.8e+01  0  0  0  0  0   1  0  0  0 41  2464
MatMult               16 1.0 3.2030e-02 1.7 7.95e+06 1.0 3.6e+03 1.6e+03 0.0e+00  0  0  0  0  0   3  1 38 51  0  9821
MatSolve              20 1.0 2.2438e-02 1.2 8.99e+06 1.0 0.0e+00 0.0e+00 0.0e+00  0  0  0  0  0   3  1  0  0  0 15861
MatLUFactorNum         4 1.0 1.1454e-02 1.2 1.42e+06 1.1 0.0e+00 0.0e+00 0.0e+00  0  0  0  0  0   1  0  0  0  0  4754
MatILUFactorSym        4 1.0 9.7249e-03 1.2 0.00e+00 0.0 0.0e+00 0.0e+00 0.0e+00  0  0  0  0  0   1  0  0  0  0     0
MatAssemblyBegin       8 1.0 1.2941e-01 3.2 0.00e+00 0.0 3.4e+02 2.2e+03 0.0e+00  0  0  0  0  0  13  0  4  7  0     0
MatAssemblyEnd         8 1.0 5.6386e-03 1.2 0.00e+00 0.0 0.0e+00 0.0e+00 0.0e+00  0  0  0  0  0   1  0  0  0  0     0
MatGetRowIJ            4 1.0 1.0967e-05 0.0 0.00e+00 0.0 0.0e+00 0.0e+00 0.0e+00  0  0  0  0  0   0  0  0  0  0     0
MatGetOrdering         4 1.0 8.8596e-04 1.3 0.00e+00 0.0 0.0e+00 0.0e+00 0.0e+00  0  0  0  0  0   0  0  0  0  0     0
MatZeroEntries         4 1.0 2.3689e-03 2.8 0.00e+00 0.0 0.0e+00 0.0e+00 0.0e+00  0  0  0  0  0   0  0  0  0  0     0
PCSetUp                8 1.0 2.2651e-02 1.2 1.42e+06 1.1 0.0e+00 0.0e+00 0.0e+00  0  0  0  0  0   3  0  0  0  0  2404
PCSetUpOnBlocks        4 1.0 2.2301e-02 1.2 1.42e+06 1.1 0.0e+00 0.0e+00 0.0e+00  0  0  0  0  0   3  0  0  0  0  2442
PCApply               20 1.0 2.4215e-02 1.2 8.99e+06 1.0 0.0e+00 0.0e+00 0.0e+00  0  0  0  0  0   3  1  0  0  0 14696
KSPGMRESOrthog        16 1.0 2.8715e-02 1.9 5.72e+06 1.0 0.0e+00 0.0e+00 1.6e+01  0  0  0  0  0   3  1  0  0 36  7888
KSPSetUp               8 1.0 1.6198e-03 1.6 0.00e+00 0.0 0.0e+00 0.0e+00 0.0e+00  0  0  0  0  0   0  0  0  0  0     0
KSPSolve               4 1.0 1.0502e-01 1.0 2.59e+07 1.0 3.6e+03 1.6e+03 3.6e+01  0  0  0  0  0  14  4 38 51 82  9753
SNESSolve              4 1.0 7.3413e-01 1.0 6.21e+08 1.0 9.7e+03 1.2e+03 4.0e+01  0  0  0  0  0  99100100100 91 33647
SNESFunctionEval       4 1.0 2.6058e-01 1.2 2.79e+08 1.0 5.7e+03 8.4e+02 4.0e+00  0  0  0  0  0  32 45 59 42  9 42698
SNESJacobianEval       4 1.0 4.0073e-01 1.1 3.15e+08 1.0 3.4e+02 2.2e+03 0.0e+00  0  0  0  0  0  52 51  4  7  0 31306
ParLoopExecute        20 1.0 5.7241e-01 1.2 5.95e+08 1.0 5.7e+03 8.4e+02 4.0e+00  0  0  0  0  0  70 96 59 42  9 41354
ParLoopCells          16 1.0 2.0142e-01 1.2 3.22e+08 1.0 0.0e+00 0.0e+00 0.0e+00  0  0  0  0  0  24 52  0  0  0 63844
ParLoopRednBegin      20 1.0 4.2343e-04 1.3 0.00e+00 0.0 0.0e+00 0.0e+00 0.0e+00  0  0  0  0  0   0  0  0  0  0     0
ParLoopRednEnd        20 1.0 1.0610e-04 1.3 0.00e+00 0.0 0.0e+00 0.0e+00 0.0e+00  0  0  0  0  0   0  0  0  0  0     0
ParLoopset_6           2 1.0 1.6809e-04 2.2 0.00e+00 0.0 0.0e+00 0.0e+00 0.0e+00  0  0  0  0  0   0  0  0  0  0     0
ParLoopset_5           2 1.0 1.3731e-03 2.1 0.00e+00 0.0 0.0e+00 0.0e+00 0.0e+00  0  0  0  0  0   0  0  0  0  0     0
ParLoopIntFacets      16 1.0 2.3386e-01 1.3 2.73e+08 1.0 0.0e+00 0.0e+00 0.0e+00  0  0  0  0  0  28 44  0  0  0 46232
ParLoopset_14          2 1.0 1.2994e-04 1.6 0.00e+00 0.0 0.0e+00 0.0e+00 0.0e+00  0  0  0  0  0   0  0  0  0  0     0
ParLoopset_13          2 1.0 1.4901e-04 3.8 0.00e+00 0.0 0.0e+00 0.0e+00 0.0e+00  0  0  0  0  0   0  0  0  0  0     0

--- Event Stage 2: Warm up: Linear solve

BuildTwoSided         12 1.0 8.4221e-03 3.6 0.00e+00 0.0 1.2e+03 4.0e+00 0.0e+00  0  0  0  0  0   0  0  1  0  0     0
BuildTwoSidedF       100 1.0 9.5014e-02 2.0 0.00e+00 0.0 5.5e+03 1.5e+03 0.0e+00  0  0  0  0  0   3  0  3  9  0     0
SFSetGraph            14 1.0 2.2364e-04 1.3 0.00e+00 0.0 0.0e+00 0.0e+00 0.0e+00  0  0  0  0  0   0  0  0  0  0     0
SFSetUp               12 1.0 9.0210e-03 3.0 0.00e+00 0.0 3.6e+03 2.7e+02 0.0e+00  0  0  0  0  0   0  0  2  1  0     0
SFBcastBegin          78 1.0 1.5581e-03 1.7 0.00e+00 0.0 1.7e+04 5.8e+02 0.0e+00  0  0  0  0  0   0  0  8 10  0     0
SFBcastEnd            78 1.0 2.2622e-0211.2 0.00e+00 0.0 0.0e+00 0.0e+00 0.0e+00  0  0  0  0  0   0  0  0  0  0     0
SFReduceBegin         16 1.0 4.9210e-04 1.8 0.00e+00 0.0 3.6e+03 1.2e+03 0.0e+00  0  0  0  0  0   0  0  2  4  0     0
SFReduceEnd           16 1.0 6.3237e-02 3.4 0.00e+00 0.0 0.0e+00 0.0e+00 0.0e+00  0  0  0  0  0   1  0  0  0  0     0
VecMDot              200 1.0 3.9367e-02 1.7 1.03e+07 1.0 0.0e+00 0.0e+00 2.0e+02  0  0  0  0  1   1  1  0  0 14 10331
VecTDot               20 1.0 1.5529e-02 5.3 7.95e+05 1.0 0.0e+00 0.0e+00 2.0e+01  0  0  0  0  0   0  0  0  0  1  2026
VecNorm              232 1.0 5.6302e-02 2.0 2.54e+06 1.0 0.0e+00 0.0e+00 2.3e+02  0  0  0  0  1   2  0  0  0 16  1780
VecScale             220 1.0 1.0028e-03 1.3 1.03e+06 1.0 0.0e+00 0.0e+00 0.0e+00  0  0  0  0  0   0  0  0  0  0 40561
VecCopy               96 1.0 3.0351e-03 1.4 0.00e+00 0.0 0.0e+00 0.0e+00 0.0e+00  0  0  0  0  0   0  0  0  0  0     0
VecSet               832 1.0 6.5563e-03 1.3 0.00e+00 0.0 0.0e+00 0.0e+00 0.0e+00  0  0  0  0  0   0  0  0  0  0     0
VecAXPY               42 1.0 2.1145e-03 1.3 1.11e+06 1.0 0.0e+00 0.0e+00 0.0e+00  0  0  0  0  0   0  0  0  0  0 20854
VecAYPX              488 1.0 8.2684e-03 1.2 3.13e+06 1.0 0.0e+00 0.0e+00 0.0e+00  0  0  0  0  0   0  0  0  0  0 14938
VecAXPBYCZ           240 1.0 5.6968e-03 1.2 5.62e+06 1.0 0.0e+00 0.0e+00 0.0e+00  0  0  0  0  0   0  1  0  0  0 38945
VecMAXPY             220 1.0 1.2379e-02 1.2 1.22e+07 1.0 0.0e+00 0.0e+00 0.0e+00  0  0  0  0  0   0  1  0  0  0 38830
VecAssemblyBegin      32 1.0 4.4992e-03 1.9 0.00e+00 0.0 0.0e+00 0.0e+00 0.0e+00  0  0  0  0  0   0  0  0  0  0     0
VecAssemblyEnd        32 1.0 6.1750e-05 1.3 0.00e+00 0.0 0.0e+00 0.0e+00 0.0e+00  0  0  0  0  0   0  0  0  0  0     0
VecPointwiseMult     110 1.0 3.4816e-03 1.2 5.15e+05 1.0 0.0e+00 0.0e+00 0.0e+00  0  0  0  0  0   0  0  0  0  0  5841
VecScatterBegin      762 1.0 8.9207e-03 1.6 0.00e+00 0.0 1.4e+05 4.1e+02 0.0e+00  0  0  1  1  0   0  0 67 60  0     0
VecScatterEnd        762 1.0 8.5813e-02 1.7 0.00e+00 0.0 0.0e+00 0.0e+00 0.0e+00  0  0  0  0  0   2  0  0  0  0     0
VecSetRandom          10 1.0 3.0935e-03 1.0 0.00e+00 0.0 0.0e+00 0.0e+00 0.0e+00  0  0  0  0  0   0  0  0  0  0     0
VecNormalize         220 1.0 3.6222e-02 1.8 3.09e+06 1.0 0.0e+00 0.0e+00 2.2e+02  0  0  0  0  1   1  0  0  0 15  3369
MatMult              570 1.0 1.5028e-01 1.4 3.28e+07 1.0 1.1e+05 4.2e+02 0.0e+00  0  0  1  0  0   5  4 54 50  0  8538
MatMultAdd            60 1.0 1.7518e-02 2.5 1.52e+06 1.0 9.0e+03 1.7e+02 0.0e+00  0  0  0  0  0   0  0  4  2  0  3416
MatMultTranspose      60 1.0 2.6956e-02 4.6 1.52e+06 1.0 9.0e+03 1.7e+02 0.0e+00  0  0  0  0  0   0  0  4  2  0  2220
MatSolve             482 1.3 6.3917e-02 1.2 2.51e+07 1.0 0.0e+00 0.0e+00 0.0e+00  0  0  0  0  0   2  3  0  0  0 15430
MatLUFactorSym         2 1.0 2.7895e-05 1.9 0.00e+00 0.0 0.0e+00 0.0e+00 0.0e+00  0  0  0  0  0   0  0  0  0  0     0
MatLUFactorNum        12 1.0 7.5138e-03 1.3 1.15e+06 1.1 0.0e+00 0.0e+00 0.0e+00  0  0  0  0  0   0  0  0  0  0  5861
MatILUFactorSym       10 1.0 5.2571e-03 1.3 0.00e+00 0.0 0.0e+00 0.0e+00 0.0e+00  0  0  0  0  0   0  0  0  0  0     0
MatConvert            10 1.0 7.1790e-03 1.5 0.00e+00 0.0 0.0e+00 0.0e+00 0.0e+00  0  0  0  0  0   0  0  0  0  0     0
MatScale              30 1.0 9.2087e-03 3.6 8.55e+05 1.0 2.0e+03 4.2e+02 0.0e+00  0  0  0  0  0   0  0  1  1  0  3635
MatResidual           60 1.0 3.3381e-02 4.0 3.60e+06 1.0 1.2e+04 4.2e+02 0.0e+00  0  0  0  0  0   1  0  6  5  0  4223
MatAssemblyBegin     210 1.0 9.3839e-02 2.0 0.00e+00 0.0 5.5e+03 1.5e+03 0.0e+00  0  0  0  0  0   3  0  3  9  0     0
MatAssemblyEnd       210 1.0 9.8968e-02 1.5 0.00e+00 0.0 1.8e+04 7.9e+01 4.2e+02  0  0  0  0  2   3  0  9  1 28     0
MatGetRow         140520 1.0 2.8779e-02 1.3 0.00e+00 0.0 0.0e+00 0.0e+00 0.0e+00  0  0  0  0  0   1  0  0  0  0     0
MatGetRowIJ           12 1.5 1.2636e-05 0.0 0.00e+00 0.0 0.0e+00 0.0e+00 0.0e+00  0  0  0  0  0   0  0  0  0  0     0
MatCreateSubMat        8 1.0 6.6819e-03 1.0 0.00e+00 0.0 6.3e+02 1.5e+02 1.3e+02  0  0  0  0  1   0  0  0  0  9     0
MatGetOrdering        12 1.5 7.3981e-04 1.3 0.00e+00 0.0 0.0e+00 0.0e+00 0.0e+00  0  0  0  0  0   0  0  0  0  0     0
MatCoarsen            10 1.0 1.2378e-02 1.1 0.00e+00 0.0 1.3e+04 2.7e+02 3.0e+01  0  0  0  0  0   0  0  6  4  2     0
MatZeroEntries        12 1.0 8.8191e-04 1.5 0.00e+00 0.0 0.0e+00 0.0e+00 0.0e+00  0  0  0  0  0   0  0  0  0  0     0
MatAXPY               10 1.0 2.7845e-02 1.1 0.00e+00 0.0 0.0e+00 0.0e+00 0.0e+00  0  0  0  0  0   1  0  0  0  0     0
MatMatMult            10 1.0 4.4957e-02 1.0 6.01e+05 1.0 1.2e+04 2.2e+02 1.2e+02  0  0  0  0  1   2  0  6  3  8   523
MatMatMultSym         10 1.0 3.6225e-02 1.0 0.00e+00 0.0 9.8e+03 1.8e+02 1.2e+02  0  0  0  0  1   1  0  5  2  8     0
MatMatMultNum         10 1.0 8.7922e-03 1.1 6.01e+05 1.0 2.0e+03 4.2e+02 0.0e+00  0  0  0  0  0   0  0  1  1  0  2672
MatPtAP               10 1.0 1.0356e-01 1.0 4.06e+06 1.1 2.1e+04 6.3e+02 1.5e+02  0  0  0  0  1   4  0 10 14 10  1505
MatPtAPSymbolic       10 1.0 7.1672e-02 1.1 0.00e+00 0.0 1.2e+04 6.0e+02 7.0e+01  0  0  0  0  0   3  0  6  7  5     0
MatPtAPNumeric        10 1.0 3.5086e-02 1.1 4.06e+06 1.1 8.8e+03 6.8e+02 8.0e+01  0  0  0  0  0   1  0  4  6  5  4441
MatTrnMatMult          2 1.0 1.2761e-01 1.0 2.00e+06 1.0 2.7e+03 1.4e+03 3.2e+01  0  0  0  0  0   5  0  1  4  2   620
MatTrnMatMultSym       2 1.0 9.6367e-02 1.1 0.00e+00 0.0 2.3e+03 7.6e+02 3.2e+01  0  0  0  0  0   3  0  1  2  2     0
MatTrnMatMultNum       2 1.0 4.0732e-02 1.3 2.00e+06 1.0 4.6e+02 4.5e+03 0.0e+00  0  0  0  0  0   2  0  0  2  0  1943
MatGetLocalMat        34 1.0 1.5381e-02 1.2 0.00e+00 0.0 0.0e+00 0.0e+00 0.0e+00  0  0  0  0  0   1  0  0  0  0     0
MatGetBrAoCol         30 1.0 1.2562e-02 3.0 0.00e+00 0.0 1.4e+04 5.6e+02 0.0e+00  0  0  0  0  0   0  0  7  8  0     0
PCGAMGGraph_AGG       10 1.0 1.3169e-01 1.0 6.01e+05 1.0 5.9e+03 2.1e+02 1.2e+02  0  0  0  0  1   5  0  3  1  8   178
PCGAMGCoarse_AGG      10 1.0 1.6256e-01 1.0 2.00e+06 1.0 1.8e+04 5.8e+02 7.0e+01  0  0  0  0  0   6  0  9 11  5   487
PCGAMGProl_AGG        10 1.0 3.8154e-02 1.0 0.00e+00 0.0 7.7e+03 3.6e+02 1.6e+02  0  0  0  0  1   1  0  4  3 11     0
PCGAMGPOpt_AGG        10 1.0 1.3397e-01 1.0 1.98e+07 1.0 3.2e+04 3.4e+02 4.1e+02  0  0  0  0  2   5  2 15 11 28  5813
GAMG: createProl      10 1.0 4.6623e-01 1.0 2.24e+07 1.0 6.4e+04 4.0e+02 7.6e+02  0  0  0  0  4  18  2 30 27 52  1890
  Graph               20 1.0 1.3122e-01 1.0 6.01e+05 1.0 5.9e+03 2.1e+02 1.2e+02  0  0  0  0  1   5  0  3  1  8   179
  MIS/Agg             10 1.0 1.2528e-02 1.1 0.00e+00 0.0 1.3e+04 2.7e+02 3.0e+01  0  0  0  0  0   0  0  6  4  2     0
  SA: col data        10 1.0 9.6948e-03 1.1 0.00e+00 0.0 4.0e+03 6.0e+02 4.0e+01  0  0  0  0  0   0  0  2  3  3     0
  SA: frmProl0        10 1.0 2.5666e-02 1.0 0.00e+00 0.0 3.8e+03 1.1e+02 8.0e+01  0  0  0  0  0   1  0  2  0  5     0
  SA: smooth          10 1.0 7.7024e-02 1.0 8.55e+05 1.0 1.2e+04 2.2e+02 1.4e+02  0  0  0  0  1   3  0  6  3 10   435
GAMG: partLevel       10 1.0 1.1314e-01 1.0 4.06e+06 1.1 2.1e+04 6.1e+02 3.6e+02  0  0  0  0  2   4  0 10 14 24  1377
  repartition          6 1.0 6.3181e-04 1.1 0.00e+00 0.0 0.0e+00 0.0e+00 2.4e+01  0  0  0  0  0   0  0  0  0  2     0
  Invert-Sort          4 1.0 9.5296e-04 1.3 0.00e+00 0.0 0.0e+00 0.0e+00 1.6e+01  0  0  0  0  0   0  0  0  0  1     0
  Move A               4 1.0 3.8521e-03 1.1 0.00e+00 0.0 3.9e+02 2.3e+02 6.8e+01  0  0  0  0  0   0  0  0  0  5     0
  Move P               4 1.0 3.6740e-03 1.1 0.00e+00 0.0 2.4e+02 2.1e+01 6.8e+01  0  0  0  0  0   0  0  0  0  5     0
PCSetUp               16 1.0 1.6931e+00 1.1 2.04e+08 1.0 8.8e+04 4.8e+02 1.2e+03  1  0  0  0  7  63 23 42 44 82  4808
PCSetUpOnBlocks      142 1.0 1.4237e-02 1.2 1.15e+06 1.1 0.0e+00 0.0e+00 0.0e+00  0  0  0  0  0   1  0  0  0  0  3093
PCApply                2 1.0 1.4622e+00 1.1 5.68e+08 1.0 2.0e+05 4.4e+02 1.4e+03  1  0  1  1  8  56 64 97 94 97 15490
KSPGMRESOrthog       200 1.0 4.8784e-02 1.5 2.06e+07 1.0 0.0e+00 0.0e+00 2.0e+02  0  0  0  0  1   2  2  0  0 14 16674
KSPSetUp              50 1.0 2.9489e-02 4.3 0.00e+00 0.0 0.0e+00 0.0e+00 2.4e+01  0  0  0  0  0   1  0  0  0  2     0
KSPSolve               2 1.0 2.4731e+00 1.0 7.45e+08 1.0 2.1e+05 4.5e+02 1.5e+03  1  0  1  1  9  96 84 99 97100 12012
SNESSolve              2 1.0 2.5677e+00 1.0 8.88e+08 1.0 2.1e+05 4.5e+02 1.5e+03  1  0  1  1  9 100100100100100 13795
SNESFunctionEval       2 1.0 1.0393e-01 1.1 1.43e+08 1.0 2.7e+03 8.9e+02 0.0e+00  0  0  0  0  0   4 16  1  3  0 54928
SNESJacobianEval       2 1.0 7.4410e-04 1.4 0.00e+00 0.0 0.0e+00 0.0e+00 0.0e+00  0  0  0  0  0   0  0  0  0  0     0
CreateFunctionSpace      24 1.0 3.8130e-02 1.9 0.00e+00 0.0 0.0e+00 0.0e+00 0.0e+00  0  0  0  0  0   1  0  0  0  0     0
ParLoopExecute        36 1.0 6.4846e-01 1.0 7.81e+08 1.0 1.0e+04 1.1e+03 8.0e+00  0  0  0  0  0  25 88  5 12  1 48156
ParLoopCells          36 1.0 5.0027e-01 1.1 7.81e+08 1.0 0.0e+00 0.0e+00 0.0e+00  0  0  0  0  0  19 88  0  0  0 62421
ParLoopRednBegin      36 1.0 6.4850e-04 1.2 0.00e+00 0.0 0.0e+00 0.0e+00 0.0e+00  0  0  0  0  0   0  0  0  0  0     0
ParLoopRednEnd        36 1.0 1.7262e-04 1.3 0.00e+00 0.0 0.0e+00 0.0e+00 0.0e+00  0  0  0  0  0   0  0  0  0  0     0
CreateSparsity         2 1.0 1.5980e-01 1.4 0.00e+00 0.0 3.4e+02 2.2e+03 8.0e+00  0  0  0  0  0   5  0  0  1  1     0
MatZeroInitial         2 1.0 2.6911e-02 1.1 0.00e+00 0.0 0.0e+00 0.0e+00 0.0e+00  0  0  0  0  0   1  0  0  0  0     0
ParLoopset_6           6 1.0 3.7503e-04 1.5 0.00e+00 0.0 0.0e+00 0.0e+00 0.0e+00  0  0  0  0  0   0  0  0  0  0     0
ParLoopset_5           8 1.0 3.8362e-04 1.3 0.00e+00 0.0 0.0e+00 0.0e+00 0.0e+00  0  0  0  0  0   0  0  0  0  0     0
HybridInit             2 1.0 1.0908e+00 1.1 1.76e+08 1.0 2.8e+03 1.1e+03 3.6e+01  1  0  0  0  0  40 20  1  3  2  6471
HybridBreak            2 1.0 1.0492e-0111.4 0.00e+00 0.0 0.0e+00 0.0e+00 4.0e+00  0  0  0  0  0   3  0  0  0  0     0
HybridRHS              2 1.0 1.9511e-01 1.1 1.76e+08 1.0 4.3e+03 1.1e+03 8.0e+00  0  0  0  0  0   7 20  2  5  1 36180
ParLoopset_7           4 1.0 1.7622e-03 1.2 0.00e+00 0.0 0.0e+00 0.0e+00 0.0e+00  0  0  0  0  0   0  0  0  0  0     0
HybridSolve            2 1.0 9.4783e-01 1.0 1.07e+08 1.0 2.0e+05 4.1e+02 1.4e+03  0  0  1  1  8  37 12 94 86 96  4420
HybridRecon            2 1.0 2.1256e-01 1.1 2.85e+08 1.0 1.8e+03 9.8e+02 0.0e+00  0  0  0  0  0   8 32  1  2  0 53638
HybridReconScalarField       2 1.0 1.2325e-01 1.1 1.76e+08 1.0 9.1e+02 8.9e+02 0.0e+00  0  0  0  0  0   5 20  0  1  0 57275
HybridReconFluxField       2 1.0 9.5324e-02 1.2 1.09e+08 1.0 9.1e+02 1.1e+03 0.0e+00  0  0  0  0  0   3 12  0  1  0 45552
HybridRecover          2 1.0 2.9563e-02 2.0 0.00e+00 0.0 9.1e+02 1.4e+03 4.0e+00  0  0  0  0  0   1  0  0  1  0     0
ParLoopset_14          6 1.0 2.9564e-04 1.3 0.00e+00 0.0 0.0e+00 0.0e+00 0.0e+00  0  0  0  0  0   0  0  0  0  0     0
ParLoopset_13          8 1.0 3.8695e-04 1.4 0.00e+00 0.0 0.0e+00 0.0e+00 0.0e+00  0  0  0  0  0   0  0  0  0  0     0
ParLoopset_15          4 1.0 2.9302e-04 1.7 0.00e+00 0.0 0.0e+00 0.0e+00 0.0e+00  0  0  0  0  0   0  0  0  0  0     0

--- Event Stage 3: Warm up

ParLoopExecute         2 1.0 1.0700e-03 2.7 0.00e+00 0.0 0.0e+00 0.0e+00 0.0e+00  0  0  0  0  0  29  0  0  0  0     0
ParLoopRednBegin       2 1.0 4.5061e-05 2.1 0.00e+00 0.0 0.0e+00 0.0e+00 0.0e+00  0  0  0  0  0   1  0  0  0  0     0
ParLoopRednEnd         2 1.0 1.0014e-05 2.1 0.00e+00 0.0 0.0e+00 0.0e+00 0.0e+00  0  0  0  0  0   0  0  0  0  0     0
ParLoopset_14          2 1.0 5.4073e-04 5.5 0.00e+00 0.0 0.0e+00 0.0e+00 0.0e+00  0  0  0  0  0   8  0  0  0  0     0
ParLoopset_13          2 1.0 1.9002e-04 4.2 0.00e+00 0.0 0.0e+00 0.0e+00 0.0e+00  0  0  0  0  0   4  0  0  0  0     0

--- Event Stage 4: DU Residuals

SFBcastBegin        1800 1.0 8.0130e-02 2.4 0.00e+00 0.0 4.1e+05 8.9e+02 0.0e+00  0  0  2  3  0   0  0 26 19  0     0
SFBcastEnd          1800 1.0 3.3339e-01 3.3 0.00e+00 0.0 0.0e+00 0.0e+00 0.0e+00  0  0  0  0  0   0  0  0  0  0     0
SFReduceBegin       1600 1.0 3.9176e-02 1.6 0.00e+00 0.0 3.6e+05 8.9e+02 0.0e+00  0  0  2  3  0   0  0 23 17  0     0
SFReduceEnd         1600 1.0 3.1867e+00 1.8 0.00e+00 0.0 0.0e+00 0.0e+00 0.0e+00  1  0  0  0  0   6  0  0  0  0     0
VecMDot             3205 1.0 3.9687e+00 1.4 5.74e+08 1.0 0.0e+00 0.0e+00 3.2e+03  2  0  0  0 19   8  1  0  0 38  5725
VecTDot              800 1.0 1.9350e-01 1.2 2.10e+07 1.0 0.0e+00 0.0e+00 8.0e+02  0  0  0  0  5   0  0  0  0 10  4335
VecNorm             4405 1.0 4.8568e+00 1.4 1.64e+08 1.0 0.0e+00 0.0e+00 4.4e+03  2  0  0  0 26  10  0  0  0 52  1340
VecScale            3605 1.0 6.2407e-02 1.1 7.17e+07 1.0 0.0e+00 0.0e+00 0.0e+00  0  0  0  0  0   0  0  0  0  0 45429
VecCopy             3600 1.0 1.7668e-01 1.1 0.00e+00 0.0 0.0e+00 0.0e+00 0.0e+00  0  0  0  0  0   0  0  0  0  0     0
VecSet              5605 1.0 3.5812e-01 1.7 0.00e+00 0.0 0.0e+00 0.0e+00 0.0e+00  0  0  0  0  0   1  0  0  0  0     0
VecAXPY             2000 1.0 9.9944e-02 1.2 6.33e+07 1.0 0.0e+00 0.0e+00 0.0e+00  0  0  0  0  0   0  0  0  0  0 25180
VecMAXPY            3605 1.0 6.4314e-01 1.1 7.02e+08 1.0 0.0e+00 0.0e+00 0.0e+00  0  0  0  0  0   1  1  0  0  0 43165
VecScatterBegin     3605 1.0 1.0193e-01 1.7 0.00e+00 0.0 8.2e+05 1.5e+03 0.0e+00  0  0  4 11  0   0  0 51 63  0     0
VecScatterEnd       3605 1.0 6.7566e-01 2.8 0.00e+00 0.0 0.0e+00 0.0e+00 0.0e+00  0  0  0  0  0   1  0  0  0  0     0
VecNormalize        3605 1.0 3.5951e+00 1.4 2.15e+08 1.0 0.0e+00 0.0e+00 3.6e+03  2  0  0  0 21   7  0  0  0 43  2366
MatMult             3605 1.0 5.3403e+00 1.1 1.63e+09 1.0 8.2e+05 1.5e+03 0.0e+00  3  1  4 11  0  12  3 51 63  0 12074
MatSolve            4405 1.0 4.7036e+00 1.1 1.84e+09 1.0 0.0e+00 0.0e+00 0.0e+00  2  1  0  0  0  11  3  0  0  0 15462
PCSetUpOnBlocks      800 1.0 2.1679e-03 2.0 0.00e+00 0.0 0.0e+00 0.0e+00 0.0e+00  0  0  0  0  0   0  0  0  0  0     0
PCApply             4405 1.0 5.0428e+00 1.1 1.84e+09 1.0 0.0e+00 0.0e+00 0.0e+00  3  1  0  0  0  12  3  0  0  0 14422
KSPGMRESOrthog      3205 1.0 4.4407e+00 1.3 1.15e+09 1.0 0.0e+00 0.0e+00 3.2e+03  2  1  0  0 19   9  2  0  0 38 10233
KSPSetUp             800 1.0 4.7374e-04 1.6 0.00e+00 0.0 0.0e+00 0.0e+00 0.0e+00  0  0  0  0  0   0  0  0  0  0     0
KSPSolve             800 1.0 1.9065e+01 1.1 5.03e+09 1.0 8.2e+05 1.5e+03 8.4e+03 10  2  4 11 49  44  8 51 63100 10456
SNESSolve            800 1.0 4.1332e+01 1.0 6.10e+10 1.0 1.6e+06 1.2e+03 8.4e+03 22 27  7 17 49  99100100100100 58688
SNESFunctionEval     800 1.0 2.3464e+01 1.1 5.59e+10 1.0 7.8e+05 8.9e+02 0.0e+00 12 25  4  6  0  55 92 49 37  0 94839
SNESJacobianEval     800 1.0 2.9863e-02 1.4 0.00e+00 0.0 0.0e+00 0.0e+00 0.0e+00  0  0  0  0  0   0  0  0  0  0     0
ParLoopExecute      2400 1.0 2.3296e+01 1.1 5.59e+10 1.0 7.8e+05 8.9e+02 0.0e+00 12 25  4  6  0  55 92 49 37  0 95523
ParLoopCells        1600 1.0 1.0586e+01 1.0 3.16e+10 1.0 0.0e+00 0.0e+00 0.0e+00  6 14  0  0  0  25 52  0  0  0 119523
ParLoopRednBegin    2400 1.0 2.8837e-02 4.4 0.00e+00 0.0 0.0e+00 0.0e+00 0.0e+00  0  0  0  0  0   0  0  0  0  0     0
ParLoopRednEnd      2400 1.0 1.0725e-02 1.1 0.00e+00 0.0 0.0e+00 0.0e+00 0.0e+00  0  0  0  0  0   0  0  0  0  0     0
ParLoopIntFacets    1600 1.0 9.2762e+00 1.0 2.43e+10 1.0 0.0e+00 0.0e+00 0.0e+00  5 11  0  0  0  22 40  0  0  0 103498
ParLoopset_14        800 1.0 4.1750e-02 1.2 0.00e+00 0.0 0.0e+00 0.0e+00 0.0e+00  0  0  0  0  0   0  0  0  0  0     0
ParLoopset_13        800 1.0 2.6798e-02 1.3 0.00e+00 0.0 0.0e+00 0.0e+00 0.0e+00  0  0  0  0  0   0  0  0  0  0     0

--- Event Stage 5: Linear solve

SFBcastBegin        4000 1.0 1.3585e-01 1.9 0.00e+00 0.0 9.1e+05 1.0e+03 0.0e+00  0  0  4  8  0   0  0  5 11  0     0
SFBcastEnd          4000 1.0 2.9729e+00 1.8 0.00e+00 0.0 0.0e+00 0.0e+00 0.0e+00  1  0  0  0  0   2  0  0  0  0     0
SFReduceBegin       2800 1.0 9.3240e-02 2.2 0.00e+00 0.0 6.4e+05 1.1e+03 0.0e+00  0  0  3  6  0   0  0  3  9  0     0
SFReduceEnd         2800 1.0 7.8996e+00 1.5 0.00e+00 0.0 0.0e+00 0.0e+00 0.0e+00  4  0  0  0  0   6  0  0  0  0     0
VecTDot             4000 1.0 1.0238e+00 1.6 1.59e+08 1.0 0.0e+00 0.0e+00 4.0e+03  0  0  0  0 23   1  0  0  0 62  6145
VecNorm             2400 1.0 3.5555e+00 2.0 9.54e+07 1.0 0.0e+00 0.0e+00 2.4e+03  1  0  0  0 14   2  0  0  0 38  1062
VecCopy            14800 1.0 3.6561e-01 1.2 0.00e+00 0.0 0.0e+00 0.0e+00 0.0e+00  0  0  0  0  0   0  0  0  0  0     0
VecSet            116000 1.0 9.3852e-01 1.2 0.00e+00 0.0 0.0e+00 0.0e+00 0.0e+00  0  0  0  0  0   1  0  0  0  0     0
VecAXPY             4400 1.0 2.9088e-01 1.2 1.85e+08 1.0 0.0e+00 0.0e+00 0.0e+00  0  0  0  0  0   0  0  0  0  0 25233
VecAYPX            97600 1.0 1.6647e+00 1.1 6.26e+08 1.0 0.0e+00 0.0e+00 0.0e+00  1  0  0  0  0   1  0  0  0  0 14839
VecAXPBYCZ         48000 1.0 1.1606e+00 1.1 1.12e+09 1.0 0.0e+00 0.0e+00 0.0e+00  1  0  0  0  0   1  1  0  0  0 38233
VecScatterBegin   102800 1.0 1.2674e+00 1.6 0.00e+00 0.0 1.8e+07 3.8e+02 0.0e+00  1  0 83 60  0   1  0 92 80  0     0
VecScatterEnd     102800 1.0 1.3116e+01 1.2 0.00e+00 0.0 0.0e+00 0.0e+00 0.0e+00  6  0  0  0  0  11  0  0  0  0     0
MatMult            74000 1.0 2.0511e+01 1.1 4.35e+09 1.0 1.5e+07 4.3e+02 0.0e+00 11  2 66 55  0  18  3 74 73  0  8289
MatMultAdd         12000 1.0 2.7290e+00 1.6 3.05e+08 1.0 1.8e+06 1.7e+02 0.0e+00  1  0  8  3  0   2  0  9  4  0  4386
MatMultTranspose   12000 1.0 3.0641e+00 1.5 3.05e+08 1.0 1.8e+06 1.7e+02 0.0e+00  1  0  8  3  0   2  0  9  4  0  3906
MatSolve           74400 1.3 1.0030e+01 1.1 3.85e+09 1.0 0.0e+00 0.0e+00 0.0e+00  5  2  0  0  0   9  3  0  0  0 15063
MatResidual        12000 1.0 3.7213e+00 1.2 7.21e+08 1.0 2.4e+06 4.2e+02 0.0e+00  2  0 11  9  0   3  1 12 12  0  7577
PCSetUpOnBlocks    26400 1.0 2.6446e-02 1.4 0.00e+00 0.0 0.0e+00 0.0e+00 0.0e+00  0  0  0  0  0   0  0  0  0  0     0
PCApply              400 1.0 9.7767e+01 1.0 1.03e+11 1.0 1.9e+07 4.2e+02 6.4e+03 52 46 87 71 37  89 78 97 94100 42167
KSPSetUp             400 1.0 2.3818e-04 1.5 0.00e+00 0.0 0.0e+00 0.0e+00 0.0e+00  0  0  0  0  0   0  0  0  0  0     0
KSPSolve             400 1.0 9.7803e+01 1.0 1.03e+11 1.0 1.9e+07 4.2e+02 6.4e+03 52 46 87 71 37  89 78 97 94100 42151
SNESSolve            400 1.0 1.1011e+02 1.0 1.32e+11 1.0 2.0e+07 4.3e+02 6.4e+03 58 59 90 75 37 100100100100100 47820
SNESFunctionEval     400 1.0 1.2340e+01 1.1 2.85e+10 1.0 5.5e+05 8.9e+02 0.0e+00  6 13  2  4  0  11 22  3  6  0 92521
SNESJacobianEval     400 1.0 1.6362e-02 1.4 0.00e+00 0.0 0.0e+00 0.0e+00 0.0e+00  0  0  0  0  0   0  0  0  0  0     0
ParLoopExecute      6400 1.0 6.1714e+01 1.1 1.21e+11 1.0 1.6e+06 1.1e+03 0.0e+00 32 54  7 15  0  55 92  8 20  0 78324
ParLoopCells        5600 1.0 5.1149e+01 1.0 1.21e+11 1.0 0.0e+00 0.0e+00 0.0e+00 27 54  0  0  0  46 92  0  0  0 94502
ParLoopRednBegin    6400 1.0 4.5119e-02 1.2 0.00e+00 0.0 0.0e+00 0.0e+00 0.0e+00  0  0  0  0  0   0  0  0  0  0     0
ParLoopRednEnd      6400 1.0 2.4808e-02 1.1 0.00e+00 0.0 0.0e+00 0.0e+00 0.0e+00  0  0  0  0  0   0  0  0  0  0     0
HybridBreak          400 1.0 3.2226e-01 1.2 0.00e+00 0.0 0.0e+00 0.0e+00 0.0e+00  0  0  0  0  0   0  0  0  0  0     0
HybridRHS            400 1.0 1.8871e+01 1.0 3.53e+10 1.0 4.6e+05 1.3e+03 0.0e+00 10 16  2  5  0  17 27  2  7  0 74812
HybridSolve          400 1.0 4.8088e+01 1.0 1.10e+10 1.0 1.8e+07 3.8e+02 6.4e+03 25  5 83 60 37  43  8 92 80100  8952
HybridRecon          400 1.0 2.8871e+01 1.1 5.70e+10 1.0 3.6e+05 9.8e+02 0.0e+00 15 26  2  3  0  25 43  2  4  0 78979
HybridReconScalarField     400 1.0 1.6863e+01 1.1 3.53e+10 1.0 1.8e+05 8.9e+02 0.0e+00  9 16  1  1  0  15 27  1  2  0 83724
HybridReconFluxField     400 1.0 1.2396e+01 1.1 2.17e+10 1.0 1.8e+05 1.1e+03 0.0e+00  6 10  1  2  0  11 16  1  2  0 70058
HybridRecover        400 1.0 4.1878e+00 1.5 0.00e+00 0.0 1.8e+05 1.4e+03 0.0e+00  2  0  1  2  0   3  0  1  3  0     0
ParLoopset_14       2400 1.0 1.0668e-01 1.3 0.00e+00 0.0 0.0e+00 0.0e+00 0.0e+00  0  0  0  0  0   0  0  0  0  0     0
ParLoopset_13       3200 1.0 1.1080e-01 1.1 0.00e+00 0.0 0.0e+00 0.0e+00 0.0e+00  0  0  0  0  0   0  0  0  0  0     0
ParLoopset_15       1600 1.0 7.9107e-02 1.1 0.00e+00 0.0 0.0e+00 0.0e+00 0.0e+00  0  0  0  0  0   0  0  0  0  0     0
------------------------------------------------------------------------------------------------------------------------

Memory usage is given in bytes:

Object Type          Creations   Destructions     Memory  Descendants' Mem.
Reports information only for process 0.

--- Event Stage 0: Main Stage

           Container    16             16         9344     0.
              Viewer     1              0            0     0.
           Index Set   683            745     57983096     0.
   IS L to G Mapping    12             12     13931640     0.
             Section   230            234       166608     0.
   Star Forest Graph   244            250       208608     0.
              Vector    65            402     37591392     0.
         Vec Scatter     9             31       560776     0.
              Matrix    47            191     37305688     0.
      Preconditioner     8             38        39392     0.
       Krylov Solver     8             48       417992     0.
     DMKSP interface     0              6         3984     0.
                SNES     7              7         9632     0.
      SNESLineSearch     7              7         7000     0.
              DMSNES     6              6         4080     0.
    Distributed Mesh    88             90       432720     0.
    GraphPartitioner    24             24        14880     0.
     Discrete System    88             90        83520     0.

--- Event Stage 1: Warm up: DU Residuals

           Index Set    12              0            0     0.
   Star Forest Graph     2              0            0     0.
              Vector    52              0            0     0.
              Matrix     4              0            0     0.
      Preconditioner     4              0            0     0.
       Krylov Solver     4              0            0     0.
     DMKSP interface     4              0            0     0.

--- Event Stage 2: Warm up: Linear solve

         PetscRandom    20             20        13080     0.
           Index Set   200            150       154016     0.
             Section     4              0            0     0.
   Star Forest Graph    16             12        10432     0.
              Vector   654            368     11990384     0.
         Vec Scatter    66             44        56016     0.
              Matrix   304            164     25239648     0.
      Matrix Coarsen    10             10         6440     0.
      Preconditioner    38             12        10304     0.
       Krylov Solver    48             12       304928     0.
     DMKSP interface     2              0            0     0.
    Distributed Mesh     2              0            0     0.
     Discrete System     2              0            0     0.

--- Event Stage 3: Warm up


--- Event Stage 4: DU Residuals

              Vector     0              1       157480     0.

--- Event Stage 5: Linear solve

========================================================================================================================
Average time to get PetscTime(): 0.
Average time for MPI_Barrier(): 0.000230646
Average time for zero size MPI_Send(): 1.89245e-05
#PETSc Option Table entries:
--dt 28.125
--hybridization
--method RT
--model_degree 1
--nsteps 100
--profile
--refinements 8
-log_view
#End of PETSc Option Table entries
Compiled without FORTRAN kernels
Compiled with full precision matrices (default)
sizeof(short) 2 sizeof(int) 4 sizeof(long) 8 sizeof(void*) 8 sizeof(PetscScalar) 8 sizeof(PetscInt) 4
Configure options: --prefix=/home/scratch/tg2115/src/firedrake/lib/python3.5/site-packages/petsc PETSC_ARCH=arch-python-linux-x86_64 --with-shared-libraries=1 --with-debugging=0 --with-c2html=0 --with-cc=mpicc --with-cxx=mpicxx --with-fc=mpif90 --download-eigen=/home/scratch/tg2115/src/firedrake/src/eigen-3.3.3.tgz --with-fortran-bindings=0 --download-chaco --download-metis --download-parmetis --download-scalapack --download-hypre --download-mumps --download-netcdf --download-hdf5 --download-pnetcdf --download-exodusii
-----------------------------------------
Libraries compiled on 2018-04-17 14:37:37 on mpe2 
Machine characteristics: Linux-4.4.0-116-generic-x86_64-with-Ubuntu-16.04-xenial
Using PETSc directory: /home/scratch/tg2115/src/firedrake/lib/python3.5/site-packages/petsc
Using PETSc arch: 
-----------------------------------------

Using C compiler: mpicc  -fPIC  -Wall -Wwrite-strings -Wno-strict-aliasing -Wno-unknown-pragmas -fstack-protector -fvisibility=hidden -g -O  
Using Fortran compiler: mpif90  -fPIC -Wall -ffree-line-length-0 -Wno-unused-dummy-argument -g -O    
-----------------------------------------

Using include paths: -I/home/scratch/tg2115/src/firedrake/lib/python3.5/site-packages/petsc/include -I/home/scratch/tg2115/src/firedrake/lib/python3.5/site-packages/petsc//include -I/home/scratch/tg2115/src/firedrake/lib/python3.5/site-packages/petsc/include -I/home/scratch/tg2115/src/firedrake/lib/python3.5/site-packages/petsc/include/eigen3
-----------------------------------------

Using C linker: mpicc
Using Fortran linker: mpif90
Using libraries: -Wl,-rpath,/home/scratch/tg2115/src/firedrake/lib/python3.5/site-packages/petsc/lib -L/home/scratch/tg2115/src/firedrake/lib/python3.5/site-packages/petsc/lib -lpetsc -Wl,-rpath,/home/scratch/tg2115/src/firedrake/lib/python3.5/site-packages/petsc/lib -L/home/scratch/tg2115/src/firedrake/lib/python3.5/site-packages/petsc/lib -Wl,-rpath,/usr/lib/openmpi/lib -L/usr/lib/openmpi/lib -Wl,-rpath,/usr/lib/gcc/x86_64-linux-gnu/5 -L/usr/lib/gcc/x86_64-linux-gnu/5 -Wl,-rpath,/usr/lib/x86_64-linux-gnu -L/usr/lib/x86_64-linux-gnu -Wl,-rpath,/lib/x86_64-linux-gnu -L/lib/x86_64-linux-gnu -lcmumps -ldmumps -lsmumps -lzmumps -lmumps_common -lpord -lscalapack -lHYPRE -llapack -lblas -lexodus -lnetcdf -lpnetcdf -lchaco -lhdf5hl_fortran -lhdf5_fortran -lhdf5_hl -lhdf5 -lparmetis -lmetis -lm -lX11 -lstdc++ -ldl -lmpi_usempif08 -lmpi_usempi_ignore_tkr -lmpi_mpifh -lmpi -lgfortran -lm -lgfortran -lm -lgcc_s -lquadmath -lpthread -lstdc++ -ldl
-----------------------------------------

