
Running cold initialization for the problem set:

method: BDM,

model degree: 2,

hybridization: True,



Dt = 28.125,

Courant number (approximate): 0.22135149895683526,

Dx (min): 28.396066451806234 km,

Dx (max): 33.052439495552996 km.

Warm up with one-step.

Warm up done. Profiling run for 100 steps.


Running Williamson 5 test with parameters:

method: BDM,

model degree: 2,

refinements: 8,

hybridization: True,

tmax: 2812.5

Simulation complete.

************************************************************************************************************************
***             WIDEN YOUR WINDOW TO 120 CHARACTERS.  Use 'enscript -r -fCourier9' to print this document            ***
************************************************************************************************************************

---------------------------------------------- PETSc Performance Summary: ----------------------------------------------

swe_williamson5.py on a  named mpe2 with 40 processors, by tg2115 Sat May 12 19:08:28 2018
Using Petsc Development GIT revision: v3.4.2-20859-g7bfdb64  GIT Date: 2018-04-03 16:04:52 -0500

                         Max       Max/Min        Avg      Total 
Time (sec):           9.424e+02      1.00000   9.424e+02
Objects:              3.061e+03      1.16966   2.641e+03
Flop:                 8.318e+11      1.00628   8.293e+11  3.317e+13
Flop/sec:            8.826e+08      1.00628   8.800e+08  3.520e+10
MPI Messages:         7.817e+05      1.99140   5.728e+05  2.291e+07
MPI Message Lengths:  1.031e+09      1.53604   1.500e+03  3.437e+10
MPI Reductions:       2.347e+04      1.00000

Flop counting convention: 1 flop = 1 real number operation of type (multiply/divide/add/subtract)
                            e.g., VecAXPY() for real vectors of length N --> 2N flop
                            and VecAXPY() for complex vectors of length N --> 8N flop

Summary of Stages:   ----- Time ------  ----- Flop -----  --- Messages ---  -- Message Lengths --  -- Reductions --
                        Avg     %Total     Avg     %Total   counts   %Total     Avg         %Total   counts   %Total 
 0:      Main Stage: 5.5484e+01   5.9%  2.7873e+12   8.4%  4.483e+05   2.0%  8.719e+01        5.8%  8.000e+02   3.4% 
 1: Warm up: DU Residuals: 3.7762e+00   0.4%  1.2868e+11   0.4%  1.357e+04   0.1%  3.220e+00        0.2%  7.600e+01   0.3% 
 2: Warm up: Linear solve: 7.3068e+00   0.8%  1.1871e+11   0.4%  2.117e+05   0.9%  1.093e+01        0.7%  1.488e+03   6.3% 
 3:         Warm up: 2.8048e-03   0.0%  0.0000e+00   0.0%  0.000e+00   0.0%  0.000e+00        0.0%  0.000e+00   0.0% 
 4:    DU Residuals: 4.2298e+02  44.9%  1.2917e+13  38.9%  2.314e+06  10.1%  5.758e+02       38.4%  1.470e+04  62.6% 
 5:    Linear solve: 4.5288e+02  48.1%  1.7221e+13  51.9%  1.992e+07  87.0%  8.231e+02       54.9%  6.400e+03  27.3% 

------------------------------------------------------------------------------------------------------------------------
See the 'Profiling' chapter of the users' manual for details on interpreting output.
Phase summary info:
   Count: number of times phase was executed
   Time and Flop: Max - maximum over all processors
                   Ratio - ratio of maximum to minimum over all processors
   Mess: number of messages sent
   Avg. len: average message length (bytes)
   Reduct: number of global reductions
   Global: entire computation
   Stage: stages of a computation. Set stages with PetscLogStagePush() and PetscLogStagePop().
      %T - percent time in this phase         %F - percent flop in this phase
      %M - percent messages in this phase     %L - percent message lengths in this phase
      %R - percent reductions in this phase
   Total Mflop/s: 10e-6 * (sum of flop over all processors)/(max time over all processors)
------------------------------------------------------------------------------------------------------------------------
Event                Count      Time (sec)     Flop                             --- Global ---  --- Stage ---   Total
                   Max Ratio  Max     Ratio   Max  Ratio  Mess   Avg len Reduct  %T %F %M %L %R  %T %F %M %L %R Mflop/s
------------------------------------------------------------------------------------------------------------------------

--- Event Stage 0: Main Stage

PetscBarrier          16 1.0 1.9607e+00 1.0 0.00e+00 0.0 0.0e+00 0.0e+00 4.8e+01  0  0  0  0  0   3  0  0  0  6     0
BuildTwoSided         70 1.0 2.4394e+0091.9 0.00e+00 0.0 1.0e+04 4.0e+00 0.0e+00  0  0  0  0  0   4  0  2  0  0     0
BuildTwoSidedF        12 1.0 1.9469e+0012.1 0.00e+00 0.0 2.6e+03 6.2e+04 0.0e+00  0  0  0  0  0   1  0  1  8  0     0
SFSetGraph            76 1.0 4.6961e-03 1.2 0.00e+00 0.0 0.0e+00 0.0e+00 0.0e+00  0  0  0  0  0   0  0  0  0  0     0
SFSetUp               70 1.0 2.5211e+0021.8 0.00e+00 0.0 3.1e+04 3.9e+03 0.0e+00  0  0  0  0  0   4  0  7  6  0     0
SFBcastBegin         963 1.0 3.3270e-01 8.5 0.00e+00 0.0 2.2e+05 4.3e+03 0.0e+00  0  0  1  3  0   0  0 50 48  0     0
SFBcastEnd           963 1.0 2.2199e+00 3.0 0.00e+00 0.0 0.0e+00 0.0e+00 0.0e+00  0  0  0  0  0   2  0  0  0  0     0
SFReduceBegin        809 1.0 2.7997e-02 1.5 0.00e+00 0.0 1.8e+05 3.6e+03 0.0e+00  0  0  1  2  0   0  0 41 33  0     0
SFReduceEnd          809 1.0 1.5664e+00 4.5 0.00e+00 0.0 0.0e+00 0.0e+00 0.0e+00  0  0  0  0  0   2  0  0  0  0     0
SFFetchOpBegin         2 1.0 6.6996e-05 6.9 0.00e+00 0.0 2.3e+02 5.4e+02 0.0e+00  0  0  0  0  0   0  0  0  0  0     0
SFFetchOpEnd           2 1.0 2.4915e-04 4.6 0.00e+00 0.0 2.3e+02 5.4e+02 0.0e+00  0  0  0  0  0   0  0  0  0  0     0
VecTDot               38 1.0 2.1281e-02 1.1 7.52e+06 1.0 0.0e+00 0.0e+00 3.8e+01  0  0  0  0  0   0  0  0  0  5 14043
VecNorm              420 1.0 9.3245e-01 2.9 1.15e+08 1.0 0.0e+00 0.0e+00 4.2e+02  0  0  0  0  2   1  0  0  0 52  4892
VecCopy                6 1.0 3.9430e-03 1.3 0.00e+00 0.0 0.0e+00 0.0e+00 0.0e+00  0  0  0  0  0   0  0  0  0  0     0
VecSet                48 1.0 1.2332e-02 3.5 0.00e+00 0.0 0.0e+00 0.0e+00 0.0e+00  0  0  0  0  0   0  0  0  0  0     0
VecAXPY               39 1.0 2.8240e-02 1.1 7.72e+06 1.0 0.0e+00 0.0e+00 0.0e+00  0  0  0  0  0   0  0  0  0  0 10861
VecAYPX               18 1.0 9.5212e-03 1.1 3.56e+06 1.0 0.0e+00 0.0e+00 0.0e+00  0  0  0  0  0   0  0  0  0  0 14868
VecScatterBegin       23 1.0 3.6497e-03 1.2 0.00e+00 0.0 4.3e+03 3.1e+03 0.0e+00  0  0  0  0  0   0  0  1  1  0     0
VecScatterEnd         23 1.0 2.9426e-03 3.1 0.00e+00 0.0 0.0e+00 0.0e+00 0.0e+00  0  0  0  0  0   0  0  0  0  0     0
MatMult               19 1.0 1.7163e-01 1.0 6.36e+07 1.0 4.3e+03 3.1e+03 0.0e+00  0  0  0  0  0   0  0  1  1  0 14713
MatSolve              20 1.0 2.0980e-01 1.0 6.65e+07 1.0 0.0e+00 0.0e+00 0.0e+00  0  0  0  0  0   0  0  0  0  0 12591
MatLUFactorNum         1 1.0 5.1379e-02 1.2 1.60e+07 1.0 0.0e+00 0.0e+00 0.0e+00  0  0  0  0  0   0  0  0  0  0 12232
MatILUFactorSym        1 1.0 3.5896e-02 1.6 0.00e+00 0.0 0.0e+00 0.0e+00 0.0e+00  0  0  0  0  0   0  0  0  0  0     0
MatAssemblyBegin      14 1.0 2.0383e+00 8.5 0.00e+00 0.0 2.6e+03 6.2e+04 0.0e+00  0  0  0  0  0   1  0  1  8  0     0
MatAssemblyEnd        14 1.0 1.1198e+00 9.9 0.00e+00 0.0 2.3e+03 1.0e+03 4.0e+01  0  0  0  0  0   0  0  1  0  5     0
MatGetRowIJ            1 1.0 2.1458e-06 0.0 0.00e+00 0.0 0.0e+00 0.0e+00 0.0e+00  0  0  0  0  0   0  0  0  0  0     0
MatGetOrdering         1 1.0 2.8989e-03 1.2 0.00e+00 0.0 0.0e+00 0.0e+00 0.0e+00  0  0  0  0  0   0  0  0  0  0     0
MatZeroEntries         1 1.0 7.4918e-03 1.2 0.00e+00 0.0 0.0e+00 0.0e+00 0.0e+00  0  0  0  0  0   0  0  0  0  0     0
PCSetUp                2 1.0 9.0056e-02 1.3 1.60e+07 1.0 0.0e+00 0.0e+00 0.0e+00  0  0  0  0  0   0  0  0  0  0  6978
PCSetUpOnBlocks        1 1.0 8.9916e-02 1.3 1.60e+07 1.0 0.0e+00 0.0e+00 0.0e+00  0  0  0  0  0   0  0  0  0  0  6989
PCApply               20 1.0 2.1503e-01 1.0 6.65e+07 1.0 0.0e+00 0.0e+00 0.0e+00  0  0  0  0  0   0  0  0  0  0 12285
KSPSetUp               2 1.0 1.3580e-03 1.1 0.00e+00 0.0 0.0e+00 0.0e+00 0.0e+00  0  0  0  0  0   0  0  0  0  0     0
KSPSolve               1 1.0 5.3738e-01 1.0 1.69e+08 1.0 4.3e+03 3.1e+03 5.8e+01  0  0  0  0  0   1  0  1  1  7 12452
SNESSolve              1 1.0 6.6736e-01 1.0 2.49e+08 1.0 5.0e+03 4.1e+03 5.8e+01  0  0  0  0  0   1  0  1  1  7 14866
SNESFunctionEval       1 1.0 2.0681e-02 1.1 2.00e+07 1.0 4.6e+02 5.3e+03 0.0e+00  0  0  0  0  0   0  0  0  0  0 38585
SNESJacobianEval       1 1.0 1.1013e-01 1.0 6.06e+07 1.0 1.7e+02 2.6e+04 0.0e+00  0  0  0  0  0   0  0  0  0  0 22003
Mesh Partition         4 1.0 4.8850e+00 1.0 0.00e+00 0.0 4.4e+04 1.5e+03 2.0e+01  1  0  0  0  0   9  0 10  3  2     0
Mesh Migration         4 1.0 7.8303e-01 1.0 0.00e+00 0.0 1.8e+04 1.8e+04 8.8e+01  0  0  0  1  0   1  0  4 16 11     0
DMPlexInterp           2 1.0 5.8413e-04 1.2 0.00e+00 0.0 0.0e+00 0.0e+00 8.0e+00  0  0  0  0  0   0  0  0  0  1     0
DMPlexDistribute       2 1.0 5.5454e+00 1.0 0.00e+00 0.0 2.2e+04 2.0e+04 4.0e+01  1  0  0  1  0  10  0  5 21  5     0
DMPlexDistCones        4 1.0 2.3498e-01 1.0 0.00e+00 0.0 4.3e+03 3.0e+04 0.0e+00  0  0  0  0  0   0  0  1  6  0     0
DMPlexDistLabels       4 1.0 3.8103e-01 1.0 0.00e+00 0.0 6.1e+03 1.9e+04 5.2e+01  0  0  0  0  0   1  0  1  6  6     0
DMPlexDistribOL        2 1.0 1.7071e-01 1.0 0.00e+00 0.0 4.1e+04 5.2e+02 6.8e+01  0  0  0  0  0   0  0  9  1  8     0
DMPlexDistField        6 1.0 5.5711e-02 1.0 0.00e+00 0.0 5.9e+03 7.4e+03 4.0e+00  0  0  0  0  0   0  0  1  2  0     0
DMPlexDistData         4 1.0 2.4366e+0041.8 0.00e+00 0.0 3.9e+04 1.0e+03 0.0e+00  0  0  0  0  0   4  0  9  2  0     0
DMPlexStratify        24 1.0 1.8829e+00 1.8 0.00e+00 0.0 0.0e+00 0.0e+00 2.4e+01  0  0  0  0  0   3  0  0  0  3     0
CreateMesh            10 1.0 6.4783e+00 1.0 0.00e+00 0.0 6.3e+04 7.1e+03 1.2e+02  1  0  0  1  0  12  0 14 22 14     0
Mesh: reorder          2 1.0 1.2650e-02 1.2 0.00e+00 0.0 0.0e+00 0.0e+00 4.0e+00  0  0  0  0  0   0  0  0  0  0     0
Mesh: numbering        2 1.0 6.5851e-02 1.0 0.00e+00 0.0 0.0e+00 0.0e+00 4.0e+00  0  0  0  0  0   0  0  0  0  0     0
CreateFunctionSpace      48 1.0 5.5174e-01 1.1 0.00e+00 0.0 1.6e+03 1.1e+03 0.0e+00  0  0  0  0  0   1  0  0  0  0     0
ParLoopExecute      2835 1.0 2.8699e+01 1.0 6.94e+10 1.0 3.7e+05 3.5e+03 2.4e+01  3  8  2  4  0  51100 83 64  3 96736
ParLoopCells        1646 1.0 2.4875e+01 1.0 6.92e+10 1.0 0.0e+00 0.0e+00 0.0e+00  3  8  0  0  0  44 99  0  0  0 111338
ParLoopRednBegin    2835 1.0 1.6418e-01 1.7 0.00e+00 0.0 0.0e+00 0.0e+00 0.0e+00  0  0  0  0  0   0  0  0  0  0     0
ParLoopRednEnd      2835 1.0 3.0689e-02 1.1 0.00e+00 0.0 0.0e+00 0.0e+00 0.0e+00  0  0  0  0  0   0  0  0  0  0     0
ParLoopset_4           4 1.0 2.1713e-03 1.4 0.00e+00 0.0 0.0e+00 0.0e+00 0.0e+00  0  0  0  0  0   0  0  0  0  0     0
CreateSparsity         5 1.0 7.8041e+00 1.1 0.00e+00 0.0 3.0e+03 2.6e+04 2.8e+01  1  0  0  0  0  13  0  1  4  4     0
MatZeroInitial         5 1.0 1.4280e+00 1.0 0.00e+00 0.0 0.0e+00 0.0e+00 0.0e+00  0  0  0  0  0   3  0  0  0  0     0
ParLoopset_6           2 1.0 2.1429e-03 1.2 0.00e+00 0.0 0.0e+00 0.0e+00 0.0e+00  0  0  0  0  0   0  0  0  0  0     0
ParLoopset_7           2 1.0 2.0909e-04 1.6 0.00e+00 0.0 0.0e+00 0.0e+00 0.0e+00  0  0  0  0  0   0  0  0  0  0     0
ParLoopset_14          4 1.0 5.5742e-04 1.7 0.00e+00 0.0 0.0e+00 0.0e+00 0.0e+00  0  0  0  0  0   0  0  0  0  0     0
ParLoopset_16       2006 1.0 6.1713e-01 1.0 1.19e+08 1.0 0.0e+00 0.0e+00 0.0e+00  0  0  0  0  0   1  0  0  0  0  7646
ParLoopset_17       2006 1.0 2.7609e-01 1.2 4.72e+07 1.0 0.0e+00 0.0e+00 0.0e+00  0  0  0  0  0   0  0  0  0  0  6842

--- Event Stage 1: Warm up: DU Residuals

BuildTwoSided          4 1.0 1.0931e-03 2.2 0.00e+00 0.0 4.6e+02 4.0e+00 0.0e+00  0  0  0  0  0   0  0  3  0  0     0
BuildTwoSidedF         8 1.0 4.4518e-02 3.2 0.00e+00 0.0 3.4e+02 2.6e+04 0.0e+00  0  0  0  0  0   1  0  3 12  0     0
SFSetGraph             8 1.0 7.8964e-04 1.1 0.00e+00 0.0 0.0e+00 0.0e+00 0.0e+00  0  0  0  0  0   0  0  0  0  0     0
SFSetUp                4 1.0 1.7676e-03 1.4 0.00e+00 0.0 1.4e+03 1.2e+03 0.0e+00  0  0  0  0  0   0  0 10  2  0     0
SFBcastBegin          14 1.0 1.4100e-03 2.0 0.00e+00 0.0 3.2e+03 2.5e+03 0.0e+00  0  0  0  0  0   0  0 24 11  0     0
SFBcastEnd            14 1.0 6.4621e-0318.7 0.00e+00 0.0 0.0e+00 0.0e+00 0.0e+00  0  0  0  0  0   0  0  0  0  0     0
SFReduceBegin          8 1.0 4.2939e-04 2.1 0.00e+00 0.0 1.8e+03 3.5e+03 0.0e+00  0  0  0  0  0   0  0 13  9  0     0
SFReduceEnd            8 1.0 1.3170e-02 6.8 0.00e+00 0.0 0.0e+00 0.0e+00 0.0e+00  0  0  0  0  0   0  0  0  0  0     0
VecMDot               30 1.0 1.0609e-01 1.2 4.75e+07 1.0 0.0e+00 0.0e+00 3.0e+01  0  0  0  0  0   3  1  0  0 39 17791
VecNorm               34 1.0 4.7545e-02 3.8 6.49e+06 1.0 0.0e+00 0.0e+00 3.4e+01  0  0  0  0  0   1  0  0  0 45  5425
VecScale              32 1.0 4.0760e-03 1.4 3.17e+06 1.0 0.0e+00 0.0e+00 0.0e+00  0  0  0  0  0   0  0  0  0  0 30871
VecCopy               20 1.0 8.1284e-03 1.3 0.00e+00 0.0 0.0e+00 0.0e+00 0.0e+00  0  0  0  0  0   0  0  0  0  0     0
VecSet                40 1.0 1.1769e-02 1.6 0.00e+00 0.0 0.0e+00 0.0e+00 0.0e+00  0  0  0  0  0   0  0  0  0  0     0
VecAXPY                6 1.0 3.2058e-03 1.1 9.49e+05 1.0 0.0e+00 0.0e+00 0.0e+00  0  0  0  0  0   0  0  0  0  0 11775
VecMAXPY              32 1.0 1.2602e-01 1.1 5.34e+07 1.0 0.0e+00 0.0e+00 0.0e+00  0  0  0  0  0   3  2  0  0  0 16849
VecScatterBegin       30 1.0 2.4400e-03 2.0 0.00e+00 0.0 6.8e+03 7.2e+03 0.0e+00  0  0  0  0  0   0  0 50 66  0     0
VecScatterEnd         30 1.0 2.1949e-02 5.2 0.00e+00 0.0 0.0e+00 0.0e+00 0.0e+00  0  0  0  0  0   0  0  0  0  0     0
VecNormalize          32 1.0 4.7725e-02 4.1 9.50e+06 1.0 0.0e+00 0.0e+00 3.2e+01  0  0  0  0  0   1  0  0  0 42  7910
MatMult               30 1.0 6.7889e-01 1.0 2.93e+08 1.0 6.8e+03 7.2e+03 0.0e+00  0  0  0  0  0  18  9 50 66  0 17133
MatSolve              34 1.0 7.6574e-01 1.0 3.10e+08 1.0 0.0e+00 0.0e+00 0.0e+00  0  0  0  0  0  20 10  0  0  0 16093
MatLUFactorNum         4 1.0 2.6096e-01 1.1 1.07e+08 1.0 0.0e+00 0.0e+00 0.0e+00  0  0  0  0  0   7  3  0  0  0 16142
MatILUFactorSym        4 1.0 2.0764e-01 1.0 0.00e+00 0.0 0.0e+00 0.0e+00 0.0e+00  0  0  0  0  0   5  0  0  0  0     0
MatAssemblyBegin       8 1.0 4.9367e-02 3.3 0.00e+00 0.0 3.4e+02 2.6e+04 0.0e+00  0  0  0  0  0   1  0  3 12  0     0
MatAssemblyEnd         8 1.0 5.6173e-02 1.2 0.00e+00 0.0 0.0e+00 0.0e+00 0.0e+00  0  0  0  0  0   1  0  0  0  0     0
MatGetRowIJ            4 1.0 9.0599e-06 0.0 0.00e+00 0.0 0.0e+00 0.0e+00 0.0e+00  0  0  0  0  0   0  0  0  0  0     0
MatGetOrdering         4 1.0 9.4700e-03 1.4 0.00e+00 0.0 0.0e+00 0.0e+00 0.0e+00  0  0  0  0  0   0  0  0  0  0     0
MatZeroEntries         4 1.0 4.7240e-02 1.1 0.00e+00 0.0 0.0e+00 0.0e+00 0.0e+00  0  0  0  0  0   1  0  0  0  0     0
PCSetUp                8 1.0 4.7738e-01 1.1 1.07e+08 1.0 0.0e+00 0.0e+00 0.0e+00  0  0  0  0  0  12  3  0  0  0  8824
PCSetUpOnBlocks        4 1.0 4.7695e-01 1.1 1.07e+08 1.0 0.0e+00 0.0e+00 0.0e+00  0  0  0  0  0  12  3  0  0  0  8832
PCApply               34 1.0 7.7688e-01 1.0 3.10e+08 1.0 0.0e+00 0.0e+00 0.0e+00  0  0  0  0  0  20 10  0  0  0 15862
KSPGMRESOrthog        30 1.0 2.1421e-01 1.1 9.50e+07 1.0 0.0e+00 0.0e+00 3.0e+01  0  0  0  0  0   5  3  0  0 39 17622
KSPSetUp               8 1.0 6.8285e-03 1.5 0.00e+00 0.0 0.0e+00 0.0e+00 0.0e+00  0  0  0  0  0   0  0  0  0  0     0
KSPSolve               4 1.0 2.1787e+00 1.0 8.21e+08 1.0 6.8e+03 7.2e+03 6.4e+01  0  0  0  0  0  58 25 50 66 84 14952
SNESSolve              4 1.0 3.7702e+00 1.0 3.23e+09 1.0 1.4e+04 5.4e+03 7.2e+01  0  0  0  0  0 100100100100 95 34130
SNESFunctionEval       4 1.0 3.9394e-01 1.0 8.58e+08 1.0 6.4e+03 2.5e+03 8.0e+00  0  0  0  0  0  10 27 47 22 11 86823
SNESJacobianEval       4 1.0 1.2026e+00 1.0 1.56e+09 1.0 3.4e+02 2.6e+04 0.0e+00  0  0  0  0  0  32 48  3 12  0 51449
ParLoopExecute        20 1.0 1.4616e+00 1.0 2.41e+09 1.0 6.4e+03 2.5e+03 8.0e+00  0  0  0  0  0  38 75 47 22 11 65736
ParLoopCells          16 1.0 6.7463e-01 1.1 1.31e+09 1.0 0.0e+00 0.0e+00 0.0e+00  0  0  0  0  0  17 41  0  0  0 77478
ParLoopRednBegin      20 1.0 6.3300e-04 1.6 0.00e+00 0.0 0.0e+00 0.0e+00 0.0e+00  0  0  0  0  0   0  0  0  0  0     0
ParLoopRednEnd        20 1.0 1.1134e-04 1.3 0.00e+00 0.0 0.0e+00 0.0e+00 0.0e+00  0  0  0  0  0   0  0  0  0  0     0
ParLoopset_6           2 1.0 5.3382e-04 2.7 0.00e+00 0.0 0.0e+00 0.0e+00 0.0e+00  0  0  0  0  0   0  0  0  0  0     0
ParLoopset_7           2 1.0 1.4827e-03 1.2 0.00e+00 0.0 0.0e+00 0.0e+00 0.0e+00  0  0  0  0  0   0  0  0  0  0     0
ParLoopIntFacets      16 1.0 7.2163e-01 1.0 1.11e+09 1.0 0.0e+00 0.0e+00 0.0e+00  0  0  0  0  0  19 34  0  0  0 60708
ParLoopset_16          2 1.0 4.1819e-04 1.1 0.00e+00 0.0 0.0e+00 0.0e+00 0.0e+00  0  0  0  0  0   0  0  0  0  0     0
ParLoopset_17          2 1.0 2.4891e-04 2.5 0.00e+00 0.0 0.0e+00 0.0e+00 0.0e+00  0  0  0  0  0   0  0  0  0  0     0

--- Event Stage 2: Warm up: Linear solve

BuildTwoSided         14 1.0 2.6157e-03 1.8 0.00e+00 0.0 1.4e+03 4.0e+00 0.0e+00  0  0  0  0  0   0  0  1  0  0     0
BuildTwoSidedF        98 1.0 1.0159e-01 1.9 0.00e+00 0.0 6.3e+03 1.0e+04 0.0e+00  0  0  0  0  0   1  0  3 25  0     0
SFSetGraph            18 1.0 1.2631e-03 1.1 0.00e+00 0.0 0.0e+00 0.0e+00 0.0e+00  0  0  0  0  0   0  0  0  0  0     0
SFSetUp               14 1.0 4.8437e-03 1.5 0.00e+00 0.0 4.3e+03 8.4e+02 0.0e+00  0  0  0  0  0   0  0  2  1  0     0
SFBcastBegin          82 1.0 2.8460e-03 1.8 0.00e+00 0.0 1.8e+04 1.7e+03 0.0e+00  0  0  0  0  0   0  0  8 12  0     0
SFBcastEnd            82 1.0 2.9946e-02 6.1 0.00e+00 0.0 0.0e+00 0.0e+00 0.0e+00  0  0  0  0  0   0  0  0  0  0     0
SFReduceBegin         16 1.0 7.9966e-04 1.5 0.00e+00 0.0 3.6e+03 4.5e+03 0.0e+00  0  0  0  0  0   0  0  2  7  0     0
SFReduceEnd           16 1.0 4.7726e-02 8.5 0.00e+00 0.0 0.0e+00 0.0e+00 0.0e+00  0  0  0  0  0   0  0  0  0  0     0
VecMDot              200 1.0 6.3457e-02 1.2 2.78e+07 1.0 0.0e+00 0.0e+00 2.0e+02  0  0  0  0  1   1  1  0  0 13 17316
VecTDot               20 1.0 6.3908e-03 1.2 2.39e+06 1.0 0.0e+00 0.0e+00 2.0e+01  0  0  0  0  0   0  0  0  0  1 14767
VecNorm              232 1.0 3.5730e-02 2.1 6.99e+06 1.0 0.0e+00 0.0e+00 2.3e+02  0  0  0  0  1   0  0  0  0 16  7736
VecScale             220 1.0 2.7685e-03 1.1 2.78e+06 1.0 0.0e+00 0.0e+00 0.0e+00  0  0  0  0  0   0  0  0  0  0 39692
VecCopy               96 1.0 1.8355e-02 1.2 0.00e+00 0.0 0.0e+00 0.0e+00 0.0e+00  0  0  0  0  0   0  0  0  0  0     0
VecSet               832 1.0 2.2352e-02 1.2 0.00e+00 0.0 0.0e+00 0.0e+00 0.0e+00  0  0  0  0  0   0  0  0  0  0     0
VecAXPY               42 1.0 1.0631e-02 1.1 3.44e+06 1.0 0.0e+00 0.0e+00 0.0e+00  0  0  0  0  0   0  0  0  0  0 12827
VecAYPX              488 1.0 3.5079e-02 1.2 8.54e+06 1.0 0.0e+00 0.0e+00 0.0e+00  0  0  0  0  0   0  0  0  0  0  9620
VecAXPBYCZ           240 1.0 2.4946e-02 1.1 1.52e+07 1.0 0.0e+00 0.0e+00 0.0e+00  0  0  0  0  0   0  1  0  0  0 24027
VecMAXPY             220 1.0 6.6299e-02 1.1 3.29e+07 1.0 0.0e+00 0.0e+00 0.0e+00  0  0  0  0  0   1  1  0  0  0 19588
VecAssemblyBegin      32 1.0 6.6297e-03 3.8 0.00e+00 0.0 0.0e+00 0.0e+00 0.0e+00  0  0  0  0  0   0  0  0  0  0     0
VecAssemblyEnd        32 1.0 6.7472e-05 1.3 0.00e+00 0.0 0.0e+00 0.0e+00 0.0e+00  0  0  0  0  0   0  0  0  0  0     0
VecPointwiseMult     110 1.0 1.1778e-02 1.2 1.39e+06 1.0 0.0e+00 0.0e+00 0.0e+00  0  0  0  0  0   0  0  0  0  0  4665
VecScatterBegin      762 1.0 2.2286e-02 1.3 0.00e+00 0.0 1.4e+05 7.8e+02 0.0e+00  0  0  1  0  0   0  0 66 44  0     0
VecScatterEnd        762 1.0 4.4317e-02 3.1 0.00e+00 0.0 0.0e+00 0.0e+00 0.0e+00  0  0  0  0  0   0  0  0  0  0     0
VecSetRandom          10 1.0 8.3671e-03 1.0 0.00e+00 0.0 0.0e+00 0.0e+00 0.0e+00  0  0  0  0  0   0  0  0  0  0     0
VecNormalize         220 1.0 3.0910e-02 2.6 8.34e+06 1.0 0.0e+00 0.0e+00 2.2e+02  0  0  0  0  1   0  0  0  0 15 10665
MatMult              570 1.0 6.2934e-01 1.0 2.22e+08 1.0 1.1e+05 7.9e+02 0.0e+00  0  0  0  0  0   8  7 54 36  0 13931
MatMultAdd            60 1.0 1.7073e-02 1.2 3.84e+06 1.0 9.1e+03 1.7e+02 0.0e+00  0  0  0  0  0   0  0  4  1  0  8891
MatMultTranspose      60 1.0 1.4436e-02 1.1 3.84e+06 1.0 9.1e+03 1.7e+02 0.0e+00  0  0  0  0  0   0  0  4  1  0 10515
MatSolve             482 1.3 5.5471e-01 1.0 1.70e+08 1.0 0.0e+00 0.0e+00 0.0e+00  0  0  0  0  0   7  6  0  0  0 12091
MatLUFactorSym         2 1.0 3.0041e-05 1.9 0.00e+00 0.0 0.0e+00 0.0e+00 0.0e+00  0  0  0  0  0   0  0  0  0  0     0
MatLUFactorNum        12 1.0 5.1499e-02 1.3 1.45e+07 1.1 0.0e+00 0.0e+00 0.0e+00  0  0  0  0  0   1  0  0  0  0 10901
MatILUFactorSym       10 1.0 3.2601e-02 1.1 0.00e+00 0.0 0.0e+00 0.0e+00 0.0e+00  0  0  0  0  0   0  0  0  0  0     0
MatConvert            10 1.0 3.1812e-02 1.1 0.00e+00 0.0 0.0e+00 0.0e+00 0.0e+00  0  0  0  0  0   0  0  0  0  0     0
MatScale              30 1.0 2.9491e-02 1.0 4.42e+06 1.0 2.0e+03 7.6e+02 0.0e+00  0  0  0  0  0   0  0  1  1  0  5922
MatResidual           60 1.0 6.5234e-02 1.0 2.27e+07 1.0 1.2e+04 7.6e+02 0.0e+00  0  0  0  0  0   1  1  6  4  0 13736
MatAssemblyBegin     216 1.0 1.1061e-01 1.8 0.00e+00 0.0 6.3e+03 1.0e+04 0.0e+00  0  0  0  0  0   1  0  3 25  0     0
MatAssemblyEnd       216 1.0 2.0414e-01 1.1 0.00e+00 0.0 1.8e+04 1.5e+02 4.2e+02  0  0  0  0  2   3  0  9  1 28     0
MatGetRow         379164 1.0 7.6896e-02 1.0 0.00e+00 0.0 0.0e+00 0.0e+00 0.0e+00  0  0  0  0  0   1  0  0  0  0     0
MatGetRowIJ           12 1.5 3.4094e-05 0.0 0.00e+00 0.0 0.0e+00 0.0e+00 0.0e+00  0  0  0  0  0   0  0  0  0  0     0
MatCreateSubMat        8 1.0 4.6632e-03 1.0 0.00e+00 0.0 6.6e+02 1.6e+02 1.3e+02  0  0  0  0  1   0  0  0  0  9     0
MatGetOrdering        12 1.5 3.1862e-03 1.1 0.00e+00 0.0 0.0e+00 0.0e+00 0.0e+00  0  0  0  0  0   0  0  0  0  0     0
MatCoarsen            10 1.0 2.0460e-02 1.0 0.00e+00 0.0 1.3e+04 6.0e+02 3.0e+01  0  0  0  0  0   0  0  6  3  2     0
MatZeroEntries        14 1.0 5.3058e-02 1.2 0.00e+00 0.0 0.0e+00 0.0e+00 0.0e+00  0  0  0  0  0   1  0  0  0  0     0
MatAXPY               10 1.0 6.3651e-02 1.0 0.00e+00 0.0 0.0e+00 0.0e+00 0.0e+00  0  0  0  0  0   1  0  0  0  0     0
MatMatMult            10 1.0 1.0607e-01 1.0 3.78e+06 1.0 1.2e+04 3.9e+02 1.2e+02  0  0  0  0  1   1  0  6  2  8  1408
MatMatMultSym         10 1.0 7.9178e-02 1.0 0.00e+00 0.0 9.9e+03 3.2e+02 1.2e+02  0  0  0  0  1   1  0  5  1  8     0
MatMatMultNum         10 1.0 2.6681e-02 1.0 3.78e+06 1.0 2.0e+03 7.6e+02 0.0e+00  0  0  0  0  0   0  0  1  1  0  5597
MatPtAP               10 1.0 1.9821e-01 1.0 1.43e+07 1.0 2.1e+04 7.7e+02 1.5e+02  0  0  0  0  1   3  0 10  6 10  2836
MatPtAPSymbolic       10 1.0 1.3827e-01 1.0 0.00e+00 0.0 1.2e+04 8.5e+02 7.0e+01  0  0  0  0  0   2  0  6  4  5     0
MatPtAPNumeric        10 1.0 5.6304e-02 1.0 1.43e+07 1.0 9.0e+03 6.6e+02 8.0e+01  0  0  0  0  0   1  0  4  2  5  9984
MatTrnMatMult          2 1.0 1.0435e+00 1.0 5.84e+07 1.0 3.0e+03 1.6e+04 3.2e+01  0  0  0  0  0  14  2  1 19  2  2212
MatTrnMatMultSym       2 1.0 5.9893e-01 1.0 0.00e+00 0.0 1.4e+03 7.5e+03 1.6e+01  0  0  0  0  0   8  0  1  4  1     0
MatTrnMatMultNum       2 1.0 4.4600e-01 1.0 5.84e+07 1.0 1.6e+03 2.4e+04 1.6e+01  0  0  0  0  0   6  2  1 15  1  5176
MatGetLocalMat        32 1.0 5.7298e-02 1.1 0.00e+00 0.0 0.0e+00 0.0e+00 0.0e+00  0  0  0  0  0   1  0  0  0  0     0
MatGetBrAoCol         30 1.0 6.3953e-03 1.2 0.00e+00 0.0 1.4e+04 9.2e+02 0.0e+00  0  0  0  0  0   0  0  7  5  0     0
PCGAMGGraph_AGG       10 1.0 4.4794e-01 1.0 3.78e+06 1.0 6.0e+03 3.8e+02 1.2e+02  0  0  0  0  1   6  0  3  1  8   333
PCGAMGCoarse_AGG      10 1.0 1.1246e+00 1.0 5.84e+07 1.0 1.9e+04 3.6e+03 7.0e+01  0  0  0  0  0  15  2  9 26  5  2053
PCGAMGProl_AGG        10 1.0 6.8305e-02 1.0 0.00e+00 0.0 7.7e+03 8.0e+02 1.6e+02  0  0  0  0  1   1  0  4  2 11     0
PCGAMGPOpt_AGG        10 1.0 3.9838e-01 1.0 7.71e+07 1.0 3.2e+04 6.2e+02 4.1e+02  0  0  0  0  2   5  3 15  8 28  7648
GAMG: createProl      10 1.0 2.0485e+00 1.0 1.39e+08 1.0 6.4e+04 1.5e+03 7.6e+02  0  0  0  0  3  28  5 30 38 51  2687
  Graph               20 1.0 4.4751e-01 1.0 3.78e+06 1.0 6.0e+03 3.8e+02 1.2e+02  0  0  0  0  1   6  0  3  1  8   334
  MIS/Agg             10 1.0 2.0595e-02 1.0 0.00e+00 0.0 1.3e+04 6.0e+02 3.0e+01  0  0  0  0  0   0  0  6  3  2     0
  SA: col data        10 1.0 2.2484e-02 1.0 0.00e+00 0.0 4.0e+03 1.3e+03 4.0e+01  0  0  0  0  0   0  0  2  2  3     0
  SA: frmProl0        10 1.0 4.0844e-02 1.0 0.00e+00 0.0 3.8e+03 2.4e+02 8.0e+01  0  0  0  0  0   1  0  2  0  5     0
  SA: smooth          10 1.0 1.8417e-01 1.0 4.42e+06 1.0 1.2e+04 3.9e+02 1.4e+02  0  0  0  0  1   3  0  6  2 10   948
GAMG: partLevel       10 1.0 2.0519e-01 1.0 1.43e+07 1.0 2.2e+04 7.4e+02 3.6e+02  0  0  0  0  2   3  0 10  6 24  2740
  repartition          6 1.0 4.0913e-04 1.0 0.00e+00 0.0 0.0e+00 0.0e+00 2.4e+01  0  0  0  0  0   0  0  0  0  2     0
  Invert-Sort          4 1.0 8.3709e-04 1.6 0.00e+00 0.0 0.0e+00 0.0e+00 1.6e+01  0  0  0  0  0   0  0  0  0  1     0
  Move A               4 1.0 2.8191e-03 1.0 0.00e+00 0.0 4.1e+02 2.4e+02 6.8e+01  0  0  0  0  0   0  0  0  0  5     0
  Move P               4 1.0 2.2941e-03 1.0 0.00e+00 0.0 2.5e+02 2.1e+01 6.8e+01  0  0  0  0  0   0  0  0  0  5     0
PCSetUp               16 1.0 4.5274e+00 1.0 7.08e+08 1.0 9.0e+04 1.5e+03 1.2e+03  0  0  0  0  5  62 24 43 54 82  6233
PCSetUpOnBlocks      142 1.0 8.6897e-02 1.2 1.45e+07 1.1 0.0e+00 0.0e+00 0.0e+00  0  0  0  0  0   1  0  0  0  0  6460
PCApply                2 1.0 4.9348e+00 1.0 2.09e+09 1.0 2.0e+05 1.1e+03 1.4e+03  1  0  1  1  6  68 70 97 86 97 16876
KSPGMRESOrthog       200 1.0 1.1866e-01 1.1 5.56e+07 1.0 0.0e+00 0.0e+00 2.0e+02  0  0  0  0  1   2  2  0  0 13 18521
KSPSetUp              50 1.0 1.5378e-02 1.3 0.00e+00 0.0 0.0e+00 0.0e+00 2.4e+01  0  0  0  0  0   0  0  0  0  2     0
KSPSolve               2 1.0 7.1173e+00 1.0 2.63e+09 1.0 2.1e+05 1.2e+03 1.5e+03  1  0  1  1  6  97 88 99 96100 14735
SNESSolve              2 1.0 7.2935e+00 1.0 2.97e+09 1.0 2.1e+05 1.2e+03 1.5e+03  1  0  1  1  6 100100100100100 16277
SNESFunctionEval       2 1.0 1.7544e-01 1.0 3.45e+08 1.0 2.7e+03 3.5e+03 0.0e+00  0  0  0  0  0   2 12  1  4  0 78759
SNESJacobianEval       2 1.0 4.0870e-03 1.9 0.00e+00 0.0 0.0e+00 0.0e+00 0.0e+00  0  0  0  0  0   0  0  0  0  0     0
CreateFunctionSpace      24 1.0 3.7643e-02 1.2 0.00e+00 0.0 0.0e+00 0.0e+00 0.0e+00  0  0  0  0  0   0  0  0  0  0     0
ParLoopExecute        36 1.0 2.0084e+00 1.0 2.38e+09 1.0 1.0e+04 3.8e+03 8.0e+00  0  0  0  0  0  27 80  5 16  1 47387
ParLoopCells          36 1.0 1.8813e+00 1.0 2.38e+09 1.0 0.0e+00 0.0e+00 0.0e+00  0  0  0  0  0  25 80  0  0  0 50588
ParLoopRednBegin      36 1.0 8.4662e-04 1.4 0.00e+00 0.0 0.0e+00 0.0e+00 0.0e+00  0  0  0  0  0   0  0  0  0  0     0
ParLoopRednEnd        36 1.0 1.8311e-04 1.3 0.00e+00 0.0 0.0e+00 0.0e+00 0.0e+00  0  0  0  0  0   0  0  0  0  0     0
CreateSparsity         2 1.0 7.4611e-01 1.0 0.00e+00 0.0 1.3e+03 6.2e+03 1.2e+01  0  0  0  0  0  10  0  1  3  1     0
MatZeroInitial         2 1.0 1.1283e-01 1.0 0.00e+00 0.0 0.0e+00 0.0e+00 0.0e+00  0  0  0  0  0   2  0  0  0  0     0
ParLoopset_6           4 1.0 6.1607e-04 2.2 0.00e+00 0.0 0.0e+00 0.0e+00 0.0e+00  0  0  0  0  0   0  0  0  0  0     0
ParLoopset_7           8 1.0 8.1944e-04 1.4 0.00e+00 0.0 0.0e+00 0.0e+00 0.0e+00  0  0  0  0  0   0  0  0  0  0     0
HybridInit             2 1.0 2.1841e+00 1.0 5.40e+08 1.0 4.4e+03 5.8e+03 4.4e+01  0  0  0  0  0  30 18  2 10  3  9886
HybridBreak            2 1.0 1.5783e-02 2.0 0.00e+00 0.0 0.0e+00 0.0e+00 4.0e+00  0  0  0  0  0   0  0  0  0  0     0
HybridRHS              2 1.0 6.0605e-01 1.0 5.40e+08 1.0 4.3e+03 3.6e+03 8.0e+00  0  0  0  0  0   8 18  2  6  1 35628
ParLoopset_9           4 1.0 3.0260e-03 1.3 0.00e+00 0.0 0.0e+00 0.0e+00 0.0e+00  0  0  0  0  0   0  0  0  0  0     0
ParLoopset_8           2 1.0 3.2496e-04 1.1 0.00e+00 0.0 0.0e+00 0.0e+00 0.0e+00  0  0  0  0  0   0  0  0  0  0     0
HybridSolve            2 1.0 3.6752e+00 1.0 5.95e+08 1.0 2.0e+05 9.5e+02 1.4e+03  0  0  1  1  6  50 20 93 75 96  6399
HybridRecon            2 1.0 6.3001e-01 1.0 9.54e+08 1.0 1.8e+03 3.4e+03 0.0e+00  0  0  0  0  0   9 32  1  2  0 60586
HybridReconScalarField       2 1.0 3.9005e-01 1.0 5.40e+08 1.0 9.1e+02 2.7e+03 0.0e+00  0  0  0  0  0   5 18  0  1  0 55358
HybridReconFluxField       2 1.0 2.4649e-01 1.0 4.14e+08 1.0 9.1e+02 4.0e+03 0.0e+00  0  0  0  0  0   3 14  0  1  0 67256
HybridRecover          2 1.0 2.6876e-02 1.2 0.00e+00 0.0 9.1e+02 5.9e+03 4.0e+00  0  0  0  0  0   0  0  0  2  0     0
ParLoopset_16          4 1.0 4.2534e-04 1.6 0.00e+00 0.0 0.0e+00 0.0e+00 0.0e+00  0  0  0  0  0   0  0  0  0  0     0
ParLoopset_17          8 1.0 7.0977e-04 1.3 0.00e+00 0.0 0.0e+00 0.0e+00 0.0e+00  0  0  0  0  0   0  0  0  0  0     0
ParLoopset_19          4 1.0 1.1001e-03 1.3 0.00e+00 0.0 0.0e+00 0.0e+00 0.0e+00  0  0  0  0  0   0  0  0  0  0     0
ParLoopset_18          2 1.0 2.4605e-04 1.9 0.00e+00 0.0 0.0e+00 0.0e+00 0.0e+00  0  0  0  0  0   0  0  0  0  0     0

--- Event Stage 3: Warm up

ParLoopExecute         2 1.0 1.5728e-03 2.4 0.00e+00 0.0 0.0e+00 0.0e+00 0.0e+00  0  0  0  0  0  49  0  0  0  0     0
ParLoopRednBegin       2 1.0 6.1035e-05 2.5 0.00e+00 0.0 0.0e+00 0.0e+00 0.0e+00  0  0  0  0  0   1  0  0  0  0     0
ParLoopRednEnd         2 1.0 1.1206e-05 1.9 0.00e+00 0.0 0.0e+00 0.0e+00 0.0e+00  0  0  0  0  0   0  0  0  0  0     0
ParLoopset_16          2 1.0 1.0002e-03 4.1 0.00e+00 0.0 0.0e+00 0.0e+00 0.0e+00  0  0  0  0  0  27  0  0  0  0     0
ParLoopset_17          2 1.0 2.9302e-04 2.9 0.00e+00 0.0 0.0e+00 0.0e+00 0.0e+00  0  0  0  0  0   8  0  0  0  0     0

--- Event Stage 4: DU Residuals

SFBcastBegin        1800 1.0 1.5135e-01 2.0 0.00e+00 0.0 4.1e+05 3.5e+03 0.0e+00  0  0  2  4  0   0  0 18 11  0     0
SFBcastEnd          1800 1.0 2.6511e+0029.8 0.00e+00 0.0 0.0e+00 0.0e+00 0.0e+00  0  0  0  0  0   0  0  0  0  0     0
SFReduceBegin       1600 1.0 5.6997e-02 1.6 0.00e+00 0.0 3.6e+05 3.5e+03 0.0e+00  0  0  2  4  0   0  0 16 10  0     0
SFReduceEnd         1600 1.0 2.7260e+00 5.7 0.00e+00 0.0 0.0e+00 0.0e+00 0.0e+00  0  0  0  0  0   0  0  0  0  0     0
VecMDot             6349 1.0 2.6702e+01 1.3 1.06e+10 1.0 0.0e+00 0.0e+00 6.3e+03  3  1  0  0 27   6  3  0  0 43 15785
VecTDot              800 1.0 2.5621e-01 1.2 6.29e+07 1.0 0.0e+00 0.0e+00 8.0e+02  0  0  0  0  3   0  0  0  0  5  9822
VecNorm             7549 1.0 6.3013e+00 2.1 1.40e+09 1.0 0.0e+00 0.0e+00 7.5e+03  0  0  0  0 32   1  0  0  0 51  8822
VecScale            6749 1.0 8.8721e-01 1.5 6.68e+08 1.0 0.0e+00 0.0e+00 0.0e+00  0  0  0  0  0   0  0  0  0  0 29912
VecCopy             3600 1.0 1.3680e+00 1.3 0.00e+00 0.0 0.0e+00 0.0e+00 0.0e+00  0  0  0  0  0   0  0  0  0  0     0
VecSet              8749 1.0 2.5839e+00 1.7 0.00e+00 0.0 0.0e+00 0.0e+00 0.0e+00  0  0  0  0  0   0  0  0  0  0     0
VecAXPY             2000 1.0 7.8804e-01 1.2 2.53e+08 1.0 0.0e+00 0.0e+00 0.0e+00  0  0  0  0  0   0  0  0  0  0 12774
VecMAXPY            6749 1.0 2.8055e+01 1.1 1.19e+10 1.0 0.0e+00 0.0e+00 0.0e+00  3  1  0  0  0   6  4  0  0  0 16803
VecScatterBegin     6749 1.0 8.0101e-01 3.6 0.00e+00 0.0 1.5e+06 6.8e+03 0.0e+00  0  0  7 31  0   0  0 66 80  0     0
VecScatterEnd       6749 1.0 3.7044e+00 2.4 0.00e+00 0.0 0.0e+00 0.0e+00 0.0e+00  0  0  0  0  0   1  0  0  0  0     0
VecNormalize        6749 1.0 6.5460e+00 2.0 2.00e+09 1.0 0.0e+00 0.0e+00 6.7e+03  1  0  0  0 29   1  1  0  0 46 12162
MatMult             6749 1.0 1.4556e+02 1.0 6.24e+10 1.0 1.5e+06 6.8e+03 0.0e+00 15  7  7 31  0  34 19 66 80  0 17011
MatSolve            7549 1.0 1.6343e+02 1.0 6.58e+10 1.0 0.0e+00 0.0e+00 0.0e+00 17  8  0  0  0  38 20  0  0  0 15986
PCSetUpOnBlocks      800 1.0 2.5225e-03 2.3 0.00e+00 0.0 0.0e+00 0.0e+00 0.0e+00  0  0  0  0  0   0  0  0  0  0     0
PCApply             7549 1.0 1.6583e+02 1.0 6.58e+10 1.0 0.0e+00 0.0e+00 0.0e+00 17  8  0  0  0  39 20  0  0  0 15754
KSPGMRESOrthog      6349 1.0 5.0701e+01 1.1 2.12e+10 1.0 0.0e+00 0.0e+00 6.3e+03  5  3  0  0 27  11  7  0  0 43 16626
KSPSetUp             800 1.0 7.5912e-04 2.9 0.00e+00 0.0 0.0e+00 0.0e+00 0.0e+00  0  0  0  0  0   0  0  0  0  0     0
KSPSolve             800 1.0 3.6621e+02 1.0 1.53e+11 1.0 1.5e+06 6.8e+03 1.5e+04 39 18  7 31 63  86 47 66 80100 16580
SNESSolve            800 1.0 4.2222e+02 1.0 3.25e+11 1.0 2.3e+06 5.7e+03 1.5e+04 45 39 10 38 63 100100100100100 30593
SNESFunctionEval     800 1.0 5.6634e+01 1.0 1.72e+11 1.0 7.8e+05 3.5e+03 0.0e+00  6 21  3  8  0  13 53 34 20  0 120789
SNESJacobianEval     800 1.0 4.6273e-02 2.2 0.00e+00 0.0 0.0e+00 0.0e+00 0.0e+00  0  0  0  0  0   0  0  0  0  0     0
ParLoopExecute      2400 1.0 5.6152e+01 1.0 1.72e+11 1.0 7.8e+05 3.5e+03 0.0e+00  6 21  3  8  0  13 53 34 20  0 121825
ParLoopCells        1600 1.0 3.2502e+01 1.0 1.11e+11 1.0 0.0e+00 0.0e+00 0.0e+00  3 13  0  0  0   8 34  0  0  0 136719
ParLoopRednBegin    2400 1.0 8.7504e-03 1.3 0.00e+00 0.0 0.0e+00 0.0e+00 0.0e+00  0  0  0  0  0   0  0  0  0  0     0
ParLoopRednEnd      2400 1.0 1.3135e-02 1.3 0.00e+00 0.0 0.0e+00 0.0e+00 0.0e+00  0  0  0  0  0   0  0  0  0  0     0
ParLoopIntFacets    1600 1.0 2.0795e+01 1.0 6.06e+10 1.0 0.0e+00 0.0e+00 0.0e+00  2  7  0  0  0   5 19  0  0  0 115268
ParLoopset_16        800 1.0 1.6974e-01 1.1 0.00e+00 0.0 0.0e+00 0.0e+00 0.0e+00  0  0  0  0  0   0  0  0  0  0     0
ParLoopset_17        800 1.0 6.4147e-02 1.1 0.00e+00 0.0 0.0e+00 0.0e+00 0.0e+00  0  0  0  0  0   0  0  0  0  0     0

--- Event Stage 5: Linear solve

SFBcastBegin        4000 1.0 3.6550e-01 2.2 0.00e+00 0.0 9.1e+05 3.9e+03 0.0e+00  0  0  4 10  0   0  0  5 19  0     0
SFBcastEnd          4000 1.0 1.2705e+01 7.3 0.00e+00 0.0 0.0e+00 0.0e+00 0.0e+00  1  0  0  0  0   1  0  0  0  0     0
SFReduceBegin       2800 1.0 4.5566e-01 6.4 0.00e+00 0.0 6.4e+05 4.4e+03 0.0e+00  0  0  3  8  0   0  0  3 15  0     0
SFReduceEnd         2800 1.0 1.2924e+01 8.6 0.00e+00 0.0 0.0e+00 0.0e+00 0.0e+00  1  0  0  0  0   2  0  0  0  0     0
VecTDot             4000 1.0 1.5130e+00 1.2 4.77e+08 1.0 0.0e+00 0.0e+00 4.0e+03  0  0  0  0 17   0  0  0  0 62 12475
VecNorm             2400 1.0 2.6698e+00 3.5 2.86e+08 1.0 0.0e+00 0.0e+00 2.4e+03  0  0  0  0 10   0  0  0  0 38  4242
VecCopy            14800 1.0 2.6879e+00 1.2 0.00e+00 0.0 0.0e+00 0.0e+00 0.0e+00  0  0  0  0  0   1  0  0  0  0     0
VecSet            116000 1.0 3.4337e+00 1.3 0.00e+00 0.0 0.0e+00 0.0e+00 0.0e+00  0  0  0  0  0   1  0  0  0  0     0
VecAXPY             4400 1.0 1.7481e+00 1.1 5.88e+08 1.0 0.0e+00 0.0e+00 0.0e+00  0  0  0  0  0   0  0  0  0  0 13317
VecAYPX            97600 1.0 7.1290e+00 1.2 1.71e+09 1.0 0.0e+00 0.0e+00 0.0e+00  1  0  0  0  0   1  0  0  0  0  9467
VecAXPBYCZ         48000 1.0 5.1300e+00 1.2 3.03e+09 1.0 0.0e+00 0.0e+00 0.0e+00  1  0  0  0  0   1  1  0  0  0 23368
VecScatterBegin   102800 1.0 3.2638e+00 1.4 0.00e+00 0.0 1.8e+07 6.8e+02 0.0e+00  0  0 80 36  0   1  0 92 66  0     0
VecScatterEnd     102800 1.0 1.3834e+01 2.5 0.00e+00 0.0 0.0e+00 0.0e+00 0.0e+00  1  0  0  0  0   2  0  0  0  0     0
MatMult            74000 1.0 9.0431e+01 1.1 2.98e+10 1.0 1.5e+07 8.1e+02 0.0e+00  9  4 64 35  0  19  7 74 63  0 13006
MatMultAdd         12000 1.0 3.8825e+00 1.3 7.68e+08 1.0 1.8e+06 1.7e+02 0.0e+00  0  0  8  1  0   1  0  9  2  0  7819
MatMultTranspose   12000 1.0 4.7354e+00 1.7 7.68e+08 1.0 1.8e+06 1.7e+02 0.0e+00  0  0  8  1  0   1  0  9  2  0  6411
MatSolve           74400 1.3 8.4312e+01 1.0 2.60e+10 1.0 0.0e+00 0.0e+00 0.0e+00  9  3  0  0  0  18  6  0  0  0 12186
MatResidual        12000 1.0 1.4147e+01 1.1 4.54e+09 1.0 2.4e+06 7.6e+02 0.0e+00  1  1 10  5  0   3  1 12 10  0 12668
PCSetUpOnBlocks    26400 1.0 2.8575e-02 1.4 0.00e+00 0.0 0.0e+00 0.0e+00 0.0e+00  0  0  0  0  0   0  0  0  0  0     0
PCApply              400 1.0 4.2337e+02 1.0 3.62e+11 1.0 1.9e+07 8.8e+02 6.4e+03 45 44 85 49 27  93 84 97 90100 34138
KSPSetUp             400 1.0 4.5133e-04 3.7 0.00e+00 0.0 0.0e+00 0.0e+00 0.0e+00  0  0  0  0  0   0  0  0  0  0     0
KSPSolve             400 1.0 4.2352e+02 1.0 3.62e+11 1.0 1.9e+07 8.8e+02 6.4e+03 45 44 85 49 27  93 84 97 90100 34127
SNESSolve            400 1.0 4.5172e+02 1.0 4.31e+11 1.0 2.0e+07 9.5e+02 6.4e+03 48 52 87 55 27 100100100100100 38124
SNESFunctionEval     400 1.0 2.8197e+01 1.0 6.91e+10 1.0 5.5e+05 3.5e+03 0.0e+00  3  8  2  6  0   6 16  3 10  0 98005
SNESJacobianEval     400 1.0 2.8811e-02 2.2 0.00e+00 0.0 0.0e+00 0.0e+00 0.0e+00  0  0  0  0  0   0  0  0  0  0     0
ParLoopExecute      6400 1.0 2.4733e+02 1.0 3.68e+11 1.0 1.6e+06 4.1e+03 0.0e+00 26 44  7 18  0  54 85  8 34  0 59499
ParLoopCells        5600 1.0 2.3217e+02 1.0 3.68e+11 1.0 0.0e+00 0.0e+00 0.0e+00 24 44  0  0  0  51 85  0  0  0 63385
ParLoopRednBegin    6400 1.0 5.8274e-02 1.4 0.00e+00 0.0 0.0e+00 0.0e+00 0.0e+00  0  0  0  0  0   0  0  0  0  0     0
ParLoopRednEnd      6400 1.0 3.4678e-02 1.4 0.00e+00 0.0 0.0e+00 0.0e+00 0.0e+00  0  0  0  0  0   0  0  0  0  0     0
HybridBreak          400 1.0 1.1504e+00 1.7 0.00e+00 0.0 0.0e+00 0.0e+00 0.0e+00  0  0  0  0  0   0  0  0  0  0     0
HybridRHS            400 1.0 1.0468e+02 1.0 1.08e+11 1.0 4.6e+05 4.7e+03 0.0e+00 11 13  2  6  0  23 25  2 11  0 41255
HybridSolve          400 1.0 2.0394e+02 1.0 6.33e+10 1.0 1.8e+07 6.8e+02 6.4e+03 21  8 80 36 27  44 15 92 66100 12262
HybridRecon          400 1.0 1.1526e+02 1.0 1.91e+11 1.0 3.6e+05 3.4e+03 0.0e+00 12 23  2  4  0  25 44  2  6  0 66230
HybridReconScalarField     400 1.0 7.2204e+01 1.0 1.08e+11 1.0 1.8e+05 2.7e+03 0.0e+00  8 13  1  1  0  16 25  1  3  0 59809
HybridReconFluxField     400 1.0 4.5027e+01 1.1 8.29e+10 1.0 1.8e+05 4.0e+03 0.0e+00  5 10  1  2  0  10 19  1  4  0 73636
HybridRecover        400 1.0 4.1141e+00 1.5 0.00e+00 0.0 1.8e+05 5.9e+03 0.0e+00  0  0  1  3  0   1  0  1  6  0     0
ParLoopset_16       1600 1.0 2.3292e-01 1.4 0.00e+00 0.0 0.0e+00 0.0e+00 0.0e+00  0  0  0  0  0   0  0  0  0  0     0
ParLoopset_17       3200 1.0 2.8864e-01 1.4 0.00e+00 0.0 0.0e+00 0.0e+00 0.0e+00  0  0  0  0  0   0  0  0  0  0     0
ParLoopset_19       1600 1.0 3.5304e-01 1.6 0.00e+00 0.0 0.0e+00 0.0e+00 0.0e+00  0  0  0  0  0   0  0  0  0  0     0
ParLoopset_18        800 1.0 6.8690e-02 1.6 0.00e+00 0.0 0.0e+00 0.0e+00 0.0e+00  0  0  0  0  0   0  0  0  0  0     0
------------------------------------------------------------------------------------------------------------------------

Memory usage is given in bytes:

Object Type          Creations   Destructions     Memory  Descendants' Mem.
Reports information only for process 0.

--- Event Stage 0: Main Stage

           Container    16             16         9344     0.
              Viewer     1              0            0     0.
           Index Set   685            747     62662716     0.
   IS L to G Mapping    12             14     15292008     0.
             Section   234            242       172304     0.
   Star Forest Graph   248            260       217024     0.
              Vector    65            424    107278688     0.
         Vec Scatter     9             31      2232600     0.
              Matrix    47            191    382167348     0.
      Preconditioner     8             38        39392     0.
       Krylov Solver     8             48       417992     0.
     DMKSP interface     0              6         3984     0.
                SNES     7              7         9632     0.
      SNESLineSearch     7              7         7000     0.
              DMSNES     6              6         4080     0.
    Distributed Mesh    90             94       451664     0.
    GraphPartitioner    24             24        14880     0.
     Discrete System    90             94        87232     0.

--- Event Stage 1: Warm up: DU Residuals

           Index Set    20              8       737456     0.
   Star Forest Graph     4              0            0     0.
              Vector    72              0            0     0.
              Matrix     4              0            0     0.
      Preconditioner     4              0            0     0.
       Krylov Solver     4              0            0     0.
     DMKSP interface     4              0            0     0.

--- Event Stage 2: Warm up: Linear solve

         PetscRandom    20             20        13080     0.
           Index Set   204            154       496904     0.
   IS L to G Mapping     2              0            0     0.
             Section     8              0            0     0.
   Star Forest Graph    22             14        12064     0.
              Vector   656            368     32108448     0.
         Vec Scatter    66             44        56048     0.
              Matrix   308            168    167838608     0.
      Matrix Coarsen    10             10         6440     0.
      Preconditioner    38             12        10304     0.
       Krylov Solver    48             12       304928     0.
     DMKSP interface     2              0            0     0.
    Distributed Mesh     4              0            0     0.
     Discrete System     4              0            0     0.

--- Event Stage 3: Warm up


--- Event Stage 4: DU Residuals

              Vector     0              1       783680     0.

--- Event Stage 5: Linear solve

========================================================================================================================
Average time to get PetscTime(): 0.
Average time for MPI_Barrier(): 6.62804e-06
Average time for zero size MPI_Send(): 1.19805e-06
#PETSc Option Table entries:
--dt 28.125
--hybridization
--method BDM
--model_degree 2
--nsteps 100
--profile
--refinements 8
-log_view
#End of PETSc Option Table entries
Compiled without FORTRAN kernels
Compiled with full precision matrices (default)
sizeof(short) 2 sizeof(int) 4 sizeof(long) 8 sizeof(void*) 8 sizeof(PetscScalar) 8 sizeof(PetscInt) 4
Configure options: --prefix=/home/scratch/tg2115/src/firedrake/lib/python3.5/site-packages/petsc PETSC_ARCH=arch-python-linux-x86_64 --with-shared-libraries=1 --with-debugging=0 --with-c2html=0 --with-cc=mpicc --with-cxx=mpicxx --with-fc=mpif90 --download-eigen=/home/scratch/tg2115/src/firedrake/src/eigen-3.3.3.tgz --with-fortran-bindings=0 --download-chaco --download-metis --download-parmetis --download-scalapack --download-hypre --download-mumps --download-netcdf --download-hdf5 --download-pnetcdf --download-exodusii
-----------------------------------------
Libraries compiled on 2018-04-17 14:37:37 on mpe2 
Machine characteristics: Linux-4.4.0-116-generic-x86_64-with-Ubuntu-16.04-xenial
Using PETSc directory: /home/scratch/tg2115/src/firedrake/lib/python3.5/site-packages/petsc
Using PETSc arch: 
-----------------------------------------

Using C compiler: mpicc  -fPIC  -Wall -Wwrite-strings -Wno-strict-aliasing -Wno-unknown-pragmas -fstack-protector -fvisibility=hidden -g -O  
Using Fortran compiler: mpif90  -fPIC -Wall -ffree-line-length-0 -Wno-unused-dummy-argument -g -O    
-----------------------------------------

Using include paths: -I/home/scratch/tg2115/src/firedrake/lib/python3.5/site-packages/petsc/include -I/home/scratch/tg2115/src/firedrake/lib/python3.5/site-packages/petsc//include -I/home/scratch/tg2115/src/firedrake/lib/python3.5/site-packages/petsc/include -I/home/scratch/tg2115/src/firedrake/lib/python3.5/site-packages/petsc/include/eigen3
-----------------------------------------

Using C linker: mpicc
Using Fortran linker: mpif90
Using libraries: -Wl,-rpath,/home/scratch/tg2115/src/firedrake/lib/python3.5/site-packages/petsc/lib -L/home/scratch/tg2115/src/firedrake/lib/python3.5/site-packages/petsc/lib -lpetsc -Wl,-rpath,/home/scratch/tg2115/src/firedrake/lib/python3.5/site-packages/petsc/lib -L/home/scratch/tg2115/src/firedrake/lib/python3.5/site-packages/petsc/lib -Wl,-rpath,/usr/lib/openmpi/lib -L/usr/lib/openmpi/lib -Wl,-rpath,/usr/lib/gcc/x86_64-linux-gnu/5 -L/usr/lib/gcc/x86_64-linux-gnu/5 -Wl,-rpath,/usr/lib/x86_64-linux-gnu -L/usr/lib/x86_64-linux-gnu -Wl,-rpath,/lib/x86_64-linux-gnu -L/lib/x86_64-linux-gnu -lcmumps -ldmumps -lsmumps -lzmumps -lmumps_common -lpord -lscalapack -lHYPRE -llapack -lblas -lexodus -lnetcdf -lpnetcdf -lchaco -lhdf5hl_fortran -lhdf5_fortran -lhdf5_hl -lhdf5 -lparmetis -lmetis -lm -lX11 -lstdc++ -ldl -lmpi_usempif08 -lmpi_usempi_ignore_tkr -lmpi_mpifh -lmpi -lgfortran -lm -lgfortran -lm -lgcc_s -lquadmath -lpthread -lstdc++ -ldl
-----------------------------------------

