
Running cold initialization for the problem set:

method: RT,

model degree: 2,

hybridization: True,



Dt = 28.125,

Courant number (approximate): 0.22135149895683526,

Dx (min): 28.396066451806234 km,

Dx (max): 33.052439495552996 km.

Warm up with one-step.

Warm up done. Profiling run for 100 steps.


Running Williamson 5 test with parameters:

method: RT,

model degree: 2,

refinements: 8,

hybridization: True,

tmax: 2812.5

Simulation complete.

************************************************************************************************************************
***             WIDEN YOUR WINDOW TO 120 CHARACTERS.  Use 'enscript -r -fCourier9' to print this document            ***
************************************************************************************************************************

---------------------------------------------- PETSc Performance Summary: ----------------------------------------------

swe_williamson5.py on a  named mpe2 with 40 processors, by tg2115 Sun May  6 15:15:04 2018
Using Petsc Development GIT revision: v3.4.2-20859-g7bfdb64  GIT Date: 2018-04-03 16:04:52 -0500

                         Max       Max/Min        Avg      Total 
Time (sec):           1.003e+03      1.00002   1.003e+03
Objects:              3.041e+03      1.17097   2.621e+03
Flop:                 5.684e+11      1.00485   5.671e+11  2.268e+13
Flop/sec:            5.669e+08      1.00487   5.656e+08  2.262e+10
MPI Messages:         7.533e+05      1.95968   5.563e+05  2.225e+07
MPI Message Lengths:  7.580e+08      1.70271   1.027e+03  2.286e+10
MPI Reductions:       1.940e+04      1.00000

Flop counting convention: 1 flop = 1 real number operation of type (multiply/divide/add/subtract)
                            e.g., VecAXPY() for real vectors of length N --> 2N flop
                            and VecAXPY() for complex vectors of length N --> 8N flop

Summary of Stages:   ----- Time ------  ----- Flop -----  --- Messages ---  -- Message Lengths --  -- Reductions --
                        Avg     %Total     Avg     %Total   counts   %Total     Avg         %Total   counts   %Total 
 0:      Main Stage: 7.9206e+01   7.9%  2.4669e+12  10.9%  4.470e+05   2.0%  7.015e+01        6.8%  7.820e+02   4.0% 
 1: Warm up: DU Residuals: 3.0141e+00   0.3%  8.4127e+10   0.4%  1.129e+04   0.1%  1.709e+00        0.2%  5.600e+01   0.3% 
 2: Warm up: Linear solve: 7.1340e+00   0.7%  8.0789e+10   0.4%  2.098e+05   0.9%  7.641e+00        0.7%  1.488e+03   7.7% 
 3:         Warm up: 2.4393e-03   0.0%  0.0000e+00   0.0%  0.000e+00   0.0%  0.000e+00        0.0%  0.000e+00   0.0% 
 4:    DU Residuals: 3.2647e+02  32.6%  8.0448e+12  35.5%  1.854e+06   8.3%  3.083e+02       30.0%  1.066e+04  55.0% 
 5:    Linear solve: 5.8684e+02  58.5%  1.2007e+13  52.9%  1.973e+07  88.7%  6.396e+02       62.3%  6.400e+03  33.0% 

------------------------------------------------------------------------------------------------------------------------
See the 'Profiling' chapter of the users' manual for details on interpreting output.
Phase summary info:
   Count: number of times phase was executed
   Time and Flop: Max - maximum over all processors
                   Ratio - ratio of maximum to minimum over all processors
   Mess: number of messages sent
   Avg. len: average message length (bytes)
   Reduct: number of global reductions
   Global: entire computation
   Stage: stages of a computation. Set stages with PetscLogStagePush() and PetscLogStagePop().
      %T - percent time in this phase         %F - percent flop in this phase
      %M - percent messages in this phase     %L - percent message lengths in this phase
      %R - percent reductions in this phase
   Total Mflop/s: 10e-6 * (sum of flop over all processors)/(max time over all processors)
------------------------------------------------------------------------------------------------------------------------
Event                Count      Time (sec)     Flop                             --- Global ---  --- Stage ---   Total
                   Max Ratio  Max     Ratio   Max  Ratio  Mess   Avg len Reduct  %T %F %M %L %R  %T %F %M %L %R Mflop/s
------------------------------------------------------------------------------------------------------------------------

--- Event Stage 0: Main Stage

PetscBarrier          16 1.0 1.8139e+00 1.0 0.00e+00 0.0 0.0e+00 0.0e+00 4.8e+01  0  0  0  0  0   2  0  0  0  6     0
BuildTwoSided         70 1.0 2.5632e+0012.2 0.00e+00 0.0 1.0e+04 4.0e+00 0.0e+00  0  0  0  0  0   3  0  2  0  0     0
BuildTwoSidedF        12 1.0 1.4136e+00 1.7 0.00e+00 0.0 2.6e+03 2.9e+04 0.0e+00  0  0  0  0  0   1  0  1  5  0     0
SFSetGraph            76 1.0 4.5693e-03 1.2 0.00e+00 0.0 0.0e+00 0.0e+00 0.0e+00  0  0  0  0  0   0  0  0  0  0     0
SFSetUp               70 1.0 2.6565e+00 8.8 0.00e+00 0.0 3.1e+04 3.9e+03 0.0e+00  0  0  0  1  0   3  0  7  8  0     0
SFBcastBegin         963 1.0 3.0118e-01 9.0 0.00e+00 0.0 2.2e+05 3.5e+03 0.0e+00  0  0  1  3  0   0  0 50 51  0     0
SFBcastEnd           963 1.0 1.1236e+01 2.2 0.00e+00 0.0 0.0e+00 0.0e+00 0.0e+00  1  0  0  0  0   9  0  0  0  0     0
SFReduceBegin        809 1.0 8.3731e-02 4.2 0.00e+00 0.0 1.8e+05 2.7e+03 0.0e+00  0  0  1  2  0   0  0 41 32  0     0
SFReduceEnd          809 1.0 1.3506e+01 1.4 0.00e+00 0.0 0.0e+00 0.0e+00 0.0e+00  1  0  0  0  0  15  0  0  0  0     0
SFFetchOpBegin         2 1.0 1.1468e-0422.9 0.00e+00 0.0 2.3e+02 5.4e+02 0.0e+00  0  0  0  0  0   0  0  0  0  0     0
SFFetchOpEnd           2 1.0 4.4463e-0380.7 0.00e+00 0.0 2.3e+02 5.4e+02 0.0e+00  0  0  0  0  0   0  0  0  0  0     0
VecTDot               26 1.0 1.1308e-01 3.8 3.43e+06 1.0 0.0e+00 0.0e+00 2.6e+01  0  0  0  0  0   0  0  0  0  3  1205
VecNorm              414 1.0 8.0866e+00 1.5 8.61e+07 1.0 0.0e+00 0.0e+00 4.1e+02  1  0  0  0  2   8  0  0  0 53   424
VecCopy                6 1.0 2.1877e-03 2.1 0.00e+00 0.0 0.0e+00 0.0e+00 0.0e+00  0  0  0  0  0   0  0  0  0  0     0
VecSet                42 1.0 9.2335e-03 8.8 0.00e+00 0.0 0.0e+00 0.0e+00 0.0e+00  0  0  0  0  0   0  0  0  0  0     0
VecAXPY               27 1.0 1.1897e-02 2.2 3.56e+06 1.0 0.0e+00 0.0e+00 0.0e+00  0  0  0  0  0   0  0  0  0  0 11898
VecAYPX               12 1.0 3.6726e-03 1.7 1.58e+06 1.0 0.0e+00 0.0e+00 0.0e+00  0  0  0  0  0   0  0  0  0  0 17131
VecScatterBegin       17 1.0 2.6670e-03 1.6 0.00e+00 0.0 3.0e+03 2.0e+03 0.0e+00  0  0  0  0  0   0  0  1  0  0     0
VecScatterEnd         17 1.0 2.3430e-0245.7 0.00e+00 0.0 0.0e+00 0.0e+00 0.0e+00  0  0  0  0  0   0  0  0  0  0     0
MatMult               13 1.0 7.7496e-02 2.8 1.91e+07 1.0 3.0e+03 2.0e+03 0.0e+00  0  0  0  0  0   0  0  1  0  0  9762
MatSolve              14 1.0 7.6618e-02 1.5 2.04e+07 1.0 0.0e+00 0.0e+00 0.0e+00  0  0  0  0  0   0  0  0  0  0 10566
MatLUFactorNum         1 1.0 2.5787e-02 1.7 4.64e+06 1.0 0.0e+00 0.0e+00 0.0e+00  0  0  0  0  0   0  0  0  0  0  7073
MatILUFactorSym        1 1.0 2.7606e-02 3.5 0.00e+00 0.0 0.0e+00 0.0e+00 0.0e+00  0  0  0  0  0   0  0  0  0  0     0
MatAssemblyBegin      14 1.0 1.4494e+00 1.7 0.00e+00 0.0 2.6e+03 2.9e+04 0.0e+00  0  0  0  0  0   2  0  1  5  0     0
MatAssemblyEnd        14 1.0 1.3848e-01 1.6 0.00e+00 0.0 2.3e+03 7.4e+02 4.0e+01  0  0  0  0  0   0  0  1  0  5     0
MatGetRowIJ            1 1.0 1.1921e-06 0.0 0.00e+00 0.0 0.0e+00 0.0e+00 0.0e+00  0  0  0  0  0   0  0  0  0  0     0
MatGetOrdering         1 1.0 3.0019e-03 2.1 0.00e+00 0.0 0.0e+00 0.0e+00 0.0e+00  0  0  0  0  0   0  0  0  0  0     0
MatZeroEntries         1 1.0 2.6019e-03 2.6 0.00e+00 0.0 0.0e+00 0.0e+00 0.0e+00  0  0  0  0  0   0  0  0  0  0     0
PCSetUp                2 1.0 5.5881e-02 2.2 4.64e+06 1.0 0.0e+00 0.0e+00 0.0e+00  0  0  0  0  0   0  0  0  0  0  3264
PCSetUpOnBlocks        1 1.0 5.5780e-02 2.2 4.64e+06 1.0 0.0e+00 0.0e+00 0.0e+00  0  0  0  0  0   0  0  0  0  0  3270
PCApply               14 1.0 7.8709e-02 1.5 2.04e+07 1.0 0.0e+00 0.0e+00 0.0e+00  0  0  0  0  0   0  0  0  0  0 10286
KSPSetUp               2 1.0 1.8589e-03 4.8 0.00e+00 0.0 0.0e+00 0.0e+00 0.0e+00  0  0  0  0  0   0  0  0  0  0     0
KSPSolve               1 1.0 3.0495e-01 1.1 5.43e+07 1.0 3.0e+03 2.0e+03 4.0e+01  0  0  0  0  0   0  0  1  0  5  7075
SNESSolve              1 1.0 4.4943e-01 1.0 1.05e+08 1.0 3.6e+03 2.7e+03 4.0e+01  0  0  0  0  0   1  0  1  1  5  9348
SNESFunctionEval       1 1.0 3.6676e-02 2.1 1.74e+07 1.0 4.6e+02 3.6e+03 0.0e+00  0  0  0  0  0   0  0  0  0  0 19013
SNESJacobianEval       1 1.0 1.3926e-01 1.2 3.35e+07 1.0 1.7e+02 1.2e+04 0.0e+00  0  0  0  0  0   0  0  0  0  0  9630
Mesh Partition         4 1.0 4.6841e+00 1.0 0.00e+00 0.0 4.4e+04 1.5e+03 2.0e+01  0  0  0  0  0   6  0 10  4  3     0
Mesh Migration         4 1.0 9.2831e-01 1.0 0.00e+00 0.0 1.8e+04 1.8e+04 8.8e+01  0  0  0  1  0   1  0  4 21 11     0
DMPlexInterp           2 1.0 1.4920e-03 1.9 0.00e+00 0.0 0.0e+00 0.0e+00 8.0e+00  0  0  0  0  0   0  0  0  0  1     0
DMPlexDistribute       2 1.0 5.3265e+00 1.0 0.00e+00 0.0 2.2e+04 2.0e+04 4.0e+01  1  0  0  2  0   7  0  5 27  5     0
DMPlexDistCones        4 1.0 2.9686e-01 1.1 0.00e+00 0.0 4.3e+03 3.0e+04 0.0e+00  0  0  0  1  0   0  0  1  8  0     0
DMPlexDistLabels       4 1.0 4.0652e-01 1.0 0.00e+00 0.0 6.1e+03 1.9e+04 5.2e+01  0  0  0  1  0   1  0  1  7  7     0
DMPlexDistribOL        2 1.0 3.4023e-01 1.0 0.00e+00 0.0 4.1e+04 5.2e+02 6.8e+01  0  0  0  0  0   0  0  9  1  9     0
DMPlexDistField        6 1.0 8.6676e-02 1.2 0.00e+00 0.0 5.9e+03 7.4e+03 4.0e+00  0  0  0  0  0   0  0  1  3  1     0
DMPlexDistData         4 1.0 2.4209e+0017.5 0.00e+00 0.0 3.9e+04 1.0e+03 0.0e+00  0  0  0  0  0   3  0  9  3  0     0
DMPlexStratify        24 1.0 1.7898e+00 1.8 0.00e+00 0.0 0.0e+00 0.0e+00 2.4e+01  0  0  0  0  0   2  0  0  0  3     0
CreateMesh            10 1.0 6.4458e+00 1.0 0.00e+00 0.0 6.3e+04 7.1e+03 1.2e+02  1  0  0  2  1   8  0 14 29 15     0
Mesh: reorder          2 1.0 3.1513e-02 1.9 0.00e+00 0.0 0.0e+00 0.0e+00 4.0e+00  0  0  0  0  0   0  0  0  0  1     0
Mesh: numbering        2 1.0 1.3014e-01 1.2 0.00e+00 0.0 0.0e+00 0.0e+00 4.0e+00  0  0  0  0  0   0  0  0  0  1     0
CreateFunctionSpace      48 1.0 7.5627e-01 1.3 0.00e+00 0.0 1.6e+03 1.1e+03 0.0e+00  0  0  0  0  0   1  0  0  0  0     0
ParLoopExecute      2835 1.0 5.1602e+01 1.1 6.15e+10 1.0 3.7e+05 2.6e+03 2.4e+01  5 11  2  4  0  62100 83 62  3 47699
ParLoopCells        1646 1.0 2.5061e+01 1.1 6.14e+10 1.0 0.0e+00 0.0e+00 0.0e+00  2 11  0  0  0  31100  0  0  0 98013
ParLoopRednBegin    2835 1.0 5.0492e+00 1.2 0.00e+00 0.0 0.0e+00 0.0e+00 0.0e+00  0  0  0  0  0   6  0  0  0  0     0
ParLoopRednEnd      2835 1.0 4.8708e-02 1.5 0.00e+00 0.0 0.0e+00 0.0e+00 0.0e+00  0  0  0  0  0   0  0  0  0  0     0
ParLoopset_4           4 1.0 2.2335e-03 2.0 0.00e+00 0.0 0.0e+00 0.0e+00 0.0e+00  0  0  0  0  0   0  0  0  0  0     0
CreateSparsity         5 1.0 3.6862e+00 1.1 0.00e+00 0.0 3.0e+03 1.3e+04 2.8e+01  0  0  0  0  0   5  0  1  2  4     0
MatZeroInitial         5 1.0 8.2155e-01 1.2 0.00e+00 0.0 0.0e+00 0.0e+00 0.0e+00  0  0  0  0  0   1  0  0  0  0     0
ParLoopset_6           2 1.0 2.0299e-03 1.2 0.00e+00 0.0 0.0e+00 0.0e+00 0.0e+00  0  0  0  0  0   0  0  0  0  0     0
ParLoopset_7           2 1.0 2.9302e-04 2.0 0.00e+00 0.0 0.0e+00 0.0e+00 0.0e+00  0  0  0  0  0   0  0  0  0  0     0
ParLoopset_14          4 1.0 5.2619e-04 1.8 0.00e+00 0.0 0.0e+00 0.0e+00 0.0e+00  0  0  0  0  0   0  0  0  0  0     0
ParLoopset_16       2006 1.0 2.9666e-01 1.2 7.92e+07 1.0 0.0e+00 0.0e+00 0.0e+00  0  0  0  0  0   0  0  0  0  0 10604
ParLoopset_17       2006 1.0 1.8253e-01 1.2 4.72e+07 1.0 0.0e+00 0.0e+00 0.0e+00  0  0  0  0  0   0  0  0  0  0 10349

--- Event Stage 1: Warm up: DU Residuals

BuildTwoSided          4 1.0 2.1961e-02 3.2 0.00e+00 0.0 4.6e+02 4.0e+00 0.0e+00  0  0  0  0  0   0  0  4  0  0     0
BuildTwoSidedF         8 1.0 3.4328e-01 2.6 0.00e+00 0.0 3.4e+02 1.2e+04 0.0e+00  0  0  0  0  0   9  0  3 10  0     0
SFSetGraph             8 1.0 5.8722e-04 1.3 0.00e+00 0.0 0.0e+00 0.0e+00 0.0e+00  0  0  0  0  0   0  0  0  0  0     0
SFSetUp                4 1.0 2.5818e-02 3.1 0.00e+00 0.0 1.4e+03 8.6e+02 0.0e+00  0  0  0  0  0   1  0 12  3  0     0
SFBcastBegin          14 1.0 1.8477e-03 2.8 0.00e+00 0.0 3.2e+03 2.0e+03 0.0e+00  0  0  0  0  0   0  0 28 17  0     0
SFBcastEnd            14 1.0 4.3995e-02147.9 0.00e+00 0.0 0.0e+00 0.0e+00 0.0e+00  0  0  0  0  0   0  0  0  0  0     0
SFReduceBegin          8 1.0 9.1672e-04 5.3 0.00e+00 0.0 1.8e+03 2.6e+03 0.0e+00  0  0  0  0  0   0  0 16 12  0     0
SFReduceEnd            8 1.0 1.9382e-01 7.2 0.00e+00 0.0 0.0e+00 0.0e+00 0.0e+00  0  0  0  0  0   3  0  0  0  0     0
VecMDot               20 1.0 2.2874e-01 2.0 1.45e+07 1.0 0.0e+00 0.0e+00 2.0e+01  0  0  0  0  0   6  1  0  0 36  2521
VecNorm               24 1.0 2.0946e-01 1.6 3.06e+06 1.0 0.0e+00 0.0e+00 2.4e+01  0  0  0  0  0   5  0  0  0 43   581
VecScale              22 1.0 2.4989e-03 1.6 1.45e+06 1.0 0.0e+00 0.0e+00 0.0e+00  0  0  0  0  0   0  0  0  0  0 23079
VecCopy               20 1.0 6.4867e-03 1.9 0.00e+00 0.0 0.0e+00 0.0e+00 0.0e+00  0  0  0  0  0   0  0  0  0  0     0
VecSet                30 1.0 5.3942e-03 1.6 0.00e+00 0.0 0.0e+00 0.0e+00 0.0e+00  0  0  0  0  0   0  0  0  0  0     0
VecAXPY                6 1.0 2.2991e-03 2.1 6.85e+05 1.0 0.0e+00 0.0e+00 0.0e+00  0  0  0  0  0   0  0  0  0  0 11858
VecMAXPY              22 1.0 3.5840e-02 1.5 1.72e+07 1.0 0.0e+00 0.0e+00 0.0e+00  0  0  0  0  0   1  1  0  0  0 19017
VecScatterBegin       20 1.0 2.3446e-03 3.6 0.00e+00 0.0 4.6e+03 4.8e+03 0.0e+00  0  0  0  0  0   0  0 40 57  0     0
VecScatterEnd         20 1.0 1.3003e-0115.1 0.00e+00 0.0 0.0e+00 0.0e+00 0.0e+00  0  0  0  0  0   2  0  0  0  0     0
VecNormalize          22 1.0 1.8253e-01 1.7 4.35e+06 1.0 0.0e+00 0.0e+00 2.2e+01  0  0  0  0  0   4  0  0  0 39   948
MatMult               20 1.0 3.2104e-01 1.7 8.64e+07 1.0 4.6e+03 4.8e+03 0.0e+00  0  0  0  0  0   8  4 40 57  0 10680
MatSolve              24 1.0 2.2682e-01 1.4 9.56e+07 1.0 0.0e+00 0.0e+00 0.0e+00  0  0  0  0  0   6  5  0  0  0 16736
MatLUFactorNum         4 1.0 1.4174e-01 1.5 3.19e+07 1.0 0.0e+00 0.0e+00 0.0e+00  0  0  0  0  0   4  1  0  0  0  8843
MatILUFactorSym        4 1.0 1.1476e-01 1.4 0.00e+00 0.0 0.0e+00 0.0e+00 0.0e+00  0  0  0  0  0   3  0  0  0  0     0
MatAssemblyBegin       8 1.0 3.4373e-01 2.5 0.00e+00 0.0 3.4e+02 1.2e+04 0.0e+00  0  0  0  0  0   9  0  3 10  0     0
MatAssemblyEnd         8 1.0 3.2378e-02 1.2 0.00e+00 0.0 0.0e+00 0.0e+00 0.0e+00  0  0  0  0  0   1  0  0  0  0     0
MatGetRowIJ            4 1.0 1.0014e-05 0.0 0.00e+00 0.0 0.0e+00 0.0e+00 0.0e+00  0  0  0  0  0   0  0  0  0  0     0
MatGetOrdering         4 1.0 2.2141e-02 3.8 0.00e+00 0.0 0.0e+00 0.0e+00 0.0e+00  0  0  0  0  0   0  0  0  0  0     0
MatZeroEntries         4 1.0 2.9467e-02 3.6 0.00e+00 0.0 0.0e+00 0.0e+00 0.0e+00  0  0  0  0  0   0  0  0  0  0     0
PCSetUp                8 1.0 2.6136e-01 1.4 3.19e+07 1.0 0.0e+00 0.0e+00 0.0e+00  0  0  0  0  0   7  1  0  0  0  4796
PCSetUpOnBlocks        4 1.0 2.6090e-01 1.4 3.19e+07 1.0 0.0e+00 0.0e+00 0.0e+00  0  0  0  0  0   7  1  0  0  0  4804
PCApply               24 1.0 2.3100e-01 1.4 9.56e+07 1.0 0.0e+00 0.0e+00 0.0e+00  0  0  0  0  0   7  5  0  0  0 16433
KSPGMRESOrthog        20 1.0 2.5667e-01 1.8 2.90e+07 1.0 0.0e+00 0.0e+00 2.0e+01  0  0  0  0  0   7  1  0  0 36  4494
KSPSetUp               8 1.0 5.4178e-03 1.7 0.00e+00 0.0 0.0e+00 0.0e+00 0.0e+00  0  0  0  0  0   0  0  0  0  0     0
KSPSolve               4 1.0 1.0489e+00 1.0 2.50e+08 1.0 4.6e+03 4.8e+03 4.4e+01  0  0  0  0  0  35 12 40 57 79  9463
SNESSolve              4 1.0 3.0035e+00 1.0 2.11e+09 1.0 1.1e+04 3.4e+03 5.2e+01  0  0  0  0  0  99100100100 93 28010
SNESFunctionEval       4 1.0 6.7650e-01 1.2 7.67e+08 1.0 6.4e+03 1.9e+03 8.0e+00  0  0  0  0  0  20 36 57 33 14 45203
SNESJacobianEval       4 1.0 1.3961e+00 1.1 1.10e+09 1.0 3.4e+02 1.2e+04 0.0e+00  0  0  0  0  0  44 52  3 10  0 31233
ParLoopExecute        20 1.0 1.7483e+00 1.1 1.86e+09 1.0 6.4e+03 1.9e+03 8.0e+00  0  0  0  0  0  54 88 57 33 14 42432
ParLoopCells          16 1.0 6.5219e-01 1.4 1.09e+09 1.0 0.0e+00 0.0e+00 0.0e+00  0  0  0  0  0  17 52  0  0  0 66716
ParLoopRednBegin      20 1.0 1.6566e-0243.5 0.00e+00 0.0 0.0e+00 0.0e+00 0.0e+00  0  0  0  0  0   0  0  0  0  0     0
ParLoopRednEnd        20 1.0 1.1778e-04 1.4 0.00e+00 0.0 0.0e+00 0.0e+00 0.0e+00  0  0  0  0  0   0  0  0  0  0     0
ParLoopset_6           2 1.0 8.9884e-04 6.7 0.00e+00 0.0 0.0e+00 0.0e+00 0.0e+00  0  0  0  0  0   0  0  0  0  0     0
ParLoopset_7           2 1.0 1.5750e-03 1.8 0.00e+00 0.0 0.0e+00 0.0e+00 0.0e+00  0  0  0  0  0   0  0  0  0  0     0
ParLoopIntFacets      16 1.0 7.2690e-01 1.2 7.75e+08 1.0 0.0e+00 0.0e+00 0.0e+00  0  0  0  0  0  21 36  0  0  0 42196
ParLoopset_16          2 1.0 3.3689e-04 2.7 0.00e+00 0.0 0.0e+00 0.0e+00 0.0e+00  0  0  0  0  0   0  0  0  0  0     0
ParLoopset_17          2 1.0 4.8923e-04 4.6 0.00e+00 0.0 0.0e+00 0.0e+00 0.0e+00  0  0  0  0  0   0  0  0  0  0     0

--- Event Stage 2: Warm up: Linear solve

BuildTwoSided         14 1.0 3.8856e-02 2.0 0.00e+00 0.0 1.4e+03 4.0e+00 0.0e+00  0  0  0  0  0   0  0  1  0  0     0
BuildTwoSidedF        98 1.0 7.9106e-01 1.6 0.00e+00 0.0 6.3e+03 5.1e+03 0.0e+00  0  0  0  0  0  10  0  3 19  0     0
SFSetGraph            18 1.0 8.2445e-04 1.2 0.00e+00 0.0 0.0e+00 0.0e+00 0.0e+00  0  0  0  0  0   0  0  0  0  0     0
SFSetUp               14 1.0 4.4734e-02 2.1 0.00e+00 0.0 4.3e+03 5.8e+02 0.0e+00  0  0  0  0  0   0  0  2  1  0     0
SFBcastBegin          82 1.0 2.7168e-03 1.7 0.00e+00 0.0 1.8e+04 1.3e+03 0.0e+00  0  0  0  0  0   0  0  8 13  0     0
SFBcastEnd            82 1.0 1.9405e-01 5.8 0.00e+00 0.0 0.0e+00 0.0e+00 0.0e+00  0  0  0  0  0   1  0  0  0  0     0
SFReduceBegin         16 1.0 1.0475e-0224.5 0.00e+00 0.0 3.6e+03 3.1e+03 0.0e+00  0  0  0  0  0   0  0  2  7  0     0
SFReduceEnd           16 1.0 4.2026e-01 9.2 0.00e+00 0.0 0.0e+00 0.0e+00 0.0e+00  0  0  0  0  0   3  0  0  0  0     0
VecMDot              200 1.0 1.3447e-01 1.8 1.91e+07 1.0 0.0e+00 0.0e+00 2.0e+02  0  0  0  0  1   1  1  0  0 13  5598
VecTDot               20 1.0 4.7742e-02 3.8 1.59e+06 1.0 0.0e+00 0.0e+00 2.0e+01  0  0  0  0  0   0  0  0  0  1  1318
VecNorm              232 1.0 1.8394e-01 1.8 4.77e+06 1.0 0.0e+00 0.0e+00 2.3e+02  0  0  0  0  1   2  0  0  0 16  1024
VecScale             220 1.0 2.4531e-03 1.5 1.91e+06 1.0 0.0e+00 0.0e+00 0.0e+00  0  0  0  0  0   0  0  0  0  0 30689
VecCopy               96 1.0 1.1744e-02 1.5 0.00e+00 0.0 0.0e+00 0.0e+00 0.0e+00  0  0  0  0  0   0  0  0  0  0     0
VecSet               832 1.0 1.6382e-02 1.5 0.00e+00 0.0 0.0e+00 0.0e+00 0.0e+00  0  0  0  0  0   0  0  0  0  0     0
VecAXPY               42 1.0 7.0632e-03 1.6 2.36e+06 1.0 0.0e+00 0.0e+00 0.0e+00  0  0  0  0  0   0  0  0  0  0 13221
VecAYPX              488 1.0 2.1389e-02 1.2 5.84e+06 1.0 0.0e+00 0.0e+00 0.0e+00  0  0  0  0  0   0  0  0  0  0 10776
VecAXPBYCZ           240 1.0 1.6937e-02 1.5 1.04e+07 1.0 0.0e+00 0.0e+00 0.0e+00  0  0  0  0  0   0  1  0  0  0 24245
VecMAXPY             220 1.0 3.6816e-02 1.4 2.25e+07 1.0 0.0e+00 0.0e+00 0.0e+00  0  0  0  0  0   0  1  0  0  0 24166
VecAssemblyBegin      32 1.0 5.0920e-02 1.8 0.00e+00 0.0 0.0e+00 0.0e+00 0.0e+00  0  0  0  0  0   1  0  0  0  0     0
VecAssemblyEnd        32 1.0 7.0333e-05 1.4 0.00e+00 0.0 0.0e+00 0.0e+00 0.0e+00  0  0  0  0  0   0  0  0  0  0     0
VecPointwiseMult     110 1.0 7.1764e-03 1.6 9.53e+05 1.0 0.0e+00 0.0e+00 0.0e+00  0  0  0  0  0   0  0  0  0  0  5245
VecScatterBegin      762 1.0 1.5617e-02 1.3 0.00e+00 0.0 1.4e+05 6.0e+02 0.0e+00  0  0  1  0  0   0  0 66 49  0     0
VecScatterEnd        762 1.0 2.7812e-01 1.7 0.00e+00 0.0 0.0e+00 0.0e+00 0.0e+00  0  0  0  0  0   3  0  0  0  0     0
VecSetRandom          10 1.0 5.7318e-03 1.3 0.00e+00 0.0 0.0e+00 0.0e+00 0.0e+00  0  0  0  0  0   0  0  0  0  0     0
VecNormalize         220 1.0 1.1710e-01 2.1 5.72e+06 1.0 0.0e+00 0.0e+00 2.2e+02  0  0  0  0  1   1  0  0  0 15  1929
MatMult              570 1.0 4.8327e-01 1.3 1.03e+08 1.0 1.1e+05 6.1e+02 0.0e+00  0  0  1  0  0   6  5 53 40  0  8414
MatMultAdd            60 1.0 4.0383e-02 2.7 2.69e+06 1.0 9.0e+03 1.7e+02 0.0e+00  0  0  0  0  0   0  0  4  1  0  2620
MatMultTranspose      60 1.0 5.3348e-02 3.8 2.69e+06 1.0 9.0e+03 1.7e+02 0.0e+00  0  0  0  0  0   0  0  4  1  0  1983
MatSolve             482 1.3 2.5735e-01 1.3 7.89e+07 1.0 0.0e+00 0.0e+00 0.0e+00  0  0  0  0  0   3  4  0  0  0 12097
MatLUFactorSym         2 1.0 3.3140e-05 2.1 0.00e+00 0.0 0.0e+00 0.0e+00 0.0e+00  0  0  0  0  0   0  0  0  0  0     0
MatLUFactorNum        12 1.0 2.7166e-02 1.6 4.69e+06 1.1 0.0e+00 0.0e+00 0.0e+00  0  0  0  0  0   0  0  0  0  0  6651
MatILUFactorSym       10 1.0 3.0520e-02 2.3 0.00e+00 0.0 0.0e+00 0.0e+00 0.0e+00  0  0  0  0  0   0  0  0  0  0     0
MatConvert            10 1.0 1.8746e-02 1.7 0.00e+00 0.0 0.0e+00 0.0e+00 0.0e+00  0  0  0  0  0   0  0  0  0  0     0
MatScale              30 1.0 2.8641e-02 3.2 2.24e+06 1.0 2.0e+03 6.0e+02 0.0e+00  0  0  0  0  0   0  0  1  1  0  3084
MatResidual           60 1.0 6.7671e-02 2.4 1.08e+07 1.0 1.2e+04 6.0e+02 0.0e+00  0  0  0  0  0   1  1  6  4  0  6268
MatAssemblyBegin     216 1.0 7.5079e-01 1.6 0.00e+00 0.0 6.3e+03 5.1e+03 0.0e+00  0  0  0  0  0  10  0  3 19  0     0
MatAssemblyEnd       216 1.0 2.7012e-01 1.7 0.00e+00 0.0 1.8e+04 1.2e+02 4.2e+02  0  0  0  0  2   4  0  9  1 28     0
MatGetRow         259986 1.0 8.7283e-02 1.8 0.00e+00 0.0 0.0e+00 0.0e+00 0.0e+00  0  0  0  0  0   1  0  0  0  0     0
MatGetRowIJ           12 1.5 1.2875e-0513.5 0.00e+00 0.0 0.0e+00 0.0e+00 0.0e+00  0  0  0  0  0   0  0  0  0  0     0
MatCreateSubMat        8 1.0 9.0604e-03 1.0 0.00e+00 0.0 6.6e+02 1.5e+02 1.3e+02  0  0  0  0  1   0  0  0  0  9     0
MatGetOrdering        12 1.5 2.5167e-03 1.2 0.00e+00 0.0 0.0e+00 0.0e+00 0.0e+00  0  0  0  0  0   0  0  0  0  0     0
MatCoarsen            10 1.0 6.9562e-02 1.2 0.00e+00 0.0 1.3e+04 4.3e+02 3.0e+01  0  0  0  0  0   1  0  6  3  2     0
MatZeroEntries        14 1.0 2.1132e-02 1.4 0.00e+00 0.0 0.0e+00 0.0e+00 0.0e+00  0  0  0  0  0   0  0  0  0  0     0
MatAXPY               10 1.0 6.9367e-02 1.2 0.00e+00 0.0 0.0e+00 0.0e+00 0.0e+00  0  0  0  0  0   1  0  0  0  0     0
MatMatMult            10 1.0 1.0145e-01 1.0 1.79e+06 1.0 1.2e+04 3.1e+02 1.2e+02  0  0  0  0  1   1  0  6  2  8   697
MatMatMultSym         10 1.0 8.3163e-02 1.1 0.00e+00 0.0 9.8e+03 2.5e+02 1.2e+02  0  0  0  0  1   1  0  5  1  8     0
MatMatMultNum         10 1.0 2.2054e-02 1.4 1.79e+06 1.0 2.0e+03 6.0e+02 0.0e+00  0  0  0  0  0   0  0  1  1  0  3205
MatPtAP               10 1.0 2.1555e-01 1.0 8.20e+06 1.0 2.1e+04 7.0e+02 1.5e+02  0  0  0  0  1   3  0 10  9 10  1488
MatPtAPSymbolic       10 1.0 1.6215e-01 1.2 0.00e+00 0.0 1.2e+04 7.3e+02 7.0e+01  0  0  0  0  0   2  0  6  5  5     0
MatPtAPNumeric        10 1.0 7.0373e-02 1.4 8.20e+06 1.0 8.9e+03 6.7e+02 8.0e+01  0  0  0  0  0   1  0  4  3  5  4558
MatTrnMatMult          2 1.0 6.8417e-01 1.0 1.80e+07 1.0 3.0e+03 7.4e+03 3.2e+01  0  0  0  0  0  10  1  1 13  2  1040
MatTrnMatMultSym       2 1.0 3.7861e-01 1.0 0.00e+00 0.0 1.4e+03 3.5e+03 1.6e+01  0  0  0  0  0   5  0  1  3  1     0
MatTrnMatMultNum       2 1.0 3.1923e-01 1.1 1.80e+07 1.0 1.6e+03 1.1e+04 1.6e+01  0  0  0  0  0   4  1  1 10  1  2229
MatGetLocalMat        32 1.0 3.4141e-02 1.8 0.00e+00 0.0 0.0e+00 0.0e+00 0.0e+00  0  0  0  0  0   0  0  0  0  0     0
MatGetBrAoCol         30 1.0 3.0062e-02 6.0 0.00e+00 0.0 1.4e+04 7.5e+02 0.0e+00  0  0  0  0  0   0  0  7  6  0     0
PCGAMGGraph_AGG       10 1.0 3.8079e-01 1.0 1.79e+06 1.0 5.9e+03 3.0e+02 1.2e+02  0  0  0  0  1   5  0  3  1  8   186
PCGAMGCoarse_AGG      10 1.0 8.5116e-01 1.0 1.80e+07 1.0 1.9e+04 1.8e+03 7.0e+01  0  0  0  0  0  12  1  9 20  5   836
PCGAMGProl_AGG        10 1.0 1.1279e-01 1.0 0.00e+00 0.0 7.7e+03 5.8e+02 1.6e+02  0  0  0  0  1   2  0  4  3 11     0
PCGAMGPOpt_AGG        10 1.0 3.6412e-01 1.0 4.41e+07 1.0 3.1e+04 4.9e+02 4.1e+02  0  0  0  0  2   5  2 15  9 28  4778
GAMG: createProl      10 1.0 1.7046e+00 1.0 6.39e+07 1.0 6.4e+04 8.8e+02 7.6e+02  0  0  0  0  4  24  3 30 33 51  1479
  Graph               20 1.0 3.8036e-01 1.0 1.79e+06 1.0 5.9e+03 3.0e+02 1.2e+02  0  0  0  0  1   5  0  3  1  8   186
  MIS/Agg             10 1.0 6.9719e-02 1.2 0.00e+00 0.0 1.3e+04 4.3e+02 3.0e+01  0  0  0  0  0   1  0  6  3  2     0
  SA: col data        10 1.0 5.4411e-02 1.7 0.00e+00 0.0 3.9e+03 9.8e+02 4.0e+01  0  0  0  0  0   1  0  2  2  3     0
  SA: frmProl0        10 1.0 6.4883e-02 1.4 0.00e+00 0.0 3.8e+03 1.8e+02 8.0e+01  0  0  0  0  0   1  0  2  0  5     0
  SA: smooth          10 1.0 1.8361e-01 1.0 2.24e+06 1.0 1.2e+04 3.1e+02 1.4e+02  0  0  0  0  1   2  0  6  2 10   481
GAMG: partLevel       10 1.0 2.2899e-01 1.0 8.20e+06 1.0 2.2e+04 6.8e+02 3.6e+02  0  0  0  0  2   3  0 10  9 24  1401
  repartition          6 1.0 6.8474e-04 1.0 0.00e+00 0.0 0.0e+00 0.0e+00 2.4e+01  0  0  0  0  0   0  0  0  0  2     0
  Invert-Sort          4 1.0 2.0998e-03 2.4 0.00e+00 0.0 0.0e+00 0.0e+00 1.6e+01  0  0  0  0  0   0  0  0  0  1     0
  Move A               4 1.0 5.9621e-03 1.0 0.00e+00 0.0 4.1e+02 2.2e+02 6.8e+01  0  0  0  0  0   0  0  0  0  5     0
  Move P               4 1.0 3.9802e-03 1.1 0.00e+00 0.0 2.5e+02 2.1e+01 6.8e+01  0  0  0  0  0   0  0  0  0  5     0
PCSetUp               16 1.0 4.3924e+00 1.0 4.61e+08 1.0 8.9e+04 9.3e+02 1.2e+03  0  0  0  0  6  61 23 43 49 82  4191
PCSetUpOnBlocks      142 1.0 5.0411e-02 1.5 4.69e+06 1.1 0.0e+00 0.0e+00 0.0e+00  0  0  0  0  0   1  0  0  0  0  3584
PCApply                2 1.0 4.4615e+00 1.0 1.33e+09 1.0 2.0e+05 7.4e+02 1.4e+03  0  0  1  1  7  62 66 97 88 97 11908
KSPGMRESOrthog       200 1.0 1.5959e-01 1.6 3.81e+07 1.0 0.0e+00 0.0e+00 2.0e+02  0  0  0  0  1   2  2  0  0 13  9434
KSPSetUp              50 1.0 2.8422e-02 2.7 0.00e+00 0.0 0.0e+00 0.0e+00 2.4e+01  0  0  0  0  0   0  0  0  0  2     0
KSPSolve               2 1.0 6.8654e+00 1.0 1.72e+09 1.0 2.1e+05 7.9e+02 1.5e+03  1  0  1  1  8  96 85 99 96100  9980
SNESSolve              2 1.0 7.1225e+00 1.0 2.02e+09 1.0 2.1e+05 8.1e+02 1.5e+03  1  0  1  1  8 100100100100100 11343
SNESFunctionEval       2 1.0 2.9403e-01 1.2 3.06e+08 1.0 2.7e+03 2.6e+03 0.0e+00  0  0  0  0  0   4 15  1  4  0 41685
SNESJacobianEval       2 1.0 1.8439e-03 1.8 0.00e+00 0.0 0.0e+00 0.0e+00 0.0e+00  0  0  0  0  0   0  0  0  0  0     0
CreateFunctionSpace      24 1.0 4.8532e-02 1.7 0.00e+00 0.0 0.0e+00 0.0e+00 0.0e+00  0  0  0  0  0   0  0  0  0  0     0
ParLoopExecute        36 1.0 2.2033e+00 1.2 1.73e+09 1.0 1.0e+04 2.7e+03 8.0e+00  0  0  0  0  0  28 86  5 16  1 31446
ParLoopCells          36 1.0 1.5539e+00 1.2 1.73e+09 1.0 0.0e+00 0.0e+00 0.0e+00  0  0  0  0  0  20 86  0  0  0 44587
ParLoopRednBegin      36 1.0 7.9703e-04 1.4 0.00e+00 0.0 0.0e+00 0.0e+00 0.0e+00  0  0  0  0  0   0  0  0  0  0     0
ParLoopRednEnd        36 1.0 1.9455e-04 1.4 0.00e+00 0.0 0.0e+00 0.0e+00 0.0e+00  0  0  0  0  0   0  0  0  0  0     0
CreateSparsity         2 1.0 6.2114e-01 1.1 0.00e+00 0.0 1.3e+03 3.3e+03 1.2e+01  0  0  0  0  0   8  0  1  2  1     0
MatZeroInitial         2 1.0 8.3427e-02 1.5 0.00e+00 0.0 0.0e+00 0.0e+00 0.0e+00  0  0  0  0  0   1  0  0  0  0     0
ParLoopset_6           4 1.0 7.1406e-04 3.8 0.00e+00 0.0 0.0e+00 0.0e+00 0.0e+00  0  0  0  0  0   0  0  0  0  0     0
ParLoopset_7           8 1.0 9.8062e-04 1.8 0.00e+00 0.0 0.0e+00 0.0e+00 0.0e+00  0  0  0  0  0   0  0  0  0  0     0
HybridInit             2 1.0 2.4155e+00 1.0 3.85e+08 1.0 4.4e+03 2.9e+03 4.4e+01  0  0  0  0  0  33 19  2  8  3  6370
HybridBreak            2 1.0 8.3552e-02 2.3 0.00e+00 0.0 0.0e+00 0.0e+00 4.0e+00  0  0  0  0  0   1  0  0  0  0     0
HybridRHS              2 1.0 6.7676e-01 1.4 3.85e+08 1.0 4.3e+03 2.6e+03 8.0e+00  0  0  0  0  0   8 19  2  7  1 22735
ParLoopset_9           4 1.0 2.6739e-03 1.3 0.00e+00 0.0 0.0e+00 0.0e+00 0.0e+00  0  0  0  0  0   0  0  0  0  0     0
ParLoopset_8           2 1.0 3.6478e-04 2.1 0.00e+00 0.0 0.0e+00 0.0e+00 0.0e+00  0  0  0  0  0   0  0  0  0  0     0
HybridSolve            2 1.0 3.1429e+00 1.1 2.91e+08 1.0 2.0e+05 6.7e+02 1.4e+03  0  0  1  1  7  43 14 93 77 96  3655
HybridRecon            2 1.0 7.4126e-01 1.1 6.56e+08 1.0 1.8e+03 2.5e+03 0.0e+00  0  0  0  0  0  10 33  1  3  0 35421
HybridReconScalarField       2 1.0 4.6082e-01 1.5 3.85e+08 1.0 9.1e+02 2.0e+03 0.0e+00  0  0  0  0  0   5 19  0  1  0 33388
HybridReconFluxField       2 1.0 4.1558e-01 1.8 2.72e+08 1.0 9.1e+02 3.0e+03 0.0e+00  0  0  0  0  0   5 13  0  2  0 26157
HybridRecover          2 1.0 7.6434e-02 4.1 0.00e+00 0.0 9.1e+02 3.9e+03 4.0e+00  0  0  0  0  0   1  0  0  2  0     0
ParLoopset_16          4 1.0 9.3317e-04 4.9 0.00e+00 0.0 0.0e+00 0.0e+00 0.0e+00  0  0  0  0  0   0  0  0  0  0     0
ParLoopset_17          8 1.0 1.0335e-03 2.0 0.00e+00 0.0 0.0e+00 0.0e+00 0.0e+00  0  0  0  0  0   0  0  0  0  0     0
ParLoopset_19          4 1.0 1.0788e-03 1.7 0.00e+00 0.0 0.0e+00 0.0e+00 0.0e+00  0  0  0  0  0   0  0  0  0  0     0
ParLoopset_18          2 1.0 2.7084e-04 2.1 0.00e+00 0.0 0.0e+00 0.0e+00 0.0e+00  0  0  0  0  0   0  0  0  0  0     0

--- Event Stage 3: Warm up

ParLoopExecute         2 1.0 1.4529e-03 2.5 0.00e+00 0.0 0.0e+00 0.0e+00 0.0e+00  0  0  0  0  0  38  0  0  0  0     0
ParLoopRednBegin       2 1.0 4.3154e-05 1.9 0.00e+00 0.0 0.0e+00 0.0e+00 0.0e+00  0  0  0  0  0   1  0  0  0  0     0
ParLoopRednEnd         2 1.0 1.1206e-05 2.2 0.00e+00 0.0 0.0e+00 0.0e+00 0.0e+00  0  0  0  0  0   0  0  0  0  0     0
ParLoopset_16          2 1.0 6.0797e-04 3.0 0.00e+00 0.0 0.0e+00 0.0e+00 0.0e+00  0  0  0  0  0  15  0  0  0  0     0
ParLoopset_17          2 1.0 4.9305e-04 4.8 0.00e+00 0.0 0.0e+00 0.0e+00 0.0e+00  0  0  0  0  0   7  0  0  0  0     0

--- Event Stage 4: DU Residuals

SFBcastBegin        1800 1.0 9.7924e-02 1.7 0.00e+00 0.0 4.1e+05 2.6e+03 0.0e+00  0  0  2  5  0   0  0 22 15  0     0
SFBcastEnd          1800 1.0 1.4639e+01 2.1 0.00e+00 0.0 0.0e+00 0.0e+00 0.0e+00  1  0  0  0  0   3  0  0  0  0     0
SFReduceBegin       1600 1.0 9.2991e-02 2.4 0.00e+00 0.0 3.6e+05 2.6e+03 0.0e+00  0  0  2  4  0   0  0 20 14  0     0
SFReduceEnd         1600 1.0 2.9154e+01 1.5 0.00e+00 0.0 0.0e+00 0.0e+00 0.0e+00  2  0  0  0  0   7  0  0  0  0     0
VecMDot             4332 1.0 6.4932e+01 1.4 3.38e+09 1.0 0.0e+00 0.0e+00 4.3e+03  5  1  0  0 22  16  2  0  0 41  2071
VecTDot              800 1.0 4.2793e+00 1.2 6.29e+07 1.0 0.0e+00 0.0e+00 8.0e+02  0  0  0  0  4   1  0  0  0  8   588
VecNorm             5532 1.0 5.5893e+01 1.3 6.87e+08 1.0 0.0e+00 0.0e+00 5.5e+03  5  0  0  0 29  15  0  0  0 52   489
VecScale            4732 1.0 6.0042e-01 1.5 3.12e+08 1.0 0.0e+00 0.0e+00 0.0e+00  0  0  0  0  0   0  0  0  0  0 20660
VecCopy             3600 1.0 5.5167e-01 1.3 0.00e+00 0.0 0.0e+00 0.0e+00 0.0e+00  0  0  0  0  0   0  0  0  0  0     0
VecSet              6732 1.0 1.1295e+00 1.5 0.00e+00 0.0 0.0e+00 0.0e+00 0.0e+00  0  0  0  0  0   0  0  0  0  0     0
VecAXPY             2000 1.0 4.2979e-01 1.4 2.00e+08 1.0 0.0e+00 0.0e+00 0.0e+00  0  0  0  0  0   0  0  0  0  0 18542
VecMAXPY            4732 1.0 6.8363e+00 1.3 3.96e+09 1.0 0.0e+00 0.0e+00 0.0e+00  1  1  0  0  0   2  2  0  0  0 22995
VecScatterBegin     4732 1.0 2.9338e-01 1.7 0.00e+00 0.0 1.1e+06 4.5e+03 0.0e+00  0  0  5 21  0   0  0 58 71  0     0
VecScatterEnd       4732 1.0 3.9528e+01 1.7 0.00e+00 0.0 0.0e+00 0.0e+00 0.0e+00  3  0  0  0  0   9  0  0  0  0     0
VecNormalize        4732 1.0 4.6968e+01 1.3 9.36e+08 1.0 0.0e+00 0.0e+00 4.7e+03  4  0  0  0 24  12  0  0  0 44   792
MatMult             4732 1.0 7.7262e+01 1.2 1.91e+10 1.0 1.1e+06 4.5e+03 0.0e+00  7  3  5 21  0  22  9 58 71  0  9800
MatSolve            5532 1.0 4.4793e+01 1.4 2.09e+10 1.0 0.0e+00 0.0e+00 0.0e+00  4  4  0  0  0  13 10  0  0  0 18524
PCSetUpOnBlocks      800 1.0 2.7277e-03 2.5 0.00e+00 0.0 0.0e+00 0.0e+00 0.0e+00  0  0  0  0  0   0  0  0  0  0     0
PCApply             5532 1.0 4.6085e+01 1.4 2.09e+10 1.0 0.0e+00 0.0e+00 0.0e+00  4  4  0  0  0  13 10  0  0  0 18005
KSPGMRESOrthog      4332 1.0 6.9656e+01 1.4 6.77e+09 1.0 0.0e+00 0.0e+00 4.3e+03  6  1  0  0 22  18  3  0  0 41  3862
KSPSetUp             800 1.0 6.2847e-04 1.6 0.00e+00 0.0 0.0e+00 0.0e+00 0.0e+00  0  0  0  0  0   0  0  0  0  0     0
KSPSolve             800 1.0 2.3180e+02 1.0 4.85e+10 1.0 1.1e+06 4.5e+03 1.1e+04 23  8  5 21 55  70 24 58 71100  8307
SNESSolve            800 1.0 3.2622e+02 1.0 2.02e+11 1.0 1.9e+06 3.7e+03 1.1e+04 33 35  8 30 55 100100100100100 24661
SNESFunctionEval     800 1.0 1.0029e+02 1.1 1.53e+11 1.0 7.8e+05 2.6e+03 0.0e+00 10 27  3  9  0  30 76 42 29  0 60982
SNESJacobianEval     800 1.0 4.4459e-02 1.7 0.00e+00 0.0 0.0e+00 0.0e+00 0.0e+00  0  0  0  0  0   0  0  0  0  0     0
ParLoopExecute      2400 1.0 1.0003e+02 1.1 1.53e+11 1.0 7.8e+05 2.6e+03 0.0e+00 10 27  3  9  0  30 76 42 29  0 61142
ParLoopCells        1600 1.0 4.1284e+01 1.2 1.00e+11 1.0 0.0e+00 0.0e+00 0.0e+00  4 18  0  0  0  12 50  0  0  0 96908
ParLoopRednBegin    2400 1.0 2.4404e-02 3.2 0.00e+00 0.0 0.0e+00 0.0e+00 0.0e+00  0  0  0  0  0   0  0  0  0  0     0
ParLoopRednEnd      2400 1.0 2.7525e-02 2.6 0.00e+00 0.0 0.0e+00 0.0e+00 0.0e+00  0  0  0  0  0   0  0  0  0  0     0
ParLoopIntFacets    1600 1.0 2.4528e+01 1.1 5.35e+10 1.0 0.0e+00 0.0e+00 0.0e+00  2  9  0  0  0   7 26  0  0  0 86235
ParLoopset_16        800 1.0 1.1618e-01 1.6 0.00e+00 0.0 0.0e+00 0.0e+00 0.0e+00  0  0  0  0  0   0  0  0  0  0     0
ParLoopset_17        800 1.0 6.1834e-02 1.6 0.00e+00 0.0 0.0e+00 0.0e+00 0.0e+00  0  0  0  0  0   0  0  0  0  0     0

--- Event Stage 5: Linear solve

SFBcastBegin        4000 1.0 3.7323e-01 2.7 0.00e+00 0.0 9.1e+05 2.8e+03 0.0e+00  0  0  4 11  0   0  0  5 18  0     0
SFBcastEnd          4000 1.0 6.0136e+01 2.1 0.00e+00 0.0 0.0e+00 0.0e+00 0.0e+00  4  0  0  0  0   7  0  0  0  0     0
SFReduceBegin       2800 1.0 3.2331e-01 4.5 0.00e+00 0.0 6.4e+05 3.1e+03 0.0e+00  0  0  3  9  0   0  0  3 14  0     0
SFReduceEnd         2800 1.0 8.4259e+01 1.6 0.00e+00 0.0 0.0e+00 0.0e+00 0.0e+00  7  0  0  0  0  12  0  0  0  0     0
VecTDot             4000 1.0 2.0174e+01 1.3 3.18e+08 1.0 0.0e+00 0.0e+00 4.0e+03  2  0  0  0 21   3  0  0  0 62   624
VecNorm             2400 1.0 2.3573e+01 1.4 1.91e+08 1.0 0.0e+00 0.0e+00 2.4e+03  2  0  0  0 12   3  0  0  0 38   320
VecCopy            14800 1.0 9.9312e-01 1.3 0.00e+00 0.0 0.0e+00 0.0e+00 0.0e+00  0  0  0  0  0   0  0  0  0  0     0
VecSet            116000 1.0 1.7648e+00 1.3 0.00e+00 0.0 0.0e+00 0.0e+00 0.0e+00  0  0  0  0  0   0  0  0  0  0     0
VecAXPY             4400 1.0 8.3790e-01 1.4 4.02e+08 1.0 0.0e+00 0.0e+00 0.0e+00  0  0  0  0  0   0  0  0  0  0 19022
VecAYPX            97600 1.0 4.0423e+00 1.4 1.17e+09 1.0 0.0e+00 0.0e+00 0.0e+00  0  0  0  0  0   1  0  0  0  0 11403
VecAXPBYCZ         48000 1.0 2.6125e+00 1.3 2.08e+09 1.0 0.0e+00 0.0e+00 0.0e+00  0  0  0  0  0   0  1  0  0  0 31436
VecScatterBegin   102800 1.0 2.1484e+00 1.5 0.00e+00 0.0 1.8e+07 5.3e+02 0.0e+00  0  0 82 42  0   0  0 92 68  0     0
VecScatterEnd     102800 1.0 1.5037e+02 1.2 0.00e+00 0.0 0.0e+00 0.0e+00 0.0e+00 14  0  0  0  0  24  0  0  0  0     0
MatMult            74000 1.0 1.4869e+02 1.1 1.38e+10 1.0 1.5e+07 6.2e+02 0.0e+00 14  2 65 40  0  24  5 74 64  0  3659
MatMultAdd         12000 1.0 1.8022e+01 1.7 5.37e+08 1.0 1.8e+06 1.7e+02 0.0e+00  2  0  8  1  0   3  0  9  2  0  1174
MatMultTranspose   12000 1.0 1.9675e+01 1.6 5.37e+08 1.0 1.8e+06 1.7e+02 0.0e+00  1  0  8  1  0   2  0  9  2  0  1076
MatSolve           74400 1.3 3.3318e+01 1.3 1.21e+10 1.0 0.0e+00 0.0e+00 0.0e+00  3  2  0  0  0   5  4  0  0  0 14314
MatResidual        12000 1.0 2.3954e+01 1.2 2.15e+09 1.0 2.4e+06 6.0e+02 0.0e+00  2  0 11  6  0   4  1 12 10  0  3541
PCSetUpOnBlocks    26400 1.0 3.0937e-02 1.3 0.00e+00 0.0 0.0e+00 0.0e+00 0.0e+00  0  0  0  0  0   0  0  0  0  0     0
PCApply              400 1.0 5.4592e+02 1.0 2.39e+11 1.0 1.9e+07 6.7e+02 6.4e+03 54 42 86 56 33  93 80 97 90100 17498
KSPSetUp             400 1.0 2.7037e-04 1.3 0.00e+00 0.0 0.0e+00 0.0e+00 0.0e+00  0  0  0  0  0   0  0  0  0  0     0
KSPSolve             400 1.0 5.4601e+02 1.0 2.39e+11 1.0 1.9e+07 6.7e+02 6.4e+03 54 42 86 56 33  93 80 97 90100 17495
SNESSolve            400 1.0 5.8809e+02 1.0 3.01e+11 1.0 2.0e+07 7.2e+02 6.4e+03 58 53 89 62 33 100100100100100 20418
SNESFunctionEval     400 1.0 4.2591e+01 1.1 6.13e+10 1.0 5.5e+05 2.6e+03 0.0e+00  4 11  2  6  0   7 20  3 10  0 57556
SNESJacobianEval     400 1.0 2.0822e-02 1.7 0.00e+00 0.0 0.0e+00 0.0e+00 0.0e+00  0  0  0  0  0   0  0  0  0  0     0
ParLoopExecute      6400 1.0 3.3458e+02 1.0 2.70e+11 1.0 1.6e+06 2.9e+03 0.0e+00 33 48  7 20  0  56 90  8 32  0 32219
ParLoopCells        5600 1.0 2.2297e+02 1.1 2.70e+11 1.0 0.0e+00 0.0e+00 0.0e+00 21 48  0  0  0  37 90  0  0  0 48345
ParLoopRednBegin    6400 1.0 7.2974e-02 1.7 0.00e+00 0.0 0.0e+00 0.0e+00 0.0e+00  0  0  0  0  0   0  0  0  0  0     0
ParLoopRednEnd      6400 1.0 4.8622e-02 1.9 0.00e+00 0.0 0.0e+00 0.0e+00 0.0e+00  0  0  0  0  0   0  0  0  0  0     0
HybridBreak          400 1.0 5.8185e-01 1.3 0.00e+00 0.0 0.0e+00 0.0e+00 0.0e+00  0  0  0  0  0   0  0  0  0  0     0
HybridRHS            400 1.0 1.1878e+02 1.1 7.69e+10 1.0 4.6e+05 3.3e+03 0.0e+00 12 14  2  6  0  20 26  2 10  0 25907
HybridSolve          400 1.0 2.5822e+02 1.0 3.10e+10 1.0 1.8e+07 5.3e+02 6.4e+03 25  5 82 42 33  43 10 92 68100  4741
HybridRecon          400 1.0 1.5677e+02 1.1 1.31e+11 1.0 3.6e+05 2.5e+03 0.0e+00 15 23  2  4  0  26 44  2  6  0 33497
HybridReconScalarField     400 1.0 9.2189e+01 1.1 7.69e+10 1.0 1.8e+05 2.0e+03 0.0e+00  9 14  1  2  0  15 26  1  3  0 33379
HybridReconFluxField     400 1.0 6.8574e+01 1.1 5.44e+10 1.0 1.8e+05 3.0e+03 0.0e+00  7 10  1  2  0  11 18  1  4  0 31705
HybridRecover        400 1.0 2.3944e+01 1.4 0.00e+00 0.0 1.8e+05 3.9e+03 0.0e+00  2  0  1  3  0   3  0  1  5  0     0
ParLoopset_16       1600 1.0 1.9256e-01 1.5 0.00e+00 0.0 0.0e+00 0.0e+00 0.0e+00  0  0  0  0  0   0  0  0  0  0     0
ParLoopset_17       3200 1.0 2.4572e-01 1.3 0.00e+00 0.0 0.0e+00 0.0e+00 0.0e+00  0  0  0  0  0   0  0  0  0  0     0
ParLoopset_19       1600 1.0 2.2355e-01 1.4 0.00e+00 0.0 0.0e+00 0.0e+00 0.0e+00  0  0  0  0  0   0  0  0  0  0     0
ParLoopset_18        800 1.0 5.4983e-02 1.5 0.00e+00 0.0 0.0e+00 0.0e+00 0.0e+00  0  0  0  0  0   0  0  0  0  0     0
------------------------------------------------------------------------------------------------------------------------

Memory usage is given in bytes:

Object Type          Creations   Destructions     Memory  Descendants' Mem.
Reports information only for process 0.

--- Event Stage 0: Main Stage

           Container    16             16         9344     0.
              Viewer     1              0            0     0.
           Index Set   685            747     61009312     0.
   IS L to G Mapping    12             14     14856184     0.
             Section   234            242       172304     0.
   Star Forest Graph   248            260       217024     0.
              Vector    65            404     70326424     0.
         Vec Scatter     9             31      1711256     0.
              Matrix    47            191    195345412     0.
      Preconditioner     8             38        39392     0.
       Krylov Solver     8             48       417992     0.
     DMKSP interface     0              6         3984     0.
                SNES     7              7         9632     0.
      SNESLineSearch     7              7         7000     0.
              DMSNES     6              6         4080     0.
    Distributed Mesh    90             94       451664     0.
    GraphPartitioner    24             24        14880     0.
     Discrete System    90             94        87232     0.

--- Event Stage 1: Warm up: DU Residuals

           Index Set    20              8       737456     0.
   Star Forest Graph     4              0            0     0.
              Vector    52              0            0     0.
              Matrix     4              0            0     0.
      Preconditioner     4              0            0     0.
       Krylov Solver     4              0            0     0.
     DMKSP interface     4              0            0     0.

--- Event Stage 2: Warm up: Linear solve

         PetscRandom    20             20        13080     0.
           Index Set   204            154       482840     0.
   IS L to G Mapping     2              0            0     0.
             Section     8              0            0     0.
   Star Forest Graph    22             14        12064     0.
              Vector   656            368     22054992     0.
         Vec Scatter    66             44        56032     0.
              Matrix   308            168     82705664     0.
      Matrix Coarsen    10             10         6440     0.
      Preconditioner    38             12        10304     0.
       Krylov Solver    48             12       304928     0.
     DMKSP interface     2              0            0     0.
    Distributed Mesh     4              0            0     0.
     Discrete System     4              0            0     0.

--- Event Stage 3: Warm up


--- Event Stage 4: DU Residuals

              Vector     0              1       523008     0.

--- Event Stage 5: Linear solve

========================================================================================================================
Average time to get PetscTime(): 9.53674e-08
Average time for MPI_Barrier(): 1.92165e-05
Average time for zero size MPI_Send(): 2.86281e-05
#PETSc Option Table entries:
--dt 28.125
--hybridization
--method RT
--model_degree 2
--nsteps 100
--profile
--refinements 8
-log_view
#End of PETSc Option Table entries
Compiled without FORTRAN kernels
Compiled with full precision matrices (default)
sizeof(short) 2 sizeof(int) 4 sizeof(long) 8 sizeof(void*) 8 sizeof(PetscScalar) 8 sizeof(PetscInt) 4
Configure options: --prefix=/home/scratch/tg2115/src/firedrake/lib/python3.5/site-packages/petsc PETSC_ARCH=arch-python-linux-x86_64 --with-shared-libraries=1 --with-debugging=0 --with-c2html=0 --with-cc=mpicc --with-cxx=mpicxx --with-fc=mpif90 --download-eigen=/home/scratch/tg2115/src/firedrake/src/eigen-3.3.3.tgz --with-fortran-bindings=0 --download-chaco --download-metis --download-parmetis --download-scalapack --download-hypre --download-mumps --download-netcdf --download-hdf5 --download-pnetcdf --download-exodusii
-----------------------------------------
Libraries compiled on 2018-04-17 14:37:37 on mpe2 
Machine characteristics: Linux-4.4.0-116-generic-x86_64-with-Ubuntu-16.04-xenial
Using PETSc directory: /home/scratch/tg2115/src/firedrake/lib/python3.5/site-packages/petsc
Using PETSc arch: 
-----------------------------------------

Using C compiler: mpicc  -fPIC  -Wall -Wwrite-strings -Wno-strict-aliasing -Wno-unknown-pragmas -fstack-protector -fvisibility=hidden -g -O  
Using Fortran compiler: mpif90  -fPIC -Wall -ffree-line-length-0 -Wno-unused-dummy-argument -g -O    
-----------------------------------------

Using include paths: -I/home/scratch/tg2115/src/firedrake/lib/python3.5/site-packages/petsc/include -I/home/scratch/tg2115/src/firedrake/lib/python3.5/site-packages/petsc//include -I/home/scratch/tg2115/src/firedrake/lib/python3.5/site-packages/petsc/include -I/home/scratch/tg2115/src/firedrake/lib/python3.5/site-packages/petsc/include/eigen3
-----------------------------------------

Using C linker: mpicc
Using Fortran linker: mpif90
Using libraries: -Wl,-rpath,/home/scratch/tg2115/src/firedrake/lib/python3.5/site-packages/petsc/lib -L/home/scratch/tg2115/src/firedrake/lib/python3.5/site-packages/petsc/lib -lpetsc -Wl,-rpath,/home/scratch/tg2115/src/firedrake/lib/python3.5/site-packages/petsc/lib -L/home/scratch/tg2115/src/firedrake/lib/python3.5/site-packages/petsc/lib -Wl,-rpath,/usr/lib/openmpi/lib -L/usr/lib/openmpi/lib -Wl,-rpath,/usr/lib/gcc/x86_64-linux-gnu/5 -L/usr/lib/gcc/x86_64-linux-gnu/5 -Wl,-rpath,/usr/lib/x86_64-linux-gnu -L/usr/lib/x86_64-linux-gnu -Wl,-rpath,/lib/x86_64-linux-gnu -L/lib/x86_64-linux-gnu -lcmumps -ldmumps -lsmumps -lzmumps -lmumps_common -lpord -lscalapack -lHYPRE -llapack -lblas -lexodus -lnetcdf -lpnetcdf -lchaco -lhdf5hl_fortran -lhdf5_fortran -lhdf5_hl -lhdf5 -lparmetis -lmetis -lm -lX11 -lstdc++ -ldl -lmpi_usempif08 -lmpi_usempi_ignore_tkr -lmpi_mpifh -lmpi -lgfortran -lm -lgfortran -lm -lgcc_s -lquadmath -lpthread -lstdc++ -ldl
-----------------------------------------

