
Running cold initialization for the problem set:

method: RTCF,

model degree: 1,

hybridization: True,



Dt = 28.125,

Courant number (approximate): 0.19102480648252287,

Dx (min): 33.420953508953176 km,

Dx (max): 37.78298670469867 km.

Warm up with one-step.

Warm up done. Profiling run for 100 steps.


Running Williamson 5 test with parameters:

method: RTCF,

model degree: 1,

refinements: 8,

hybridization: True,

tmax: 2812.5

Simulation complete.

************************************************************************************************************************
***             WIDEN YOUR WINDOW TO 120 CHARACTERS.  Use 'enscript -r -fCourier9' to print this document            ***
************************************************************************************************************************

---------------------------------------------- PETSc Performance Summary: ----------------------------------------------

swe_williamson5.py on a  named mpe2 with 40 processors, by tg2115 Fri May  4 12:32:54 2018
Using Petsc Development GIT revision: v3.4.2-20859-g7bfdb64  GIT Date: 2018-04-03 16:04:52 -0500

                         Max       Max/Min        Avg      Total 
Time (sec):           2.104e+02      1.00007   2.104e+02
Objects:              2.431e+03      1.13651   2.160e+03
Flop:                 2.003e+11      1.00623   1.997e+11  7.986e+12
Flop/sec:            9.520e+08      1.00623   9.491e+08  3.796e+10
MPI Messages:         7.019e+05      2.24884   4.964e+05  1.986e+07
MPI Message Lengths:  5.437e+08      1.95319   6.319e+02  1.255e+10
MPI Reductions:       1.832e+04      1.00000

Flop counting convention: 1 flop = 1 real number operation of type (multiply/divide/add/subtract)
                            e.g., VecAXPY() for real vectors of length N --> 2N flop
                            and VecAXPY() for complex vectors of length N --> 8N flop

Summary of Stages:   ----- Time ------  ----- Flop -----  --- Messages ---  -- Message Lengths --  -- Reductions --
                        Avg     %Total     Avg     %Total   counts   %Total     Avg         %Total   counts   %Total 
 0:      Main Stage: 3.3224e+01  15.8%  9.7898e+11  12.3%  4.454e+05   2.2%  4.609e+01        7.3%  7.160e+02   3.9% 
 1: Warm up: DU Residuals: 9.8646e-01   0.5%  2.8143e+10   0.4%  8.778e+03   0.0%  6.612e-01        0.1%  3.600e+01   0.2% 
 2: Warm up: Linear solve: 3.7252e+00   1.8%  2.7076e+10   0.3%  1.846e+05   0.9%  5.338e+00        0.8%  1.444e+03   7.9% 
 3:         Warm up: 1.8408e-03   0.0%  0.0000e+00   0.0%  0.000e+00   0.0%  0.000e+00        0.0%  0.000e+00   0.0% 
 4:    DU Residuals: 5.9213e+01  28.1%  2.9371e+12  36.8%  1.746e+06   8.8%  1.403e+02       22.2%  9.716e+03  53.0% 
 5:    Linear solve: 1.1322e+02  53.8%  4.0151e+12  50.3%  1.747e+07  88.0%  4.395e+02       69.5%  6.400e+03  34.9% 

------------------------------------------------------------------------------------------------------------------------
See the 'Profiling' chapter of the users' manual for details on interpreting output.
Phase summary info:
   Count: number of times phase was executed
   Time and Flop: Max - maximum over all processors
                   Ratio - ratio of maximum to minimum over all processors
   Mess: number of messages sent
   Avg. len: average message length (bytes)
   Reduct: number of global reductions
   Global: entire computation
   Stage: stages of a computation. Set stages with PetscLogStagePush() and PetscLogStagePop().
      %T - percent time in this phase         %F - percent flop in this phase
      %M - percent messages in this phase     %L - percent message lengths in this phase
      %R - percent reductions in this phase
   Total Mflop/s: 10e-6 * (sum of flop over all processors)/(max time over all processors)
------------------------------------------------------------------------------------------------------------------------
Event                Count      Time (sec)     Flop                             --- Global ---  --- Stage ---   Total
                   Max Ratio  Max     Ratio   Max  Ratio  Mess   Avg len Reduct  %T %F %M %L %R  %T %F %M %L %R Mflop/s
------------------------------------------------------------------------------------------------------------------------

--- Event Stage 0: Main Stage

BuildTwoSided         72 1.0 2.1035e+0022.4 0.00e+00 0.0 1.1e+04 4.0e+00 0.0e+00  1  0  0  0  0   6  0  2  0  0     0
BuildTwoSidedF        12 1.0 3.1351e-01 2.3 0.00e+00 0.0 2.6e+03 8.1e+03 0.0e+00  0  0  0  0  0   1  0  1  2  0     0
SFSetGraph            76 1.0 4.8401e-03 1.3 0.00e+00 0.0 0.0e+00 0.0e+00 0.0e+00  0  0  0  0  0   0  0  0  0  0     0
SFSetUp               72 1.0 2.1998e+0011.8 0.00e+00 0.0 3.2e+04 4.0e+03 0.0e+00  1  0  0  1  0   6  0  7 14  0     0
SFBcastBegin         955 1.0 2.9097e-0111.2 0.00e+00 0.0 2.2e+05 2.4e+03 0.0e+00  0  0  1  4  0   0  0 50 57  0     0
SFBcastEnd           955 1.0 1.4635e+00 2.2 0.00e+00 0.0 0.0e+00 0.0e+00 0.0e+00  0  0  0  0  0   2  0  0  0  0     0
SFReduceBegin        809 1.0 3.5325e-02 2.4 0.00e+00 0.0 1.8e+05 1.2e+03 0.0e+00  0  0  1  2  0   0  0 41 24  0     0
SFReduceEnd          809 1.0 2.4943e+00 1.7 0.00e+00 0.0 0.0e+00 0.0e+00 0.0e+00  1  0  0  0  0   6  0  0  0  0     0
SFFetchOpBegin         2 1.0 3.8147e-0512.3 0.00e+00 0.0 2.3e+02 6.2e+02 0.0e+00  0  0  0  0  0   0  0  0  0  0     0
SFFetchOpEnd           2 1.0 2.5780e-0335.9 0.00e+00 0.0 2.3e+02 6.2e+02 0.0e+00  0  0  0  0  0   0  0  0  0  0     0
VecTDot               22 1.0 3.2039e-03 2.0 8.75e+05 1.0 0.0e+00 0.0e+00 2.2e+01  0  0  0  0  0   0  0  0  0  3 10800
VecNorm              412 1.0 1.6644e+00 1.8 2.43e+07 1.0 0.0e+00 0.0e+00 4.1e+02  1  0  0  0  2   4  0  0  0 58   578
VecCopy                6 1.0 6.2633e-04 2.3 0.00e+00 0.0 0.0e+00 0.0e+00 0.0e+00  0  0  0  0  0   0  0  0  0  0     0
VecSet                24 1.0 3.7806e-0311.5 0.00e+00 0.0 0.0e+00 0.0e+00 0.0e+00  0  0  0  0  0   0  0  0  0  0     0
VecAXPY               23 1.0 1.6670e-03 1.2 9.15e+05 1.0 0.0e+00 0.0e+00 0.0e+00  0  0  0  0  0   0  0  0  0  0 21701
VecAYPX               10 1.0 6.1536e-04 1.2 3.98e+05 1.0 0.0e+00 0.0e+00 0.0e+00  0  0  0  0  0   0  0  0  0  0 25560
VecScatterBegin       15 1.0 8.8716e-04 1.8 0.00e+00 0.0 2.5e+03 9.2e+02 0.0e+00  0  0  0  0  0   0  0  1  0  0     0
VecScatterEnd         15 1.0 4.3488e-04 1.8 0.00e+00 0.0 0.0e+00 0.0e+00 0.0e+00  0  0  0  0  0   0  0  0  0  0     0
MatMult               11 1.0 9.2187e-03 1.1 2.84e+06 1.0 2.5e+03 9.2e+02 0.0e+00  0  0  0  0  0   0  0  1  0  0 12199
MatSolve              12 1.0 9.9499e-03 1.1 3.07e+06 1.0 0.0e+00 0.0e+00 0.0e+00  0  0  0  0  0   0  0  0  0  0 12204
MatLUFactorNum         1 1.0 3.2432e-03 1.3 4.75e+05 1.1 0.0e+00 0.0e+00 0.0e+00  0  0  0  0  0   0  0  0  0  0  5579
MatILUFactorSym        1 1.0 2.6751e-03 1.8 0.00e+00 0.0 0.0e+00 0.0e+00 0.0e+00  0  0  0  0  0   0  0  0  0  0     0
MatAssemblyBegin      14 1.0 3.2290e-01 2.2 0.00e+00 0.0 2.6e+03 8.1e+03 0.0e+00  0  0  0  0  0   1  0  1  2  0     0
MatAssemblyEnd        14 1.0 4.0360e-02 1.8 0.00e+00 0.0 2.3e+03 3.3e+02 4.0e+01  0  0  0  0  0   0  0  1  0  6     0
MatGetRowIJ            1 1.0 1.1921e-06 0.0 0.00e+00 0.0 0.0e+00 0.0e+00 0.0e+00  0  0  0  0  0   0  0  0  0  0     0
MatGetOrdering         1 1.0 2.3985e-04 1.5 0.00e+00 0.0 0.0e+00 0.0e+00 0.0e+00  0  0  0  0  0   0  0  0  0  0     0
MatZeroEntries         1 1.0 5.7912e-04 3.2 0.00e+00 0.0 0.0e+00 0.0e+00 0.0e+00  0  0  0  0  0   0  0  0  0  0     0
PCSetUp                2 1.0 6.2499e-03 1.3 4.75e+05 1.1 0.0e+00 0.0e+00 0.0e+00  0  0  0  0  0   0  0  0  0  0  2895
PCSetUpOnBlocks        1 1.0 6.0940e-03 1.3 4.75e+05 1.1 0.0e+00 0.0e+00 0.0e+00  0  0  0  0  0   0  0  0  0  0  2969
PCApply               12 1.0 1.0707e-02 1.1 3.07e+06 1.0 0.0e+00 0.0e+00 0.0e+00  0  0  0  0  0   0  0  0  0  0 11340
KSPSetUp               2 1.0 2.9683e-04 2.1 0.00e+00 0.0 0.0e+00 0.0e+00 0.0e+00  0  0  0  0  0   0  0  0  0  0     0
KSPSolve               1 1.0 3.1868e-02 1.0 9.01e+06 1.0 2.5e+03 9.2e+02 3.4e+01  0  0  0  0  0   0  0  1  0  5 11164
SNESSolve              1 1.0 1.1086e-01 1.0 2.22e+07 1.0 3.1e+03 1.1e+03 3.4e+01  0  0  0  0  0   0  0  1  0  5  7962
SNESFunctionEval       1 1.0 3.2384e-02 1.6 6.47e+06 1.0 4.6e+02 1.5e+03 0.0e+00  0  0  0  0  0   0  0  0  0  0  7990
SNESJacobianEval       1 1.0 5.8689e-02 1.3 6.67e+06 1.0 1.7e+02 3.3e+03 0.0e+00  0  0  0  0  0   0  0  0  0  0  4543
Mesh Partition         4 1.0 3.8311e+00 1.0 0.00e+00 0.0 4.4e+04 1.5e+03 2.0e+01  2  0  0  1  0  12  0 10  7  3     0
Mesh Migration         4 1.0 8.8483e-01 1.0 0.00e+00 0.0 1.8e+04 1.9e+04 8.8e+01  0  0  0  3  0   3  0  4 38 12     0
DMPlexInterp           2 1.0 2.6956e+00 1.0 0.00e+00 0.0 0.0e+00 0.0e+00 8.0e+00  1  0  0  0  0   8  0  0  0  1     0
DMPlexDistribute       2 1.0 4.4765e+00 1.0 0.00e+00 0.0 2.2e+04 2.0e+04 4.0e+01  2  0  0  3  0  13  0  5 48  6     0
DMPlexDistCones        4 1.0 3.0188e-01 1.1 0.00e+00 0.0 4.3e+03 3.0e+04 0.0e+00  0  0  0  1  0   1  0  1 14  0     0
DMPlexDistLabels       4 1.0 3.7583e-01 1.0 0.00e+00 0.0 6.1e+03 1.9e+04 5.2e+01  0  0  0  1  0   1  0  1 13  7     0
DMPlexDistribOL        2 1.0 2.7744e-01 1.0 0.00e+00 0.0 4.1e+04 6.6e+02 6.8e+01  0  0  0  0  0   1  0  9  3  9     0
DMPlexDistField        6 1.0 8.2526e-02 1.1 0.00e+00 0.0 5.9e+03 9.8e+03 4.0e+00  0  0  0  0  0   0  0  1  6  1     0
DMPlexDistData         6 1.0 2.0302e+0028.9 0.00e+00 0.0 4.2e+04 1.0e+03 0.0e+00  1  0  0  0  0   6  0  9  5  0     0
DMPlexStratify         8 1.0 3.0975e+00 3.3 0.00e+00 0.0 0.0e+00 0.0e+00 8.0e+00  1  0  0  0  0   9  0  0  0  1     0
CreateMesh            10 1.0 5.4345e+00 1.0 0.00e+00 0.0 6.3e+04 7.4e+03 1.2e+02  3  0  0  4  1  16  0 14 51 16     0
Mesh: reorder          2 1.0 2.5873e-02 2.1 0.00e+00 0.0 0.0e+00 0.0e+00 4.0e+00  0  0  0  0  0   0  0  0  0  1     0
Mesh: numbering        2 1.0 9.2271e-02 1.1 0.00e+00 0.0 0.0e+00 0.0e+00 4.0e+00  0  0  0  0  0   0  0  0  0  1     0
CreateFunctionSpace      46 1.0 2.0322e-01 1.2 0.00e+00 0.0 4.8e+03 1.1e+03 0.0e+00  0  0  0  0  0   1  0  1  1  0     0
ParLoopExecute      2823 1.0 1.2297e+01 1.0 2.44e+10 1.0 3.7e+05 1.1e+03 1.6e+01  6 12  2  3  0  36100 83 44  2 79504
ParLoopCells        1630 1.0 8.1811e+00 1.0 2.44e+10 1.0 0.0e+00 0.0e+00 0.0e+00  4 12  0  0  0  24100  0  0  0 119331
ParLoopRednBegin    2823 1.0 7.5248e-01 1.1 0.00e+00 0.0 0.0e+00 0.0e+00 0.0e+00  0  0  0  0  0   2  0  0  0  0     0
ParLoopRednEnd      2823 1.0 3.0637e-02 1.2 0.00e+00 0.0 0.0e+00 0.0e+00 0.0e+00  0  0  0  0  0   0  0  0  0  0     0
CreateSparsity         5 1.0 9.9422e-01 1.3 0.00e+00 0.0 2.1e+03 5.4e+03 2.4e+01  0  0  0  0  0   3  0  0  1  3     0
MatZeroInitial         5 1.0 1.9772e-01 1.4 0.00e+00 0.0 0.0e+00 0.0e+00 0.0e+00  0  0  0  0  0   1  0  0  0  0     0
ParLoopset_6           2 1.0 2.1260e-03 2.4 0.00e+00 0.0 0.0e+00 0.0e+00 0.0e+00  0  0  0  0  0   0  0  0  0  0     0
ParLoopset_5           2 1.0 1.1492e-04 2.3 0.00e+00 0.0 0.0e+00 0.0e+00 0.0e+00  0  0  0  0  0   0  0  0  0  0     0
ParLoopset_14       2006 1.0 1.1177e-01 1.1 2.39e+07 1.0 0.0e+00 0.0e+00 0.0e+00  0  0  0  0  0   0  0  0  0  0  8443
ParLoopset_13       2006 1.0 6.5037e-02 1.0 1.18e+07 1.0 0.0e+00 0.0e+00 0.0e+00  0  0  0  0  0   0  0  0  0  0  7261

--- Event Stage 1: Warm up: DU Residuals

BuildTwoSided          2 1.0 6.7470e-03 2.3 0.00e+00 0.0 2.3e+02 4.0e+00 0.0e+00  0  0  0  0  0   1  0  3  0  0     0
BuildTwoSidedF         8 1.0 1.2617e-01 2.1 0.00e+00 0.0 3.4e+02 3.3e+03 0.0e+00  0  0  0  0  0  10  0  4  9  0     0
SFSetGraph             4 1.0 1.1516e-04 1.5 0.00e+00 0.0 0.0e+00 0.0e+00 0.0e+00  0  0  0  0  0   0  0  0  0  0     0
SFSetUp                2 1.0 8.1511e-03 2.6 0.00e+00 0.0 6.8e+02 5.1e+02 0.0e+00  0  0  0  0  0   1  0  8  3  0     0
SFBcastBegin          14 1.0 1.4830e-03 2.9 0.00e+00 0.0 3.2e+03 1.2e+03 0.0e+00  0  0  0  0  0   0  0 36 29  0     0
SFBcastEnd            14 1.0 9.0864e-0341.0 0.00e+00 0.0 0.0e+00 0.0e+00 0.0e+00  0  0  0  0  0   0  0  0  0  0     0
SFReduceBegin          8 1.0 2.3866e-04 1.7 0.00e+00 0.0 1.8e+03 1.1e+03 0.0e+00  0  0  0  0  0   0  0 21 15  0     0
SFReduceEnd            8 1.0 1.0514e-0167.7 0.00e+00 0.0 0.0e+00 0.0e+00 0.0e+00  0  0  0  0  0   4  0  0  0  0     0
VecMDot               12 1.0 2.7229e-02 2.6 1.67e+06 1.0 0.0e+00 0.0e+00 1.2e+01  0  0  0  0  0   2  0  0  0 33  2426
VecNorm               16 1.0 4.6685e-02 5.3 5.96e+05 1.0 0.0e+00 0.0e+00 1.6e+01  0  0  0  0  0   3  0  0  0 44   505
VecScale              14 1.0 2.8892e-0315.4 2.78e+05 1.0 0.0e+00 0.0e+00 0.0e+00  0  0  0  0  0   0  0  0  0  0  3811
VecCopy               20 1.0 1.4946e-03 1.8 0.00e+00 0.0 0.0e+00 0.0e+00 0.0e+00  0  0  0  0  0   0  0  0  0  0     0
VecSet                22 1.0 1.0736e-03 1.6 0.00e+00 0.0 0.0e+00 0.0e+00 0.0e+00  0  0  0  0  0   0  0  0  0  0     0
VecAXPY                6 1.0 5.3596e-04 2.1 1.98e+05 1.0 0.0e+00 0.0e+00 0.0e+00  0  0  0  0  0   0  0  0  0  0 14673
VecMAXPY              14 1.0 2.3229e-03 1.7 2.15e+06 1.0 0.0e+00 0.0e+00 0.0e+00  0  0  0  0  0   0  0  0  0  0 36564
VecScatterBegin       12 1.0 5.7960e-04 2.2 0.00e+00 0.0 2.7e+03 2.2e+03 0.0e+00  0  0  0  0  0   0  0 31 45  0     0
VecScatterEnd         12 1.0 1.3329e-0233.2 0.00e+00 0.0 0.0e+00 0.0e+00 0.0e+00  0  0  0  0  0   0  0  0  0  0     0
VecNormalize          14 1.0 4.6310e-02 6.0 8.35e+05 1.0 0.0e+00 0.0e+00 1.4e+01  0  0  0  0  0   3  0  0  0 39   713
MatMult               12 1.0 4.2196e-02 1.8 1.07e+07 1.0 2.7e+03 2.2e+03 0.0e+00  0  0  0  0  0   3  2 31 45  0 10064
MatSolve              16 1.0 3.3957e-02 1.5 1.25e+07 1.0 0.0e+00 0.0e+00 0.0e+00  0  0  0  0  0   3  2  0  0  0 14538
MatLUFactorNum         4 1.0 3.4912e-02 2.4 5.98e+06 1.2 0.0e+00 0.0e+00 0.0e+00  0  0  0  0  0   2  1  0  0  0  6289
MatILUFactorSym        4 1.0 1.7131e-02 1.8 0.00e+00 0.0 0.0e+00 0.0e+00 0.0e+00  0  0  0  0  0   1  0  0  0  0     0
MatAssemblyBegin       8 1.0 1.2656e-01 2.1 0.00e+00 0.0 3.4e+02 3.3e+03 0.0e+00  0  0  0  0  0  10  0  4  9  0     0
MatAssemblyEnd         8 1.0 1.0154e-02 1.7 0.00e+00 0.0 0.0e+00 0.0e+00 0.0e+00  0  0  0  0  0   1  0  0  0  0     0
MatGetRowIJ            4 1.0 7.1526e-06 0.0 0.00e+00 0.0 0.0e+00 0.0e+00 0.0e+00  0  0  0  0  0   0  0  0  0  0     0
MatGetOrdering         4 1.0 1.4770e-03 2.5 0.00e+00 0.0 0.0e+00 0.0e+00 0.0e+00  0  0  0  0  0   0  0  0  0  0     0
MatZeroEntries         4 1.0 4.8862e-03 3.4 0.00e+00 0.0 0.0e+00 0.0e+00 0.0e+00  0  0  0  0  0   0  0  0  0  0     0
PCSetUp                8 1.0 5.1714e-02 2.0 5.98e+06 1.2 0.0e+00 0.0e+00 0.0e+00  0  0  0  0  0   3  1  0  0  0  4245
PCSetUpOnBlocks        4 1.0 5.1331e-02 2.1 5.98e+06 1.2 0.0e+00 0.0e+00 0.0e+00  0  0  0  0  0   3  1  0  0  0  4277
PCApply               16 1.0 3.5436e-02 1.5 1.25e+07 1.0 0.0e+00 0.0e+00 0.0e+00  0  0  0  0  0   3  2  0  0  0 13931
KSPGMRESOrthog        12 1.0 2.8754e-02 2.4 3.34e+06 1.0 0.0e+00 0.0e+00 1.2e+01  0  0  0  0  0   2  0  0  0 33  4595
KSPSetUp               8 1.0 2.0640e-03 2.7 0.00e+00 0.0 0.0e+00 0.0e+00 0.0e+00  0  0  0  0  0   0  0  0  0  0     0
KSPSolve               4 1.0 1.4896e-01 1.1 3.40e+07 1.1 2.7e+03 2.2e+03 2.8e+01  0  0  0  0  0  15  5 31 45 78  8906
SNESSolve              4 1.0 9.7837e-01 1.0 7.08e+08 1.0 8.8e+03 1.5e+03 3.2e+01  0  0  0  0  0  99100100100 89 28765
SNESFunctionEval       4 1.0 3.7362e-01 1.2 3.22e+08 1.0 5.7e+03 1.1e+03 4.0e+00  0  0  0  0  0  33 46 65 46 11 34312
SNESJacobianEval       4 1.0 5.2331e-01 1.1 3.52e+08 1.0 3.4e+02 3.3e+03 0.0e+00  0  0  0  0  0  51 50  4  9  0 26738
ParLoopExecute        20 1.0 7.4904e-01 1.1 6.74e+08 1.0 5.7e+03 1.1e+03 4.0e+00  0  0  0  0  0  72 95 65 46 11 35795
ParLoopCells          16 1.0 2.7172e-01 1.5 3.71e+08 1.0 0.0e+00 0.0e+00 0.0e+00  0  0  0  0  0  21 53  0  0  0 54554
ParLoopRednBegin      20 1.0 5.9438e-04 1.5 0.00e+00 0.0 0.0e+00 0.0e+00 0.0e+00  0  0  0  0  0   0  0  0  0  0     0
ParLoopRednEnd        20 1.0 1.2398e-04 1.5 0.00e+00 0.0 0.0e+00 0.0e+00 0.0e+00  0  0  0  0  0   0  0  0  0  0     0
ParLoopset_6           2 1.0 1.6689e-04 2.1 0.00e+00 0.0 0.0e+00 0.0e+00 0.0e+00  0  0  0  0  0   0  0  0  0  0     0
ParLoopset_5           2 1.0 1.2920e-03 1.8 0.00e+00 0.0 0.0e+00 0.0e+00 0.0e+00  0  0  0  0  0   0  0  0  0  0     0
ParLoopIntFacets      16 1.0 3.3121e-01 1.2 3.03e+08 1.0 0.0e+00 0.0e+00 0.0e+00  0  0  0  0  0  29 43  0  0  0 36196
ParLoopset_14          2 1.0 3.1495e-04 4.1 0.00e+00 0.0 0.0e+00 0.0e+00 0.0e+00  0  0  0  0  0   0  0  0  0  0     0
ParLoopset_13          2 1.0 1.0514e-04 2.4 0.00e+00 0.0 0.0e+00 0.0e+00 0.0e+00  0  0  0  0  0   0  0  0  0  0     0

--- Event Stage 2: Warm up: Linear solve

BuildTwoSided         12 1.0 1.1464e-02 1.7 0.00e+00 0.0 1.1e+03 4.0e+00 0.0e+00  0  0  0  0  0   0  0  1  0  0     0
BuildTwoSidedF        98 1.0 1.3854e-01 2.0 0.00e+00 0.0 5.7e+03 3.0e+03 0.0e+00  0  0  0  0  0   3  0  3 16  0     0
SFSetGraph            14 1.0 2.3150e-04 1.3 0.00e+00 0.0 0.0e+00 0.0e+00 0.0e+00  0  0  0  0  0   0  0  0  0  0     0
SFSetUp               12 1.0 1.4200e-02 1.9 0.00e+00 0.0 3.2e+03 3.8e+02 0.0e+00  0  0  0  0  0   0  0  2  1  0     0
SFBcastBegin          78 1.0 1.8780e-03 1.6 0.00e+00 0.0 1.6e+04 8.0e+02 0.0e+00  0  0  0  0  0   0  0  8 12  0     0
SFBcastEnd            78 1.0 3.0462e-02 6.1 0.00e+00 0.0 0.0e+00 0.0e+00 0.0e+00  0  0  0  0  0   0  0  0  0  0     0
SFReduceBegin         16 1.0 1.2293e-03 3.9 0.00e+00 0.0 3.6e+03 1.5e+03 0.0e+00  0  0  0  0  0   0  0  2  5  0     0
SFReduceEnd           16 1.0 1.1102e-01 5.8 0.00e+00 0.0 0.0e+00 0.0e+00 0.0e+00  0  0  0  0  0   1  0  0  0  0     0
VecMDot              186 1.0 4.6153e-02 1.5 9.59e+06 1.0 0.0e+00 0.0e+00 1.9e+02  0  0  0  0  1   1  1  0  0 13  8200
VecTDot               20 1.0 1.6673e-02 4.8 7.95e+05 1.0 0.0e+00 0.0e+00 2.0e+01  0  0  0  0  0   0  0  0  0  1  1887
VecNorm              218 1.0 4.7025e-02 1.9 2.40e+06 1.0 0.0e+00 0.0e+00 2.2e+02  0  0  0  0  1   1  0  0  0 15  2011
VecScale             206 1.0 3.2403e-03 4.7 9.59e+05 1.0 0.0e+00 0.0e+00 0.0e+00  0  0  0  0  0   0  0  0  0  0 11680
VecCopy               96 1.0 2.9204e-03 1.4 0.00e+00 0.0 0.0e+00 0.0e+00 0.0e+00  0  0  0  0  0   0  0  0  0  0     0
VecSet               818 1.0 6.6450e-03 1.3 0.00e+00 0.0 0.0e+00 0.0e+00 0.0e+00  0  0  0  0  0   0  0  0  0  0     0
VecAXPY               42 1.0 2.1067e-03 1.4 1.09e+06 1.0 0.0e+00 0.0e+00 0.0e+00  0  0  0  0  0   0  0  0  0  0 20439
VecAYPX              488 1.0 1.0158e-02 1.5 2.93e+06 1.0 0.0e+00 0.0e+00 0.0e+00  0  0  0  0  0   0  0  0  0  0 11400
VecAXPBYCZ           240 1.0 6.0289e-03 1.2 5.23e+06 1.0 0.0e+00 0.0e+00 0.0e+00  0  0  0  0  0   0  1  0  0  0 34242
VecMAXPY             206 1.0 1.1279e-02 1.2 1.13e+07 1.0 0.0e+00 0.0e+00 0.0e+00  0  0  0  0  0   0  2  0  0  0 39657
VecAssemblyBegin      32 1.0 1.8627e-02 2.1 0.00e+00 0.0 0.0e+00 0.0e+00 0.0e+00  0  0  0  0  0   0  0  0  0  0     0
VecAssemblyEnd        32 1.0 6.9380e-05 1.5 0.00e+00 0.0 0.0e+00 0.0e+00 0.0e+00  0  0  0  0  0   0  0  0  0  0     0
VecPointwiseMult     110 1.0 2.8973e-03 1.6 4.80e+05 1.0 0.0e+00 0.0e+00 0.0e+00  0  0  0  0  0   0  0  0  0  0  6532
VecScatterBegin      748 1.0 8.6381e-03 1.6 0.00e+00 0.0 1.2e+05 4.6e+02 0.0e+00  0  0  1  0  0   0  0 66 53  0     0
VecScatterEnd        748 1.0 9.2866e-02 1.8 0.00e+00 0.0 0.0e+00 0.0e+00 0.0e+00  0  0  0  0  0   2  0  0  0  0     0
VecSetRandom          10 1.0 2.8868e-03 1.3 0.00e+00 0.0 0.0e+00 0.0e+00 0.0e+00  0  0  0  0  0   0  0  0  0  0     0
VecNormalize         206 1.0 3.0192e-02 2.3 2.88e+06 1.0 0.0e+00 0.0e+00 2.1e+02  0  0  0  0  1   1  0  0  0 14  3761
MatMult              556 1.0 1.7002e-01 1.3 3.80e+07 1.0 9.7e+04 4.7e+02 0.0e+00  0  0  0  0  0   4  5 53 43  0  8743
MatMultAdd            60 1.0 1.9858e-02 2.9 1.39e+06 1.0 8.2e+03 1.5e+02 0.0e+00  0  0  0  0  0   0  0  4  1  0  2758
MatMultTranspose      60 1.0 2.2359e-02 3.1 1.39e+06 1.0 8.2e+03 1.5e+02 0.0e+00  0  0  0  0  0   0  0  4  1  0  2450
MatSolve             468 1.7 7.2975e-02 1.2 2.88e+07 1.0 0.0e+00 0.0e+00 0.0e+00  0  0  0  0  0   2  4  0  0  0 15528
MatLUFactorSym         2 1.0 2.6941e-05 1.7 0.00e+00 0.0 0.0e+00 0.0e+00 0.0e+00  0  0  0  0  0   0  0  0  0  0     0
MatLUFactorNum        12 1.0 7.5226e-03 1.1 1.35e+06 1.1 0.0e+00 0.0e+00 0.0e+00  0  0  0  0  0   0  0  0  0  0  6806
MatILUFactorSym       10 1.0 4.9121e-03 1.4 0.00e+00 0.0 0.0e+00 0.0e+00 0.0e+00  0  0  0  0  0   0  0  0  0  0     0
MatConvert            10 1.0 7.5781e-03 1.3 0.00e+00 0.0 0.0e+00 0.0e+00 0.0e+00  0  0  0  0  0   0  0  0  0  0     0
MatScale              30 1.0 3.8702e-03 1.4 9.08e+05 1.0 1.7e+03 4.6e+02 0.0e+00  0  0  0  0  0   0  0  1  1  0  9191
MatResidual           60 1.0 2.9807e-02 2.9 4.05e+06 1.0 1.0e+04 4.6e+02 0.0e+00  0  0  0  0  0   0  1  5  4  0  5322
MatAssemblyBegin     216 1.0 1.2978e-01 2.2 0.00e+00 0.0 5.7e+03 3.0e+03 0.0e+00  0  0  0  0  0   3  0  3 16  0     0
MatAssemblyEnd       216 1.0 1.1207e-01 1.4 0.00e+00 0.0 1.6e+04 9.1e+01 4.2e+02  0  0  0  0  2   3  0  9  1 29     0
MatGetRow         130812 1.0 2.6970e-02 1.2 0.00e+00 0.0 0.0e+00 0.0e+00 0.0e+00  0  0  0  0  0   1  0  0  0  0     0
MatGetRowIJ           12 2.0 1.9789e-05 0.0 0.00e+00 0.0 0.0e+00 0.0e+00 0.0e+00  0  0  0  0  0   0  0  0  0  0     0
MatCreateSubMat        8 1.0 8.7969e-03 1.0 0.00e+00 0.0 2.1e+03 3.6e+02 1.3e+02  0  0  0  0  1   0  0  1  1  9     0
MatGetOrdering        12 2.0 7.2575e-04 1.5 0.00e+00 0.0 0.0e+00 0.0e+00 0.0e+00  0  0  0  0  0   0  0  0  0  0     0
MatCoarsen            10 1.0 2.2265e-02 1.3 0.00e+00 0.0 1.2e+04 3.9e+02 3.0e+01  0  0  0  0  0   1  0  6  4  2     0
MatZeroEntries        14 1.0 8.5382e-03 2.2 0.00e+00 0.0 0.0e+00 0.0e+00 0.0e+00  0  0  0  0  0   0  0  0  0  0     0
MatAXPY               10 1.0 2.6922e-02 1.1 0.00e+00 0.0 0.0e+00 0.0e+00 0.0e+00  0  0  0  0  0   1  0  0  0  0     0
MatMatMult            10 1.0 5.8900e-02 1.0 6.76e+05 1.0 1.0e+04 2.4e+02 1.2e+02  0  0  0  0  1   2  0  5  2  8   449
MatMatMultSym         10 1.0 5.0605e-02 1.1 0.00e+00 0.0 8.4e+03 2.0e+02 1.2e+02  0  0  0  0  1   1  0  5  2  8     0
MatMatMultNum         10 1.0 1.0221e-02 1.3 6.76e+05 1.0 1.7e+03 4.6e+02 0.0e+00  0  0  0  0  0   0  0  1  1  0  2587
MatPtAP               10 1.0 9.8319e-02 1.0 3.82e+06 1.1 1.7e+04 6.4e+02 1.5e+02  0  0  0  0  1   3  1  9 10 10  1502
MatPtAPSymbolic       10 1.0 6.7202e-02 1.0 0.00e+00 0.0 1.0e+04 6.1e+02 7.0e+01  0  0  0  0  0   2  0  5  6  5     0
MatPtAPNumeric        10 1.0 3.1567e-02 1.0 3.82e+06 1.1 6.9e+03 6.8e+02 8.0e+01  0  0  0  0  0   1  1  4  4  6  4678
MatTrnMatMult          2 1.0 2.1062e-01 1.0 4.82e+06 1.0 3.0e+03 4.1e+03 3.2e+01  0  0  0  0  0   6  1  2 11  2   905
MatTrnMatMultSym       2 1.0 1.1154e-01 1.0 0.00e+00 0.0 1.4e+03 1.9e+03 1.6e+01  0  0  0  0  0   3  0  1  3  1     0
MatTrnMatMultNum       2 1.0 9.9612e-02 1.0 4.82e+06 1.0 1.6e+03 5.9e+03 1.6e+01  0  0  0  0  0   3  1  1  9  1  1914
MatGetLocalMat        32 1.0 1.4132e-02 1.3 0.00e+00 0.0 0.0e+00 0.0e+00 0.0e+00  0  0  0  0  0   0  0  0  0  0     0
MatGetBrAoCol         30 1.0 1.8206e-02 3.0 0.00e+00 0.0 1.2e+04 6.0e+02 0.0e+00  0  0  0  0  0   0  0  6  7  0     0
PCGAMGGraph_AGG       10 1.0 1.2950e-01 1.0 6.76e+05 1.0 5.1e+03 2.3e+02 1.2e+02  0  0  0  0  1   3  0  3  1  8   204
PCGAMGCoarse_AGG      10 1.0 2.6272e-01 1.0 4.82e+06 1.0 1.7e+04 1.2e+03 7.0e+01  0  0  0  0  0   7  1  9 20  5   726
PCGAMGProl_AGG        10 1.0 5.9209e-02 1.0 0.00e+00 0.0 6.8e+03 4.7e+02 1.6e+02  0  0  0  0  1   2  0  4  3 11     0
PCGAMGPOpt_AGG        10 1.0 1.6890e-01 1.0 1.97e+07 1.0 2.7e+04 3.8e+02 4.1e+02  0  0  0  0  2   4  3 15 10 28  4587
GAMG: createProl      10 1.0 6.2067e-01 1.0 2.52e+07 1.0 5.6e+04 6.4e+02 7.6e+02  0  0  0  0  4  17  4 30 34 53  1598
  Graph               20 1.0 1.2901e-01 1.0 6.76e+05 1.0 5.1e+03 2.3e+02 1.2e+02  0  0  0  0  1   3  0  3  1  8   205
  MIS/Agg             10 1.0 2.2412e-02 1.2 0.00e+00 0.0 1.2e+04 3.9e+02 3.0e+01  0  0  0  0  0   1  0  6  4  2     0
  SA: col data        10 1.0 2.3606e-02 1.4 0.00e+00 0.0 3.4e+03 7.9e+02 4.0e+01  0  0  0  0  0   0  0  2  3  3     0
  SA: frmProl0        10 1.0 3.6868e-02 1.2 0.00e+00 0.0 3.4e+03 1.5e+02 8.0e+01  0  0  0  0  0   1  0  2  0  6     0
  SA: smooth          10 1.0 8.9810e-02 1.0 9.08e+05 1.0 1.0e+04 2.4e+02 1.4e+02  0  0  0  0  1   2  0  5  2 10   396
GAMG: partLevel       10 1.0 1.1059e-01 1.0 3.82e+06 1.1 1.9e+04 6.0e+02 3.5e+02  0  0  0  0  2   3  1 11 11 25  1335
  repartition          4 1.0 6.5374e-04 1.0 0.00e+00 0.0 0.0e+00 0.0e+00 2.4e+01  0  0  0  0  0   0  0  0  0  2     0
  Invert-Sort          4 1.0 1.2698e-03 1.5 0.00e+00 0.0 0.0e+00 0.0e+00 1.6e+01  0  0  0  0  0   0  0  0  0  1     0
  Move A               4 1.0 4.5848e-03 1.0 0.00e+00 0.0 1.2e+03 6.2e+02 6.8e+01  0  0  0  0  0   0  0  1  1  5     0
  Move P               4 1.0 4.9977e-03 1.0 0.00e+00 0.0 9.1e+02 2.2e+01 6.8e+01  0  0  0  0  0   0  0  0  0  5     0
PCSetUp               16 1.0 2.6613e+00 1.0 1.51e+08 1.0 7.8e+04 6.6e+02 1.2e+03  1  0  0  0  7  70 22 42 49 84  2260
PCSetUpOnBlocks      142 1.0 1.3549e-02 1.1 1.35e+06 1.1 0.0e+00 0.0e+00 0.0e+00  0  0  0  0  0   0  0  0  0  0  3779
PCApply                2 1.0 1.7565e+00 1.0 4.37e+08 1.0 1.8e+05 5.5e+02 1.4e+03  1  0  1  1  8  47 64 97 93 97  9895
KSPGMRESOrthog       186 1.0 5.4409e-02 1.4 1.92e+07 1.0 0.0e+00 0.0e+00 1.9e+02  0  0  0  0  1   1  3  0  0 13 13911
KSPSetUp              50 1.0 3.2087e-02 5.7 0.00e+00 0.0 0.0e+00 0.0e+00 2.4e+01  0  0  0  0  0   0  0  0  0  2     0
KSPSolve               2 1.0 3.6024e+00 1.0 5.57e+08 1.0 1.8e+05 5.7e+02 1.4e+03  2  0  1  1  8  97 82 99 97100  6164
SNESSolve              2 1.0 3.7171e+00 1.0 6.79e+08 1.0 1.8e+05 5.7e+02 1.4e+03  2  0  1  1  8 100100100100100  7284
SNESFunctionEval       2 1.0 1.1782e-01 1.1 1.22e+08 1.0 2.7e+03 1.1e+03 0.0e+00  0  0  0  0  0   3 18  1  3  0 41305
SNESJacobianEval       2 1.0 9.0098e-04 1.7 0.00e+00 0.0 0.0e+00 0.0e+00 0.0e+00  0  0  0  0  0   0  0  0  0  0     0
CreateFunctionSpace      24 1.0 4.9254e-02 2.1 0.00e+00 0.0 0.0e+00 0.0e+00 0.0e+00  0  0  0  0  0   1  0  0  0  0     0
ParLoopExecute        36 1.0 8.8737e-01 1.1 5.63e+08 1.0 1.0e+04 1.4e+03 8.0e+00  0  0  0  0  0  23 83  6 14  1 25379
ParLoopCells          36 1.0 6.7145e-01 1.1 5.63e+08 1.0 0.0e+00 0.0e+00 0.0e+00  0  0  0  0  0  17 83  0  0  0 33541
ParLoopRednBegin      36 1.0 9.9277e-04 1.6 0.00e+00 0.0 0.0e+00 0.0e+00 0.0e+00  0  0  0  0  0   0  0  0  0  0     0
ParLoopRednEnd        36 1.0 1.7953e-04 1.3 0.00e+00 0.0 0.0e+00 0.0e+00 0.0e+00  0  0  0  0  0   0  0  0  0  0     0
CreateSparsity         2 1.0 3.1005e-01 2.4 0.00e+00 0.0 3.4e+02 3.3e+03 8.0e+00  0  0  0  0  0   7  0  0  1  1     0
MatZeroInitial         2 1.0 2.5735e-02 1.0 0.00e+00 0.0 0.0e+00 0.0e+00 0.0e+00  0  0  0  0  0   1  0  0  0  0     0
ParLoopset_6           6 1.0 3.9673e-04 1.8 0.00e+00 0.0 0.0e+00 0.0e+00 0.0e+00  0  0  0  0  0   0  0  0  0  0     0
ParLoopset_5           8 1.0 3.7217e-04 1.6 0.00e+00 0.0 0.0e+00 0.0e+00 0.0e+00  0  0  0  0  0   0  0  0  0  0     0
HybridInit             2 1.0 1.9115e+00 1.0 1.21e+08 1.0 2.8e+03 1.6e+03 3.6e+01  1  0  0  0  0  50 18  2  4  2  2524
HybridBreak            2 1.0 8.5732e-02 3.5 0.00e+00 0.0 0.0e+00 0.0e+00 4.0e+00  0  0  0  0  0   2  0  0  0  0     0
HybridRHS              2 1.0 2.9439e-01 1.1 1.21e+08 1.0 4.3e+03 1.5e+03 8.0e+00  0  0  0  0  0   7 18  2  6  1 16387
ParLoopset_7           4 1.0 7.5710e-03 5.4 0.00e+00 0.0 0.0e+00 0.0e+00 0.0e+00  0  0  0  0  0   0  0  0  0  0     0
HybridSolve            2 1.0 1.1119e+00 1.0 1.16e+08 1.0 1.7e+05 5.1e+02 1.4e+03  1  0  1  1  8  30 17 93 83 96  4092
HybridRecon            2 1.0 2.6767e-01 1.0 2.00e+08 1.0 1.8e+03 1.3e+03 0.0e+00  0  0  0  0  0   7 30  1  2  0 29913
HybridReconScalarField       2 1.0 1.6886e-01 1.3 1.21e+08 1.0 9.1e+02 1.1e+03 0.0e+00  0  0  0  0  0   4 18  0  1  0 28568
HybridReconFluxField       2 1.0 1.3093e-01 1.4 7.96e+07 1.0 9.1e+02 1.5e+03 0.0e+00  0  0  0  0  0   3 12  0  1  0 24308
HybridRecover          2 1.0 2.8816e-02 1.5 0.00e+00 0.0 9.1e+02 2.0e+03 4.0e+00  0  0  0  0  0   1  0  0  2  0     0
ParLoopset_14          6 1.0 4.2987e-04 2.1 0.00e+00 0.0 0.0e+00 0.0e+00 0.0e+00  0  0  0  0  0   0  0  0  0  0     0
ParLoopset_13          8 1.0 4.0889e-04 1.9 0.00e+00 0.0 0.0e+00 0.0e+00 0.0e+00  0  0  0  0  0   0  0  0  0  0     0
ParLoopset_15          4 1.0 6.7782e-04 3.9 0.00e+00 0.0 0.0e+00 0.0e+00 0.0e+00  0  0  0  0  0   0  0  0  0  0     0

--- Event Stage 3: Warm up

ParLoopExecute         2 1.0 1.7960e-03 6.1 0.00e+00 0.0 0.0e+00 0.0e+00 0.0e+00  0  0  0  0  0  29  0  0  0  0     0
ParLoopRednBegin       2 1.0 3.6955e-05 2.2 0.00e+00 0.0 0.0e+00 0.0e+00 0.0e+00  0  0  0  0  0   1  0  0  0  0     0
ParLoopRednEnd         2 1.0 1.2112e-03317.5 0.00e+00 0.0 0.0e+00 0.0e+00 0.0e+00  0  0  0  0  0   2  0  0  0  0     0
ParLoopset_14          2 1.0 3.7098e-04 5.1 0.00e+00 0.0 0.0e+00 0.0e+00 0.0e+00  0  0  0  0  0   7  0  0  0  0     0
ParLoopset_13          2 1.0 1.6499e-04 3.9 0.00e+00 0.0 0.0e+00 0.0e+00 0.0e+00  0  0  0  0  0   3  0  0  0  0     0

--- Event Stage 4: DU Residuals

SFBcastBegin        1800 1.0 6.8588e-02 1.9 0.00e+00 0.0 4.1e+05 1.1e+03 0.0e+00  0  0  2  4  0   0  0 24 16  0     0
SFBcastEnd          1800 1.0 9.2439e-01 7.3 0.00e+00 0.0 0.0e+00 0.0e+00 0.0e+00  0  0  0  0  0   0  0  0  0  0     0
SFReduceBegin       1600 1.0 4.9225e-02 1.8 0.00e+00 0.0 3.6e+05 1.1e+03 0.0e+00  0  0  2  3  0   0  0 21 14  0     0
SFReduceEnd         1600 1.0 4.0170e+00 1.5 0.00e+00 0.0 0.0e+00 0.0e+00 0.0e+00  2  0  0  0  0   5  0  0  0  0     0
VecMDot             3858 1.0 8.1385e+00 1.7 8.19e+08 1.0 0.0e+00 0.0e+00 3.9e+03  3  0  0  0 21  10  1  0  0 40  3981
VecTDot              800 1.0 1.7678e-01 1.2 1.57e+07 1.0 0.0e+00 0.0e+00 8.0e+02  0  0  0  0  4   0  0  0  0  8  3559
VecNorm             5058 1.0 5.9261e+00 1.4 1.85e+08 1.0 0.0e+00 0.0e+00 5.1e+03  3  0  0  0 28   9  0  0  0 52  1236
VecScale            4258 1.0 8.4712e-02 1.2 8.47e+07 1.0 0.0e+00 0.0e+00 0.0e+00  0  0  0  0  0   0  0  0  0  0 39530
VecCopy             3600 1.0 1.5747e-01 1.2 0.00e+00 0.0 0.0e+00 0.0e+00 0.0e+00  0  0  0  0  0   0  0  0  0  0     0
VecSet              6258 1.0 3.1081e-01 1.5 0.00e+00 0.0 0.0e+00 0.0e+00 0.0e+00  0  0  0  0  0   0  0  0  0  0     0
VecAXPY             2000 1.0 8.2268e-02 1.2 5.54e+07 1.0 0.0e+00 0.0e+00 0.0e+00  0  0  0  0  0   0  0  0  0  0 26766
VecMAXPY            4258 1.0 1.0371e+00 1.1 9.73e+08 1.0 0.0e+00 0.0e+00 0.0e+00  0  0  0  0  0   2  1  0  0  0 37092
VecScatterBegin     4258 1.0 1.6688e-01 2.0 0.00e+00 0.0 9.7e+05 2.0e+03 0.0e+00  0  0  5 16  0   0  0 56 70  0     0
VecScatterEnd       4258 1.0 1.9529e+00 4.8 0.00e+00 0.0 0.0e+00 0.0e+00 0.0e+00  0  0  0  0  0   2  0  0  0  0     0
VecNormalize        4258 1.0 4.3486e+00 1.3 2.54e+08 1.0 0.0e+00 0.0e+00 4.3e+03  2  0  0  0 23   7  0  0  0 44  2310
MatMult             4258 1.0 1.1000e+01 1.3 3.49e+09 1.0 9.7e+05 2.0e+03 0.0e+00  5  2  5 16  0  17  5 56 70  0 12540
MatSolve            5058 1.0 9.2728e+00 1.2 3.81e+09 1.0 0.0e+00 0.0e+00 0.0e+00  4  2  0  0  0  14  5  0  0  0 16264
PCSetUpOnBlocks      800 1.0 2.5878e-03 2.5 0.00e+00 0.0 0.0e+00 0.0e+00 0.0e+00  0  0  0  0  0   0  0  0  0  0     0
PCApply             5058 1.0 9.6917e+00 1.2 3.81e+09 1.0 0.0e+00 0.0e+00 0.0e+00  4  2  0  0  0  15  5  0  0  0 15561
KSPGMRESOrthog      3858 1.0 8.9508e+00 1.6 1.64e+09 1.0 0.0e+00 0.0e+00 3.9e+03  3  1  0  0 21  12  2  0  0 40  7239
KSPSetUp             800 1.0 4.7851e-04 1.8 0.00e+00 0.0 0.0e+00 0.0e+00 0.0e+00  0  0  0  0  0   0  0  0  0  0     0
KSPSolve             800 1.0 3.2370e+01 1.1 9.41e+09 1.0 9.7e+05 2.0e+03 9.7e+03 15  5  5 16 53  54 13 56 70100 11498
SNESSolve            800 1.0 5.9066e+01 1.0 7.38e+10 1.0 1.7e+06 1.6e+03 9.7e+03 28 37  9 22 53  99100100100100 49725
SNESFunctionEval     800 1.0 2.7996e+01 1.1 6.44e+10 1.0 7.8e+05 1.1e+03 0.0e+00 13 32  4  7  0  46 87 44 30  0 91582
SNESJacobianEval     800 1.0 3.0748e-02 1.3 0.00e+00 0.0 0.0e+00 0.0e+00 0.0e+00  0  0  0  0  0   0  0  0  0  0     0
ParLoopExecute      2400 1.0 2.7800e+01 1.1 6.44e+10 1.0 7.8e+05 1.1e+03 0.0e+00 13 32  4  7  0  45 87 44 30  0 92227
ParLoopCells        1600 1.0 1.0730e+01 1.0 3.69e+10 1.0 0.0e+00 0.0e+00 0.0e+00  5 18  0  0  0  18 50  0  0  0 137364
ParLoopRednBegin    2400 1.0 2.7379e-02 4.1 0.00e+00 0.0 0.0e+00 0.0e+00 0.0e+00  0  0  0  0  0   0  0  0  0  0     0
ParLoopRednEnd      2400 1.0 1.1256e-02 1.2 0.00e+00 0.0 0.0e+00 0.0e+00 0.0e+00  0  0  0  0  0   0  0  0  0  0     0
ParLoopIntFacets    1600 1.0 1.2390e+01 1.0 2.76e+10 1.0 0.0e+00 0.0e+00 0.0e+00  6 14  0  0  0  21 37  0  0  0 87976
ParLoopset_14        800 1.0 4.4349e-02 1.3 0.00e+00 0.0 0.0e+00 0.0e+00 0.0e+00  0  0  0  0  0   0  0  0  0  0     0
ParLoopset_13        800 1.0 2.2121e-02 1.3 0.00e+00 0.0 0.0e+00 0.0e+00 0.0e+00  0  0  0  0  0   0  0  0  0  0     0

--- Event Stage 5: Linear solve

SFBcastBegin        4000 1.0 1.5044e-01 1.9 0.00e+00 0.0 9.1e+05 1.3e+03 0.0e+00  0  0  5 10  0   0  0  5 14  0     0
SFBcastEnd          4000 1.0 3.8388e+00 2.6 0.00e+00 0.0 0.0e+00 0.0e+00 0.0e+00  1  0  0  0  0   2  0  0  0  0     0
SFReduceBegin       2800 1.0 1.0146e-01 2.0 0.00e+00 0.0 6.4e+05 1.5e+03 0.0e+00  0  0  3  8  0   0  0  4 11  0     0
SFReduceEnd         2800 1.0 6.7595e+00 1.6 0.00e+00 0.0 0.0e+00 0.0e+00 0.0e+00  3  0  0  0  0   5  0  0  0  0     0
VecTDot             4000 1.0 1.2372e+00 1.4 1.59e+08 1.0 0.0e+00 0.0e+00 4.0e+03  0  0  0  0 22   1  0  0  0 62  5085
VecNorm             2400 1.0 3.6387e+00 1.6 9.55e+07 1.0 0.0e+00 0.0e+00 2.4e+03  1  0  0  0 13   3  0  0  0 38  1037
VecCopy            14800 1.0 3.3203e-01 1.2 0.00e+00 0.0 0.0e+00 0.0e+00 0.0e+00  0  0  0  0  0   0  0  0  0  0     0
VecSet            116000 1.0 8.6663e-01 1.2 0.00e+00 0.0 0.0e+00 0.0e+00 0.0e+00  0  0  0  0  0   1  0  0  0  0     0
VecAXPY             4400 1.0 2.8543e-01 1.1 1.83e+08 1.0 0.0e+00 0.0e+00 0.0e+00  0  0  0  0  0   0  0  0  0  0 25348
VecAYPX            97600 1.0 1.7129e+00 1.2 5.87e+08 1.0 0.0e+00 0.0e+00 0.0e+00  1  0  0  0  0   1  1  0  0  0 13521
VecAXPBYCZ         48000 1.0 1.1598e+00 1.1 1.05e+09 1.0 0.0e+00 0.0e+00 0.0e+00  1  1  0  0  0   1  1  0  0  0 35600
VecScatterBegin   102800 1.0 1.2070e+00 1.7 0.00e+00 0.0 1.6e+07 4.1e+02 0.0e+00  0  0 80 52  0   1  0 91 75  0     0
VecScatterEnd     102800 1.0 1.4375e+01 1.2 0.00e+00 0.0 0.0e+00 0.0e+00 0.0e+00  6  0  0  0  0  11  0  0  0  0     0
MatMult            74000 1.0 2.3623e+01 1.1 5.07e+09 1.0 1.3e+07 4.8e+02 0.0e+00 11  2 64 48  0  20  5 72 69  0  8400
MatMultAdd         12000 1.0 4.1131e+00 2.4 2.79e+08 1.0 1.6e+06 1.5e+02 0.0e+00  1  0  8  2  0   3  0  9  3  0  2663
MatMultTranspose   12000 1.0 2.7126e+00 1.4 2.79e+08 1.0 1.6e+06 1.5e+02 0.0e+00  1  0  8  2  0   2  0  9  3  0  4039
MatSolve           74400 1.7 1.1049e+01 1.1 4.41e+09 1.0 0.0e+00 0.0e+00 0.0e+00  5  2  0  0  0   9  4  0  0  0 15711
MatResidual        12000 1.0 3.9361e+00 1.2 8.11e+08 1.0 2.0e+06 4.6e+02 0.0e+00  2  0 10  7  0   3  1 12 11  0  8061
PCSetUpOnBlocks    26400 1.0 2.2197e-02 1.4 0.00e+00 0.0 0.0e+00 0.0e+00 0.0e+00  0  0  0  0  0   0  0  0  0  0     0
PCApply              400 1.0 1.0300e+02 1.0 7.62e+10 1.0 1.7e+07 4.8e+02 6.4e+03 49 38 85 65 35  91 76 97 93100 29522
KSPSetUp             400 1.0 2.3818e-04 1.5 0.00e+00 0.0 0.0e+00 0.0e+00 0.0e+00  0  0  0  0  0   0  0  0  0  0     0
KSPSolve             400 1.0 1.0304e+02 1.0 7.62e+10 1.0 1.7e+07 4.8e+02 6.4e+03 49 38 85 65 35  91 76 97 93100 29511
SNESSolve            400 1.0 1.1317e+02 1.0 1.01e+11 1.0 1.7e+07 5.0e+02 6.4e+03 54 50 88 70 35 100100100100100 35480
SNESFunctionEval     400 1.0 1.0253e+01 1.1 2.43e+10 1.0 5.5e+05 1.1e+03 0.0e+00  5 12  3  5  0   9 24  3  7  0 94925
SNESJacobianEval     400 1.0 1.6748e-02 1.4 0.00e+00 0.0 0.0e+00 0.0e+00 0.0e+00  0  0  0  0  0   0  0  0  0  0     0
ParLoopExecute      6400 1.0 5.9463e+01 1.0 8.85e+10 1.0 1.6e+06 1.4e+03 0.0e+00 28 44  8 18  0  52 88  9 25  0 59523
ParLoopCells        5600 1.0 4.9836e+01 1.0 8.85e+10 1.0 0.0e+00 0.0e+00 0.0e+00 23 44  0  0  0  44 88  0  0  0 71021
ParLoopRednBegin    6400 1.0 5.0757e-02 1.3 0.00e+00 0.0 0.0e+00 0.0e+00 0.0e+00  0  0  0  0  0   0  0  0  0  0     0
ParLoopRednEnd      6400 1.0 2.7065e-02 1.2 0.00e+00 0.0 0.0e+00 0.0e+00 0.0e+00  0  0  0  0  0   0  0  0  0  0     0
HybridBreak          400 1.0 3.1699e-01 1.2 0.00e+00 0.0 0.0e+00 0.0e+00 0.0e+00  0  0  0  0  0   0  0  0  0  0     0
HybridRHS            400 1.0 2.3442e+01 1.0 2.41e+10 1.0 4.6e+05 1.7e+03 0.0e+00 11 12  2  6  0  20 24  3  9  0 41157
HybridSolve          400 1.0 5.2286e+01 1.0 1.21e+10 1.0 1.6e+07 4.1e+02 6.4e+03 25  6 80 52 35  46 12 91 75100  9080
HybridRecon          400 1.0 2.5044e+01 1.0 4.00e+10 1.0 3.6e+05 1.3e+03 0.0e+00 12 20  2  4  0  22 40  2  5  0 63941
HybridReconScalarField     400 1.0 1.4431e+01 1.1 2.41e+10 1.0 1.8e+05 1.1e+03 0.0e+00  7 12  1  2  0  12 24  1  2  0 66857
HybridReconFluxField     400 1.0 1.0896e+01 1.1 1.59e+10 1.0 1.8e+05 1.5e+03 0.0e+00  5  8  1  2  0   9 16  1  3  0 58419
HybridRecover        400 1.0 3.4242e+00 1.2 0.00e+00 0.0 1.8e+05 2.0e+03 0.0e+00  1  0  1  3  0   3  0  1  4  0     0
ParLoopset_14       2400 1.0 1.0183e-01 1.3 0.00e+00 0.0 0.0e+00 0.0e+00 0.0e+00  0  0  0  0  0   0  0  0  0  0     0
ParLoopset_13       3200 1.0 1.0059e-01 1.1 0.00e+00 0.0 0.0e+00 0.0e+00 0.0e+00  0  0  0  0  0   0  0  0  0  0     0
ParLoopset_15       1600 1.0 9.6175e-02 1.4 0.00e+00 0.0 0.0e+00 0.0e+00 0.0e+00  0  0  0  0  0   0  0  0  0  0     0
------------------------------------------------------------------------------------------------------------------------

Memory usage is given in bytes:

Object Type          Creations   Destructions     Memory  Descendants' Mem.
Reports information only for process 0.

--- Event Stage 0: Main Stage

              Viewer     1              0            0     0.
           Index Set   485            547     55682112     0.
   IS L to G Mapping    12             12      5675224     0.
             Section   118            122        86864     0.
   Star Forest Graph   150            156       132032     0.
              Vector    49            384     38904720     0.
         Vec Scatter     9             30       506336     0.
              Matrix    31            172     44662072     0.
      Preconditioner     8             38        39392     0.
       Krylov Solver     8             48       417992     0.
     DMKSP interface     0              6         3984     0.
                SNES     7              7         9632     0.
      SNESLineSearch     7              7         7000     0.
              DMSNES     6              6         4080     0.
    Distributed Mesh    40             42       201296     0.
    GraphPartitioner     8              8         4960     0.
     Discrete System    40             42        38976     0.

--- Event Stage 1: Warm up: DU Residuals

           Index Set    12              0            0     0.
   Star Forest Graph     2              0            0     0.
              Vector    52              0            0     0.
              Matrix     4              0            0     0.
      Preconditioner     4              0            0     0.
       Krylov Solver     4              0            0     0.
     DMKSP interface     4              0            0     0.

--- Event Stage 2: Warm up: Linear solve

         PetscRandom    20             20        13080     0.
           Index Set   200            150       167656     0.
             Section     4              0            0     0.
   Star Forest Graph    16             12        10432     0.
              Vector   654            368     11393232     0.
         Vec Scatter    66             44        56160     0.
              Matrix   308            168     34901368     0.
      Matrix Coarsen    10             10         6440     0.
      Preconditioner    38             12        10304     0.
       Krylov Solver    48             12       304928     0.
     DMKSP interface     2              0            0     0.
    Distributed Mesh     2              0            0     0.
     Discrete System     2              0            0     0.

--- Event Stage 3: Warm up


--- Event Stage 4: DU Residuals

              Vector     0              1       157104     0.

--- Event Stage 5: Linear solve

              Vector     0              2         6920     0.
         Vec Scatter     0              1         1272     0.
              Matrix     0              3      2420572     0.
========================================================================================================================
Average time to get PetscTime(): 0.
Average time for MPI_Barrier(): 0.000195408
Average time for zero size MPI_Send(): 2.985e-05
#PETSc Option Table entries:
--dt 28.125
--hybridization
--method RTCF
--model_degree 1
--nsteps 100
--profile
--refinements 8
-log_view
#End of PETSc Option Table entries
Compiled without FORTRAN kernels
Compiled with full precision matrices (default)
sizeof(short) 2 sizeof(int) 4 sizeof(long) 8 sizeof(void*) 8 sizeof(PetscScalar) 8 sizeof(PetscInt) 4
Configure options: --prefix=/home/scratch/tg2115/src/firedrake/lib/python3.5/site-packages/petsc PETSC_ARCH=arch-python-linux-x86_64 --with-shared-libraries=1 --with-debugging=0 --with-c2html=0 --with-cc=mpicc --with-cxx=mpicxx --with-fc=mpif90 --download-eigen=/home/scratch/tg2115/src/firedrake/src/eigen-3.3.3.tgz --with-fortran-bindings=0 --download-chaco --download-metis --download-parmetis --download-scalapack --download-hypre --download-mumps --download-netcdf --download-hdf5 --download-pnetcdf --download-exodusii
-----------------------------------------
Libraries compiled on 2018-04-17 14:37:37 on mpe2 
Machine characteristics: Linux-4.4.0-116-generic-x86_64-with-Ubuntu-16.04-xenial
Using PETSc directory: /home/scratch/tg2115/src/firedrake/lib/python3.5/site-packages/petsc
Using PETSc arch: 
-----------------------------------------

Using C compiler: mpicc  -fPIC  -Wall -Wwrite-strings -Wno-strict-aliasing -Wno-unknown-pragmas -fstack-protector -fvisibility=hidden -g -O  
Using Fortran compiler: mpif90  -fPIC -Wall -ffree-line-length-0 -Wno-unused-dummy-argument -g -O    
-----------------------------------------

Using include paths: -I/home/scratch/tg2115/src/firedrake/lib/python3.5/site-packages/petsc/include -I/home/scratch/tg2115/src/firedrake/lib/python3.5/site-packages/petsc//include -I/home/scratch/tg2115/src/firedrake/lib/python3.5/site-packages/petsc/include -I/home/scratch/tg2115/src/firedrake/lib/python3.5/site-packages/petsc/include/eigen3
-----------------------------------------

Using C linker: mpicc
Using Fortran linker: mpif90
Using libraries: -Wl,-rpath,/home/scratch/tg2115/src/firedrake/lib/python3.5/site-packages/petsc/lib -L/home/scratch/tg2115/src/firedrake/lib/python3.5/site-packages/petsc/lib -lpetsc -Wl,-rpath,/home/scratch/tg2115/src/firedrake/lib/python3.5/site-packages/petsc/lib -L/home/scratch/tg2115/src/firedrake/lib/python3.5/site-packages/petsc/lib -Wl,-rpath,/usr/lib/openmpi/lib -L/usr/lib/openmpi/lib -Wl,-rpath,/usr/lib/gcc/x86_64-linux-gnu/5 -L/usr/lib/gcc/x86_64-linux-gnu/5 -Wl,-rpath,/usr/lib/x86_64-linux-gnu -L/usr/lib/x86_64-linux-gnu -Wl,-rpath,/lib/x86_64-linux-gnu -L/lib/x86_64-linux-gnu -lcmumps -ldmumps -lsmumps -lzmumps -lmumps_common -lpord -lscalapack -lHYPRE -llapack -lblas -lexodus -lnetcdf -lpnetcdf -lchaco -lhdf5hl_fortran -lhdf5_fortran -lhdf5_hl -lhdf5 -lparmetis -lmetis -lm -lX11 -lstdc++ -ldl -lmpi_usempif08 -lmpi_usempi_ignore_tkr -lmpi_mpifh -lmpi -lgfortran -lm -lgfortran -lm -lgcc_s -lquadmath -lpthread -lstdc++ -ldl
-----------------------------------------

