
Running cold initialization for the problem set:

method: RTCF,

model degree: 2,

hybridization: True,



Dt = 28.125,

Courant number (approximate): 0.19102480648252287,

Dx (min): 33.420953508953176 km,

Dx (max): 37.78298670469867 km.

Warm up with one-step.

Warm up done. Profiling run for 100 steps.


Running Williamson 5 test with parameters:

method: RTCF,

model degree: 2,

refinements: 8,

hybridization: True,

tmax: 2812.5

Simulation complete.

************************************************************************************************************************
***             WIDEN YOUR WINDOW TO 120 CHARACTERS.  Use 'enscript -r -fCourier9' to print this document            ***
************************************************************************************************************************

---------------------------------------------- PETSc Performance Summary: ----------------------------------------------

swe_williamson5.py on a  named mpe2 with 40 processors, by tg2115 Fri May  4 13:52:44 2018
Using Petsc Development GIT revision: v3.4.2-20859-g7bfdb64  GIT Date: 2018-04-03 16:04:52 -0500

                         Max       Max/Min        Avg      Total 
Time (sec):           6.985e+02      1.00000   6.985e+02
Objects:              2.477e+03      1.13364   2.206e+03
Flop:                 5.425e+11      1.00614   5.409e+11  2.163e+13
Flop/sec:            7.767e+08      1.00614   7.744e+08  3.097e+10
MPI Messages:         6.939e+05      2.24628   4.933e+05  1.973e+07
MPI Message Lengths:  9.616e+08      1.49466   1.440e+03  2.842e+10
MPI Reductions:       1.672e+04      1.00000

Flop counting convention: 1 flop = 1 real number operation of type (multiply/divide/add/subtract)
                            e.g., VecAXPY() for real vectors of length N --> 2N flop
                            and VecAXPY() for complex vectors of length N --> 8N flop

Summary of Stages:   ----- Time ------  ----- Flop -----  --- Messages ---  -- Message Lengths --  -- Reductions --
                        Avg     %Total     Avg     %Total   counts   %Total     Avg         %Total   counts   %Total 
 0:      Main Stage: 5.6403e+01   8.1%  2.0878e+12   9.7%  4.463e+05   2.3%  1.124e+02        7.8%  7.200e+02   4.3% 
 1: Warm up: DU Residuals: 3.8588e+00   0.6%  9.0178e+10   0.4%  9.006e+03   0.0%  2.231e+00        0.2%  3.600e+01   0.2% 
 2: Warm up: Linear solve: 8.0139e+00   1.1%  7.3018e+10   0.3%  1.868e+05   0.9%  1.122e+01        0.8%  1.464e+03   8.8% 
 3:         Warm up: 2.5228e-03   0.0%  0.0000e+00   0.0%  0.000e+00   0.0%  0.000e+00        0.0%  0.000e+00   0.0% 
 4:    DU Residuals: 2.6144e+02  37.4%  8.7772e+12  40.6%  1.561e+06   7.9%  4.492e+02       31.2%  8.094e+03  48.4% 
 5:    Linear solve: 3.6875e+02  52.8%  1.0606e+13  49.0%  1.753e+07  88.8%  8.652e+02       60.1%  6.400e+03  38.3% 

------------------------------------------------------------------------------------------------------------------------
See the 'Profiling' chapter of the users' manual for details on interpreting output.
Phase summary info:
   Count: number of times phase was executed
   Time and Flop: Max - maximum over all processors
                   Ratio - ratio of maximum to minimum over all processors
   Mess: number of messages sent
   Avg. len: average message length (bytes)
   Reduct: number of global reductions
   Global: entire computation
   Stage: stages of a computation. Set stages with PetscLogStagePush() and PetscLogStagePop().
      %T - percent time in this phase         %F - percent flop in this phase
      %M - percent messages in this phase     %L - percent message lengths in this phase
      %R - percent reductions in this phase
   Total Mflop/s: 10e-6 * (sum of flop over all processors)/(max time over all processors)
------------------------------------------------------------------------------------------------------------------------
Event                Count      Time (sec)     Flop                             --- Global ---  --- Stage ---   Total
                   Max Ratio  Max     Ratio   Max  Ratio  Mess   Avg len Reduct  %T %F %M %L %R  %T %F %M %L %R Mflop/s
------------------------------------------------------------------------------------------------------------------------

--- Event Stage 0: Main Stage

BuildTwoSided         72 1.0 2.1163e+0022.0 0.00e+00 0.0 1.1e+04 4.0e+00 0.0e+00  0  0  0  0  0   4  0  2  0  0     0
BuildTwoSidedF        12 1.0 1.8908e+00 2.5 0.00e+00 0.0 2.6e+03 7.6e+04 0.0e+00  0  0  0  1  0   3  0  1  9  0     0
SFSetGraph            76 1.0 4.8749e-03 1.2 0.00e+00 0.0 0.0e+00 0.0e+00 0.0e+00  0  0  0  0  0   0  0  0  0  0     0
SFSetUp               72 1.0 2.2151e+0010.9 0.00e+00 0.0 3.2e+04 4.0e+03 0.0e+00  0  0  0  0  0   4  0  7  6  0     0
SFBcastBegin         959 1.0 3.1660e-01 7.4 0.00e+00 0.0 2.2e+05 4.7e+03 0.0e+00  0  0  1  4  0   0  0 50 48  0     0
SFBcastEnd           959 1.0 3.5334e+00 2.3 0.00e+00 0.0 0.0e+00 0.0e+00 0.0e+00  0  0  0  0  0   4  0  0  0  0     0
SFReduceBegin        809 1.0 3.4258e-02 1.5 0.00e+00 0.0 1.8e+05 4.1e+03 0.0e+00  0  0  1  3  0   0  0 41 34  0     0
SFReduceEnd          809 1.0 4.3359e+00 1.7 0.00e+00 0.0 0.0e+00 0.0e+00 0.0e+00  0  0  0  0  0   6  0  0  0  0     0
SFFetchOpBegin         2 1.0 3.4332e-05 6.5 0.00e+00 0.0 2.3e+02 6.2e+02 0.0e+00  0  0  0  0  0   0  0  0  0  0     0
SFFetchOpEnd           2 1.0 2.6872e-0346.4 0.00e+00 0.0 2.3e+02 6.2e+02 0.0e+00  0  0  0  0  0   0  0  0  0  0     0
VecTDot               22 1.0 5.2222e-02 4.1 3.48e+06 1.0 0.0e+00 0.0e+00 2.2e+01  0  0  0  0  0   0  0  0  0  3  2650
VecNorm              412 1.0 2.7369e+00 2.0 9.66e+07 1.0 0.0e+00 0.0e+00 4.1e+02  0  0  0  0  2   4  0  0  0 57  1407
VecCopy                6 1.0 7.0837e-03 4.5 0.00e+00 0.0 0.0e+00 0.0e+00 0.0e+00  0  0  0  0  0   0  0  0  0  0     0
VecSet                24 1.0 6.8738e-03 4.4 0.00e+00 0.0 0.0e+00 0.0e+00 0.0e+00  0  0  0  0  0   0  0  0  0  0     0
VecAXPY               23 1.0 1.2589e-02 1.4 3.64e+06 1.0 0.0e+00 0.0e+00 0.0e+00  0  0  0  0  0   0  0  0  0  0 11495
VecAYPX               10 1.0 3.9175e-03 1.3 1.58e+06 1.0 0.0e+00 0.0e+00 0.0e+00  0  0  0  0  0   0  0  0  0  0 16060
VecScatterBegin       15 1.0 2.5969e-03 1.5 0.00e+00 0.0 2.5e+03 3.1e+03 0.0e+00  0  0  0  0  0   0  0  1  0  0     0
VecScatterEnd         15 1.0 1.7172e-0226.0 0.00e+00 0.0 0.0e+00 0.0e+00 0.0e+00  0  0  0  0  0   0  0  0  0  0     0
MatMult               11 1.0 9.3633e-02 1.3 2.88e+07 1.0 2.5e+03 3.1e+03 0.0e+00  0  0  0  0  0   0  0  1  0  0 12195
MatSolve              12 1.0 9.6389e-02 1.3 3.12e+07 1.0 0.0e+00 0.0e+00 0.0e+00  0  0  0  0  0   0  0  0  0  0 12836
MatLUFactorNum         1 1.0 4.4415e-02 2.6 1.22e+07 1.0 0.0e+00 0.0e+00 0.0e+00  0  0  0  0  0   0  0  0  0  0 10778
MatILUFactorSym        1 1.0 3.3293e-02 2.1 0.00e+00 0.0 0.0e+00 0.0e+00 0.0e+00  0  0  0  0  0   0  0  0  0  0     0
MatAssemblyBegin      14 1.0 1.9868e+00 2.4 0.00e+00 0.0 2.6e+03 7.6e+04 0.0e+00  0  0  0  1  0   3  0  1  9  0     0
MatAssemblyEnd        14 1.0 2.0752e-01 1.2 0.00e+00 0.0 2.3e+03 1.2e+03 4.0e+01  0  0  0  0  0   0  0  1  0  6     0
MatGetRowIJ            1 1.0 1.1921e-06 0.0 0.00e+00 0.0 0.0e+00 0.0e+00 0.0e+00  0  0  0  0  0   0  0  0  0  0     0
MatGetOrdering         1 1.0 3.1910e-03 2.1 0.00e+00 0.0 0.0e+00 0.0e+00 0.0e+00  0  0  0  0  0   0  0  0  0  0     0
MatZeroEntries         1 1.0 6.1302e-03 1.6 0.00e+00 0.0 0.0e+00 0.0e+00 0.0e+00  0  0  0  0  0   0  0  0  0  0     0
PCSetUp                2 1.0 7.4142e-02 2.1 1.22e+07 1.0 0.0e+00 0.0e+00 0.0e+00  0  0  0  0  0   0  0  0  0  0  6457
PCSetUpOnBlocks        1 1.0 7.4027e-02 2.1 1.22e+07 1.0 0.0e+00 0.0e+00 0.0e+00  0  0  0  0  0   0  0  0  0  0  6467
PCApply               12 1.0 9.9095e-02 1.3 3.12e+07 1.0 0.0e+00 0.0e+00 0.0e+00  0  0  0  0  0   0  0  0  0  0 12486
KSPSetUp               2 1.0 1.5039e-03 2.7 0.00e+00 0.0 0.0e+00 0.0e+00 0.0e+00  0  0  0  0  0   0  0  0  0  0     0
KSPSolve               1 1.0 3.3239e-01 1.1 8.26e+07 1.0 2.5e+03 3.1e+03 3.4e+01  0  0  0  0  0   1  0  1  0  5  9847
SNESSolve              1 1.0 4.6083e-01 1.0 1.22e+08 1.0 3.1e+03 4.3e+03 3.4e+01  0  0  0  0  0   1  0  1  1  5 10564
SNESFunctionEval       1 1.0 2.5623e-02 1.1 1.50e+07 1.0 4.6e+02 5.5e+03 0.0e+00  0  0  0  0  0   0  0  0  0  0 23357
SNESJacobianEval       1 1.0 1.1687e-01 1.1 2.48e+07 1.0 1.7e+02 2.0e+04 0.0e+00  0  0  0  0  0   0  0  0  0  0  8475
Mesh Partition         4 1.0 3.9221e+00 1.0 0.00e+00 0.0 4.4e+04 1.5e+03 2.0e+01  1  0  0  0  0   7  0 10  3  3     0
Mesh Migration         4 1.0 8.5439e-01 1.0 0.00e+00 0.0 1.8e+04 1.9e+04 8.8e+01  0  0  0  1  1   2  0  4 16 12     0
DMPlexInterp           2 1.0 2.7078e+00 1.0 0.00e+00 0.0 0.0e+00 0.0e+00 8.0e+00  0  0  0  0  0   5  0  0  0  1     0
DMPlexDistribute       2 1.0 4.5528e+00 1.0 0.00e+00 0.0 2.2e+04 2.0e+04 4.0e+01  1  0  0  2  0   8  0  5 20  6     0
DMPlexDistCones        4 1.0 2.6384e-01 1.1 0.00e+00 0.0 4.3e+03 3.0e+04 0.0e+00  0  0  0  0  0   0  0  1  6  0     0
DMPlexDistLabels       4 1.0 3.8691e-01 1.0 0.00e+00 0.0 6.1e+03 1.9e+04 5.2e+01  0  0  0  0  0   1  0  1  5  7     0
DMPlexDistribOL        2 1.0 2.6365e-01 1.0 0.00e+00 0.0 4.1e+04 6.6e+02 6.8e+01  0  0  0  0  0   0  0  9  1  9     0
DMPlexDistField        6 1.0 8.4185e-02 1.1 0.00e+00 0.0 5.9e+03 9.8e+03 4.0e+00  0  0  0  0  0   0  0  1  3  1     0
DMPlexDistData         6 1.0 2.0782e+0018.3 0.00e+00 0.0 4.2e+04 1.0e+03 0.0e+00  0  0  0  0  0   4  0  9  2  0     0
DMPlexStratify         8 1.0 3.1022e+00 3.3 0.00e+00 0.0 0.0e+00 0.0e+00 8.0e+00  0  0  0  0  0   5  0  0  0  1     0
CreateMesh            10 1.0 5.4796e+00 1.0 0.00e+00 0.0 6.3e+04 7.4e+03 1.2e+02  1  0  0  2  1  10  0 14 21 16     0
Mesh: reorder          2 1.0 1.5905e-02 1.7 0.00e+00 0.0 0.0e+00 0.0e+00 4.0e+00  0  0  0  0  0   0  0  0  0  1     0
Mesh: numbering        2 1.0 7.0058e-02 1.0 0.00e+00 0.0 0.0e+00 0.0e+00 4.0e+00  0  0  0  0  0   0  0  0  0  1     0
CreateFunctionSpace      46 1.0 1.9656e-01 1.2 0.00e+00 0.0 4.8e+03 1.1e+03 0.0e+00  0  0  0  0  0   0  0  1  0  0     0
ParLoopExecute      2823 1.0 2.5803e+01 1.1 5.20e+10 1.0 3.7e+05 4.0e+03 1.6e+01  3 10  2  5  0  43100 83 66  2 80639
ParLoopCells        1630 1.0 1.7007e+01 1.1 5.19e+10 1.0 0.0e+00 0.0e+00 0.0e+00  2 10  0  0  0  29 99  0  0  0 122011
ParLoopRednBegin    2823 1.0 1.3459e+00 1.3 0.00e+00 0.0 0.0e+00 0.0e+00 0.0e+00  0  0  0  0  0   2  0  0  0  0     0
ParLoopRednEnd      2823 1.0 6.1754e-02 2.1 0.00e+00 0.0 0.0e+00 0.0e+00 0.0e+00  0  0  0  0  0   0  0  0  0  0     0
CreateSparsity         5 1.0 8.3202e+00 1.0 0.00e+00 0.0 3.0e+03 3.2e+04 2.8e+01  1  0  0  0  0  15  0  1  4  4     0
MatZeroInitial         5 1.0 1.7369e+00 1.2 0.00e+00 0.0 0.0e+00 0.0e+00 0.0e+00  0  0  0  0  0   3  0  0  0  0     0
ParLoopset_6           2 1.0 2.0680e-03 1.5 0.00e+00 0.0 0.0e+00 0.0e+00 0.0e+00  0  0  0  0  0   0  0  0  0  0     0
ParLoopset_7           2 1.0 2.6178e-04 2.4 0.00e+00 0.0 0.0e+00 0.0e+00 0.0e+00  0  0  0  0  0   0  0  0  0  0     0
ParLoopset_16       2006 1.0 4.3640e-01 1.1 9.49e+07 1.0 0.0e+00 0.0e+00 0.0e+00  0  0  0  0  0   1  0  0  0  0  8650
ParLoopset_17       2006 1.0 2.3764e-01 1.2 4.72e+07 1.0 0.0e+00 0.0e+00 0.0e+00  0  0  0  0  0   0  0  0  0  0  7949

--- Event Stage 1: Warm up: DU Residuals

BuildTwoSided          4 1.0 2.1601e-02 2.8 0.00e+00 0.0 4.6e+02 4.0e+00 0.0e+00  0  0  0  0  0   0  0  5  0  0     0
BuildTwoSidedF         8 1.0 5.2354e-01 3.7 0.00e+00 0.0 3.4e+02 2.0e+04 0.0e+00  0  0  0  0  0  10  0  4 15  0     0
SFSetGraph             8 1.0 7.0715e-04 1.5 0.00e+00 0.0 0.0e+00 0.0e+00 0.0e+00  0  0  0  0  0   0  0  0  0  0     0
SFSetUp                4 1.0 2.7779e-02 3.1 0.00e+00 0.0 1.4e+03 1.3e+03 0.0e+00  0  0  0  0  0   0  0 15  4  0     0
SFBcastBegin          14 1.0 1.7483e-03 2.3 0.00e+00 0.0 3.2e+03 3.1e+03 0.0e+00  0  0  0  0  0   0  0 35 23  0     0
SFBcastEnd            14 1.0 4.0463e-0293.1 0.00e+00 0.0 0.0e+00 0.0e+00 0.0e+00  0  0  0  0  0   0  0  0  0  0     0
SFReduceBegin          8 1.0 1.3881e-03 6.5 0.00e+00 0.0 1.8e+03 4.0e+03 0.0e+00  0  0  0  0  0   0  0 20 17  0     0
SFReduceEnd            8 1.0 1.9761e-0114.1 0.00e+00 0.0 0.0e+00 0.0e+00 0.0e+00  0  0  0  0  0   3  0  0  0  0     0
VecMDot               10 1.0 1.9023e-01 3.0 4.75e+06 1.0 0.0e+00 0.0e+00 1.0e+01  0  0  0  0  0   3  0  0  0 28   992
VecNorm               14 1.0 3.1488e-01 2.5 2.06e+06 1.0 0.0e+00 0.0e+00 1.4e+01  0  0  0  0  0   6  0  0  0 39   260
VecScale              12 1.0 2.0967e-03 1.8 9.49e+05 1.0 0.0e+00 0.0e+00 0.0e+00  0  0  0  0  0   0  0  0  0  0 18004
VecCopy               20 1.0 7.1652e-03 1.7 0.00e+00 0.0 0.0e+00 0.0e+00 0.0e+00  0  0  0  0  0   0  0  0  0  0     0
VecSet                20 1.0 7.5748e-03 2.9 0.00e+00 0.0 0.0e+00 0.0e+00 0.0e+00  0  0  0  0  0   0  0  0  0  0     0
VecAXPY                6 1.0 4.1256e-03 2.4 7.90e+05 1.0 0.0e+00 0.0e+00 0.0e+00  0  0  0  0  0   0  0  0  0  0  7625
VecMAXPY              12 1.0 1.4536e-02 1.4 6.33e+06 1.0 0.0e+00 0.0e+00 0.0e+00  0  0  0  0  0   0  0  0  0  0 17313
VecScatterBegin       10 1.0 2.6262e-03 4.1 0.00e+00 0.0 2.3e+03 8.0e+03 0.0e+00  0  0  0  0  0   0  0 25 41  0     0
VecScatterEnd         10 1.0 1.3888e-01 6.9 0.00e+00 0.0 0.0e+00 0.0e+00 0.0e+00  0  0  0  0  0   2  0  0  0  0     0
VecNormalize          12 1.0 2.7098e-01 3.2 2.85e+06 1.0 0.0e+00 0.0e+00 1.2e+01  0  0  0  0  0   5  0  0  0 33   418
MatMult               10 1.0 3.5420e-01 1.4 1.02e+08 1.0 2.3e+03 8.0e+03 0.0e+00  0  0  0  0  0   8  4 25 41  0 11457
MatSolve              14 1.0 2.6425e-01 1.4 1.24e+08 1.0 0.0e+00 0.0e+00 0.0e+00  0  0  0  0  0   6  5  0  0  0 18621
MatLUFactorNum         4 1.0 4.2217e-01 1.4 2.13e+08 1.2 0.0e+00 0.0e+00 0.0e+00  0  0  0  0  0   9  9  0  0  0 18845
MatILUFactorSym        4 1.0 2.6650e-01 1.6 0.00e+00 0.0 0.0e+00 0.0e+00 0.0e+00  0  0  0  0  0   6  0  0  0  0     0
MatAssemblyBegin       8 1.0 5.2471e-01 3.6 0.00e+00 0.0 3.4e+02 2.0e+04 0.0e+00  0  0  0  0  0  10  0  4 15  0     0
MatAssemblyEnd         8 1.0 5.4722e-02 1.2 0.00e+00 0.0 0.0e+00 0.0e+00 0.0e+00  0  0  0  0  0   1  0  0  0  0     0
MatGetRowIJ            4 1.0 1.0967e-05 0.0 0.00e+00 0.0 0.0e+00 0.0e+00 0.0e+00  0  0  0  0  0   0  0  0  0  0     0
MatGetOrdering         4 1.0 2.6318e-02 5.3 0.00e+00 0.0 0.0e+00 0.0e+00 0.0e+00  0  0  0  0  0   0  0  0  0  0     0
MatZeroEntries         4 1.0 3.6518e-02 2.0 0.00e+00 0.0 0.0e+00 0.0e+00 0.0e+00  0  0  0  0  0   1  0  0  0  0     0
PCSetUp                8 1.0 6.7520e-01 1.4 2.13e+08 1.2 0.0e+00 0.0e+00 0.0e+00  0  0  0  0  0  15  9  0  0  0 11783
PCSetUpOnBlocks        4 1.0 6.7465e-01 1.4 2.13e+08 1.2 0.0e+00 0.0e+00 0.0e+00  0  0  0  0  0  15  9  0  0  0 11792
PCApply               14 1.0 2.6822e-01 1.4 1.24e+08 1.0 0.0e+00 0.0e+00 0.0e+00  0  0  0  0  0   6  5  0  0  0 18345
KSPGMRESOrthog        10 1.0 2.0012e-01 2.8 9.49e+06 1.0 0.0e+00 0.0e+00 1.0e+01  0  0  0  0  0   3  0  0  0 28  1886
KSPSetUp               8 1.0 2.3452e-02 6.1 0.00e+00 0.0 0.0e+00 0.0e+00 0.0e+00  0  0  0  0  0   0  0  0  0  0     0
KSPSolve               4 1.0 1.4843e+00 1.0 4.53e+08 1.1 2.3e+03 8.0e+03 2.4e+01  0  0  0  0  0  38 19 25 41 67 11794
SNESSolve              4 1.0 3.8453e+00 1.0 2.28e+09 1.0 9.0e+03 4.9e+03 3.2e+01  1  0  0  0  0 100100100100 89 23451
SNESFunctionEval       4 1.0 6.7495e-01 1.3 7.36e+08 1.0 6.4e+03 3.0e+03 8.0e+00  0  0  0  0  0  15 32 71 43 22 43393
SNESJacobianEval       4 1.0 1.8561e+00 1.1 1.09e+09 1.0 3.4e+02 2.0e+04 0.0e+00  0  0  0  0  0  46 48  4 15  0 23363
ParLoopExecute        20 1.0 2.1344e+00 1.2 1.83e+09 1.0 6.4e+03 3.0e+03 8.0e+00  0  0  0  0  0  49 81 71 43 22 34040
ParLoopCells          16 1.0 7.7997e-01 1.5 9.50e+08 1.0 0.0e+00 0.0e+00 0.0e+00  0  0  0  0  0  16 42  0  0  0 48722
ParLoopRednBegin      20 1.0 1.1232e-03 2.6 0.00e+00 0.0 0.0e+00 0.0e+00 0.0e+00  0  0  0  0  0   0  0  0  0  0     0
ParLoopRednEnd        20 1.0 3.0112e-04 3.4 0.00e+00 0.0 0.0e+00 0.0e+00 0.0e+00  0  0  0  0  0   0  0  0  0  0     0
ParLoopset_6           2 1.0 4.8900e-04 3.1 0.00e+00 0.0 0.0e+00 0.0e+00 0.0e+00  0  0  0  0  0   0  0  0  0  0     0
ParLoopset_7           2 1.0 1.6038e-03 2.1 0.00e+00 0.0 0.0e+00 0.0e+00 0.0e+00  0  0  0  0  0   0  0  0  0  0     0
ParLoopIntFacets      16 1.0 1.0232e+00 1.3 8.76e+08 1.0 0.0e+00 0.0e+00 0.0e+00  0  0  0  0  0  24 38  0  0  0 33868
ParLoopset_16          2 1.0 4.7612e-04 2.9 0.00e+00 0.0 0.0e+00 0.0e+00 0.0e+00  0  0  0  0  0   0  0  0  0  0     0
ParLoopset_17          2 1.0 5.3191e-04 5.5 0.00e+00 0.0 0.0e+00 0.0e+00 0.0e+00  0  0  0  0  0   0  0  0  0  0     0

--- Event Stage 2: Warm up: Linear solve

BuildTwoSided         14 1.0 3.2647e-02 2.3 0.00e+00 0.0 1.3e+03 4.0e+00 0.0e+00  0  0  0  0  0   0  0  1  0  0     0
BuildTwoSidedF        98 1.0 4.3227e-01 2.7 0.00e+00 0.0 5.7e+03 9.6e+03 0.0e+00  0  0  0  0  0   4  0  3 25  0     0
SFSetGraph            18 1.0 9.2435e-04 1.3 0.00e+00 0.0 0.0e+00 0.0e+00 0.0e+00  0  0  0  0  0   0  0  0  0  0     0
SFSetUp               14 1.0 4.0293e-02 2.6 0.00e+00 0.0 3.9e+03 9.0e+02 0.0e+00  0  0  0  0  0   0  0  2  2  0     0
SFBcastBegin          82 1.0 4.6129e-03 2.4 0.00e+00 0.0 1.7e+04 1.9e+03 0.0e+00  0  0  0  0  0   0  0  9 14  0     0
SFBcastEnd            82 1.0 2.2982e-01 8.6 0.00e+00 0.0 0.0e+00 0.0e+00 0.0e+00  0  0  0  0  0   2  0  0  0  0     0
SFReduceBegin         16 1.0 1.9143e-03 3.1 0.00e+00 0.0 3.6e+03 4.9e+03 0.0e+00  0  0  0  0  0   0  0  2  8  0     0
SFReduceEnd           16 1.0 2.3385e-01 6.7 0.00e+00 0.0 0.0e+00 0.0e+00 0.0e+00  0  0  0  0  0   2  0  0  0  0     0
VecMDot              190 1.0 7.6965e-02 1.5 1.83e+07 1.0 0.0e+00 0.0e+00 1.9e+02  0  0  0  0  1   1  1  0  0 13  9413
VecTDot               20 1.0 2.3202e-02 3.9 1.59e+06 1.0 0.0e+00 0.0e+00 2.0e+01  0  0  0  0  0   0  0  0  0  1  2712
VecNorm              222 1.0 1.1674e-01 1.7 4.62e+06 1.0 0.0e+00 0.0e+00 2.2e+02  0  0  0  0  1   1  0  0  0 15  1565
VecScale             210 1.0 2.0390e-03 1.3 1.83e+06 1.0 0.0e+00 0.0e+00 0.0e+00  0  0  0  0  0   0  0  0  0  0 35531
VecCopy               96 1.0 1.2742e-02 1.4 0.00e+00 0.0 0.0e+00 0.0e+00 0.0e+00  0  0  0  0  0   0  0  0  0  0     0
VecSet               822 1.0 1.4238e-02 1.3 0.00e+00 0.0 0.0e+00 0.0e+00 0.0e+00  0  0  0  0  0   0  0  0  0  0     0
VecAXPY               42 1.0 7.8781e-03 1.5 2.40e+06 1.0 0.0e+00 0.0e+00 0.0e+00  0  0  0  0  0   0  0  0  0  0 12054
VecAYPX              488 1.0 2.5847e-02 1.4 5.64e+06 1.0 0.0e+00 0.0e+00 0.0e+00  0  0  0  0  0   0  0  0  0  0  8618
VecAXPBYCZ           240 1.0 2.0875e-02 1.6 1.00e+07 1.0 0.0e+00 0.0e+00 0.0e+00  0  0  0  0  0   0  1  0  0  0 18930
VecMAXPY             210 1.0 3.3864e-02 1.1 2.17e+07 1.0 0.0e+00 0.0e+00 0.0e+00  0  0  0  0  0   0  1  0  0  0 25283
VecAssemblyBegin      32 1.0 1.5990e-02 2.9 0.00e+00 0.0 0.0e+00 0.0e+00 0.0e+00  0  0  0  0  0   0  0  0  0  0     0
VecAssemblyEnd        32 1.0 6.7949e-05 1.4 0.00e+00 0.0 0.0e+00 0.0e+00 0.0e+00  0  0  0  0  0   0  0  0  0  0     0
VecPointwiseMult     110 1.0 6.7208e-03 1.5 9.16e+05 1.0 0.0e+00 0.0e+00 0.0e+00  0  0  0  0  0   0  0  0  0  0  5390
VecScatterBegin      752 1.0 3.2094e-02 2.4 0.00e+00 0.0 1.2e+05 7.3e+02 0.0e+00  0  0  1  0  0   0  0 65 40  0     0
VecScatterEnd        752 1.0 2.0096e-01 1.6 0.00e+00 0.0 0.0e+00 0.0e+00 0.0e+00  0  0  0  0  0   2  0  0  0  0     0
VecSetRandom          10 1.0 5.8317e-03 1.4 0.00e+00 0.0 0.0e+00 0.0e+00 0.0e+00  0  0  0  0  0   0  0  0  0  0     0
VecNormalize         210 1.0 5.8627e-02 1.6 5.50e+06 1.0 0.0e+00 0.0e+00 2.1e+02  0  0  0  0  1   1  0  0  0 14  3707
MatMult              560 1.0 5.0935e-01 1.2 1.37e+08 1.0 9.8e+04 7.3e+02 0.0e+00  0  0  0  0  0   6  7 52 32  0 10640
MatMultAdd            60 1.0 6.1133e-02 3.5 2.58e+06 1.0 8.1e+03 1.5e+02 0.0e+00  0  0  0  0  0   0  0  4  1  0  1665
MatMultTranspose      60 1.0 3.0351e-02 2.6 2.58e+06 1.0 8.1e+03 1.5e+02 0.0e+00  0  0  0  0  0   0  0  4  1  0  3354
MatSolve             472 1.7 3.2035e-01 1.1 1.05e+08 1.0 0.0e+00 0.0e+00 0.0e+00  0  0  0  0  0   4  6  0  0  0 12905
MatLUFactorSym         2 1.0 2.5034e-05 1.6 0.00e+00 0.0 0.0e+00 0.0e+00 0.0e+00  0  0  0  0  0   0  0  0  0  0     0
MatLUFactorNum        12 1.0 3.4985e-02 1.6 8.35e+06 1.1 0.0e+00 0.0e+00 0.0e+00  0  0  0  0  0   0  0  0  0  0  9101
MatILUFactorSym       10 1.0 2.0169e-02 1.6 0.00e+00 0.0 0.0e+00 0.0e+00 0.0e+00  0  0  0  0  0   0  0  0  0  0     0
MatConvert            10 1.0 2.5074e-02 1.9 0.00e+00 0.0 0.0e+00 0.0e+00 0.0e+00  0  0  0  0  0   0  0  0  0  0     0
MatScale              30 1.0 2.9968e-02 2.6 2.77e+06 1.0 1.7e+03 7.0e+02 0.0e+00  0  0  0  0  0   0  0  1  1  0  3652
MatResidual           60 1.0 6.6163e-02 1.7 1.40e+07 1.0 1.0e+04 7.0e+02 0.0e+00  0  0  0  0  0   1  1  5  3  0  8388
MatAssemblyBegin     216 1.0 4.3723e-01 2.6 0.00e+00 0.0 5.7e+03 9.6e+03 0.0e+00  0  0  0  0  0   4  0  3 25  0     0
MatAssemblyEnd       216 1.0 2.5971e-01 1.5 0.00e+00 0.0 1.6e+04 1.5e+02 4.2e+02  0  0  0  0  2   3  0  9  1 28     0
MatGetRow         249954 1.0 6.5455e-02 1.4 0.00e+00 0.0 0.0e+00 0.0e+00 0.0e+00  0  0  0  0  0   1  0  0  0  0     0
MatGetRowIJ           12 2.0 2.0504e-05 0.0 0.00e+00 0.0 0.0e+00 0.0e+00 0.0e+00  0  0  0  0  0   0  0  0  0  0     0
MatCreateSubMat        8 1.0 1.0157e-02 1.0 0.00e+00 0.0 2.1e+03 3.6e+02 1.3e+02  0  0  0  0  1   0  0  1  0  9     0
MatGetOrdering        12 2.0 3.0632e-03 1.7 0.00e+00 0.0 0.0e+00 0.0e+00 0.0e+00  0  0  0  0  0   0  0  0  0  0     0
MatCoarsen            10 1.0 4.1153e-02 1.2 0.00e+00 0.0 1.2e+04 6.0e+02 3.0e+01  0  0  0  0  0   0  0  6  3  2     0
MatZeroEntries        14 1.0 3.9226e-02 1.2 0.00e+00 0.0 0.0e+00 0.0e+00 0.0e+00  0  0  0  0  0   0  0  0  0  0     0
MatAXPY               10 1.0 4.7561e-02 1.0 0.00e+00 0.0 0.0e+00 0.0e+00 0.0e+00  0  0  0  0  0   1  0  0  0  0     0
MatMatMult            10 1.0 8.6679e-02 1.0 2.34e+06 1.0 1.0e+04 3.6e+02 1.2e+02  0  0  0  0  1   1  0  5  2  8  1067
MatMatMultSym         10 1.0 6.7286e-02 1.0 0.00e+00 0.0 8.5e+03 3.0e+02 1.2e+02  0  0  0  0  1   1  0  5  1  8     0
MatMatMultNum         10 1.0 1.9515e-02 1.0 2.34e+06 1.0 1.7e+03 7.0e+02 0.0e+00  0  0  0  0  0   0  0  1  1  0  4740
MatPtAP               10 1.0 2.0923e-01 1.0 9.26e+06 1.0 1.7e+04 7.6e+02 1.5e+02  0  0  0  0  1   3  1  9  6 10  1745
MatPtAPSymbolic       10 1.0 1.6111e-01 1.1 0.00e+00 0.0 1.0e+04 8.0e+02 7.0e+01  0  0  0  0  0   2  0  5  4  5     0
MatPtAPNumeric        10 1.0 6.1554e-02 1.3 9.26e+06 1.0 6.8e+03 7.0e+02 8.0e+01  0  0  0  0  0   1  1  4  2  5  5931
MatTrnMatMult          2 1.0 7.9524e-01 1.0 3.49e+07 1.0 3.0e+03 1.6e+04 3.2e+01  0  0  0  0  0  10  2  2 21  2  1734
MatTrnMatMultSym       2 1.0 4.4626e-01 1.0 0.00e+00 0.0 1.4e+03 7.2e+03 1.6e+01  0  0  0  0  0   6  0  1  4  1     0
MatTrnMatMultNum       2 1.0 3.5056e-01 1.0 3.49e+07 1.0 1.6e+03 2.3e+04 1.6e+01  0  0  0  0  0   4  2  1 17  1  3934
MatGetLocalMat        32 1.0 3.4947e-02 1.2 0.00e+00 0.0 0.0e+00 0.0e+00 0.0e+00  0  0  0  0  0   0  0  0  0  0     0
MatGetBrAoCol         30 1.0 2.2541e-02 2.8 0.00e+00 0.0 1.2e+04 8.7e+02 0.0e+00  0  0  0  0  0   0  0  6  5  0     0
PCGAMGGraph_AGG       10 1.0 4.0423e-01 1.0 2.34e+06 1.0 5.1e+03 3.5e+02 1.2e+02  0  0  0  0  1   5  0  3  1  8   229
PCGAMGCoarse_AGG      10 1.0 8.7983e-01 1.0 3.49e+07 1.0 1.7e+04 3.7e+03 7.0e+01  0  0  0  0  0  11  2  9 28  5  1567
PCGAMGProl_AGG        10 1.0 6.6957e-02 1.0 0.00e+00 0.0 6.9e+03 8.1e+02 1.6e+02  0  0  0  0  1   1  0  4  3 11     0
PCGAMGPOpt_AGG        10 1.0 3.1042e-01 1.0 4.92e+07 1.0 2.7e+04 5.8e+02 4.1e+02  0  0  0  0  2   4  3 15  7 28  6260
GAMG: createProl      10 1.0 1.6700e+00 1.0 8.64e+07 1.0 5.6e+04 1.5e+03 7.6e+02  0  0  0  0  5  21  5 30 39 52  2045
  Graph               20 1.0 4.0378e-01 1.0 2.34e+06 1.0 5.1e+03 3.5e+02 1.2e+02  0  0  0  0  1   5  0  3  1  8   229
  MIS/Agg             10 1.0 4.1296e-02 1.2 0.00e+00 0.0 1.2e+04 6.0e+02 3.0e+01  0  0  0  0  0   0  0  6  3  2     0
  SA: col data        10 1.0 2.6761e-02 1.5 0.00e+00 0.0 3.4e+03 1.4e+03 4.0e+01  0  0  0  0  0   0  0  2  2  3     0
  SA: frmProl0        10 1.0 4.3531e-02 1.3 0.00e+00 0.0 3.5e+03 2.6e+02 8.0e+01  0  0  0  0  0   1  0  2  0  5     0
  SA: smooth          10 1.0 1.4420e-01 1.0 2.77e+06 1.0 1.0e+04 3.6e+02 1.4e+02  0  0  0  0  1   2  0  5  2 10   759
GAMG: partLevel       10 1.0 2.2372e-01 1.0 9.26e+06 1.0 1.9e+04 7.0e+02 3.5e+02  0  0  0  0  2   3  1 10  6 24  1632
  repartition          4 1.0 7.7415e-04 1.1 0.00e+00 0.0 0.0e+00 0.0e+00 2.4e+01  0  0  0  0  0   0  0  0  0  2     0
  Invert-Sort          4 1.0 1.6499e-03 1.2 0.00e+00 0.0 0.0e+00 0.0e+00 1.6e+01  0  0  0  0  0   0  0  0  0  1     0
  Move A               4 1.0 5.6074e-03 1.1 0.00e+00 0.0 1.2e+03 6.1e+02 6.8e+01  0  0  0  0  0   0  0  1  0  5     0
  Move P               4 1.0 5.6658e-03 1.0 0.00e+00 0.0 9.0e+02 2.2e+01 6.8e+01  0  0  0  0  0   0  0  0  0  5     0
PCSetUp               16 1.0 5.3717e+00 1.0 4.32e+08 1.0 8.0e+04 1.5e+03 1.2e+03  1  0  0  0  7  66 24 43 53 83  3206
PCSetUpOnBlocks      142 1.0 5.7163e-02 1.5 8.35e+06 1.1 0.0e+00 0.0e+00 0.0e+00  0  0  0  0  0   1  0  0  0  0  5570
PCApply                2 1.0 4.4506e+00 1.0 1.24e+09 1.0 1.8e+05 1.1e+03 1.4e+03  1  0  1  1  8  55 68 96 86 97 11127
KSPGMRESOrthog       190 1.0 1.0371e-01 1.3 3.67e+07 1.0 0.0e+00 0.0e+00 1.9e+02  0  0  0  0  1   1  2  0  0 13 13971
KSPSetUp              50 1.0 2.9377e-02 2.9 0.00e+00 0.0 0.0e+00 0.0e+00 2.4e+01  0  0  0  0  0   0  0  0  0  2     0
KSPSolve               2 1.0 7.8101e+00 1.0 1.57e+09 1.0 1.8e+05 1.1e+03 1.5e+03  1  0  1  1  9  97 86 99 95100  8021
SNESSolve              2 1.0 8.0043e+00 1.0 1.83e+09 1.0 1.9e+05 1.2e+03 1.5e+03  1  0  1  1  9 100100100100100  9122
SNESFunctionEval       2 1.0 2.4454e-01 1.4 2.59e+08 1.0 2.7e+03 4.0e+03 0.0e+00  0  0  0  0  0   3 14  1  5  0 42342
SNESJacobianEval       2 1.0 2.6429e-03 2.3 0.00e+00 0.0 0.0e+00 0.0e+00 0.0e+00  0  0  0  0  0   0  0  0  0  0     0
CreateFunctionSpace      24 1.0 9.1010e-02 3.0 0.00e+00 0.0 0.0e+00 0.0e+00 0.0e+00  0  0  0  0  0   0  0  0  0  0     0
ParLoopExecute        36 1.0 2.3115e+00 1.1 1.46e+09 1.0 1.0e+04 4.2e+03 8.0e+00  0  0  0  0  0  26 80  5 20  1 25243
ParLoopCells          36 1.0 1.8812e+00 1.2 1.46e+09 1.0 0.0e+00 0.0e+00 0.0e+00  0  0  0  0  0  21 80  0  0  0 31017
ParLoopRednBegin      36 1.0 3.0262e-03 3.9 0.00e+00 0.0 0.0e+00 0.0e+00 0.0e+00  0  0  0  0  0   0  0  0  0  0     0
ParLoopRednEnd        36 1.0 1.9693e-04 1.3 0.00e+00 0.0 0.0e+00 0.0e+00 0.0e+00  0  0  0  0  0   0  0  0  0  0     0
CreateSparsity         2 1.0 6.1115e-01 1.4 0.00e+00 0.0 1.3e+03 4.7e+03 1.2e+01  0  0  0  0  0   7  0  1  3  1     0
MatZeroInitial         2 1.0 8.5679e-02 1.7 0.00e+00 0.0 0.0e+00 0.0e+00 0.0e+00  0  0  0  0  0   1  0  0  0  0     0
ParLoopset_6           4 1.0 5.8413e-04 2.6 0.00e+00 0.0 0.0e+00 0.0e+00 0.0e+00  0  0  0  0  0   0  0  0  0  0     0
ParLoopset_7           8 1.0 9.5773e-04 2.3 0.00e+00 0.0 0.0e+00 0.0e+00 0.0e+00  0  0  0  0  0   0  0  0  0  0     0
HybridInit             2 1.0 3.4185e+00 1.0 3.28e+08 1.0 4.4e+03 4.3e+03 4.4e+01  0  0  0  0  0  42 18  2  9  3  3839
HybridBreak            2 1.0 1.0993e-01 3.5 0.00e+00 0.0 0.0e+00 0.0e+00 4.0e+00  0  0  0  0  0   1  0  0  0  0     0
HybridRHS              2 1.0 6.2448e-01 1.1 3.28e+08 1.0 4.3e+03 4.0e+03 8.0e+00  0  0  0  0  0   7 18  2  8  1 21013
ParLoopset_9           4 1.0 3.1431e-03 2.2 0.00e+00 0.0 0.0e+00 0.0e+00 0.0e+00  0  0  0  0  0   0  0  0  0  0     0
ParLoopset_8           2 1.0 3.9697e-04 3.9 0.00e+00 0.0 0.0e+00 0.0e+00 0.0e+00  0  0  0  0  0   0  0  0  0  0     0
HybridSolve            2 1.0 3.0042e+00 1.0 3.71e+08 1.0 1.7e+05 9.3e+02 1.4e+03  0  0  1  1  8  37 20 92 73 96  4877
HybridRecon            2 1.0 7.3441e-01 1.1 5.44e+08 1.0 1.8e+03 3.8e+03 0.0e+00  0  0  0  0  0   9 30  1  3  0 29615
HybridReconScalarField       2 1.0 4.3961e-01 1.1 3.28e+08 1.0 9.1e+02 2.8e+03 0.0e+00  0  0  0  0  0   5 18  0  1  0 29850
HybridReconFluxField       2 1.0 3.3068e-01 1.3 2.16e+08 1.0 9.1e+02 4.9e+03 0.0e+00  0  0  0  0  0   4 12  0  2  0 26090
HybridRecover          2 1.0 8.7684e-02 3.1 0.00e+00 0.0 9.1e+02 6.4e+03 4.0e+00  0  0  0  0  0   1  0  0  3  0     0
ParLoopset_16          4 1.0 1.0753e-03 5.1 0.00e+00 0.0 0.0e+00 0.0e+00 0.0e+00  0  0  0  0  0   0  0  0  0  0     0
ParLoopset_17          8 1.0 1.3168e-03 3.5 0.00e+00 0.0 0.0e+00 0.0e+00 0.0e+00  0  0  0  0  0   0  0  0  0  0     0
ParLoopset_19          4 1.0 1.1580e-03 3.0 0.00e+00 0.0 0.0e+00 0.0e+00 0.0e+00  0  0  0  0  0   0  0  0  0  0     0
ParLoopset_18          2 1.0 2.5439e-04 2.8 0.00e+00 0.0 0.0e+00 0.0e+00 0.0e+00  0  0  0  0  0   0  0  0  0  0     0

--- Event Stage 3: Warm up

ParLoopExecute         2 1.0 2.8338e-03 5.3 0.00e+00 0.0 0.0e+00 0.0e+00 0.0e+00  0  0  0  0  0  41  0  0  0  0     0
ParLoopRednBegin       2 1.0 4.1962e-05 2.5 0.00e+00 0.0 0.0e+00 0.0e+00 0.0e+00  0  0  0  0  0   1  0  0  0  0     0
ParLoopRednEnd         2 1.0 1.7166e-05 3.6 0.00e+00 0.0 0.0e+00 0.0e+00 0.0e+00  0  0  0  0  0   0  0  0  0  0     0
ParLoopset_16          2 1.0 1.8780e-03 9.5 0.00e+00 0.0 0.0e+00 0.0e+00 0.0e+00  0  0  0  0  0  19  0  0  0  0     0
ParLoopset_17          2 1.0 5.1475e-04 5.4 0.00e+00 0.0 0.0e+00 0.0e+00 0.0e+00  0  0  0  0  0   7  0  0  0  0     0

--- Event Stage 4: DU Residuals

SFBcastBegin        1800 1.0 1.2208e-01 1.7 0.00e+00 0.0 4.1e+05 4.0e+03 0.0e+00  0  0  2  6  0   0  0 26 18  0     0
SFBcastEnd          1800 1.0 3.7827e+00 2.5 0.00e+00 0.0 0.0e+00 0.0e+00 0.0e+00  0  0  0  0  0   1  0  0  0  0     0
SFReduceBegin       1600 1.0 9.4213e-02 2.0 0.00e+00 0.0 3.6e+05 4.0e+03 0.0e+00  0  0  2  5  0   0  0 23 16  0     0
SFReduceEnd         1600 1.0 9.9273e+00 2.0 0.00e+00 0.0 0.0e+00 0.0e+00 0.0e+00  1  0  0  0  0   3  0  0  0  0     0
VecMDot             3047 1.0 2.0412e+01 1.4 2.09e+09 1.0 0.0e+00 0.0e+00 3.0e+03  3  0  0  0 18   7  1  0  0 38  4063
VecTDot              800 1.0 1.8614e+00 1.5 6.29e+07 1.0 0.0e+00 0.0e+00 8.0e+02  0  0  0  0  5   1  0  0  0 10  1352
VecNorm             4247 1.0 1.4308e+01 1.3 6.08e+08 1.0 0.0e+00 0.0e+00 4.2e+03  2  0  0  0 25   5  0  0  0 52  1692
VecScale            3447 1.0 3.5530e-01 1.1 2.73e+08 1.0 0.0e+00 0.0e+00 0.0e+00  0  0  0  0  0   0  0  0  0  0 30519
VecCopy             3600 1.0 9.1681e-01 1.4 0.00e+00 0.0 0.0e+00 0.0e+00 0.0e+00  0  0  0  0  0   0  0  0  0  0     0
VecSet              5447 1.0 1.6187e+00 1.9 0.00e+00 0.0 0.0e+00 0.0e+00 0.0e+00  0  0  0  0  0   0  0  0  0  0     0
VecAXPY             2000 1.0 6.0560e-01 1.1 2.21e+08 1.0 0.0e+00 0.0e+00 0.0e+00  0  0  0  0  0   0  0  0  0  0 14544
VecMAXPY            3447 1.0 5.7638e+00 1.1 2.57e+09 1.0 0.0e+00 0.0e+00 0.0e+00  1  0  0  0  0   2  1  0  0  0 17716
VecScatterBegin     3447 1.0 3.5872e-01 2.4 0.00e+00 0.0 7.9e+05 7.3e+03 0.0e+00  0  0  4 20  0   0  0 50 65  0     0
VecScatterEnd       3447 1.0 1.2159e+01 2.9 0.00e+00 0.0 0.0e+00 0.0e+00 0.0e+00  1  0  0  0  0   3  0  0  0  0     0
VecNormalize        3447 1.0 9.4186e+00 1.3 8.18e+08 1.0 0.0e+00 0.0e+00 3.4e+03  1  0  0  0 21   3  0  0  0 43  3454
MatMult             3447 1.0 8.3864e+01 1.1 3.17e+10 1.0 7.9e+05 7.3e+03 0.0e+00 11  6  4 20  0  30 14 50 65  0 15036
MatSolve            4247 1.0 7.9187e+01 1.1 3.59e+10 1.0 0.0e+00 0.0e+00 0.0e+00 11  7  0  0  0  30 16  0  0  0 18022
PCSetUpOnBlocks      800 1.0 4.4076e-03 3.2 0.00e+00 0.0 0.0e+00 0.0e+00 0.0e+00  0  0  0  0  0   0  0  0  0  0     0
PCApply             4247 1.0 8.0152e+01 1.0 3.59e+10 1.0 0.0e+00 0.0e+00 0.0e+00 11  7  0  0  0  30 16  0  0  0 17805
KSPGMRESOrthog      3047 1.0 2.4784e+01 1.3 4.17e+09 1.0 0.0e+00 0.0e+00 3.0e+03  3  1  0  0 18   9  2  0  0 38  6693
KSPSetUp             800 1.0 5.5838e-04 1.4 0.00e+00 0.0 0.0e+00 0.0e+00 0.0e+00  0  0  0  0  0   0  0  0  0  0     0
KSPSolve             800 1.0 1.9880e+02 1.0 7.34e+10 1.0 7.9e+05 7.3e+03 8.1e+03 28 13  4 20 48  75 33 50 65100 14667
SNESSolve            800 1.0 2.6081e+02 1.0 2.21e+11 1.0 1.6e+06 5.7e+03 8.1e+03 37 41  8 31 48 100100100100100 33654
SNESFunctionEval     800 1.0 6.5282e+01 1.1 1.47e+11 1.0 7.8e+05 4.0e+03 0.0e+00  9 27  4 11  0  24 67 50 35  0 89728
SNESJacobianEval     800 1.0 5.6262e-02 1.8 0.00e+00 0.0 0.0e+00 0.0e+00 0.0e+00  0  0  0  0  0   0  0  0  0  0     0
ParLoopExecute      2400 1.0 6.4916e+01 1.1 1.47e+11 1.0 7.8e+05 4.0e+03 0.0e+00  9 27  4 11  0  24 67 50 35  0 90234
ParLoopCells        1600 1.0 2.7151e+01 1.1 8.79e+10 1.0 0.0e+00 0.0e+00 0.0e+00  4 16  0  0  0  10 40  0  0  0 129496
ParLoopRednBegin    2400 1.0 1.2174e-0114.0 0.00e+00 0.0 0.0e+00 0.0e+00 0.0e+00  0  0  0  0  0   0  0  0  0  0     0
ParLoopRednEnd      2400 1.0 1.4341e-02 1.3 0.00e+00 0.0 0.0e+00 0.0e+00 0.0e+00  0  0  0  0  0   0  0  0  0  0     0
ParLoopIntFacets    1600 1.0 2.7680e+01 1.1 5.92e+10 1.0 0.0e+00 0.0e+00 0.0e+00  4 11  0  0  0  10 27  0  0  0 84597
ParLoopset_16        800 1.0 2.1507e-01 2.7 0.00e+00 0.0 0.0e+00 0.0e+00 0.0e+00  0  0  0  0  0   0  0  0  0  0     0
ParLoopset_17        800 1.0 9.4441e-02 2.4 0.00e+00 0.0 0.0e+00 0.0e+00 0.0e+00  0  0  0  0  0   0  0  0  0  0     0

--- Event Stage 5: Linear solve

SFBcastBegin        4000 1.0 3.2023e-01 1.9 0.00e+00 0.0 9.1e+05 4.4e+03 0.0e+00  0  0  5 14  0   0  0  5 24  0     0
SFBcastEnd          4000 1.0 1.5621e+01 1.9 0.00e+00 0.0 0.0e+00 0.0e+00 0.0e+00  2  0  0  0  0   3  0  0  0  0     0
SFReduceBegin       2800 1.0 1.7791e-01 2.0 0.00e+00 0.0 6.4e+05 4.8e+03 0.0e+00  0  0  3 11  0   0  0  4 18  0     0
SFReduceEnd         2800 1.0 1.8276e+01 2.4 0.00e+00 0.0 0.0e+00 0.0e+00 0.0e+00  2  0  0  0  0   4  0  0  0  0     0
VecTDot             4000 1.0 3.1378e+00 1.3 3.18e+08 1.0 0.0e+00 0.0e+00 4.0e+03  0  0  0  0 24   1  0  0  0 62  4010
VecNorm             2400 1.0 1.0306e+01 1.8 1.91e+08 1.0 0.0e+00 0.0e+00 2.4e+03  1  0  0  0 14   2  0  0  0 38   733
VecCopy            14800 1.0 1.5101e+00 1.4 0.00e+00 0.0 0.0e+00 0.0e+00 0.0e+00  0  0  0  0  0   0  0  0  0  0     0
VecSet            116000 1.0 1.9704e+00 1.2 0.00e+00 0.0 0.0e+00 0.0e+00 0.0e+00  0  0  0  0  0   0  0  0  0  0     0
VecAXPY             4400 1.0 8.5096e-01 1.2 4.13e+08 1.0 0.0e+00 0.0e+00 0.0e+00  0  0  0  0  0   0  0  0  0  0 19223
VecAYPX            97600 1.0 4.1371e+00 1.1 1.13e+09 1.0 0.0e+00 0.0e+00 0.0e+00  1  0  0  0  0   1  0  0  0  0 10768
VecAXPBYCZ         48000 1.0 2.9037e+00 1.1 2.00e+09 1.0 0.0e+00 0.0e+00 0.0e+00  0  0  0  0  0   1  1  0  0  0 27218
VecScatterBegin   102800 1.0 2.8051e+00 1.7 0.00e+00 0.0 1.6e+07 6.2e+02 0.0e+00  0  0 81 35  0   1  0 91 58  0     0
VecScatterEnd     102800 1.0 2.9428e+01 1.3 0.00e+00 0.0 0.0e+00 0.0e+00 0.0e+00  4  0  0  0  0   7  0  0  0  0     0
MatMult            74000 1.0 7.0119e+01 1.1 1.84e+10 1.0 1.3e+07 7.4e+02 0.0e+00 10  3 64 33  0  18  7 73 56  0 10370
MatMultAdd         12000 1.0 5.6737e+00 2.1 5.15e+08 1.0 1.6e+06 1.5e+02 0.0e+00  1  0  8  1  0   1  0  9  1  0  3588
MatMultTranspose   12000 1.0 5.6933e+00 1.7 5.15e+08 1.0 1.6e+06 1.5e+02 0.0e+00  1  0  8  1  0   1  0  9  1  0  3576
MatSolve           74400 1.7 4.8189e+01 1.1 1.60e+10 1.0 0.0e+00 0.0e+00 0.0e+00  7  3  0  0  0  13  6  0  0  0 13142
MatResidual        12000 1.0 1.0571e+01 1.2 2.81e+09 1.0 2.0e+06 7.0e+02 0.0e+00  1  1 10  5  0   3  1 12  8  0 10500
PCSetUpOnBlocks    26400 1.0 3.1505e-02 1.7 0.00e+00 0.0 0.0e+00 0.0e+00 0.0e+00  0  0  0  0  0   0  0  0  0  0     0
PCApply              400 1.0 3.4698e+02 1.0 2.14e+11 1.0 1.7e+07 8.8e+02 6.4e+03 50 39 86 52 38  94 80 97 87100 24589
KSPSetUp             400 1.0 2.8992e-04 1.6 0.00e+00 0.0 0.0e+00 0.0e+00 0.0e+00  0  0  0  0  0   0  0  0  0  0     0
KSPSolve             400 1.0 3.4715e+02 1.0 2.14e+11 1.0 1.7e+07 8.8e+02 6.4e+03 50 39 86 52 38  94 80 97 87100 24577
SNESSolve            400 1.0 3.6847e+02 1.0 2.66e+11 1.0 1.8e+07 9.7e+02 6.4e+03 53 49 89 60 38 100100100100100 28785
SNESFunctionEval     400 1.0 2.1373e+01 1.0 5.18e+10 1.0 5.5e+05 4.0e+03 0.0e+00  3 10  3  8  0   6 20  3 13  0 96889
SNESJacobianEval     400 1.0 4.3696e-02 2.6 0.00e+00 0.0 0.0e+00 0.0e+00 0.0e+00  0  0  0  0  0   0  0  0  0  0     0
ParLoopExecute      6400 1.0 2.1813e+02 1.0 2.26e+11 1.0 1.6e+06 4.6e+03 0.0e+00 31 42  8 25  0  59 85  9 42  0 41467
ParLoopCells        5600 1.0 1.9137e+02 1.0 2.26e+11 1.0 0.0e+00 0.0e+00 0.0e+00 27 42  0  0  0  51 85  0  0  0 47266
ParLoopRednBegin    6400 1.0 7.9598e-02 1.7 0.00e+00 0.0 0.0e+00 0.0e+00 0.0e+00  0  0  0  0  0   0  0  0  0  0     0
ParLoopRednEnd      6400 1.0 3.8605e-02 1.4 0.00e+00 0.0 0.0e+00 0.0e+00 0.0e+00  0  0  0  0  0   0  0  0  0  0     0
HybridBreak          400 1.0 1.1109e+00 1.8 0.00e+00 0.0 0.0e+00 0.0e+00 0.0e+00  0  0  0  0  0   0  0  0  0  0     0
HybridRHS            400 1.0 8.2833e+01 1.0 6.56e+10 1.0 4.6e+05 5.1e+03 0.0e+00 12 12  2  8  0  22 25  3 14  0 31684
HybridSolve          400 1.0 1.4795e+02 1.0 3.94e+10 1.0 1.6e+07 6.2e+02 6.4e+03 21  7 81 35 38  40 15 91 58100 10527
HybridRecon          400 1.0 1.1223e+02 1.0 1.09e+11 1.0 3.6e+05 3.8e+03 0.0e+00 16 20  2  5  0  30 41  2  8  0 38759
HybridReconScalarField     400 1.0 6.7619e+01 1.0 6.56e+10 1.0 1.8e+05 2.8e+03 0.0e+00  9 12  1  2  0  18 25  1  3  0 38813
HybridReconFluxField     400 1.0 4.4737e+01 1.1 4.31e+10 1.0 1.8e+05 4.9e+03 0.0e+00  6  8  1  3  0  12 16  1  5  0 38568
HybridRecover        400 1.0 8.3162e+00 1.7 0.00e+00 0.0 1.8e+05 6.4e+03 0.0e+00  1  0  1  4  0   2  0  1  7  0     0
ParLoopset_16       1600 1.0 3.2408e-01 2.1 0.00e+00 0.0 0.0e+00 0.0e+00 0.0e+00  0  0  0  0  0   0  0  0  0  0     0
ParLoopset_17       3200 1.0 3.5094e-01 1.8 0.00e+00 0.0 0.0e+00 0.0e+00 0.0e+00  0  0  0  0  0   0  0  0  0  0     0
ParLoopset_19       1600 1.0 4.3388e-01 2.5 0.00e+00 0.0 0.0e+00 0.0e+00 0.0e+00  0  0  0  0  0   0  0  0  0  0     0
ParLoopset_18        800 1.0 8.3113e-02 2.5 0.00e+00 0.0 0.0e+00 0.0e+00 0.0e+00  0  0  0  0  0   0  0  0  0  0     0
------------------------------------------------------------------------------------------------------------------------

Memory usage is given in bytes:

Object Type          Creations   Destructions     Memory  Descendants' Mem.
Reports information only for process 0.

--- Event Stage 0: Main Stage

              Viewer     1              0            0     0.
           Index Set   487            549     59245184     0.
   IS L to G Mapping    12             14      6752584     0.
             Section   122            130        92560     0.
   Star Forest Graph   154            166       140448     0.
              Vector    49            388     77966504     0.
         Vec Scatter     9             31      1919560     0.
              Matrix    31            175    370524724     0.
      Preconditioner     8             38        39392     0.
       Krylov Solver     8             48       417992     0.
     DMKSP interface     0              6         3984     0.
                SNES     7              7         9632     0.
      SNESLineSearch     7              7         7000     0.
              DMSNES     6              6         4080     0.
    Distributed Mesh    42             46       220240     0.
    GraphPartitioner     8              8         4960     0.
     Discrete System    42             46        42688     0.

--- Event Stage 1: Warm up: DU Residuals

           Index Set    20              8       631872     0.
   Star Forest Graph     4              0            0     0.
              Vector    52              0            0     0.
              Matrix     4              0            0     0.
      Preconditioner     4              0            0     0.
       Krylov Solver     4              0            0     0.
     DMKSP interface     4              0            0     0.

--- Event Stage 2: Warm up: Linear solve

         PetscRandom    20             20        13080     0.
           Index Set   204            154       500352     0.
   IS L to G Mapping     2              0            0     0.
             Section     8              0            0     0.
   Star Forest Graph    22             14        12064     0.
              Vector   656            368     21432560     0.
         Vec Scatter    66             44        56160     0.
              Matrix   308            168    114159464     0.
      Matrix Coarsen    10             10         6440     0.
      Preconditioner    38             12        10304     0.
       Krylov Solver    48             12       304928     0.
     DMKSP interface     2              0            0     0.
    Distributed Mesh     4              0            0     0.
     Discrete System     4              0            0     0.

--- Event Stage 3: Warm up


--- Event Stage 4: DU Residuals

              Vector     0              1       627136     0.

--- Event Stage 5: Linear solve

========================================================================================================================
Average time to get PetscTime(): 0.
Average time for MPI_Barrier(): 2.99931e-05
Average time for zero size MPI_Send(): 3.00467e-05
#PETSc Option Table entries:
--dt 28.125
--hybridization
--method RTCF
--model_degree 2
--nsteps 100
--profile
--refinements 8
-log_view
#End of PETSc Option Table entries
Compiled without FORTRAN kernels
Compiled with full precision matrices (default)
sizeof(short) 2 sizeof(int) 4 sizeof(long) 8 sizeof(void*) 8 sizeof(PetscScalar) 8 sizeof(PetscInt) 4
Configure options: --prefix=/home/scratch/tg2115/src/firedrake/lib/python3.5/site-packages/petsc PETSC_ARCH=arch-python-linux-x86_64 --with-shared-libraries=1 --with-debugging=0 --with-c2html=0 --with-cc=mpicc --with-cxx=mpicxx --with-fc=mpif90 --download-eigen=/home/scratch/tg2115/src/firedrake/src/eigen-3.3.3.tgz --with-fortran-bindings=0 --download-chaco --download-metis --download-parmetis --download-scalapack --download-hypre --download-mumps --download-netcdf --download-hdf5 --download-pnetcdf --download-exodusii
-----------------------------------------
Libraries compiled on 2018-04-17 14:37:37 on mpe2 
Machine characteristics: Linux-4.4.0-116-generic-x86_64-with-Ubuntu-16.04-xenial
Using PETSc directory: /home/scratch/tg2115/src/firedrake/lib/python3.5/site-packages/petsc
Using PETSc arch: 
-----------------------------------------

Using C compiler: mpicc  -fPIC  -Wall -Wwrite-strings -Wno-strict-aliasing -Wno-unknown-pragmas -fstack-protector -fvisibility=hidden -g -O  
Using Fortran compiler: mpif90  -fPIC -Wall -ffree-line-length-0 -Wno-unused-dummy-argument -g -O    
-----------------------------------------

Using include paths: -I/home/scratch/tg2115/src/firedrake/lib/python3.5/site-packages/petsc/include -I/home/scratch/tg2115/src/firedrake/lib/python3.5/site-packages/petsc//include -I/home/scratch/tg2115/src/firedrake/lib/python3.5/site-packages/petsc/include -I/home/scratch/tg2115/src/firedrake/lib/python3.5/site-packages/petsc/include/eigen3
-----------------------------------------

Using C linker: mpicc
Using Fortran linker: mpif90
Using libraries: -Wl,-rpath,/home/scratch/tg2115/src/firedrake/lib/python3.5/site-packages/petsc/lib -L/home/scratch/tg2115/src/firedrake/lib/python3.5/site-packages/petsc/lib -lpetsc -Wl,-rpath,/home/scratch/tg2115/src/firedrake/lib/python3.5/site-packages/petsc/lib -L/home/scratch/tg2115/src/firedrake/lib/python3.5/site-packages/petsc/lib -Wl,-rpath,/usr/lib/openmpi/lib -L/usr/lib/openmpi/lib -Wl,-rpath,/usr/lib/gcc/x86_64-linux-gnu/5 -L/usr/lib/gcc/x86_64-linux-gnu/5 -Wl,-rpath,/usr/lib/x86_64-linux-gnu -L/usr/lib/x86_64-linux-gnu -Wl,-rpath,/lib/x86_64-linux-gnu -L/lib/x86_64-linux-gnu -lcmumps -ldmumps -lsmumps -lzmumps -lmumps_common -lpord -lscalapack -lHYPRE -llapack -lblas -lexodus -lnetcdf -lpnetcdf -lchaco -lhdf5hl_fortran -lhdf5_fortran -lhdf5_hl -lhdf5 -lparmetis -lmetis -lm -lX11 -lstdc++ -ldl -lmpi_usempif08 -lmpi_usempi_ignore_tkr -lmpi_mpifh -lmpi -lgfortran -lm -lgfortran -lm -lgcc_s -lquadmath -lpthread -lstdc++ -ldl
-----------------------------------------

