
Running cold solve on coarse mesh for degree 2.



Running cold solve on coarse mesh for degree 3.



Running cold solve on coarse mesh for degree 4.




Solving problem: CG Helmholtz.

Approximation degree: 2

Problem size: 4 ^ 3

Quads: False


Warmup solve

Timed solve...
Solving CG Helmholtz(deg=2, N=4, dim=3) finished.

L2 error: 0.010698919420680601

Algebraic error: 0.004894937080920336



Solving problem: CG Helmholtz.

Approximation degree: 2

Problem size: 8 ^ 3

Quads: False


Warmup solve

Timed solve...
Solving CG Helmholtz(deg=2, N=8, dim=3) finished.

L2 error: 0.0013564778886313094

Algebraic error: 0.0004393514256569577



Solving problem: CG Helmholtz.

Approximation degree: 2

Problem size: 16 ^ 3

Quads: False


Warmup solve

Timed solve...
Solving CG Helmholtz(deg=2, N=16, dim=3) finished.

L2 error: 0.0001704075474643293

Algebraic error: 3.111961978629809e-05



Solving problem: CG Helmholtz.

Approximation degree: 2

Problem size: 32 ^ 3

Quads: False


Warmup solve

Timed solve...
Solving CG Helmholtz(deg=2, N=32, dim=3) finished.

L2 error: 2.1332681044254993e-05

Algebraic error: 2.0129752479177468e-06



Solving problem: CG Helmholtz.

Approximation degree: 2

Problem size: 64 ^ 3

Quads: False


Warmup solve

Timed solve...
Solving CG Helmholtz(deg=2, N=64, dim=3) finished.

L2 error: 2.667404820154181e-06

Algebraic error: 1.22900135021146e-07



Solving problem: CG Helmholtz.

Approximation degree: 2

Problem size: 128 ^ 3

Quads: False


Warmup solve

Timed solve...
Solving CG Helmholtz(deg=2, N=128, dim=3) finished.

L2 error: 3.3354261362021416e-07

Algebraic error: 8.493137662888469e-09



Solving problem: CG Helmholtz.

Approximation degree: 3

Problem size: 4 ^ 3

Quads: False


Warmup solve

Timed solve...
Solving CG Helmholtz(deg=3, N=4, dim=3) finished.

L2 error: 0.0018302828287377554

Algebraic error: 0.0015903588857188928



Solving problem: CG Helmholtz.

Approximation degree: 3

Problem size: 8 ^ 3

Quads: False


Warmup solve

Timed solve...
Solving CG Helmholtz(deg=3, N=8, dim=3) finished.

L2 error: 9.17901777526864e-05

Algebraic error: 7.581388241327416e-05



Solving problem: CG Helmholtz.

Approximation degree: 3

Problem size: 16 ^ 3

Quads: False


Warmup solve

Timed solve...
Solving CG Helmholtz(deg=3, N=16, dim=3) finished.

L2 error: 5.40511111517251e-06

Algebraic error: 4.7428761892589234e-06



Solving problem: CG Helmholtz.

Approximation degree: 3

Problem size: 32 ^ 3

Quads: False


Warmup solve

Timed solve...
Solving CG Helmholtz(deg=3, N=32, dim=3) finished.

L2 error: 3.2980199711401343e-07

Algebraic error: 2.9699660558750834e-07



Solving problem: CG Helmholtz.

Approximation degree: 3

Problem size: 64 ^ 3

Quads: False


Warmup solve

Timed solve...
Solving CG Helmholtz(deg=3, N=64, dim=3) finished.

L2 error: 2.0454581848260386e-08

Algebraic error: 1.8591363152276077e-08



Solving problem: CG Helmholtz.

Approximation degree: 3

Problem size: 128 ^ 3

Quads: False


Warmup solve

Timed solve...
Solving CG Helmholtz(deg=3, N=128, dim=3) finished.

L2 error: 1.275334138944842e-09

Algebraic error: 1.1636182431635547e-09



Solving problem: CG Helmholtz.

Approximation degree: 4

Problem size: 4 ^ 3

Quads: False


Warmup solve

Timed solve...
Solving CG Helmholtz(deg=4, N=4, dim=3) finished.

L2 error: 0.00021744993679500738

Algebraic error: 0.00024669577479814855



Solving problem: CG Helmholtz.

Approximation degree: 4

Problem size: 8 ^ 3

Quads: False


Warmup solve

Timed solve...
Solving CG Helmholtz(deg=4, N=8, dim=3) finished.

L2 error: 7.103311248460802e-06

Algebraic error: 7.83720919162803e-06



Solving problem: CG Helmholtz.

Approximation degree: 4

Problem size: 16 ^ 3

Quads: False


Warmup solve

Timed solve...
Solving CG Helmholtz(deg=4, N=16, dim=3) finished.

L2 error: 2.3556204459328618e-07

Algebraic error: 2.4721519225143357e-07



Solving problem: CG Helmholtz.

Approximation degree: 4

Problem size: 32 ^ 3

Quads: False


Warmup solve

Timed solve...
Solving CG Helmholtz(deg=4, N=32, dim=3) finished.

L2 error: 7.512673630021365e-09

Algebraic error: 7.73234717992294e-09



Solving problem: CG Helmholtz.

Approximation degree: 4

Problem size: 64 ^ 3

Quads: False


Warmup solve

Timed solve...
Solving CG Helmholtz(deg=4, N=64, dim=3) finished.

L2 error: 2.3609621700862514e-10

Algebraic error: 2.4162080714403003e-10

************************************************************************************************************************
***             WIDEN YOUR WINDOW TO 120 CHARACTERS.  Use 'enscript -r -fCourier9' to print this document            ***
************************************************************************************************************************

---------------------------------------------- PETSc Performance Summary: ----------------------------------------------

run_cg.py on a  named mpe2 with 40 processors, by tg2115 Tue May  1 23:48:13 2018
Using Petsc Development GIT revision: v3.4.2-20859-g7bfdb64  GIT Date: 2018-04-03 16:04:52 -0500

                         Max       Max/Min        Avg      Total 
Time (sec):           2.959e+03      1.00000   2.959e+03
Objects:              1.049e+04      1.52176   7.233e+03
Flop:                 3.873e+11      1.00417   3.865e+11  1.546e+13
Flop/sec:            1.309e+08      1.00417   1.306e+08  5.224e+09
MPI Messages:         5.483e+04      2.35158   3.368e+04  1.347e+06
MPI Message Lengths:  1.187e+10     17.93998   3.235e+04  4.358e+10
MPI Reductions:       5.063e+03      1.00000

Flop counting convention: 1 flop = 1 real number operation of type (multiply/divide/add/subtract)
                            e.g., VecAXPY() for real vectors of length N --> 2N flop
                            and VecAXPY() for complex vectors of length N --> 8N flop

Summary of Stages:   ----- Time ------  ----- Flop -----  --- Messages ---  -- Message Lengths --  -- Reductions --
                        Avg     %Total     Avg     %Total   counts   %Total     Avg         %Total   counts   %Total 
 0:      Main Stage: 1.7176e+03  58.0%  2.9293e+11   1.9%  9.861e+05  73.2%  2.209e+04       68.3%  2.545e+03  50.3% 
 1:       Warmup...: 4.9012e+02  16.6%  5.7606e+12  37.3%  1.887e+05  14.0%  5.435e+03       16.8%  1.247e+03  24.6% 
 2: CG Helmholtz(deg=2, N=4, dim=3) Warm solve
: 1.8951e+00   0.1%  4.9968e+07   0.0%  4.401e+03   0.3%  2.447e-01        0.0%  2.600e+01   0.5% 
 3: CG Helmholtz(deg=2, N=8, dim=3) Warm solve
: 2.7675e-01   0.0%  4.0052e+08   0.0%  5.562e+03   0.4%  1.090e+00        0.0%  3.500e+01   0.7% 
 4: CG Helmholtz(deg=2, N=16, dim=3) Warm solve
: 4.6683e-01   0.0%  3.2104e+09   0.0%  6.215e+03   0.5%  4.740e+00        0.0%  4.400e+01   0.9% 
 5: CG Helmholtz(deg=2, N=32, dim=3) Warm solve
: 2.2932e+00   0.1%  2.5752e+10   0.2%  7.301e+03   0.5%  2.186e+01        0.1%  5.600e+01   1.1% 
 6: CG Helmholtz(deg=2, N=64, dim=3) Warm solve
: 1.7470e+01   0.6%  2.0671e+11   1.3%  9.388e+03   0.7%  9.841e+01        0.3%  7.100e+01   1.4% 
 7: CG Helmholtz(deg=2, N=128, dim=3) Warm solve
: 1.4882e+02   5.0%  1.6617e+12  10.7%  1.212e+04   0.9%  4.938e+02        1.5%  9.200e+01   1.8% 
 8: CG Helmholtz(deg=3, N=4, dim=3) Warm solve
: 3.3442e+00   0.1%  1.1069e+08   0.0%  6.716e+03   0.5%  9.882e-01        0.0%  4.100e+01   0.8% 
 9: CG Helmholtz(deg=3, N=8, dim=3) Warm solve
: 2.3617e-01   0.0%  8.8939e+08   0.0%  7.677e+03   0.6%  4.304e+00        0.0%  5.000e+01   1.0% 
10: CG Helmholtz(deg=3, N=16, dim=3) Warm solve
: 1.2629e+00   0.0%  7.1600e+09   0.0%  8.555e+03   0.6%  1.888e+01        0.1%  6.200e+01   1.2% 
11: CG Helmholtz(deg=3, N=32, dim=3) Warm solve
: 4.9433e+00   0.2%  5.7840e+10   0.4%  1.013e+04   0.8%  8.873e+01        0.3%  8.000e+01   1.6% 
12: CG Helmholtz(deg=3, N=64, dim=3) Warm solve
: 4.0026e+01   1.4%  4.6954e+11   3.0%  1.387e+04   1.0%  4.173e+02        1.3%  1.070e+02   2.1% 
13: CG Helmholtz(deg=3, N=128, dim=3) Warm solve
: 3.8298e+02  12.9%  3.8293e+12  24.8%  1.844e+04   1.4%  2.164e+03        6.7%  1.430e+02   2.8% 
14: CG Helmholtz(deg=4, N=4, dim=3) Warm solve
: 8.6230e+00   0.3%  6.5570e+08   0.0%  9.368e+03   0.7%  2.907e+00        0.0%  5.900e+01   1.2% 
15: CG Helmholtz(deg=4, N=8, dim=3) Warm solve
: 3.6091e+00   0.1%  5.2646e+09   0.0%  1.063e+04   0.8%  1.272e+01        0.0%  7.100e+01   1.4% 
16: CG Helmholtz(deg=4, N=16, dim=3) Warm solve
: 4.8083e+00   0.2%  4.2274e+10   0.3%  1.123e+04   0.8%  5.436e+01        0.2%  8.300e+01   1.6% 
17: CG Helmholtz(deg=4, N=32, dim=3) Warm solve
: 1.5490e+01   0.5%  3.4086e+11   2.2%  1.332e+04   1.0%  2.566e+02        0.8%  1.070e+02   2.1% 
18: CG Helmholtz(deg=4, N=64, dim=3) Warm solve
: 1.1474e+02   3.9%  2.7538e+12  17.8%  1.757e+04   1.3%  1.179e+03        3.6%  1.370e+02   2.7% 

------------------------------------------------------------------------------------------------------------------------
See the 'Profiling' chapter of the users' manual for details on interpreting output.
Phase summary info:
   Count: number of times phase was executed
   Time and Flop: Max - maximum over all processors
                   Ratio - ratio of maximum to minimum over all processors
   Mess: number of messages sent
   Avg. len: average message length (bytes)
   Reduct: number of global reductions
   Global: entire computation
   Stage: stages of a computation. Set stages with PetscLogStagePush() and PetscLogStagePop().
      %T - percent time in this phase         %F - percent flop in this phase
      %M - percent messages in this phase     %L - percent message lengths in this phase
      %R - percent reductions in this phase
   Total Mflop/s: 10e-6 * (sum of flop over all processors)/(max time over all processors)
------------------------------------------------------------------------------------------------------------------------
Event                Count      Time (sec)     Flop                             --- Global ---  --- Stage ---   Total
                   Max Ratio  Max     Ratio   Max  Ratio  Mess   Avg len Reduct  %T %F %M %L %R  %T %F %M %L %R Mflop/s
------------------------------------------------------------------------------------------------------------------------

--- Event Stage 0: Main Stage

BuildTwoSided        823 1.0 1.4059e+0271.0 0.00e+00 0.0 1.3e+05 4.0e+00 0.0e+00  5  0 10  0  0   8  0 14  0  0     0
BuildTwoSidedF        49 1.0 2.8556e+01 5.0 0.00e+00 0.0 1.3e+04 3.4e+05 0.0e+00  1  0  1 10  0   1  0  1 15  0     0
SFSetGraph           866 1.0 2.7616e-01 1.3 0.00e+00 0.0 0.0e+00 0.0e+00 0.0e+00  0  0  0  0  0   0  0  0  0  0     0
SFSetUp              823 1.0 1.4641e+0218.9 0.00e+00 0.0 4.0e+05 1.7e+04 0.0e+00  5  0 30 16  0   8  0 41 23  0     0
SFBcastBegin        1732 1.0 1.6327e+0126.9 0.00e+00 0.0 5.2e+05 3.3e+04 0.0e+00  0  0 39 40  0   0  0 53 59  0     0
SFBcastEnd          1732 1.0 8.3734e+01 2.1 0.00e+00 0.0 0.0e+00 0.0e+00 0.0e+00  2  0  0  0  0   3  0  0  0  0     0
SFReduceBegin         83 1.0 3.6590e-02 2.7 0.00e+00 0.0 1.3e+04 8.5e+04 0.0e+00  0  0  1  3  0   0  0  1  4  0     0
SFReduceEnd           83 1.0 9.3465e-01 1.4 0.00e+00 0.0 0.0e+00 0.0e+00 0.0e+00  0  0  0  0  0   0  0  0  0  0     0
SFFetchOpBegin        20 1.0 2.8274e-0317.4 0.00e+00 0.0 3.6e+03 2.9e+03 0.0e+00  0  0  0  0  0   0  0  0  0  0     0
SFFetchOpEnd          20 1.0 6.5497e-02 2.3 0.00e+00 0.0 3.6e+03 2.9e+03 0.0e+00  0  0  0  0  0   0  0  0  0  0     0
VecTDot               62 1.0 2.7103e-03 2.3 1.81e+04 4.0 0.0e+00 0.0e+00 6.2e+01  0  0  0  0  1   0  0  0  0  2   153
VecNorm               34 1.0 3.5672e-03 5.9 9.77e+03 4.0 0.0e+00 0.0e+00 3.4e+01  0  0  0  0  1   0  0  0  0  1    63
VecCopy               18 1.0 4.4346e-05 2.4 0.00e+00 0.0 0.0e+00 0.0e+00 0.0e+00  0  0  0  0  0   0  0  0  0  0     0
VecSet               117 1.0 2.4259e-0212.2 0.00e+00 0.0 0.0e+00 0.0e+00 0.0e+00  0  0  0  0  0   0  0  0  0  0     0
VecAXPY               65 1.0 3.6240e-05 1.7 1.88e+04 4.0 0.0e+00 0.0e+00 0.0e+00  0  0  0  0  0   0  0  0  0  0 11936
VecAYPX               28 1.0 2.1935e-05 2.7 8.37e+03 4.0 0.0e+00 0.0e+00 0.0e+00  0  0  0  0  0   0  0  0  0  0  8788
VecScatterBegin       31 1.0 4.9281e-04 3.1 0.00e+00 0.0 1.4e+04 1.9e+02 0.0e+00  0  0  1  0  0   0  0  1  0  0     0
VecScatterEnd         31 1.0 1.0321e-03 7.6 0.00e+00 0.0 0.0e+00 0.0e+00 0.0e+00  0  0  0  0  0   0  0  0  0  0     0
MatMult               31 1.0 1.8029e-03 3.4 5.70e+05 5.2 1.4e+04 1.9e+02 0.0e+00  0  0  1  0  0   0  0  1  0  0  6856
MatConvert             3 1.0 7.2138e-03 1.1 0.00e+00 0.0 0.0e+00 0.0e+00 1.2e+01  0  0  0  0  0   0  0  0  0  0     0
MatAssemblyBegin      52 1.0 3.1875e+01 2.6 0.00e+00 0.0 1.3e+04 3.4e+05 0.0e+00  1  0  1 10  0   2  0  1 15  0     0
MatAssemblyEnd        52 1.0 4.0897e+00 2.2 0.00e+00 0.0 1.6e+04 3.4e+03 1.7e+02  0  0  1  0  3   0  0  2  0  7     0
MatGetRowIJ            6 1.0 1.7881e-05 0.0 0.00e+00 0.0 0.0e+00 0.0e+00 0.0e+00  0  0  0  0  0   0  0  0  0  0     0
MatZeroEntries         3 1.0 1.7405e-0410.9 0.00e+00 0.0 0.0e+00 0.0e+00 0.0e+00  0  0  0  0  0   0  0  0  0  0     0
PCSetUp                3 1.0 7.6446e-02 1.0 0.00e+00 0.0 0.0e+00 0.0e+00 1.2e+01  0  0  0  0  0   0  0  0  0  0     0
PCApply               34 1.0 3.6193e-02 1.0 0.00e+00 0.0 0.0e+00 0.0e+00 0.0e+00  0  0  0  0  0   0  0  0  0  0     0
KSPSetUp               3 1.0 1.0610e-04 1.4 0.00e+00 0.0 0.0e+00 0.0e+00 0.0e+00  0  0  0  0  0   0  0  0  0  0     0
KSPSolve               3 1.0 1.1905e-01 1.0 6.25e+05 5.0 1.4e+04 1.9e+02 1.1e+02  0  0  1  0  2   0  0  1  0  4   114
SNESSolve              3 1.0 5.2120e+00 1.0 1.72e+07 1.1 2.4e+04 2.7e+02 1.2e+02  0  0  2  0  2   0  0  2  0  5   125
SNESFunctionEval       3 1.0 2.6735e+00 1.0 2.66e+06 1.1 8.1e+03 1.8e+02 1.2e+01  0  0  1  0  0   0  0  1  0  0    38
SNESJacobianEval       3 1.0 2.4297e+00 1.0 1.39e+07 1.1 1.9e+03 1.3e+03 0.0e+00  0  0  0  0  0   0  0  0  0  0   220
Mesh Partition        40 1.0 2.1933e+02 1.0 0.00e+00 0.0 4.8e+05 6.5e+03 2.0e+02  7  0 35  7  4  13  0 48 10  8     0
Mesh Migration        40 1.0 4.9242e+01 1.0 0.00e+00 0.0 3.9e+05 5.1e+04 1.4e+03  2  0 29 45 27   3  0 39 66 53     0
DMPlexInterp          20 1.0 2.8065e+02 1.0 0.00e+00 0.0 0.0e+00 0.0e+00 1.0e+02  9  0  0  0  2  16  0  0  0  4     0
DMPlexDistribute      20 1.0 2.5822e+02 1.0 0.00e+00 0.0 2.3e+05 9.9e+04 6.0e+02  9  0 17 52 12  15  0 23 77 24     0
DMPlexDistCones       40 1.0 1.3281e+01 1.1 0.00e+00 0.0 6.6e+04 1.1e+05 0.0e+00  0  0  5 16  0   1  0  7 24  0     0
DMPlexDistLabels      40 1.0 2.8439e+01 1.0 0.00e+00 0.0 2.0e+05 4.9e+04 9.2e+02  1  0 15 22 18   2  0 20 33 36     0
DMPlexDistribOL       20 1.0 1.2506e+01 1.0 0.00e+00 0.0 6.4e+05 3.4e+03 9.6e+02  0  0 48  5 19   1  0 65  7 38     0
DMPlexDistField       60 1.0 1.6159e+00 1.0 0.00e+00 0.0 8.8e+04 1.1e+04 4.0e+01  0  0  7  2  1   0  0  9  3  2     0
DMPlexDistData        40 1.0 1.3845e+0271.9 0.00e+00 0.0 3.9e+05 4.5e+03 0.0e+00  5  0 29  4  0   8  0 40  6  0     0
DMPlexStratify       100 1.0 2.9143e+02 4.4 0.00e+00 0.0 0.0e+00 0.0e+00 1.0e+02 10  0  0  0  2  17  0  0  0  4     0
CreateMesh            80 1.0 3.2699e+02 1.0 0.00e+00 0.0 8.7e+05 2.9e+04 1.6e+03 11  0 65 57 32  19  0 89 84 64     0
CreateFunctionSpace      40 1.0 4.8229e+02 1.0 0.00e+00 0.0 6.7e+05 3.5e+03 1.1e+03 16  0 50  5 21  28  0 68  8 42     0
Mesh: reorder         20 1.0 8.8817e-01 1.1 0.00e+00 0.0 0.0e+00 0.0e+00 4.0e+01  0  0  0  0  1   0  0  0  0  2     0
Mesh: numbering       20 1.0 5.2145e+00 1.0 0.00e+00 0.0 0.0e+00 0.0e+00 4.0e+01  0  0  0  0  1   0  0  0  0  2     0
ParLoopExecute        69 1.0 2.9401e+01 1.4 7.32e+09 1.0 8.1e+03 1.8e+02 1.2e+01  1  2  1  0  0   1100  1  0  0  9963
ParLoopCells          52 1.0 1.6028e+01 1.4 7.32e+09 1.0 0.0e+00 0.0e+00 0.0e+00  0  2  0  0  0   1100  0  0  0 18276
ParLoopRednBegin      69 1.0 1.3041e-03 1.2 0.00e+00 0.0 0.0e+00 0.0e+00 0.0e+00  0  0  0  0  0   0  0  0  0  0     0
ParLoopRednEnd        69 1.0 4.0126e-04 1.2 0.00e+00 0.0 0.0e+00 0.0e+00 0.0e+00  0  0  0  0  0   0  0  0  0  0     0
CreateSparsity        20 1.0 1.5345e+02 1.3 0.00e+00 0.0 2.1e+04 1.1e+05 1.2e+02  4  0  2  5  2   8  0  2  8  5     0
MatZeroInitial        20 1.0 1.7223e+01 1.1 0.00e+00 0.0 0.0e+00 0.0e+00 0.0e+00  1  0  0  0  0   1  0  0  0  0     0
ApplyBC                3 1.0 5.1017e-02 1.5 0.00e+00 0.0 0.0e+00 0.0e+00 0.0e+00  0  0  0  0  0   0  0  0  0  0     0
ParLoopset_4           6 1.0 3.2980e-03 1.4 0.00e+00 0.0 0.0e+00 0.0e+00 0.0e+00  0  0  0  0  0   0  0  0  0  0     0
ParLoopset_10          6 1.0 1.6022e-04 1.7 0.00e+00 0.0 0.0e+00 0.0e+00 0.0e+00  0  0  0  0  0   0  0  0  0  0     0
ParLoopset_16          6 1.0 2.0623e-04 1.8 0.00e+00 0.0 0.0e+00 0.0e+00 0.0e+00  0  0  0  0  0   0  0  0  0  0     0
ParLoopset_22          4 1.0 1.3809e-03 1.3 0.00e+00 0.0 0.0e+00 0.0e+00 0.0e+00  0  0  0  0  0   0  0  0  0  0     0
ParLoopset_28          4 1.0 1.4091e-04 1.6 0.00e+00 0.0 0.0e+00 0.0e+00 0.0e+00  0  0  0  0  0   0  0  0  0  0     0
ParLoopset_34          4 1.0 1.3995e-04 1.6 0.00e+00 0.0 0.0e+00 0.0e+00 0.0e+00  0  0  0  0  0   0  0  0  0  0     0
ParLoopset_40          4 1.0 1.7905e-04 1.7 0.00e+00 0.0 0.0e+00 0.0e+00 0.0e+00  0  0  0  0  0   0  0  0  0  0     0
ParLoopset_46          4 1.0 4.4799e-04 2.0 0.00e+00 0.0 0.0e+00 0.0e+00 0.0e+00  0  0  0  0  0   0  0  0  0  0     0
ParLoopset_52          4 1.0 4.6189e-03 3.2 0.00e+00 0.0 0.0e+00 0.0e+00 0.0e+00  0  0  0  0  0   0  0  0  0  0     0
ParLoopset_58          4 1.0 1.7953e-04 2.1 0.00e+00 0.0 0.0e+00 0.0e+00 0.0e+00  0  0  0  0  0   0  0  0  0  0     0
ParLoopset_64          4 1.0 1.8406e-04 2.1 0.00e+00 0.0 0.0e+00 0.0e+00 0.0e+00  0  0  0  0  0   0  0  0  0  0     0
ParLoopset_70          4 1.0 1.8668e-04 2.0 0.00e+00 0.0 0.0e+00 0.0e+00 0.0e+00  0  0  0  0  0   0  0  0  0  0     0
ParLoopset_76          4 1.0 4.3011e-04 3.0 0.00e+00 0.0 0.0e+00 0.0e+00 0.0e+00  0  0  0  0  0   0  0  0  0  0     0
ParLoopset_82          4 1.0 1.3323e-03 2.3 0.00e+00 0.0 0.0e+00 0.0e+00 0.0e+00  0  0  0  0  0   0  0  0  0  0     0
ParLoopset_88          4 1.0 1.4576e-02 1.9 0.00e+00 0.0 0.0e+00 0.0e+00 0.0e+00  0  0  0  0  0   0  0  0  0  0     0
ParLoopset_94          4 1.0 1.8597e-04 2.0 0.00e+00 0.0 0.0e+00 0.0e+00 0.0e+00  0  0  0  0  0   0  0  0  0  0     0
ParLoopset_100         4 1.0 2.4891e-04 2.8 0.00e+00 0.0 0.0e+00 0.0e+00 0.0e+00  0  0  0  0  0   0  0  0  0  0     0
ParLoopset_106         4 1.0 2.3890e-04 2.3 0.00e+00 0.0 0.0e+00 0.0e+00 0.0e+00  0  0  0  0  0   0  0  0  0  0     0
ParLoopset_112         4 1.0 5.3573e-04 2.6 0.00e+00 0.0 0.0e+00 0.0e+00 0.0e+00  0  0  0  0  0   0  0  0  0  0     0
ParLoopset_118         4 1.0 3.6509e-03 2.2 0.00e+00 0.0 0.0e+00 0.0e+00 0.0e+00  0  0  0  0  0   0  0  0  0  0     0

--- Event Stage 1: Warmup...

BuildTwoSided         17 1.0 2.7328e-01 2.5 0.00e+00 0.0 3.2e+03 4.0e+00 0.0e+00  0  0  0  0  0   0  0  2  0  0     0
BuildTwoSidedF        51 1.0 5.0703e+00 3.0 0.00e+00 0.0 1.0e+04 2.2e+05 0.0e+00  0  0  1  5  0   1  0  5 29  0     0
SFSetGraph            34 1.0 8.8042e-02 1.3 0.00e+00 0.0 0.0e+00 0.0e+00 0.0e+00  0  0  0  0  0   0  0  0  0  0     0
SFSetUp               17 1.0 4.2791e-01 1.6 0.00e+00 0.0 9.7e+03 3.2e+04 0.0e+00  0  0  1  1  0   0  0  5  4  0     0
SFBcastBegin          68 1.0 9.2515e-02 3.0 0.00e+00 0.0 2.6e+04 3.1e+04 0.0e+00  0  0  2  2  0   0  0 14 11  0     0
SFBcastEnd            68 1.0 1.1833e+00 7.2 0.00e+00 0.0 0.0e+00 0.0e+00 0.0e+00  0  0  0  0  0   0  0  0  0  0     0
SFReduceBegin         17 1.0 5.7757e-03 3.2 0.00e+00 0.0 6.5e+03 1.5e+04 0.0e+00  0  0  0  0  0   0  0  3  1  0     0
SFReduceEnd           17 1.0 1.4152e+0025.8 0.00e+00 0.0 0.0e+00 0.0e+00 0.0e+00  0  0  0  0  0   0  0  0  0  0     0
VecTDot              718 1.0 5.9201e+00 2.0 4.17e+08 1.1 0.0e+00 0.0e+00 7.2e+02  0  0  0  0 14   1  0  0  0 58  2743
VecNorm              376 1.0 1.2680e+01 2.9 2.14e+08 1.1 0.0e+00 0.0e+00 3.8e+02  0  0  0  0  7   2  0  0  0 30   657
VecCopy              102 1.0 1.0757e-01 1.3 0.00e+00 0.0 0.0e+00 0.0e+00 0.0e+00  0  0  0  0  0   0  0  0  0  0     0
VecSet               393 1.0 4.0262e-01 1.2 0.00e+00 0.0 0.0e+00 0.0e+00 0.0e+00  0  0  0  0  0   0  0  0  0  0     0
VecAXPY              735 1.0 1.8363e+00 1.1 4.22e+08 1.1 0.0e+00 0.0e+00 0.0e+00  0  0  0  0  0   0  0  0  0  0  8955
VecAYPX              342 1.0 8.8673e-01 1.2 2.03e+08 1.1 0.0e+00 0.0e+00 0.0e+00  0  0  0  0  0   0  0  0  0  0  8920
VecScatterBegin      359 1.0 1.9633e-01 4.0 0.00e+00 0.0 1.4e+05 2.9e+04 0.0e+00  0  0 10  9  0   0  0 72 54  0     0
VecScatterEnd        359 1.0 5.0251e+00 3.4 0.00e+00 0.0 0.0e+00 0.0e+00 0.0e+00  0  0  0  0  0   1  0  0  0  0     0
MatMult              359 1.0 3.0339e+01 1.1 1.06e+10 1.1 1.4e+05 2.9e+04 0.0e+00  1  3 10  9  0   6  7 72 54  0 13501
MatConvert            17 1.0 5.3566e+00 1.0 0.00e+00 0.0 0.0e+00 0.0e+00 6.8e+01  0  0  0  0  1   1  0  0  0  5     0
MatAssemblyBegin      68 1.0 6.0786e+00 1.4 0.00e+00 0.0 1.0e+04 2.2e+05 0.0e+00  0  0  1  5  0   1  0  5 29  0     0
MatAssemblyEnd        68 1.0 4.2528e+00 1.2 0.00e+00 0.0 0.0e+00 0.0e+00 6.8e+01  0  0  0  0  1   1  0  0  0  5     0
MatGetRowIJ           34 1.0 7.3671e-05 4.7 0.00e+00 0.0 0.0e+00 0.0e+00 0.0e+00  0  0  0  0  0   0  0  0  0  0     0
MatZeroEntries        17 1.0 3.8777e-01 1.9 0.00e+00 0.0 0.0e+00 0.0e+00 0.0e+00  0  0  0  0  0   0  0  0  0  0     0
PCSetUp               17 1.0 6.8509e+01 1.0 0.00e+00 0.0 0.0e+00 0.0e+00 6.8e+01  2  0  0  0  1  14  0  0  0  5     0
PCApply              376 1.0 3.3844e+02 1.0 0.00e+00 0.0 0.0e+00 0.0e+00 0.0e+00 11  0  0  0  0  68  0  0  0  0     0
KSPSetUp              17 1.0 3.7078e-02 2.4 0.00e+00 0.0 0.0e+00 0.0e+00 0.0e+00  0  0  0  0  0   0  0  0  0  0     0
KSPSolve              17 1.0 4.4720e+02 1.0 1.18e+10 1.1 1.4e+05 2.9e+04 1.2e+03 15  3 10  9 23  91  8 72 54 93  1025
SNESSolve             17 1.0 4.8997e+02 1.0 1.44e+11 1.0 1.9e+05 3.9e+04 1.2e+03 17 37 14 17 24 100100100100 99 11757
SNESFunctionEval      17 1.0 1.0998e+01 1.1 3.89e+10 1.0 4.2e+04 2.9e+04 6.8e+01  0 10  3  3  1   2 27 22 17  5 141404
SNESJacobianEval      17 1.0 3.2333e+01 1.0 9.37e+10 1.0 1.0e+04 2.2e+05 0.0e+00  1 24  1  5  0   7 65  5 29  0 115887
ParLoopExecute        85 1.0 3.6678e+01 1.0 1.33e+11 1.0 4.2e+04 2.9e+04 6.8e+01  1 34  3  3  1   7 92 22 17  5 144556
ParLoopCells          68 1.0 3.4197e+01 1.1 1.33e+11 1.0 0.0e+00 0.0e+00 0.0e+00  1 34  0  0  0   7 92  0  0  0 155047
ParLoopRednBegin      85 1.0 3.2310e-03 2.4 0.00e+00 0.0 0.0e+00 0.0e+00 0.0e+00  0  0  0  0  0   0  0  0  0  0     0
ParLoopRednEnd        85 1.0 4.7398e-04 1.3 0.00e+00 0.0 0.0e+00 0.0e+00 0.0e+00  0  0  0  0  0   0  0  0  0  0     0
ApplyBC               17 1.0 3.9085e-02 1.3 0.00e+00 0.0 0.0e+00 0.0e+00 0.0e+00  0  0  0  0  0   0  0  0  0  0     0
ParLoopset_22          6 1.0 1.2279e-04 1.3 0.00e+00 0.0 0.0e+00 0.0e+00 0.0e+00  0  0  0  0  0   0  0  0  0  0     0
ParLoopset_28          6 1.0 1.1969e-04 1.6 0.00e+00 0.0 0.0e+00 0.0e+00 0.0e+00  0  0  0  0  0   0  0  0  0  0     0
ParLoopset_34          6 1.0 1.4281e-04 1.5 0.00e+00 0.0 0.0e+00 0.0e+00 0.0e+00  0  0  0  0  0   0  0  0  0  0     0
ParLoopset_40          6 1.0 1.5688e-04 1.3 0.00e+00 0.0 0.0e+00 0.0e+00 0.0e+00  0  0  0  0  0   0  0  0  0  0     0
ParLoopset_46          6 1.0 4.7445e-04 2.0 0.00e+00 0.0 0.0e+00 0.0e+00 0.0e+00  0  0  0  0  0   0  0  0  0  0     0
ParLoopset_52          6 1.0 5.3034e-03 4.2 0.00e+00 0.0 0.0e+00 0.0e+00 0.0e+00  0  0  0  0  0   0  0  0  0  0     0
ParLoopset_58          6 1.0 1.4496e-04 1.8 0.00e+00 0.0 0.0e+00 0.0e+00 0.0e+00  0  0  0  0  0   0  0  0  0  0     0
ParLoopset_64          6 1.0 1.3590e-04 1.6 0.00e+00 0.0 0.0e+00 0.0e+00 0.0e+00  0  0  0  0  0   0  0  0  0  0     0
ParLoopset_70          6 1.0 1.6570e-04 1.5 0.00e+00 0.0 0.0e+00 0.0e+00 0.0e+00  0  0  0  0  0   0  0  0  0  0     0
ParLoopset_76          6 1.0 2.5415e-04 1.6 0.00e+00 0.0 0.0e+00 0.0e+00 0.0e+00  0  0  0  0  0   0  0  0  0  0     0
ParLoopset_82          6 1.0 1.4594e-03 2.9 0.00e+00 0.0 0.0e+00 0.0e+00 0.0e+00  0  0  0  0  0   0  0  0  0  0     0
ParLoopset_88          6 1.0 1.2525e-02 2.4 0.00e+00 0.0 0.0e+00 0.0e+00 0.0e+00  0  0  0  0  0   0  0  0  0  0     0
ParLoopset_94          6 1.0 1.2732e-04 1.3 0.00e+00 0.0 0.0e+00 0.0e+00 0.0e+00  0  0  0  0  0   0  0  0  0  0     0
ParLoopset_100         6 1.0 1.4997e-04 1.5 0.00e+00 0.0 0.0e+00 0.0e+00 0.0e+00  0  0  0  0  0   0  0  0  0  0     0
ParLoopset_106         6 1.0 1.9407e-04 1.6 0.00e+00 0.0 0.0e+00 0.0e+00 0.0e+00  0  0  0  0  0   0  0  0  0  0     0
ParLoopset_112         6 1.0 3.9124e-04 1.8 0.00e+00 0.0 0.0e+00 0.0e+00 0.0e+00  0  0  0  0  0   0  0  0  0  0     0
ParLoopset_118         6 1.0 2.7785e-03 2.6 0.00e+00 0.0 0.0e+00 0.0e+00 0.0e+00  0  0  0  0  0   0  0  0  0  0     0

--- Event Stage 2: CG Helmholtz(deg=2, N=4, dim=3) Warm solve


BuildTwoSidedF         3 1.0 1.1811e-03 1.5 0.00e+00 0.0 6.3e+02 2.3e+02 0.0e+00  0  0  0  0  0   0  0 14 45  0     0
SFBcastBegin           3 1.0 1.1706e-04 3.3 0.00e+00 0.0 1.2e+03 4.5e+01 0.0e+00  0  0  0  0  0   0  0 28 17  0     0
SFBcastEnd             3 1.0 3.2020e-0418.9 0.00e+00 0.0 0.0e+00 0.0e+00 0.0e+00  0  0  0  0  0   0  0  0  0  0     0
SFReduceBegin          1 1.0 2.0027e-05 5.2 0.00e+00 0.0 4.1e+02 4.5e+01 0.0e+00  0  0  0  0  0   0  0  9  6  0     0
SFReduceEnd            1 1.0 3.1304e-04101.0 0.00e+00 0.0 0.0e+00 0.0e+00 0.0e+00  0  0  0  0  0   0  0  0  0  0     0
VecTDot               10 1.0 1.5402e-04 1.8 8.50e+0217.0 0.0e+00 0.0e+00 1.0e+01  0  0  0  0  0   0  0  0  0 38    92
VecNorm                6 1.0 1.5759e-04 4.7 5.16e+0214.3 0.0e+00 0.0e+00 6.0e+00  0  0  0  0  0   0  0  0  0 23    56
VecCopy                6 1.0 7.1526e-06 2.5 0.00e+00 0.0 0.0e+00 0.0e+00 0.0e+00  0  0  0  0  0   0  0  0  0  0     0
VecSet                 7 1.0 6.1989e-06 6.5 0.00e+00 0.0 0.0e+00 0.0e+00 0.0e+00  0  0  0  0  0   0  0  0  0  0     0
VecAXPY               11 1.0 7.1526e-06 7.5 9.46e+0214.3 0.0e+00 0.0e+00 0.0e+00  0  0  0  0  0   0  0  0  0  0  2242
VecAYPX                4 1.0 3.0994e-06 0.0 3.44e+02 0.0 0.0e+00 0.0e+00 0.0e+00  0  0  0  0  0   0  0  0  0  0  1882
VecScatterBegin        5 1.0 5.4598e-05 3.9 0.00e+00 0.0 2.1e+03 5.1e+01 0.0e+00  0  0  0  0  0   0  0 49 33  0     0
VecScatterEnd          5 1.0 4.4823e-05 2.6 0.00e+00 0.0 0.0e+00 0.0e+00 0.0e+00  0  0  0  0  0   0  0  0  0  0     0
MatMult                5 1.0 1.1516e-04 2.6 1.03e+0417.9 2.1e+03 5.1e+01 0.0e+00  0  0  0  0  0   0  0 49 33  0  1447
MatConvert             1 1.0 3.2401e-04 1.0 0.00e+00 0.0 0.0e+00 0.0e+00 4.0e+00  0  0  0  0  0   0  0  0  0 15     0
MatAssemblyBegin       4 1.0 1.2779e-03 1.4 0.00e+00 0.0 6.3e+02 2.3e+02 0.0e+00  0  0  0  0  0   0  0 14 45  0     0
MatAssemblyEnd         4 1.0 4.2820e-04 1.0 0.00e+00 0.0 0.0e+00 0.0e+00 1.0e+01  0  0  0  0  0   0  0  0  0 38     0
MatGetRowIJ            2 1.0 2.1458e-06 0.0 0.00e+00 0.0 0.0e+00 0.0e+00 0.0e+00  0  0  0  0  0   0  0  0  0  0     0
MatZeroEntries         1 1.0 4.0531e-06 4.2 0.00e+00 0.0 0.0e+00 0.0e+00 0.0e+00  0  0  0  0  0   0  0  0  0  0     0
PCSetUp                1 1.0 4.6968e-03 1.0 0.00e+00 0.0 0.0e+00 0.0e+00 4.0e+00  0  0  0  0  0   0  0  0  0 15     0
PCApply                6 1.0 1.1542e-03 1.1 0.00e+00 0.0 0.0e+00 0.0e+00 0.0e+00  0  0  0  0  0   0  0  0  0  0     0
KSPSetUp               1 1.0 9.5367e-07 0.0 0.00e+00 0.0 0.0e+00 0.0e+00 0.0e+00  0  0  0  0  0   0  0  0  0  0     0
KSPSolve               1 1.0 6.1221e-03 1.0 1.28e+0417.2 2.1e+03 5.1e+01 2.0e+01  0  0  0  0  0   0  0 49 33 77    34
SNESSolve              1 1.0 8.5430e-03 1.0 3.48e+05 1.1 3.6e+03 8.2e+01 2.6e+01  0  0  0  0  1   0 26 82 89100  1532
SNESFunctionEval       1 1.0 8.7094e-04 1.8 1.98e+05 1.1 8.1e+02 4.5e+01 0.0e+00  0  0  0  0  0   0 15 18 11  0  8748
SNESJacobianEval       1 1.0 1.7900e-03 1.2 1.37e+05 1.1 6.3e+02 2.3e+02 6.0e+00  0  0  0  0  0   0 11 14 45 23  2937
ParLoopExecute         8 1.0 1.2710e-01 4.0 1.30e+06 1.1 1.6e+03 4.5e+01 0.0e+00  0  0  0  0  0   4100 37 22  0   391
ParLoopCells          10 1.0 1.0925e-02 1.3 1.30e+06 1.1 0.0e+00 0.0e+00 0.0e+00  0  0  0  0  0   1100  0  0  0  4554
ParLoopRednBegin       8 1.0 8.3873e-03 9.4 0.00e+00 0.0 0.0e+00 0.0e+00 0.0e+00  0  0  0  0  0   0  0  0  0  0     0
ParLoopRednEnd         8 1.0 9.1076e-05 1.3 0.00e+00 0.0 0.0e+00 0.0e+00 0.0e+00  0  0  0  0  0   0  0  0  0  0     0
ApplyBC                1 1.0 5.1498e-04 1.1 0.00e+00 0.0 0.0e+00 0.0e+00 0.0e+00  0  0  0  0  0   0  0  0  0  0     0
ParLoopset_22          6 1.0 8.8930e-05 1.3 0.00e+00 0.0 0.0e+00 0.0e+00 0.0e+00  0  0  0  0  0   0  0  0  0  0     0

--- Event Stage 3: CG Helmholtz(deg=2, N=8, dim=3) Warm solve


BuildTwoSidedF         3 1.0 3.3181e-03 4.0 0.00e+00 0.0 6.0e+02 1.1e+03 0.0e+00  0  0  0  0  0   1  0 11 46  0     0
SFBcastBegin           3 1.0 1.3375e-04 3.0 0.00e+00 0.0 1.2e+03 1.5e+02 0.0e+00  0  0  0  0  0   0  0 21 12  0     0
SFBcastEnd             3 1.0 6.5348e-03222.8 0.00e+00 0.0 0.0e+00 0.0e+00 0.0e+00  0  0  0  0  0   1  0  0  0  0     0
SFReduceBegin          1 1.0 2.7180e-05 4.6 0.00e+00 0.0 4.0e+02 1.5e+02 0.0e+00  0  0  0  0  0   0  0  7  4  0     0
SFReduceEnd            1 1.0 2.2070e-03544.5 0.00e+00 0.0 0.0e+00 0.0e+00 0.0e+00  0  0  0  0  0   0  0  0  0  0     0
VecTDot               16 1.0 8.5807e-04 4.2 6.42e+03 4.2 0.0e+00 0.0e+00 1.6e+01  0  0  0  0  0   0  0  0  0 46   182
VecNorm                9 1.0 1.1828e-03 2.4 3.62e+03 4.2 0.0e+00 0.0e+00 9.0e+00  0  0  0  0  0   0  0  0  0 26    75
VecCopy                6 1.0 8.1062e-06 2.1 0.00e+00 0.0 0.0e+00 0.0e+00 0.0e+00  0  0  0  0  0   0  0  0  0  0     0
VecSet                10 1.0 8.5831e-06 4.5 0.00e+00 0.0 0.0e+00 0.0e+00 0.0e+00  0  0  0  0  0   0  0  0  0  0     0
VecAXPY               17 1.0 1.3828e-05 4.5 6.83e+03 4.2 0.0e+00 0.0e+00 0.0e+00  0  0  0  0  0   0  0  0  0  0 12080
VecAYPX                7 1.0 7.8678e-06 0.0 2.81e+03 0.0 0.0e+00 0.0e+00 0.0e+00  0  0  0  0  0   0  0  0  0  0  8742
VecScatterBegin        8 1.0 1.2684e-04 4.1 0.00e+00 0.0 3.4e+03 1.6e+02 0.0e+00  0  0  0  0  0   0  0 61 38  0     0
VecScatterEnd          8 1.0 4.6134e-0427.6 0.00e+00 0.0 0.0e+00 0.0e+00 0.0e+00  0  0  0  0  0   0  0  0  0  0     0
MatMult                8 1.0 6.2776e-04 4.8 8.84e+04 5.0 3.4e+03 1.6e+02 0.0e+00  0  0  0  0  0   0  0 61 38  0  3169
MatConvert             1 1.0 1.0130e-03 1.2 0.00e+00 0.0 0.0e+00 0.0e+00 4.0e+00  0  0  0  0  0   0  0  0  0 11     0
MatAssemblyBegin       4 1.0 3.7062e-03 2.5 0.00e+00 0.0 6.0e+02 1.1e+03 0.0e+00  0  0  0  0  0   1  0 11 46  0     0
MatAssemblyEnd         4 1.0 1.3371e-03 1.1 0.00e+00 0.0 0.0e+00 0.0e+00 1.0e+01  0  0  0  0  0   0  0  0  0 29     0
MatGetRowIJ            2 1.0 2.1458e-06 0.0 0.00e+00 0.0 0.0e+00 0.0e+00 0.0e+00  0  0  0  0  0   0  0  0  0  0     0
MatZeroEntries         1 1.0 8.1062e-06 2.8 0.00e+00 0.0 0.0e+00 0.0e+00 0.0e+00  0  0  0  0  0   0  0  0  0  0     0
PCSetUp                1 1.0 1.7812e-02 1.0 0.00e+00 0.0 0.0e+00 0.0e+00 4.0e+00  0  0  0  0  0   6  0  0  0 11     0
PCApply                9 1.0 1.0270e-02 1.1 0.00e+00 0.0 0.0e+00 0.0e+00 0.0e+00  0  0  0  0  0   4  0  0  0  0     0
KSPSetUp               1 1.0 1.1921e-06 0.0 0.00e+00 0.0 0.0e+00 0.0e+00 0.0e+00  0  0  0  0  0   0  0  0  0  0     0
KSPSolve               1 1.0 2.9461e-02 1.0 1.07e+05 4.8 3.4e+03 1.6e+02 2.9e+01  0  0  0  0  1  11  1 61 38 83    84
SNESSolve              1 1.0 3.6911e-02 1.1 2.69e+06 1.0 4.8e+03 2.8e+02 3.5e+01  0  0  0  0  1  13 26 86 92100  2858
SNESFunctionEval       1 1.0 3.3171e-03 2.1 1.53e+06 1.0 7.9e+02 1.5e+02 0.0e+00  0  0  0  0  0   1 15 14  8  0 18376
SNESJacobianEval       1 1.0 5.0640e-03 1.8 1.05e+06 1.0 6.0e+02 1.1e+03 6.0e+00  0  0  0  0  0   2 11 11 46 17  8305
ParLoopExecute         8 1.0 6.1274e-02 1.4 9.98e+06 1.0 1.6e+03 1.5e+02 0.0e+00  0  0  0  0  0  20 99 28 17  0  6496
ParLoopCells          10 1.0 4.0472e-02 1.9 9.98e+06 1.0 0.0e+00 0.0e+00 0.0e+00  0  0  0  0  0  10 99  0  0  0  9835
ParLoopRednBegin       8 1.0 2.9578e-02 9.8 0.00e+00 0.0 0.0e+00 0.0e+00 0.0e+00  0  0  0  0  0   9  0  0  0  0     0
ParLoopRednEnd         8 1.0 1.3804e-04 2.1 0.00e+00 0.0 0.0e+00 0.0e+00 0.0e+00  0  0  0  0  0   0  0  0  0  0     0
ApplyBC                1 1.0 6.5017e-04 1.8 0.00e+00 0.0 0.0e+00 0.0e+00 0.0e+00  0  0  0  0  0   0  0  0  0  0     0
ParLoopset_28          6 1.0 8.9884e-05 1.7 0.00e+00 0.0 0.0e+00 0.0e+00 0.0e+00  0  0  0  0  0   0  0  0  0  0     0

--- Event Stage 4: CG Helmholtz(deg=2, N=16, dim=3) Warm solve


BuildTwoSidedF         3 1.0 4.9560e-0312.1 0.00e+00 0.0 5.5e+02 5.2e+03 0.0e+00  0  0  0  0  0   1  0  9 45  0     0
SFBcastBegin           3 1.0 4.9210e-04 8.6 0.00e+00 0.0 1.1e+03 5.9e+02 0.0e+00  0  0  0  0  0   0  0 18 10  0     0
SFBcastEnd             3 1.0 3.0613e-02626.3 0.00e+00 0.0 0.0e+00 0.0e+00 0.0e+00  0  0  0  0  0   3  0  0  0  0     0
SFReduceBegin          1 1.0 2.5034e-05 3.1 0.00e+00 0.0 3.8e+02 5.9e+02 0.0e+00  0  0  0  0  0   0  0  6  3  0     0
SFReduceEnd            1 1.0 3.8409e-0455.6 0.00e+00 0.0 0.0e+00 0.0e+00 0.0e+00  0  0  0  0  0   0  0  0  0  0     0
VecTDot               22 1.0 2.3205e-03 1.8 4.98e+04 1.7 0.0e+00 0.0e+00 2.2e+01  0  0  0  0  0   0  0  0  0 50   681
VecNorm               12 1.0 3.2384e-03 3.7 2.72e+04 1.7 0.0e+00 0.0e+00 1.2e+01  0  0  0  0  0   0  0  0  0 27   266
VecCopy                6 1.0 2.7180e-05 2.1 0.00e+00 0.0 0.0e+00 0.0e+00 0.0e+00  0  0  0  0  0   0  0  0  0  0     0
VecSet                13 1.0 1.6689e-05 2.4 0.00e+00 0.0 0.0e+00 0.0e+00 0.0e+00  0  0  0  0  0   0  0  0  0  0     0
VecAXPY               23 1.0 6.0320e-05 3.0 5.21e+04 1.7 0.0e+00 0.0e+00 0.0e+00  0  0  0  0  0   0  0  0  0  0 27406
VecAYPX               10 1.0 3.2187e-05 2.2 2.27e+04 1.7 0.0e+00 0.0e+00 0.0e+00  0  0  0  0  0   0  0  0  0  0 22330
VecScatterBegin       11 1.0 2.1505e-04 5.2 0.00e+00 0.0 4.2e+03 6.3e+02 0.0e+00  0  0  0  0  0   0  0 67 41  0     0
VecScatterEnd         11 1.0 8.0490e-0424.5 0.00e+00 0.0 0.0e+00 0.0e+00 0.0e+00  0  0  0  0  0   0  0  0  0  0     0
MatMult               11 1.0 1.6830e-03 2.2 7.16e+05 1.9 4.2e+03 6.3e+02 0.0e+00  0  0  0  0  0   0  1 67 41  0 12547
MatConvert             1 1.0 2.0061e-03 1.0 0.00e+00 0.0 0.0e+00 0.0e+00 4.0e+00  0  0  0  0  0   0  0  0  0  9     0
MatAssemblyBegin       4 1.0 5.6899e-03 1.3 0.00e+00 0.0 5.5e+02 5.2e+03 0.0e+00  0  0  0  0  0   1  0  9 45  0     0
MatAssemblyEnd         4 1.0 3.9778e-03 1.0 0.00e+00 0.0 0.0e+00 0.0e+00 1.0e+01  0  0  0  0  0   1  0  0  0 23     0
MatGetRowIJ            2 1.0 1.9073e-06 0.0 0.00e+00 0.0 0.0e+00 0.0e+00 0.0e+00  0  0  0  0  0   0  0  0  0  0     0
MatZeroEntries         1 1.0 8.5115e-05 3.3 0.00e+00 0.0 0.0e+00 0.0e+00 0.0e+00  0  0  0  0  0   0  0  0  0  0     0
PCSetUp                1 1.0 4.5956e-02 1.0 0.00e+00 0.0 0.0e+00 0.0e+00 4.0e+00  0  0  0  0  0  10  0  0  0  9     0
PCApply               12 1.0 3.4180e-02 1.1 0.00e+00 0.0 0.0e+00 0.0e+00 0.0e+00  0  0  0  0  0   7  0  0  0  0     0
KSPSetUp               1 1.0 9.5367e-07 0.0 0.00e+00 0.0 0.0e+00 0.0e+00 0.0e+00  0  0  0  0  0   0  0  0  0  0     0
KSPSolve               1 1.0 8.4306e-02 1.0 8.62e+05 1.9 4.2e+03 6.3e+02 3.8e+01  0  0  0  0  1  18  1 67 41 86   307
SNESSolve              1 1.0 1.0165e-01 1.0 2.15e+07 1.0 5.5e+03 1.1e+03 4.4e+01  0  0  0  0  1  22 26 88 93100  8362
SNESFunctionEval       1 1.0 4.5021e-03 1.1 1.22e+07 1.0 7.5e+02 5.9e+02 0.0e+00  0  0  0  0  0   1 15 12  7  0 108314
SNESJacobianEval       1 1.0 1.3141e-02 1.0 8.42e+06 1.0 5.5e+02 5.2e+03 6.0e+00  0  0  0  0  0   3 10  9 45 14 25604
ParLoopExecute         8 1.0 2.5193e-01 1.2 7.97e+07 1.0 1.5e+03 5.9e+02 0.0e+00  0  0  0  0  0  50 99 24 14  0 12640
ParLoopCells          10 1.0 2.0318e-01 1.4 7.97e+07 1.0 0.0e+00 0.0e+00 0.0e+00  0  0  0  0  0  36 99  0  0  0 15673
ParLoopRednBegin       8 1.0 7.7890e-02 4.6 0.00e+00 0.0 0.0e+00 0.0e+00 0.0e+00  0  0  0  0  0  11  0  0  0  0     0
ParLoopRednEnd         8 1.0 1.1182e-04 1.8 0.00e+00 0.0 0.0e+00 0.0e+00 0.0e+00  0  0  0  0  0   0  0  0  0  0     0
ApplyBC                1 1.0 5.3906e-04 1.2 0.00e+00 0.0 0.0e+00 0.0e+00 0.0e+00  0  0  0  0  0   0  0  0  0  0     0
ParLoopset_34          6 1.0 9.3937e-05 1.3 0.00e+00 0.0 0.0e+00 0.0e+00 0.0e+00  0  0  0  0  0   0  0  0  0  0     0

--- Event Stage 5: CG Helmholtz(deg=2, N=32, dim=3) Warm solve


BuildTwoSidedF         3 1.0 3.4836e-0232.6 0.00e+00 0.0 5.8e+02 2.1e+04 0.0e+00  0  0  0  0  0   1  0  8 42  0     0
SFBcastBegin           3 1.0 2.6703e-04 3.5 0.00e+00 0.0 1.1e+03 2.5e+03 0.0e+00  0  0  0  0  0   0  0 15  9  0     0
SFBcastEnd             3 1.0 5.3011e-02367.5 0.00e+00 0.0 0.0e+00 0.0e+00 0.0e+00  0  0  0  0  0   1  0  0  0  0     0
SFReduceBegin          1 1.0 5.5075e-05 3.2 0.00e+00 0.0 3.5e+02 2.5e+03 0.0e+00  0  0  0  0  0   0  0  5  3  0     0
SFReduceEnd            1 1.0 2.3084e-02922.1 0.00e+00 0.0 0.0e+00 0.0e+00 0.0e+00  0  0  0  0  0   0  0  0  0  0     0
VecTDot               30 1.0 1.7339e-02 7.4 4.65e+05 1.3 0.0e+00 0.0e+00 3.0e+01  0  0  0  0  1   0  0  0  0 54   950
VecNorm               16 1.0 2.5770e-0215.1 2.48e+05 1.3 0.0e+00 0.0e+00 1.6e+01  0  0  0  0  0   1  0  0  0 29   341
VecCopy                6 1.0 1.8907e-04 2.9 0.00e+00 0.0 0.0e+00 0.0e+00 0.0e+00  0  0  0  0  0   0  0  0  0  0     0
VecSet                17 1.0 1.3304e-04 1.8 0.00e+00 0.0 0.0e+00 0.0e+00 0.0e+00  0  0  0  0  0   0  0  0  0  0     0
VecAXPY               31 1.0 7.0071e-04 1.6 4.80e+05 1.3 0.0e+00 0.0e+00 0.0e+00  0  0  0  0  0   0  0  0  0  0 24299
VecAYPX               14 1.0 3.7265e-04 1.4 2.17e+05 1.3 0.0e+00 0.0e+00 0.0e+00  0  0  0  0  0   0  0  0  0  0 20635
VecScatterBegin       15 1.0 9.0361e-04 2.7 0.00e+00 0.0 5.3e+03 2.6e+03 0.0e+00  0  0  0  0  0   0  0 73 46  0     0
VecScatterEnd         15 1.0 8.4796e-0311.0 0.00e+00 0.0 0.0e+00 0.0e+00 0.0e+00  0  0  0  0  0   0  0  0  0  0     0
MatMult               15 1.0 2.1113e-02 1.8 6.70e+06 1.4 5.3e+03 2.6e+03 0.0e+00  0  0  0  0  0   1  1 73 46  0 10716
MatConvert             1 1.0 1.3974e-02 1.0 0.00e+00 0.0 0.0e+00 0.0e+00 4.0e+00  0  0  0  0  0   1  0  0  0  7     0
MatAssemblyBegin       4 1.0 3.8924e-02 2.2 0.00e+00 0.0 5.8e+02 2.1e+04 0.0e+00  0  0  0  0  0   1  0  8 42  0     0
MatAssemblyEnd         4 1.0 2.1389e-02 1.4 0.00e+00 0.0 0.0e+00 0.0e+00 1.0e+01  0  0  0  0  0   1  0  0  0 18     0
MatGetRowIJ            2 1.0 2.3842e-06 0.0 0.00e+00 0.0 0.0e+00 0.0e+00 0.0e+00  0  0  0  0  0   0  0  0  0  0     0
MatZeroEntries         1 1.0 5.1999e-04 2.3 0.00e+00 0.0 0.0e+00 0.0e+00 0.0e+00  0  0  0  0  0   0  0  0  0  0     0
PCSetUp                1 1.0 2.1165e-01 1.0 0.00e+00 0.0 0.0e+00 0.0e+00 4.0e+00  0  0  0  0  0   9  0  0  0  7     0
PCApply               16 1.0 2.3082e-01 1.1 0.00e+00 0.0 0.0e+00 0.0e+00 0.0e+00  0  0  0  0  0  10  0  0  0  0     0
KSPSetUp               1 1.0 1.1921e-06 0.0 0.00e+00 0.0 0.0e+00 0.0e+00 0.0e+00  0  0  0  0  0   0  0  0  0  0     0
KSPSolve               1 1.0 4.6844e-01 1.0 8.09e+06 1.4 5.3e+03 2.6e+03 5.0e+01  0  0  0  0  1  20  1 73 46 89   588
SNESSolve              1 1.0 5.9748e-01 1.0 1.73e+08 1.0 6.6e+03 4.2e+03 5.6e+01  0  0  0  0  1  26 27 90 94100 11497
SNESFunctionEval       1 1.0 5.2151e-02 1.5 9.75e+07 1.0 7.1e+02 2.5e+03 0.0e+00  0  0  0  0  0   2 15 10  6  0 74804
SNESJacobianEval       1 1.0 9.3146e-02 1.2 6.73e+07 1.0 5.8e+02 2.1e+04 6.0e+00  0  0  0  0  0   4 10  8 42 11 28898
ParLoopExecute         8 1.0 1.6808e+00 1.0 6.37e+08 1.0 1.4e+03 2.5e+03 0.0e+00  0  0  0  0  0  72 99 19 12  0 15157
ParLoopCells          10 1.0 1.5982e+00 1.3 6.37e+08 1.0 0.0e+00 0.0e+00 0.0e+00  0  0  0  0  0  59 99  0  0  0 15940
ParLoopRednBegin       8 1.0 4.2920e-0117.1 0.00e+00 0.0 0.0e+00 0.0e+00 0.0e+00  0  0  0  0  0  12  0  0  0  0     0
ParLoopRednEnd         8 1.0 2.3007e-04 3.4 0.00e+00 0.0 0.0e+00 0.0e+00 0.0e+00  0  0  0  0  0   0  0  0  0  0     0
ApplyBC                1 1.0 6.8212e-04 1.8 0.00e+00 0.0 0.0e+00 0.0e+00 0.0e+00  0  0  0  0  0   0  0  0  0  0     0
ParLoopset_40          6 1.0 1.4591e-04 1.6 0.00e+00 0.0 0.0e+00 0.0e+00 0.0e+00  0  0  0  0  0   0  0  0  0  0     0

--- Event Stage 6: CG Helmholtz(deg=2, N=64, dim=3) Warm solve


BuildTwoSidedF         3 1.0 2.2266e-0118.1 0.00e+00 0.0 5.7e+02 8.7e+04 0.0e+00  0  0  0  0  0   1  0  6 38  0     0
SFBcastBegin           3 1.0 1.2250e-03 6.7 0.00e+00 0.0 1.1e+03 9.5e+03 0.0e+00  0  0  0  0  0   0  0 12  8  0     0
SFBcastEnd             3 1.0 1.2799e-01189.8 0.00e+00 0.0 0.0e+00 0.0e+00 0.0e+00  0  0  0  0  0   0  0  0  0  0     0
SFReduceBegin          1 1.0 2.4414e-04 5.7 0.00e+00 0.0 3.6e+02 9.5e+03 0.0e+00  0  0  0  0  0   0  0  4  3  0     0
SFReduceEnd            1 1.0 8.1711e-02410.9 0.00e+00 0.0 0.0e+00 0.0e+00 0.0e+00  0  0  0  0  0   0  0  0  0  0     0
VecTDot               40 1.0 6.3729e-02 1.9 4.57e+06 1.1 0.0e+00 0.0e+00 4.0e+01  0  0  0  0  1   0  0  0  0 56  2695
VecNorm               21 1.0 2.3684e-01 4.6 2.40e+06 1.1 0.0e+00 0.0e+00 2.1e+01  0  0  0  0  0   1  0  0  0 30   381
VecCopy                6 1.0 2.1973e-03 3.7 0.00e+00 0.0 0.0e+00 0.0e+00 0.0e+00  0  0  0  0  0   0  0  0  0  0     0
VecSet                22 1.0 1.8263e-03 1.5 0.00e+00 0.0 0.0e+00 0.0e+00 0.0e+00  0  0  0  0  0   0  0  0  0  0     0
VecAXPY               41 1.0 1.4626e-02 1.3 4.68e+06 1.1 0.0e+00 0.0e+00 0.0e+00  0  0  0  0  0   0  0  0  0  0 12035
VecAYPX               19 1.0 4.3466e-03 1.4 2.17e+06 1.1 0.0e+00 0.0e+00 0.0e+00  0  0  0  0  0   0  0  0  0  0 18767
VecScatterBegin       20 1.0 3.4962e-03 3.2 0.00e+00 0.0 7.4e+03 9.4e+03 0.0e+00  0  0  1  0  0   0  0 78 52  0     0
VecScatterEnd         20 1.0 4.7390e-02 4.4 0.00e+00 0.0 0.0e+00 0.0e+00 0.0e+00  0  0  0  0  0   0  0  0  0  0     0
MatMult               20 1.0 1.9166e-01 1.2 6.43e+07 1.1 7.4e+03 9.4e+03 0.0e+00  0  0  1  0  0   1  1 78 52  0 12478
MatConvert             1 1.0 8.7026e-02 1.0 0.00e+00 0.0 0.0e+00 0.0e+00 4.0e+00  0  0  0  0  0   0  0  0  0  6     0
MatAssemblyBegin       4 1.0 2.2280e-01 2.9 0.00e+00 0.0 5.7e+02 8.7e+04 0.0e+00  0  0  0  0  0   1  0  6 38  0     0
MatAssemblyEnd         4 1.0 9.4540e-02 1.5 0.00e+00 0.0 0.0e+00 0.0e+00 1.0e+01  0  0  0  0  0   1  0  0  0 14     0
MatGetRowIJ            2 1.0 3.0994e-06 0.0 0.00e+00 0.0 0.0e+00 0.0e+00 0.0e+00  0  0  0  0  0   0  0  0  0  0     0
MatZeroEntries         1 1.0 6.2108e-03 3.2 0.00e+00 0.0 0.0e+00 0.0e+00 0.0e+00  0  0  0  0  0   0  0  0  0  0     0
PCSetUp                1 1.0 1.4699e+00 1.0 0.00e+00 0.0 0.0e+00 0.0e+00 4.0e+00  0  0  0  0  0   8  0  0  0  6     0
PCApply               21 1.0 2.6813e+00 1.1 0.00e+00 0.0 0.0e+00 0.0e+00 0.0e+00  0  0  0  0  0  15  0  0  0  0     0
KSPSetUp               1 1.0 1.1921e-06 0.0 0.00e+00 0.0 0.0e+00 0.0e+00 0.0e+00  0  0  0  0  0   0  0  0  0  0     0
KSPSolve               1 1.0 4.4431e+00 1.0 7.80e+07 1.1 7.4e+03 9.4e+03 6.5e+01  0  0  1  0  1  25  1 78 52 92   654
SNESSolve              1 1.0 5.3334e+00 1.0 1.40e+09 1.0 8.7e+03 1.5e+04 7.1e+01  0  0  1  0  1  31 27 92 95100 10435
SNESFunctionEval       1 1.0 3.4082e-01 1.2 7.80e+08 1.0 7.3e+02 9.5e+03 0.0e+00  0  0  0  0  0   2 15  8  5  0 91569
SNESJacobianEval       1 1.0 6.0566e-01 1.1 5.38e+08 1.0 5.7e+02 8.7e+04 6.0e+00  0  0  0  0  0   3 10  6 38  8 35554
ParLoopExecute         8 1.0 1.2756e+01 1.0 5.10e+09 1.0 1.5e+03 9.5e+03 0.0e+00  0  1  0  0  0  73 99 16 10  0 15977
ParLoopCells          10 1.0 1.2542e+01 1.3 5.10e+09 1.0 0.0e+00 0.0e+00 0.0e+00  0  1  0  0  0  62 99  0  0  0 16250
ParLoopRednBegin       8 1.0 3.0491e+00109.4 0.00e+00 0.0 0.0e+00 0.0e+00 0.0e+00  0  0  0  0  0  10  0  0  0  0     0
ParLoopRednEnd         8 1.0 2.1601e-04 2.3 0.00e+00 0.0 0.0e+00 0.0e+00 0.0e+00  0  0  0  0  0   0  0  0  0  0     0
ApplyBC                1 1.0 1.1549e-03 2.6 0.00e+00 0.0 0.0e+00 0.0e+00 0.0e+00  0  0  0  0  0   0  0  0  0  0     0
ParLoopset_46          6 1.0 4.9925e-04 2.9 0.00e+00 0.0 0.0e+00 0.0e+00 0.0e+00  0  0  0  0  0   0  0  0  0  0     0

--- Event Stage 7: CG Helmholtz(deg=2, N=128, dim=3) Warm solve


BuildTwoSidedF         3 1.0 7.1617e-0136.7 0.00e+00 0.0 5.8e+02 3.7e+05 0.0e+00  0  0  0  0  0   0  0  5 33  0     0
SFBcastBegin           3 1.0 4.9927e-03 5.2 0.00e+00 0.0 1.1e+03 3.9e+04 0.0e+00  0  0  0  0  0   0  0  9  7  0     0
SFBcastEnd             3 1.0 3.8249e-01102.5 0.00e+00 0.0 0.0e+00 0.0e+00 0.0e+00  0  0  0  0  0   0  0  0  0  0     0
SFReduceBegin          1 1.0 9.3508e-04 6.0 0.00e+00 0.0 3.7e+02 3.9e+04 0.0e+00  0  0  0  0  0   0  0  3  2  0     0
SFReduceEnd            1 1.0 2.4704e-01140.2 0.00e+00 0.0 0.0e+00 0.0e+00 0.0e+00  0  0  0  0  0   0  0  0  0  0     0
VecTDot               54 1.0 5.5284e-01 2.1 4.74e+07 1.1 0.0e+00 0.0e+00 5.4e+01  0  0  0  0  1   0  0  0  0 59  3316
VecNorm               28 1.0 2.0601e+00 4.1 2.46e+07 1.1 0.0e+00 0.0e+00 2.8e+01  0  0  0  0  1   1  0  0  0 30   461
VecCopy                6 1.0 2.0765e-02 1.7 0.00e+00 0.0 0.0e+00 0.0e+00 0.0e+00  0  0  0  0  0   0  0  0  0  0     0
VecSet                29 1.0 5.2418e-02 1.4 0.00e+00 0.0 0.0e+00 0.0e+00 0.0e+00  0  0  0  0  0   0  0  0  0  0     0
VecAXPY               55 1.0 2.1893e-01 1.2 4.83e+07 1.1 0.0e+00 0.0e+00 0.0e+00  0  0  0  0  0   0  0  0  0  0  8529
VecAYPX               26 1.0 1.0099e-01 1.3 2.28e+07 1.1 0.0e+00 0.0e+00 0.0e+00  0  0  0  0  0   0  0  0  0  0  8740
VecScatterBegin       27 1.0 3.9961e-02 7.8 0.00e+00 0.0 1.0e+04 3.9e+04 0.0e+00  0  0  1  1  0   0  0 83 59  0     0
VecScatterEnd         27 1.0 5.1254e-01 5.8 0.00e+00 0.0 0.0e+00 0.0e+00 0.0e+00  0  0  0  0  0   0  0  0  0  0     0
MatMult               27 1.0 2.0863e+00 1.2 6.65e+08 1.1 1.0e+04 3.9e+04 0.0e+00  0  0  1  1  0   1  2 83 59  0 12324
MatConvert             1 1.0 5.0141e-01 1.0 0.00e+00 0.0 0.0e+00 0.0e+00 4.0e+00  0  0  0  0  0   0  0  0  0  4     0
MatAssemblyBegin       4 1.0 8.3628e-01 1.8 0.00e+00 0.0 5.8e+02 3.7e+05 0.0e+00  0  0  0  0  0   0  0  5 33  0     0
MatAssemblyEnd         4 1.0 4.9072e-01 1.1 0.00e+00 0.0 0.0e+00 0.0e+00 1.0e+01  0  0  0  0  0   0  0  0  0 11     0
MatGetRowIJ            2 1.0 4.2915e-06 4.5 0.00e+00 0.0 0.0e+00 0.0e+00 0.0e+00  0  0  0  0  0   0  0  0  0  0     0
MatZeroEntries         1 1.0 4.4594e-02 2.9 0.00e+00 0.0 0.0e+00 0.0e+00 0.0e+00  0  0  0  0  0   0  0  0  0  0     0
PCSetUp                1 1.0 1.3467e+01 1.0 0.00e+00 0.0 0.0e+00 0.0e+00 4.0e+00  0  0  0  0  0   9  0  0  0  4     0
PCApply               28 1.0 2.8976e+01 1.1 0.00e+00 0.0 0.0e+00 0.0e+00 0.0e+00  1  0  0  0  0  19  0  0  0  0     0
KSPSetUp               1 1.0 2.1458e-06 0.0 0.00e+00 0.0 0.0e+00 0.0e+00 0.0e+00  0  0  0  0  0   0  0  0  0  0     0
KSPSolve               1 1.0 4.5561e+01 1.0 8.06e+08 1.1 1.0e+04 3.9e+04 8.6e+01  2  0  1  1  2  31  2 83 59 93   685
SNESSolve              1 1.0 5.1665e+01 1.0 1.14e+10 1.0 1.1e+04 5.6e+04 9.2e+01  2  3  1  1  2  35 27 94 96100  8772
SNESFunctionEval       1 1.0 2.1566e+00 1.1 6.24e+09 1.0 7.5e+02 3.9e+04 0.0e+00  0  2  0  0  0   1 15  6  4  0 115768
SNESJacobianEval       1 1.0 4.0643e+00 1.0 4.31e+09 1.0 5.8e+02 3.7e+05 6.0e+00  0  1  0  0  0   3 10  5 33  7 42387
ParLoopExecute         8 1.0 1.0239e+02 1.0 4.08e+10 1.0 1.5e+03 3.9e+04 0.0e+00  3 11  0  0  0  69 98 12  9  0 15923
ParLoopCells          10 1.0 1.0184e+02 1.3 4.08e+10 1.0 0.0e+00 0.0e+00 0.0e+00  3 11  0  0  0  58 98  0  0  0 16010
ParLoopRednBegin       8 1.0 2.5815e+01163.2 0.00e+00 0.0 0.0e+00 0.0e+00 0.0e+00  1  0  0  0  0  11  0  0  0  0     0
ParLoopRednEnd         8 1.0 9.0528e-04 5.8 0.00e+00 0.0 0.0e+00 0.0e+00 0.0e+00  0  0  0  0  0   0  0  0  0  0     0
ApplyBC                1 1.0 2.8741e-03 3.2 0.00e+00 0.0 0.0e+00 0.0e+00 0.0e+00  0  0  0  0  0   0  0  0  0  0     0
ParLoopset_52          6 1.0 3.2823e-03 2.5 0.00e+00 0.0 0.0e+00 0.0e+00 0.0e+00  0  0  0  0  0   0  0  0  0  0     0

--- Event Stage 8: CG Helmholtz(deg=3, N=4, dim=3) Warm solve


BuildTwoSidedF         3 1.0 2.8708e-0310.7 0.00e+00 0.0 6.4e+02 9.1e+02 0.0e+00  0  0  0  0  0   0  0 10 44  0     0
SFBcastBegin           3 1.0 1.2078e-0333.5 0.00e+00 0.0 1.2e+03 1.1e+02 0.0e+00  0  0  0  0  0   0  0 18 10  0     0
SFBcastEnd             3 1.0 1.9720e-0381.9 0.00e+00 0.0 0.0e+00 0.0e+00 0.0e+00  0  0  0  0  0   0  0  0  0  0     0
SFReduceBegin          1 1.0 1.8120e-05 3.0 0.00e+00 0.0 4.1e+02 1.1e+02 0.0e+00  0  0  0  0  0   0  0  6  3  0     0
SFReduceEnd            1 1.0 1.6971e-03339.0 0.00e+00 0.0 0.0e+00 0.0e+00 0.0e+00  0  0  0  0  0   0  0  0  0  0     0
VecTDot               20 1.0 1.0793e-03 2.8 4.14e+03 5.6 0.0e+00 0.0e+00 2.0e+01  0  0  0  0  0   0  0  0  0 49    81
VecNorm               11 1.0 1.0014e-03 3.9 2.29e+03 5.5 0.0e+00 0.0e+00 1.1e+01  0  0  0  0  0   0  0  0  0 27    48
VecCopy                6 1.0 6.9141e-06 2.4 0.00e+00 0.0 0.0e+00 0.0e+00 0.0e+00  0  0  0  0  0   0  0  0  0  0     0
VecSet                12 1.0 6.1989e-06 6.5 0.00e+00 0.0 0.0e+00 0.0e+00 0.0e+00  0  0  0  0  0   0  0  0  0  0     0
VecAXPY               21 1.0 1.6212e-05 4.0 4.37e+03 5.5 0.0e+00 0.0e+00 0.0e+00  0  0  0  0  0   0  0  0  0  0  5692
VecAYPX                9 1.0 8.1062e-06 8.5 1.87e+03 5.5 0.0e+00 0.0e+00 0.0e+00  0  0  0  0  0   0  0  0  0  0  4878
VecScatterBegin       10 1.0 1.3661e-04 4.1 0.00e+00 0.0 4.4e+03 1.3e+02 0.0e+00  0  0  0  0  0   0  0 66 43  0     0
VecScatterEnd         10 1.0 4.4703e-0416.4 0.00e+00 0.0 0.0e+00 0.0e+00 0.0e+00  0  0  0  0  0   0  0  0  0  0     0
MatMult               10 1.0 6.1297e-04 4.7 9.18e+04 7.4 4.4e+03 1.3e+02 0.0e+00  0  0  0  0  0   0  2 66 43  0  2947
MatConvert             1 1.0 1.2760e-03 1.0 0.00e+00 0.0 0.0e+00 0.0e+00 4.0e+00  0  0  0  0  0   0  0  0  0 10     0
MatAssemblyBegin       4 1.0 3.1462e-03 6.6 0.00e+00 0.0 6.4e+02 9.1e+02 0.0e+00  0  0  0  0  0   0  0 10 44  0     0
MatAssemblyEnd         4 1.0 1.6611e-03 1.6 0.00e+00 0.0 0.0e+00 0.0e+00 1.0e+01  0  0  0  0  0   0  0  0  0 24     0
MatGetRowIJ            2 1.0 2.1458e-06 0.0 0.00e+00 0.0 0.0e+00 0.0e+00 0.0e+00  0  0  0  0  0   0  0  0  0  0     0
MatZeroEntries         1 1.0 7.8678e-06 2.8 0.00e+00 0.0 0.0e+00 0.0e+00 0.0e+00  0  0  0  0  0   0  0  0  0  0     0
PCSetUp                1 1.0 1.7775e-02 1.0 0.00e+00 0.0 0.0e+00 0.0e+00 4.0e+00  0  0  0  0  0   1  0  0  0 10     0
PCApply               11 1.0 1.6473e-02 1.0 0.00e+00 0.0 0.0e+00 0.0e+00 0.0e+00  0  0  0  0  0   0  0  0  0  0     0
KSPSetUp               1 1.0 1.1921e-06 0.0 0.00e+00 0.0 0.0e+00 0.0e+00 0.0e+00  0  0  0  0  0   0  0  0  0  0     0
KSPSolve               1 1.0 3.5762e-02 1.0 1.04e+05 7.1 4.4e+03 1.3e+02 3.5e+01  0  0  0  0  1   1  2 66 43 85    58
SNESSolve              1 1.0 4.0887e-02 1.1 1.61e+06 1.2 5.9e+03 2.1e+02 4.1e+01  0  0  0  0  1   1 54 88 93100  1464
SNESFunctionEval       1 1.0 3.3541e-03 5.0 6.57e+05 1.1 8.3e+02 1.1e+02 0.0e+00  0  0  0  0  0   0 23 12  7  0  7521
SNESJacobianEval       1 1.0 4.0998e-03 2.6 8.48e+05 1.1 6.4e+02 9.1e+02 6.0e+00  0  0  0  0  0   0 29 10 44 15  7945
ParLoopExecute         8 1.0 1.2817e-01 2.8 2.83e+06 1.1 1.7e+03 1.1e+02 0.0e+00  0  0  0  0  0   3 98 25 13  0   847
ParLoopCells          10 1.0 1.4623e-02 1.7 2.83e+06 1.1 0.0e+00 0.0e+00 0.0e+00  0  0  0  0  0   0 98  0  0  0  7427
ParLoopRednBegin       8 1.0 1.2627e-0235.5 0.00e+00 0.0 0.0e+00 0.0e+00 0.0e+00  0  0  0  0  0   0  0  0  0  0     0
ParLoopRednEnd         8 1.0 1.1063e-04 1.5 0.00e+00 0.0 0.0e+00 0.0e+00 0.0e+00  0  0  0  0  0   0  0  0  0  0     0
ApplyBC                1 1.0 5.6386e-04 1.5 0.00e+00 0.0 0.0e+00 0.0e+00 0.0e+00  0  0  0  0  0   0  0  0  0  0     0
ParLoopset_58          6 1.0 9.4652e-05 1.6 0.00e+00 0.0 0.0e+00 0.0e+00 0.0e+00  0  0  0  0  0   0  0  0  0  0     0

--- Event Stage 9: CG Helmholtz(deg=3, N=8, dim=3) Warm solve


BuildTwoSidedF         3 1.0 1.0033e-02 8.5 0.00e+00 0.0 6.0e+02 4.5e+03 0.0e+00  0  0  0  0  0   3  0  8 46  0     0
SFBcastBegin           3 1.0 2.5630e-04 4.5 0.00e+00 0.0 1.2e+03 3.9e+02 0.0e+00  0  0  0  0  0   0  0 16  8  0     0
SFBcastEnd             3 1.0 1.6037e-02292.5 0.00e+00 0.0 0.0e+00 0.0e+00 0.0e+00  0  0  0  0  0   3  0  0  0  0     0
SFReduceBegin          1 1.0 3.0994e-05 6.2 0.00e+00 0.0 4.0e+02 3.9e+02 0.0e+00  0  0  0  0  0   0  0  5  3  0     0
SFReduceEnd            1 1.0 7.0181e-03981.2 0.00e+00 0.0 0.0e+00 0.0e+00 0.0e+00  0  0  0  0  0   1  0  0  0  0     0
VecTDot               26 1.0 2.6658e-03 1.7 2.88e+04 2.5 0.0e+00 0.0e+00 2.6e+01  0  0  0  0  1   1  0  0  0 52   304
VecNorm               14 1.0 2.7797e-03 4.4 1.55e+04 2.5 0.0e+00 0.0e+00 1.4e+01  0  0  0  0  0   1  0  0  0 28   157
VecCopy                6 1.0 1.2875e-05 1.9 0.00e+00 0.0 0.0e+00 0.0e+00 0.0e+00  0  0  0  0  0   0  0  0  0  0     0
VecSet                15 1.0 1.3113e-05 3.4 0.00e+00 0.0 0.0e+00 0.0e+00 0.0e+00  0  0  0  0  0   0  0  0  0  0     0
VecAXPY               27 1.0 3.2187e-05 2.6 2.99e+04 2.5 0.0e+00 0.0e+00 0.0e+00  0  0  0  0  0   0  0  0  0  0 26214
VecAYPX               12 1.0 2.3603e-05 2.9 1.33e+04 2.5 0.0e+00 0.0e+00 0.0e+00  0  0  0  0  0   0  0  0  0  0 15888
VecScatterBegin       13 1.0 2.3961e-04 4.0 0.00e+00 0.0 5.5e+03 4.5e+02 0.0e+00  0  0  0  0  0   0  0 71 43  0     0
VecScatterEnd         13 1.0 9.5415e-0410.3 0.00e+00 0.0 0.0e+00 0.0e+00 0.0e+00  0  0  0  0  0   0  0  0  0  0     0
MatMult               13 1.0 1.8072e-03 2.4 7.02e+05 3.1 5.5e+03 4.5e+02 0.0e+00  0  0  0  0  0   0  2 71 43  0  9972
MatConvert             1 1.0 3.1970e-03 1.1 0.00e+00 0.0 0.0e+00 0.0e+00 4.0e+00  0  0  0  0  0   1  0  0  0  8     0
MatAssemblyBegin       4 1.0 1.1583e-02 3.6 0.00e+00 0.0 6.0e+02 4.5e+03 0.0e+00  0  0  0  0  0   4  0  8 46  0     0
MatAssemblyEnd         4 1.0 5.8663e-03 1.5 0.00e+00 0.0 0.0e+00 0.0e+00 1.0e+01  0  0  0  0  0   2  0  0  0 20     0
MatGetRowIJ            2 1.0 2.3842e-06 0.0 0.00e+00 0.0 0.0e+00 0.0e+00 0.0e+00  0  0  0  0  0   0  0  0  0  0     0
MatZeroEntries         1 1.0 5.5075e-05 5.0 0.00e+00 0.0 0.0e+00 0.0e+00 0.0e+00  0  0  0  0  0   0  0  0  0  0     0
PCSetUp                1 1.0 4.8325e-02 1.0 0.00e+00 0.0 0.0e+00 0.0e+00 4.0e+00  0  0  0  0  0  20  0  0  0  8     0
PCApply               14 1.0 5.0426e-02 1.0 0.00e+00 0.0 0.0e+00 0.0e+00 0.0e+00  0  0  0  0  0  21  0  0  0  0     0
KSPSetUp               1 1.0 1.1921e-06 0.0 0.00e+00 0.0 0.0e+00 0.0e+00 0.0e+00  0  0  0  0  0   0  0  0  0  0     0
KSPSolve               1 1.0 1.0311e-01 1.0 7.85e+05 3.0 5.5e+03 4.5e+02 4.4e+01  0  0  0  0  1  44  2 71 43 88   198
SNESSolve              1 1.0 1.2170e-01 1.0 1.24e+07 1.1 6.9e+03 8.0e+02 5.0e+01  0  0  1  0  1  51 54 90 95100  3968
SNESFunctionEval       1 1.0 8.5361e-03 6.2 5.06e+06 1.0 7.9e+02 3.9e+02 0.0e+00  0  0  0  0  0   2 23 10  5  0 23641
SNESJacobianEval       1 1.0 1.5029e-02 1.8 6.53e+06 1.0 6.0e+02 4.5e+03 6.0e+00  0  0  0  0  0   6 29  8 46 12 17340
ParLoopExecute         8 1.0 5.4329e-02 1.7 2.18e+07 1.0 1.6e+03 3.9e+02 0.0e+00  0  0  0  0  0  20 98 21 11  0 15993
ParLoopCells          10 1.0 3.0131e-02 1.2 2.18e+07 1.0 0.0e+00 0.0e+00 0.0e+00  0  0  0  0  0  12 98  0  0  0 28837
ParLoopRednBegin       8 1.0 1.5475e-02 4.8 0.00e+00 0.0 0.0e+00 0.0e+00 0.0e+00  0  0  0  0  0   4  0  0  0  0     0
ParLoopRednEnd         8 1.0 8.2731e-05 1.2 0.00e+00 0.0 0.0e+00 0.0e+00 0.0e+00  0  0  0  0  0   0  0  0  0  0     0
ApplyBC                1 1.0 5.2905e-04 1.7 0.00e+00 0.0 0.0e+00 0.0e+00 0.0e+00  0  0  0  0  0   0  0  0  0  0     0
ParLoopset_64          6 1.0 9.2745e-05 1.8 0.00e+00 0.0 0.0e+00 0.0e+00 0.0e+00  0  0  0  0  0   0  0  0  0  0     0

--- Event Stage 10: CG Helmholtz(deg=3, N=16, dim=3) Warm solve


BuildTwoSidedF         3 1.0 1.9313e-0218.3 0.00e+00 0.0 5.5e+02 2.1e+04 0.0e+00  0  0  0  0  0   1  0  6 45  0     0
SFBcastBegin           3 1.0 1.5200e-02196.8 0.00e+00 0.0 1.1e+03 1.5e+03 0.0e+00  0  0  0  0  0   0  0 13  7  0     0
SFBcastEnd             3 1.0 8.7732e-021082.3 0.00e+00 0.0 0.0e+00 0.0e+00 0.0e+00  0  0  0  0  0   3  0  0  0  0     0
SFReduceBegin          1 1.0 9.4295e-0468.2 0.00e+00 0.0 3.8e+02 1.5e+03 0.0e+00  0  0  0  0  0   0  0  4  2  0     0
SFReduceEnd            1 1.0 6.8130e-03426.5 0.00e+00 0.0 0.0e+00 0.0e+00 0.0e+00  0  0  0  0  0   0  0  0  0  0     0
VecTDot               34 1.0 8.3644e-03 3.1 2.34e+05 1.4 0.0e+00 0.0e+00 3.4e+01  0  0  0  0  1   0  0  0  0 55   956
VecNorm               18 1.0 1.2741e-0214.0 1.24e+05 1.4 0.0e+00 0.0e+00 1.8e+01  0  0  0  0  0   0  0  0  0 29   332
VecCopy                6 1.0 7.1049e-05 1.9 0.00e+00 0.0 0.0e+00 0.0e+00 0.0e+00  0  0  0  0  0   0  0  0  0  0     0
VecSet                19 1.0 8.2493e-05 2.6 0.00e+00 0.0 0.0e+00 0.0e+00 0.0e+00  0  0  0  0  0   0  0  0  0  0     0
VecAXPY               35 1.0 3.5310e-04 1.7 2.41e+05 1.4 0.0e+00 0.0e+00 0.0e+00  0  0  0  0  0   0  0  0  0  0 23323
VecAYPX               16 1.0 2.4033e-04 1.8 1.10e+05 1.4 0.0e+00 0.0e+00 0.0e+00  0  0  0  0  0   0  0  0  0  0 15665
VecScatterBegin       17 1.0 1.0710e-03 3.3 0.00e+00 0.0 6.5e+03 1.8e+03 0.0e+00  0  0  0  0  0   0  0 76 46  0     0
VecScatterEnd         17 1.0 3.4673e-03 5.2 0.00e+00 0.0 0.0e+00 0.0e+00 0.0e+00  0  0  0  0  0   0  0  0  0  0     0
MatMult               17 1.0 1.5175e-02 1.4 5.83e+06 1.6 6.5e+03 1.8e+03 0.0e+00  0  0  0  0  0   1  3 76 46  0 12164
MatConvert             1 1.0 1.4208e-02 1.0 0.00e+00 0.0 0.0e+00 0.0e+00 4.0e+00  0  0  0  0  0   1  0  0  0  6     0
MatAssemblyBegin       4 1.0 2.2824e-02 1.5 0.00e+00 0.0 5.5e+02 2.1e+04 0.0e+00  0  0  0  0  0   1  0  6 45  0     0
MatAssemblyEnd         4 1.0 1.9015e-02 1.1 0.00e+00 0.0 0.0e+00 0.0e+00 1.0e+01  0  0  0  0  0   1  0  0  0 16     0
MatGetRowIJ            2 1.0 5.9605e-06 0.0 0.00e+00 0.0 0.0e+00 0.0e+00 0.0e+00  0  0  0  0  0   0  0  0  0  0     0
MatZeroEntries         1 1.0 6.4921e-04 4.2 0.00e+00 0.0 0.0e+00 0.0e+00 0.0e+00  0  0  0  0  0   0  0  0  0  0     0
PCSetUp                1 1.0 1.1037e-01 1.0 0.00e+00 0.0 0.0e+00 0.0e+00 4.0e+00  0  0  0  0  0   9  0  0  0  6     0
PCApply               18 1.0 1.7293e-01 1.1 0.00e+00 0.0 0.0e+00 0.0e+00 0.0e+00  0  0  0  0  0  13  0  0  0  0     0
KSPSetUp               1 1.0 1.1921e-06 0.0 0.00e+00 0.0 0.0e+00 0.0e+00 0.0e+00  0  0  0  0  0   0  0  0  0  0     0
KSPSolve               1 1.0 3.0329e-01 1.0 6.53e+06 1.6 6.5e+03 1.8e+03 5.6e+01  0  0  0  0  1  24  3 76 46 90   688
SNESSolve              1 1.0 3.5961e-01 1.0 9.90e+07 1.0 7.8e+03 3.1e+03 6.2e+01  0  0  1  0  1  28 55 91 95100 10867
SNESFunctionEval       1 1.0 1.3469e-02 1.6 4.04e+07 1.0 7.6e+02 1.5e+03 0.0e+00  0  0  0  0  0   1 23  9  5  0 119862
SNESJacobianEval       1 1.0 4.7488e-02 1.1 5.22e+07 1.0 5.5e+02 2.1e+04 6.0e+00  0  0  0  0  0   4 29  6 45 10 43902
ParLoopExecute         8 1.0 3.2998e-01 1.5 1.74e+08 1.0 1.5e+03 1.5e+03 0.0e+00  0  0  0  0  0  22 97 18  9  0 21065
ParLoopCells          10 1.0 2.1681e-01 1.4 1.74e+08 1.0 0.0e+00 0.0e+00 0.0e+00  0  0  0  0  0  14 97  0  0  0 32061
ParLoopRednBegin       8 1.0 8.1678e-02333.3 0.00e+00 0.0 0.0e+00 0.0e+00 0.0e+00  0  0  0  0  0   4  0  0  0  0     0
ParLoopRednEnd         8 1.0 1.4997e-04 2.2 0.00e+00 0.0 0.0e+00 0.0e+00 0.0e+00  0  0  0  0  0   0  0  0  0  0     0
ApplyBC                1 1.0 6.7496e-04 1.9 0.00e+00 0.0 0.0e+00 0.0e+00 0.0e+00  0  0  0  0  0   0  0  0  0  0     0
ParLoopset_70          6 1.0 1.6499e-04 2.2 0.00e+00 0.0 0.0e+00 0.0e+00 0.0e+00  0  0  0  0  0   0  0  0  0  0     0

--- Event Stage 11: CG Helmholtz(deg=3, N=32, dim=3) Warm solve


BuildTwoSidedF         3 1.0 7.9737e-0218.3 0.00e+00 0.0 5.8e+02 8.5e+04 0.0e+00  0  0  0  0  0   1  0  6 41  0     0
SFBcastBegin           3 1.0 6.3682e-04 4.7 0.00e+00 0.0 1.1e+03 6.7e+03 0.0e+00  0  0  0  0  0   0  0 10  6  0     0
SFBcastEnd             3 1.0 1.6654e-01450.9 0.00e+00 0.0 0.0e+00 0.0e+00 0.0e+00  0  0  0  0  0   1  0  0  0  0     0
SFReduceBegin          1 1.0 1.3089e-04 5.2 0.00e+00 0.0 3.5e+02 6.7e+03 0.0e+00  0  0  0  0  0   0  0  3  2  0     0
SFReduceEnd            1 1.0 2.4148e-02410.1 0.00e+00 0.0 0.0e+00 0.0e+00 0.0e+00  0  0  0  0  0   0  0  0  0  0     0
VecTDot               46 1.0 4.8992e-02 2.9 2.28e+06 1.2 0.0e+00 0.0e+00 4.6e+01  0  0  0  0  1   1  0  0  0 57  1714
VecNorm               24 1.0 1.3643e-01 7.2 1.19e+06 1.2 0.0e+00 0.0e+00 2.4e+01  0  0  0  0  0   1  0  0  0 30   321
VecCopy                6 1.0 7.4482e-04 2.7 0.00e+00 0.0 0.0e+00 0.0e+00 0.0e+00  0  0  0  0  0   0  0  0  0  0     0
VecSet                25 1.0 6.1941e-04 1.7 0.00e+00 0.0 0.0e+00 0.0e+00 0.0e+00  0  0  0  0  0   0  0  0  0  0     0
VecAXPY               47 1.0 4.8282e-03 1.3 2.33e+06 1.2 0.0e+00 0.0e+00 0.0e+00  0  0  0  0  0   0  0  0  0  0 17769
VecAYPX               22 1.0 1.9429e-03 1.3 1.09e+06 1.2 0.0e+00 0.0e+00 0.0e+00  0  0  0  0  0   0  0  0  0  0 20669
VecScatterBegin       23 1.0 8.6143e-0310.2 0.00e+00 0.0 8.1e+03 7.5e+03 0.0e+00  0  0  1  0  0   0  0 80 51  0     0
VecScatterEnd         23 1.0 3.4806e-02 6.4 0.00e+00 0.0 0.0e+00 0.0e+00 0.0e+00  0  0  0  0  0   0  0  0  0  0     0
MatMult               23 1.0 1.5398e-01 1.3 5.61e+07 1.3 8.1e+03 7.5e+03 0.0e+00  0  0  1  0  0   3  3 80 51  0 12838
MatConvert             1 1.0 6.0229e-02 1.0 0.00e+00 0.0 0.0e+00 0.0e+00 4.0e+00  0  0  0  0  0   1  0  0  0  5     0
MatAssemblyBegin       4 1.0 9.5301e-02 1.9 0.00e+00 0.0 5.8e+02 8.5e+04 0.0e+00  0  0  0  0  0   2  0  6 41  0     0
MatAssemblyEnd         4 1.0 7.3053e-02 1.1 0.00e+00 0.0 0.0e+00 0.0e+00 1.0e+01  0  0  0  0  0   1  0  0  0 12     0
MatGetRowIJ            2 1.0 2.1458e-06 0.0 0.00e+00 0.0 0.0e+00 0.0e+00 0.0e+00  0  0  0  0  0   0  0  0  0  0     0
MatZeroEntries         1 1.0 3.6850e-03 2.7 0.00e+00 0.0 0.0e+00 0.0e+00 0.0e+00  0  0  0  0  0   0  0  0  0  0     0
PCSetUp                1 1.0 4.4890e-01 1.0 0.00e+00 0.0 0.0e+00 0.0e+00 4.0e+00  0  0  0  0  0   9  0  0  0  5     0
PCApply               24 1.0 1.7191e+00 1.1 0.00e+00 0.0 0.0e+00 0.0e+00 0.0e+00  0  0  0  0  0  34  0  0  0  0     0
KSPSetUp               1 1.0 1.1921e-06 0.0 0.00e+00 0.0 0.0e+00 0.0e+00 0.0e+00  0  0  0  0  0   0  0  0  0  0     0
KSPSolve               1 1.0 2.3636e+00 1.0 6.30e+07 1.3 8.1e+03 7.5e+03 7.4e+01  0  0  1  0  1  48  4 80 51 92   943
SNESSolve              1 1.0 2.7021e+00 1.0 8.03e+08 1.0 9.4e+03 1.2e+04 8.0e+01  0  0  1  0  2  55 55 93 96100 11778
SNESFunctionEval       1 1.0 7.9497e-02 1.2 3.23e+08 1.0 7.1e+02 6.7e+03 0.0e+00  0  0  0  0  0   2 22  7  4  0 162464
SNESJacobianEval       1 1.0 2.7314e-01 1.1 4.17e+08 1.0 5.8e+02 8.5e+04 6.0e+00  0  0  0  0  0   5 29  6 41  8 61061
ParLoopExecute         8 1.0 1.8695e+00 1.1 1.39e+09 1.0 1.4e+03 6.7e+03 0.0e+00  0  0  0  0  0  36 96 14  8  0 29746
ParLoopCells          10 1.0 1.6841e+00 1.3 1.39e+09 1.0 0.0e+00 0.0e+00 0.0e+00  0  0  0  0  0  29 96  0  0  0 33020
ParLoopRednBegin       8 1.0 4.3941e-01 7.4 0.00e+00 0.0 0.0e+00 0.0e+00 0.0e+00  0  0  0  0  0   6  0  0  0  0     0
ParLoopRednEnd         8 1.0 2.5153e-04 3.1 0.00e+00 0.0 0.0e+00 0.0e+00 0.0e+00  0  0  0  0  0   0  0  0  0  0     0
ApplyBC                1 1.0 1.3440e-03 3.0 0.00e+00 0.0 0.0e+00 0.0e+00 0.0e+00  0  0  0  0  0   0  0  0  0  0     0
ParLoopset_76          6 1.0 2.7323e-04 2.3 0.00e+00 0.0 0.0e+00 0.0e+00 0.0e+00  0  0  0  0  0   0  0  0  0  0     0

--- Event Stage 12: CG Helmholtz(deg=3, N=64, dim=3) Warm solve


BuildTwoSidedF         3 1.0 3.8448e-0143.9 0.00e+00 0.0 5.7e+02 3.5e+05 0.0e+00  0  0  0  0  0   0  0  4 35  0     0
SFBcastBegin           3 1.0 3.9570e-03 5.3 0.00e+00 0.0 1.1e+03 2.5e+04 0.0e+00  0  0  0  0  0   0  0  8  5  0     0
SFBcastEnd             3 1.0 2.1060e-0133.9 0.00e+00 0.0 0.0e+00 0.0e+00 0.0e+00  0  0  0  0  0   0  0  0  0  0     0
SFReduceBegin          1 1.0 4.4703e-04 3.7 0.00e+00 0.0 3.6e+02 2.5e+04 0.0e+00  0  0  0  0  0   0  0  3  2  0     0
SFReduceEnd            1 1.0 1.0558e-01149.6 0.00e+00 0.0 0.0e+00 0.0e+00 0.0e+00  0  0  0  0  0   0  0  0  0  0     0
VecTDot               64 1.0 6.6844e-01 2.7 2.40e+07 1.1 0.0e+00 0.0e+00 6.4e+01  0  0  0  0  1   1  0  0  0 60  1377
VecNorm               33 1.0 1.0160e+00 4.8 1.24e+07 1.1 0.0e+00 0.0e+00 3.3e+01  0  0  0  0  1   2  0  0  0 31   467
VecCopy                6 1.0 9.0010e-03 2.8 0.00e+00 0.0 0.0e+00 0.0e+00 0.0e+00  0  0  0  0  0   0  0  0  0  0     0
VecSet                34 1.0 2.0837e-02 1.3 0.00e+00 0.0 0.0e+00 0.0e+00 0.0e+00  0  0  0  0  0   0  0  0  0  0     0
VecAXPY               65 1.0 1.0064e-01 1.2 2.44e+07 1.1 0.0e+00 0.0e+00 0.0e+00  0  0  0  0  0   0  0  0  0  0  9287
VecAYPX               31 1.0 6.2852e-02 1.7 1.16e+07 1.1 0.0e+00 0.0e+00 0.0e+00  0  0  0  0  0   0  0  0  0  0  7092
VecScatterBegin       32 1.0 1.6648e-02 3.5 0.00e+00 0.0 1.2e+04 2.8e+04 0.0e+00  0  0  1  1  0   0  0 85 58  0     0
VecScatterEnd         32 1.0 6.3727e-01 5.2 0.00e+00 0.0 0.0e+00 0.0e+00 0.0e+00  0  0  0  0  0   1  0  0  0  0     0
MatMult               32 1.0 1.9423e+00 1.3 5.78e+08 1.1 1.2e+04 2.8e+04 0.0e+00  0  0  1  1  0   4  5 85 58  0 11268
MatConvert             1 1.0 4.3371e-01 1.0 0.00e+00 0.0 0.0e+00 0.0e+00 4.0e+00  0  0  0  0  0   1  0  0  0  4     0
MatAssemblyBegin       4 1.0 4.4116e-01 1.6 0.00e+00 0.0 5.7e+02 3.5e+05 0.0e+00  0  0  0  0  0   1  0  4 35  0     0
MatAssemblyEnd         4 1.0 4.4351e-01 1.2 0.00e+00 0.0 0.0e+00 0.0e+00 1.0e+01  0  0  0  0  0   1  0  0  0  9     0
MatGetRowIJ            2 1.0 4.0531e-06 0.0 0.00e+00 0.0 0.0e+00 0.0e+00 0.0e+00  0  0  0  0  0   0  0  0  0  0     0
MatZeroEntries         1 1.0 2.9318e-02 2.4 0.00e+00 0.0 0.0e+00 0.0e+00 0.0e+00  0  0  0  0  0   0  0  0  0  0     0
PCSetUp                1 1.0 3.2127e+00 1.0 0.00e+00 0.0 0.0e+00 0.0e+00 4.0e+00  0  0  0  0  0   8  0  0  0  4     0
PCApply               33 1.0 1.9512e+01 1.0 0.00e+00 0.0 0.0e+00 0.0e+00 0.0e+00  1  0  0  0  0  48  0  0  0  0     0
KSPSetUp               1 1.0 9.5367e-07 0.0 0.00e+00 0.0 0.0e+00 0.0e+00 0.0e+00  0  0  0  0  0   0  0  0  0  0     0
KSPSolve               1 1.0 2.5263e+01 1.0 6.49e+08 1.1 1.2e+04 2.8e+04 1.0e+02  1  0  1  1  2  63  5 85 58 94   976
SNESSolve              1 1.0 2.7602e+01 1.0 6.57e+09 1.0 1.3e+04 4.1e+04 1.1e+02  1  2  1  1  2  69 56 95 97100  9471
SNESFunctionEval       1 1.0 5.6037e-01 1.1 2.58e+09 1.0 7.3e+02 2.5e+04 0.0e+00  0  1  0  0  0   1 22  5  3  0 184383
SNESJacobianEval       1 1.0 1.8273e+00 1.0 3.34e+09 1.0 5.7e+02 3.5e+05 6.0e+00  0  1  0  0  0   4 28  4 35  6 73018
ParLoopExecute         8 1.0 1.3683e+01 1.0 1.11e+10 1.0 1.5e+03 2.5e+04 0.0e+00  0  3  0  0  0  34 95 10  7  0 32514
ParLoopCells          10 1.0 1.3390e+01 1.3 1.11e+10 1.0 0.0e+00 0.0e+00 0.0e+00  0  3  0  0  0  29 95  0  0  0 33223
ParLoopRednBegin       8 1.0 3.0107e+00105.9 0.00e+00 0.0 0.0e+00 0.0e+00 0.0e+00  0  0  0  0  0   4  0  0  0  0     0
ParLoopRednEnd         8 1.0 2.7514e-04 2.3 0.00e+00 0.0 0.0e+00 0.0e+00 0.0e+00  0  0  0  0  0   0  0  0  0  0     0
ApplyBC                1 1.0 1.6460e-03 3.2 0.00e+00 0.0 0.0e+00 0.0e+00 0.0e+00  0  0  0  0  0   0  0  0  0  0     0
ParLoopset_82          6 1.0 1.7908e-03 4.2 0.00e+00 0.0 0.0e+00 0.0e+00 0.0e+00  0  0  0  0  0   0  0  0  0  0     0

--- Event Stage 13: CG Helmholtz(deg=3, N=128, dim=3) Warm solve


BuildTwoSidedF         3 1.0 1.9403e+00106.5 0.00e+00 0.0 5.8e+02 1.5e+06 0.0e+00  0  0  0  2  0   0  0  3 30  0     0
SFBcastBegin           3 1.0 3.6284e-0211.8 0.00e+00 0.0 1.1e+03 1.1e+05 0.0e+00  0  0  0  0  0   0  0  6  4  0     0
SFBcastEnd             3 1.0 5.1067e-0156.4 0.00e+00 0.0 0.0e+00 0.0e+00 0.0e+00  0  0  0  0  0   0  0  0  0  0     0
SFReduceBegin          1 1.0 4.2810e-03 7.2 0.00e+00 0.0 3.7e+02 1.1e+05 0.0e+00  0  0  0  0  0   0  0  2  1  0     0
SFReduceEnd            1 1.0 4.4523e-01238.6 0.00e+00 0.0 0.0e+00 0.0e+00 0.0e+00  0  0  0  0  0   0  0  0  0  0     0
VecTDot               88 1.0 2.7256e+00 2.3 2.57e+08 1.1 0.0e+00 0.0e+00 8.8e+01  0  0  0  0  2   0  0  0  0 62  3685
VecNorm               45 1.0 8.0066e+0019.9 1.31e+08 1.1 0.0e+00 0.0e+00 4.5e+01  0  0  0  0  1   1  0  0  0 31   641
VecCopy                6 1.0 6.2764e-02 1.6 0.00e+00 0.0 0.0e+00 0.0e+00 0.0e+00  0  0  0  0  0   0  0  0  0  0     0
VecSet                46 1.0 2.7317e-01 1.3 0.00e+00 0.0 0.0e+00 0.0e+00 0.0e+00  0  0  0  0  0   0  0  0  0  0     0
VecAXPY               89 1.0 1.2983e+00 1.2 2.60e+08 1.1 0.0e+00 0.0e+00 0.0e+00  0  0  0  0  0   0  0  0  0  0  7824
VecAYPX               43 1.0 6.2982e-01 1.4 1.26e+08 1.1 0.0e+00 0.0e+00 0.0e+00  0  0  0  0  0   0  0  0  0  0  7792
VecScatterBegin       44 1.0 1.4066e-01 8.1 0.00e+00 0.0 1.6e+04 1.2e+05 0.0e+00  0  0  1  4  0   0  0 89 65  0     0
VecScatterEnd         44 1.0 3.3957e+00 5.4 0.00e+00 0.0 0.0e+00 0.0e+00 0.0e+00  0  0  0  0  0   0  0  0  0  0     0
MatMult               44 1.0 1.8068e+01 1.1 6.16e+09 1.1 1.6e+04 1.2e+05 0.0e+00  1  2  1  4  0   5  6 89 65  0 13289
MatConvert             1 1.0 2.4754e+00 1.0 0.00e+00 0.0 0.0e+00 0.0e+00 4.0e+00  0  0  0  0  0   1  0  0  0  3     0
MatAssemblyBegin       4 1.0 2.1548e+00 1.9 0.00e+00 0.0 5.8e+02 1.5e+06 0.0e+00  0  0  0  2  0   0  0  3 30  0     0
MatAssemblyEnd         4 1.0 2.0587e+00 1.1 0.00e+00 0.0 0.0e+00 0.0e+00 1.0e+01  0  0  0  0  0   1  0  0  0  7     0
MatGetRowIJ            2 1.0 6.1989e-06 6.5 0.00e+00 0.0 0.0e+00 0.0e+00 0.0e+00  0  0  0  0  0   0  0  0  0  0     0
MatZeroEntries         1 1.0 2.7033e-01 2.9 0.00e+00 0.0 0.0e+00 0.0e+00 0.0e+00  0  0  0  0  0   0  0  0  0  0     0
PCSetUp                1 1.0 3.9929e+01 1.0 0.00e+00 0.0 0.0e+00 0.0e+00 4.0e+00  1  0  0  0  0  10  0  0  0  3     0
PCApply               45 1.0 2.0753e+02 1.0 0.00e+00 0.0 0.0e+00 0.0e+00 0.0e+00  7  0  0  0  0  53  0  0  0  0     0
KSPSetUp               1 1.0 1.1921e-06 0.0 0.00e+00 0.0 0.0e+00 0.0e+00 0.0e+00  0  0  0  0  0   0  0  0  0  0     0
KSPSolve               1 1.0 2.6901e+02 1.0 6.92e+09 1.1 1.6e+04 1.2e+05 1.4e+02  9  2  1  4  3  70  7 89 65 96  1005
SNESSolve              1 1.0 2.8622e+02 1.0 5.43e+10 1.0 1.8e+04 1.6e+05 1.4e+02 10 14  1  7  3  75 57 96 97100  7562
SNESFunctionEval       1 1.0 4.0861e+00 1.1 2.07e+10 1.0 7.5e+02 1.1e+05 0.0e+00  0  5  0  0  0   1 22  4  3  0 202291
SNESJacobianEval       1 1.0 1.3362e+01 1.0 2.67e+10 1.0 5.8e+02 1.5e+06 6.0e+00  0  7  0  2  0   3 28  3 30  4 79886
ParLoopExecute         8 1.0 1.1106e+02 1.0 8.90e+10 1.0 1.5e+03 1.1e+05 0.0e+00  4 23  0  0  0  29 93  8  5  0 32047
ParLoopCells          10 1.0 1.0972e+02 1.3 8.90e+10 1.0 0.0e+00 0.0e+00 0.0e+00  3 23  0  0  0  24 93  0  0  0 32437
ParLoopRednBegin       8 1.0 2.7037e+01308.2 0.00e+00 0.0 0.0e+00 0.0e+00 0.0e+00  1  0  0  0  0   4  0  0  0  0     0
ParLoopRednEnd         8 1.0 3.1900e-04 1.9 0.00e+00 0.0 0.0e+00 0.0e+00 0.0e+00  0  0  0  0  0   0  0  0  0  0     0
ApplyBC                1 1.0 4.9710e-03 3.9 0.00e+00 0.0 0.0e+00 0.0e+00 0.0e+00  0  0  0  0  0   0  0  0  0  0     0
ParLoopset_88          6 1.0 1.1686e-02 3.1 0.00e+00 0.0 0.0e+00 0.0e+00 0.0e+00  0  0  0  0  0   0  0  0  0  0     0

--- Event Stage 14: CG Helmholtz(deg=4, N=4, dim=3) Warm solve


BuildTwoSidedF         3 1.0 4.9963e-03 4.7 0.00e+00 0.0 6.4e+02 2.6e+03 0.0e+00  0  0  0  0  0   0  0  7 43  0     0
SFBcastBegin           3 1.0 1.3740e-0321.7 0.00e+00 0.0 1.2e+03 2.1e+02 0.0e+00  0  0  0  0  0   0  0 13  7  0     0
SFBcastEnd             3 1.0 4.4446e-03115.1 0.00e+00 0.0 0.0e+00 0.0e+00 0.0e+00  0  0  0  0  0   0  0  0  0  0     0
SFReduceBegin          1 1.0 2.7895e-05 4.7 0.00e+00 0.0 4.1e+02 2.1e+02 0.0e+00  0  0  0  0  0   0  0  4  2  0     0
SFReduceEnd            1 1.0 3.9639e-03449.4 0.00e+00 0.0 0.0e+00 0.0e+00 0.0e+00  0  0  0  0  0   0  0  0  0  0     0
VecTDot               32 1.0 1.6198e-03 2.1 1.31e+04 3.6 0.0e+00 0.0e+00 3.2e+01  0  0  0  0  1   0  0  0  0 54   193
VecNorm               17 1.0 1.8148e-03 3.5 6.97e+03 3.5 0.0e+00 0.0e+00 1.7e+01  0  0  0  0  0   0  0  0  0 29    92
VecCopy                6 1.0 1.3113e-05 3.2 0.00e+00 0.0 0.0e+00 0.0e+00 0.0e+00  0  0  0  0  0   0  0  0  0  0     0
VecSet                18 1.0 1.2875e-05 4.5 0.00e+00 0.0 0.0e+00 0.0e+00 0.0e+00  0  0  0  0  0   0  0  0  0  0     0
VecAXPY               33 1.0 2.6703e-05 3.0 1.35e+04 3.5 0.0e+00 0.0e+00 0.0e+00  0  0  0  0  0   0  0  0  0  0 12143
VecAYPX               15 1.0 1.6212e-05 4.9 6.15e+03 3.5 0.0e+00 0.0e+00 0.0e+00  0  0  0  0  0   0  0  0  0  0  9091
VecScatterBegin       16 1.0 2.5320e-04 3.9 0.00e+00 0.0 7.1e+03 2.7e+02 0.0e+00  0  0  1  0  0   0  0 75 48  0     0
VecScatterEnd         16 1.0 4.8685e-0410.6 0.00e+00 0.0 0.0e+00 0.0e+00 0.0e+00  0  0  0  0  0   0  0  0  0  0     0
MatMult               16 1.0 1.0495e-03 3.8 4.68e+05 4.8 7.1e+03 2.7e+02 0.0e+00  0  0  1  0  0   0  2 75 48  0  9898
MatConvert             1 1.0 2.2099e-03 1.1 0.00e+00 0.0 0.0e+00 0.0e+00 4.0e+00  0  0  0  0  0   0  0  0  0  7     0
MatAssemblyBegin       4 1.0 5.5459e-03 3.9 0.00e+00 0.0 6.4e+02 2.6e+03 0.0e+00  0  0  0  0  0   0  0  7 43  0     0
MatAssemblyEnd         4 1.0 3.2010e-03 1.1 0.00e+00 0.0 0.0e+00 0.0e+00 1.0e+01  0  0  0  0  0   0  0  0  0 17     0
MatGetRowIJ            2 1.0 9.5367e-07 0.0 0.00e+00 0.0 0.0e+00 0.0e+00 0.0e+00  0  0  0  0  0   0  0  0  0  0     0
MatZeroEntries         1 1.0 3.2187e-05 5.4 0.00e+00 0.0 0.0e+00 0.0e+00 0.0e+00  0  0  0  0  0   0  0  0  0  0     0
PCSetUp                1 1.0 2.1935e-02 1.0 0.00e+00 0.0 0.0e+00 0.0e+00 4.0e+00  0  0  0  0  0   0  0  0  0  7     0
PCApply               17 1.0 3.0518e-02 1.0 0.00e+00 0.0 0.0e+00 0.0e+00 0.0e+00  0  0  0  0  0   0  0  0  0  0     0
KSPSetUp               1 1.0 9.5367e-07 0.0 0.00e+00 0.0 0.0e+00 0.0e+00 0.0e+00  0  0  0  0  0   0  0  0  0  0     0
KSPSolve               1 1.0 5.4928e-02 1.0 5.08e+05 4.7 7.1e+03 2.7e+02 5.3e+01  0  0  1  0  1   1  2 75 48 90   206
SNESSolve              1 1.0 6.6968e-02 1.1 1.53e+07 1.1 8.5e+03 4.4e+02 5.9e+01  0  0  1  0  1   1 88 91 96100  8640
SNESFunctionEval       1 1.0 5.1851e-03 5.8 1.81e+06 1.1 8.3e+02 2.1e+02 0.0e+00  0  0  0  0  0   0 11  9  4  0 13394
SNESJacobianEval       1 1.0 8.8720e-03 1.9 1.30e+07 1.1 6.4e+02 2.6e+03 6.0e+00  0  0  0  0  0   0 76  7 43 10 56109
ParLoopExecute         8 1.0 1.7731e+00 1.4 1.68e+07 1.1 1.7e+03 2.1e+02 0.0e+00  0  0  0  0  0  18 98 18  9  0   363
ParLoopCells          10 1.0 1.5298e-02 1.4 1.68e+07 1.1 0.0e+00 0.0e+00 0.0e+00  0  0  0  0  0   0 98  0  0  0 42121
ParLoopRednBegin       8 1.0 1.0792e-02 3.5 0.00e+00 0.0 0.0e+00 0.0e+00 0.0e+00  0  0  0  0  0   0  0  0  0  0     0
ParLoopRednEnd         8 1.0 1.3065e-04 1.6 0.00e+00 0.0 0.0e+00 0.0e+00 0.0e+00  0  0  0  0  0   0  0  0  0  0     0
ApplyBC                1 1.0 7.5102e-04 2.3 0.00e+00 0.0 0.0e+00 0.0e+00 0.0e+00  0  0  0  0  0   0  0  0  0  0     0
ParLoopset_94          6 1.0 1.1992e-04 2.1 0.00e+00 0.0 0.0e+00 0.0e+00 0.0e+00  0  0  0  0  0   0  0  0  0  0     0

--- Event Stage 15: CG Helmholtz(deg=4, N=8, dim=3) Warm solve


BuildTwoSidedF         3 1.0 1.3997e-0223.4 0.00e+00 0.0 6.0e+02 1.3e+04 0.0e+00  0  0  0  0  0   0  0  6 45  0     0
SFBcastBegin           3 1.0 2.2361e-0325.7 0.00e+00 0.0 1.2e+03 7.9e+02 0.0e+00  0  0  0  0  0   0  0 11  5  0     0
SFBcastEnd             3 1.0 1.5480e-02132.2 0.00e+00 0.0 0.0e+00 0.0e+00 0.0e+00  0  0  0  0  0   0  0  0  0  0     0
SFReduceBegin          1 1.0 4.1962e-05 4.2 0.00e+00 0.0 4.0e+02 7.9e+02 0.0e+00  0  0  0  0  0   0  0  4  2  0     0
SFReduceEnd            1 1.0 3.9721e-03362.2 0.00e+00 0.0 0.0e+00 0.0e+00 0.0e+00  0  0  0  0  0   0  0  0  0  0     0
VecTDot               40 1.0 1.3207e-02 2.8 9.42e+04 2.0 0.0e+00 0.0e+00 4.0e+01  0  0  0  0  1   0  0  0  0 56   218
VecNorm               21 1.0 8.6408e-03 3.7 4.95e+04 2.0 0.0e+00 0.0e+00 2.1e+01  0  0  0  0  0   0  0  0  0 30   175
VecCopy                6 1.0 3.0756e-05 2.8 0.00e+00 0.0 0.0e+00 0.0e+00 0.0e+00  0  0  0  0  0   0  0  0  0  0     0
VecSet                22 1.0 2.7895e-05 1.9 0.00e+00 0.0 0.0e+00 0.0e+00 0.0e+00  0  0  0  0  0   0  0  0  0  0     0
VecAXPY               41 1.0 1.2541e-04 2.2 9.66e+04 2.0 0.0e+00 0.0e+00 0.0e+00  0  0  0  0  0   0  0  0  0  0 23498
VecAYPX               19 1.0 1.1611e-04 2.6 4.48e+04 2.0 0.0e+00 0.0e+00 0.0e+00  0  0  0  0  0   0  0  0  0  0 11761
VecScatterBegin       20 1.0 1.0917e-03 4.9 0.00e+00 0.0 8.4e+03 9.7e+02 0.0e+00  0  0  1  0  0   0  0 79 48  0     0
VecScatterEnd         20 1.0 5.0323e-0339.9 0.00e+00 0.0 0.0e+00 0.0e+00 0.0e+00  0  0  0  0  0   0  0  0  0  0     0
MatMult               20 1.0 1.1095e-02 2.9 3.64e+06 2.4 8.4e+03 9.7e+02 0.0e+00  0  0  1  0  0   0  2 79 48  0  9102
MatConvert             1 1.0 6.1891e-03 1.1 0.00e+00 0.0 0.0e+00 0.0e+00 4.0e+00  0  0  0  0  0   0  0  0  0  6     0
MatAssemblyBegin       4 1.0 1.6217e-02 1.4 0.00e+00 0.0 6.0e+02 1.3e+04 0.0e+00  0  0  0  0  0   0  0  6 45  0     0
MatAssemblyEnd         4 1.0 1.0108e-02 1.1 0.00e+00 0.0 0.0e+00 0.0e+00 1.0e+01  0  0  0  0  0   0  0  0  0 14     0
MatGetRowIJ            2 1.0 1.9073e-06 0.0 0.00e+00 0.0 0.0e+00 0.0e+00 0.0e+00  0  0  0  0  0   0  0  0  0  0     0
MatZeroEntries         1 1.0 1.9312e-04 3.3 0.00e+00 0.0 0.0e+00 0.0e+00 0.0e+00  0  0  0  0  0   0  0  0  0  0     0
PCSetUp                1 1.0 5.7349e-02 1.0 0.00e+00 0.0 0.0e+00 0.0e+00 4.0e+00  0  0  0  0  0   2  0  0  0  6     0
PCApply               21 1.0 1.1259e-01 1.1 0.00e+00 0.0 0.0e+00 0.0e+00 0.0e+00  0  0  0  0  0   3  0  0  0  0     0
KSPSetUp               1 1.0 1.1921e-06 0.0 0.00e+00 0.0 0.0e+00 0.0e+00 0.0e+00  0  0  0  0  0   0  0  0  0  0     0
KSPSolve               1 1.0 1.9124e-01 1.0 3.91e+06 2.4 8.4e+03 9.7e+02 6.5e+01  0  0  1  0  1   5  2 79 48 92   573
SNESSolve              1 1.0 2.3155e-01 1.0 1.18e+08 1.0 9.8e+03 1.7e+03 7.1e+01  0  0  1  0  1   6 88 93 96100 20072
SNESFunctionEval       1 1.0 7.3481e-03 2.1 1.39e+07 1.0 7.9e+02 7.9e+02 0.0e+00  0  0  0  0  0   0 11  7  4  0 75611
SNESJacobianEval       1 1.0 3.6762e-02 1.1 9.98e+07 1.0 6.0e+02 1.3e+04 6.0e+00  0  0  0  0  0   1 76  6 45  8 108330
ParLoopExecute         8 1.0 9.2732e-02 1.6 1.29e+08 1.0 1.6e+03 7.9e+02 0.0e+00  0  0  0  0  0   2 98 15  7  0 55589
ParLoopCells          10 1.0 5.5259e-02 1.4 1.29e+08 1.0 0.0e+00 0.0e+00 0.0e+00  0  0  0  0  0   1 98  0  0  0 93286
ParLoopRednBegin       8 1.0 3.8761e-02 7.3 0.00e+00 0.0 0.0e+00 0.0e+00 0.0e+00  0  0  0  0  0   1  0  0  0  0     0
ParLoopRednEnd         8 1.0 1.2827e-04 1.8 0.00e+00 0.0 0.0e+00 0.0e+00 0.0e+00  0  0  0  0  0   0  0  0  0  0     0
ApplyBC                1 1.0 8.6498e-04 1.9 0.00e+00 0.0 0.0e+00 0.0e+00 0.0e+00  0  0  0  0  0   0  0  0  0  0     0
ParLoopset_100         6 1.0 1.2183e-04 1.6 0.00e+00 0.0 0.0e+00 0.0e+00 0.0e+00  0  0  0  0  0   0  0  0  0  0     0

--- Event Stage 16: CG Helmholtz(deg=4, N=16, dim=3) Warm solve


BuildTwoSidedF         3 1.0 8.4711e-0253.8 0.00e+00 0.0 5.5e+02 6.0e+04 0.0e+00  0  0  0  0  0   1  0  5 45  0     0
SFBcastBegin           3 1.0 3.4361e-0326.8 0.00e+00 0.0 1.1e+03 3.2e+03 0.0e+00  0  0  0  0  0   0  0 10  5  0     0
SFBcastEnd             3 1.0 3.0125e-01508.9 0.00e+00 0.0 0.0e+00 0.0e+00 0.0e+00  0  0  0  0  0   3  0  0  0  0     0
SFReduceBegin          1 1.0 7.0810e-05 3.5 0.00e+00 0.0 3.8e+02 3.2e+03 0.0e+00  0  0  0  0  0   0  0  3  2  0     0
SFReduceEnd            1 1.0 1.4373e-02379.2 0.00e+00 0.0 0.0e+00 0.0e+00 0.0e+00  0  0  0  0  0   0  0  0  0  0     0
VecTDot               48 1.0 2.8237e-02 2.6 7.43e+05 1.3 0.0e+00 0.0e+00 4.8e+01  0  0  0  0  1   0  0  0  0 58   934
VecNorm               25 1.0 5.7866e-02 6.9 3.87e+05 1.3 0.0e+00 0.0e+00 2.5e+01  0  0  0  0  0   1  0  0  0 30   237
VecCopy                6 1.0 3.3832e-04 4.8 0.00e+00 0.0 0.0e+00 0.0e+00 0.0e+00  0  0  0  0  0   0  0  0  0  0     0
VecSet                26 1.0 1.8406e-04 2.0 0.00e+00 0.0 0.0e+00 0.0e+00 0.0e+00  0  0  0  0  0   0  0  0  0  0     0
VecAXPY               49 1.0 1.1675e-03 1.3 7.59e+05 1.3 0.0e+00 0.0e+00 0.0e+00  0  0  0  0  0   0  0  0  0  0 23051
VecAYPX               23 1.0 6.2084e-04 1.3 3.56e+05 1.3 0.0e+00 0.0e+00 0.0e+00  0  0  0  0  0   0  0  0  0  0 20348
VecScatterBegin       24 1.0 2.0518e-03 3.6 0.00e+00 0.0 9.2e+03 3.9e+03 0.0e+00  0  0  1  0  0   0  0 82 49  0     0
VecScatterEnd         24 1.0 1.9064e-0219.7 0.00e+00 0.0 0.0e+00 0.0e+00 0.0e+00  0  0  0  0  0   0  0  0  0  0     0
MatMult               24 1.0 6.9602e-02 1.3 2.90e+07 1.5 9.2e+03 3.9e+03 0.0e+00  0  0  1  0  0   1  2 82 49  0 13732
MatConvert             1 1.0 3.8525e-02 1.0 0.00e+00 0.0 0.0e+00 0.0e+00 4.0e+00  0  0  0  0  0   1  0  0  0  5     0
MatAssemblyBegin       4 1.0 1.0346e-01 2.6 0.00e+00 0.0 5.5e+02 6.0e+04 0.0e+00  0  0  0  0  0   2  0  5 45  0     0
MatAssemblyEnd         4 1.0 5.3594e-02 1.1 0.00e+00 0.0 0.0e+00 0.0e+00 1.0e+01  0  0  0  0  0   1  0  0  0 12     0
MatGetRowIJ            2 1.0 1.9073e-06 0.0 0.00e+00 0.0 0.0e+00 0.0e+00 0.0e+00  0  0  0  0  0   0  0  0  0  0     0
MatZeroEntries         1 1.0 1.7440e-03 3.0 0.00e+00 0.0 0.0e+00 0.0e+00 0.0e+00  0  0  0  0  0   0  0  0  0  0     0
PCSetUp                1 1.0 3.4273e-01 1.0 0.00e+00 0.0 0.0e+00 0.0e+00 4.0e+00  0  0  0  0  0   7  0  0  0  5     0
PCApply               25 1.0 6.3754e-01 1.1 0.00e+00 0.0 0.0e+00 0.0e+00 0.0e+00  0  0  0  0  0  13  0  0  0  0     0
KSPSetUp               1 1.0 1.1921e-06 0.0 0.00e+00 0.0 0.0e+00 0.0e+00 0.0e+00  0  0  0  0  0   0  0  0  0  0     0
KSPSolve               1 1.0 1.0733e+00 1.0 3.12e+07 1.5 9.2e+03 3.9e+03 7.7e+01  0  0  1  0  2  22  2 82 49 93   964
SNESSolve              1 1.0 1.3399e+00 1.0 9.39e+08 1.0 1.0e+04 6.8e+03 8.3e+01  0  0  1  0  2  28 88 93 97100 27867
SNESFunctionEval       1 1.0 3.4352e-02 1.3 1.11e+08 1.0 7.6e+02 3.2e+03 0.0e+00  0  0  0  0  0   1 11  7  3  0 129389
SNESJacobianEval       1 1.0 2.3977e-01 1.0 7.97e+08 1.0 5.5e+02 6.0e+04 6.0e+00  0  0  0  0  0   5 75  5 45  7 132874
ParLoopExecute         8 1.0 7.5780e-01 2.1 1.03e+09 1.0 1.5e+03 3.2e+03 0.0e+00  0  0  0  0  0  13 98 13  7  0 54419
ParLoopCells          10 1.0 3.7428e-01 1.4 1.03e+09 1.0 0.0e+00 0.0e+00 0.0e+00  0  0  0  0  0   7 98  0  0  0 110181
ParLoopRednBegin       8 1.0 2.4539e-0186.0 0.00e+00 0.0 0.0e+00 0.0e+00 0.0e+00  0  0  0  0  0   3  0  0  0  0     0
ParLoopRednEnd         8 1.0 1.6618e-04 2.1 0.00e+00 0.0 0.0e+00 0.0e+00 0.0e+00  0  0  0  0  0   0  0  0  0  0     0
ApplyBC                1 1.0 9.7084e-04 2.1 0.00e+00 0.0 0.0e+00 0.0e+00 0.0e+00  0  0  0  0  0   0  0  0  0  0     0
ParLoopset_106         6 1.0 2.0981e-04 2.3 0.00e+00 0.0 0.0e+00 0.0e+00 0.0e+00  0  0  0  0  0   0  0  0  0  0     0

--- Event Stage 17: CG Helmholtz(deg=4, N=32, dim=3) Warm solve


BuildTwoSidedF         3 1.0 2.5731e-0136.3 0.00e+00 0.0 5.8e+02 2.4e+05 0.0e+00  0  0  0  0  0   1  0  4 40  0     0
SFBcastBegin           3 1.0 3.4108e-0290.2 0.00e+00 0.0 1.1e+03 1.4e+04 0.0e+00  0  0  0  0  0   0  0  8  4  0     0
SFBcastEnd             3 1.0 4.2294e-01279.0 0.00e+00 0.0 0.0e+00 0.0e+00 0.0e+00  0  0  0  0  0   1  0  0  0  0     0
SFReduceBegin          1 1.0 2.9397e-04 4.7 0.00e+00 0.0 3.5e+02 1.4e+04 0.0e+00  0  0  0  0  0   0  0  3  1  0     0
SFReduceEnd            1 1.0 7.6818e-02590.1 0.00e+00 0.0 0.0e+00 0.0e+00 0.0e+00  0  0  0  0  0   0  0  0  0  0     0
VecTDot               64 1.0 2.0961e-01 2.2 7.31e+06 1.1 0.0e+00 0.0e+00 6.4e+01  0  0  0  0  1   1  0  0  0 60  1311
VecNorm               33 1.0 4.8743e-01 3.6 3.77e+06 1.1 0.0e+00 0.0e+00 3.3e+01  0  0  0  0  1   2  0  0  0 31   291
VecCopy                6 1.0 1.7259e-03 2.8 0.00e+00 0.0 0.0e+00 0.0e+00 0.0e+00  0  0  0  0  0   0  0  0  0  0     0
VecSet                34 1.0 2.5668e-03 1.4 0.00e+00 0.0 0.0e+00 0.0e+00 0.0e+00  0  0  0  0  0   0  0  0  0  0     0
VecAXPY               65 1.0 2.2690e-02 1.4 7.42e+06 1.1 0.0e+00 0.0e+00 0.0e+00  0  0  0  0  0   0  0  0  0  0 12299
VecAYPX               31 1.0 7.7519e-03 1.5 3.54e+06 1.1 0.0e+00 0.0e+00 0.0e+00  0  0  0  0  0   0  0  0  0  0 17169
VecScatterBegin       32 1.0 1.1762e-02 6.1 0.00e+00 0.0 1.1e+04 1.6e+04 0.0e+00  0  0  1  0  0   0  0 85 54  0     0
VecScatterEnd         32 1.0 2.0441e-01 5.6 0.00e+00 0.0 0.0e+00 0.0e+00 0.0e+00  0  0  0  0  0   1  0  0  0  0     0
MatMult               32 1.0 7.1842e-01 1.2 2.81e+08 1.2 1.1e+04 1.6e+04 0.0e+00  0  0  1  0  0   4  3 85 54  0 14089
MatConvert             1 1.0 2.1441e-01 1.0 0.00e+00 0.0 0.0e+00 0.0e+00 4.0e+00  0  0  0  0  0   1  0  0  0  4     0
MatAssemblyBegin       4 1.0 3.0148e-01 1.5 0.00e+00 0.0 5.8e+02 2.4e+05 0.0e+00  0  0  0  0  0   2  0  4 40  0     0
MatAssemblyEnd         4 1.0 2.4294e-01 1.2 0.00e+00 0.0 0.0e+00 0.0e+00 1.0e+01  0  0  0  0  0   1  0  0  0  9     0
MatGetRowIJ            2 1.0 5.9605e-06 0.0 0.00e+00 0.0 0.0e+00 0.0e+00 0.0e+00  0  0  0  0  0   0  0  0  0  0     0
MatZeroEntries         1 1.0 1.8436e-02 3.6 0.00e+00 0.0 0.0e+00 0.0e+00 0.0e+00  0  0  0  0  0   0  0  0  0  0     0
PCSetUp                1 1.0 1.0087e+00 1.0 0.00e+00 0.0 0.0e+00 0.0e+00 4.0e+00  0  0  0  0  0   7  0  0  0  4     0
PCApply               33 1.0 6.9695e+00 1.1 0.00e+00 0.0 0.0e+00 0.0e+00 0.0e+00  0  0  0  0  0  44  0  0  0  0     0
KSPSetUp               1 1.0 1.1921e-06 0.0 0.00e+00 0.0 0.0e+00 0.0e+00 0.0e+00  0  0  0  0  0   0  0  0  0  0     0
KSPSolve               1 1.0 8.9577e+00 1.0 3.03e+08 1.2 1.1e+04 1.6e+04 1.0e+02  0  0  1  0  2  58  3 85 54 94  1222
SNESSolve              1 1.0 1.0597e+01 1.0 7.56e+09 1.0 1.3e+04 2.7e+04 1.1e+02  0  2  1  1  2  68 88 95 97100 28441
SNESFunctionEval       1 1.0 2.3583e-01 1.2 8.89e+08 1.0 7.1e+02 1.4e+04 0.0e+00  0  0  0  0  0   1 10  5  3  0 150776
SNESJacobianEval       1 1.0 1.4466e+00 1.0 6.37e+09 1.0 5.8e+02 2.4e+05 6.0e+00  0  2  0  0  0   9 75  4 40  6 176193
ParLoopExecute         8 1.0 3.3428e+00 1.2 8.25e+09 1.0 1.4e+03 1.4e+04 0.0e+00  0  2  0  0  0  20 97 11  6  0 98694
ParLoopCells          10 1.0 2.8139e+00 1.2 8.25e+09 1.0 0.0e+00 0.0e+00 0.0e+00  0  2  0  0  0  17 97  0  0  0 117243
ParLoopRednBegin       8 1.0 6.2260e-01 6.1 0.00e+00 0.0 0.0e+00 0.0e+00 0.0e+00  0  0  0  0  0   2  0  0  0  0     0
ParLoopRednEnd         8 1.0 2.8777e-04 2.9 0.00e+00 0.0 0.0e+00 0.0e+00 0.0e+00  0  0  0  0  0   0  0  0  0  0     0
ApplyBC                1 1.0 1.5261e-03 3.2 0.00e+00 0.0 0.0e+00 0.0e+00 0.0e+00  0  0  0  0  0   0  0  0  0  0     0
ParLoopset_112         6 1.0 6.8736e-04 3.7 0.00e+00 0.0 0.0e+00 0.0e+00 0.0e+00  0  0  0  0  0   0  0  0  0  0     0

--- Event Stage 18: CG Helmholtz(deg=4, N=64, dim=3) Warm solve


BuildTwoSidedF         3 1.0 1.0585e+00 8.0 0.00e+00 0.0 5.7e+02 9.9e+05 0.0e+00  0  0  0  1  0   0  0  3 36  0     0
SFBcastBegin           3 1.0 5.5392e-03 4.7 0.00e+00 0.0 1.1e+03 5.3e+04 0.0e+00  0  0  0  0  0   0  0  6  4  0     0
SFBcastEnd             3 1.0 5.3090e-0145.0 0.00e+00 0.0 0.0e+00 0.0e+00 0.0e+00  0  0  0  0  0   0  0  0  0  0     0
SFReduceBegin          1 1.0 3.0119e-0312.7 0.00e+00 0.0 3.6e+02 5.3e+04 0.0e+00  0  0  0  0  0   0  0  2  1  0     0
SFReduceEnd            1 1.0 2.8861e-01150.7 0.00e+00 0.0 0.0e+00 0.0e+00 0.0e+00  0  0  0  0  0   0  0  0  0  0     0
VecTDot               84 1.0 1.5879e+00 4.0 7.36e+07 1.1 0.0e+00 0.0e+00 8.4e+01  0  0  0  0  2   1  0  0  0 61  1796
VecNorm               43 1.0 2.8599e+00 5.8 3.77e+07 1.1 0.0e+00 0.0e+00 4.3e+01  0  0  0  0  1   1  0  0  0 31   510
VecCopy                6 1.0 2.2335e-02 2.5 0.00e+00 0.0 0.0e+00 0.0e+00 0.0e+00  0  0  0  0  0   0  0  0  0  0     0
VecSet                44 1.0 7.5651e-02 1.4 0.00e+00 0.0 0.0e+00 0.0e+00 0.0e+00  0  0  0  0  0   0  0  0  0  0     0
VecAXPY               85 1.0 3.4105e-01 1.3 7.45e+07 1.1 0.0e+00 0.0e+00 0.0e+00  0  0  0  0  0   0  0  0  0  0  8461
VecAYPX               41 1.0 1.6312e-01 1.4 3.59e+07 1.1 0.0e+00 0.0e+00 0.0e+00  0  0  0  0  0   0  0  0  0  0  8533
VecScatterBegin       42 1.0 5.5352e-02 4.9 0.00e+00 0.0 1.6e+04 6.1e+04 0.0e+00  0  0  1  2  0   0  0 88 60  0     0
VecScatterEnd         42 1.0 1.5911e+00 8.1 0.00e+00 0.0 0.0e+00 0.0e+00 0.0e+00  0  0  0  0  0   1  0  0  0  0     0
MatMult               42 1.0 7.7084e+00 1.2 2.76e+09 1.1 1.6e+04 6.1e+04 0.0e+00  0  1  1  2  0   6  4 88 60  0 13738
MatConvert             1 1.0 1.2874e+00 1.0 0.00e+00 0.0 0.0e+00 0.0e+00 4.0e+00  0  0  0  0  0   1  0  0  0  3     0
MatAssemblyBegin       4 1.0 1.2499e+00 2.0 0.00e+00 0.0 5.7e+02 9.9e+05 0.0e+00  0  0  0  1  0   1  0  3 36  0     0
MatAssemblyEnd         4 1.0 1.1743e+00 1.1 0.00e+00 0.0 0.0e+00 0.0e+00 1.0e+01  0  0  0  0  0   1  0  0  0  7     0
MatGetRowIJ            2 1.0 5.9605e-06 6.2 0.00e+00 0.0 0.0e+00 0.0e+00 0.0e+00  0  0  0  0  0   0  0  0  0  0     0
MatZeroEntries         1 1.0 1.3733e-01 3.3 0.00e+00 0.0 0.0e+00 0.0e+00 0.0e+00  0  0  0  0  0   0  0  0  0  0     0
PCSetUp                1 1.0 6.5346e+00 1.0 0.00e+00 0.0 0.0e+00 0.0e+00 4.0e+00  0  0  0  0  0   6  0  0  0  3     0
PCApply               43 1.0 7.1615e+01 1.0 0.00e+00 0.0 0.0e+00 0.0e+00 0.0e+00  2  0  0  0  0  61  0  0  0  0     0
KSPSetUp               1 1.0 1.1921e-06 0.0 0.00e+00 0.0 0.0e+00 0.0e+00 0.0e+00  0  0  0  0  0   0  0  0  0  0     0
KSPSolve               1 1.0 8.7229e+01 1.0 2.99e+09 1.1 1.6e+04 6.1e+04 1.3e+02  3  1  1  2  3  76  4 88 60 96  1312
SNESSolve              1 1.0 9.8907e+01 1.0 6.11e+10 1.0 1.7e+04 9.2e+04 1.4e+02  3 16  1  4  3  86 89 96 98100 24649
SNESFunctionEval       1 1.0 1.6051e+00 1.1 7.11e+09 1.0 7.3e+02 5.3e+04 0.0e+00  0  2  0  0  0   1 10  4  2  0 177229
SNESJacobianEval       1 1.0 1.0198e+01 1.0 5.10e+10 1.0 5.7e+02 9.9e+05 6.0e+00  0 13  0  1  0   9 74  3 36  4 199949
ParLoopExecute         8 1.0 2.3366e+01 1.0 6.60e+10 1.0 1.5e+03 5.3e+04 0.0e+00  1 17  0  0  0  20 96  8  5  0 112954
ParLoopCells          10 1.0 2.2652e+01 1.2 6.60e+10 1.0 0.0e+00 0.0e+00 0.0e+00  1 17  0  0  0  18 96  0  0  0 116516
ParLoopRednBegin       8 1.0 3.2014e+0032.0 0.00e+00 0.0 0.0e+00 0.0e+00 0.0e+00  0  0  0  0  0   2  0  0  0  0     0
ParLoopRednEnd         8 1.0 1.3218e-03 9.0 0.00e+00 0.0 0.0e+00 0.0e+00 0.0e+00  0  0  0  0  0   0  0  0  0  0     0
ApplyBC                1 1.0 3.6480e-03 4.1 0.00e+00 0.0 0.0e+00 0.0e+00 0.0e+00  0  0  0  0  0   0  0  0  0  0     0
ParLoopset_118         6 1.0 3.2568e-03 3.0 0.00e+00 0.0 0.0e+00 0.0e+00 0.0e+00  0  0  0  0  0   0  0  0  0  0     0
------------------------------------------------------------------------------------------------------------------------

Memory usage is given in bytes:

Object Type          Creations   Destructions     Memory  Descendants' Mem.
Reports information only for process 0.

--- Event Stage 0: Main Stage

              Viewer     1              0            0     0.
           Index Set  5936           5936   2495658572     0.
   IS L to G Mapping   100            100    251560172     0.
             Section  1363           1380       982560     0.
   Star Forest Graph  1523           1540      1309120     0.
              Vector   221            306    384816984     0.
         Vec Scatter    20             20        25440     0.
              Matrix   163            180   1589903812     0.
      Preconditioner    20             20        28640     0.
       Krylov Solver    20             20        25120     0.
     DMKSP interface     3             20        13280     0.
                SNES    20             20        27520     0.
      SNESLineSearch    20             20        20000     0.
              DMSNES    20             20        13600     0.
    Distributed Mesh   360            360      1736640     0.
    GraphPartitioner   100            100        62000     0.
     Discrete System   360            360       334080     0.

--- Event Stage 1: Warmup...

             Section    17              0            0     0.
   Star Forest Graph    17              0            0     0.
              Vector   119             34        56576     0.
              Matrix    17              0            0     0.
     DMKSP interface    17              0            0     0.

--- Event Stage 2: CG Helmholtz(deg=2, N=4, dim=3) Warm solve


              Vector     2              2         3328     0.
              Matrix     1              1         2832     0.

--- Event Stage 3: CG Helmholtz(deg=2, N=8, dim=3) Warm solve


              Vector     2              2         3328     0.
              Matrix     1              1         2832     0.

--- Event Stage 4: CG Helmholtz(deg=2, N=16, dim=3) Warm solve


              Vector     2              2         3328     0.
              Matrix     1              1         2832     0.

--- Event Stage 5: CG Helmholtz(deg=2, N=32, dim=3) Warm solve


              Vector     2              2         3328     0.
              Matrix     1              1         2832     0.

--- Event Stage 6: CG Helmholtz(deg=2, N=64, dim=3) Warm solve


              Vector     2              2         3328     0.
              Matrix     1              1         2832     0.

--- Event Stage 7: CG Helmholtz(deg=2, N=128, dim=3) Warm solve


              Vector     2              2         3328     0.
              Matrix     1              1         2832     0.

--- Event Stage 8: CG Helmholtz(deg=3, N=4, dim=3) Warm solve


              Vector     2              2         3328     0.
              Matrix     1              1         2832     0.

--- Event Stage 9: CG Helmholtz(deg=3, N=8, dim=3) Warm solve


              Vector     2              2         3328     0.
              Matrix     1              1         2832     0.

--- Event Stage 10: CG Helmholtz(deg=3, N=16, dim=3) Warm solve


              Vector     2              2         3328     0.
              Matrix     1              1         2832     0.

--- Event Stage 11: CG Helmholtz(deg=3, N=32, dim=3) Warm solve


              Vector     2              2         3328     0.
              Matrix     1              1         2832     0.

--- Event Stage 12: CG Helmholtz(deg=3, N=64, dim=3) Warm solve


              Vector     2              2         3328     0.
              Matrix     1              1         2832     0.

--- Event Stage 13: CG Helmholtz(deg=3, N=128, dim=3) Warm solve


              Vector     2              2         3328     0.
              Matrix     1              1         2832     0.

--- Event Stage 14: CG Helmholtz(deg=4, N=4, dim=3) Warm solve


              Vector     2              2         3328     0.
              Matrix     1              1         2832     0.

--- Event Stage 15: CG Helmholtz(deg=4, N=8, dim=3) Warm solve


              Vector     2              2         3328     0.
              Matrix     1              1         2832     0.

--- Event Stage 16: CG Helmholtz(deg=4, N=16, dim=3) Warm solve


              Vector     2              2         3328     0.
              Matrix     1              1         2832     0.

--- Event Stage 17: CG Helmholtz(deg=4, N=32, dim=3) Warm solve


              Vector     2              2         3328     0.
              Matrix     1              1         2832     0.

--- Event Stage 18: CG Helmholtz(deg=4, N=64, dim=3) Warm solve


              Vector     2              2         3328     0.
              Matrix     1              1         2832     0.
========================================================================================================================
Average time to get PetscTime(): 0.
Average time for MPI_Barrier(): 0.000355434
Average time for zero size MPI_Send(): 3.1805e-05
#PETSc Option Table entries:
-log_view
#End of PETSc Option Table entries
Compiled without FORTRAN kernels
Compiled with full precision matrices (default)
sizeof(short) 2 sizeof(int) 4 sizeof(long) 8 sizeof(void*) 8 sizeof(PetscScalar) 8 sizeof(PetscInt) 4
Configure options: --prefix=/home/scratch/tg2115/src/firedrake/lib/python3.5/site-packages/petsc PETSC_ARCH=arch-python-linux-x86_64 --with-shared-libraries=1 --with-debugging=0 --with-c2html=0 --with-cc=mpicc --with-cxx=mpicxx --with-fc=mpif90 --download-eigen=/home/scratch/tg2115/src/firedrake/src/eigen-3.3.3.tgz --with-fortran-bindings=0 --download-chaco --download-metis --download-parmetis --download-scalapack --download-hypre --download-mumps --download-netcdf --download-hdf5 --download-pnetcdf --download-exodusii
-----------------------------------------
Libraries compiled on 2018-04-17 14:37:37 on mpe2 
Machine characteristics: Linux-4.4.0-116-generic-x86_64-with-Ubuntu-16.04-xenial
Using PETSc directory: /home/scratch/tg2115/src/firedrake/lib/python3.5/site-packages/petsc
Using PETSc arch: 
-----------------------------------------

Using C compiler: mpicc  -fPIC  -Wall -Wwrite-strings -Wno-strict-aliasing -Wno-unknown-pragmas -fstack-protector -fvisibility=hidden -g -O  
Using Fortran compiler: mpif90  -fPIC -Wall -ffree-line-length-0 -Wno-unused-dummy-argument -g -O    
-----------------------------------------

Using include paths: -I/home/scratch/tg2115/src/firedrake/lib/python3.5/site-packages/petsc/include -I/home/scratch/tg2115/src/firedrake/lib/python3.5/site-packages/petsc//include -I/home/scratch/tg2115/src/firedrake/lib/python3.5/site-packages/petsc/include -I/home/scratch/tg2115/src/firedrake/lib/python3.5/site-packages/petsc/include/eigen3
-----------------------------------------

Using C linker: mpicc
Using Fortran linker: mpif90
Using libraries: -Wl,-rpath,/home/scratch/tg2115/src/firedrake/lib/python3.5/site-packages/petsc/lib -L/home/scratch/tg2115/src/firedrake/lib/python3.5/site-packages/petsc/lib -lpetsc -Wl,-rpath,/home/scratch/tg2115/src/firedrake/lib/python3.5/site-packages/petsc/lib -L/home/scratch/tg2115/src/firedrake/lib/python3.5/site-packages/petsc/lib -Wl,-rpath,/usr/lib/openmpi/lib -L/usr/lib/openmpi/lib -Wl,-rpath,/usr/lib/gcc/x86_64-linux-gnu/5 -L/usr/lib/gcc/x86_64-linux-gnu/5 -Wl,-rpath,/usr/lib/x86_64-linux-gnu -L/usr/lib/x86_64-linux-gnu -Wl,-rpath,/lib/x86_64-linux-gnu -L/lib/x86_64-linux-gnu -lcmumps -ldmumps -lsmumps -lzmumps -lmumps_common -lpord -lscalapack -lHYPRE -llapack -lblas -lexodus -lnetcdf -lpnetcdf -lchaco -lhdf5hl_fortran -lhdf5_fortran -lhdf5_hl -lhdf5 -lparmetis -lmetis -lm -lX11 -lstdc++ -ldl -lmpi_usempif08 -lmpi_usempi_ignore_tkr -lmpi_mpifh -lmpi -lgfortran -lm -lgfortran -lm -lgcc_s -lquadmath -lpthread -lstdc++ -ldl
-----------------------------------------

