
Running cold initialization for the problem set:

method: BDM,

model degree: 2,

hybridization: False,



Dt = 62.5,

Courant number (approximate): 0.4043196881815445,

Dx (max): 37.37888963085026 km.

Warm up with one-step.

Warm up done. Profiling run for 20 steps.


Running Williamson 5 test with parameters:

method: BDM,

model degree: 2,

refinements: 8,

hybridization: False,

tmax: 1250.0

Simulation complete.

************************************************************************************************************************
***             WIDEN YOUR WINDOW TO 120 CHARACTERS.  Use 'enscript -r -fCourier9' to print this document            ***
************************************************************************************************************************

---------------------------------------------- PETSc Performance Summary: ----------------------------------------------

swe_williamson5.py on a  named mpe2 with 40 processors, by tg2115 Sat Feb 23 06:36:55 2019
Using Petsc Development GIT revision: v3.4.2-24285-gcd612ee  GIT Date: 2019-01-17 05:31:34 +0100

                         Max       Max/Min     Avg       Total 
Time (sec):           1.283e+03     1.000   1.283e+03
Objects:              8.481e+03     1.047   8.124e+03
Flop:                 4.058e+11     1.011   4.037e+11  1.615e+13
Flop/sec:             3.164e+08     1.011   3.147e+08  1.259e+10
MPI Messages:         1.897e+06     1.936   1.386e+06  5.542e+07
MPI Message Lengths:  1.017e+09     1.554   6.025e+02  3.339e+10
MPI Reductions:       4.463e+04     1.000

Flop counting convention: 1 flop = 1 real number operation of type (multiply/divide/add/subtract)
                            e.g., VecAXPY() for real vectors of length N --> 2N flop
                            and VecAXPY() for complex vectors of length N --> 8N flop

Summary of Stages:   ----- Time ------  ----- Flop ------  --- Messages ---  -- Message Lengths --  -- Reductions --
                        Avg     %Total     Avg     %Total    Count   %Total     Avg         %Total    Count   %Total 
 0:      Main Stage: 5.1490e+01   4.0%  3.9478e+11   2.4%  1.710e+05   0.3%  6.705e+03        3.4%  6.820e+02   1.5% 
 1: Warm up: DU Residuals: 1.0966e+01   0.9%  1.1564e+11   0.7%  1.630e+04   0.0%  7.422e+03        0.4%  1.000e+02   0.2% 
 2: Warm up: Linear solve: 3.5005e+01   2.7%  3.2472e+11   2.0%  1.326e+06   2.4%  6.344e+02        2.5%  2.382e+03   5.3% 
 3:         Warm up: 1.1618e+00   0.1%  9.9555e+09   0.1%  6.954e+03   0.0%  3.774e+03        0.1%  7.800e+01   0.2% 
 4:    DU Residuals: 8.7032e+01   6.8%  2.2664e+12  14.0%  5.103e+05   0.9%  5.322e+03        8.1%  3.564e+03   8.0% 
 5:    Linear solve: 1.0970e+03  85.5%  1.3036e+13  80.7%  5.339e+07  96.3%  5.346e+02       85.5%  3.781e+04  84.7% 

------------------------------------------------------------------------------------------------------------------------
See the 'Profiling' chapter of the users' manual for details on interpreting output.
Phase summary info:
   Count: number of times phase was executed
   Time and Flop: Max - maximum over all processors
                  Ratio - ratio of maximum to minimum over all processors
   Mess: number of messages sent
   AvgLen: average message length (bytes)
   Reduct: number of global reductions
   Global: entire computation
   Stage: stages of a computation. Set stages with PetscLogStagePush() and PetscLogStagePop().
      %T - percent time in this phase         %F - percent flop in this phase
      %M - percent messages in this phase     %L - percent message lengths in this phase
      %R - percent reductions in this phase
   Total Mflop/s: 10e-6 * (sum of flop over all processors)/(max time over all processors)
------------------------------------------------------------------------------------------------------------------------
Event                Count      Time (sec)     Flop                              --- Global ---  --- Stage ----  Total
                   Max Ratio  Max     Ratio   Max  Ratio  Mess   AvgLen  Reduct  %T %F %M %L %R  %T %F %M %L %R Mflop/s
------------------------------------------------------------------------------------------------------------------------

--- Event Stage 0: Main Stage

PetscBarrier          16 1.0 8.6943e-01 1.1 0.00e+00 0.0 0.0e+00 0.0e+00 3.2e+01  0  0  0  0  0   2  0  0  0  5     0
BuildTwoSided         78 1.0 1.8371e+0010.8 0.00e+00 0.0 1.1e+04 4.0e+00 0.0e+00  0  0  0  0  0   3  0  7  0  0     0
BuildTwoSidedF        30 1.0 9.8872e-01 1.7 0.00e+00 0.0 4.1e+03 4.5e+04 0.0e+00  0  0  0  1  0   1  0  2 16  0     0
SFSetGraph            84 1.0 4.7381e-03 1.1 0.00e+00 0.0 0.0e+00 0.0e+00 0.0e+00  0  0  0  0  0   0  0  0  0  0     0
SFSetUp               78 1.0 1.9541e+00 6.7 0.00e+00 0.0 3.4e+04 5.2e+03 0.0e+00  0  0  0  1  0   4  0 20 16  0     0
SFBcastBegin         329 1.0 2.9794e-0113.5 0.00e+00 0.0 8.0e+04 6.3e+03 0.0e+00  0  0  0  2  0   0  0 47 44  0     0
SFBcastEnd           329 1.0 8.3856e-01 2.2 0.00e+00 0.0 0.0e+00 0.0e+00 0.0e+00  0  0  0  0  0   1  0  0  0  0     0
SFReduceBegin        170 1.0 7.0817e-03 1.7 0.00e+00 0.0 3.8e+04 4.1e+03 0.0e+00  0  0  0  0  0   0  0 22 13  0     0
SFReduceEnd          170 1.0 2.6007e-01 3.2 0.00e+00 0.0 0.0e+00 0.0e+00 0.0e+00  0  0  0  0  0   0  0  0  0  0     0
SFFetchOpBegin         2 1.0 8.4639e-0516.9 0.00e+00 0.0 2.3e+02 5.4e+02 0.0e+00  0  0  0  0  0   0  0  0  0  0     0
SFFetchOpEnd           2 1.0 1.0691e-0317.5 0.00e+00 0.0 2.3e+02 5.4e+02 0.0e+00  0  0  0  0  0   0  0  0  0  0     0
VecTDot               86 1.0 4.7915e-02 1.1 1.70e+07 1.0 0.0e+00 0.0e+00 8.6e+01  0  0  0  0  0   0  0  0  0 13 14115
VecNorm              125 1.0 1.5302e-01 1.7 3.10e+07 1.0 0.0e+00 0.0e+00 1.2e+02  0  0  0  0  0   0  0  0  0 18  8069
VecCopy               12 1.0 6.8853e-03 1.2 0.00e+00 0.0 0.0e+00 0.0e+00 0.0e+00  0  0  0  0  0   0  0  0  0  0     0
VecSet                83 1.0 1.9096e-02 2.1 0.00e+00 0.0 0.0e+00 0.0e+00 0.0e+00  0  0  0  0  0   0  0  0  0  0     0
VecAXPY               88 1.0 6.3110e-02 1.0 1.74e+07 1.0 0.0e+00 0.0e+00 0.0e+00  0  0  0  0  0   0  0  0  0  0 10966
VecAYPX               41 1.0 2.1786e-02 1.1 8.11e+06 1.0 0.0e+00 0.0e+00 0.0e+00  0  0  0  0  0   0  0  0  0  0 14800
VecScatterBegin       47 1.0 4.9996e-03 1.3 0.00e+00 0.0 9.8e+03 3.1e+03 0.0e+00  0  0  0  0  0   0  0  6  3  0     0
VecScatterEnd         47 1.0 6.9277e-03 3.3 0.00e+00 0.0 0.0e+00 0.0e+00 0.0e+00  0  0  0  0  0   0  0  0  0  0     0
MatMult               43 1.0 3.8492e-01 1.0 1.44e+08 1.0 9.8e+03 3.1e+03 0.0e+00  0  0  0  0  0   1  1  6  3  0 14847
MatSolve              45 1.0 4.8478e-01 1.0 1.50e+08 1.0 0.0e+00 0.0e+00 0.0e+00  0  0  0  0  0   1  2  0  0  0 12260
MatLUFactorNum         2 1.0 1.0442e-01 1.1 3.20e+07 1.0 0.0e+00 0.0e+00 0.0e+00  0  0  0  0  0   0  0  0  0  0 12037
MatILUFactorSym        2 1.0 5.8133e-02 1.0 0.00e+00 0.0 0.0e+00 0.0e+00 0.0e+00  0  0  0  0  0   0  0  0  0  0     0
MatAssemblyBegin      30 1.0 1.0731e+00 1.7 0.00e+00 0.0 4.1e+03 4.5e+04 0.0e+00  0  0  0  1  0   2  0  2 16  0     0
MatAssemblyEnd        30 1.0 2.4997e-01 1.1 0.00e+00 0.0 4.6e+03 8.3e+02 1.1e+02  0  0  0  0  0   0  0  3  0 16     0
MatGetRowIJ            2 1.0 1.0252e-05 0.0 0.00e+00 0.0 0.0e+00 0.0e+00 0.0e+00  0  0  0  0  0   0  0  0  0  0     0
MatGetOrdering         2 1.0 6.4299e-03 1.1 0.00e+00 0.0 0.0e+00 0.0e+00 0.0e+00  0  0  0  0  0   0  0  0  0  0     0
MatZeroEntries         2 1.0 1.6303e-02 1.5 0.00e+00 0.0 0.0e+00 0.0e+00 0.0e+00  0  0  0  0  0   0  0  0  0  0     0
PCSetUp                4 1.0 1.6807e-01 1.1 3.20e+07 1.0 0.0e+00 0.0e+00 0.0e+00  0  0  0  0  0   0  0  0  0  0  7478
PCSetUpOnBlocks        2 1.0 1.6785e-01 1.1 3.20e+07 1.0 0.0e+00 0.0e+00 0.0e+00  0  0  0  0  0   0  0  0  0  0  7488
PCApply               45 1.0 4.9435e-01 1.0 1.50e+08 1.0 0.0e+00 0.0e+00 0.0e+00  0  0  0  0  0   1  2  0  0  0 12023
KSPSetUp               4 1.0 3.7129e-03 1.2 0.00e+00 0.0 0.0e+00 0.0e+00 0.0e+00  0  0  0  0  0   0  0  0  0  0     0
KSPSolve               2 1.0 1.1903e+00 1.0 3.76e+08 1.0 9.8e+03 3.1e+03 1.3e+02  0  0  0  0  0   2  4  6  3 19 12556
SNESSolve              2 1.0 4.2966e+00 1.0 5.38e+08 1.0 1.2e+04 3.6e+03 1.4e+02  0  0  0  0  0   8  5  7  4 20  4981
SNESFunctionEval       2 1.0 1.0682e+00 1.0 3.99e+07 1.0 2.3e+03 2.7e+03 6.0e+00  0  0  0  0  0   2  0  1  1  1  1494
SNESJacobianEval       2 1.0 2.0391e+00 1.0 1.21e+08 1.0 3.4e+02 2.6e+04 0.0e+00  0  0  0  0  0   4  1  0  1  0  2377
Mesh Partition         4 1.0 4.2623e+00 1.0 0.00e+00 0.0 4.4e+04 1.5e+03 2.0e+01  0  0  0  0  0   8  0 26  6  3     0
Mesh Migration         4 1.0 9.9652e-01 1.0 0.00e+00 0.0 1.8e+04 1.8e+04 8.6e+01  0  0  0  1  0   2  0 10 29 13     0
DMPlexInterp           2 1.0 4.2701e-04 1.2 0.00e+00 0.0 0.0e+00 0.0e+00 4.0e+00  0  0  0  0  0   0  0  0  0  1     0
DMPlexDistribute       2 1.0 5.1058e+00 1.0 0.00e+00 0.0 2.2e+04 2.0e+04 3.8e+01  0  0  0  1  0  10  0 13 37  6     0
DMPlexDistCones        4 1.0 2.3226e-01 1.0 0.00e+00 0.0 4.3e+03 3.0e+04 0.0e+00  0  0  0  0  0   0  0  2 11  0     0
DMPlexDistLabels       4 1.0 5.8042e-01 1.0 0.00e+00 0.0 6.1e+03 1.9e+04 5.2e+01  0  0  0  0  0   1  0  4 10  8     0
DMPlexDistOvrlp        2 1.0 1.9988e-01 1.1 0.00e+00 0.0 4.1e+04 5.2e+02 6.8e+01  0  0  0  0  0   0  0 24  2 10     0
DMPlexDistField        6 1.0 5.7559e-02 1.0 0.00e+00 0.0 5.9e+03 7.4e+03 4.0e+00  0  0  0  0  0   0  0  3  4  1     0
DMPlexDistData         4 1.0 1.7968e+0010.4 0.00e+00 0.0 3.9e+04 1.0e+03 0.0e+00  0  0  0  0  0   3  0 23  3  0     0
DMPlexStratify         8 1.0 7.3045e-02 1.2 0.00e+00 0.0 0.0e+00 0.0e+00 8.0e+00  0  0  0  0  0   0  0  0  0  1     0
CreateMesh            10 1.0 6.0537e+00 1.0 0.00e+00 0.0 6.3e+04 7.1e+03 1.1e+02  0  0  0  1  0  12  0 37 39 17     0
Mesh: reorder          2 1.0 1.4154e-02 1.0 0.00e+00 0.0 0.0e+00 0.0e+00 4.0e+00  0  0  0  0  0   0  0  0  0  1     0
Mesh: numbering        2 1.0 7.8009e-02 1.0 0.00e+00 0.0 0.0e+00 0.0e+00 4.0e+00  0  0  0  0  0   0  0  0  0  1     0
CreateFunctionSpace      38 1.0 7.9537e-01 1.1 0.00e+00 0.0 1.6e+03 1.1e+03 0.0e+00  0  0  0  0  0   1  0  1  0  0     0
ParLoopExecute       604 1.0 1.5729e+01 1.0 9.47e+09 1.0 8.1e+04 3.4e+03 2.2e+01  1  2  0  1  0  30 96 47 24  3 24091
ParLoopCells         368 1.0 4.3009e+00 1.0 9.44e+09 1.0 0.0e+00 0.0e+00 0.0e+00  0  2  0  0  0   8 96  0  0  0 87798
ParLoopRednBegin     604 1.0 5.0963e-02 1.9 0.00e+00 0.0 0.0e+00 0.0e+00 0.0e+00  0  0  0  0  0   0  0  0  0  0     0
ParLoopRednEnd       604 1.0 6.9308e-03 1.1 0.00e+00 0.0 0.0e+00 0.0e+00 0.0e+00  0  0  0  0  0   0  0  0  0  0     0
ParLoopset_4           4 1.0 2.3212e-03 1.6 0.00e+00 0.0 0.0e+00 0.0e+00 0.0e+00  0  0  0  0  0   0  0  0  0  0     0
ParLoopset_5           2 1.0 1.1709e-03 1.3 0.00e+00 0.0 0.0e+00 0.0e+00 0.0e+00  0  0  0  0  0   0  0  0  0  0     0
CreateSparsity        12 1.0 5.5412e+00 1.0 0.00e+00 0.0 3.5e+03 2.4e+04 5.6e+01  0  0  0  0  0  11  0  2  7  8     0
MatZeroInitial        14 1.0 1.9179e+00 1.0 0.00e+00 0.0 0.0e+00 0.0e+00 0.0e+00  0  0  0  0  0   4  0  0  0  0     0
ParLoopset_6           8 1.0 6.8378e-03 1.3 0.00e+00 0.0 0.0e+00 0.0e+00 0.0e+00  0  0  0  0  0   0  0  0  0  0     0
ParLoopset_7           8 1.0 2.7142e-03 1.4 3.93e+04 1.0 0.0e+00 0.0e+00 0.0e+00  0  0  0  0  0   0  0  0  0  0   580
ParLoopset_12          4 1.0 5.7197e-04 1.5 0.00e+00 0.0 0.0e+00 0.0e+00 0.0e+00  0  0  0  0  0   0  0  0  0  0     0
ParLoopset_13          2 1.0 1.0681e-04 1.3 0.00e+00 0.0 0.0e+00 0.0e+00 0.0e+00  0  0  0  0  0   0  0  0  0  0     0
ParLoopset_14        406 1.0 1.2649e-01 1.1 2.37e+07 1.0 0.0e+00 0.0e+00 0.0e+00  0  0  0  0  0   0  0  0  0  0  7461
ParLoopset_15        406 1.0 5.4730e-02 1.2 9.48e+06 1.0 0.0e+00 0.0e+00 0.0e+00  0  0  0  0  0   0  0  0  0  0  6926

--- Event Stage 1: Warm up: DU Residuals

BuildTwoSided          2 1.0 6.5708e-04 4.1 0.00e+00 0.0 2.3e+02 4.0e+00 0.0e+00  0  0  0  0  0   0  0  1  0  0     0
BuildTwoSidedF         8 1.0 7.1992e-0211.8 0.00e+00 0.0 1.0e+03 4.7e+04 0.0e+00  0  0  0  0  0   0  0  6 40  0     0
SFSetGraph             4 1.0 2.2292e-04 1.1 0.00e+00 0.0 0.0e+00 0.0e+00 0.0e+00  0  0  0  0  0   0  0  0  0  0     0
SFSetUp                2 1.0 8.2207e-04 2.4 0.00e+00 0.0 6.8e+02 5.4e+02 0.0e+00  0  0  0  0  0   0  0  4  0  0     0
SFBcastBegin          16 1.0 1.2972e-03 2.0 0.00e+00 0.0 3.6e+03 2.9e+03 0.0e+00  0  0  0  0  0   0  0 22  9  0     0
SFBcastEnd            16 1.0 4.6167e-0310.8 0.00e+00 0.0 0.0e+00 0.0e+00 0.0e+00  0  0  0  0  0   0  0  0  0  0     0
SFReduceBegin          8 1.0 3.6073e-04 2.0 0.00e+00 0.0 1.8e+03 3.5e+03 0.0e+00  0  0  0  0  0   0  0 11  5  0     0
SFReduceEnd            8 1.0 1.2872e-02 7.5 0.00e+00 0.0 0.0e+00 0.0e+00 0.0e+00  0  0  0  0  0   0  0  0  0  0     0
VecMDot               32 1.0 1.1774e-01 1.2 5.38e+07 1.0 0.0e+00 0.0e+00 3.2e+01  0  0  0  0  0   1  2  0  0 32 18168
VecTDot               16 1.0 3.3681e-03 1.3 1.26e+06 1.0 0.0e+00 0.0e+00 1.6e+01  0  0  0  0  0   0  0  0  0 16 14943
VecNorm               44 1.0 1.2578e-0110.3 7.51e+06 1.0 0.0e+00 0.0e+00 4.4e+01  0  0  0  0  0   1  0  0  0 44  2376
VecScale              34 1.0 4.2000e-03 1.3 3.36e+06 1.0 0.0e+00 0.0e+00 0.0e+00  0  0  0  0  0   0  0  0  0  0 31832
VecCopy               22 1.0 7.4558e-03 1.4 0.00e+00 0.0 0.0e+00 0.0e+00 0.0e+00  0  0  0  0  0   0  0  0  0  0     0
VecSet                50 1.0 1.2461e-02 1.6 0.00e+00 0.0 0.0e+00 0.0e+00 0.0e+00  0  0  0  0  0   0  0  0  0  0     0
VecAXPY               22 1.0 5.8658e-03 1.1 2.21e+06 1.0 0.0e+00 0.0e+00 0.0e+00  0  0  0  0  0   0  0  0  0  0 15016
VecAYPX                6 1.0 8.3280e-04 1.1 4.72e+05 1.0 0.0e+00 0.0e+00 0.0e+00  0  0  0  0  0   0  0  0  0  0 22664
VecMAXPY              34 1.0 1.4011e-01 1.1 6.02e+07 1.0 0.0e+00 0.0e+00 0.0e+00  0  0  0  0  0   1  2  0  0  0 17063
VecScatterBegin       40 1.0 2.7704e-03 1.9 0.00e+00 0.0 9.1e+03 6.0e+03 0.0e+00  0  0  0  0  0   0  0 56 46  0     0
VecScatterEnd         40 1.0 1.6518e-02 4.6 0.00e+00 0.0 0.0e+00 0.0e+00 0.0e+00  0  0  0  0  0   0  0  0  0  0     0
VecNormalize          34 1.0 1.2403e-01 8.5 1.01e+07 1.0 0.0e+00 0.0e+00 3.4e+01  0  0  0  0  0   1  0  0  0 34  3234
MatMult               40 1.0 7.4064e-01 1.0 3.20e+08 1.0 9.1e+03 6.0e+03 0.0e+00  0  0  0  0  0   7 11 56 46  0 17142
MatSolve              44 1.0 8.3433e-01 1.0 3.37e+08 1.0 0.0e+00 0.0e+00 0.0e+00  0  0  0  0  0   7 12  0  0  0 16032
MatLUFactorNum         4 1.0 4.1167e-01 1.4 2.51e+08 1.6 0.0e+00 0.0e+00 0.0e+00  0  0  0  0  0   3  7  0  0  0 20495
MatILUFactorSym        4 1.0 1.6059e-01 1.0 0.00e+00 0.0 0.0e+00 0.0e+00 0.0e+00  0  0  0  0  0   1  0  0  0  0     0
MatAssemblyBegin       8 1.0 9.0781e-02 3.6 0.00e+00 0.0 1.0e+03 4.7e+04 0.0e+00  0  0  0  0  0   1  0  6 40  0     0
MatAssemblyEnd         8 1.0 6.6599e-02 1.2 0.00e+00 0.0 0.0e+00 0.0e+00 0.0e+00  0  0  0  0  0   1  0  0  0  0     0
MatGetRowIJ            4 1.0 4.2915e-06 4.5 0.00e+00 0.0 0.0e+00 0.0e+00 0.0e+00  0  0  0  0  0   0  0  0  0  0     0
MatGetOrdering         4 1.0 7.6418e-03 1.2 0.00e+00 0.0 0.0e+00 0.0e+00 0.0e+00  0  0  0  0  0   0  0  0  0  0     0
MatZeroEntries         4 1.0 6.8655e-02 2.2 0.00e+00 0.0 0.0e+00 0.0e+00 0.0e+00  0  0  0  0  0   0  0  0  0  0     0
PCSetUp                8 1.0 5.7921e-01 1.3 2.51e+08 1.6 0.0e+00 0.0e+00 0.0e+00  0  0  0  0  0   5  7  0  0  0 14567
PCSetUpOnBlocks        4 1.0 5.7872e-01 1.3 2.51e+08 1.6 0.0e+00 0.0e+00 0.0e+00  0  0  0  0  0   5  7  0  0  0 14579
PCApply               44 1.0 8.4576e-01 1.0 3.37e+08 1.0 0.0e+00 0.0e+00 0.0e+00  0  0  0  0  0   8 12  0  0  0 15815
KSPSetUp               8 1.0 6.0904e-03 1.3 0.00e+00 0.0 0.0e+00 0.0e+00 0.0e+00  0  0  0  0  0   0  0  0  0  0     0
KSPSolve               4 1.0 2.4325e+00 1.0 1.03e+09 1.1 9.1e+03 6.0e+03 9.2e+01  0  0  0  0  0  22 34 56 46 92 16283
KSPGMRESOrthog        32 1.0 2.3938e-01 1.1 1.08e+08 1.0 0.0e+00 0.0e+00 3.2e+01  0  0  0  0  0   2  4  0  0 32 17872
SNESSolve              4 1.0 1.0946e+01 1.0 2.94e+09 1.0 1.6e+04 7.4e+03 9.6e+01  1  1  0  0  0 100100100100 96 10564
SNESFunctionEval       4 1.0 3.6056e+00 1.0 6.48e+08 1.0 6.2e+03 2.8e+03 4.0e+00  0  0  0  0  0  33 22 38 14  4  7156
SNESJacobianEval       4 1.0 4.9107e+00 1.0 1.26e+09 1.0 1.0e+03 4.7e+04 0.0e+00  0  0  0  0  0  45 43  6 40  0 10225
ParLoopExecute        20 1.0 8.3453e+00 1.0 1.91e+09 1.0 6.2e+03 2.8e+03 4.0e+00  1  0  0  0  0  76 66 38 14  4  9108
ParLoopCells          16 1.0 5.8963e-01 1.1 8.05e+08 1.0 0.0e+00 0.0e+00 0.0e+00  0  0  0  0  0   5 28  0  0  0 54614
ParLoopRednBegin      20 1.0 4.2915e-04 1.2 0.00e+00 0.0 0.0e+00 0.0e+00 0.0e+00  0  0  0  0  0   0  0  0  0  0     0
ParLoopRednEnd        20 1.0 1.1373e-04 1.3 0.00e+00 0.0 0.0e+00 0.0e+00 0.0e+00  0  0  0  0  0   0  0  0  0  0     0
ParLoopset_6           2 1.0 7.3504e-04 1.7 0.00e+00 0.0 0.0e+00 0.0e+00 0.0e+00  0  0  0  0  0   0  0  0  0  0     0
ParLoopset_7           2 1.0 3.1996e-04 1.4 0.00e+00 0.0 0.0e+00 0.0e+00 0.0e+00  0  0  0  0  0   0  0  0  0  0     0
ParLoopIntFacets      16 1.0 1.2314e+00 1.0 1.11e+09 1.0 0.0e+00 0.0e+00 0.0e+00  0  0  0  0  0  11 38  0  0  0 35576
ParLoopset_14          2 1.0 5.7483e-04 3.0 0.00e+00 0.0 0.0e+00 0.0e+00 0.0e+00  0  0  0  0  0   0  0  0  0  0     0
ParLoopset_15          2 1.0 2.3913e-04 2.3 0.00e+00 0.0 0.0e+00 0.0e+00 0.0e+00  0  0  0  0  0   0  0  0  0  0     0

--- Event Stage 2: Warm up: Linear solve

BuildTwoSided         10 1.0 2.4347e-03 1.1 0.00e+00 0.0 1.0e+03 4.0e+00 0.0e+00  0  0  0  0  0   0  0  0  0  0     0
BuildTwoSidedF       102 1.0 4.0546e-02 1.5 0.00e+00 0.0 5.9e+03 5.8e+03 0.0e+00  0  0  0  0  0   0  0  0  4  0     0
SFSetGraph            10 1.0 5.2452e-06 0.0 0.00e+00 0.0 0.0e+00 0.0e+00 0.0e+00  0  0  0  0  0   0  0  0  0  0     0
SFSetUp               10 1.0 3.2692e-03 1.2 0.00e+00 0.0 3.0e+03 3.2e+02 0.0e+00  0  0  0  0  0   0  0  0  0  0     0
SFBcastBegin          54 1.0 1.3709e-03 1.8 0.00e+00 0.0 1.2e+04 9.4e+02 0.0e+00  0  0  0  0  0   0  0  1  1  0     0
SFBcastEnd            54 1.0 4.8037e-03 4.0 0.00e+00 0.0 0.0e+00 0.0e+00 0.0e+00  0  0  0  0  0   0  0  0  0  0     0
SFReduceBegin          4 1.0 1.7786e-04 2.0 0.00e+00 0.0 9.1e+02 3.5e+03 0.0e+00  0  0  0  0  0   0  0  0  0  0     0
SFReduceEnd            4 1.0 7.7052e-0320.5 0.00e+00 0.0 0.0e+00 0.0e+00 0.0e+00  0  0  0  0  0   0  0  0  0  0     0
VecMDot              232 1.0 2.0461e-01 1.1 9.38e+07 1.0 0.0e+00 0.0e+00 2.3e+02  0  0  0  0  1   1  1  0  0 10 18265
VecTDot              352 1.0 1.0539e-01 2.0 2.77e+07 1.0 0.0e+00 0.0e+00 3.5e+02  0  0  0  0  1   0  0  0  0 15 10507
VecNorm              464 1.0 2.1886e-01 2.2 2.96e+07 1.0 0.0e+00 0.0e+00 4.6e+02  0  0  0  0  1   0  0  0  0 19  5407
VecScale            1324 1.0 1.5435e-01 1.3 4.86e+07 1.0 0.0e+00 0.0e+00 0.0e+00  0  0  0  0  0   0  1  0  0  0 12597
VecCopy             3248 1.0 8.4193e-02 1.2 0.00e+00 0.0 0.0e+00 0.0e+00 0.0e+00  0  0  0  0  0   0  0  0  0  0     0
VecSet             10548 1.0 5.8725e-01 1.3 0.00e+00 0.0 0.0e+00 0.0e+00 0.0e+00  0  0  0  0  0   2  0  0  0  0     0
VecAXPY              410 1.0 8.3056e-02 1.1 3.59e+07 1.0 0.0e+00 0.0e+00 0.0e+00  0  0  0  0  0   0  0  0  0  0 17244
VecAYPX             6442 1.0 3.2390e-01 1.3 8.22e+07 1.0 0.0e+00 0.0e+00 0.0e+00  0  0  0  0  0   1  1  0  0  0 10132
VecAXPBYCZ          2100 1.0 1.5823e-01 1.4 8.87e+07 1.0 0.0e+00 0.0e+00 0.0e+00  0  0  0  0  0   0  1  0  0  0 22397
VecMAXPY             254 1.0 2.3337e-01 1.0 1.06e+08 1.0 0.0e+00 0.0e+00 0.0e+00  0  0  0  0  0   1  1  0  0  0 18103
VecAssemblyBegin      32 1.0 5.1699e-03 3.0 0.00e+00 0.0 0.0e+00 0.0e+00 0.0e+00  0  0  0  0  0   0  0  0  0  0     0
VecAssemblyEnd        32 1.0 7.0572e-05 1.4 0.00e+00 0.0 0.0e+00 0.0e+00 0.0e+00  0  0  0  0  0   0  0  0  0  0     0
VecPointwiseMult     110 1.0 7.2265e-03 1.1 9.30e+05 1.0 0.0e+00 0.0e+00 0.0e+00  0  0  0  0  0   0  0  0  0  0  5138
VecScatterBegin     9144 1.0 1.0201e+00 7.7 0.00e+00 0.0 1.3e+06 5.4e+02 0.0e+00  0  0  2  2  0   1  0 95 81  0     0
VecScatterEnd       9144 1.0 1.3244e+00 3.2 0.00e+00 0.0 0.0e+00 0.0e+00 0.0e+00  0  0  0  0  0   4  0  0  0  0     0
VecSetRandom          10 1.0 5.6386e-03 1.0 0.00e+00 0.0 0.0e+00 0.0e+00 0.0e+00  0  0  0  0  0   0  0  0  0  0     0
VecNormalize         254 1.0 6.1496e-02 2.0 1.97e+07 1.0 0.0e+00 0.0e+00 2.5e+02  0  0  0  0  1   0  0  0  0 11 12753
MatMult             4676 1.0 2.0507e+01 1.0 5.87e+09 1.0 9.4e+05 6.6e+02 2.6e+02  2  1  2  2  1  57 72 71 74 11 11383
MatMultAdd          2214 1.0 1.5437e+00 1.1 4.66e+08 1.0 1.7e+05 3.3e+02 0.0e+00  0  0  0  0  0   4  6 13  7  0 12045
MatMultTranspose    1050 1.0 7.1044e-01 4.5 4.32e+07 1.0 1.6e+05 1.4e+02 0.0e+00  0  0  0  0  0   1  1 12  3  0  2420
MatSolve            5624 1.2 1.4680e+01 1.0 4.50e+09 1.0 0.0e+00 0.0e+00 0.0e+00  1  1  0  0  0  41 55  0  0  0 12194
MatLUFactorSym         2 1.0 2.7180e-05 1.7 0.00e+00 0.0 0.0e+00 0.0e+00 0.0e+00  0  0  0  0  0   0  0  0  0  0     0
MatLUFactorNum        14 1.0 1.2418e-01 1.1 3.81e+07 1.0 0.0e+00 0.0e+00 0.0e+00  0  0  0  0  0   0  0  0  0  0 12090
MatILUFactorSym       12 1.0 7.3426e-02 1.2 0.00e+00 0.0 0.0e+00 0.0e+00 0.0e+00  0  0  0  0  0   0  0  0  0  0     0
MatConvert            12 1.0 3.6313e-02 1.1 0.00e+00 0.0 0.0e+00 0.0e+00 0.0e+00  0  0  0  0  0   0  0  0  0  0     0
MatScale              34 1.0 2.7674e-02 1.0 4.35e+06 1.0 2.0e+03 5.8e+02 0.0e+00  0  0  0  0  0   0  0  0  0  0  6260
MatResidual         1050 1.0 4.3466e+00 1.1 1.15e+09 1.0 2.1e+05 5.8e+02 0.0e+00  0  0  0  0  0  12 14 16 14  0 10513
MatAssemblyBegin     222 1.0 4.5006e-02 1.5 0.00e+00 0.0 5.9e+03 5.8e+03 0.0e+00  0  0  0  0  0   0  0  0  4  0     0
MatAssemblyEnd       222 1.0 1.7155e-01 1.1 0.00e+00 0.0 1.9e+04 1.3e+02 4.3e+02  0  0  0  0  1   0  0  1  0 18     0
MatGetRowIJ           14 1.4 1.0967e-05 0.0 0.00e+00 0.0 0.0e+00 0.0e+00 0.0e+00  0  0  0  0  0   0  0  0  0  0     0
MatCreateSubMat       16 1.0 2.3238e-02 1.0 0.00e+00 0.0 6.4e+02 1.3e+02 1.4e+02  0  0  0  0  0   0  0  0  0  6     0
MatGetOrdering        14 1.4 7.0732e-03 1.1 0.00e+00 0.0 0.0e+00 0.0e+00 0.0e+00  0  0  0  0  0   0  0  0  0  0     0
MatCoarsen            10 1.0 1.7044e-02 1.0 0.00e+00 0.0 1.3e+04 4.4e+02 2.6e+01  0  0  0  0  0   0  0  1  1  1     0
MatZeroEntries        14 1.0 4.1910e-02 1.1 0.00e+00 0.0 0.0e+00 0.0e+00 0.0e+00  0  0  0  0  0   0  0  0  0  0     0
MatAXPY               12 1.0 1.2379e-01 1.0 0.00e+00 0.0 9.1e+02 4.1e+02 2.0e+01  0  0  0  0  0   0  0  0  0  1     0
MatTranspose          20 1.0 4.9839e-03 1.1 0.00e+00 0.0 0.0e+00 0.0e+00 0.0e+00  0  0  0  0  0   0  0  0  0  0     0
MatMatMult            12 1.0 2.2195e-01 1.0 1.19e+07 1.0 1.4e+04 7.1e+02 1.5e+02  0  0  0  0  0   1  0  1  1  6  2153
MatMatMultSym         12 1.0 1.6517e-01 1.0 0.00e+00 0.0 1.1e+04 5.5e+02 1.4e+02  0  0  0  0  0   0  0  1  1  6     0
MatMatMultNum         12 1.0 5.5846e-02 1.0 1.19e+07 1.0 2.2e+03 1.5e+03 0.0e+00  0  0  0  0  0   0  0  0  0  0  8555
MatPtAP               10 1.0 1.1625e-01 1.0 7.89e+06 1.0 2.1e+04 6.1e+02 1.5e+02  0  0  0  0  0   0  0  2  1  6  2692
MatPtAPSymbolic       10 1.0 7.9835e-02 1.1 0.00e+00 0.0 1.2e+04 6.5e+02 7.0e+01  0  0  0  0  0   0  0  1  1  3     0
MatPtAPNumeric        10 1.0 3.6386e-02 1.0 7.89e+06 1.0 8.8e+03 5.6e+02 8.0e+01  0  0  0  0  0   0  0  1  1  3  8601
MatTrnMatMult          2 1.0 4.9462e-01 1.0 2.50e+07 1.0 3.0e+03 8.0e+03 3.2e+01  0  0  0  0  0   1  0  0  3  1  2024
MatTrnMatMultSym       2 1.0 2.6556e-01 1.0 0.00e+00 0.0 1.4e+03 3.8e+03 1.6e+01  0  0  0  0  0   1  0  0  1  1     0
MatTrnMatMultNum       2 1.0 2.2927e-01 1.0 2.50e+07 1.0 1.6e+03 1.2e+04 1.6e+01  0  0  0  0  0   1  0  0  2  1  4366
MatGetLocalMat        36 1.0 6.3256e-02 1.1 0.00e+00 0.0 0.0e+00 0.0e+00 0.0e+00  0  0  0  0  0   0  0  0  0  0     0
MatGetBrAoCol         34 1.0 1.3904e-02 1.9 0.00e+00 0.0 1.5e+04 1.0e+03 0.0e+00  0  0  0  0  0   0  0  1  2  0     0
MatTranspose_SeqAIJ_FAST      20 1.0 4.9746e-03 1.1 0.00e+00 0.0 0.0e+00 0.0e+00 0.0e+00  0  0  0  0  0   0  0  0  0  0     0
PCGAMGGraph_AGG       10 1.0 2.2241e-01 1.0 2.04e+06 1.0 6.0e+03 2.9e+02 1.2e+02  0  0  0  0  0   1  0  0  0  5   366
PCGAMGCoarse_AGG      10 1.0 5.5146e-01 1.0 2.50e+07 1.0 1.8e+04 2.0e+03 6.6e+01  0  0  0  0  0   2  0  1  4  3  1815
PCGAMGProl_AGG        10 1.0 4.7474e-02 1.0 0.00e+00 0.0 7.8e+03 5.8e+02 1.6e+02  0  0  0  0  0   0  0  1  1  7     0
PCGAMGPOpt_AGG        10 1.0 2.1775e-01 1.0 4.62e+07 1.0 3.2e+04 4.8e+02 4.1e+02  0  0  0  0  1   1  1  2  2 17  8464
GAMG: createProl      10 1.0 1.0782e+00 1.0 7.32e+07 1.0 6.4e+04 9.0e+02 7.6e+02  0  0  0  0  2   3  1  5  7 32  2713
  Graph               20 1.0 2.2189e-01 1.0 2.04e+06 1.0 6.0e+03 2.9e+02 1.2e+02  0  0  0  0  0   1  0  0  0  5   367
  MIS/Agg             10 1.0 1.7173e-02 1.0 0.00e+00 0.0 1.3e+04 4.4e+02 2.6e+01  0  0  0  0  0   0  0  1  1  1     0
  SA: col data        10 1.0 1.5059e-02 1.1 0.00e+00 0.0 4.0e+03 9.6e+02 4.0e+01  0  0  0  0  0   0  0  0  0  2     0
  SA: frmProl0        10 1.0 2.9313e-02 1.0 0.00e+00 0.0 3.8e+03 1.7e+02 8.0e+01  0  0  0  0  0   0  0  0  0  3     0
  SA: smooth          10 1.0 9.0750e-02 1.0 2.45e+06 1.0 1.2e+04 3.0e+02 1.4e+02  0  0  0  0  0   0  0  1  0  6  1077
GAMG: partLevel       10 1.0 1.2490e-01 1.0 7.89e+06 1.0 2.1e+04 5.9e+02 3.5e+02  0  0  0  0  1   0  0  2  2 15  2506
  repartition          6 1.0 4.1509e-04 1.1 0.00e+00 0.0 0.0e+00 0.0e+00 2.4e+01  0  0  0  0  0   0  0  0  0  1     0
  Invert-Sort          4 1.0 8.5998e-04 1.5 0.00e+00 0.0 0.0e+00 0.0e+00 1.6e+01  0  0  0  0  0   0  0  0  0  1     0
  Move A               4 1.0 4.5118e-03 1.0 0.00e+00 0.0 3.9e+02 2.0e+02 6.8e+01  0  0  0  0  0   0  0  0  0  3     0
  Move P               4 1.0 2.2781e-03 1.0 0.00e+00 0.0 2.6e+02 1.9e+01 6.8e+01  0  0  0  0  0   0  0  0  0  3     0
PCSetUp               20 1.0 3.4644e+00 1.0 1.31e+08 1.0 8.8e+04 1.9e+03 1.3e+03  0  0  0  0  3  10  2  7 20 54  1504
PCSetUpOnBlocks     3424 1.0 2.0869e-01 1.1 3.81e+07 1.0 0.0e+00 0.0e+00 0.0e+00  0  0  0  0  0   1  0  0  0  0  7194
PCApply               34 1.0 2.6275e+01 1.0 7.21e+09 1.0 1.3e+06 5.3e+02 1.9e+03  2  2  2  2  4  75 88 98 82 82 10917
KSPSolve_FS_0         34 1.0 3.8006e-01 1.0 1.13e+08 1.0 0.0e+00 0.0e+00 0.0e+00  0  0  0  0  0   1  1  0  0  0 11816
KSPSolve_FS_Schu      34 1.0 2.5098e+01 1.0 6.88e+09 1.0 1.3e+06 5.2e+02 1.9e+03  2  2  2  2  4  72 84 98 81 82 10914
KSPSolve_FS_Low       34 1.0 5.3565e-01 1.1 1.45e+08 1.0 0.0e+00 0.0e+00 0.0e+00  0  0  0  0  0   1  2  0  0  0 10730
KSPSetUp              52 1.0 1.5063e-02 1.3 0.00e+00 0.0 0.0e+00 0.0e+00 2.0e+01  0  0  0  0  0   0  0  0  0  1     0
KSPSolve               2 1.0 2.9315e+01 1.0 7.57e+09 1.0 1.3e+06 6.2e+02 2.4e+03  2  2  2  2  5  84 93100 98100 10280
KSPGMRESOrthog       232 1.0 4.0933e-01 1.1 1.88e+08 1.0 0.0e+00 0.0e+00 2.3e+02  0  0  0  0  1   1  2  0  0 10 18260
SNESSolve              2 1.0 3.4991e+01 1.0 8.16e+09 1.0 1.3e+06 6.3e+02 2.4e+03  3  2  2  3  5 100100100100100  9280
SNESFunctionEval       2 1.0 1.8696e+00 1.0 2.30e+08 1.0 2.7e+03 3.5e+03 0.0e+00  0  0  0  0  0   5  3  0  1  0  4921
SNESJacobianEval       2 1.0 3.8064e+00 1.0 3.54e+08 1.0 6.8e+02 1.6e+04 0.0e+00  0  0  0  0  0  11  4  0  1  0  3716
CreateFunctionSpace      14 1.0 8.6763e-03 1.2 0.00e+00 0.0 0.0e+00 0.0e+00 0.0e+00  0  0  0  0  0   0  0  0  0  0     0
ParLoopExecute        16 1.0 5.5878e+00 1.0 5.84e+08 1.0 2.7e+03 3.5e+03 0.0e+00  0  0  0  0  0  16  7  0  1  0  4178
ParLoopCells          24 1.0 5.2291e-01 1.0 5.84e+08 1.0 0.0e+00 0.0e+00 0.0e+00  0  0  0  0  0   1  7  0  0  0 44647
ParLoopRednBegin      16 1.0 3.3784e-04 1.4 0.00e+00 0.0 0.0e+00 0.0e+00 0.0e+00  0  0  0  0  0   0  0  0  0  0     0
ParLoopRednEnd        16 1.0 8.9407e-05 1.4 0.00e+00 0.0 0.0e+00 0.0e+00 0.0e+00  0  0  0  0  0   0  0  0  0  0     0
ParLoopset_6           2 1.0 5.1498e-04 2.6 0.00e+00 0.0 0.0e+00 0.0e+00 0.0e+00  0  0  0  0  0   0  0  0  0  0     0
ParLoopset_7           2 1.0 2.4319e-04 2.6 0.00e+00 0.0 0.0e+00 0.0e+00 0.0e+00  0  0  0  0  0   0  0  0  0  0     0
ParLoopset_14          2 1.0 3.7909e-04 2.0 0.00e+00 0.0 0.0e+00 0.0e+00 0.0e+00  0  0  0  0  0   0  0  0  0  0     0
ParLoopset_15          2 1.0 1.5306e-04 1.7 0.00e+00 0.0 0.0e+00 0.0e+00 0.0e+00  0  0  0  0  0   0  0  0  0  0     0

--- Event Stage 3: Warm up

BuildTwoSided          2 1.0 1.0140e-03 4.1 0.00e+00 0.0 2.3e+02 4.0e+00 0.0e+00  0  0  0  0  0   0  0  3  0  0     0
BuildTwoSidedF         3 1.0 2.0133e-02 4.5 0.00e+00 0.0 3.4e+02 2.6e+04 0.0e+00  0  0  0  0  0   1  0  5 34  0     0
SFSetGraph             4 1.0 3.2687e-04 1.1 0.00e+00 0.0 0.0e+00 0.0e+00 0.0e+00  0  0  0  0  0   0  0  0  0  0     0
SFSetUp                2 1.0 1.3061e-03 2.3 0.00e+00 0.0 6.8e+02 9.8e+02 0.0e+00  0  0  0  0  0   0  0 10  3  0     0
SFBcastBegin           4 1.0 2.2888e-04 2.1 0.00e+00 0.0 9.1e+02 2.0e+03 0.0e+00  0  0  0  0  0   0  0 13  7  0     0
SFBcastEnd             4 1.0 1.7841e-0314.5 0.00e+00 0.0 0.0e+00 0.0e+00 0.0e+00  0  0  0  0  0   0  0  0  0  0     0
SFReduceBegin          1 1.0 3.8147e-05 1.7 0.00e+00 0.0 2.3e+02 5.3e+03 0.0e+00  0  0  0  0  0   0  0  3  5  0     0
SFReduceEnd            1 1.0 6.3181e-0415.1 0.00e+00 0.0 0.0e+00 0.0e+00 0.0e+00  0  0  0  0  0   0  0  0  0  0     0
VecTDot               38 1.0 2.1630e-02 1.2 7.52e+06 1.0 0.0e+00 0.0e+00 3.8e+01  0  0  0  0  0   2  3  0  0 49 13816
VecNorm               20 1.0 2.7423e-02 7.9 3.96e+06 1.0 0.0e+00 0.0e+00 2.0e+01  0  0  0  0  0   1  2  0  0 26  5735
VecCopy                6 1.0 3.3727e-03 1.5 0.00e+00 0.0 0.0e+00 0.0e+00 0.0e+00  0  0  0  0  0   0  0  0  0  0     0
VecSet                22 1.0 5.2671e-03 1.3 0.00e+00 0.0 0.0e+00 0.0e+00 0.0e+00  0  0  0  0  0   0  0  0  0  0     0
VecAXPY               39 1.0 2.7874e-02 1.1 7.72e+06 1.0 0.0e+00 0.0e+00 0.0e+00  0  0  0  0  0   2  3  0  0  0 11003
VecAYPX               18 1.0 9.4385e-03 1.1 3.56e+06 1.0 0.0e+00 0.0e+00 0.0e+00  0  0  0  0  0   1  1  0  0  0 14998
VecScatterBegin       19 1.0 1.1926e-03 2.0 0.00e+00 0.0 4.3e+03 3.1e+03 0.0e+00  0  0  0  0  0   0  0 62 51  0     0
VecScatterEnd         19 1.0 3.6409e-03 4.2 0.00e+00 0.0 0.0e+00 0.0e+00 0.0e+00  0  0  0  0  0   0  0  0  0  0     0
MatMult               19 1.0 1.7255e-01 1.0 6.36e+07 1.0 4.3e+03 3.1e+03 0.0e+00  0  0  0  0  0  15 25 62 51  0 14635
MatSolve              20 1.0 2.1421e-01 1.0 6.65e+07 1.0 0.0e+00 0.0e+00 0.0e+00  0  0  0  0  0  18 27  0  0  0 12331
MatLUFactorNum         1 1.0 5.2287e-02 1.2 1.60e+07 1.0 0.0e+00 0.0e+00 0.0e+00  0  0  0  0  0   4  6  0  0  0 12019
MatILUFactorSym        1 1.0 2.9665e-02 1.8 0.00e+00 0.0 0.0e+00 0.0e+00 0.0e+00  0  0  0  0  0   2  0  0  0  0     0
MatAssemblyBegin       3 1.0 2.2722e-02 4.4 0.00e+00 0.0 3.4e+02 2.6e+04 0.0e+00  0  0  0  0  0   1  0  5 34  0     0
MatAssemblyEnd         3 1.0 2.6720e-02 1.1 0.00e+00 0.0 4.6e+02 7.7e+02 8.0e+00  0  0  0  0  0   2  0  7  1 10     0
MatGetRowIJ            1 1.0 1.1921e-06 0.0 0.00e+00 0.0 0.0e+00 0.0e+00 0.0e+00  0  0  0  0  0   0  0  0  0  0     0
MatGetOrdering         1 1.0 3.0100e-03 1.6 0.00e+00 0.0 0.0e+00 0.0e+00 0.0e+00  0  0  0  0  0   0  0  0  0  0     0
MatZeroEntries         1 1.0 7.5860e-03 1.1 0.00e+00 0.0 0.0e+00 0.0e+00 0.0e+00  0  0  0  0  0   1  0  0  0  0     0
PCSetUp                2 1.0 8.4436e-02 1.3 1.60e+07 1.0 0.0e+00 0.0e+00 0.0e+00  0  0  0  0  0   7  6  0  0  0  7443
PCSetUpOnBlocks        1 1.0 8.4317e-02 1.3 1.60e+07 1.0 0.0e+00 0.0e+00 0.0e+00  0  0  0  0  0   7  6  0  0  0  7453
PCApply               20 1.0 2.1958e-01 1.0 6.65e+07 1.0 0.0e+00 0.0e+00 0.0e+00  0  0  0  0  0  18 27  0  0  0 12030
KSPSetUp               2 1.0 2.0521e-03 3.4 0.00e+00 0.0 0.0e+00 0.0e+00 0.0e+00  0  0  0  0  0   0  0  0  0  0     0
KSPSolve               1 1.0 5.3418e-01 1.0 1.69e+08 1.0 4.3e+03 3.1e+03 5.8e+01  0  0  0  0  0  46 67 62 51 74 12527
SNESSolve              1 1.0 6.6358e-01 1.0 2.49e+08 1.0 6.3e+03 3.4e+03 6.4e+01  0  0  0  0  0  57100 91 82 82 14950
SNESFunctionEval       1 1.0 2.4819e-02 1.0 2.00e+07 1.0 1.8e+03 2.0e+03 6.0e+00  0  0  0  0  0   2  8 26 14  8 32151
SNESJacobianEval       1 1.0 1.0442e-01 1.0 6.06e+07 1.0 1.7e+02 2.6e+04 0.0e+00  0  0  0  0  0   9 24  2 17  0 23206
ParLoopExecute        11 1.0 1.0586e-01 1.0 8.14e+07 1.0 1.8e+03 2.0e+03 6.0e+00  0  0  0  0  0   9 33 26 14  8 30757
ParLoopCells           6 1.0 8.9782e-02 1.1 8.14e+07 1.0 0.0e+00 0.0e+00 0.0e+00  0  0  0  0  0   7 33  0  0  0 36246
ParLoopRednBegin      11 1.0 2.2483e-04 1.6 0.00e+00 0.0 0.0e+00 0.0e+00 0.0e+00  0  0  0  0  0   0  0  0  0  0     0
ParLoopRednEnd        11 1.0 4.9353e-05 1.3 0.00e+00 0.0 0.0e+00 0.0e+00 0.0e+00  0  0  0  0  0   0  0  0  0  0     0
MatZeroInitial         1 1.0 1.0967e-01 1.2 0.00e+00 0.0 0.0e+00 0.0e+00 0.0e+00  0  0  0  0  0   9  0  0  0  0     0
ParLoopset_14          8 1.0 1.7047e-03 2.1 0.00e+00 0.0 0.0e+00 0.0e+00 0.0e+00  0  0  0  0  0   0  0  0  0  0     0
ParLoopset_15          8 1.0 8.0776e-04 2.1 3.93e+04 1.0 0.0e+00 0.0e+00 0.0e+00  0  0  0  0  0   0  0  0  0  0  1947

--- Event Stage 4: DU Residuals

SFBcastBegin         360 1.0 2.8516e-02 2.0 0.00e+00 0.0 8.2e+04 3.5e+03 0.0e+00  0  0  0  1  0   0  0 16 11  0     0
SFBcastEnd           360 1.0 4.2240e-01 4.2 0.00e+00 0.0 0.0e+00 0.0e+00 0.0e+00  0  0  0  0  0   0  0  0  0  0     0
SFReduceBegin        320 1.0 1.1705e-02 1.7 0.00e+00 0.0 7.3e+04 3.5e+03 0.0e+00  0  0  0  1  0   0  0 14  9  0     0
SFReduceEnd          320 1.0 4.5771e-01 2.5 0.00e+00 0.0 0.0e+00 0.0e+00 0.0e+00  0  0  0  0  0   0  0  0  0  0     0
VecMDot             1270 1.0 6.8757e+00 1.3 2.12e+09 1.0 0.0e+00 0.0e+00 1.3e+03  0  1  0  0  3   7  4  0  0 36 12262
VecTDot              576 1.0 2.3965e-01 1.2 4.53e+07 1.0 0.0e+00 0.0e+00 5.8e+02  0  0  0  0  1   0  0  0  0 16  7561
VecNorm             1718 1.0 1.7372e+00 1.3 2.96e+08 1.0 0.0e+00 0.0e+00 1.7e+03  0  0  0  0  4   2  1  0  0 48  6778
VecScale            1350 1.0 1.5744e-01 1.2 1.34e+08 1.0 0.0e+00 0.0e+00 0.0e+00  0  0  0  0  0   0  0  0  0  0 33718
VecCopy              720 1.0 2.6675e-01 1.3 0.00e+00 0.0 0.0e+00 0.0e+00 0.0e+00  0  0  0  0  0   0  0  0  0  0     0
VecSet              1958 1.0 6.3157e-01 1.5 0.00e+00 0.0 0.0e+00 0.0e+00 0.0e+00  0  0  0  0  0   1  0  0  0  0     0
VecAXPY              816 1.0 2.2232e-01 1.1 8.33e+07 1.0 0.0e+00 0.0e+00 0.0e+00  0  0  0  0  0   0  0  0  0  0 14942
VecAYPX              208 1.0 2.8194e-02 1.1 1.64e+07 1.0 0.0e+00 0.0e+00 0.0e+00  0  0  0  0  0   0  0  0  0  0 23208
VecMAXPY            1350 1.0 5.5276e+00 1.1 2.37e+09 1.0 0.0e+00 0.0e+00 0.0e+00  0  1  0  0  0   6  4  0  0  0 17060
VecScatterBegin     1558 1.0 9.1576e-02 1.9 0.00e+00 0.0 3.6e+05 6.1e+03 0.0e+00  0  0  1  7  0   0  0 70 80  0     0
VecScatterEnd       1558 1.0 1.6710e+00 6.8 0.00e+00 0.0 0.0e+00 0.0e+00 0.0e+00  0  0  0  0  0   1  0  0  0  0     0
VecNormalize        1350 1.0 1.6537e+00 1.3 4.01e+08 1.0 0.0e+00 0.0e+00 1.4e+03  0  0  0  0  3   2  1  0  0 38  9630
MatMult             1558 1.0 3.0523e+01 1.0 1.27e+10 1.0 3.6e+05 6.1e+03 0.0e+00  2  3  1  7  0  34 22 70 80  0 16473
MatSolve            1718 1.0 3.2923e+01 1.0 1.33e+10 1.0 0.0e+00 0.0e+00 0.0e+00  3  3  0  0  0  37 23  0  0  0 16100
PCSetUpOnBlocks      160 1.0 5.2857e-04 1.8 0.00e+00 0.0 0.0e+00 0.0e+00 0.0e+00  0  0  0  0  0   0  0  0  0  0     0
PCApply             1718 1.0 3.3524e+01 1.0 1.33e+10 1.0 0.0e+00 0.0e+00 0.0e+00  3  3  0  0  0  38 23  0  0  0 15811
KSPSetUp             160 1.0 1.1587e-04 2.4 0.00e+00 0.0 0.0e+00 0.0e+00 0.0e+00  0  0  0  0  0   0  0  0  0  0     0
KSPSolve             160 1.0 7.6661e+01 1.0 3.10e+10 1.0 3.6e+05 6.1e+03 3.6e+03  6  8  1  7  8  88 54 70 80100 16090
KSPGMRESOrthog      1270 1.0 1.1675e+01 1.2 4.24e+09 1.0 0.0e+00 0.0e+00 1.3e+03  1  1  0  0  3  12  7  0  0 36 14444
SNESSolve            160 1.0 8.6839e+01 1.0 5.70e+10 1.0 5.1e+05 5.3e+03 3.6e+03  7 14  1  8  8 100100100100100 26098
SNESFunctionEval     160 1.0 1.0211e+01 1.0 2.59e+10 1.0 1.6e+05 3.5e+03 0.0e+00  1  6  0  2  0  12 46 30 20  0 101065
SNESJacobianEval     160 1.0 7.8621e-03 1.6 0.00e+00 0.0 0.0e+00 0.0e+00 0.0e+00  0  0  0  0  0   0  0  0  0  0     0
ParLoopExecute       480 1.0 1.0124e+01 1.0 2.59e+10 1.0 1.6e+05 3.5e+03 0.0e+00  1  6  0  2  0  12 46 30 20  0 101936
ParLoopCells         320 1.0 4.9065e+00 1.0 1.38e+10 1.0 0.0e+00 0.0e+00 0.0e+00  0  3  0  0  0   6 24  0  0  0 112626
ParLoopRednBegin     480 1.0 1.9317e-03 1.3 0.00e+00 0.0 0.0e+00 0.0e+00 0.0e+00  0  0  0  0  0   0  0  0  0  0     0
ParLoopRednEnd       480 1.0 2.7699e-03 1.3 0.00e+00 0.0 0.0e+00 0.0e+00 0.0e+00  0  0  0  0  0   0  0  0  0  0     0
ParLoopIntFacets     320 1.0 4.5770e+00 1.0 1.21e+10 1.0 0.0e+00 0.0e+00 0.0e+00  0  3  0  0  0   5 21  0  0  0 104743
ParLoopset_14        160 1.0 3.4549e-02 1.1 0.00e+00 0.0 0.0e+00 0.0e+00 0.0e+00  0  0  0  0  0   0  0  0  0  0     0
ParLoopset_15        160 1.0 1.3385e-02 1.1 0.00e+00 0.0 0.0e+00 0.0e+00 0.0e+00  0  0  0  0  0   0  0  0  0  0     0

--- Event Stage 5: Linear solve

SFBcastBegin         320 1.0 2.6623e-02 1.9 0.00e+00 0.0 7.3e+04 3.5e+03 0.0e+00  0  0  0  1  0   0  0  0  1  0     0
SFBcastEnd           320 1.0 2.0614e-01 4.1 0.00e+00 0.0 0.0e+00 0.0e+00 0.0e+00  0  0  0  0  0   0  0  0  0  0     0
SFReduceBegin        160 1.0 5.6279e-03 1.6 0.00e+00 0.0 3.6e+04 3.5e+03 0.0e+00  0  0  0  0  0   0  0  0  0  0     0
SFReduceEnd          160 1.0 1.8076e-01 7.2 0.00e+00 0.0 0.0e+00 0.0e+00 0.0e+00  0  0  0  0  0   0  0  0  0  0     0
VecMDot             1278 1.0 6.9258e+00 1.1 3.00e+09 1.0 0.0e+00 0.0e+00 1.3e+03  1  1  0  0  3   1  1  0  0  3 17248
VecTDot            15730 1.0 1.0441e+01 1.3 1.24e+09 1.0 0.0e+00 0.0e+00 1.6e+04  1  0  0  0 35   1  0  0  0 42  4739
VecNorm            10581 1.0 1.2120e+01 1.5 1.10e+09 1.0 0.0e+00 0.0e+00 1.1e+04  1  0  0  0 24   1  0  0  0 28  3627
VecScale           47473 1.0 6.1948e+00 1.3 2.00e+09 1.0 0.0e+00 0.0e+00 0.0e+00  0  0  0  0  0   0  1  0  0  0 12915
VecCopy           141381 1.0 3.2779e+00 1.1 0.00e+00 0.0 0.0e+00 0.0e+00 0.0e+00  0  0  0  0  0   0  0  0  0  0     0
VecSet            449494 1.0 2.4638e+01 1.3 0.00e+00 0.0 0.0e+00 0.0e+00 0.0e+00  2  0  0  0  0   2  0  0  0  0     0
VecAXPY            17248 1.0 3.5427e+00 1.1 1.55e+09 1.0 0.0e+00 0.0e+00 0.0e+00  0  0  0  0  0   0  0  0  0  0 17479
VecAYPX           283197 1.0 1.4165e+01 1.3 3.63e+09 1.0 0.0e+00 0.0e+00 0.0e+00  1  1  0  0  0   1  1  0  0  0 10235
VecAXPBYCZ         92230 1.0 6.7696e+00 1.4 3.90e+09 1.0 0.0e+00 0.0e+00 0.0e+00  0  1  0  0  0   1  1  0  0  0 22992
VecMAXPY            1358 1.0 7.9619e+00 1.1 3.35e+09 1.0 0.0e+00 0.0e+00 0.0e+00  1  1  0  0  0   1  1  0  0  0 16771
VecScatterBegin   387969 1.0 1.3860e+01 2.6 0.00e+00 0.0 5.3e+07 5.3e+02 0.0e+00  1  0 96 84  0   1  0100 99  0     0
VecScatterEnd     387969 1.0 3.6742e+01 1.4 0.00e+00 0.0 0.0e+00 0.0e+00 0.0e+00  3  0  0  0  0   3  0  0  0  0     0
VecNormalize        1358 1.0 1.2723e+00 1.7 5.63e+08 1.0 0.0e+00 0.0e+00 1.4e+03  0  0  0  0  3   0  0  0  0  4 17627
MatMult           196319 1.0 8.5257e+02 1.0 2.52e+11 1.0 3.9e+07 6.6e+02 1.0e+04 66 62 71 78 23  77 77 74 92 27 11752
MatMultAdd         95984 1.0 6.8060e+01 1.1 1.96e+10 1.0 7.5e+06 3.1e+02 0.0e+00  5  5 14  7  0   6  6 14  8  0 11480
MatMultTranspose   46115 1.0 1.3888e+01 1.4 1.90e+09 1.0 6.9e+06 1.4e+02 0.0e+00  1  0 12  3  0   1  1 13  3  0  5436
MatSolve          241156 1.2 6.2916e+02 1.0 1.93e+11 1.0 0.0e+00 0.0e+00 0.0e+00 48 48  0  0  0  57 59  0  0  0 12224
MatResidual        46115 1.0 1.7312e+02 1.0 5.05e+10 1.0 9.2e+06 5.8e+02 0.0e+00 13 12 17 16  0  16 15 17 19  0 11592
PCSetUpOnBlocks   148926 1.0 2.2027e-01 1.4 0.00e+00 0.0 0.0e+00 0.0e+00 0.0e+00  0  0  0  0  0   0  0  0  0  0     0
PCApply             1358 1.0 1.0529e+03 1.0 3.04e+11 1.0 5.3e+07 5.1e+02 2.5e+04 82 75 95 80 56  96 93 99 94 66 11499
KSPSolve_FS_0       1358 1.0 1.5129e+01 1.0 4.52e+09 1.0 0.0e+00 0.0e+00 0.0e+00  1  1  0  0  0   1  1  0  0  0 11855
KSPSolve_FS_Schu    1358 1.0 1.0115e+03 1.0 2.93e+11 1.0 5.2e+07 5.0e+02 2.5e+04 79 72 95 79 56  92 89 98 92 66 11508
KSPSolve_FS_Low     1358 1.0 1.5074e+01 1.0 4.52e+09 1.0 0.0e+00 0.0e+00 0.0e+00  1  1  0  0  0   1  1  0  0  0 11899
KSPSetUp              80 1.0 9.2030e-05 2.5 0.00e+00 0.0 0.0e+00 0.0e+00 0.0e+00  0  0  0  0  0   0  0  0  0  0     0
KSPSolve              80 1.0 1.0921e+03 1.0 3.18e+11 1.0 5.3e+07 5.3e+02 3.8e+04 85 78 96 84 85 100 97100 99100 11600
KSPGMRESOrthog      1278 1.0 1.3874e+01 1.0 6.00e+09 1.0 0.0e+00 0.0e+00 1.3e+03  1  1  0  0  3   1  2  0  0  3 17220
SNESSolve             80 1.0 1.0966e+03 1.0 3.28e+11 1.0 5.3e+07 5.3e+02 3.8e+04 85 81 96 85 85 100100100100100 11888
SNESFunctionEval      80 1.0 4.5569e+00 1.0 9.20e+09 1.0 1.1e+05 3.5e+03 0.0e+00  0  2  0  1  0   0  3  0  1  0 80758
SNESJacobianEval      80 1.0 5.9559e-03 1.8 0.00e+00 0.0 0.0e+00 0.0e+00 0.0e+00  0  0  0  0  0   0  0  0  0  0     0
ParLoopExecute       320 1.0 4.3240e+00 1.0 9.20e+09 1.0 1.1e+05 3.5e+03 0.0e+00  0  2  0  1  0   0  3  0  1  0 85108
ParLoopCells         320 1.0 3.9997e+00 1.0 9.20e+09 1.0 0.0e+00 0.0e+00 0.0e+00  0  2  0  0  0   0  3  0  0  0 92010
ParLoopRednBegin     320 1.0 1.3092e-03 1.5 0.00e+00 0.0 0.0e+00 0.0e+00 0.0e+00  0  0  0  0  0   0  0  0  0  0     0
ParLoopRednEnd       320 1.0 1.7827e-03 1.4 0.00e+00 0.0 0.0e+00 0.0e+00 0.0e+00  0  0  0  0  0   0  0  0  0  0     0
ParLoopset_14        160 1.0 3.2247e-02 1.3 0.00e+00 0.0 0.0e+00 0.0e+00 0.0e+00  0  0  0  0  0   0  0  0  0  0     0
ParLoopset_15        160 1.0 1.1419e-02 1.3 0.00e+00 0.0 0.0e+00 0.0e+00 0.0e+00  0  0  0  0  0   0  0  0  0  0     0
------------------------------------------------------------------------------------------------------------------------

Memory usage is given in bytes:

Object Type          Creations   Destructions     Memory  Descendants' Mem.
Reports information only for process 0.

--- Event Stage 0: Main Stage

           Container    16             16         9344     0.
              Viewer     1              0            0     0.
           Index Set   748            816     49269056     0.
   IS L to G Mapping    14             14     12883480     0.
             Section   209            210       152880     0.
   Star Forest Graph   208            212       178368     0.
              Vector    91            498    160661936     0.
         Vec Scatter    18             44      4445824     0.
              Matrix    82            230    530809248     0.
      Preconditioner    10             46        47240     0.
       Krylov Solver    10             56       494112     0.
     DMKSP interface     1              6         3984     0.
                SNES     8              8        11232     0.
              DMSNES     6              6         4080     0.
      SNESLineSearch     8              8         8000     0.
    Distributed Mesh    66             66       327456     0.
            DM Label    50             50        31600     0.
    GraphPartitioner    24             24        15072     0.
     Discrete System    66             66        61784     0.

--- Event Stage 1: Warm up: DU Residuals

           Index Set    20              8       737456     0.
   Star Forest Graph     2              0            0     0.
              Vector    72              2      1567360     0.
              Matrix     4              0            0     0.
      Preconditioner     4              0            0     0.
       Krylov Solver     4              0            0     0.
     DMKSP interface     2              0            0     0.

--- Event Stage 2: Warm up: Linear solve

         PetscRandom    20             20        13080     0.
           Index Set   226            170      2024984     0.
   Star Forest Graph    10             10         8800     0.
              Vector   826            491     92418704     0.
         Vec Scatter    74             48        64944     0.
              Matrix   326            182    126560128     0.
      Matrix Coarsen    10             10         6440     0.
      Preconditioner    44             12        10304     0.
       Krylov Solver    54             12       307424     0.
     DMKSP interface     2              0            0     0.

--- Event Stage 3: Warm up

           Index Set     7              7      1443700     0.
             Section     1              0            0     0.
   Star Forest Graph     2              0            0     0.
              Vector    11              8      3149824     0.
         Vec Scatter     1              1         1352     0.
              Matrix     4              4     46146412     0.
      Preconditioner     2              2         1928     0.
       Krylov Solver     2              2         2856     0.
     DMKSP interface     1              0            0     0.
                SNES     1              1         1404     0.
      SNESLineSearch     1              1         1000     0.

--- Event Stage 4: DU Residuals

              Vector     0              1       783680     0.

--- Event Stage 5: Linear solve

              Vector  5112           5112   2811375072     0.
========================================================================================================================
Average time to get PetscTime(): 1.19209e-07
Average time for MPI_Barrier(): 6.96182e-06
Average time for zero size MPI_Send(): 1.19805e-06
#PETSc Option Table entries:
--dt 62.5
--method BDM
--model_degree 2
--profile
--refinements 8
-log_view
#End of PETSc Option Table entries
Compiled without FORTRAN kernels
Compiled with full precision matrices (default)
sizeof(short) 2 sizeof(int) 4 sizeof(long) 8 sizeof(void*) 8 sizeof(PetscScalar) 8 sizeof(PetscInt) 4
Configure options: --prefix=/home/scratch/tg2115/src/firedrake/lib/python3.5/site-packages/petsc PETSC_ARCH=arch-python-linux-x86_64 --with-shared-libraries=1 --with-debugging=0 --with-c2html=0 --with-cc=/usr/bin/mpicc --with-cxx=/usr/bin/mpicxx --with-fc=/usr/bin/mpif90 --download-eigen=/home/scratch/tg2115/src/firedrake/src/eigen-3.3.3.tgz --with-fortran-bindings=0 --download-chaco --download-metis --download-parmetis --download-scalapack --download-hypre --download-mumps --with-zlib --download-netcdf --download-hdf5 --download-pnetcdf --download-exodusii --download-ml
-----------------------------------------
Libraries compiled on 2019-02-19 06:15:49 on mpe2 
Machine characteristics: Linux-4.4.0-130-generic-x86_64-with-Ubuntu-16.04-xenial
Using PETSc directory: /home/scratch/tg2115/src/firedrake/lib/python3.5/site-packages/petsc
Using PETSc arch: 
-----------------------------------------

Using C compiler: /usr/bin/mpicc  -fPIC  -Wall -Wwrite-strings -Wno-strict-aliasing -Wno-unknown-pragmas -fstack-protector -fvisibility=hidden -g -O  
Using Fortran compiler: /usr/bin/mpif90  -fPIC -Wall -ffree-line-length-0 -Wno-unused-dummy-argument -g -O    
-----------------------------------------

Using include paths: -I/home/scratch/tg2115/src/firedrake/lib/python3.5/site-packages/petsc/include -I/home/scratch/tg2115/src/firedrake/lib/python3.5/site-packages/petsc/include/eigen3
-----------------------------------------

Using C linker: /usr/bin/mpicc
Using Fortran linker: /usr/bin/mpif90
Using libraries: -Wl,-rpath,/home/scratch/tg2115/src/firedrake/lib/python3.5/site-packages/petsc/lib -L/home/scratch/tg2115/src/firedrake/lib/python3.5/site-packages/petsc/lib -lpetsc -Wl,-rpath,/home/scratch/tg2115/src/firedrake/lib/python3.5/site-packages/petsc/lib -L/home/scratch/tg2115/src/firedrake/lib/python3.5/site-packages/petsc/lib -Wl,-rpath,/usr/lib/openmpi/lib -L/usr/lib/openmpi/lib -Wl,-rpath,/usr/lib/gcc/x86_64-linux-gnu/5 -L/usr/lib/gcc/x86_64-linux-gnu/5 -Wl,-rpath,/usr/lib/x86_64-linux-gnu -L/usr/lib/x86_64-linux-gnu -Wl,-rpath,/lib/x86_64-linux-gnu -L/lib/x86_64-linux-gnu -lHYPRE -lcmumps -ldmumps -lsmumps -lzmumps -lmumps_common -lpord -lscalapack -lml -llapack -lblas -lexodus -lnetcdf -lpnetcdf -lhdf5hl_fortran -lhdf5_fortran -lhdf5_hl -lhdf5 -lchaco -lparmetis -lmetis -lm -lz -lX11 -lstdc++ -ldl -lmpi_usempif08 -lmpi_usempi_ignore_tkr -lmpi_mpifh -lmpi -lgfortran -lm -lgfortran -lm -lgcc_s -lquadmath -lpthread -lstdc++ -ldl
-----------------------------------------

