
Running cold initialization for the problem set:

method: BDM,

model degree: 2,

hybridization: True,



Dt = 62.5,

Courant number (approximate): 0.4043196881815445,

Dx (max): 37.37888963085026 km.

Warm up with one-step.

Warm up done. Profiling run for 20 steps.


Running Williamson 5 test with parameters:

method: BDM,

model degree: 2,

refinements: 8,

hybridization: True,

tmax: 1250.0

Simulation complete.

************************************************************************************************************************
***             WIDEN YOUR WINDOW TO 120 CHARACTERS.  Use 'enscript -r -fCourier9' to print this document            ***
************************************************************************************************************************

---------------------------------------------- PETSc Performance Summary: ----------------------------------------------

swe_williamson5.py on a  named mpe2 with 40 processors, by tg2115 Sat Feb 23 09:11:10 2019
Using Petsc Development GIT revision: v3.4.2-24285-gcd612ee  GIT Date: 2019-01-17 05:31:34 +0100

                         Max       Max/Min     Avg       Total 
Time (sec):           2.508e+02     1.000   2.508e+02
Objects:              3.013e+03     1.144   2.656e+03
Flop:                 1.631e+11     1.006   1.626e+11  6.503e+12
Flop/sec:             6.502e+08     1.006   6.482e+08  2.593e+10
MPI Messages:         1.489e+05     1.980   1.095e+05  4.380e+06
MPI Message Lengths:  3.821e+08     2.650   1.708e+03  7.482e+09
MPI Reductions:       6.707e+03     1.000

Flop counting convention: 1 flop = 1 real number operation of type (multiply/divide/add/subtract)
                            e.g., VecAXPY() for real vectors of length N --> 2N flop
                            and VecAXPY() for complex vectors of length N --> 8N flop

Summary of Stages:   ----- Time ------  ----- Flop ------  --- Messages ---  -- Message Lengths --  -- Reductions --
                        Avg     %Total     Avg     %Total    Count   %Total     Avg         %Total    Count   %Total 
 0:      Main Stage: 3.0759e+01  12.3%  3.9478e+11   6.1%  1.625e+05   3.7%  6.222e+03       13.5%  5.420e+02   8.1% 
 1: Warm up: DU Residuals: 4.6935e+00   1.9%  1.1564e+11   1.8%  1.630e+04   0.4%  7.422e+03        1.6%  1.000e+02   1.5% 
 2: Warm up: Linear solve: 4.7244e+01  18.8%  1.2758e+11   2.0%  1.943e+05   4.4%  1.304e+03        3.4%  1.372e+03  20.5% 
 3:         Warm up: 1.4359e+00   0.6%  9.9555e+09   0.2%  7.125e+03   0.2%  4.305e+03        0.4%  8.200e+01   1.2% 
 4:    DU Residuals: 8.6728e+01  34.6%  2.2664e+12  34.9%  5.103e+05  11.6%  5.322e+03       36.3%  3.564e+03  53.1% 
 5:    Linear solve: 7.9955e+01  31.9%  3.5884e+12  55.2%  3.489e+06  79.7%  9.602e+02       44.8%  1.040e+03  15.5% 

------------------------------------------------------------------------------------------------------------------------
See the 'Profiling' chapter of the users' manual for details on interpreting output.
Phase summary info:
   Count: number of times phase was executed
   Time and Flop: Max - maximum over all processors
                  Ratio - ratio of maximum to minimum over all processors
   Mess: number of messages sent
   AvgLen: average message length (bytes)
   Reduct: number of global reductions
   Global: entire computation
   Stage: stages of a computation. Set stages with PetscLogStagePush() and PetscLogStagePop().
      %T - percent time in this phase         %F - percent flop in this phase
      %M - percent messages in this phase     %L - percent message lengths in this phase
      %R - percent reductions in this phase
   Total Mflop/s: 10e-6 * (sum of flop over all processors)/(max time over all processors)
------------------------------------------------------------------------------------------------------------------------
Event                Count      Time (sec)     Flop                              --- Global ---  --- Stage ----  Total
                   Max Ratio  Max     Ratio   Max  Ratio  Mess   AvgLen  Reduct  %T %F %M %L %R  %T %F %M %L %R Mflop/s
------------------------------------------------------------------------------------------------------------------------

--- Event Stage 0: Main Stage

PetscBarrier          16 1.0 8.9151e-01 1.1 0.00e+00 0.0 0.0e+00 0.0e+00 3.2e+01  0  0  0  0  0   3  0  0  0  6     0
BuildTwoSided         70 1.0 1.6844e+0065.6 0.00e+00 0.0 1.0e+04 4.0e+00 0.0e+00  1  0  0  0  0   5  0  6  0  0     0
BuildTwoSidedF        15 1.0 5.7142e-01 3.7 0.00e+00 0.0 2.9e+03 5.8e+04 0.0e+00  0  0  0  2  0   1  0  2 17  0     0
SFSetGraph            76 1.0 4.8776e-03 1.1 0.00e+00 0.0 0.0e+00 0.0e+00 0.0e+00  0  0  0  0  0   0  0  0  0  0     0
SFSetUp               70 1.0 1.7738e+0014.3 0.00e+00 0.0 3.1e+04 3.9e+03 0.0e+00  1  0  1  2  0   6  0 19 12  0     0
SFBcastBegin         321 1.0 3.0545e-0118.9 0.00e+00 0.0 7.7e+04 5.8e+03 0.0e+00  0  0  2  6  0   0  0 48 44  0     0
SFBcastEnd           321 1.0 8.1400e-01 2.3 0.00e+00 0.0 0.0e+00 0.0e+00 0.0e+00  0  0  0  0  0   2  0  0  0  0     0
SFReduceBegin        170 1.0 5.9769e-03 1.4 0.00e+00 0.0 3.8e+04 4.1e+03 0.0e+00  0  0  1  2  0   0  0 23 15  0     0
SFReduceEnd          170 1.0 3.5568e-01 3.5 0.00e+00 0.0 0.0e+00 0.0e+00 0.0e+00  0  0  0  0  0   1  0  0  0  0     0
SFFetchOpBegin         2 1.0 5.0783e-05 5.6 0.00e+00 0.0 2.3e+02 5.4e+02 0.0e+00  0  0  0  0  0   0  0  0  0  0     0
SFFetchOpEnd           2 1.0 2.4915e-04 4.8 0.00e+00 0.0 2.3e+02 5.4e+02 0.0e+00  0  0  0  0  0   0  0  0  0  0     0
VecTDot               86 1.0 6.5996e-02 1.2 1.70e+07 1.0 0.0e+00 0.0e+00 8.6e+01  0  0  0  0  1   0  0  0  0 16 10248
VecNorm              125 1.0 3.2403e-01 2.7 3.10e+07 1.0 0.0e+00 0.0e+00 1.2e+02  0  0  0  0  2   1  0  0  0 23  3810
VecCopy               12 1.0 6.2091e-03 1.2 0.00e+00 0.0 0.0e+00 0.0e+00 0.0e+00  0  0  0  0  0   0  0  0  0  0     0
VecSet                75 1.0 2.1847e-02 2.7 0.00e+00 0.0 0.0e+00 0.0e+00 0.0e+00  0  0  0  0  0   0  0  0  0  0     0
VecAXPY               88 1.0 6.3409e-02 1.1 1.74e+07 1.0 0.0e+00 0.0e+00 0.0e+00  0  0  0  0  0   0  0  0  0  0 10914
VecAYPX               41 1.0 2.1899e-02 1.1 8.11e+06 1.0 0.0e+00 0.0e+00 0.0e+00  0  0  0  0  0   0  0  0  0  0 14724
VecScatterBegin       47 1.0 4.9076e-03 1.3 0.00e+00 0.0 9.8e+03 3.1e+03 0.0e+00  0  0  0  0  0   0  0  6  3  0     0
VecScatterEnd         47 1.0 1.2321e-02 5.1 0.00e+00 0.0 0.0e+00 0.0e+00 0.0e+00  0  0  0  0  0   0  0  0  0  0     0
MatMult               43 1.0 3.9214e-01 1.0 1.44e+08 1.0 9.8e+03 3.1e+03 0.0e+00  0  0  0  0  0   1  1  6  3  0 14574
MatSolve              45 1.0 4.8805e-01 1.0 1.50e+08 1.0 0.0e+00 0.0e+00 0.0e+00  0  0  0  0  0   2  2  0  0  0 12178
MatLUFactorNum         2 1.0 1.0407e-01 1.2 3.20e+07 1.0 0.0e+00 0.0e+00 0.0e+00  0  0  0  0  0   0  0  0  0  0 12078
MatILUFactorSym        2 1.0 5.9512e-02 1.3 0.00e+00 0.0 0.0e+00 0.0e+00 0.0e+00  0  0  0  0  0   0  0  0  0  0     0
MatAssemblyBegin      17 1.0 6.5975e-01 2.8 0.00e+00 0.0 2.9e+03 5.8e+04 0.0e+00  0  0  0  2  0   2  0  2 17  0     0
MatAssemblyEnd        17 1.0 1.6978e-01 1.1 0.00e+00 0.0 2.7e+03 9.9e+02 4.8e+01  0  0  0  0  1   1  0  2  0  9     0
MatGetRowIJ            2 1.0 9.0599e-06 0.0 0.00e+00 0.0 0.0e+00 0.0e+00 0.0e+00  0  0  0  0  0   0  0  0  0  0     0
MatGetOrdering         2 1.0 6.3310e-03 1.1 0.00e+00 0.0 0.0e+00 0.0e+00 0.0e+00  0  0  0  0  0   0  0  0  0  0     0
MatZeroEntries         2 1.0 1.4653e-02 1.2 0.00e+00 0.0 0.0e+00 0.0e+00 0.0e+00  0  0  0  0  0   0  0  0  0  0     0
PCSetUp                4 1.0 1.6931e-01 1.2 3.20e+07 1.0 0.0e+00 0.0e+00 0.0e+00  0  0  0  0  0   1  0  0  0  0  7423
PCSetUpOnBlocks        2 1.0 1.6908e-01 1.2 3.20e+07 1.0 0.0e+00 0.0e+00 0.0e+00  0  0  0  0  0   1  0  0  0  0  7434
PCApply               45 1.0 4.9797e-01 1.0 1.50e+08 1.0 0.0e+00 0.0e+00 0.0e+00  0  0  0  0  0   2  2  0  0  0 11935
KSPSetUp               4 1.0 3.4311e-03 1.6 0.00e+00 0.0 0.0e+00 0.0e+00 0.0e+00  0  0  0  0  0   0  0  0  0  0     0
KSPSolve               2 1.0 1.2335e+00 1.0 3.76e+08 1.0 9.8e+03 3.1e+03 1.3e+02  0  0  0  0  2   4  4  6  3 24 12116
SNESSolve              2 1.0 1.5048e+00 1.0 5.38e+08 1.0 1.2e+04 3.6e+03 1.4e+02  1  0  0  1  2   5  5  8  4 25 14223
SNESFunctionEval       2 1.0 5.5213e-02 1.0 3.99e+07 1.0 2.3e+03 2.7e+03 6.0e+00  0  0  0  0  0   0  0  1  1  1 28905
SNESJacobianEval       2 1.0 2.1628e-01 1.0 1.21e+08 1.0 3.4e+02 2.6e+04 0.0e+00  0  0  0  0  0   1  1  0  1  0 22408
Mesh Partition         4 1.0 4.1254e+00 1.1 0.00e+00 0.0 4.4e+04 1.5e+03 2.0e+01  2  0  1  1  0  13  0 27  7  4     0
Mesh Migration         4 1.0 9.9464e-01 1.0 0.00e+00 0.0 1.8e+04 1.8e+04 8.6e+01  0  0  0  4  1   3  0 11 32 16     0
DMPlexInterp           2 1.0 3.0501e-03 3.6 0.00e+00 0.0 0.0e+00 0.0e+00 4.0e+00  0  0  0  0  0   0  0  0  0  1     0
DMPlexDistribute       2 1.0 4.9812e+00 1.0 0.00e+00 0.0 2.2e+04 2.0e+04 3.8e+01  2  0  0  6  1  16  0 13 42  7     0
DMPlexDistCones        4 1.0 2.3496e-01 1.0 0.00e+00 0.0 4.3e+03 3.0e+04 0.0e+00  0  0  0  2  0   1  0  3 13  0     0
DMPlexDistLabels       4 1.0 5.7816e-01 1.0 0.00e+00 0.0 6.1e+03 1.9e+04 5.2e+01  0  0  0  2  1   2  0  4 12 10     0
DMPlexDistOvrlp        2 1.0 1.8619e-01 1.1 0.00e+00 0.0 4.1e+04 5.2e+02 6.8e+01  0  0  1  0  1   1  0 25  2 13     0
DMPlexDistField        6 1.0 5.6286e-02 1.0 0.00e+00 0.0 5.9e+03 7.4e+03 4.0e+00  0  0  0  1  0   0  0  4  4  1     0
DMPlexDistData         4 1.0 1.6584e+0035.7 0.00e+00 0.0 3.9e+04 1.0e+03 0.0e+00  1  0  1  1  0   5  0 24  4  0     0
DMPlexStratify         8 1.0 6.5166e-02 1.1 0.00e+00 0.0 0.0e+00 0.0e+00 8.0e+00  0  0  0  0  0   0  0  0  0  1     0
CreateMesh            10 1.0 5.9146e+00 1.0 0.00e+00 0.0 6.3e+04 7.1e+03 1.1e+02  2  0  1  6  2  19  0 39 44 21     0
Mesh: reorder          2 1.0 1.2091e-02 1.0 0.00e+00 0.0 0.0e+00 0.0e+00 4.0e+00  0  0  0  0  0   0  0  0  0  1     0
Mesh: numbering        2 1.0 7.3257e-02 1.0 0.00e+00 0.0 0.0e+00 0.0e+00 4.0e+00  0  0  0  0  0   0  0  0  0  1     0
CreateFunctionSpace      46 1.0 1.0103e+00 1.3 0.00e+00 0.0 1.6e+03 1.1e+03 0.0e+00  0  0  0  0  0   3  0  1  0  0     0
ParLoopExecute       604 1.0 5.2796e+00 1.1 9.47e+09 1.0 8.1e+04 3.4e+03 2.2e+01  2  6  2  4  0  17 96 50 27  4 71774
ParLoopCells         368 1.0 4.3440e+00 1.0 9.44e+09 1.0 0.0e+00 0.0e+00 0.0e+00  2  6  0  0  0  14 96  0  0  0 86927
ParLoopRednBegin     604 1.0 4.3090e-02 2.1 0.00e+00 0.0 0.0e+00 0.0e+00 0.0e+00  0  0  0  0  0   0  0  0  0  0     0
ParLoopRednEnd       604 1.0 7.9362e-03 1.3 0.00e+00 0.0 0.0e+00 0.0e+00 0.0e+00  0  0  0  0  0   0  0  0  0  0     0
ParLoopset_4           4 1.0 1.9751e-03 1.3 0.00e+00 0.0 0.0e+00 0.0e+00 0.0e+00  0  0  0  0  0   0  0  0  0  0     0
ParLoopset_5           2 1.0 1.0009e-03 1.3 0.00e+00 0.0 0.0e+00 0.0e+00 0.0e+00  0  0  0  0  0   0  0  0  0  0     0
CreateSparsity         5 1.0 4.7076e+00 1.0 0.00e+00 0.0 3.0e+03 2.6e+04 2.8e+01  2  0  0  1  0  15  0  2  8  5     0
MatZeroInitial         6 1.0 1.5809e+00 1.0 0.00e+00 0.0 0.0e+00 0.0e+00 0.0e+00  1  0  0  0  0   5  0  0  0  0     0
ParLoopset_6           8 1.0 5.9121e-03 1.2 0.00e+00 0.0 0.0e+00 0.0e+00 0.0e+00  0  0  0  0  0   0  0  0  0  0     0
ParLoopset_7           8 1.0 2.1107e-03 1.3 3.93e+04 1.0 0.0e+00 0.0e+00 0.0e+00  0  0  0  0  0   0  0  0  0  0   745
ParLoopset_14          4 1.0 6.0582e-04 1.7 0.00e+00 0.0 0.0e+00 0.0e+00 0.0e+00  0  0  0  0  0   0  0  0  0  0     0
ParLoopset_15          2 1.0 1.0991e-04 1.3 0.00e+00 0.0 0.0e+00 0.0e+00 0.0e+00  0  0  0  0  0   0  0  0  0  0     0
ParLoopset_16        406 1.0 1.4084e-01 1.1 2.37e+07 1.0 0.0e+00 0.0e+00 0.0e+00  0  0  0  0  0   0  0  0  0  0  6701
ParLoopset_17        406 1.0 5.6185e-02 1.2 9.48e+06 1.0 0.0e+00 0.0e+00 0.0e+00  0  0  0  0  0   0  0  0  0  0  6747

--- Event Stage 1: Warm up: DU Residuals

BuildTwoSided          2 1.0 5.1999e-04 2.6 0.00e+00 0.0 2.3e+02 4.0e+00 0.0e+00  0  0  0  0  0   0  0  1  0  0     0
BuildTwoSidedF         8 1.0 9.1000e-02 5.3 0.00e+00 0.0 1.0e+03 4.7e+04 0.0e+00  0  0  0  1  0   1  0  6 40  0     0
SFSetGraph             4 1.0 2.2316e-04 1.2 0.00e+00 0.0 0.0e+00 0.0e+00 0.0e+00  0  0  0  0  0   0  0  0  0  0     0
SFSetUp                2 1.0 6.8498e-04 1.8 0.00e+00 0.0 6.8e+02 5.4e+02 0.0e+00  0  0  0  0  0   0  0  4  0  0     0
SFBcastBegin          16 1.0 1.3139e-03 2.0 0.00e+00 0.0 3.6e+03 2.9e+03 0.0e+00  0  0  0  0  0   0  0 22  9  0     0
SFBcastEnd            16 1.0 4.5769e-0311.1 0.00e+00 0.0 0.0e+00 0.0e+00 0.0e+00  0  0  0  0  0   0  0  0  0  0     0
SFReduceBegin          8 1.0 3.0398e-04 1.6 0.00e+00 0.0 1.8e+03 3.5e+03 0.0e+00  0  0  0  0  0   0  0 11  5  0     0
SFReduceEnd            8 1.0 1.9223e-0215.9 0.00e+00 0.0 0.0e+00 0.0e+00 0.0e+00  0  0  0  0  0   0  0  0  0  0     0
VecMDot               32 1.0 1.4664e-01 1.5 5.38e+07 1.0 0.0e+00 0.0e+00 3.2e+01  0  0  0  0  0   3  2  0  0 32 14587
VecTDot               16 1.0 3.2294e-03 1.3 1.26e+06 1.0 0.0e+00 0.0e+00 1.6e+01  0  0  0  0  0   0  0  0  0 16 15585
VecNorm               44 1.0 1.2851e-01 9.3 7.51e+06 1.0 0.0e+00 0.0e+00 4.4e+01  0  0  0  0  1   1  0  0  0 44  2325
VecScale              34 1.0 4.1440e-03 1.2 3.36e+06 1.0 0.0e+00 0.0e+00 0.0e+00  0  0  0  0  0   0  0  0  0  0 32262
VecCopy               22 1.0 7.2501e-03 1.2 0.00e+00 0.0 0.0e+00 0.0e+00 0.0e+00  0  0  0  0  0   0  0  0  0  0     0
VecSet                50 1.0 1.2464e-02 1.5 0.00e+00 0.0 0.0e+00 0.0e+00 0.0e+00  0  0  0  0  0   0  0  0  0  0     0
VecAXPY               22 1.0 5.8126e-03 1.1 2.21e+06 1.0 0.0e+00 0.0e+00 0.0e+00  0  0  0  0  0   0  0  0  0  0 15153
VecAYPX                6 1.0 8.0013e-04 1.0 4.72e+05 1.0 0.0e+00 0.0e+00 0.0e+00  0  0  0  0  0   0  0  0  0  0 23589
VecMAXPY              34 1.0 1.4023e-01 1.1 6.02e+07 1.0 0.0e+00 0.0e+00 0.0e+00  0  0  0  0  0   3  2  0  0  0 17048
VecScatterBegin       40 1.0 2.5766e-03 1.9 0.00e+00 0.0 9.1e+03 6.0e+03 0.0e+00  0  0  0  1  0   0  0 56 46  0     0
VecScatterEnd         40 1.0 5.4072e-0213.4 0.00e+00 0.0 0.0e+00 0.0e+00 0.0e+00  0  0  0  0  0   0  0  0  0  0     0
VecNormalize          34 1.0 1.2762e-01 8.4 1.01e+07 1.0 0.0e+00 0.0e+00 3.4e+01  0  0  0  0  1   1  0  0  0 34  3143
MatMult               40 1.0 7.7428e-01 1.1 3.20e+08 1.0 9.1e+03 6.0e+03 0.0e+00  0  0  0  1  0  16 11 56 46  0 16397
MatSolve              44 1.0 8.2730e-01 1.0 3.37e+08 1.0 0.0e+00 0.0e+00 0.0e+00  0  0  0  0  0  17 12  0  0  0 16168
MatLUFactorNum         4 1.0 4.1268e-01 1.4 2.51e+08 1.6 0.0e+00 0.0e+00 0.0e+00  0  0  0  0  0   8  7  0  0  0 20445
MatILUFactorSym        4 1.0 1.6542e-01 1.1 0.00e+00 0.0 0.0e+00 0.0e+00 0.0e+00  0  0  0  0  0   3  0  0  0  0     0
MatAssemblyBegin       8 1.0 1.1018e-01 3.0 0.00e+00 0.0 1.0e+03 4.7e+04 0.0e+00  0  0  0  1  0   2  0  6 40  0     0
MatAssemblyEnd         8 1.0 6.6129e-02 1.2 0.00e+00 0.0 0.0e+00 0.0e+00 0.0e+00  0  0  0  0  0   1  0  0  0  0     0
MatGetRowIJ            4 1.0 5.2452e-06 0.0 0.00e+00 0.0 0.0e+00 0.0e+00 0.0e+00  0  0  0  0  0   0  0  0  0  0     0
MatGetOrdering         4 1.0 7.2670e-03 1.1 0.00e+00 0.0 0.0e+00 0.0e+00 0.0e+00  0  0  0  0  0   0  0  0  0  0     0
MatZeroEntries         4 1.0 5.4656e-02 2.0 0.00e+00 0.0 0.0e+00 0.0e+00 0.0e+00  0  0  0  0  0   1  0  0  0  0     0
PCSetUp                8 1.0 5.7949e-01 1.3 2.51e+08 1.6 0.0e+00 0.0e+00 0.0e+00  0  0  0  0  0  11  7  0  0  0 14560
PCSetUpOnBlocks        4 1.0 5.7906e-01 1.3 2.51e+08 1.6 0.0e+00 0.0e+00 0.0e+00  0  0  0  0  0  11  7  0  0  0 14571
PCApply               44 1.0 8.3898e-01 1.0 3.37e+08 1.0 0.0e+00 0.0e+00 0.0e+00  0  0  0  0  0  17 12  0  0  0 15943
KSPSetUp               8 1.0 6.1092e-03 1.3 0.00e+00 0.0 0.0e+00 0.0e+00 0.0e+00  0  0  0  0  0   0  0  0  0  0     0
KSPSolve               4 1.0 2.4531e+00 1.0 1.03e+09 1.1 9.1e+03 6.0e+03 9.2e+01  1  1  0  1  1  52 34 56 46 92 16146
KSPGMRESOrthog        32 1.0 2.6900e-01 1.2 1.08e+08 1.0 0.0e+00 0.0e+00 3.2e+01  0  0  0  0  0   5  4  0  0 32 15904
SNESSolve              4 1.0 4.6708e+00 1.0 2.94e+09 1.0 1.6e+04 7.4e+03 9.6e+01  2  2  0  2  1 100100100100 96 24758
SNESFunctionEval       4 1.0 3.6302e-01 1.0 6.48e+08 1.0 6.2e+03 2.8e+03 4.0e+00  0  0  0  0  0   8 22 38 14  4 71071
SNESJacobianEval       4 1.0 1.8599e+00 1.0 1.26e+09 1.0 1.0e+03 4.7e+04 0.0e+00  1  1  0  1  0  40 43  6 40  0 26997
ParLoopExecute        20 1.0 2.0094e+00 1.1 1.91e+09 1.0 6.2e+03 2.8e+03 4.0e+00  1  1  0  0  0  39 66 38 14  4 37828
ParLoopCells          16 1.0 5.7668e-01 1.1 8.05e+08 1.0 0.0e+00 0.0e+00 0.0e+00  0  0  0  0  0  12 28  0  0  0 55840
ParLoopRednBegin      20 1.0 4.4990e-04 1.2 0.00e+00 0.0 0.0e+00 0.0e+00 0.0e+00  0  0  0  0  0   0  0  0  0  0     0
ParLoopRednEnd        20 1.0 1.1396e-04 1.3 0.00e+00 0.0 0.0e+00 0.0e+00 0.0e+00  0  0  0  0  0   0  0  0  0  0     0
ParLoopset_6           2 1.0 6.7115e-04 1.3 0.00e+00 0.0 0.0e+00 0.0e+00 0.0e+00  0  0  0  0  0   0  0  0  0  0     0
ParLoopset_7           2 1.0 2.9278e-04 1.3 0.00e+00 0.0 0.0e+00 0.0e+00 0.0e+00  0  0  0  0  0   0  0  0  0  0     0
ParLoopIntFacets      16 1.0 1.2307e+00 1.0 1.11e+09 1.0 0.0e+00 0.0e+00 0.0e+00  0  1  0  0  0  26 38  0  0  0 35596
ParLoopset_16          2 1.0 4.0698e-04 1.7 0.00e+00 0.0 0.0e+00 0.0e+00 0.0e+00  0  0  0  0  0   0  0  0  0  0     0
ParLoopset_17          2 1.0 1.5497e-04 1.5 0.00e+00 0.0 0.0e+00 0.0e+00 0.0e+00  0  0  0  0  0   0  0  0  0  0     0

--- Event Stage 2: Warm up: Linear solve

BuildTwoSided         24 1.0 4.6494e-03 1.8 0.00e+00 0.0 2.4e+03 4.0e+00 0.0e+00  0  0  0  0  0   0  0  1  0  0     0
BuildTwoSidedF       118 1.0 1.4231e-01 2.1 0.00e+00 0.0 1.2e+04 7.4e+03 0.0e+00  0  0  0  1  0   0  0  6 35  0     0
SFSetGraph            28 1.0 1.2593e-03 1.1 0.00e+00 0.0 0.0e+00 0.0e+00 0.0e+00  0  0  0  0  0   0  0  0  0  0     0
SFSetUp               24 1.0 6.7248e-03 1.4 0.00e+00 0.0 7.3e+03 6.0e+02 0.0e+00  0  0  0  0  0   0  0  4  2  0     0
SFBcastBegin          82 1.0 3.8452e-03 2.1 0.00e+00 0.0 1.8e+04 1.7e+03 0.0e+00  0  0  0  0  0   0  0  9 12  0     0
SFBcastEnd            82 1.0 2.9044e-02 6.7 0.00e+00 0.0 0.0e+00 0.0e+00 0.0e+00  0  0  0  0  0   0  0  0  0  0     0
SFReduceBegin         26 1.0 1.1032e-03 1.5 0.00e+00 0.0 5.6e+03 3.0e+03 0.0e+00  0  0  0  0  0   0  0  3  7  0     0
SFReduceEnd           26 1.0 4.0156e-02 4.8 0.00e+00 0.0 0.0e+00 0.0e+00 0.0e+00  0  0  0  0  0   0  0  0  0  0     0
VecMDot              112 1.0 4.6188e-02 1.3 1.89e+07 1.0 0.0e+00 0.0e+00 1.1e+02  0  0  0  0  2   0  1  0  0  8 16186
VecNorm              124 1.0 8.5366e-03 1.9 4.45e+06 1.0 0.0e+00 0.0e+00 1.2e+02  0  0  0  0  2   0  0  0  0  9 20611
VecScale             124 1.0 2.0716e-03 1.1 2.23e+06 1.0 0.0e+00 0.0e+00 0.0e+00  0  0  0  0  0   0  0  0  0  0 42466
VecCopy               94 1.0 1.8147e-02 1.1 0.00e+00 0.0 0.0e+00 0.0e+00 0.0e+00  0  0  0  0  0   0  0  0  0  0     0
VecSet               670 1.0 1.7991e-02 1.3 0.00e+00 0.0 0.0e+00 0.0e+00 0.0e+00  0  0  0  0  0   0  0  0  0  0     0
VecAXPY              294 1.0 2.2888e-02 1.1 8.12e+06 1.0 0.0e+00 0.0e+00 0.0e+00  0  0  0  0  0   0  0  0  0  0 14032
VecAYPX              280 1.0 1.9279e-02 1.3 3.54e+06 1.0 0.0e+00 0.0e+00 0.0e+00  0  0  0  0  0   0  0  0  0  0  7255
VecMAXPY             124 1.0 4.5755e-02 1.1 2.29e+07 1.0 0.0e+00 0.0e+00 0.0e+00  0  0  0  0  0   0  1  0  0  0 19761
VecAssemblyBegin      32 1.0 7.1781e-03 6.3 0.00e+00 0.0 0.0e+00 0.0e+00 0.0e+00  0  0  0  0  0   0  0  0  0  0     0
VecAssemblyEnd        32 1.0 6.6757e-05 1.3 0.00e+00 0.0 0.0e+00 0.0e+00 0.0e+00  0  0  0  0  0   0  0  0  0  0     0
VecPointwiseMult     110 1.0 1.1801e-02 1.1 1.39e+06 1.0 0.0e+00 0.0e+00 0.0e+00  0  0  0  0  0   0  0  0  0  0  4656
VecScatterBegin      604 1.0 2.0433e-02 1.3 0.00e+00 0.0 1.1e+05 7.8e+02 0.0e+00  0  0  2  1  0   0  0 55 33  0     0
VecScatterEnd        604 1.0 4.2868e-02 3.0 0.00e+00 0.0 0.0e+00 0.0e+00 0.0e+00  0  0  0  0  0   0  0  0  0  0     0
VecSetRandom          10 1.0 8.3945e-03 1.0 0.00e+00 0.0 0.0e+00 0.0e+00 0.0e+00  0  0  0  0  0   0  0  0  0  0     0
VecNormalize         124 1.0 1.0695e-02 1.5 6.68e+06 1.0 0.0e+00 0.0e+00 1.2e+02  0  0  0  0  2   0  0  0  0  9 24677
MatMult              392 1.0 4.6291e-01 1.1 1.60e+08 1.0 7.8e+04 8.1e+02 0.0e+00  0  0  2  1  0   1  5 40 25  0 13623
MatMultAdd            70 1.0 1.9879e-02 1.1 4.48e+06 1.0 1.1e+04 1.7e+02 0.0e+00  0  0  0  0  0   0  0  5  1  0  8908
MatMultTranspose      70 1.0 2.1327e-02 1.3 4.48e+06 1.0 1.1e+04 1.7e+02 0.0e+00  0  0  0  0  0   0  0  5  1  0  8303
MatSolve             294 1.3 3.3621e-01 1.0 1.01e+08 1.0 0.0e+00 0.0e+00 0.0e+00  0  0  0  0  0   1  3  0  0  0 11885
MatLUFactorSym         2 1.0 2.8133e-05 1.9 0.00e+00 0.0 0.0e+00 0.0e+00 0.0e+00  0  0  0  0  0   0  0  0  0  0     0
MatLUFactorNum        12 1.0 5.2341e-02 1.3 1.45e+07 1.1 0.0e+00 0.0e+00 0.0e+00  0  0  0  0  0   0  0  0  0  0 10726
MatILUFactorSym       10 1.0 3.0838e-02 1.1 0.00e+00 0.0 0.0e+00 0.0e+00 0.0e+00  0  0  0  0  0   0  0  0  0  0     0
MatConvert            10 1.0 3.2487e-02 1.3 0.00e+00 0.0 0.0e+00 0.0e+00 0.0e+00  0  0  0  0  0   0  0  0  0  0     0
MatScale              30 1.0 2.9300e-02 1.0 4.42e+06 1.0 2.0e+03 7.6e+02 0.0e+00  0  0  0  0  0   0  0  1  1  0  5960
MatResidual           70 1.0 8.2249e-02 1.1 2.65e+07 1.0 1.4e+04 7.6e+02 0.0e+00  0  0  0  0  0   0  1  7  4  0 12710
MatAssemblyBegin     226 1.0 1.6016e-01 1.8 0.00e+00 0.0 1.2e+04 7.4e+03 0.0e+00  0  0  0  1  0   0  0  6 35  0     0
MatAssemblyEnd       226 1.0 2.5208e-01 1.1 0.00e+00 0.0 2.2e+04 1.6e+02 5.0e+02  0  0  1  0  7   1  0 11  1 36     0
MatGetRowIJ           12 1.5 1.4782e-0515.5 0.00e+00 0.0 0.0e+00 0.0e+00 0.0e+00  0  0  0  0  0   0  0  0  0  0     0
MatCreateSubMat        8 1.0 4.7302e-03 1.0 0.00e+00 0.0 6.6e+02 1.6e+02 1.3e+02  0  0  0  0  2   0  0  0  0  9     0
MatGetOrdering        12 1.5 3.3047e-03 1.2 0.00e+00 0.0 0.0e+00 0.0e+00 0.0e+00  0  0  0  0  0   0  0  0  0  0     0
MatCoarsen            10 1.0 1.9780e-02 1.0 0.00e+00 0.0 1.3e+04 6.0e+02 3.0e+01  0  0  0  0  0   0  0  7  3  2     0
MatZeroEntries        14 1.0 3.8084e-02 1.2 0.00e+00 0.0 0.0e+00 0.0e+00 0.0e+00  0  0  0  0  0   0  0  0  0  0     0
MatAXPY               10 1.0 3.6301e-02 1.0 0.00e+00 0.0 0.0e+00 0.0e+00 0.0e+00  0  0  0  0  0   0  0  0  0  0     0
MatTranspose          30 1.0 8.0543e-02 1.0 0.00e+00 0.0 1.2e+04 1.3e+03 1.0e+02  0  0  0  0  1   0  0  6  6  7     0
MatMatMult            10 1.0 9.0274e-02 1.0 3.78e+06 1.0 1.2e+04 3.9e+02 1.2e+02  0  0  0  0  2   0  0  6  2  9  1654
MatMatMultSym         10 1.0 6.2395e-02 1.0 0.00e+00 0.0 9.9e+03 3.2e+02 1.2e+02  0  0  0  0  2   0  0  5  1  9     0
MatMatMultNum         10 1.0 2.7658e-02 1.0 3.78e+06 1.0 2.0e+03 7.6e+02 0.0e+00  0  0  0  0  0   0  0  1  1  0  5400
MatPtAP               10 1.0 2.2749e-01 1.2 1.43e+07 1.0 2.1e+04 7.7e+02 1.5e+02  0  0  0  0  2   0  0 11  6 11  2471
MatPtAPSymbolic       10 1.0 1.4375e-01 1.0 0.00e+00 0.0 1.2e+04 8.5e+02 7.0e+01  0  0  0  0  1   0  0  6  4  5     0
MatPtAPNumeric        10 1.0 5.3592e-02 1.0 1.43e+07 1.0 9.0e+03 6.6e+02 8.0e+01  0  0  0  0  1   0  0  5  2  6 10489
MatTrnMatMult          2 1.0 9.9833e-01 1.0 5.84e+07 1.0 3.0e+03 1.6e+04 3.2e+01  0  0  0  1  0   2  2  2 19  2  2312
MatTrnMatMultSym       2 1.0 5.5906e-01 1.0 0.00e+00 0.0 1.4e+03 7.5e+03 1.6e+01  0  0  0  0  0   1  0  1  4  1     0
MatTrnMatMultNum       2 1.0 4.3982e-01 1.0 5.84e+07 1.0 1.6e+03 2.4e+04 1.6e+01  0  0  0  1  0   1  2  1 15  1  5249
MatGetLocalMat        32 1.0 5.3536e-02 1.2 0.00e+00 0.0 0.0e+00 0.0e+00 0.0e+00  0  0  0  0  0   0  0  0  0  0     0
MatGetBrAoCol         30 1.0 6.5267e-03 1.2 0.00e+00 0.0 1.4e+04 9.2e+02 0.0e+00  0  0  0  0  0   0  0  7  5  0     0
MatTranspose_SeqAIJ_FAST      30 1.0 3.8016e-02 1.1 0.00e+00 0.0 0.0e+00 0.0e+00 0.0e+00  0  0  0  0  0   0  0  0  0  0     0
PCGAMGGraph_AGG       10 1.0 8.1327e-01 1.0 3.78e+06 1.0 2.1e+04 1.5e+03 2.2e+02  0  0  0  0  3   2  0 11 12 16   184
PCGAMGCoarse_AGG      10 1.0 1.0892e+00 1.0 5.84e+07 1.0 1.9e+04 3.6e+03 7.0e+01  0  0  0  1  1   2  2 10 26  5  2120
PCGAMGProl_AGG        10 1.0 6.4842e-02 1.0 0.00e+00 0.0 7.7e+03 8.0e+02 1.6e+02  0  0  0  0  2   0  0  4  2 12     0
PCGAMGPOpt_AGG        10 1.0 3.5604e-01 1.0 7.71e+07 1.0 3.2e+04 6.2e+02 4.1e+02  0  0  1  0  6   1  2 16  8 30  8557
GAMG: createProl      10 1.0 2.3634e+00 1.0 1.39e+08 1.0 7.9e+04 1.6e+03 8.6e+02  1  0  2  2 13   5  4 41 48 63  2329
  Graph               20 1.0 8.1251e-01 1.0 3.78e+06 1.0 2.1e+04 1.5e+03 2.2e+02  0  0  0  0  3   2  0 11 12 16   184
  MIS/Agg             10 1.0 1.9917e-02 1.0 0.00e+00 0.0 1.3e+04 6.0e+02 3.0e+01  0  0  0  0  0   0  0  7  3  2     0
  SA: col data        10 1.0 2.1016e-02 1.0 0.00e+00 0.0 4.0e+03 1.3e+03 4.0e+01  0  0  0  0  1   0  0  2  2  3     0
  SA: frmProl0        10 1.0 3.7999e-02 1.0 0.00e+00 0.0 3.8e+03 2.4e+02 8.0e+01  0  0  0  0  1   0  0  2  0  6     0
  SA: smooth          10 1.0 1.4111e-01 1.0 4.42e+06 1.0 1.2e+04 3.9e+02 1.4e+02  0  0  0  0  2   0  0  6  2 10  1238
GAMG: partLevel       10 1.0 2.3459e-01 1.1 1.43e+07 1.0 2.2e+04 7.4e+02 3.6e+02  0  0  0  0  5   0  0 11  6 26  2396
  repartition          6 1.0 3.9172e-04 1.0 0.00e+00 0.0 0.0e+00 0.0e+00 2.4e+01  0  0  0  0  0   0  0  0  0  2     0
  Invert-Sort          4 1.0 7.3099e-04 1.5 0.00e+00 0.0 0.0e+00 0.0e+00 1.6e+01  0  0  0  0  0   0  0  0  0  1     0
  Move A               4 1.0 2.8811e-03 1.0 0.00e+00 0.0 4.1e+02 2.4e+02 6.8e+01  0  0  0  0  1   0  0  0  0  5     0
  Move P               4 1.0 2.4490e-03 1.0 0.00e+00 0.0 2.5e+02 2.1e+01 6.8e+01  0  0  0  0  1   0  0  0  0  5     0
PCSetUp               16 1.0 2.1679e+01 1.0 9.49e+08 1.0 1.1e+05 1.6e+03 1.3e+03  9  1  2  2 20  46 30 54 65 96  1747
PCSetUpOnBlocks      154 1.0 8.6064e-02 1.2 1.45e+07 1.1 0.0e+00 0.0e+00 0.0e+00  0  0  0  0  0   0  0  0  0  0  6523
PCApply                2 1.0 2.8048e+01 1.0 2.18e+09 1.0 1.9e+05 1.2e+03 1.3e+03 11  1  4  3 20  59 68 96 86 97  3106
KSPSetUp              38 1.0 1.0199e-02 1.2 0.00e+00 0.0 0.0e+00 0.0e+00 2.4e+01  0  0  0  0  0   0  0  0  0  2     0
KSPSolve               2 1.0 4.7067e+01 1.0 2.96e+09 1.0 1.9e+05 1.3e+03 1.4e+03 19  2  4  3 20 100 93 99 96100  2515
KSPGMRESOrthog       112 1.0 8.3013e-02 1.2 3.78e+07 1.0 0.0e+00 0.0e+00 1.1e+02  0  0  0  0  2   0  1  0  0  8 18012
SNESSolve              2 1.0 4.7229e+01 1.0 3.19e+09 1.0 1.9e+05 1.3e+03 1.4e+03 19  2  4  3 20 100100100100100  2701
SNESFunctionEval       2 1.0 1.6091e-01 1.0 2.30e+08 1.0 2.7e+03 3.5e+03 0.0e+00  0  0  0  0  0   0  7  1  4  0 57177
SNESJacobianEval       2 1.0 3.5341e-03 1.8 0.00e+00 0.0 0.0e+00 0.0e+00 0.0e+00  0  0  0  0  0   0  0  0  0  0     0
CreateFunctionSpace      44 1.0 4.2878e-02 1.1 0.00e+00 0.0 0.0e+00 0.0e+00 0.0e+00  0  0  0  0  0   0  0  0  0  0     0
ParLoopExecute        36 1.0 3.3002e+01 1.0 2.77e+09 1.0 1.0e+04 3.8e+03 8.0e+00 13  2  0  1  0  70 87  5 15  1  3355
ParLoopCells          36 1.0 1.6254e+00 1.0 2.77e+09 1.0 0.0e+00 0.0e+00 0.0e+00  1  2  0  0  0   3 87  0  0  0 68129
ParLoopRednBegin      36 1.0 6.6400e-04 1.2 0.00e+00 0.0 0.0e+00 0.0e+00 0.0e+00  0  0  0  0  0   0  0  0  0  0     0
ParLoopRednEnd        36 1.0 1.9717e-04 1.3 0.00e+00 0.0 0.0e+00 0.0e+00 0.0e+00  0  0  0  0  0   0  0  0  0  0     0
CreateSparsity         2 1.0 4.2982e-01 1.0 0.00e+00 0.0 1.3e+03 6.2e+03 1.2e+01  0  0  0  0  0   1  0  1  3  1     0
MatZeroInitial         2 1.0 1.1323e-01 1.1 0.00e+00 0.0 0.0e+00 0.0e+00 0.0e+00  0  0  0  0  0   0  0  0  0  0     0
ParLoopset_6           4 1.0 6.2990e-04 2.2 0.00e+00 0.0 0.0e+00 0.0e+00 0.0e+00  0  0  0  0  0   0  0  0  0  0     0
ParLoopset_7           8 1.0 8.8549e-04 1.2 0.00e+00 0.0 0.0e+00 0.0e+00 0.0e+00  0  0  0  0  0   0  0  0  0  0     0
HybridInit             2 1.0 1.9020e+01 1.0 7.81e+08 1.0 4.4e+03 5.8e+03 4.4e+01  8  0  0  0  1  40 24  2 10  3  1642
SCForwardElim          2 1.0 8.2183e+00 1.0 7.24e+08 1.0 4.3e+03 3.6e+03 1.2e+01  3  0  0  0  0  17 23  2  6  1  3526
HybridBreak            2 1.0 5.4046e-01 1.0 0.00e+00 0.0 3.0e+03 3.5e+03 1.2e+01  0  0  0  0  0   1  0  2  4  1     0
ParLoopset_9           4 1.0 1.9450e-03 1.5 0.00e+00 0.0 0.0e+00 0.0e+00 0.0e+00  0  0  0  0  0   0  0  0  0  0     0
HybridRHS              2 1.0 7.6781e+00 1.0 7.24e+08 1.0 1.4e+03 3.9e+03 0.0e+00  3  0  0  0  0  16 23  1  2  0  3774
ParLoopset_8           2 1.0 4.4394e-04 1.2 0.00e+00 0.0 0.0e+00 0.0e+00 0.0e+00  0  0  0  0  0   0  0  0  0  0     0
SCSolve                2 1.0 3.4773e+00 1.0 4.26e+08 1.0 1.8e+05 1.1e+03 1.3e+03  1  0  4  3 20   7 13 93 75 95  4838
SCBackSub              2 1.0 1.6365e+01 1.0 1.03e+09 1.0 2.7e+03 4.2e+03 4.0e+00  7  1  0  0  0  35 32  1  5  0  2525
HybridProject          2 1.0 2.2897e-02 1.3 0.00e+00 0.0 9.1e+02 5.9e+03 0.0e+00  0  0  0  0  0   0  0  0  2  0     0
ParLoopset_16          4 1.0 8.3137e-04 3.0 0.00e+00 0.0 0.0e+00 0.0e+00 0.0e+00  0  0  0  0  0   0  0  0  0  0     0
ParLoopset_17          8 1.0 7.4840e-04 1.2 0.00e+00 0.0 0.0e+00 0.0e+00 0.0e+00  0  0  0  0  0   0  0  0  0  0     0
ParLoopset_19          4 1.0 1.1091e-03 1.3 0.00e+00 0.0 0.0e+00 0.0e+00 0.0e+00  0  0  0  0  0   0  0  0  0  0     0
ParLoopset_18          2 1.0 2.3890e-04 1.1 0.00e+00 0.0 0.0e+00 0.0e+00 0.0e+00  0  0  0  0  0   0  0  0  0  0     0

--- Event Stage 3: Warm up

BuildTwoSided          2 1.0 1.0271e-03 5.1 0.00e+00 0.0 2.3e+02 4.0e+00 0.0e+00  0  0  0  0  0   0  0  3  0  0     0
BuildTwoSidedF         4 1.0 6.1403e-02 9.5 0.00e+00 0.0 5.1e+02 2.6e+04 0.0e+00  0  0  0  0  0   2  0  7 43  0     0
SFSetGraph             4 1.0 3.2282e-04 1.2 0.00e+00 0.0 0.0e+00 0.0e+00 0.0e+00  0  0  0  0  0   0  0  0  0  0     0
SFSetUp                2 1.0 1.2701e-03 2.4 0.00e+00 0.0 6.8e+02 9.8e+02 0.0e+00  0  0  0  0  0   0  0 10  2  0     0
SFBcastBegin           4 1.0 2.0194e-04 1.7 0.00e+00 0.0 9.1e+02 2.0e+03 0.0e+00  0  0  0  0  0   0  0 13  6  0     0
SFBcastEnd             4 1.0 1.6749e-0313.1 0.00e+00 0.0 0.0e+00 0.0e+00 0.0e+00  0  0  0  0  0   0  0  0  0  0     0
SFReduceBegin          1 1.0 3.8862e-05 1.7 0.00e+00 0.0 2.3e+02 5.3e+03 0.0e+00  0  0  0  0  0   0  0  3  4  0     0
SFReduceEnd            1 1.0 6.9213e-0414.4 0.00e+00 0.0 0.0e+00 0.0e+00 0.0e+00  0  0  0  0  0   0  0  0  0  0     0
VecTDot               38 1.0 2.1764e-02 1.2 7.52e+06 1.0 0.0e+00 0.0e+00 3.8e+01  0  0  0  0  1   1  3  0  0 46 13731
VecNorm               20 1.0 2.2788e-02 6.0 3.96e+06 1.0 0.0e+00 0.0e+00 2.0e+01  0  0  0  0  0   1  2  0  0 24  6902
VecCopy                6 1.0 3.2589e-03 1.3 0.00e+00 0.0 0.0e+00 0.0e+00 0.0e+00  0  0  0  0  0   0  0  0  0  0     0
VecSet                22 1.0 5.4255e-03 1.3 0.00e+00 0.0 0.0e+00 0.0e+00 0.0e+00  0  0  0  0  0   0  0  0  0  0     0
VecAXPY               39 1.0 2.7963e-02 1.1 7.72e+06 1.0 0.0e+00 0.0e+00 0.0e+00  0  0  0  0  0   2  3  0  0  0 10968
VecAYPX               18 1.0 9.4333e-03 1.1 3.56e+06 1.0 0.0e+00 0.0e+00 0.0e+00  0  0  0  0  0   1  1  0  0  0 15006
VecScatterBegin       19 1.0 1.2529e-03 2.1 0.00e+00 0.0 4.3e+03 3.1e+03 0.0e+00  0  0  0  0  0   0  0 61 43  0     0
VecScatterEnd         19 1.0 3.7720e-03 4.6 0.00e+00 0.0 0.0e+00 0.0e+00 0.0e+00  0  0  0  0  0   0  0  0  0  0     0
MatMult               19 1.0 1.7283e-01 1.0 6.36e+07 1.0 4.3e+03 3.1e+03 0.0e+00  0  0  0  0  0  12 25 61 43  0 14611
MatSolve              20 1.0 2.1315e-01 1.0 6.65e+07 1.0 0.0e+00 0.0e+00 0.0e+00  0  0  0  0  0  15 27  0  0  0 12393
MatLUFactorNum         1 1.0 5.1423e-02 1.2 1.60e+07 1.0 0.0e+00 0.0e+00 0.0e+00  0  0  0  0  0   3  6  0  0  0 12221
MatILUFactorSym        1 1.0 2.9408e-02 1.6 0.00e+00 0.0 0.0e+00 0.0e+00 0.0e+00  0  0  0  0  0   2  0  0  0  0     0
MatAssemblyBegin       4 1.0 6.2716e-02 7.7 0.00e+00 0.0 5.1e+02 2.6e+04 0.0e+00  0  0  0  0  0   2  0  7 43  0     0
MatAssemblyEnd         4 1.0 3.0854e-02 1.3 0.00e+00 0.0 4.6e+02 7.7e+02 8.0e+00  0  0  0  0  0   2  0  6  1 10     0
MatGetRowIJ            1 1.0 1.9073e-06 0.0 0.00e+00 0.0 0.0e+00 0.0e+00 0.0e+00  0  0  0  0  0   0  0  0  0  0     0
MatGetOrdering         1 1.0 2.9709e-03 1.5 0.00e+00 0.0 0.0e+00 0.0e+00 0.0e+00  0  0  0  0  0   0  0  0  0  0     0
MatZeroEntries         1 1.0 7.6070e-03 1.1 0.00e+00 0.0 0.0e+00 0.0e+00 0.0e+00  0  0  0  0  0   1  0  0  0  0     0
PCSetUp                2 1.0 8.1529e-02 1.2 1.60e+07 1.0 0.0e+00 0.0e+00 0.0e+00  0  0  0  0  0   5  6  0  0  0  7708
PCSetUpOnBlocks        1 1.0 8.1407e-02 1.2 1.60e+07 1.0 0.0e+00 0.0e+00 0.0e+00  0  0  0  0  0   5  6  0  0  0  7720
PCApply               20 1.0 2.1785e-01 1.0 6.65e+07 1.0 0.0e+00 0.0e+00 0.0e+00  0  0  0  0  0  15 27  0  0  0 12126
KSPSetUp               2 1.0 1.8871e-03 2.6 0.00e+00 0.0 0.0e+00 0.0e+00 0.0e+00  0  0  0  0  0   0  0  0  0  0     0
KSPSolve               1 1.0 5.3115e-01 1.0 1.69e+08 1.0 4.3e+03 3.1e+03 5.8e+01  0  0  0  0  1  37 67 61 43 71 12599
SNESSolve              1 1.0 6.5962e-01 1.0 2.49e+08 1.0 6.3e+03 3.4e+03 6.4e+01  0  0  0  0  1  46100 89 70 78 15040
SNESFunctionEval       1 1.0 2.4818e-02 1.0 2.00e+07 1.0 1.8e+03 2.0e+03 6.0e+00  0  0  0  0  0   2  8 26 12  7 32153
SNESJacobianEval       1 1.0 1.0353e-01 1.0 6.06e+07 1.0 1.7e+02 2.6e+04 0.0e+00  0  0  0  0  0   7 24  2 14  0 23407
ParLoopExecute        11 1.0 1.0465e-01 1.0 8.14e+07 1.0 1.8e+03 2.0e+03 6.0e+00  0  0  0  0  0   7 33 26 12  7 31110
ParLoopCells           6 1.0 8.8550e-02 1.0 8.14e+07 1.0 0.0e+00 0.0e+00 0.0e+00  0  0  0  0  0   6 33  0  0  0 36751
ParLoopRednBegin      11 1.0 2.0123e-04 1.4 0.00e+00 0.0 0.0e+00 0.0e+00 0.0e+00  0  0  0  0  0   0  0  0  0  0     0
ParLoopRednEnd        11 1.0 5.2691e-05 1.5 0.00e+00 0.0 0.0e+00 0.0e+00 0.0e+00  0  0  0  0  0   0  0  0  0  0     0
CreateSparsity         1 1.0 4.5141e-01 1.0 0.00e+00 0.0 1.7e+02 2.6e+04 4.0e+00  0  0  0  0  0  31  0  2 14  5     0
MatZeroInitial         1 1.0 1.1231e-01 1.2 0.00e+00 0.0 0.0e+00 0.0e+00 0.0e+00  0  0  0  0  0   7  0  0  0  0     0
ParLoopset_16          8 1.0 1.4820e-03 1.3 0.00e+00 0.0 0.0e+00 0.0e+00 0.0e+00  0  0  0  0  0   0  0  0  0  0     0
ParLoopset_17          8 1.0 6.9571e-04 1.5 3.93e+04 1.0 0.0e+00 0.0e+00 0.0e+00  0  0  0  0  0   0  0  0  0  0  2261

--- Event Stage 4: DU Residuals

SFBcastBegin         360 1.0 3.1777e-02 2.1 0.00e+00 0.0 8.2e+04 3.5e+03 0.0e+00  0  0  2  4  0   0  0 16 11  0     0
SFBcastEnd           360 1.0 4.3271e-0121.6 0.00e+00 0.0 0.0e+00 0.0e+00 0.0e+00  0  0  0  0  0   0  0  0  0  0     0
SFReduceBegin        320 1.0 1.2843e-02 1.8 0.00e+00 0.0 7.3e+04 3.5e+03 0.0e+00  0  0  2  3  0   0  0 14  9  0     0
SFReduceEnd          320 1.0 6.5148e-01 2.8 0.00e+00 0.0 0.0e+00 0.0e+00 0.0e+00  0  0  0  0  0   0  0  0  0  0     0
VecMDot             1270 1.0 6.3125e+00 1.2 2.12e+09 1.0 0.0e+00 0.0e+00 1.3e+03  2  1  0  0 19   7  4  0  0 36 13357
VecTDot              576 1.0 1.7608e-01 1.2 4.53e+07 1.0 0.0e+00 0.0e+00 5.8e+02  0  0  0  0  9   0  0  0  0 16 10291
VecNorm             1718 1.0 2.0178e+00 1.4 2.96e+08 1.0 0.0e+00 0.0e+00 1.7e+03  1  0  0  0 26   2  1  0  0 48  5835
VecScale            1350 1.0 1.5829e-01 1.2 1.34e+08 1.0 0.0e+00 0.0e+00 0.0e+00  0  0  0  0  0   0  0  0  0  0 33535
VecCopy              720 1.0 2.8137e-01 1.3 0.00e+00 0.0 0.0e+00 0.0e+00 0.0e+00  0  0  0  0  0   0  0  0  0  0     0
VecSet              1958 1.0 5.8935e-01 1.8 0.00e+00 0.0 0.0e+00 0.0e+00 0.0e+00  0  0  0  0  0   1  0  0  0  0     0
VecAXPY              816 1.0 2.1992e-01 1.1 8.33e+07 1.0 0.0e+00 0.0e+00 0.0e+00  0  0  0  0  0   0  0  0  0  0 15105
VecAYPX              208 1.0 2.8209e-02 1.1 1.64e+07 1.0 0.0e+00 0.0e+00 0.0e+00  0  0  0  0  0   0  0  0  0  0 23195
VecMAXPY            1350 1.0 5.5525e+00 1.1 2.37e+09 1.0 0.0e+00 0.0e+00 0.0e+00  2  1  0  0  0   6  4  0  0  0 16984
VecScatterBegin     1558 1.0 9.3682e-02 1.9 0.00e+00 0.0 3.6e+05 6.1e+03 0.0e+00  0  0  8 29  0   0  0 70 80  0     0
VecScatterEnd       1558 1.0 1.0706e+00 2.6 0.00e+00 0.0 0.0e+00 0.0e+00 0.0e+00  0  0  0  0  0   1  0  0  0  0     0
VecNormalize        1350 1.0 1.9191e+00 1.3 4.01e+08 1.0 0.0e+00 0.0e+00 1.4e+03  1  0  0  0 20   2  1  0  0 38  8298
MatMult             1558 1.0 2.9664e+01 1.0 1.27e+10 1.0 3.6e+05 6.1e+03 0.0e+00 12  8  8 29  0  34 22 70 80  0 16950
MatSolve            1718 1.0 3.3325e+01 1.0 1.33e+10 1.0 0.0e+00 0.0e+00 0.0e+00 13  8  0  0  0  38 23  0  0  0 15906
PCSetUpOnBlocks      160 1.0 5.3310e-04 2.7 0.00e+00 0.0 0.0e+00 0.0e+00 0.0e+00  0  0  0  0  0   0  0  0  0  0     0
PCApply             1718 1.0 3.3891e+01 1.0 1.33e+10 1.0 0.0e+00 0.0e+00 0.0e+00 13  8  0  0  0  38 23  0  0  0 15640
KSPSetUp             160 1.0 1.6809e-04 2.5 0.00e+00 0.0 0.0e+00 0.0e+00 0.0e+00  0  0  0  0  0   0  0  0  0  0     0
KSPSolve             160 1.0 7.6439e+01 1.0 3.10e+10 1.0 3.6e+05 6.1e+03 3.6e+03 30 19  8 29 53  88 54 70 80100 16137
KSPGMRESOrthog      1270 1.0 1.1011e+01 1.1 4.24e+09 1.0 0.0e+00 0.0e+00 1.3e+03  4  3  0  0 19  12  7  0  0 36 15314
SNESSolve            160 1.0 8.6545e+01 1.0 5.70e+10 1.0 5.1e+05 5.3e+03 3.6e+03 34 35 12 36 53 100100100100100 26187
SNESFunctionEval     160 1.0 1.0324e+01 1.0 2.59e+10 1.0 1.6e+05 3.5e+03 0.0e+00  4 16  4  7  0  12 46 30 20  0 99959
SNESJacobianEval     160 1.0 1.0492e-02 2.3 0.00e+00 0.0 0.0e+00 0.0e+00 0.0e+00  0  0  0  0  0   0  0  0  0  0     0
ParLoopExecute       480 1.0 1.0237e+01 1.0 2.59e+10 1.0 1.6e+05 3.5e+03 0.0e+00  4 16  4  7  0  12 46 30 20  0 100815
ParLoopCells         320 1.0 4.9256e+00 1.0 1.38e+10 1.0 0.0e+00 0.0e+00 0.0e+00  2  8  0  0  0   6 24  0  0  0 112190
ParLoopRednBegin     480 1.0 1.9047e-03 1.3 0.00e+00 0.0 0.0e+00 0.0e+00 0.0e+00  0  0  0  0  0   0  0  0  0  0     0
ParLoopRednEnd       480 1.0 2.5613e-03 1.3 0.00e+00 0.0 0.0e+00 0.0e+00 0.0e+00  0  0  0  0  0   0  0  0  0  0     0
ParLoopIntFacets     320 1.0 4.5982e+00 1.0 1.21e+10 1.0 0.0e+00 0.0e+00 0.0e+00  2  7  0  0  0   5 21  0  0  0 104261
ParLoopset_16        160 1.0 3.3288e-02 1.1 0.00e+00 0.0 0.0e+00 0.0e+00 0.0e+00  0  0  0  0  0   0  0  0  0  0     0
ParLoopset_17        160 1.0 1.3484e-02 1.2 0.00e+00 0.0 0.0e+00 0.0e+00 0.0e+00  0  0  0  0  0   0  0  0  0  0     0

--- Event Stage 5: Linear solve

SFBcastBegin         800 1.0 5.2677e-0117.0 0.00e+00 0.0 1.8e+05 3.9e+03 0.0e+00  0  0  4 10  0   0  0  5 21  0     0
SFBcastEnd           800 1.0 2.7219e+0015.3 0.00e+00 0.0 0.0e+00 0.0e+00 0.0e+00  1  0  0  0  0   2  0  0  0  0     0
SFReduceBegin        560 1.0 2.5373e-02 1.8 0.00e+00 0.0 1.3e+05 4.4e+03 0.0e+00  0  0  3  7  0   0  0  4 17  0     0
SFReduceEnd          560 1.0 2.9380e+00 8.3 0.00e+00 0.0 0.0e+00 0.0e+00 0.0e+00  1  0  0  0  0   2  0  0  0  0     0
VecMDot              480 1.0 8.1465e-01 2.2 2.00e+08 1.0 0.0e+00 0.0e+00 4.8e+02  0  0  0  0  7   1  0  0  0 46  9731
VecNorm              560 1.0 1.4483e-01 1.6 6.68e+07 1.0 0.0e+00 0.0e+00 5.6e+02  0  0  0  0  8   0  0  0  0 54 18244
VecScale             560 1.0 3.0866e-02 1.1 3.34e+07 1.0 0.0e+00 0.0e+00 0.0e+00  0  0  0  0  0   0  0  0  0  0 42805
VecCopy             3280 1.0 5.5927e-01 1.3 0.00e+00 0.0 0.0e+00 0.0e+00 0.0e+00  0  0  0  0  0   1  0  0  0  0     0
VecSet             21520 1.0 6.5560e-01 1.5 0.00e+00 0.0 0.0e+00 0.0e+00 0.0e+00  0  0  0  0  0   1  0  0  0  0     0
VecAXPY            11360 1.0 8.4294e-01 1.1 3.15e+08 1.0 0.0e+00 0.0e+00 0.0e+00  0  0  0  0  0   1  0  0  0  0 14766
VecAYPX            11200 1.0 7.6741e-01 1.4 1.42e+08 1.0 0.0e+00 0.0e+00 0.0e+00  0  0  0  0  0   1  0  0  0  0  7290
VecMAXPY             560 1.0 5.1319e-01 1.1 2.58e+08 1.0 0.0e+00 0.0e+00 0.0e+00  0  0  0  0  0   1  0  0  0  0 19860
VecScatterBegin    18240 1.0 1.3303e+00 2.8 0.00e+00 0.0 3.2e+06 6.5e+02 0.0e+00  0  0 73 28  0   1  0 91 62  0     0
VecScatterEnd      18240 1.0 3.9273e+00 2.1 0.00e+00 0.0 0.0e+00 0.0e+00 0.0e+00  1  0  0  0  0   3  0  0  0  0     0
VecNormalize         560 1.0 1.7623e-01 1.4 1.00e+08 1.0 0.0e+00 0.0e+00 5.6e+02  0  0  0  0  8   0  0  0  0 54 22491
MatMult            11680 1.0 1.5925e+01 1.1 4.92e+09 1.0 2.3e+06 8.3e+02 0.0e+00  6  3 53 26  0  19  5 67 58  0 12214
MatMultAdd          2800 1.0 9.3254e-01 1.3 1.79e+08 1.0 4.2e+05 1.7e+02 0.0e+00  0  0 10  1  0   1  0 12  2  0  7596
MatMultTranspose    2800 1.0 1.4765e+00 1.8 1.79e+08 1.0 4.2e+05 1.7e+02 0.0e+00  0  0 10  1  0   1  0 12  2  0  4797
MatSolve           11760 1.3 1.3243e+01 1.0 4.04e+09 1.0 0.0e+00 0.0e+00 0.0e+00  5  2  0  0  0  16  4  0  0  0 12069
MatResidual         2800 1.0 3.8701e+00 1.3 1.06e+09 1.0 5.6e+05 7.6e+02 0.0e+00  1  1 13  6  0   4  1 16 13  0 10805
PCSetUpOnBlocks     6160 1.0 6.8562e-03 1.3 0.00e+00 0.0 0.0e+00 0.0e+00 0.0e+00  0  0  0  0  0   0  0  0  0  0     0
PCApply               80 1.0 7.5051e+01 1.0 8.06e+10 1.0 3.4e+06 8.8e+02 1.0e+03 30 50 77 40 16  94 90 97 89100 42897
KSPSetUp              80 1.0 8.0347e-05 2.7 0.00e+00 0.0 0.0e+00 0.0e+00 0.0e+00  0  0  0  0  0   0  0  0  0  0     0
KSPSolve              80 1.0 7.5089e+01 1.0 8.06e+10 1.0 3.4e+06 8.8e+02 1.0e+03 30 50 77 40 16  94 90 97 89100 42876
KSPGMRESOrthog       480 1.0 1.1988e+00 1.7 4.01e+08 1.0 0.0e+00 0.0e+00 4.8e+02  0  0  0  0  7   1  0  0  0 46 13226
SNESSolve             80 1.0 7.9694e+01 1.0 8.98e+10 1.0 3.5e+06 9.6e+02 1.0e+03 32 55 80 45 16 100100100100100 45027
SNESFunctionEval      80 1.0 4.6295e+00 1.0 9.20e+09 1.0 1.1e+05 3.5e+03 0.0e+00  2  6  2  5  0   6 10  3 11  0 79492
SNESJacobianEval      80 1.0 5.7003e-03 1.7 0.00e+00 0.0 0.0e+00 0.0e+00 0.0e+00  0  0  0  0  0   0  0  0  0  0     0
ParLoopExecute      1280 1.0 4.5376e+01 1.0 7.95e+10 1.0 3.1e+05 4.1e+03 0.0e+00 18 49  7 17  0  56 89  9 38  0 70076
ParLoopCells        1120 1.0 4.2196e+01 1.0 7.95e+10 1.0 0.0e+00 0.0e+00 0.0e+00 17 49  0  0  0  52 89  0  0  0 75357
ParLoopRednBegin    1280 1.0 1.5354e-02 1.5 0.00e+00 0.0 0.0e+00 0.0e+00 0.0e+00  0  0  0  0  0   0  0  0  0  0     0
ParLoopRednEnd      1280 1.0 6.6173e-03 1.3 0.00e+00 0.0 0.0e+00 0.0e+00 0.0e+00  0  0  0  0  0   0  0  0  0  0     0
SCForwardElim         80 1.0 2.0420e+01 1.1 2.90e+10 1.0 9.1e+04 4.7e+03 0.0e+00  8 18  2  6  0  25 32  3 13  0 56758
HybridBreak           80 1.0 1.3085e+00 2.0 0.00e+00 0.0 3.6e+04 5.9e+03 0.0e+00  0  0  1  3  0   1  0  1  6  0     0
HybridRHS             80 1.0 1.9677e+01 1.1 2.90e+10 1.0 5.5e+04 3.9e+03 0.0e+00  8 18  1  3  0  24 32  2  6  0 58901
SCSolve               80 1.0 3.4616e+01 1.0 1.03e+10 1.0 3.2e+06 6.5e+02 1.0e+03 13  6 73 28 16  42 11 91 62100 11779
SCBackSub             80 1.0 2.1359e+01 1.0 4.13e+10 1.0 1.1e+05 4.2e+03 0.0e+00  8 25  2  6  0  27 46  3 14  0 77378
HybridProject         80 1.0 7.2187e-01 1.5 0.00e+00 0.0 3.6e+04 5.9e+03 0.0e+00  0  0  1  3  0   1  0  1  6  0     0
ParLoopset_16        320 1.0 5.1717e-02 1.5 0.00e+00 0.0 0.0e+00 0.0e+00 0.0e+00  0  0  0  0  0   0  0  0  0  0     0
ParLoopset_17        640 1.0 4.9220e-02 1.2 0.00e+00 0.0 0.0e+00 0.0e+00 0.0e+00  0  0  0  0  0   0  0  0  0  0     0
ParLoopset_19        320 1.0 7.0904e-02 1.5 0.00e+00 0.0 0.0e+00 0.0e+00 0.0e+00  0  0  0  0  0   0  0  0  0  0     0
ParLoopset_18        160 1.0 1.3554e-02 1.4 0.00e+00 0.0 0.0e+00 0.0e+00 0.0e+00  0  0  0  0  0   0  0  0  0  0     0
------------------------------------------------------------------------------------------------------------------------

Memory usage is given in bytes:

Object Type          Creations   Destructions     Memory  Descendants' Mem.
Reports information only for process 0.

--- Event Stage 0: Main Stage

           Container    16             16         9344     0.
              Viewer     1              0            0     0.
           Index Set   724            786     47354928     0.
   IS L to G Mapping    10             12     11096568     0.
             Section   209            218       158704     0.
   Star Forest Graph   200            212       178112     0.
              Vector    75            295    105569584     0.
         Vec Scatter    10             31      2235080     0.
              Matrix    51            192    400123180     0.
      Preconditioner    10             40        41320     0.
       Krylov Solver    10             40       126208     0.
     DMKSP interface     1              6         3984     0.
                SNES     8              8        11232     0.
              DMSNES     6              6         4080     0.
      SNESLineSearch     8              8         8000     0.
    Distributed Mesh    66             70       346816     0.
            DM Label    50             50        31600     0.
    GraphPartitioner    24             24        15072     0.
     Discrete System    66             70        65528     0.

--- Event Stage 1: Warm up: DU Residuals

           Index Set    20              8       737456     0.
   Star Forest Graph     2              0            0     0.
              Vector    72              2      1567360     0.
              Matrix     4              0            0     0.
      Preconditioner     4              0            0     0.
       Krylov Solver     4              0            0     0.
     DMKSP interface     2              0            0     0.

--- Event Stage 2: Warm up: Linear solve

         PetscRandom    20             20        13080     0.
           Index Set   224            174       527816     0.
   IS L to G Mapping     2              0            0     0.
             Section     8              0            0     0.
   Star Forest Graph    32             24        20864     0.
              Vector   530            379     27480896     0.
         Vec Scatter    76             54        73088     0.
              Matrix   338            198    239493952     0.
      Matrix Coarsen    10             10         6440     0.
      Preconditioner    38             12        10304     0.
       Krylov Solver    38             12       307424     0.
     DMKSP interface     2              0            0     0.
    Distributed Mesh     4              0            0     0.
     Discrete System     4              0            0     0.

--- Event Stage 3: Warm up

           Index Set     7              7      1443700     0.
             Section     1              0            0     0.
   Star Forest Graph     2              0            0     0.
              Vector    11              9      3151488     0.
         Vec Scatter     1              1         1352     0.
              Matrix     5              5     46149252     0.
      Preconditioner     2              2         1928     0.
       Krylov Solver     2              2         2856     0.
     DMKSP interface     1              0            0     0.
                SNES     1              1         1404     0.
      SNESLineSearch     1              1         1000     0.

--- Event Stage 4: DU Residuals

              Vector     0              1       783680     0.

--- Event Stage 5: Linear solve

              Vector     0              2        12016     0.
         Vec Scatter     0              1         1352     0.
              Matrix     0              3     24310788     0.
========================================================================================================================
Average time to get PetscTime(): 9.53674e-08
Average time for MPI_Barrier(): 7.43866e-06
Average time for zero size MPI_Send(): 1.26958e-06
#PETSc Option Table entries:
--dt 62.5
--hybridization
--method BDM
--model_degree 2
--profile
--refinements 8
-log_view
#End of PETSc Option Table entries
Compiled without FORTRAN kernels
Compiled with full precision matrices (default)
sizeof(short) 2 sizeof(int) 4 sizeof(long) 8 sizeof(void*) 8 sizeof(PetscScalar) 8 sizeof(PetscInt) 4
Configure options: --prefix=/home/scratch/tg2115/src/firedrake/lib/python3.5/site-packages/petsc PETSC_ARCH=arch-python-linux-x86_64 --with-shared-libraries=1 --with-debugging=0 --with-c2html=0 --with-cc=/usr/bin/mpicc --with-cxx=/usr/bin/mpicxx --with-fc=/usr/bin/mpif90 --download-eigen=/home/scratch/tg2115/src/firedrake/src/eigen-3.3.3.tgz --with-fortran-bindings=0 --download-chaco --download-metis --download-parmetis --download-scalapack --download-hypre --download-mumps --with-zlib --download-netcdf --download-hdf5 --download-pnetcdf --download-exodusii --download-ml
-----------------------------------------
Libraries compiled on 2019-02-19 06:15:49 on mpe2 
Machine characteristics: Linux-4.4.0-130-generic-x86_64-with-Ubuntu-16.04-xenial
Using PETSc directory: /home/scratch/tg2115/src/firedrake/lib/python3.5/site-packages/petsc
Using PETSc arch: 
-----------------------------------------

Using C compiler: /usr/bin/mpicc  -fPIC  -Wall -Wwrite-strings -Wno-strict-aliasing -Wno-unknown-pragmas -fstack-protector -fvisibility=hidden -g -O  
Using Fortran compiler: /usr/bin/mpif90  -fPIC -Wall -ffree-line-length-0 -Wno-unused-dummy-argument -g -O    
-----------------------------------------

Using include paths: -I/home/scratch/tg2115/src/firedrake/lib/python3.5/site-packages/petsc/include -I/home/scratch/tg2115/src/firedrake/lib/python3.5/site-packages/petsc/include/eigen3
-----------------------------------------

Using C linker: /usr/bin/mpicc
Using Fortran linker: /usr/bin/mpif90
Using libraries: -Wl,-rpath,/home/scratch/tg2115/src/firedrake/lib/python3.5/site-packages/petsc/lib -L/home/scratch/tg2115/src/firedrake/lib/python3.5/site-packages/petsc/lib -lpetsc -Wl,-rpath,/home/scratch/tg2115/src/firedrake/lib/python3.5/site-packages/petsc/lib -L/home/scratch/tg2115/src/firedrake/lib/python3.5/site-packages/petsc/lib -Wl,-rpath,/usr/lib/openmpi/lib -L/usr/lib/openmpi/lib -Wl,-rpath,/usr/lib/gcc/x86_64-linux-gnu/5 -L/usr/lib/gcc/x86_64-linux-gnu/5 -Wl,-rpath,/usr/lib/x86_64-linux-gnu -L/usr/lib/x86_64-linux-gnu -Wl,-rpath,/lib/x86_64-linux-gnu -L/lib/x86_64-linux-gnu -lHYPRE -lcmumps -ldmumps -lsmumps -lzmumps -lmumps_common -lpord -lscalapack -lml -llapack -lblas -lexodus -lnetcdf -lpnetcdf -lhdf5hl_fortran -lhdf5_fortran -lhdf5_hl -lhdf5 -lchaco -lparmetis -lmetis -lm -lz -lX11 -lstdc++ -ldl -lmpi_usempif08 -lmpi_usempi_ignore_tkr -lmpi_mpifh -lmpi -lgfortran -lm -lgfortran -lm -lgcc_s -lquadmath -lpthread -lstdc++ -ldl
-----------------------------------------

