
Running cold initialization for the problem set:

method: RT,

model degree: 1,

hybridization: False,



Dt = 28.125,

Courant number (approximate): 0.22135149895683526,

Dx (min): 28.396066451806234 km,

Dx (max): 33.052439495552996 km.

Warm up with one-step.

Warm up done. Profiling run for 100 steps.


Running Williamson 5 test with parameters:

method: RT,

model degree: 1,

refinements: 8,

hybridization: False,

tmax: 2812.5

Simulation complete.

************************************************************************************************************************
***             WIDEN YOUR WINDOW TO 120 CHARACTERS.  Use 'enscript -r -fCourier9' to print this document            ***
************************************************************************************************************************

---------------------------------------------- PETSc Performance Summary: ----------------------------------------------

swe_williamson5.py on a  named mpe2 with 40 processors, by tg2115 Sat May 12 20:08:01 2018
Using Petsc Development GIT revision: v3.4.2-20859-g7bfdb64  GIT Date: 2018-04-03 16:04:52 -0500

                         Max       Max/Min        Avg      Total 
Time (sec):           6.424e+02      1.00000   6.424e+02
Objects:              1.886e+04      1.02411   1.844e+04
Flop:                 2.432e+11      1.01489   2.417e+11  9.667e+12
Flop/sec:            3.786e+08      1.01489   3.762e+08  1.505e+10
MPI Messages:         6.794e+06      1.95489   5.087e+06  2.035e+08
MPI Message Lengths:  1.900e+09      1.48607   3.202e+02  6.515e+10
MPI Reductions:       1.197e+05      1.00000

Flop counting convention: 1 flop = 1 real number operation of type (multiply/divide/add/subtract)
                            e.g., VecAXPY() for real vectors of length N --> 2N flop
                            and VecAXPY() for complex vectors of length N --> 8N flop

Summary of Stages:   ----- Time ------  ----- Flop -----  --- Messages ---  -- Message Lengths --  -- Reductions --
                        Avg     %Total     Avg     %Total   counts   %Total     Avg         %Total   counts   %Total 
 0:      Main Stage: 2.8315e+01   4.4%  1.1483e+12  11.9%  4.550e+05   0.2%  4.263e+00        1.3%  9.650e+02   0.8% 
 1: Warm up: DU Residuals: 5.9270e-01   0.1%  2.4701e+10   0.3%  9.690e+03   0.0%  5.528e-02        0.0%  4.400e+01   0.0% 
 2: Warm up: Linear solve: 3.6928e+00   0.6%  3.6400e+10   0.4%  1.040e+06   0.5%  1.707e+00        0.5%  2.000e+03   1.7% 
 3:         Warm up: 1.8236e-03   0.0%  0.0000e+00   0.0%  0.000e+00   0.0%  0.000e+00        0.0%  0.000e+00   0.0% 
 4:    DU Residuals: 3.3749e+01   5.3%  2.4257e+12  25.1%  1.597e+06   0.8%  9.270e+00        2.9%  8.410e+03   7.0% 
 5:    Linear solve: 5.7603e+02  89.7%  6.0317e+12  62.4%  2.004e+08  98.5%  3.049e+02       95.2%  1.082e+05  90.5% 

------------------------------------------------------------------------------------------------------------------------
See the 'Profiling' chapter of the users' manual for details on interpreting output.
Phase summary info:
   Count: number of times phase was executed
   Time and Flop: Max - maximum over all processors
                   Ratio - ratio of maximum to minimum over all processors
   Mess: number of messages sent
   Avg. len: average message length (bytes)
   Reduct: number of global reductions
   Global: entire computation
   Stage: stages of a computation. Set stages with PetscLogStagePush() and PetscLogStagePop().
      %T - percent time in this phase         %F - percent flop in this phase
      %M - percent messages in this phase     %L - percent message lengths in this phase
      %R - percent reductions in this phase
   Total Mflop/s: 10e-6 * (sum of flop over all processors)/(max time over all processors)
------------------------------------------------------------------------------------------------------------------------
Event                Count      Time (sec)     Flop                             --- Global ---  --- Stage ---   Total
                   Max Ratio  Max     Ratio   Max  Ratio  Mess   Avg len Reduct  %T %F %M %L %R  %T %F %M %L %R Mflop/s
------------------------------------------------------------------------------------------------------------------------

--- Event Stage 0: Main Stage

PetscBarrier          16 1.0 1.9429e+00 1.0 0.00e+00 0.0 0.0e+00 0.0e+00 4.8e+01  0  0  0  0  0   7  0  0  0  5     0
BuildTwoSided         70 1.0 2.4576e+00115.2 0.00e+00 0.0 1.0e+04 4.0e+00 0.0e+00  0  0  0  0  0   8  0  2  0  0     0
BuildTwoSidedF        27 1.0 1.5137e-01 2.9 0.00e+00 0.0 3.8e+03 3.2e+03 0.0e+00  0  0  0  0  0   0  0  1  1  0     0
SFSetGraph            76 1.0 4.5664e-03 1.1 0.00e+00 0.0 0.0e+00 0.0e+00 0.0e+00  0  0  0  0  0   0  0  0  0  0     0
SFSetUp               70 1.0 2.5370e+0023.4 0.00e+00 0.0 3.1e+04 3.9e+03 0.0e+00  0  0  0  0  0   9  0  7 14  0     0
SFBcastBegin         959 1.0 3.1345e-0111.7 0.00e+00 0.0 2.2e+05 2.2e+03 0.0e+00  0  0  0  1  0   0  0 49 55  0     0
SFBcastEnd           959 1.0 6.7369e-01 3.4 0.00e+00 0.0 0.0e+00 0.0e+00 0.0e+00  0  0  0  0  0   2  0  0  0  0     0
SFReduceBegin        809 1.0 1.9287e-02 1.6 0.00e+00 0.0 1.8e+05 1.0e+03 0.0e+00  0  0  0  0  0   0  0 40 22  0     0
SFReduceEnd          809 1.0 5.1093e-01 5.6 0.00e+00 0.0 0.0e+00 0.0e+00 0.0e+00  0  0  0  0  0   1  0  0  0  0     0
SFFetchOpBegin         2 1.0 4.6968e-05 5.2 0.00e+00 0.0 2.3e+02 5.4e+02 0.0e+00  0  0  0  0  0   0  0  0  0  0     0
SFFetchOpEnd           2 1.0 2.3103e-04 5.2 0.00e+00 0.0 2.3e+02 5.4e+02 0.0e+00  0  0  0  0  0   0  0  0  0  0     0
VecTDot               20 1.0 1.0397e-03 1.3 7.95e+05 1.0 0.0e+00 0.0e+00 2.0e+01  0  0  0  0  0   0  0  0  0  2 30254
VecNorm              411 1.0 3.2165e-01 3.9 2.68e+07 1.0 0.0e+00 0.0e+00 4.1e+02  0  0  0  0  0   1  0  0  0 43  3314
VecCopy                6 1.0 4.3201e-04 1.4 0.00e+00 0.0 0.0e+00 0.0e+00 0.0e+00  0  0  0  0  0   0  0  0  0  0     0
VecSet                55 1.0 7.8905e-0319.0 0.00e+00 0.0 0.0e+00 0.0e+00 0.0e+00  0  0  0  0  0   0  0  0  0  0     0
VecAXPY               21 1.0 1.4122e-03 1.1 8.35e+05 1.0 0.0e+00 0.0e+00 0.0e+00  0  0  0  0  0   0  0  0  0  0 23390
VecAYPX                9 1.0 5.0092e-04 1.2 3.58e+05 1.0 0.0e+00 0.0e+00 0.0e+00  0  0  0  0  0   0  0  0  0  0 28260
VecScatterBegin       22 1.0 2.2063e-03 2.8 0.00e+00 0.0 4.5e+03 6.7e+03 0.0e+00  0  0  0  0  0   0  0  1  3  0     0
VecScatterEnd         22 1.0 5.8324e-03 4.2 0.00e+00 0.0 0.0e+00 0.0e+00 0.0e+00  0  0  0  0  0   0  0  0  0  0     0
MatMult               10 1.0 5.8537e-03 1.0 1.79e+06 1.0 2.3e+03 7.5e+02 0.0e+00  0  0  0  0  0   0  0  1  0  0 12091
MatSolve              11 1.0 6.5720e-03 1.1 1.95e+06 1.0 0.0e+00 0.0e+00 0.0e+00  0  0  0  0  0   0  0  0  0  0 11744
MatLUFactorNum         1 1.0 2.2881e-03 1.2 2.39e+05 1.1 0.0e+00 0.0e+00 0.0e+00  0  0  0  0  0   0  0  0  0  0  4022
MatILUFactorSym        1 1.0 1.9970e-03 2.0 0.00e+00 0.0 0.0e+00 0.0e+00 0.0e+00  0  0  0  0  0   0  0  0  0  0     0
MatAssemblyBegin      27 1.0 1.5634e-01 2.7 0.00e+00 0.0 3.8e+03 3.2e+03 0.0e+00  0  0  0  0  0   0  0  1  1  0     0
MatAssemblyEnd        27 1.0 2.7448e-02 1.1 0.00e+00 0.0 4.1e+03 2.1e+02 1.0e+02  0  0  0  0  0   0  0  1  0 11     0
MatGetRowIJ            1 1.0 1.1921e-06 0.0 0.00e+00 0.0 0.0e+00 0.0e+00 0.0e+00  0  0  0  0  0   0  0  0  0  0     0
MatGetOrdering         1 1.0 3.8314e-04 2.3 0.00e+00 0.0 0.0e+00 0.0e+00 0.0e+00  0  0  0  0  0   0  0  0  0  0     0
MatZeroEntries         1 1.0 2.8205e-04 2.1 0.00e+00 0.0 0.0e+00 0.0e+00 0.0e+00  0  0  0  0  0   0  0  0  0  0     0
PCSetUp                2 1.0 4.8299e-03 1.5 2.39e+05 1.1 0.0e+00 0.0e+00 0.0e+00  0  0  0  0  0   0  0  0  0  0  1905
PCSetUpOnBlocks        1 1.0 4.7460e-03 1.5 2.39e+05 1.1 0.0e+00 0.0e+00 0.0e+00  0  0  0  0  0   0  0  0  0  0  1939
PCApply               11 1.0 7.2062e-03 1.1 1.95e+06 1.0 0.0e+00 0.0e+00 0.0e+00  0  0  0  0  0   0  0  0  0  0 10710
KSPSetUp               2 1.0 4.3702e-04 2.9 0.00e+00 0.0 0.0e+00 0.0e+00 0.0e+00  0  0  0  0  0   0  0  0  0  0     0
KSPSolve               1 1.0 2.1226e-02 1.0 6.36e+06 1.0 2.3e+03 7.5e+02 3.1e+01  0  0  0  0  0   0  0  1  0  3 11850
SNESSolve              1 1.0 5.5024e-02 1.0 2.75e+07 1.0 2.9e+03 9.1e+02 3.1e+01  0  0  0  0  0   0  0  1  0  3 19921
SNESFunctionEval       1 1.0 1.4972e-02 1.1 1.41e+07 1.0 4.6e+02 1.2e+03 0.0e+00  0  0  0  0  0   0  0  0  0  0 37749
SNESJacobianEval       1 1.0 1.9306e-02 1.0 6.95e+06 1.0 1.7e+02 2.2e+03 0.0e+00  0  0  0  0  0   0  0  0  0  0 14393
Mesh Partition         4 1.0 4.8510e+00 1.0 0.00e+00 0.0 4.4e+04 1.5e+03 2.0e+01  1  0  0  0  0  17  0 10  8  2     0
Mesh Migration         4 1.0 7.7800e-01 1.0 0.00e+00 0.0 1.8e+04 1.8e+04 8.8e+01  0  0  0  1  0   3  0  4 38  9     0
DMPlexInterp           2 1.0 7.0715e-04 1.2 0.00e+00 0.0 0.0e+00 0.0e+00 8.0e+00  0  0  0  0  0   0  0  0  0  1     0
DMPlexDistribute       2 1.0 5.5167e+00 1.0 0.00e+00 0.0 2.2e+04 2.0e+04 4.0e+01  1  0  0  1  0  19  0  5 49  4     0
DMPlexDistCones        4 1.0 2.3471e-01 1.0 0.00e+00 0.0 4.3e+03 3.0e+04 0.0e+00  0  0  0  0  0   1  0  1 15  0     0
DMPlexDistLabels       4 1.0 3.7554e-01 1.0 0.00e+00 0.0 6.1e+03 1.9e+04 5.2e+01  0  0  0  0  0   1  0  1 13  5     0
DMPlexDistribOL        2 1.0 1.6927e-01 1.0 0.00e+00 0.0 4.1e+04 5.2e+02 6.8e+01  0  0  0  0  0   1  0  9  2  7     0
DMPlexDistField        6 1.0 5.5153e-02 1.0 0.00e+00 0.0 5.9e+03 7.4e+03 4.0e+00  0  0  0  0  0   0  0  1  5  0     0
DMPlexDistData         4 1.0 2.4541e+0047.0 0.00e+00 0.0 3.9e+04 1.0e+03 0.0e+00  0  0  0  0  0   8  0  9  5  0     0
DMPlexStratify        24 1.0 1.8655e+00 1.8 0.00e+00 0.0 0.0e+00 0.0e+00 2.4e+01  0  0  0  0  0   6  0  0  0  2     0
CreateMesh            10 1.0 6.4252e+00 1.0 0.00e+00 0.0 6.3e+04 7.1e+03 1.2e+02  1  0  0  1  0  23  0 14 51 12     0
Mesh: reorder          2 1.0 1.1788e-02 1.0 0.00e+00 0.0 0.0e+00 0.0e+00 4.0e+00  0  0  0  0  0   0  0  0  0  0     0
Mesh: numbering        2 1.0 6.5747e-02 1.0 0.00e+00 0.0 0.0e+00 0.0e+00 4.0e+00  0  0  0  0  0   0  0  0  0  0     0
CreateFunctionSpace      40 1.0 4.3137e-01 1.1 0.00e+00 0.0 1.6e+03 1.1e+03 0.0e+00  0  0  0  0  0   1  0  0  0  0     0
ParLoopExecute      2835 1.0 1.1400e+01 1.0 2.87e+10 1.0 3.7e+05 9.2e+02 2.4e+01  2 12  0  1  0  40100 82 39  2 100614
ParLoopCells        1646 1.0 1.0017e+01 1.0 2.86e+10 1.0 0.0e+00 0.0e+00 0.0e+00  2 12  0  0  0  35100  0  0  0 114340
ParLoopRednBegin    2835 1.0 1.2056e-01 1.7 0.00e+00 0.0 0.0e+00 0.0e+00 0.0e+00  0  0  0  0  0   0  0  0  0  0     0
ParLoopRednEnd      2835 1.0 2.8687e-02 1.1 0.00e+00 0.0 0.0e+00 0.0e+00 0.0e+00  0  0  0  0  0   0  0  0  0  0     0
ParLoopset_4           4 1.0 2.2075e-03 1.4 0.00e+00 0.0 0.0e+00 0.0e+00 0.0e+00  0  0  0  0  0   0  0  0  0  0     0
CreateSparsity        12 1.0 5.8948e-01 1.1 0.00e+00 0.0 2.6e+03 2.6e+03 5.2e+01  0  0  0  0  0   2  0  1  1  5     0
MatZeroInitial        13 1.0 2.1427e-01 1.2 0.00e+00 0.0 0.0e+00 0.0e+00 0.0e+00  0  0  0  0  0   1  0  0  0  0     0
ParLoopset_6           2 1.0 1.3809e-03 1.2 0.00e+00 0.0 0.0e+00 0.0e+00 0.0e+00  0  0  0  0  0   0  0  0  0  0     0
ParLoopset_5           2 1.0 1.0514e-04 2.0 0.00e+00 0.0 0.0e+00 0.0e+00 0.0e+00  0  0  0  0  0   0  0  0  0  0     0
ParLoopset_11          4 1.0 5.7173e-04 1.9 0.00e+00 0.0 0.0e+00 0.0e+00 0.0e+00  0  0  0  0  0   0  0  0  0  0     0
ParLoopset_13       2006 1.0 1.1668e-01 1.0 2.39e+07 1.0 0.0e+00 0.0e+00 0.0e+00  0  0  0  0  0   0  0  0  0  0  8088
ParLoopset_12       2006 1.0 7.8616e-02 1.1 1.57e+07 1.0 0.0e+00 0.0e+00 0.0e+00  0  0  0  0  0   0  0  0  0  0  8009

--- Event Stage 1: Warm up: DU Residuals

BuildTwoSided          2 1.0 6.2513e-04 1.9 0.00e+00 0.0 2.3e+02 4.0e+00 0.0e+00  0  0  0  0  0   0  0  2  0  0     0
BuildTwoSidedF         8 1.0 2.8100e-02 2.1 0.00e+00 0.0 3.4e+02 2.2e+03 0.0e+00  0  0  0  0  0   4  0  4  7  0     0
SFSetGraph             4 1.0 1.1492e-04 1.2 0.00e+00 0.0 0.0e+00 0.0e+00 0.0e+00  0  0  0  0  0   0  0  0  0  0     0
SFSetUp                2 1.0 7.7581e-04 1.6 0.00e+00 0.0 6.8e+02 4.1e+02 0.0e+00  0  0  0  0  0   0  0  7  3  0     0
SFBcastBegin          14 1.0 8.0514e-04 2.0 0.00e+00 0.0 3.2e+03 9.0e+02 0.0e+00  0  0  0  0  0   0  0 33 26  0     0
SFBcastEnd            14 1.0 2.1019e-0313.0 0.00e+00 0.0 0.0e+00 0.0e+00 0.0e+00  0  0  0  0  0   0  0  0  0  0     0
SFReduceBegin          8 1.0 1.7715e-04 1.5 0.00e+00 0.0 1.8e+03 8.9e+02 0.0e+00  0  0  0  0  0   0  0 19 14  0     0
SFReduceEnd            8 1.0 9.4664e-03 8.9 0.00e+00 0.0 0.0e+00 0.0e+00 0.0e+00  0  0  0  0  0   1  0  0  0  0     0
VecMDot               16 1.0 2.7793e-02 1.8 2.86e+06 1.0 0.0e+00 0.0e+00 1.6e+01  0  0  0  0  0   4  0  0  0 36  4075
VecNorm               20 1.0 2.1398e-02 3.3 7.68e+05 1.0 0.0e+00 0.0e+00 2.0e+01  0  0  0  0  0   2  0  0  0 45  1421
VecScale              18 1.0 3.8028e-04 1.4 3.58e+05 1.0 0.0e+00 0.0e+00 0.0e+00  0  0  0  0  0   0  0  0  0  0 37225
VecCopy               20 1.0 1.3273e-03 1.2 0.00e+00 0.0 0.0e+00 0.0e+00 0.0e+00  0  0  0  0  0   0  0  0  0  0     0
VecSet                26 1.0 1.4653e-03 1.5 0.00e+00 0.0 0.0e+00 0.0e+00 0.0e+00  0  0  0  0  0   0  0  0  0  0     0
VecAXPY                6 1.0 4.4489e-04 1.4 2.11e+05 1.0 0.0e+00 0.0e+00 0.0e+00  0  0  0  0  0   0  0  0  0  0 18856
VecMAXPY              18 1.0 3.2344e-03 1.1 3.50e+06 1.0 0.0e+00 0.0e+00 0.0e+00  0  0  0  0  0   1  1  0  0  0 42794
VecScatterBegin       16 1.0 5.6863e-04 1.8 0.00e+00 0.0 3.6e+03 1.6e+03 0.0e+00  0  0  0  0  0   0  0 38 51  0     0
VecScatterEnd         16 1.0 6.5527e-0311.5 0.00e+00 0.0 0.0e+00 0.0e+00 0.0e+00  0  0  0  0  0   1  0  0  0  0     0
VecNormalize          18 1.0 2.1073e-02 3.2 1.07e+06 1.0 0.0e+00 0.0e+00 1.8e+01  0  0  0  0  0   2  0  0  0 41  2015
MatMult               16 1.0 2.9709e-02 1.3 7.95e+06 1.0 3.6e+03 1.6e+03 0.0e+00  0  0  0  0  0   4  1 38 51  0 10589
MatSolve              20 1.0 2.5342e-02 1.2 8.99e+06 1.0 0.0e+00 0.0e+00 0.0e+00  0  0  0  0  0   4  1  0  0  0 14043
MatLUFactorNum         4 1.0 1.1788e-02 1.2 1.42e+06 1.1 0.0e+00 0.0e+00 0.0e+00  0  0  0  0  0   2  0  0  0  0  4619
MatILUFactorSym        4 1.0 1.2218e-02 1.9 0.00e+00 0.0 0.0e+00 0.0e+00 0.0e+00  0  0  0  0  0   1  0  0  0  0     0
MatAssemblyBegin       8 1.0 2.8224e-02 2.0 0.00e+00 0.0 3.4e+02 2.2e+03 0.0e+00  0  0  0  0  0   4  0  4  7  0     0
MatAssemblyEnd         8 1.0 5.9748e-03 1.2 0.00e+00 0.0 0.0e+00 0.0e+00 0.0e+00  0  0  0  0  0   1  0  0  0  0     0
MatGetRowIJ            4 1.0 7.1526e-06 0.0 0.00e+00 0.0 0.0e+00 0.0e+00 0.0e+00  0  0  0  0  0   0  0  0  0  0     0
MatGetOrdering         4 1.0 9.0885e-04 1.5 0.00e+00 0.0 0.0e+00 0.0e+00 0.0e+00  0  0  0  0  0   0  0  0  0  0     0
MatZeroEntries         4 1.0 1.6608e-03 1.9 0.00e+00 0.0 0.0e+00 0.0e+00 0.0e+00  0  0  0  0  0   0  0  0  0  0     0
PCSetUp                8 1.0 2.4985e-02 1.4 1.42e+06 1.1 0.0e+00 0.0e+00 0.0e+00  0  0  0  0  0   3  0  0  0  0  2179
PCSetUpOnBlocks        4 1.0 2.4687e-02 1.4 1.42e+06 1.1 0.0e+00 0.0e+00 0.0e+00  0  0  0  0  0   3  0  0  0  0  2206
PCApply               20 1.0 2.7071e-02 1.2 8.99e+06 1.0 0.0e+00 0.0e+00 0.0e+00  0  0  0  0  0   4  1  0  0  0 13146
KSPGMRESOrthog        16 1.0 3.0185e-02 1.7 5.72e+06 1.0 0.0e+00 0.0e+00 1.6e+01  0  0  0  0  0   4  1  0  0 36  7503
KSPSetUp               8 1.0 1.8559e-03 1.8 0.00e+00 0.0 0.0e+00 0.0e+00 0.0e+00  0  0  0  0  0   0  0  0  0  0     0
KSPSolve               4 1.0 1.1450e-01 1.0 2.59e+07 1.0 3.6e+03 1.6e+03 3.6e+01  0  0  0  0  0  19  4 38 51 82  8946
SNESSolve              4 1.0 5.8951e-01 1.0 6.21e+08 1.0 9.7e+03 1.2e+03 4.0e+01  0  0  0  0  0  99100100100 91 41901
SNESFunctionEval       4 1.0 1.9880e-01 1.0 2.79e+08 1.0 5.7e+03 8.4e+02 4.0e+00  0  0  0  0  0  33 45 59 42  9 55968
SNESJacobianEval       4 1.0 2.8335e-01 1.0 3.15e+08 1.0 3.4e+02 2.2e+03 0.0e+00  0  0  0  0  0  47 51  4  7  0 44275
ParLoopExecute        20 1.0 4.4534e-01 1.0 5.95e+08 1.0 5.7e+03 8.4e+02 4.0e+00  0  0  0  0  0  74 96 59 42  9 53154
ParLoopCells          16 1.0 1.8538e-01 1.1 3.22e+08 1.0 0.0e+00 0.0e+00 0.0e+00  0  0  0  0  0  30 52  0  0  0 69371
ParLoopRednBegin      20 1.0 4.8018e-04 1.3 0.00e+00 0.0 0.0e+00 0.0e+00 0.0e+00  0  0  0  0  0   0  0  0  0  0     0
ParLoopRednEnd        20 1.0 1.0037e-04 1.3 0.00e+00 0.0 0.0e+00 0.0e+00 0.0e+00  0  0  0  0  0   0  0  0  0  0     0
ParLoopset_6           2 1.0 1.1706e-04 1.1 0.00e+00 0.0 0.0e+00 0.0e+00 0.0e+00  0  0  0  0  0   0  0  0  0  0     0
ParLoopset_5           2 1.0 1.2779e-03 1.2 0.00e+00 0.0 0.0e+00 0.0e+00 0.0e+00  0  0  0  0  0   0  0  0  0  0     0
ParLoopIntFacets      16 1.0 2.1641e-01 1.1 2.73e+08 1.0 0.0e+00 0.0e+00 0.0e+00  0  0  0  0  0  35 44  0  0  0 49961
ParLoopset_13          2 1.0 1.2493e-04 1.7 0.00e+00 0.0 0.0e+00 0.0e+00 0.0e+00  0  0  0  0  0   0  0  0  0  0     0
ParLoopset_12          2 1.0 8.2016e-05 1.3 0.00e+00 0.0 0.0e+00 0.0e+00 0.0e+00  0  0  0  0  0   0  0  0  0  0     0

--- Event Stage 2: Warm up: Linear solve

BuildTwoSided         10 1.0 2.7289e-03 1.1 0.00e+00 0.0 9.9e+02 4.0e+00 0.0e+00  0  0  0  0  0   0  0  0  0  0     0
BuildTwoSidedF       104 1.0 2.8050e-02 1.6 0.00e+00 0.0 5.2e+03 1.1e+03 0.0e+00  0  0  0  0  0   1  0  1  2  0     0
SFSetGraph            10 1.0 5.7220e-06 0.0 0.00e+00 0.0 0.0e+00 0.0e+00 0.0e+00  0  0  0  0  0   0  0  0  0  0     0
SFSetUp               10 1.0 3.0100e-03 1.0 0.00e+00 0.0 3.0e+03 1.6e+02 0.0e+00  0  0  0  0  0   0  0  0  0  0     0
SFBcastBegin          58 1.0 8.0085e-04 1.7 0.00e+00 0.0 1.2e+04 3.2e+02 0.0e+00  0  0  0  0  0   0  0  1  1  0     0
SFBcastEnd            58 1.0 5.3477e-04 1.6 0.00e+00 0.0 0.0e+00 0.0e+00 0.0e+00  0  0  0  0  0   0  0  0  0  0     0
SFReduceBegin          4 1.0 1.4091e-04 2.2 0.00e+00 0.0 9.1e+02 8.9e+02 0.0e+00  0  0  0  0  0   0  0  0  0  0     0
SFReduceEnd            4 1.0 5.4841e-0323.5 0.00e+00 0.0 0.0e+00 0.0e+00 0.0e+00  0  0  0  0  0   0  0  0  0  0     0
VecMDot              214 1.0 2.5393e-02 1.1 1.20e+07 1.0 0.0e+00 0.0e+00 2.1e+02  0  0  0  0  0   1  1  0  0 11 18793
VecTDot              200 1.0 1.4484e-02 1.3 5.24e+06 1.0 0.0e+00 0.0e+00 2.0e+02  0  0  0  0  0   0  1  0  0 10 14478
VecNorm              356 1.0 4.9242e-02 3.6 5.77e+06 1.0 0.0e+00 0.0e+00 3.6e+02  0  0  0  0  0   1  1  0  0 18  4677
VecScale            1092 1.0 1.2934e-02 1.2 1.25e+07 1.0 0.0e+00 0.0e+00 0.0e+00  0  0  0  0  0   0  1  0  0  0 38738
VecCopy              670 1.0 9.0852e-03 1.1 0.00e+00 0.0 0.0e+00 0.0e+00 0.0e+00  0  0  0  0  0   0  0  0  0  0     0
VecSet              7826 1.0 9.0636e-02 1.2 0.00e+00 0.0 0.0e+00 0.0e+00 0.0e+00  0  0  0  0  0   2  0  0  0  0     0
VecAXPY              244 1.0 1.5769e-02 1.5 6.43e+06 1.0 0.0e+00 0.0e+00 0.0e+00  0  0  0  0  0   0  1  0  0  0 16283
VecAYPX             4880 1.0 5.5796e-02 1.1 2.14e+07 1.0 0.0e+00 0.0e+00 0.0e+00  0  0  0  0  0   1  2  0  0  0 15246
VecAXPBYCZ          2400 1.0 3.8559e-02 1.1 3.85e+07 1.0 0.0e+00 0.0e+00 0.0e+00  0  0  0  0  0   1  4  0  0  0 39772
VecMAXPY             236 1.0 1.5776e-02 1.0 1.44e+07 1.0 0.0e+00 0.0e+00 0.0e+00  0  0  0  0  0   0  2  0  0  0 36215
VecAssemblyBegin      32 1.0 2.7664e-03 2.1 0.00e+00 0.0 0.0e+00 0.0e+00 0.0e+00  0  0  0  0  0   0  0  0  0  0     0
VecAssemblyEnd        32 1.0 6.0797e-05 1.3 0.00e+00 0.0 0.0e+00 0.0e+00 0.0e+00  0  0  0  0  0   0  0  0  0  0     0
VecPointwiseMult     110 1.0 1.9093e-03 1.2 3.53e+05 1.0 0.0e+00 0.0e+00 0.0e+00  0  0  0  0  0   0  0  0  0  0  7363
VecScatterBegin     7024 1.0 6.4207e-02 1.6 0.00e+00 0.0 9.8e+05 3.1e+02 0.0e+00  0  0  0  0  0   1  0 94 87  0     0
VecScatterEnd       7024 1.0 1.4361e-01 1.3 0.00e+00 0.0 0.0e+00 0.0e+00 0.0e+00  0  0  0  0  0   3  0  0  0  0     0
VecSetRandom          10 1.0 2.1245e-03 1.0 0.00e+00 0.0 0.0e+00 0.0e+00 0.0e+00  0  0  0  0  0   0  0  0  0  0     0
VecNormalize         236 1.0 7.7477e-03 1.3 3.94e+06 1.0 0.0e+00 0.0e+00 2.4e+02  0  0  0  0  0   0  0  0  0 12 20225
MatMult             3954 1.0 1.4132e+00 1.0 3.53e+08 1.0 7.9e+05 3.5e+02 1.5e+02  0  0  0  0  0  38 38 76 79  8  9864
MatMultAdd          1508 1.0 1.9154e-01 1.2 3.90e+07 1.0 9.9e+04 1.8e+02 0.0e+00  0  0  0  0  0   5  4  9  5  0  8108
MatMultTranspose     600 1.0 6.4960e-02 1.5 1.02e+07 1.0 9.0e+04 1.4e+02 0.0e+00  0  0  0  0  0   1  1  9  4  0  6199
MatSolve            4702 1.2 7.7370e-01 1.0 2.72e+08 1.0 0.0e+00 0.0e+00 0.0e+00  0  0  0  0  0  21 30  0  0  0 13913
MatLUFactorSym         2 1.0 3.4094e-05 2.5 0.00e+00 0.0 0.0e+00 0.0e+00 0.0e+00  0  0  0  0  0   0  0  0  0  0     0
MatLUFactorNum        14 1.0 8.7347e-03 1.1 1.13e+06 1.1 0.0e+00 0.0e+00 0.0e+00  0  0  0  0  0   0  0  0  0  0  5017
MatILUFactorSym       12 1.0 6.4228e-03 1.1 0.00e+00 0.0 0.0e+00 0.0e+00 0.0e+00  0  0  0  0  0   0  0  0  0  0     0
MatConvert            12 1.0 6.7487e-03 1.1 0.00e+00 0.0 0.0e+00 0.0e+00 0.0e+00  0  0  0  0  0   0  0  0  0  0     0
MatScale              34 1.0 2.3434e-03 1.0 7.17e+05 1.0 2.0e+03 3.4e+02 0.0e+00  0  0  0  0  0   0  0  0  0  0 12086
MatResidual          600 1.0 2.0843e-01 1.1 5.17e+07 1.0 1.2e+05 3.4e+02 0.0e+00  0  0  0  0  0   5  6 11 12  0  9808
MatAssemblyBegin     214 1.0 2.8512e-02 1.6 0.00e+00 0.0 5.2e+03 1.1e+03 0.0e+00  0  0  0  0  0   1  0  1  2  0     0
MatAssemblyEnd       214 1.0 5.5135e-02 1.1 0.00e+00 0.0 1.9e+04 6.5e+01 4.3e+02  0  0  0  0  0   1  0  2  0 22     0
MatGetRow         148722 1.0 3.5500e-02 1.3 0.00e+00 0.0 0.0e+00 0.0e+00 0.0e+00  0  0  0  0  0   1  0  0  0  0     0
MatGetRowIJ           14 1.4 1.5974e-0513.4 0.00e+00 0.0 0.0e+00 0.0e+00 0.0e+00  0  0  0  0  0   0  0  0  0  0     0
MatCreateSubMat       16 1.0 1.0114e-02 1.0 0.00e+00 0.0 6.5e+02 1.5e+02 1.4e+02  0  0  0  0  0   0  0  0  0  7     0
MatGetOrdering        14 1.4 1.1053e-03 1.2 0.00e+00 0.0 0.0e+00 0.0e+00 0.0e+00  0  0  0  0  0   0  0  0  0  0     0
MatCoarsen            10 1.0 8.1577e-03 1.0 0.00e+00 0.0 1.3e+04 2.1e+02 3.0e+01  0  0  0  0  0   0  0  1  1  2     0
MatZeroEntries        12 1.0 1.8616e-03 1.8 0.00e+00 0.0 0.0e+00 0.0e+00 0.0e+00  0  0  0  0  0   0  0  0  0  0     0
MatAXPY               12 1.0 5.7437e-02 1.0 0.00e+00 0.0 9.1e+02 1.4e+02 2.0e+01  0  0  0  0  0   2  0  0  0  1     0
MatMatMult            12 1.0 3.6908e-01 1.0 6.78e+05 1.0 1.4e+04 2.1e+02 1.5e+02  0  0  0  0  0  10  0  1  1  7    73
MatMatMultSym         12 1.0 3.5905e-01 1.0 0.00e+00 0.0 1.1e+04 1.8e+02 1.4e+02  0  0  0  0  0  10  0  1  1  7     0
MatMatMultNum         12 1.0 9.7368e-03 1.0 6.78e+05 1.0 2.2e+03 4.1e+02 0.0e+00  0  0  0  0  0   0  0  0  0  0  2758
MatPtAP               10 1.0 6.6221e-02 1.0 2.61e+06 1.1 2.1e+04 5.2e+02 1.5e+02  0  0  0  0  0   2  0  2  3  8  1514
MatPtAPSymbolic       10 1.0 4.2126e-02 1.0 0.00e+00 0.0 1.2e+04 4.9e+02 7.0e+01  0  0  0  0  0   1  0  1  2  4     0
MatPtAPNumeric        10 1.0 2.4222e-02 1.0 2.61e+06 1.1 8.9e+03 5.5e+02 8.0e+01  0  0  0  0  0   1  0  1  1  4  4140
MatTrnMatMult          2 1.0 4.9646e-02 1.0 8.46e+05 1.0 2.7e+03 7.2e+02 3.2e+01  0  0  0  0  0   1  0  0  1  2   681
MatTrnMatMultSym       2 1.0 3.1982e-02 1.0 0.00e+00 0.0 2.3e+03 4.4e+02 3.2e+01  0  0  0  0  0   1  0  0  0  2     0
MatTrnMatMultNum       2 1.0 1.7654e-02 1.0 8.46e+05 1.0 4.6e+02 2.2e+03 0.0e+00  0  0  0  0  0   0  0  0  0  0  1915
MatGetLocalMat        38 1.0 1.3024e-02 1.1 0.00e+00 0.0 0.0e+00 0.0e+00 0.0e+00  0  0  0  0  0   0  0  0  0  0     0
MatGetBrAoCol         34 1.0 5.2054e-03 1.5 0.00e+00 0.0 1.5e+04 4.7e+02 0.0e+00  0  0  0  0  0   0  0  1  2  0     0
PCGAMGGraph_AGG       10 1.0 6.8516e-02 1.0 3.63e+05 1.0 5.9e+03 1.7e+02 1.2e+02  0  0  0  0  0   2  0  1  0  6   208
PCGAMGCoarse_AGG      10 1.0 7.1484e-02 1.0 8.46e+05 1.0 1.8e+04 3.8e+02 7.0e+01  0  0  0  0  0   2  0  2  2  4   473
PCGAMGProl_AGG        10 1.0 2.5795e-02 1.0 0.00e+00 0.0 7.8e+03 2.8e+02 1.6e+02  0  0  0  0  0   1  0  1  1  8     0
PCGAMGPOpt_AGG        10 1.0 8.1590e-02 1.0 1.30e+07 1.0 3.2e+04 2.8e+02 4.1e+02  0  0  0  0  0   2  1  3  3 20  6329
GAMG: createProl      10 1.0 2.4824e-01 1.0 1.42e+07 1.0 6.4e+04 3.0e+02 7.6e+02  0  0  0  0  1   7  2  6  5 38  2274
  Graph               20 1.0 6.8107e-02 1.0 3.63e+05 1.0 5.9e+03 1.7e+02 1.2e+02  0  0  0  0  0   2  0  1  0  6   210
  MIS/Agg             10 1.0 8.2936e-03 1.0 0.00e+00 0.0 1.3e+04 2.1e+02 3.0e+01  0  0  0  0  0   0  0  1  1  2     0
  SA: col data        10 1.0 5.9178e-03 1.0 0.00e+00 0.0 4.0e+03 4.6e+02 4.0e+01  0  0  0  0  0   0  0  0  1  2     0
  SA: frmProl0        10 1.0 1.7793e-02 1.0 0.00e+00 0.0 3.8e+03 8.5e+01 8.0e+01  0  0  0  0  0   0  0  0  0  4     0
  SA: smooth          10 1.0 5.0330e-02 1.0 5.33e+05 1.0 1.2e+04 1.8e+02 1.4e+02  0  0  0  0  0   1  0  1  1  7   417
GAMG: partLevel       10 1.0 7.4724e-02 1.0 2.61e+06 1.1 2.2e+04 5.0e+02 3.5e+02  0  0  0  0  0   2  0  2  3 18  1342
  repartition          6 1.0 3.9101e-04 1.0 0.00e+00 0.0 0.0e+00 0.0e+00 2.4e+01  0  0  0  0  0   0  0  0  0  1     0
  Invert-Sort          4 1.0 7.4887e-04 1.5 0.00e+00 0.0 0.0e+00 0.0e+00 1.6e+01  0  0  0  0  0   0  0  0  0  1     0
  Move A               4 1.0 3.6330e-03 1.0 0.00e+00 0.0 4.0e+02 2.3e+02 6.8e+01  0  0  0  0  0   0  0  0  0  3     0
  Move P               4 1.0 3.1211e-03 1.0 0.00e+00 0.0 2.5e+02 2.1e+01 6.8e+01  0  0  0  0  0   0  0  0  0  3     0
PCSetUp               20 1.0 7.4776e-01 1.0 1.85e+07 1.0 8.8e+04 5.8e+02 1.3e+03  0  0  0  0  1  20  2  8 15 64   974
PCSetUpOnBlocks     2206 1.0 1.9150e-02 1.1 1.13e+06 1.1 0.0e+00 0.0e+00 0.0e+00  0  0  0  0  0   0  0  0  0  0  2289
PCApply               20 1.0 2.9914e+00 1.0 5.85e+08 1.0 1.0e+06 3.1e+02 1.7e+03  0  0  1  0  1  81 64 99 91 85  7749
KSPSolve_FS_0         20 1.0 1.5127e-02 1.0 3.54e+06 1.0 0.0e+00 0.0e+00 0.0e+00  0  0  0  0  0   0  0  0  0  0  9277
KSPSolve_FS_Schu      20 1.0 2.9337e+00 1.0 5.74e+08 1.0 1.0e+06 3.1e+02 1.7e+03  0  0  1  0  1  79 62 98 90 85  7751
KSPSolve_FS_Low       20 1.0 2.3829e-02 1.1 4.01e+06 1.0 0.0e+00 0.0e+00 0.0e+00  0  0  0  0  0   1  0  0  0  0  6661
KSPGMRESOrthog       214 1.0 3.8351e-02 1.1 2.40e+07 1.0 0.0e+00 0.0e+00 2.1e+02  0  0  0  0  0   1  3  0  0 11 24887
KSPSetUp              52 1.0 5.3642e-03 1.2 0.00e+00 0.0 0.0e+00 0.0e+00 2.0e+01  0  0  0  0  0   0  0  0  0  1     0
KSPSolve               2 1.0 3.4490e+00 1.0 6.08e+08 1.0 1.0e+06 3.3e+02 2.0e+03  1  0  1  1  2  93 66100 99100  6981
SNESSolve              2 1.0 3.6880e+00 1.0 9.16e+08 1.0 1.0e+06 3.3e+02 2.0e+03  1  0  1  1  2 100100100100100  9870
SNESFunctionEval       2 1.0 9.2864e-02 1.0 1.43e+08 1.0 2.7e+03 8.9e+02 0.0e+00  0  0  0  0  0   2 16  0  1  0 61471
SNESJacobianEval       2 1.0 1.4734e-01 1.0 1.65e+08 1.0 6.8e+02 1.4e+03 0.0e+00  0  0  0  0  0   4 18  0  0  0 44850
ParLoopExecute        16 1.0 2.2390e-01 1.0 3.08e+08 1.0 2.7e+03 8.9e+02 0.0e+00  0  0  0  0  0   6 34  0  1  0 55008
ParLoopCells          24 1.0 1.9667e-01 1.0 3.08e+08 1.0 0.0e+00 0.0e+00 0.0e+00  0  0  0  0  0   5 34  0  0  0 62626
ParLoopRednBegin      16 1.0 3.1829e-04 1.3 0.00e+00 0.0 0.0e+00 0.0e+00 0.0e+00  0  0  0  0  0   0  0  0  0  0     0
ParLoopRednEnd        16 1.0 7.9155e-05 1.4 0.00e+00 0.0 0.0e+00 0.0e+00 0.0e+00  0  0  0  0  0   0  0  0  0  0     0
ParLoopset_6           2 1.0 1.6928e-04 2.3 0.00e+00 0.0 0.0e+00 0.0e+00 0.0e+00  0  0  0  0  0   0  0  0  0  0     0
ParLoopset_5           2 1.0 9.7990e-05 2.0 0.00e+00 0.0 0.0e+00 0.0e+00 0.0e+00  0  0  0  0  0   0  0  0  0  0     0
ParLoopset_13          2 1.0 1.0586e-04 1.6 0.00e+00 0.0 0.0e+00 0.0e+00 0.0e+00  0  0  0  0  0   0  0  0  0  0     0
ParLoopset_12          2 1.0 6.6996e-05 1.5 0.00e+00 0.0 0.0e+00 0.0e+00 0.0e+00  0  0  0  0  0   0  0  0  0  0     0

--- Event Stage 3: Warm up

ParLoopExecute         2 1.0 6.2013e-04 1.5 0.00e+00 0.0 0.0e+00 0.0e+00 0.0e+00  0  0  0  0  0  33  0  0  0  0     0
ParLoopRednBegin       2 1.0 3.7909e-05 1.7 0.00e+00 0.0 0.0e+00 0.0e+00 0.0e+00  0  0  0  0  0   1  0  0  0  0     0
ParLoopRednEnd         2 1.0 8.1062e-06 1.7 0.00e+00 0.0 0.0e+00 0.0e+00 0.0e+00  0  0  0  0  0   0  0  0  0  0     0
ParLoopset_13          2 1.0 2.1434e-04 2.6 0.00e+00 0.0 0.0e+00 0.0e+00 0.0e+00  0  0  0  0  0  11  0  0  0  0     0
ParLoopset_12          2 1.0 1.2589e-04 2.5 0.00e+00 0.0 0.0e+00 0.0e+00 0.0e+00  0  0  0  0  0   6  0  0  0  0     0

--- Event Stage 4: DU Residuals

SFBcastBegin        1800 1.0 7.2460e-02 2.2 0.00e+00 0.0 4.1e+05 8.9e+02 0.0e+00  0  0  0  1  0   0  0 26 19  0     0
SFBcastEnd          1800 1.0 8.1295e-02 2.6 0.00e+00 0.0 0.0e+00 0.0e+00 0.0e+00  0  0  0  0  0   0  0  0  0  0     0
SFReduceBegin       1600 1.0 3.5145e-02 1.5 0.00e+00 0.0 3.6e+05 8.9e+02 0.0e+00  0  0  0  0  0   0  0 23 17  0     0
SFReduceEnd         1600 1.0 6.6221e-01 7.0 0.00e+00 0.0 0.0e+00 0.0e+00 0.0e+00  0  0  0  0  0   1  0  0  0  0     0
VecMDot             3205 1.0 1.3379e+00 1.3 5.74e+08 1.0 0.0e+00 0.0e+00 3.2e+03  0  0  0  0  3   3  1  0  0 38 16982
VecTDot              800 1.0 3.3722e-02 1.3 2.10e+07 1.0 0.0e+00 0.0e+00 8.0e+02  0  0  0  0  1   0  0  0  0 10 24875
VecNorm             4405 1.0 7.2238e-01 2.1 1.64e+08 1.0 0.0e+00 0.0e+00 4.4e+03  0  0  0  0  4   2  0  0  0 52  9011
VecScale            3605 1.0 5.8786e-02 1.1 7.17e+07 1.0 0.0e+00 0.0e+00 0.0e+00  0  0  0  0  0   0  0  0  0  0 48227
VecCopy             3600 1.0 2.0974e-01 1.2 0.00e+00 0.0 0.0e+00 0.0e+00 0.0e+00  0  0  0  0  0   1  0  0  0  0     0
VecSet              5605 1.0 2.7594e-01 1.3 0.00e+00 0.0 0.0e+00 0.0e+00 0.0e+00  0  0  0  0  0   1  0  0  0  0     0
VecAXPY             2000 1.0 9.8805e-02 1.1 6.33e+07 1.0 0.0e+00 0.0e+00 0.0e+00  0  0  0  0  0   0  0  0  0  0 25470
VecMAXPY            3605 1.0 6.1655e-01 1.1 7.02e+08 1.0 0.0e+00 0.0e+00 0.0e+00  0  0  0  0  0   2  1  0  0  0 45026
VecScatterBegin     3605 1.0 9.0632e-02 1.5 0.00e+00 0.0 8.2e+05 1.5e+03 0.0e+00  0  0  0  2  0   0  0 51 63  0     0
VecScatterEnd       3605 1.0 3.2728e-01 3.2 0.00e+00 0.0 0.0e+00 0.0e+00 0.0e+00  0  0  0  0  0   1  0  0  0  0     0
VecNormalize        3605 1.0 6.4175e-01 2.1 2.15e+08 1.0 0.0e+00 0.0e+00 3.6e+03  0  0  0  0  3   1  0  0  0 43 13253
MatMult             3605 1.0 4.9766e+00 1.1 1.63e+09 1.0 8.2e+05 1.5e+03 0.0e+00  1  1  0  2  0  14  3 51 63  0 12957
MatSolve            4405 1.0 5.0755e+00 1.0 1.84e+09 1.0 0.0e+00 0.0e+00 0.0e+00  1  1  0  0  0  15  3  0  0  0 14329
PCSetUpOnBlocks      800 1.0 1.8384e-03 2.1 0.00e+00 0.0 0.0e+00 0.0e+00 0.0e+00  0  0  0  0  0   0  0  0  0  0     0
PCApply             4405 1.0 5.4176e+00 1.0 1.84e+09 1.0 0.0e+00 0.0e+00 0.0e+00  1  1  0  0  0  16  3  0  0  0 13424
KSPGMRESOrthog      3205 1.0 1.8029e+00 1.2 1.15e+09 1.0 0.0e+00 0.0e+00 3.2e+03  0  0  0  0  3   5  2  0  0 38 25204
KSPSetUp             800 1.0 7.9417e-04 3.3 0.00e+00 0.0 0.0e+00 0.0e+00 0.0e+00  0  0  0  0  0   0  0  0  0  0     0
KSPSolve             800 1.0 1.2899e+01 1.0 5.03e+09 1.0 8.2e+05 1.5e+03 8.4e+03  2  2  0  2  7  38  8 51 63100 15453
SNESSolve            800 1.0 3.3455e+01 1.0 6.10e+10 1.0 1.6e+06 1.2e+03 8.4e+03  5 25  1  3  7  99100100100100 72506
SNESFunctionEval     800 1.0 2.0664e+01 1.0 5.59e+10 1.0 7.8e+05 8.9e+02 0.0e+00  3 23  0  1  0  61 92 49 37  0 107688
SNESJacobianEval     800 1.0 2.9018e-02 1.5 0.00e+00 0.0 0.0e+00 0.0e+00 0.0e+00  0  0  0  0  0   0  0  0  0  0     0
ParLoopExecute      2400 1.0 2.0506e+01 1.0 5.59e+10 1.0 7.8e+05 8.9e+02 0.0e+00  3 23  0  1  0  60 92 49 37  0 108521
ParLoopCells        1600 1.0 1.0516e+01 1.0 3.16e+10 1.0 0.0e+00 0.0e+00 0.0e+00  2 13  0  0  0  31 52  0  0  0 120318
ParLoopRednBegin    2400 1.0 7.6640e-03 1.2 0.00e+00 0.0 0.0e+00 0.0e+00 0.0e+00  0  0  0  0  0   0  0  0  0  0     0
ParLoopRednEnd      2400 1.0 1.0553e-02 1.2 0.00e+00 0.0 0.0e+00 0.0e+00 0.0e+00  0  0  0  0  0   0  0  0  0  0     0
ParLoopIntFacets    1600 1.0 9.2333e+00 1.0 2.43e+10 1.0 0.0e+00 0.0e+00 0.0e+00  1 10  0  0  0  27 40  0  0  0 103980
ParLoopset_13        800 1.0 4.4976e-02 1.1 0.00e+00 0.0 0.0e+00 0.0e+00 0.0e+00  0  0  0  0  0   0  0  0  0  0     0
ParLoopset_12        800 1.0 2.4929e-02 1.1 0.00e+00 0.0 0.0e+00 0.0e+00 0.0e+00  0  0  0  0  0   0  0  0  0  0     0

--- Event Stage 5: Linear solve

SFBcastBegin        1600 1.0 7.2310e-02 2.4 0.00e+00 0.0 3.6e+05 8.9e+02 0.0e+00  0  0  0  0  0   0  0  0  1  0     0
SFBcastEnd          1600 1.0 6.3073e-02 2.5 0.00e+00 0.0 0.0e+00 0.0e+00 0.0e+00  0  0  0  0  0   0  0  0  0  0     0
SFReduceBegin        800 1.0 4.9464e-02 4.4 0.00e+00 0.0 1.8e+05 8.9e+02 0.0e+00  0  0  0  0  0   0  0  0  0  0     0
SFReduceEnd          800 1.0 3.1929e-01 8.8 0.00e+00 0.0 0.0e+00 0.0e+00 0.0e+00  0  0  0  0  0   0  0  0  0  0     0
VecMDot             3901 1.0 3.0559e+00 1.1 1.39e+09 1.0 0.0e+00 0.0e+00 3.9e+03  0  1  0  0  3   0  1  0  0  4 18022
VecTDot            43010 1.0 3.6748e+00 1.4 1.13e+09 1.0 0.0e+00 0.0e+00 4.3e+04  0  0  0  0 36   1  1  0  0 40 12272
VecNorm            30107 1.0 1.1118e+01 3.0 9.60e+08 1.0 0.0e+00 0.0e+00 3.0e+04  1  0  0  0 25   1  1  0  0 28  3448
VecScale          184943 1.0 2.6826e+00 1.2 2.51e+09 1.0 0.0e+00 0.0e+00 0.0e+00  0  1  0  0  0   0  2  0  0  0 37406
VecCopy           139232 1.0 1.7772e+00 1.1 0.00e+00 0.0 0.0e+00 0.0e+00 0.0e+00  0  0  0  0  0   0  0  0  0  0     0
VecSet           1621477 1.0 1.8908e+01 1.2 0.00e+00 0.0 0.0e+00 0.0e+00 0.0e+00  3  0  0  0  0   3  0  0  0  0     0
VecAXPY            48111 1.0 2.2397e+00 1.0 1.35e+09 1.0 0.0e+00 0.0e+00 0.0e+00  0  1  0  0  0   0  1  0  0  0 24093
VecAYPX          1049444 1.0 1.2266e+01 1.1 4.59e+09 1.0 0.0e+00 0.0e+00 0.0e+00  2  2  0  0  0   2  3  0  0  0 14914
VecAXPBYCZ        516120 1.0 8.1685e+00 1.1 8.28e+09 1.0 0.0e+00 0.0e+00 0.0e+00  1  3  0  0  0   1  5  0  0  0 40374
VecMAXPY            4301 1.0 2.4694e+00 1.1 1.64e+09 1.0 0.0e+00 0.0e+00 0.0e+00  0  1  0  0  0   0  1  0  0  0 26445
VecScatterBegin  1451037 1.0 1.4438e+01 1.8 0.00e+00 0.0 2.0e+08 3.1e+02 0.0e+00  2  0 98 94  0   2  0100 99  0     0
VecScatterEnd    1451037 1.0 3.4706e+01 1.6 0.00e+00 0.0 0.0e+00 0.0e+00 0.0e+00  4  0  0  0  0   4  0  0  0  0     0
VecNormalize        4301 1.0 6.3709e-01 1.6 4.26e+08 1.0 0.0e+00 0.0e+00 4.3e+03  0  0  0  0  4   0  0  0  0  4 26546
MatMult           808188 1.0 2.9698e+02 1.0 7.36e+10 1.0 1.6e+08 3.5e+02 3.1e+04 45 30 79 86 26  51 48 80 90 29  9803
MatMultAdd        320975 1.0 4.0625e+01 1.2 8.31e+09 1.0 2.1e+07 1.8e+02 0.0e+00  6  3 10  6  0   7  5 11  6  0  8143
MatMultTranspose  129030 1.0 1.1727e+01 1.2 2.20e+09 1.0 1.9e+07 1.4e+02 0.0e+00  2  1 10  4  0   2  1 10  4  0  7385
MatSolve          984929 1.2 1.6327e+02 1.0 5.73e+10 1.0 0.0e+00 0.0e+00 0.0e+00 25 23  0  0  0  28 38  0  0  0 13869
MatResidual       129030 1.0 4.2554e+01 1.0 1.11e+10 1.0 2.6e+07 3.4e+02 0.0e+00  6  5 13 13  0   7  7 13 14  0 10331
PCSetUpOnBlocks   468809 1.0 5.8790e-01 1.4 0.00e+00 0.0 0.0e+00 0.0e+00 0.0e+00  0  0  0  0  0   0  0  0  0  0     0
PCApply             4301 1.0 5.5289e+02 1.0 1.18e+11 1.0 2.0e+08 3.0e+02 6.9e+04 86 49 97 93 58  96 78 99 97 64  8485
KSPSolve_FS_0       4301 1.0 3.2389e+00 1.0 7.62e+08 1.0 0.0e+00 0.0e+00 0.0e+00  0  0  0  0  0   1  1  0  0  0  9317
KSPSolve_FS_Schu    4301 1.0 5.4211e+02 1.0 1.16e+11 1.0 2.0e+08 3.0e+02 6.9e+04 84 48 97 92 58  94 76 98 97 64  8486
KSPSolve_FS_Low     4301 1.0 3.4434e+00 1.0 7.62e+08 1.0 0.0e+00 0.0e+00 0.0e+00  1  0  0  0  0   1  1  0  0  0  8764
KSPGMRESOrthog      3901 1.0 4.9763e+00 1.1 2.77e+09 1.0 0.0e+00 0.0e+00 3.9e+03  1  1  0  0  3   1  2  0  0  4 22135
KSPSetUp             400 1.0 3.5405e-04 3.6 0.00e+00 0.0 0.0e+00 0.0e+00 0.0e+00  0  0  0  0  0   0  0  0  0  0     0
KSPSolve             400 1.0 5.6500e+02 1.0 1.23e+11 1.0 2.0e+08 3.1e+02 1.1e+05 88 51 98 94 90  98 81100 99100  8653
SNESSolve            400 1.0 5.7562e+02 1.0 1.52e+11 1.0 2.0e+08 3.1e+02 1.1e+05 90 62 98 95 90 100100100100100 10479
SNESFunctionEval     400 1.0 1.0655e+01 1.0 2.85e+10 1.0 5.5e+05 8.9e+02 0.0e+00  2 12  0  1  0   2 19  0  1  0 107156
SNESJacobianEval     400 1.0 1.6289e-02 1.7 0.00e+00 0.0 0.0e+00 0.0e+00 0.0e+00  0  0  0  0  0   0  0  0  0  0     0
ParLoopExecute      1600 1.0 1.0431e+01 1.0 2.85e+10 1.0 5.5e+05 8.9e+02 0.0e+00  2 12  0  1  0   2 19  0  1  0 109448
ParLoopCells        1600 1.0 9.8911e+00 1.0 2.85e+10 1.0 0.0e+00 0.0e+00 0.0e+00  2 12  0  0  0   2 19  0  0  0 115426
ParLoopRednBegin    1600 1.0 4.7669e-03 1.2 0.00e+00 0.0 0.0e+00 0.0e+00 0.0e+00  0  0  0  0  0   0  0  0  0  0     0
ParLoopRednEnd      1600 1.0 7.0775e-03 1.3 0.00e+00 0.0 0.0e+00 0.0e+00 0.0e+00  0  0  0  0  0   0  0  0  0  0     0
ParLoopset_13        800 1.0 4.4240e-02 1.1 0.00e+00 0.0 0.0e+00 0.0e+00 0.0e+00  0  0  0  0  0   0  0  0  0  0     0
ParLoopset_12        800 1.0 2.4113e-02 1.2 0.00e+00 0.0 0.0e+00 0.0e+00 0.0e+00  0  0  0  0  0   0  0  0  0  0     0
------------------------------------------------------------------------------------------------------------------------

Memory usage is given in bytes:

Object Type          Creations   Destructions     Memory  Descendants' Mem.
Reports information only for process 0.

--- Event Stage 0: Main Stage

           Container    16             16         9344     0.
              Viewer     1              0            0     0.
           Index Set   723            791     58871360     0.
   IS L to G Mapping    16             16     14477912     0.
             Section   230            230       163760     0.
   Star Forest Graph   244            246       205216     0.
              Vector    97            464     45898480     0.
         Vec Scatter    25             51      2151688     0.
              Matrix    78            226     44980832     0.
      Preconditioner     8             44        45136     0.
       Krylov Solver     8             54       480024     0.
     DMKSP interface     0              6         3984     0.
                SNES     7              7         9632     0.
      SNESLineSearch     7              7         7000     0.
              DMSNES     6              6         4080     0.
    Distributed Mesh    88             88       423248     0.
    GraphPartitioner    24             24        14880     0.
     Discrete System    88             88        81664     0.

--- Event Stage 1: Warm up: DU Residuals

           Index Set    12              0            0     0.
   Star Forest Graph     2              0            0     0.
              Vector    52              0            0     0.
              Matrix     4              0            0     0.
      Preconditioner     4              0            0     0.
       Krylov Solver     4              0            0     0.
     DMKSP interface     4              0            0     0.

--- Event Stage 2: Warm up: Linear solve

         PetscRandom    20             20        13080     0.
           Index Set   218            162       422792     0.
   Star Forest Graph    10             10         8800     0.
              Vector   750            434      8193072     0.
         Vec Scatter    74             48        61120     0.
              Matrix   322            178     20486976     0.
      Matrix Coarsen    10             10         6440     0.
      Preconditioner    44             12        10432     0.
       Krylov Solver    54             12       305296     0.
     DMKSP interface     2              0            0     0.

--- Event Stage 3: Warm up


--- Event Stage 4: DU Residuals

              Vector     0              1       157480     0.

--- Event Stage 5: Linear solve

              Vector 15604          15604     25965056     0.
========================================================================================================================
Average time to get PetscTime(): 0.
Average time for MPI_Barrier(): 6.77109e-06
Average time for zero size MPI_Send(): 1.17421e-06
#PETSc Option Table entries:
--dt 28.125
--method RT
--model_degree 1
--nsteps 100
--profile
--refinements 8
-log_view
#End of PETSc Option Table entries
Compiled without FORTRAN kernels
Compiled with full precision matrices (default)
sizeof(short) 2 sizeof(int) 4 sizeof(long) 8 sizeof(void*) 8 sizeof(PetscScalar) 8 sizeof(PetscInt) 4
Configure options: --prefix=/home/scratch/tg2115/src/firedrake/lib/python3.5/site-packages/petsc PETSC_ARCH=arch-python-linux-x86_64 --with-shared-libraries=1 --with-debugging=0 --with-c2html=0 --with-cc=mpicc --with-cxx=mpicxx --with-fc=mpif90 --download-eigen=/home/scratch/tg2115/src/firedrake/src/eigen-3.3.3.tgz --with-fortran-bindings=0 --download-chaco --download-metis --download-parmetis --download-scalapack --download-hypre --download-mumps --download-netcdf --download-hdf5 --download-pnetcdf --download-exodusii
-----------------------------------------
Libraries compiled on 2018-04-17 14:37:37 on mpe2 
Machine characteristics: Linux-4.4.0-116-generic-x86_64-with-Ubuntu-16.04-xenial
Using PETSc directory: /home/scratch/tg2115/src/firedrake/lib/python3.5/site-packages/petsc
Using PETSc arch: 
-----------------------------------------

Using C compiler: mpicc  -fPIC  -Wall -Wwrite-strings -Wno-strict-aliasing -Wno-unknown-pragmas -fstack-protector -fvisibility=hidden -g -O  
Using Fortran compiler: mpif90  -fPIC -Wall -ffree-line-length-0 -Wno-unused-dummy-argument -g -O    
-----------------------------------------

Using include paths: -I/home/scratch/tg2115/src/firedrake/lib/python3.5/site-packages/petsc/include -I/home/scratch/tg2115/src/firedrake/lib/python3.5/site-packages/petsc//include -I/home/scratch/tg2115/src/firedrake/lib/python3.5/site-packages/petsc/include -I/home/scratch/tg2115/src/firedrake/lib/python3.5/site-packages/petsc/include/eigen3
-----------------------------------------

Using C linker: mpicc
Using Fortran linker: mpif90
Using libraries: -Wl,-rpath,/home/scratch/tg2115/src/firedrake/lib/python3.5/site-packages/petsc/lib -L/home/scratch/tg2115/src/firedrake/lib/python3.5/site-packages/petsc/lib -lpetsc -Wl,-rpath,/home/scratch/tg2115/src/firedrake/lib/python3.5/site-packages/petsc/lib -L/home/scratch/tg2115/src/firedrake/lib/python3.5/site-packages/petsc/lib -Wl,-rpath,/usr/lib/openmpi/lib -L/usr/lib/openmpi/lib -Wl,-rpath,/usr/lib/gcc/x86_64-linux-gnu/5 -L/usr/lib/gcc/x86_64-linux-gnu/5 -Wl,-rpath,/usr/lib/x86_64-linux-gnu -L/usr/lib/x86_64-linux-gnu -Wl,-rpath,/lib/x86_64-linux-gnu -L/lib/x86_64-linux-gnu -lcmumps -ldmumps -lsmumps -lzmumps -lmumps_common -lpord -lscalapack -lHYPRE -llapack -lblas -lexodus -lnetcdf -lpnetcdf -lchaco -lhdf5hl_fortran -lhdf5_fortran -lhdf5_hl -lhdf5 -lparmetis -lmetis -lm -lX11 -lstdc++ -ldl -lmpi_usempif08 -lmpi_usempi_ignore_tkr -lmpi_mpifh -lmpi -lgfortran -lm -lgfortran -lm -lgcc_s -lquadmath -lpthread -lstdc++ -ldl
-----------------------------------------

