
Running cold initialization for the problem set:

method: BDM,

model degree: 2,

hybridization: False,



Dt = 28.125,

Courant number (approximate): 0.22135149895683526,

Dx (min): 28.396066451806234 km,

Dx (max): 33.052439495552996 km.

Warm up with one-step.

Warm up done. Profiling run for 100 steps.


Running Williamson 5 test with parameters:

method: BDM,

model degree: 2,

refinements: 8,

hybridization: False,

tmax: 2812.5

Simulation complete.

************************************************************************************************************************
***             WIDEN YOUR WINDOW TO 120 CHARACTERS.  Use 'enscript -r -fCourier9' to print this document            ***
************************************************************************************************************************

---------------------------------------------- PETSc Performance Summary: ----------------------------------------------

swe_williamson5.py on a  named mpe2 with 40 processors, by tg2115 Sat May 12 18:06:32 2018
Using Petsc Development GIT revision: v3.4.2-20859-g7bfdb64  GIT Date: 2018-04-03 16:04:52 -0500

                         Max       Max/Min        Avg      Total 
Time (sec):           8.414e+03      1.00000   8.414e+03
Objects:              3.121e+04      1.01443   3.079e+04
Flop:                 2.761e+12      1.01115   2.747e+12  1.099e+14
Flop/sec:            3.281e+08      1.01115   3.265e+08  1.306e+10
MPI Messages:         1.266e+07      1.89940   9.372e+06  3.749e+08
MPI Message Lengths:  6.459e+09      1.50083   5.852e+02  2.194e+11
MPI Reductions:       2.162e+05      1.00000

Flop counting convention: 1 flop = 1 real number operation of type (multiply/divide/add/subtract)
                            e.g., VecAXPY() for real vectors of length N --> 2N flop
                            and VecAXPY() for complex vectors of length N --> 8N flop

Summary of Stages:   ----- Time ------  ----- Flop -----  --- Messages ---  -- Message Lengths --  -- Reductions --
                        Avg     %Total     Avg     %Total   counts   %Total     Avg         %Total   counts   %Total 
 0:      Main Stage: 5.8702e+01   0.7%  2.7873e+12   2.5%  4.579e+05   0.1%  5.845e+00        1.0%  9.960e+02   0.5% 
 1: Warm up: DU Residuals: 3.7662e+00   0.0%  1.2868e+11   0.1%  1.357e+04   0.0%  1.968e-01        0.0%  7.600e+01   0.0% 
 2: Warm up: Linear solve: 3.8965e+01   0.5%  4.5333e+11   0.4%  1.775e+06   0.5%  2.938e+00        0.5%  2.398e+03   1.1% 
 3:         Warm up: 2.9044e-03   0.0%  0.0000e+00   0.0%  0.000e+00   0.0%  0.000e+00        0.0%  0.000e+00   0.0% 
 4:    DU Residuals: 4.2595e+02   5.1%  1.2917e+13  11.8%  2.314e+06   0.6%  3.519e+01        6.0%  1.470e+04   6.8% 
 5:    Linear solve: 7.8864e+03  93.7%  9.3588e+13  85.2%  3.703e+08  98.8%  5.410e+02       92.5%  1.980e+05  91.6% 

------------------------------------------------------------------------------------------------------------------------
See the 'Profiling' chapter of the users' manual for details on interpreting output.
Phase summary info:
   Count: number of times phase was executed
   Time and Flop: Max - maximum over all processors
                   Ratio - ratio of maximum to minimum over all processors
   Mess: number of messages sent
   Avg. len: average message length (bytes)
   Reduct: number of global reductions
   Global: entire computation
   Stage: stages of a computation. Set stages with PetscLogStagePush() and PetscLogStagePop().
      %T - percent time in this phase         %F - percent flop in this phase
      %M - percent messages in this phase     %L - percent message lengths in this phase
      %R - percent reductions in this phase
   Total Mflop/s: 10e-6 * (sum of flop over all processors)/(max time over all processors)
------------------------------------------------------------------------------------------------------------------------
Event                Count      Time (sec)     Flop                             --- Global ---  --- Stage ---   Total
                   Max Ratio  Max     Ratio   Max  Ratio  Mess   Avg len Reduct  %T %F %M %L %R  %T %F %M %L %R Mflop/s
------------------------------------------------------------------------------------------------------------------------

--- Event Stage 0: Main Stage

PetscBarrier          16 1.0 1.9223e+00 1.0 0.00e+00 0.0 0.0e+00 0.0e+00 4.8e+01  0  0  0  0  0   3  0  0  0  5     0
BuildTwoSided         70 1.0 2.4720e+0087.7 0.00e+00 0.0 1.0e+04 4.0e+00 0.0e+00  0  0  0  0  0   4  0  2  0  0     0
BuildTwoSidedF        27 1.0 1.9872e+00 9.1 0.00e+00 0.0 3.8e+03 4.7e+04 0.0e+00  0  0  0  0  0   1  0  1  8  0     0
SFSetGraph            76 1.0 4.6124e-03 1.1 0.00e+00 0.0 0.0e+00 0.0e+00 0.0e+00  0  0  0  0  0   0  0  0  0  0     0
SFSetUp               70 1.0 2.5516e+0021.8 0.00e+00 0.0 3.1e+04 3.9e+03 0.0e+00  0  0  0  0  0   4  0  7  6  0     0
SFBcastBegin         963 1.0 5.4524e-01 1.4 0.00e+00 0.0 2.2e+05 4.3e+03 0.0e+00  0  0  0  0  0   1  0 49 44  0     0
SFBcastEnd           963 1.0 2.3674e+00 3.2 0.00e+00 0.0 0.0e+00 0.0e+00 0.0e+00  0  0  0  0  0   3  0  0  0  0     0
SFReduceBegin        809 1.0 1.5253e-01 8.0 0.00e+00 0.0 1.8e+05 3.6e+03 0.0e+00  0  0  0  0  0   0  0 40 30  0     0
SFReduceEnd          809 1.0 1.5416e+00 3.9 0.00e+00 0.0 0.0e+00 0.0e+00 0.0e+00  0  0  0  0  0   2  0  0  0  0     0
SFFetchOpBegin         2 1.0 6.6042e-05 5.4 0.00e+00 0.0 2.3e+02 5.4e+02 0.0e+00  0  0  0  0  0   0  0  0  0  0     0
SFFetchOpEnd           2 1.0 1.6594e-04 3.5 0.00e+00 0.0 2.3e+02 5.4e+02 0.0e+00  0  0  0  0  0   0  0  0  0  0     0
VecTDot               38 1.0 2.2152e-02 1.2 7.52e+06 1.0 0.0e+00 0.0e+00 3.8e+01  0  0  0  0  0   0  0  0  0  4 13491
VecNorm              420 1.0 9.8923e-01 2.3 1.15e+08 1.0 0.0e+00 0.0e+00 4.2e+02  0  0  0  0  0   1  0  0  0 42  4611
VecCopy                6 1.0 3.7889e-03 1.7 0.00e+00 0.0 0.0e+00 0.0e+00 0.0e+00  0  0  0  0  0   0  0  0  0  0     0
VecSet                64 1.0 1.2429e-02 2.5 0.00e+00 0.0 0.0e+00 0.0e+00 0.0e+00  0  0  0  0  0   0  0  0  0  0     0
VecAXPY               39 1.0 2.7929e-02 1.1 7.72e+06 1.0 0.0e+00 0.0e+00 0.0e+00  0  0  0  0  0   0  0  0  0  0 10982
VecAYPX               18 1.0 9.5217e-03 1.1 3.56e+06 1.0 0.0e+00 0.0e+00 0.0e+00  0  0  0  0  0   0  0  0  0  0 14867
VecScatterBegin       31 1.0 7.8619e-03 2.5 0.00e+00 0.0 6.5e+03 2.0e+04 0.0e+00  0  0  0  0  0   0  0  1  6  0     0
VecScatterEnd         31 1.0 2.2385e-02 4.9 0.00e+00 0.0 0.0e+00 0.0e+00 0.0e+00  0  0  0  0  0   0  0  0  0  0     0
MatMult               19 1.0 1.7267e-01 1.0 6.36e+07 1.0 4.3e+03 3.1e+03 0.0e+00  0  0  0  0  0   0  0  1  1  0 14624
MatSolve              20 1.0 2.1245e-01 1.0 6.65e+07 1.0 0.0e+00 0.0e+00 0.0e+00  0  0  0  0  0   0  0  0  0  0 12434
MatLUFactorNum         1 1.0 5.1533e-02 1.1 1.60e+07 1.0 0.0e+00 0.0e+00 0.0e+00  0  0  0  0  0   0  0  0  0  0 12195
MatILUFactorSym        1 1.0 3.5786e-02 1.5 0.00e+00 0.0 0.0e+00 0.0e+00 0.0e+00  0  0  0  0  0   0  0  0  0  0     0
MatAssemblyBegin      27 1.0 2.0707e+00 7.4 0.00e+00 0.0 3.8e+03 4.7e+04 0.0e+00  0  0  0  0  0   1  0  1  8  0     0
MatAssemblyEnd        27 1.0 1.2372e+00 7.2 0.00e+00 0.0 4.1e+03 8.3e+02 1.0e+02  0  0  0  0  0   1  0  1  0 10     0
MatGetRowIJ            1 1.0 1.1921e-06 0.0 0.00e+00 0.0 0.0e+00 0.0e+00 0.0e+00  0  0  0  0  0   0  0  0  0  0     0
MatGetOrdering         1 1.0 3.9999e-03 2.2 0.00e+00 0.0 0.0e+00 0.0e+00 0.0e+00  0  0  0  0  0   0  0  0  0  0     0
MatZeroEntries         1 1.0 7.4949e-03 1.2 0.00e+00 0.0 0.0e+00 0.0e+00 0.0e+00  0  0  0  0  0   0  0  0  0  0     0
PCSetUp                2 1.0 9.0116e-02 1.2 1.60e+07 1.0 0.0e+00 0.0e+00 0.0e+00  0  0  0  0  0   0  0  0  0  0  6974
PCSetUpOnBlocks        1 1.0 9.0018e-02 1.2 1.60e+07 1.0 0.0e+00 0.0e+00 0.0e+00  0  0  0  0  0   0  0  0  0  0  6981
PCApply               20 1.0 2.1795e-01 1.0 6.65e+07 1.0 0.0e+00 0.0e+00 0.0e+00  0  0  0  0  0   0  0  0  0  0 12120
KSPSetUp               2 1.0 1.8830e-03 3.0 0.00e+00 0.0 0.0e+00 0.0e+00 0.0e+00  0  0  0  0  0   0  0  0  0  0     0
KSPSolve               1 1.0 5.4156e-01 1.0 1.69e+08 1.0 4.3e+03 3.1e+03 5.8e+01  0  0  0  0  0   1  0  1  1  6 12356
SNESSolve              1 1.0 6.7161e-01 1.0 2.49e+08 1.0 5.0e+03 4.1e+03 5.8e+01  0  0  0  0  0   1  0  1  1  6 14772
SNESFunctionEval       1 1.0 1.9531e-02 1.1 2.00e+07 1.0 4.6e+02 5.3e+03 0.0e+00  0  0  0  0  0   0  0  0  0  0 40857
SNESJacobianEval       1 1.0 1.1008e-01 1.0 6.06e+07 1.0 1.7e+02 2.6e+04 0.0e+00  0  0  0  0  0   0  0  0  0  0 22014
Mesh Partition         4 1.0 4.9023e+00 1.0 0.00e+00 0.0 4.4e+04 1.5e+03 2.0e+01  0  0  0  0  0   8  0 10  3  2     0
Mesh Migration         4 1.0 7.7646e-01 1.0 0.00e+00 0.0 1.8e+04 1.8e+04 8.8e+01  0  0  0  0  0   1  0  4 15  9     0
DMPlexInterp           2 1.0 6.7306e-04 1.3 0.00e+00 0.0 0.0e+00 0.0e+00 8.0e+00  0  0  0  0  0   0  0  0  0  1     0
DMPlexDistribute       2 1.0 5.5672e+00 1.0 0.00e+00 0.0 2.2e+04 2.0e+04 4.0e+01  0  0  0  0  0   9  0  5 19  4     0
DMPlexDistCones        4 1.0 2.3429e-01 1.0 0.00e+00 0.0 4.3e+03 3.0e+04 0.0e+00  0  0  0  0  0   0  0  1  6  0     0
DMPlexDistLabels       4 1.0 3.7537e-01 1.0 0.00e+00 0.0 6.1e+03 1.9e+04 5.2e+01  0  0  0  0  0   1  0  1  5  5     0
DMPlexDistribOL        2 1.0 1.6790e-01 1.0 0.00e+00 0.0 4.1e+04 5.2e+02 6.8e+01  0  0  0  0  0   0  0  9  1  7     0
DMPlexDistField        6 1.0 5.4987e-02 1.0 0.00e+00 0.0 5.9e+03 7.4e+03 4.0e+00  0  0  0  0  0   0  0  1  2  0     0
DMPlexDistData         4 1.0 2.4665e+0042.3 0.00e+00 0.0 3.9e+04 1.0e+03 0.0e+00  0  0  0  0  0   4  0  8  2  0     0
DMPlexStratify        24 1.0 1.8451e+00 1.8 0.00e+00 0.0 0.0e+00 0.0e+00 2.4e+01  0  0  0  0  0   3  0  0  0  2     0
CreateMesh            10 1.0 6.4833e+00 1.0 0.00e+00 0.0 6.3e+04 7.1e+03 1.2e+02  0  0  0  0  0  11  0 14 20 12     0
Mesh: reorder          2 1.0 1.2083e-02 1.1 0.00e+00 0.0 0.0e+00 0.0e+00 4.0e+00  0  0  0  0  0   0  0  0  0  0     0
Mesh: numbering        2 1.0 6.5715e-02 1.0 0.00e+00 0.0 0.0e+00 0.0e+00 4.0e+00  0  0  0  0  0   0  0  0  0  0     0
CreateFunctionSpace      40 1.0 8.2271e-01 1.1 0.00e+00 0.0 1.6e+03 1.1e+03 0.0e+00  0  0  0  0  0   1  0  0  0  0     0
ParLoopExecute      2835 1.0 2.9435e+01 1.0 6.94e+10 1.0 3.7e+05 3.5e+03 2.4e+01  0  3  0  1  0  50100 81 59  2 94316
ParLoopCells        1646 1.0 2.5443e+01 1.1 6.92e+10 1.0 0.0e+00 0.0e+00 0.0e+00  0  3  0  0  0  42 99  0  0  0 108855
ParLoopRednBegin    2835 1.0 2.2787e-01 1.7 0.00e+00 0.0 0.0e+00 0.0e+00 0.0e+00  0  0  0  0  0   0  0  0  0  0     0
ParLoopRednEnd      2835 1.0 3.1569e-02 1.2 0.00e+00 0.0 0.0e+00 0.0e+00 0.0e+00  0  0  0  0  0   0  0  0  0  0     0
ParLoopset_4           4 1.0 2.3320e-03 1.5 0.00e+00 0.0 0.0e+00 0.0e+00 0.0e+00  0  0  0  0  0   0  0  0  0  0     0
CreateSparsity        12 1.0 9.3153e+00 1.1 0.00e+00 0.0 3.5e+03 2.4e+04 5.6e+01  0  0  0  0  0  14  0  1  4  6     0
MatZeroInitial        13 1.0 1.7441e+00 1.0 0.00e+00 0.0 0.0e+00 0.0e+00 0.0e+00  0  0  0  0  0   3  0  0  0  0     0
ParLoopset_6           2 1.0 2.1741e-03 1.1 0.00e+00 0.0 0.0e+00 0.0e+00 0.0e+00  0  0  0  0  0   0  0  0  0  0     0
ParLoopset_7           2 1.0 2.8300e-04 1.8 0.00e+00 0.0 0.0e+00 0.0e+00 0.0e+00  0  0  0  0  0   0  0  0  0  0     0
ParLoopset_12          4 1.0 5.7673e-04 1.8 0.00e+00 0.0 0.0e+00 0.0e+00 0.0e+00  0  0  0  0  0   0  0  0  0  0     0
ParLoopset_14       2006 1.0 5.8386e-01 1.1 1.19e+08 1.0 0.0e+00 0.0e+00 0.0e+00  0  0  0  0  0   1  0  0  0  0  8082
ParLoopset_15       2006 1.0 2.5241e-01 1.1 4.72e+07 1.0 0.0e+00 0.0e+00 0.0e+00  0  0  0  0  0   0  0  0  0  0  7484

--- Event Stage 1: Warm up: DU Residuals

BuildTwoSided          4 1.0 9.9301e-04 3.0 0.00e+00 0.0 4.6e+02 4.0e+00 0.0e+00  0  0  0  0  0   0  0  3  0  0     0
BuildTwoSidedF         8 1.0 4.0910e-02 6.1 0.00e+00 0.0 3.4e+02 2.6e+04 0.0e+00  0  0  0  0  0   1  0  3 12  0     0
SFSetGraph             8 1.0 7.9632e-04 1.1 0.00e+00 0.0 0.0e+00 0.0e+00 0.0e+00  0  0  0  0  0   0  0  0  0  0     0
SFSetUp                4 1.0 1.6551e-03 1.5 0.00e+00 0.0 1.4e+03 1.2e+03 0.0e+00  0  0  0  0  0   0  0 10  2  0     0
SFBcastBegin          14 1.0 1.2474e-03 2.1 0.00e+00 0.0 3.2e+03 2.5e+03 0.0e+00  0  0  0  0  0   0  0 24 11  0     0
SFBcastEnd            14 1.0 6.3503e-0320.6 0.00e+00 0.0 0.0e+00 0.0e+00 0.0e+00  0  0  0  0  0   0  0  0  0  0     0
SFReduceBegin          8 1.0 3.2282e-04 1.7 0.00e+00 0.0 1.8e+03 3.5e+03 0.0e+00  0  0  0  0  0   0  0 13  9  0     0
SFReduceEnd            8 1.0 1.5538e-0217.3 0.00e+00 0.0 0.0e+00 0.0e+00 0.0e+00  0  0  0  0  0   0  0  0  0  0     0
VecMDot               30 1.0 1.0660e-01 1.2 4.75e+07 1.0 0.0e+00 0.0e+00 3.0e+01  0  0  0  0  0   3  1  0  0 39 17705
VecNorm               34 1.0 4.7196e-02 5.1 6.49e+06 1.0 0.0e+00 0.0e+00 3.4e+01  0  0  0  0  0   1  0  0  0 45  5465
VecScale              32 1.0 3.9372e-03 1.3 3.17e+06 1.0 0.0e+00 0.0e+00 0.0e+00  0  0  0  0  0   0  0  0  0  0 31959
VecCopy               20 1.0 8.3294e-03 1.2 0.00e+00 0.0 0.0e+00 0.0e+00 0.0e+00  0  0  0  0  0   0  0  0  0  0     0
VecSet                40 1.0 1.1351e-02 1.6 0.00e+00 0.0 0.0e+00 0.0e+00 0.0e+00  0  0  0  0  0   0  0  0  0  0     0
VecAXPY                6 1.0 3.2465e-03 1.1 9.49e+05 1.0 0.0e+00 0.0e+00 0.0e+00  0  0  0  0  0   0  0  0  0  0 11627
VecMAXPY              32 1.0 1.2595e-01 1.1 5.34e+07 1.0 0.0e+00 0.0e+00 0.0e+00  0  0  0  0  0   3  2  0  0  0 16859
VecScatterBegin       30 1.0 2.3398e-03 1.8 0.00e+00 0.0 6.8e+03 7.2e+03 0.0e+00  0  0  0  0  0   0  0 50 66  0     0
VecScatterEnd         30 1.0 2.4633e-02 9.7 0.00e+00 0.0 0.0e+00 0.0e+00 0.0e+00  0  0  0  0  0   0  0  0  0  0     0
VecNormalize          32 1.0 4.8736e-02 4.7 9.50e+06 1.0 0.0e+00 0.0e+00 3.2e+01  0  0  0  0  0   1  0  0  0 42  7746
MatMult               30 1.0 6.8606e-01 1.0 2.93e+08 1.0 6.8e+03 7.2e+03 0.0e+00  0  0  0  0  0  18  9 50 66  0 16954
MatSolve              34 1.0 7.6961e-01 1.0 3.10e+08 1.0 0.0e+00 0.0e+00 0.0e+00  0  0  0  0  0  20 10  0  0  0 16012
MatLUFactorNum         4 1.0 2.5843e-01 1.1 1.07e+08 1.0 0.0e+00 0.0e+00 0.0e+00  0  0  0  0  0   7  3  0  0  0 16300
MatILUFactorSym        4 1.0 2.0930e-01 1.0 0.00e+00 0.0 0.0e+00 0.0e+00 0.0e+00  0  0  0  0  0   5  0  0  0  0     0
MatAssemblyBegin       8 1.0 4.2251e-02 4.3 0.00e+00 0.0 3.4e+02 2.6e+04 0.0e+00  0  0  0  0  0   1  0  3 12  0     0
MatAssemblyEnd         8 1.0 5.3415e-02 1.1 0.00e+00 0.0 0.0e+00 0.0e+00 0.0e+00  0  0  0  0  0   1  0  0  0  0     0
MatGetRowIJ            4 1.0 9.0599e-06 9.5 0.00e+00 0.0 0.0e+00 0.0e+00 0.0e+00  0  0  0  0  0   0  0  0  0  0     0
MatGetOrdering         4 1.0 8.2791e-03 1.1 0.00e+00 0.0 0.0e+00 0.0e+00 0.0e+00  0  0  0  0  0   0  0  0  0  0     0
MatZeroEntries         4 1.0 4.7302e-02 1.1 0.00e+00 0.0 0.0e+00 0.0e+00 0.0e+00  0  0  0  0  0   1  0  0  0  0     0
PCSetUp                8 1.0 4.7450e-01 1.1 1.07e+08 1.0 0.0e+00 0.0e+00 0.0e+00  0  0  0  0  0  12  3  0  0  0  8877
PCSetUpOnBlocks        4 1.0 4.7417e-01 1.1 1.07e+08 1.0 0.0e+00 0.0e+00 0.0e+00  0  0  0  0  0  12  3  0  0  0  8884
PCApply               34 1.0 7.8095e-01 1.0 3.10e+08 1.0 0.0e+00 0.0e+00 0.0e+00  0  0  0  0  0  20 10  0  0  0 15779
KSPGMRESOrthog        30 1.0 2.1455e-01 1.1 9.50e+07 1.0 0.0e+00 0.0e+00 3.0e+01  0  0  0  0  0   5  3  0  0 39 17594
KSPSetUp               8 1.0 6.8438e-03 1.2 0.00e+00 0.0 0.0e+00 0.0e+00 0.0e+00  0  0  0  0  0   0  0  0  0  0     0
KSPSolve               4 1.0 2.1775e+00 1.0 8.21e+08 1.0 6.8e+03 7.2e+03 6.4e+01  0  0  0  0  0  58 25 50 66 84 14960
SNESSolve              4 1.0 3.7603e+00 1.0 3.23e+09 1.0 1.4e+04 5.4e+03 7.2e+01  0  0  0  0  0 100100100100 95 34220
SNESFunctionEval       4 1.0 3.9345e-01 1.0 8.58e+08 1.0 6.4e+03 2.5e+03 8.0e+00  0  0  0  0  0  10 27 47 22 11 86933
SNESJacobianEval       4 1.0 1.1923e+00 1.0 1.56e+09 1.0 3.4e+02 2.6e+04 0.0e+00  0  0  0  0  0  32 48  3 12  0 51896
ParLoopExecute        20 1.0 1.4618e+00 1.0 2.41e+09 1.0 6.4e+03 2.5e+03 8.0e+00  0  0  0  0  0  38 75 47 22 11 65726
ParLoopCells          16 1.0 6.7330e-01 1.1 1.31e+09 1.0 0.0e+00 0.0e+00 0.0e+00  0  0  0  0  0  18 41  0  0  0 77631
ParLoopRednBegin      20 1.0 6.8498e-04 1.6 0.00e+00 0.0 0.0e+00 0.0e+00 0.0e+00  0  0  0  0  0   0  0  0  0  0     0
ParLoopRednEnd        20 1.0 1.1110e-04 1.3 0.00e+00 0.0 0.0e+00 0.0e+00 0.0e+00  0  0  0  0  0   0  0  0  0  0     0
ParLoopset_6           2 1.0 5.3692e-04 2.6 0.00e+00 0.0 0.0e+00 0.0e+00 0.0e+00  0  0  0  0  0   0  0  0  0  0     0
ParLoopset_7           2 1.0 1.4691e-03 1.1 0.00e+00 0.0 0.0e+00 0.0e+00 0.0e+00  0  0  0  0  0   0  0  0  0  0     0
ParLoopIntFacets      16 1.0 7.2607e-01 1.0 1.11e+09 1.0 0.0e+00 0.0e+00 0.0e+00  0  0  0  0  0  19 34  0  0  0 60337
ParLoopset_14          2 1.0 4.1318e-04 1.1 0.00e+00 0.0 0.0e+00 0.0e+00 0.0e+00  0  0  0  0  0   0  0  0  0  0     0
ParLoopset_15          2 1.0 2.0909e-04 1.1 0.00e+00 0.0 0.0e+00 0.0e+00 0.0e+00  0  0  0  0  0   0  0  0  0  0     0

--- Event Stage 2: Warm up: Linear solve

BuildTwoSided         10 1.0 1.0803e-03 1.3 0.00e+00 0.0 1.0e+03 4.0e+00 0.0e+00  0  0  0  0  0   0  0  0  0  0     0
BuildTwoSidedF       102 1.0 5.1703e-02 1.8 0.00e+00 0.0 5.9e+03 5.8e+03 0.0e+00  0  0  0  0  0   0  0  0  3  0     0
SFSetGraph            10 1.0 4.2915e-06 0.0 0.00e+00 0.0 0.0e+00 0.0e+00 0.0e+00  0  0  0  0  0   0  0  0  0  0     0
SFSetUp               10 1.0 1.5299e-03 1.2 0.00e+00 0.0 3.0e+03 3.2e+02 0.0e+00  0  0  0  0  0   0  0  0  0  0     0
SFBcastBegin          54 1.0 1.2889e-03 1.6 0.00e+00 0.0 1.2e+04 9.4e+02 0.0e+00  0  0  0  0  0   0  0  1  1  0     0
SFBcastEnd            54 1.0 4.7481e-03 6.1 0.00e+00 0.0 0.0e+00 0.0e+00 0.0e+00  0  0  0  0  0   0  0  0  0  0     0
SFReduceBegin          4 1.0 1.5187e-04 1.6 0.00e+00 0.0 9.1e+02 3.5e+03 0.0e+00  0  0  0  0  0   0  0  0  0  0     0
SFReduceEnd            4 1.0 7.0260e-0336.2 0.00e+00 0.0 0.0e+00 0.0e+00 0.0e+00  0  0  0  0  0   0  0  0  0  0     0
VecMDot              232 1.0 2.2339e-01 1.2 9.38e+07 1.0 0.0e+00 0.0e+00 2.3e+02  0  0  0  0  0   1  1  0  0 10 16730
VecTDot              360 1.0 1.4950e-01 2.0 2.83e+07 1.0 0.0e+00 0.0e+00 3.6e+02  0  0  0  0  0   0  0  0  0 15  7575
VecNorm              468 1.0 3.7484e-01 2.9 3.00e+07 1.0 0.0e+00 0.0e+00 4.7e+02  0  0  0  0  0   1  0  0  0 20  3191
VecScale            1772 1.0 2.2543e-01 1.3 6.62e+07 1.0 0.0e+00 0.0e+00 0.0e+00  0  0  0  0  0   0  1  0  0  0 11751
VecCopy             1168 1.0 5.5548e-02 1.1 0.00e+00 0.0 0.0e+00 0.0e+00 0.0e+00  0  0  0  0  0   0  0  0  0  0     0
VecSet             13736 1.0 9.2262e-01 1.5 0.00e+00 0.0 0.0e+00 0.0e+00 0.0e+00  0  0  0  0  0   2  0  0  0  0     0
VecAXPY              418 1.0 8.4857e-02 1.1 3.65e+07 1.0 0.0e+00 0.0e+00 0.0e+00  0  0  0  0  0   0  0  0  0  0 17175
VecAYPX             8706 1.0 4.0509e-01 1.1 1.02e+08 1.0 0.0e+00 0.0e+00 0.0e+00  0  0  0  0  0   1  1  0  0  0 10049
VecAXPBYCZ          4280 1.0 2.8693e-01 1.2 1.81e+08 1.0 0.0e+00 0.0e+00 0.0e+00  0  0  0  0  0   1  2  0  0  0 25173
VecMAXPY             254 1.0 2.3294e-01 1.1 1.06e+08 1.0 0.0e+00 0.0e+00 0.0e+00  0  0  0  0  0   1  1  0  0  0 18136
VecAssemblyBegin      32 1.0 3.4838e-03 1.7 0.00e+00 0.0 0.0e+00 0.0e+00 0.0e+00  0  0  0  0  0   0  0  0  0  0     0
VecAssemblyEnd        32 1.0 6.6042e-05 1.3 0.00e+00 0.0 0.0e+00 0.0e+00 0.0e+00  0  0  0  0  0   0  0  0  0  0     0
VecPointwiseMult     110 1.0 7.3311e-03 1.1 9.30e+05 1.0 0.0e+00 0.0e+00 0.0e+00  0  0  0  0  0   0  0  0  0  0  5064
VecScatterBegin    12304 1.0 7.7777e-01 5.2 0.00e+00 0.0 1.7e+06 5.5e+02 0.0e+00  0  0  0  0  0   1  0 96 85  0     0
VecScatterEnd      12304 1.0 1.4331e+00 2.1 0.00e+00 0.0 0.0e+00 0.0e+00 0.0e+00  0  0  0  0  0   3  0  0  0  0     0
VecSetRandom          10 1.0 5.7068e-03 1.0 0.00e+00 0.0 0.0e+00 0.0e+00 0.0e+00  0  0  0  0  0   0  0  0  0  0     0
VecNormalize         254 1.0 4.2998e-02 1.6 1.97e+07 1.0 0.0e+00 0.0e+00 2.5e+02  0  0  0  0  0   0  0  0  0 11 18240
MatMult             6900 1.0 2.8077e+01 1.0 8.30e+09 1.0 1.4e+06 6.4e+02 2.6e+02  0  0  0  0  0  71 73 78 80 11 11759
MatMultAdd          2682 1.0 1.8741e+00 1.1 5.73e+08 1.0 1.8e+05 3.3e+02 0.0e+00  0  0  0  0  0   5  5 10  5  0 12194
MatMultTranspose    1070 1.0 6.6258e-01 3.9 4.40e+07 1.0 1.6e+05 1.4e+02 0.0e+00  0  0  0  0  0   1  0  9  2  0  2644
MatSolve            8296 1.2 2.0488e+01 1.0 6.42e+09 1.0 0.0e+00 0.0e+00 0.0e+00  0  0  0  0  0  52 56  0  0  0 12460
MatLUFactorSym         2 1.0 2.6226e-05 1.8 0.00e+00 0.0 0.0e+00 0.0e+00 0.0e+00  0  0  0  0  0   0  0  0  0  0     0
MatLUFactorNum        14 1.0 1.2175e-01 1.1 3.81e+07 1.0 0.0e+00 0.0e+00 0.0e+00  0  0  0  0  0   0  0  0  0  0 12331
MatILUFactorSym       12 1.0 7.2522e-02 1.1 0.00e+00 0.0 0.0e+00 0.0e+00 0.0e+00  0  0  0  0  0   0  0  0  0  0     0
MatConvert            12 1.0 3.6699e-02 1.1 0.00e+00 0.0 0.0e+00 0.0e+00 0.0e+00  0  0  0  0  0   0  0  0  0  0     0
MatScale              34 1.0 2.7386e-02 1.0 4.35e+06 1.0 2.0e+03 5.8e+02 0.0e+00  0  0  0  0  0   0  0  0  0  0  6326
MatResidual         1070 1.0 4.2455e+00 1.1 1.17e+09 1.0 2.1e+05 5.8e+02 0.0e+00  0  0  0  0  0  10 10 12 11  0 10968
MatAssemblyBegin     220 1.0 5.5329e-02 1.7 0.00e+00 0.0 5.9e+03 5.8e+03 0.0e+00  0  0  0  0  0   0  0  0  3  0     0
MatAssemblyEnd       220 1.0 1.6164e-01 1.1 0.00e+00 0.0 1.9e+04 1.3e+02 4.3e+02  0  0  0  0  0   0  0  1  0 18     0
MatGetRow         410838 1.0 9.3550e-02 1.1 0.00e+00 0.0 0.0e+00 0.0e+00 0.0e+00  0  0  0  0  0   0  0  0  0  0     0
MatGetRowIJ           14 1.4 1.0967e-0511.5 0.00e+00 0.0 0.0e+00 0.0e+00 0.0e+00  0  0  0  0  0   0  0  0  0  0     0
MatCreateSubMat       16 1.0 2.1268e-02 1.0 0.00e+00 0.0 6.4e+02 1.3e+02 1.4e+02  0  0  0  0  0   0  0  0  0  6     0
MatGetOrdering        14 1.4 7.5419e-03 1.1 0.00e+00 0.0 0.0e+00 0.0e+00 0.0e+00  0  0  0  0  0   0  0  0  0  0     0
MatCoarsen            10 1.0 1.3851e-02 1.0 0.00e+00 0.0 1.3e+04 4.4e+02 2.6e+01  0  0  0  0  0   0  0  1  1  1     0
MatZeroEntries        14 1.0 4.4113e-02 1.3 0.00e+00 0.0 0.0e+00 0.0e+00 0.0e+00  0  0  0  0  0   0  0  0  0  0     0
MatAXPY               12 1.0 1.8113e-01 1.0 0.00e+00 0.0 9.1e+02 4.1e+02 2.0e+01  0  0  0  0  0   0  0  0  0  1     0
MatMatMult            12 1.0 2.5488e-01 1.0 1.19e+07 1.0 1.4e+04 7.1e+02 1.5e+02  0  0  0  0  0   1  0  1  1  6  1874
MatMatMultSym         12 1.0 2.0137e-01 1.0 0.00e+00 0.0 1.1e+04 5.5e+02 1.4e+02  0  0  0  0  0   1  0  1  1  6     0
MatMatMultNum         12 1.0 5.1818e-02 1.0 1.19e+07 1.0 2.2e+03 1.5e+03 0.0e+00  0  0  0  0  0   0  0  0  0  0  9220
MatPtAP               10 1.0 1.2686e-01 1.0 7.89e+06 1.0 2.1e+04 6.1e+02 1.5e+02  0  0  0  0  0   0  0  1  1  6  2467
MatPtAPSymbolic       10 1.0 9.2558e-02 1.1 0.00e+00 0.0 1.2e+04 6.5e+02 7.0e+01  0  0  0  0  0   0  0  1  1  3     0
MatPtAPNumeric        10 1.0 3.4214e-02 1.0 7.89e+06 1.0 8.8e+03 5.6e+02 8.0e+01  0  0  0  0  0   0  0  0  0  3  9147
MatTrnMatMult          2 1.0 6.3212e-01 1.0 2.50e+07 1.0 3.0e+03 8.0e+03 3.2e+01  0  0  0  0  0   2  0  0  2  1  1583
MatTrnMatMultSym       2 1.0 4.0034e-01 1.0 0.00e+00 0.0 1.4e+03 3.8e+03 1.6e+01  0  0  0  0  0   1  0  0  0  1     0
MatTrnMatMultNum       2 1.0 2.3304e-01 1.0 2.50e+07 1.0 1.6e+03 1.2e+04 1.6e+01  0  0  0  0  0   1  0  0  2  1  4295
MatGetLocalMat        36 1.0 6.4511e-02 1.0 0.00e+00 0.0 0.0e+00 0.0e+00 0.0e+00  0  0  0  0  0   0  0  0  0  0     0
MatGetBrAoCol         34 1.0 1.3472e-02 2.0 0.00e+00 0.0 1.5e+04 1.0e+03 0.0e+00  0  0  0  0  0   0  0  1  1  0     0
PCGAMGGraph_AGG       10 1.0 2.5870e-01 1.0 2.04e+06 1.0 6.0e+03 2.9e+02 1.2e+02  0  0  0  0  0   1  0  0  0  5   315
PCGAMGCoarse_AGG      10 1.0 6.8493e-01 1.0 2.50e+07 1.0 1.8e+04 2.0e+03 6.6e+01  0  0  0  0  0   2  0  1  3  3  1461
PCGAMGProl_AGG        10 1.0 4.6424e-02 1.0 0.00e+00 0.0 7.8e+03 5.8e+02 1.6e+02  0  0  0  0  0   0  0  0  0  7     0
PCGAMGPOpt_AGG        10 1.0 2.4941e-01 1.0 4.62e+07 1.0 3.2e+04 4.8e+02 4.1e+02  0  0  0  0  0   1  0  2  1 17  7390
GAMG: createProl      10 1.0 1.2488e+00 1.0 7.32e+07 1.0 6.4e+04 9.0e+02 7.6e+02  0  0  0  0  0   3  1  4  5 32  2342
  Graph               20 1.0 2.5831e-01 1.0 2.04e+06 1.0 6.0e+03 2.9e+02 1.2e+02  0  0  0  0  0   1  0  0  0  5   315
  MIS/Agg             10 1.0 1.3993e-02 1.0 0.00e+00 0.0 1.3e+04 4.4e+02 2.6e+01  0  0  0  0  0   0  0  1  1  1     0
  SA: col data        10 1.0 1.4148e-02 1.0 0.00e+00 0.0 4.0e+03 9.6e+02 4.0e+01  0  0  0  0  0   0  0  0  0  2     0
  SA: frmProl0        10 1.0 2.8652e-02 1.0 0.00e+00 0.0 3.8e+03 1.7e+02 8.0e+01  0  0  0  0  0   0  0  0  0  3     0
  SA: smooth          10 1.0 1.2102e-01 1.0 2.45e+06 1.0 1.2e+04 3.0e+02 1.4e+02  0  0  0  0  0   0  0  1  0  6   808
GAMG: partLevel       10 1.0 1.3334e-01 1.0 7.89e+06 1.0 2.1e+04 5.9e+02 3.5e+02  0  0  0  0  0   0  0  1  1 15  2347
  repartition          6 1.0 3.8385e-04 1.0 0.00e+00 0.0 0.0e+00 0.0e+00 2.4e+01  0  0  0  0  0   0  0  0  0  1     0
  Invert-Sort          4 1.0 7.1120e-04 1.4 0.00e+00 0.0 0.0e+00 0.0e+00 1.6e+01  0  0  0  0  0   0  0  0  0  1     0
  Move A               4 1.0 2.6109e-03 1.0 0.00e+00 0.0 3.9e+02 2.0e+02 6.8e+01  0  0  0  0  0   0  0  0  0  3     0
  Move P               4 1.0 2.1789e-03 1.0 0.00e+00 0.0 2.6e+02 1.9e+01 6.8e+01  0  0  0  0  0   0  0  0  0  3     0
PCSetUp               20 1.0 2.0317e+00 1.0 1.31e+08 1.0 8.8e+04 1.9e+03 1.3e+03  0  0  0  0  1   5  1  5 15 53  2565
PCSetUpOnBlocks     3916 1.0 2.0523e-01 1.1 3.81e+07 1.0 0.0e+00 0.0e+00 0.0e+00  0  0  0  0  0   1  0  0  0  0  7316
PCApply               34 1.0 3.6910e+01 1.0 1.02e+10 1.0 1.8e+06 5.4e+02 2.0e+03  0  0  0  0  1  95 89 99 86 82 10980
KSPSolve_FS_0         34 1.0 3.8404e-01 1.0 1.13e+08 1.0 0.0e+00 0.0e+00 0.0e+00  0  0  0  0  0   1  1  0  0  0 11693
KSPSolve_FS_Schu      34 1.0 3.5721e+01 1.0 9.86e+09 1.0 1.7e+06 5.4e+02 2.0e+03  0  0  0  0  1  92 87 98 85 82 10983
KSPSolve_FS_Low       34 1.0 5.3749e-01 1.1 1.45e+08 1.0 0.0e+00 0.0e+00 0.0e+00  0  0  0  0  0   1  1  0  0  0 10693
KSPGMRESOrthog       232 1.0 4.2621e-01 1.1 1.88e+08 1.0 0.0e+00 0.0e+00 2.3e+02  0  0  0  0  0   1  2  0  0 10 17537
KSPSetUp              52 1.0 1.5538e-02 1.3 0.00e+00 0.0 0.0e+00 0.0e+00 2.0e+01  0  0  0  0  0   0  0  0  0  1     0
KSPSolve               2 1.0 3.8302e+01 1.0 1.05e+10 1.0 1.8e+06 6.1e+02 2.4e+03  0  0  0  0  1  98 93100 98100 10959
SNESSolve              2 1.0 3.8951e+01 1.0 1.14e+10 1.0 1.8e+06 6.2e+02 2.4e+03  0  0  0  1  1 100100100100100 11638
SNESFunctionEval       2 1.0 1.7404e-01 1.0 3.45e+08 1.0 2.7e+03 3.5e+03 0.0e+00  0  0  0  0  0   0  3  0  1  0 79391
SNESJacobianEval       2 1.0 4.7615e-01 1.0 4.93e+08 1.0 6.8e+02 1.6e+04 0.0e+00  0  0  0  0  0   1  4  0  1  0 41432
ParLoopExecute        16 1.0 5.7552e-01 1.0 8.39e+08 1.0 2.7e+03 3.5e+03 0.0e+00  0  0  0  0  0   1  7  0  1  0 58286
ParLoopCells          24 1.0 5.4464e-01 1.0 8.39e+08 1.0 0.0e+00 0.0e+00 0.0e+00  0  0  0  0  0   1  7  0  0  0 61592
ParLoopRednBegin      16 1.0 4.6444e-04 1.7 0.00e+00 0.0 0.0e+00 0.0e+00 0.0e+00  0  0  0  0  0   0  0  0  0  0     0
ParLoopRednEnd        16 1.0 1.0610e-04 1.7 0.00e+00 0.0 0.0e+00 0.0e+00 0.0e+00  0  0  0  0  0   0  0  0  0  0     0
ParLoopset_6           2 1.0 4.0102e-04 1.4 0.00e+00 0.0 0.0e+00 0.0e+00 0.0e+00  0  0  0  0  0   0  0  0  0  0     0
ParLoopset_7           2 1.0 1.8597e-04 1.3 0.00e+00 0.0 0.0e+00 0.0e+00 0.0e+00  0  0  0  0  0   0  0  0  0  0     0
ParLoopset_14          2 1.0 3.3998e-04 1.7 0.00e+00 0.0 0.0e+00 0.0e+00 0.0e+00  0  0  0  0  0   0  0  0  0  0     0
ParLoopset_15          2 1.0 1.4091e-04 1.6 0.00e+00 0.0 0.0e+00 0.0e+00 0.0e+00  0  0  0  0  0   0  0  0  0  0     0

--- Event Stage 3: Warm up

ParLoopExecute         2 1.0 1.6310e-03 2.5 0.00e+00 0.0 0.0e+00 0.0e+00 0.0e+00  0  0  0  0  0  52  0  0  0  0     0
ParLoopRednBegin       2 1.0 7.1764e-05 3.0 0.00e+00 0.0 0.0e+00 0.0e+00 0.0e+00  0  0  0  0  0   1  0  0  0  0     0
ParLoopRednEnd         2 1.0 1.2159e-05 2.4 0.00e+00 0.0 0.0e+00 0.0e+00 0.0e+00  0  0  0  0  0   0  0  0  0  0     0
ParLoopset_14          2 1.0 8.8692e-04 3.7 0.00e+00 0.0 0.0e+00 0.0e+00 0.0e+00  0  0  0  0  0  28  0  0  0  0     0
ParLoopset_15          2 1.0 3.9816e-04 4.0 0.00e+00 0.0 0.0e+00 0.0e+00 0.0e+00  0  0  0  0  0  11  0  0  0  0     0

--- Event Stage 4: DU Residuals

SFBcastBegin        1800 1.0 1.5593e-01 2.3 0.00e+00 0.0 4.1e+05 3.5e+03 0.0e+00  0  0  0  1  0   0  0 18 11  0     0
SFBcastEnd          1800 1.0 2.9811e+00 7.4 0.00e+00 0.0 0.0e+00 0.0e+00 0.0e+00  0  0  0  0  0   0  0  0  0  0     0
SFReduceBegin       1600 1.0 1.2377e-01 3.5 0.00e+00 0.0 3.6e+05 3.5e+03 0.0e+00  0  0  0  1  0   0  0 16 10  0     0
SFReduceEnd         1600 1.0 3.1080e+00 3.2 0.00e+00 0.0 0.0e+00 0.0e+00 0.0e+00  0  0  0  0  0   0  0  0  0  0     0
VecMDot             6349 1.0 2.6927e+01 1.2 1.06e+10 1.0 0.0e+00 0.0e+00 6.3e+03  0  0  0  0  3   6  3  0  0 43 15653
VecTDot              800 1.0 5.9007e-01 1.6 6.29e+07 1.0 0.0e+00 0.0e+00 8.0e+02  0  0  0  0  0   0  0  0  0  5  4265
VecNorm             7549 1.0 7.3524e+00 1.9 1.40e+09 1.0 0.0e+00 0.0e+00 7.5e+03  0  0  0  0  3   1  0  0  0 51  7561
VecScale            6749 1.0 8.4749e-01 1.3 6.68e+08 1.0 0.0e+00 0.0e+00 0.0e+00  0  0  0  0  0   0  0  0  0  0 31314
VecCopy             3600 1.0 1.3115e+00 1.4 0.00e+00 0.0 0.0e+00 0.0e+00 0.0e+00  0  0  0  0  0   0  0  0  0  0     0
VecSet              8749 1.0 3.2152e+00 1.9 0.00e+00 0.0 0.0e+00 0.0e+00 0.0e+00  0  0  0  0  0   1  0  0  0  0     0
VecAXPY             2000 1.0 7.7595e-01 1.2 2.53e+08 1.0 0.0e+00 0.0e+00 0.0e+00  0  0  0  0  0   0  0  0  0  0 12973
VecMAXPY            6749 1.0 2.7931e+01 1.1 1.19e+10 1.0 0.0e+00 0.0e+00 0.0e+00  0  0  0  0  0   6  4  0  0  0 16878
VecScatterBegin     6749 1.0 4.0924e-01 1.9 0.00e+00 0.0 1.5e+06 6.8e+03 0.0e+00  0  0  0  5  0   0  0 66 80  0     0
VecScatterEnd       6749 1.0 4.3266e+00 2.3 0.00e+00 0.0 0.0e+00 0.0e+00 0.0e+00  0  0  0  0  0   1  0  0  0  0     0
VecNormalize        6749 1.0 6.7189e+00 1.8 2.00e+09 1.0 0.0e+00 0.0e+00 6.7e+03  0  0  0  0  3   1  1  0  0 46 11849
MatMult             6749 1.0 1.4611e+02 1.0 6.24e+10 1.0 1.5e+06 6.8e+03 0.0e+00  2  2  0  5  0  34 19 66 80  0 16946
MatSolve            7549 1.0 1.6281e+02 1.0 6.58e+10 1.0 0.0e+00 0.0e+00 0.0e+00  2  2  0  0  0  38 20  0  0  0 16047
PCSetUpOnBlocks      800 1.0 3.1285e-03 2.9 0.00e+00 0.0 0.0e+00 0.0e+00 0.0e+00  0  0  0  0  0   0  0  0  0  0     0
PCApply             7549 1.0 1.6569e+02 1.0 6.58e+10 1.0 0.0e+00 0.0e+00 0.0e+00  2  2  0  0  0  38 20  0  0  0 15768
KSPGMRESOrthog      6349 1.0 5.1183e+01 1.1 2.12e+10 1.0 0.0e+00 0.0e+00 6.3e+03  1  1  0  0  3  11  7  0  0 43 16470
KSPSetUp             800 1.0 6.0725e-04 2.1 0.00e+00 0.0 0.0e+00 0.0e+00 0.0e+00  0  0  0  0  0   0  0  0  0  0     0
KSPSolve             800 1.0 3.6833e+02 1.0 1.53e+11 1.0 1.5e+06 6.8e+03 1.5e+04  4  6  0  5  7  86 47 66 80100 16485
SNESSolve            800 1.0 4.2524e+02 1.0 3.25e+11 1.0 2.3e+06 5.7e+03 1.5e+04  5 12  1  6  7 100100100100100 30376
SNESFunctionEval     800 1.0 5.7639e+01 1.0 1.72e+11 1.0 7.8e+05 3.5e+03 0.0e+00  1  6  0  1  0  13 53 34 20  0 118683
SNESJacobianEval     800 1.0 4.1342e-02 1.8 0.00e+00 0.0 0.0e+00 0.0e+00 0.0e+00  0  0  0  0  0   0  0  0  0  0     0
ParLoopExecute      2400 1.0 5.7178e+01 1.0 1.72e+11 1.0 7.8e+05 3.5e+03 0.0e+00  1  6  0  1  0  13 53 34 20  0 119640
ParLoopCells        1600 1.0 3.2580e+01 1.0 1.11e+11 1.0 0.0e+00 0.0e+00 0.0e+00  0  4  0  0  0   8 34  0  0  0 136393
ParLoopRednBegin    2400 1.0 1.0517e-02 1.5 0.00e+00 0.0 0.0e+00 0.0e+00 0.0e+00  0  0  0  0  0   0  0  0  0  0     0
ParLoopRednEnd      2400 1.0 1.3052e-02 1.3 0.00e+00 0.0 0.0e+00 0.0e+00 0.0e+00  0  0  0  0  0   0  0  0  0  0     0
ParLoopIntFacets    1600 1.0 2.0984e+01 1.1 6.06e+10 1.0 0.0e+00 0.0e+00 0.0e+00  0  2  0  0  0   5 19  0  0  0 114232
ParLoopset_14        800 1.0 1.7819e-01 1.5 0.00e+00 0.0 0.0e+00 0.0e+00 0.0e+00  0  0  0  0  0   0  0  0  0  0     0
ParLoopset_15        800 1.0 6.7119e-02 1.5 0.00e+00 0.0 0.0e+00 0.0e+00 0.0e+00  0  0  0  0  0   0  0  0  0  0     0

--- Event Stage 5: Linear solve

SFBcastBegin        1600 1.0 3.3873e-01 2.3 0.00e+00 0.0 3.6e+05 3.5e+03 0.0e+00  0  0  0  1  0   0  0  0  1  0     0
SFBcastEnd          1600 1.0 1.6415e+0011.7 0.00e+00 0.0 0.0e+00 0.0e+00 0.0e+00  0  0  0  0  0   0  0  0  0  0     0
SFReduceBegin        800 1.0 3.0001e-02 1.7 0.00e+00 0.0 1.8e+05 3.5e+03 0.0e+00  0  0  0  0  0   0  0  0  0  0     0
SFReduceEnd          800 1.0 1.5679e+00 5.8 0.00e+00 0.0 0.0e+00 0.0e+00 0.0e+00  0  0  0  0  0   0  0  0  0  0     0
VecMDot             6957 1.0 4.0659e+01 1.1 1.77e+10 1.0 0.0e+00 0.0e+00 7.0e+03  0  1  0  0  3   0  1  0  0  4 17338
VecTDot            80436 1.0 4.6726e+01 1.5 6.33e+09 1.0 0.0e+00 0.0e+00 8.0e+04  0  0  0  0 37   0  0  0  0 41  5415
VecNorm            54932 1.0 8.0354e+01 2.2 5.78e+09 1.0 0.0e+00 0.0e+00 5.5e+04  1  0  0  0 25   1  0  0  0 28  2871
VecScale          340382 1.0 4.7586e+01 1.2 1.41e+10 1.0 0.0e+00 0.0e+00 0.0e+00  1  1  0  0  0   1  1  0  0  0 11859
VecCopy           254189 1.0 1.2089e+01 1.2 0.00e+00 0.0 0.0e+00 0.0e+00 0.0e+00  0  0  0  0  0   0  0  0  0  0     0
VecSet           2986435 1.0 2.1363e+02 1.6 0.00e+00 0.0 0.0e+00 0.0e+00 0.0e+00  2  0  0  0  0   2  0  0  0  0     0
VecAXPY            88593 1.0 1.8750e+01 1.1 8.00e+09 1.0 0.0e+00 0.0e+00 0.0e+00  0  0  0  0  0   0  0  0  0  0 17051
VecAYPX          1935861 1.0 8.9603e+01 1.1 2.27e+10 1.0 0.0e+00 0.0e+00 0.0e+00  1  1  0  0  0   1  1  0  0  0 10114
VecAXPBYCZ        951500 1.0 6.4572e+01 1.3 4.02e+10 1.0 0.0e+00 0.0e+00 0.0e+00  1  1  0  0  0   1  2  0  0  0 24867
VecMAXPY            7357 1.0 4.6833e+01 1.1 1.96e+10 1.0 0.0e+00 0.0e+00 0.0e+00  1  1  0  0  0   1  1  0  0  0 16688
VecScatterBegin  2669724 1.0 6.8109e+01 2.4 0.00e+00 0.0 3.7e+08 5.4e+02 0.0e+00  0  0 99 92  0   1  0100 99  0     0
VecScatterEnd    2669724 1.0 2.1476e+02 1.5 0.00e+00 0.0 0.0e+00 0.0e+00 0.0e+00  2  0  0  0  0   2  0  0  0  0     0
VecNormalize        7357 1.0 8.3023e+00 1.8 3.05e+09 1.0 0.0e+00 0.0e+00 7.4e+03  0  0  0  0  3   0  0  0  0  4 14635
MatMult          1489139 1.0 6.0497e+03 1.0 1.82e+12 1.0 3.0e+08 6.4e+02 5.6e+04 71 66 80 87 26  76 77 81 94 28 11944
MatMultAdd        591371 1.0 4.1086e+02 1.1 1.25e+11 1.0 3.9e+07 3.2e+02 0.0e+00  5  5 10  6  0   5  5 11  6  0 12184
MatMultTranspose  237875 1.0 8.0033e+01 2.0 9.79e+09 1.0 3.6e+07 1.4e+02 0.0e+00  1  0 10  2  0   1  0 10  3  0  4866
MatSolve         1815207 1.2 4.4929e+03 1.0 1.41e+12 1.0 0.0e+00 0.0e+00 0.0e+00 53 51  0  0  0  56 60  0  0  0 12452
MatResidual       237875 1.0 8.6216e+02 1.0 2.60e+11 1.0 4.7e+07 5.8e+02 0.0e+00 10  9 13 13  0  11 11 13 14  0 12007
PCSetUpOnBlocks   863707 1.0 1.1446e+00 1.4 0.00e+00 0.0 0.0e+00 0.0e+00 0.0e+00  0  0  0  0  0   0  0  0  0  0     0
PCApply             7357 1.0 7.6488e+03 1.0 2.20e+12 1.0 3.7e+08 5.3e+02 1.3e+05 91 80 98 88 59  97 94 99 95 65 11461
KSPSolve_FS_0       7357 1.0 8.1885e+01 1.0 2.45e+10 1.0 0.0e+00 0.0e+00 0.0e+00  1  1  0  0  0   1  1  0  0  0 11867
KSPSolve_FS_Schu    7357 1.0 7.4253e+03 1.0 2.14e+12 1.0 3.6e+08 5.2e+02 1.3e+05 88 77 97 87 59  94 91 99 94 65 11466
KSPSolve_FS_Low     7357 1.0 8.2077e+01 1.0 2.45e+10 1.0 0.0e+00 0.0e+00 0.0e+00  1  1  0  0  0   1  1  0  0  0 11839
KSPGMRESOrthog      6957 1.0 8.1631e+01 1.1 3.54e+10 1.0 0.0e+00 0.0e+00 7.0e+03  1  1  0  0  3   1  2  0  0  4 17271
KSPSetUp             400 1.0 4.1080e-04 2.6 0.00e+00 0.0 0.0e+00 0.0e+00 0.0e+00  0  0  0  0  0   0  0  0  0  0     0
KSPSolve             400 1.0 7.8569e+03 1.0 2.28e+12 1.0 3.7e+08 5.4e+02 2.0e+05 93 83 99 92 92 100 97100 99100 11559
SNESSolve            400 1.0 7.8850e+03 1.0 2.35e+12 1.0 3.7e+08 5.5e+02 2.0e+05 94 85 99 92 92 100100100100100 11869
SNESFunctionEval     400 1.0 2.8487e+01 1.0 6.91e+10 1.0 5.5e+05 3.5e+03 0.0e+00  0  3  0  1  0   0  3  0  1  0 97007
SNESJacobianEval     400 1.0 3.5280e-02 2.8 0.00e+00 0.0 0.0e+00 0.0e+00 0.0e+00  0  0  0  0  0   0  0  0  0  0     0
ParLoopExecute      1600 1.0 2.7111e+01 1.0 6.91e+10 1.0 5.5e+05 3.5e+03 0.0e+00  0  3  0  1  0   0  3  0  1  0 101929
ParLoopCells        1600 1.0 2.4800e+01 1.0 6.91e+10 1.0 0.0e+00 0.0e+00 0.0e+00  0  3  0  0  0   0  3  0  0  0 111428
ParLoopRednBegin    1600 1.0 7.2920e-03 1.7 0.00e+00 0.0 0.0e+00 0.0e+00 0.0e+00  0  0  0  0  0   0  0  0  0  0     0
ParLoopRednEnd      1600 1.0 8.6799e-03 1.4 0.00e+00 0.0 0.0e+00 0.0e+00 0.0e+00  0  0  0  0  0   0  0  0  0  0     0
ParLoopset_14        800 1.0 1.9235e-01 2.1 0.00e+00 0.0 0.0e+00 0.0e+00 0.0e+00  0  0  0  0  0   0  0  0  0  0     0
ParLoopset_15        800 1.0 5.6691e-02 1.7 0.00e+00 0.0 0.0e+00 0.0e+00 0.0e+00  0  0  0  0  0   0  0  0  0  0     0
------------------------------------------------------------------------------------------------------------------------

Memory usage is given in bytes:

Object Type          Creations   Destructions     Memory  Descendants' Mem.
Reports information only for process 0.

--- Event Stage 0: Main Stage

           Container    16             16         9344     0.
              Viewer     1              0            0     0.
           Index Set   725            793     66867244     0.
   IS L to G Mapping    16             16     17078888     0.
             Section   234            234       166608     0.
   Star Forest Graph   248            252       210240     0.
              Vector    97            504    166644848     0.
         Vec Scatter    25             51      8842728     0.
              Matrix    78            226    487207412     0.
      Preconditioner     8             44        45136     0.
       Krylov Solver     8             54       480024     0.
     DMKSP interface     0              6         3984     0.
                SNES     7              7         9632     0.
      SNESLineSearch     7              7         7000     0.
              DMSNES     6              6         4080     0.
    Distributed Mesh    90             90       432720     0.
    GraphPartitioner    24             24        14880     0.
     Discrete System    90             90        83520     0.

--- Event Stage 1: Warm up: DU Residuals

           Index Set    20              8       737456     0.
   Star Forest Graph     4              0            0     0.
              Vector    72              0            0     0.
              Matrix     4              0            0     0.
      Preconditioner     4              0            0     0.
       Krylov Solver     4              0            0     0.
     DMKSP interface     4              0            0     0.

--- Event Stage 2: Warm up: Linear solve

         PetscRandom    20             20        13080     0.
           Index Set   226            170      2024984     0.
   Star Forest Graph    10             10         8800     0.
              Vector   826            490     22235664     0.
         Vec Scatter    74             48        61104     0.
              Matrix   326            182    126564872     0.
      Matrix Coarsen    10             10         6440     0.
      Preconditioner    44             12        10432     0.
       Krylov Solver    54             12       305296     0.
     DMKSP interface     2              0            0     0.

--- Event Stage 3: Warm up


--- Event Stage 4: DU Residuals

              Vector     0              1       783680     0.

--- Event Stage 5: Linear solve

              Vector 27828          27828     46305792     0.
========================================================================================================================
Average time to get PetscTime(): 0.
Average time for MPI_Barrier(): 7.92027e-05
Average time for zero size MPI_Send(): 1.2517e-06
#PETSc Option Table entries:
--dt 28.125
--method BDM
--model_degree 2
--nsteps 100
--profile
--refinements 8
-log_view
#End of PETSc Option Table entries
Compiled without FORTRAN kernels
Compiled with full precision matrices (default)
sizeof(short) 2 sizeof(int) 4 sizeof(long) 8 sizeof(void*) 8 sizeof(PetscScalar) 8 sizeof(PetscInt) 4
Configure options: --prefix=/home/scratch/tg2115/src/firedrake/lib/python3.5/site-packages/petsc PETSC_ARCH=arch-python-linux-x86_64 --with-shared-libraries=1 --with-debugging=0 --with-c2html=0 --with-cc=mpicc --with-cxx=mpicxx --with-fc=mpif90 --download-eigen=/home/scratch/tg2115/src/firedrake/src/eigen-3.3.3.tgz --with-fortran-bindings=0 --download-chaco --download-metis --download-parmetis --download-scalapack --download-hypre --download-mumps --download-netcdf --download-hdf5 --download-pnetcdf --download-exodusii
-----------------------------------------
Libraries compiled on 2018-04-17 14:37:37 on mpe2 
Machine characteristics: Linux-4.4.0-116-generic-x86_64-with-Ubuntu-16.04-xenial
Using PETSc directory: /home/scratch/tg2115/src/firedrake/lib/python3.5/site-packages/petsc
Using PETSc arch: 
-----------------------------------------

Using C compiler: mpicc  -fPIC  -Wall -Wwrite-strings -Wno-strict-aliasing -Wno-unknown-pragmas -fstack-protector -fvisibility=hidden -g -O  
Using Fortran compiler: mpif90  -fPIC -Wall -ffree-line-length-0 -Wno-unused-dummy-argument -g -O    
-----------------------------------------

Using include paths: -I/home/scratch/tg2115/src/firedrake/lib/python3.5/site-packages/petsc/include -I/home/scratch/tg2115/src/firedrake/lib/python3.5/site-packages/petsc//include -I/home/scratch/tg2115/src/firedrake/lib/python3.5/site-packages/petsc/include -I/home/scratch/tg2115/src/firedrake/lib/python3.5/site-packages/petsc/include/eigen3
-----------------------------------------

Using C linker: mpicc
Using Fortran linker: mpif90
Using libraries: -Wl,-rpath,/home/scratch/tg2115/src/firedrake/lib/python3.5/site-packages/petsc/lib -L/home/scratch/tg2115/src/firedrake/lib/python3.5/site-packages/petsc/lib -lpetsc -Wl,-rpath,/home/scratch/tg2115/src/firedrake/lib/python3.5/site-packages/petsc/lib -L/home/scratch/tg2115/src/firedrake/lib/python3.5/site-packages/petsc/lib -Wl,-rpath,/usr/lib/openmpi/lib -L/usr/lib/openmpi/lib -Wl,-rpath,/usr/lib/gcc/x86_64-linux-gnu/5 -L/usr/lib/gcc/x86_64-linux-gnu/5 -Wl,-rpath,/usr/lib/x86_64-linux-gnu -L/usr/lib/x86_64-linux-gnu -Wl,-rpath,/lib/x86_64-linux-gnu -L/lib/x86_64-linux-gnu -lcmumps -ldmumps -lsmumps -lzmumps -lmumps_common -lpord -lscalapack -lHYPRE -llapack -lblas -lexodus -lnetcdf -lpnetcdf -lchaco -lhdf5hl_fortran -lhdf5_fortran -lhdf5_hl -lhdf5 -lparmetis -lmetis -lm -lX11 -lstdc++ -ldl -lmpi_usempif08 -lmpi_usempi_ignore_tkr -lmpi_mpifh -lmpi -lgfortran -lm -lgfortran -lm -lgcc_s -lquadmath -lpthread -lstdc++ -ldl
-----------------------------------------

