
Running cold initialization for the problem set:

method: RT,

model degree: 1,

hybridization: True,


  Residual norms for implicit-solve_hybridization_ solve.
  0 KSP preconditioned resid norm 6.788579912691e+04 true resid norm 3.344574934117e+05 ||r(i)||/||b|| 1.000000000000e+00
  1 KSP preconditioned resid norm 5.261790134759e-01 true resid norm 2.819480827310e+00 ||r(i)||/||b|| 8.430012431622e-06
  2 KSP preconditioned resid norm 3.398454245183e-04 true resid norm 1.987620438326e-03 ||r(i)||/||b|| 5.942819274435e-09

Dt = 100.0,

Courant number (approximate): 0.5579569742909672,

Dx (max): 43.338168916907215 km,

nsteps: 25.

Warm up with one-step.

  Residual norms for implicit-solve_hybridization_ solve.
  0 KSP preconditioned resid norm 6.788579912691e+04 true resid norm 3.344574934117e+05 ||r(i)||/||b|| 1.000000000000e+00
  1 KSP preconditioned resid norm 5.261790134759e-01 true resid norm 2.819480827310e+00 ||r(i)||/||b|| 8.430012431622e-06
  2 KSP preconditioned resid norm 3.398454245183e-04 true resid norm 1.987620438333e-03 ||r(i)||/||b|| 5.942819274455e-09
Warm up done. Profiling run for 25 steps.


Running Williamson 5 test with parameters:

method: RT,

model degree: 1,

refinements: 7,

hybridization: True,

tmax: 2500.0

  Residual norms for implicit-solve_hybridization_ solve.
  0 KSP preconditioned resid norm 6.788580376102e+04 true resid norm 3.344575216848e+05 ||r(i)||/||b|| 1.000000000000e+00
  1 KSP preconditioned resid norm 5.261822049961e-01 true resid norm 2.819500304046e+00 ||r(i)||/||b|| 8.430069952807e-06
  2 KSP preconditioned resid norm 3.398456789556e-04 true resid norm 1.987620806085e-03 ||r(i)||/||b|| 5.942819871631e-09
  Residual norms for implicit-solve_hybridization_ solve.
  0 KSP preconditioned resid norm 6.786704383248e+04 true resid norm 3.343496422665e+05 ||r(i)||/||b|| 1.000000000000e+00
  1 KSP preconditioned resid norm 5.212827784002e-01 true resid norm 2.782926115155e+00 ||r(i)||/||b|| 8.323400905381e-06
  2 KSP preconditioned resid norm 3.208020481523e-04 true resid norm 1.848447934608e-03 ||r(i)||/||b|| 5.528487849061e-09
  Residual norms for implicit-solve_hybridization_ solve.
  0 KSP preconditioned resid norm 2.157285372003e+02 true resid norm 1.266505368765e+03 ||r(i)||/||b|| 1.000000000000e+00
  1 KSP preconditioned resid norm 1.881843907399e-02 true resid norm 1.141192090900e-01 ||r(i)||/||b|| 9.010558652529e-05
  2 KSP preconditioned resid norm 1.570086112000e-05 true resid norm 9.801369126806e-05 ||r(i)||/||b|| 7.738908470927e-08
  3 KSP preconditioned resid norm 1.042088742069e-08 true resid norm 6.507855045552e-08 ||r(i)||/||b|| 5.138434629693e-11
  Residual norms for implicit-solve_hybridization_ solve.
  0 KSP preconditioned resid norm 2.120228687454e+01 true resid norm 1.402477630778e+02 ||r(i)||/||b|| 1.000000000000e+00
  1 KSP preconditioned resid norm 1.179848201083e-03 true resid norm 7.912650454397e-03 ||r(i)||/||b|| 5.641908491622e-05
  2 KSP preconditioned resid norm 9.144033849287e-07 true resid norm 6.069733548695e-06 ||r(i)||/||b|| 4.327864784073e-08
  3 KSP preconditioned resid norm 6.247943082853e-10 true resid norm 4.188512239736e-09 ||r(i)||/||b|| 2.986509123438e-11
  Residual norms for implicit-solve_hybridization_ solve.
  0 KSP preconditioned resid norm 6.743825072554e+04 true resid norm 3.322205137379e+05 ||r(i)||/||b|| 1.000000000000e+00
  1 KSP preconditioned resid norm 4.866400967472e-01 true resid norm 2.673607166733e+00 ||r(i)||/||b|| 8.047688376169e-06
  2 KSP preconditioned resid norm 3.115084127308e-04 true resid norm 2.095554631945e-03 ||r(i)||/||b|| 6.307721965652e-09
  Residual norms for implicit-solve_hybridization_ solve.
  0 KSP preconditioned resid norm 6.740768267909e+04 true resid norm 3.320704533626e+05 ||r(i)||/||b|| 1.000000000000e+00
  1 KSP preconditioned resid norm 4.857678243713e-01 true resid norm 2.677960701833e+00 ||r(i)||/||b|| 8.064435347125e-06
  2 KSP preconditioned resid norm 3.145971694414e-04 true resid norm 2.133723339674e-03 ||r(i)||/||b|| 6.425513977734e-09
  Residual norms for implicit-solve_hybridization_ solve.
  0 KSP preconditioned resid norm 2.768589491269e+02 true resid norm 1.487378055728e+03 ||r(i)||/||b|| 1.000000000000e+00
  1 KSP preconditioned resid norm 1.595973631515e-02 true resid norm 7.833171162511e-02 ||r(i)||/||b|| 5.266429158574e-05
  2 KSP preconditioned resid norm 9.156508899953e-06 true resid norm 4.700969926603e-05 ||r(i)||/||b|| 3.160575018905e-08
  3 KSP preconditioned resid norm 5.305320367825e-09 true resid norm 3.036742962228e-08 ||r(i)||/||b|| 2.041675248961e-11
  Residual norms for implicit-solve_hybridization_ solve.
  0 KSP preconditioned resid norm 2.555749985009e+01 true resid norm 1.637986072455e+02 ||r(i)||/||b|| 1.000000000000e+00
  1 KSP preconditioned resid norm 9.227577763080e-04 true resid norm 5.768752750624e-03 ||r(i)||/||b|| 3.521857021640e-05
  2 KSP preconditioned resid norm 6.883188197983e-07 true resid norm 4.155011538825e-06 ||r(i)||/||b|| 2.536658649727e-08
  3 KSP preconditioned resid norm 4.629013292235e-10 true resid norm 2.920873297309e-09 ||r(i)||/||b|| 1.783210093436e-11
  Residual norms for implicit-solve_hybridization_ solve.
  0 KSP preconditioned resid norm 6.689676731074e+04 true resid norm 3.296933810085e+05 ||r(i)||/||b|| 1.000000000000e+00
  1 KSP preconditioned resid norm 4.930743797608e-01 true resid norm 2.650504993114e+00 ||r(i)||/||b|| 8.039303018480e-06
  2 KSP preconditioned resid norm 3.211117770739e-04 true resid norm 1.887390630358e-03 ||r(i)||/||b|| 5.724684628443e-09
  Residual norms for implicit-solve_hybridization_ solve.
  0 KSP preconditioned resid norm 6.685615538289e+04 true resid norm 3.294812905741e+05 ||r(i)||/||b|| 1.000000000000e+00
  1 KSP preconditioned resid norm 4.940947813838e-01 true resid norm 2.638837435283e+00 ||r(i)||/||b|| 8.009066101099e-06
  2 KSP preconditioned resid norm 3.149077989001e-04 true resid norm 1.794681435290e-03 ||r(i)||/||b|| 5.446990425960e-09
  Residual norms for implicit-solve_hybridization_ solve.
  0 KSP preconditioned resid norm 3.171379791903e+02 true resid norm 1.737633554135e+03 ||r(i)||/||b|| 1.000000000000e+00
  1 KSP preconditioned resid norm 1.664102940870e-02 true resid norm 9.883128758656e-02 ||r(i)||/||b|| 5.687694471103e-05
  2 KSP preconditioned resid norm 1.214557862028e-05 true resid norm 8.127148498124e-05 ||r(i)||/||b|| 4.677136027204e-08
  3 KSP preconditioned resid norm 9.209835539222e-09 true resid norm 5.727613479427e-08 ||r(i)||/||b|| 3.296214823774e-11
  Residual norms for implicit-solve_hybridization_ solve.
  0 KSP preconditioned resid norm 2.331329802064e+01 true resid norm 1.489732314453e+02 ||r(i)||/||b|| 1.000000000000e+00
  1 KSP preconditioned resid norm 1.590983613617e-03 true resid norm 9.762592058267e-03 ||r(i)||/||b|| 6.553252529700e-05
  2 KSP preconditioned resid norm 1.117495614905e-06 true resid norm 7.558504553033e-06 ||r(i)||/||b|| 5.073733367868e-08
  3 KSP preconditioned resid norm 8.204883426535e-10 true resid norm 5.237681221583e-09 ||r(i)||/||b|| 3.515853936151e-11
  Residual norms for implicit-solve_hybridization_ solve.
  0 KSP preconditioned resid norm 6.632001693777e+04 true resid norm 3.269899705758e+05 ||r(i)||/||b|| 1.000000000000e+00
  1 KSP preconditioned resid norm 5.189229874053e-01 true resid norm 2.748315089092e+00 ||r(i)||/||b|| 8.404891086575e-06
  2 KSP preconditioned resid norm 3.659373252329e-04 true resid norm 2.167123198371e-03 ||r(i)||/||b|| 6.627491340346e-09
  Residual norms for implicit-solve_hybridization_ solve.
  0 KSP preconditioned resid norm 6.627176754663e+04 true resid norm 3.267455101823e+05 ||r(i)||/||b|| 1.000000000000e+00
  1 KSP preconditioned resid norm 5.129525473602e-01 true resid norm 2.722961335715e+00 ||r(i)||/||b|| 8.333584550851e-06
  2 KSP preconditioned resid norm 3.556639632755e-04 true resid norm 2.124412253579e-03 ||r(i)||/||b|| 6.501733573611e-09
  Residual norms for implicit-solve_hybridization_ solve.
  0 KSP preconditioned resid norm 3.102942150234e+02 true resid norm 1.645553148363e+03 ||r(i)||/||b|| 1.000000000000e+00
  1 KSP preconditioned resid norm 1.415070998245e-02 true resid norm 6.800750104570e-02 ||r(i)||/||b|| 4.132804893805e-05
  2 KSP preconditioned resid norm 8.010039319391e-06 true resid norm 4.359955831531e-05 ||r(i)||/||b|| 2.649538142155e-08
  3 KSP preconditioned resid norm 4.998049628093e-09 true resid norm 3.041469037156e-08 ||r(i)||/||b|| 1.848295839112e-11
  Residual norms for implicit-solve_hybridization_ solve.
  0 KSP preconditioned resid norm 2.123837802648e+01 true resid norm 1.378120144797e+02 ||r(i)||/||b|| 1.000000000000e+00
  1 KSP preconditioned resid norm 7.653215631824e-04 true resid norm 3.968041484180e-03 ||r(i)||/||b|| 2.879314622284e-05
  2 KSP preconditioned resid norm 4.608310729309e-07 true resid norm 2.531266897818e-06 ||r(i)||/||b|| 1.836753426306e-08
  3 KSP preconditioned resid norm 2.174464177989e-10 true resid norm 1.308738930994e-09 ||r(i)||/||b|| 9.496551776956e-12
  Residual norms for implicit-solve_hybridization_ solve.
  0 KSP preconditioned resid norm 6.566560895759e+04 true resid norm 3.238797764946e+05 ||r(i)||/||b|| 1.000000000000e+00
  1 KSP preconditioned resid norm 4.543845741775e-01 true resid norm 2.420401608056e+00 ||r(i)||/||b|| 7.473148321433e-06
  2 KSP preconditioned resid norm 1.840382869180e-04 true resid norm 1.130642766614e-03 ||r(i)||/||b|| 3.490933515056e-09
  Residual norms for implicit-solve_hybridization_ solve.
  0 KSP preconditioned resid norm 6.561096394042e+04 true resid norm 3.235989838829e+05 ||r(i)||/||b|| 1.000000000000e+00
  1 KSP preconditioned resid norm 4.552103503270e-01 true resid norm 2.417009594167e+00 ||r(i)||/||b|| 7.469150753086e-06
  2 KSP preconditioned resid norm 1.821096962992e-04 true resid norm 1.065306755215e-03 ||r(i)||/||b|| 3.292058406464e-09
  Residual norms for implicit-solve_hybridization_ solve.
  0 KSP preconditioned resid norm 3.414663702289e+02 true resid norm 1.826623806621e+03 ||r(i)||/||b|| 1.000000000000e+00
  1 KSP preconditioned resid norm 1.946177834953e-02 true resid norm 1.008844268197e-01 ||r(i)||/||b|| 5.522999670433e-05
  2 KSP preconditioned resid norm 1.180753447526e-05 true resid norm 7.677637799470e-05 ||r(i)||/||b|| 4.203185008124e-08
  3 KSP preconditioned resid norm 9.784185396812e-09 true resid norm 6.023656255734e-08 ||r(i)||/||b|| 3.297699413476e-11
  Residual norms for implicit-solve_hybridization_ solve.
  0 KSP preconditioned resid norm 2.109758326238e+01 true resid norm 1.357221400390e+02 ||r(i)||/||b|| 1.000000000000e+00
  1 KSP preconditioned resid norm 1.563252832843e-03 true resid norm 9.076064596375e-03 ||r(i)||/||b|| 6.687239527589e-05
  2 KSP preconditioned resid norm 1.080359129864e-06 true resid norm 7.326927876586e-06 ||r(i)||/||b|| 5.398476530419e-08
  3 KSP preconditioned resid norm 8.205974310961e-10 true resid norm 5.070955743809e-09 ||r(i)||/||b|| 3.736277472749e-11
  Residual norms for implicit-solve_hybridization_ solve.
  0 KSP preconditioned resid norm 6.501507108838e+04 true resid norm 3.207892487911e+05 ||r(i)||/||b|| 1.000000000000e+00
  1 KSP preconditioned resid norm 5.105601912175e-01 true resid norm 2.672157430507e+00 ||r(i)||/||b|| 8.329946968536e-06
  2 KSP preconditioned resid norm 3.338768285607e-04 true resid norm 1.884197890860e-03 ||r(i)||/||b|| 5.873631669267e-09
  Residual norms for implicit-solve_hybridization_ solve.
  0 KSP preconditioned resid norm 6.495475519306e+04 true resid norm 3.204801021597e+05 ||r(i)||/||b|| 1.000000000000e+00
  1 KSP preconditioned resid norm 5.075689685793e-01 true resid norm 2.656610018507e+00 ||r(i)||/||b|| 8.289469457244e-06
  2 KSP preconditioned resid norm 3.257926259382e-04 true resid norm 1.831771568266e-03 ||r(i)||/||b|| 5.715710759956e-09
  Residual norms for implicit-solve_hybridization_ solve.
  0 KSP preconditioned resid norm 3.326216331833e+02 true resid norm 1.764704534624e+03 ||r(i)||/||b|| 1.000000000000e+00
  1 KSP preconditioned resid norm 1.024545688180e-02 true resid norm 5.892887401458e-02 ||r(i)||/||b|| 3.339305411096e-05
  2 KSP preconditioned resid norm 8.055135592973e-06 true resid norm 5.079120960626e-05 ||r(i)||/||b|| 2.878170742451e-08
  3 KSP preconditioned resid norm 5.641035045928e-09 true resid norm 3.509560538476e-08 ||r(i)||/||b|| 1.988752490639e-11
  Residual norms for implicit-solve_hybridization_ solve.
  0 KSP preconditioned resid norm 1.955475252476e+01 true resid norm 1.256370388806e+02 ||r(i)||/||b|| 1.000000000000e+00
  1 KSP preconditioned resid norm 8.950714837165e-04 true resid norm 5.433975749321e-03 ||r(i)||/||b|| 4.325138349119e-05
  2 KSP preconditioned resid norm 6.307546750847e-07 true resid norm 4.066415553712e-06 ||r(i)||/||b|| 3.236637531371e-08
  3 KSP preconditioned resid norm 3.938222708910e-10 true resid norm 2.562831055764e-09 ||r(i)||/||b|| 2.039869037506e-11
  Residual norms for implicit-solve_hybridization_ solve.
  0 KSP preconditioned resid norm 6.431198119769e+04 true resid norm 3.174133059636e+05 ||r(i)||/||b|| 1.000000000000e+00
  1 KSP preconditioned resid norm 4.686045729712e-01 true resid norm 2.489945652983e+00 ||r(i)||/||b|| 7.844490467796e-06
  2 KSP preconditioned resid norm 2.051768851223e-04 true resid norm 1.210703869607e-03 ||r(i)||/||b|| 3.814282031849e-09
  Residual norms for implicit-solve_hybridization_ solve.
  0 KSP preconditioned resid norm 6.424551973450e+04 true resid norm 3.170732410447e+05 ||r(i)||/||b|| 1.000000000000e+00
  1 KSP preconditioned resid norm 4.656531546982e-01 true resid norm 2.474556059179e+00 ||r(i)||/||b|| 7.804367379052e-06
  2 KSP preconditioned resid norm 1.960120834480e-04 true resid norm 1.166075335397e-03 ||r(i)||/||b|| 3.677621396099e-09
  Residual norms for implicit-solve_hybridization_ solve.
  0 KSP preconditioned resid norm 3.441407452466e+02 true resid norm 1.819896868395e+03 ||r(i)||/||b|| 1.000000000000e+00
  1 KSP preconditioned resid norm 1.494892605871e-02 true resid norm 7.741808761192e-02 ||r(i)||/||b|| 4.253982132525e-05
  2 KSP preconditioned resid norm 9.094453387739e-06 true resid norm 5.626773886998e-05 ||r(i)||/||b|| 3.091809203430e-08
  3 KSP preconditioned resid norm 7.292984999936e-09 true resid norm 4.615311042780e-08 ||r(i)||/||b|| 2.536028894236e-11
  Residual norms for implicit-solve_hybridization_ solve.
  0 KSP preconditioned resid norm 2.001662199261e+01 true resid norm 1.293696399107e+02 ||r(i)||/||b|| 1.000000000000e+00
  1 KSP preconditioned resid norm 1.107818866485e-03 true resid norm 6.522564270730e-03 ||r(i)||/||b|| 5.041804456772e-05
  2 KSP preconditioned resid norm 8.229847838284e-07 true resid norm 5.562184030986e-06 ||r(i)||/||b|| 4.299450809961e-08
  3 KSP preconditioned resid norm 6.232888000740e-10 true resid norm 3.807844632999e-09 ||r(i)||/||b|| 2.943383498343e-11
  Residual norms for implicit-solve_hybridization_ solve.
  0 KSP preconditioned resid norm 6.357603355152e+04 true resid norm 3.138568645191e+05 ||r(i)||/||b|| 1.000000000000e+00
  1 KSP preconditioned resid norm 4.665647828415e-01 true resid norm 2.473428881067e+00 ||r(i)||/||b|| 7.880754447913e-06
  2 KSP preconditioned resid norm 2.012466974244e-04 true resid norm 1.201800400533e-03 ||r(i)||/||b|| 3.829135304638e-09
  Residual norms for implicit-solve_hybridization_ solve.
  0 KSP preconditioned resid norm 6.350590161648e+04 true resid norm 3.134975594319e+05 ||r(i)||/||b|| 1.000000000000e+00
  1 KSP preconditioned resid norm 4.664936470732e-01 true resid norm 2.471018592302e+00 ||r(i)||/||b|| 7.882098338436e-06
  2 KSP preconditioned resid norm 1.955263878792e-04 true resid norm 1.150573656366e-03 ||r(i)||/||b|| 3.670119979405e-09
  Residual norms for implicit-solve_hybridization_ solve.
  0 KSP preconditioned resid norm 3.445037127382e+02 true resid norm 1.811116067430e+03 ||r(i)||/||b|| 1.000000000000e+00
  1 KSP preconditioned resid norm 1.162997708463e-02 true resid norm 7.136320069232e-02 ||r(i)||/||b|| 3.940288641664e-05
  2 KSP preconditioned resid norm 8.959709741561e-06 true resid norm 5.774117787048e-05 ||r(i)||/||b|| 3.188154470542e-08
  3 KSP preconditioned resid norm 6.759251437783e-09 true resid norm 4.183500240642e-08 ||r(i)||/||b|| 2.309901787011e-11
  Residual norms for implicit-solve_hybridization_ solve.
  0 KSP preconditioned resid norm 1.737105598028e+01 true resid norm 1.105858438563e+02 ||r(i)||/||b|| 1.000000000000e+00
  1 KSP preconditioned resid norm 9.780422351407e-04 true resid norm 6.480400958771e-03 ||r(i)||/||b|| 5.860063759328e-05
  2 KSP preconditioned resid norm 7.500059521923e-07 true resid norm 4.985326684370e-06 ||r(i)||/||b|| 4.508105658485e-08
  3 KSP preconditioned resid norm 5.108382105737e-10 true resid norm 3.410383211175e-09 ||r(i)||/||b|| 3.083923847980e-11
  Residual norms for implicit-solve_hybridization_ solve.
  0 KSP preconditioned resid norm 6.282956163239e+04 true resid norm 3.102426456770e+05 ||r(i)||/||b|| 1.000000000000e+00
  1 KSP preconditioned resid norm 4.865456664958e-01 true resid norm 2.601899106134e+00 ||r(i)||/||b|| 8.386658450700e-06
  2 KSP preconditioned resid norm 2.499268453777e-04 true resid norm 1.562057263437e-03 ||r(i)||/||b|| 5.034953399228e-09
  Residual norms for implicit-solve_hybridization_ solve.
  0 KSP preconditioned resid norm 6.275396785502e+04 true resid norm 3.098547690063e+05 ||r(i)||/||b|| 1.000000000000e+00
  1 KSP preconditioned resid norm 4.860270390899e-01 true resid norm 2.595568063652e+00 ||r(i)||/||b|| 8.376724592546e-06
  2 KSP preconditioned resid norm 2.481461335591e-04 true resid norm 1.547604466246e-03 ||r(i)||/||b|| 4.994612383115e-09
  Residual norms for implicit-solve_hybridization_ solve.
  0 KSP preconditioned resid norm 3.437251796625e+02 true resid norm 1.814111386852e+03 ||r(i)||/||b|| 1.000000000000e+00
  1 KSP preconditioned resid norm 9.574204832818e-03 true resid norm 5.303494426431e-02 ||r(i)||/||b|| 2.923466808526e-05
  2 KSP preconditioned resid norm 5.514882930512e-06 true resid norm 3.395051463956e-05 ||r(i)||/||b|| 1.871468030333e-08
  3 KSP preconditioned resid norm 3.464213050115e-09 true resid norm 2.151839746698e-08 ||r(i)||/||b|| 1.186167377755e-11
  Residual norms for implicit-solve_hybridization_ solve.
  0 KSP preconditioned resid norm 1.870252277571e+01 true resid norm 1.212577694666e+02 ||r(i)||/||b|| 1.000000000000e+00
  1 KSP preconditioned resid norm 7.331747582590e-04 true resid norm 4.612351853793e-03 ||r(i)||/||b|| 3.803757791423e-05
  2 KSP preconditioned resid norm 5.681008643768e-07 true resid norm 3.733580589108e-06 ||r(i)||/||b|| 3.079044423735e-08
  3 KSP preconditioned resid norm 3.732372766664e-10 true resid norm 2.423477039757e-09 ||r(i)||/||b|| 1.998615882856e-11
  Residual norms for implicit-solve_hybridization_ solve.
  0 KSP preconditioned resid norm 6.203541492013e+04 true resid norm 3.063625139332e+05 ||r(i)||/||b|| 1.000000000000e+00
  1 KSP preconditioned resid norm 4.902411415354e-01 true resid norm 2.548667653499e+00 ||r(i)||/||b|| 8.319123709944e-06
  2 KSP preconditioned resid norm 1.906498425618e-04 true resid norm 1.024523209386e-03 ||r(i)||/||b|| 3.344153291579e-09
  Residual norms for implicit-solve_hybridization_ solve.
  0 KSP preconditioned resid norm 6.195580626955e+04 true resid norm 3.059556133184e+05 ||r(i)||/||b|| 1.000000000000e+00
  1 KSP preconditioned resid norm 4.899446550144e-01 true resid norm 2.545380092708e+00 ||r(i)||/||b|| 8.319442369762e-06
  2 KSP preconditioned resid norm 1.877415301610e-04 true resid norm 1.001131158048e-03 ||r(i)||/||b|| 3.272145090557e-09
  Residual norms for implicit-solve_hybridization_ solve.
  0 KSP preconditioned resid norm 3.490932071819e+02 true resid norm 1.824668211534e+03 ||r(i)||/||b|| 1.000000000000e+00
  1 KSP preconditioned resid norm 1.164935325205e-02 true resid norm 7.292357772445e-02 ||r(i)||/||b|| 3.996539056443e-05
  2 KSP preconditioned resid norm 9.040229753569e-06 true resid norm 5.577816246828e-05 ||r(i)||/||b|| 3.056893418524e-08
  3 KSP preconditioned resid norm 6.249924593959e-09 true resid norm 3.970941490996e-08 ||r(i)||/||b|| 2.176253998341e-11
  Residual norms for implicit-solve_hybridization_ solve.
  0 KSP preconditioned resid norm 1.634828222760e+01 true resid norm 1.033053733683e+02 ||r(i)||/||b|| 1.000000000000e+00
  1 KSP preconditioned resid norm 9.443275464391e-04 true resid norm 6.398438029748e-03 ||r(i)||/||b|| 6.193712699664e-05
  2 KSP preconditioned resid norm 7.126499691075e-07 true resid norm 4.648861369520e-06 ||r(i)||/||b|| 4.500115742233e-08
  3 KSP preconditioned resid norm 5.161407173992e-10 true resid norm 3.424745885406e-09 ||r(i)||/||b|| 3.315167230649e-11
  Residual norms for implicit-solve_hybridization_ solve.
  0 KSP preconditioned resid norm 6.122960776353e+04 true resid norm 3.024253590497e+05 ||r(i)||/||b|| 1.000000000000e+00
  1 KSP preconditioned resid norm 5.187090592010e-01 true resid norm 2.748190517138e+00 ||r(i)||/||b|| 9.087169560691e-06
  2 KSP preconditioned resid norm 2.920089868560e-04 true resid norm 1.864735409820e-03 ||r(i)||/||b|| 6.165936003778e-09
  Residual norms for implicit-solve_hybridization_ solve.
  0 KSP preconditioned resid norm 6.114653854769e+04 true resid norm 3.019988012018e+05 ||r(i)||/||b|| 1.000000000000e+00
  1 KSP preconditioned resid norm 5.182453169750e-01 true resid norm 2.742692605295e+00 ||r(i)||/||b|| 9.081799644172e-06
  2 KSP preconditioned resid norm 2.883622542931e-04 true resid norm 1.835640341497e-03 ||r(i)||/||b|| 6.078303404492e-09
  Residual norms for implicit-solve_hybridization_ solve.
  0 KSP preconditioned resid norm 3.472565997266e+02 true resid norm 1.823842503515e+03 ||r(i)||/||b|| 1.000000000000e+00
  1 KSP preconditioned resid norm 1.085383829760e-02 true resid norm 5.665404838601e-02 ||r(i)||/||b|| 3.106301573563e-05
  2 KSP preconditioned resid norm 6.315628931982e-06 true resid norm 3.889616142231e-05 ||r(i)||/||b|| 2.132649137595e-08
  3 KSP preconditioned resid norm 4.974857304634e-09 true resid norm 3.081398432311e-08 ||r(i)||/||b|| 1.689509059237e-11
  Residual norms for implicit-solve_hybridization_ solve.
  0 KSP preconditioned resid norm 1.739949038267e+01 true resid norm 1.127316011913e+02 ||r(i)||/||b|| 1.000000000000e+00
  1 KSP preconditioned resid norm 8.030196362776e-04 true resid norm 4.592927524895e-03 ||r(i)||/||b|| 4.074214751105e-05
  2 KSP preconditioned resid norm 4.977451167727e-07 true resid norm 3.057007390333e-06 ||r(i)||/||b|| 2.711757269503e-08
  3 KSP preconditioned resid norm 2.708678308588e-10 true resid norm 1.665395892469e-09 ||r(i)||/||b|| 1.477310598686e-11
  Residual norms for implicit-solve_hybridization_ solve.
  0 KSP preconditioned resid norm 6.039475694599e+04 true resid norm 2.983150494964e+05 ||r(i)||/||b|| 1.000000000000e+00
  1 KSP preconditioned resid norm 5.290559058950e-01 true resid norm 2.723808719910e+00 ||r(i)||/||b|| 9.130644680876e-06
  2 KSP preconditioned resid norm 2.379580073881e-04 true resid norm 1.312521650690e-03 ||r(i)||/||b|| 4.399783560720e-09
  Residual norms for implicit-solve_hybridization_ solve.
  0 KSP preconditioned resid norm 6.030754947071e+04 true resid norm 2.978693177714e+05 ||r(i)||/||b|| 1.000000000000e+00
  1 KSP preconditioned resid norm 5.285770120851e-01 true resid norm 2.719907277872e+00 ||r(i)||/||b|| 9.131209948786e-06
  2 KSP preconditioned resid norm 2.371185883237e-04 true resid norm 1.308025796454e-03 ||r(i)||/||b|| 4.391274019897e-09
  Residual norms for implicit-solve_hybridization_ solve.
  0 KSP preconditioned resid norm 3.467603148258e+02 true resid norm 1.806900213450e+03 ||r(i)||/||b|| 1.000000000000e+00
  1 KSP preconditioned resid norm 1.133560566764e-02 true resid norm 6.708827904704e-02 ||r(i)||/||b|| 3.712893415345e-05
  2 KSP preconditioned resid norm 8.162651080823e-06 true resid norm 4.842850041755e-05 ||r(i)||/||b|| 2.680197835889e-08
  3 KSP preconditioned resid norm 5.646878288722e-09 true resid norm 3.533111901787e-08 ||r(i)||/||b|| 1.955344227362e-11
  Residual norms for implicit-solve_hybridization_ solve.
  0 KSP preconditioned resid norm 1.496025955067e+01 true resid norm 9.460450353443e+01 ||r(i)||/||b|| 1.000000000000e+00
  1 KSP preconditioned resid norm 9.217813228587e-04 true resid norm 5.988227207441e-03 ||r(i)||/||b|| 6.329748567690e-05
  2 KSP preconditioned resid norm 6.763442605162e-07 true resid norm 4.245980115441e-06 ||r(i)||/||b|| 4.488137410811e-08
  3 KSP preconditioned resid norm 4.919427081605e-10 true resid norm 3.179154467424e-09 ||r(i)||/||b|| 3.360468422380e-11
  Residual norms for implicit-solve_hybridization_ solve.
  0 KSP preconditioned resid norm 5.953410500495e+04 true resid norm 2.940778244332e+05 ||r(i)||/||b|| 1.000000000000e+00
  1 KSP preconditioned resid norm 5.423845621882e-01 true resid norm 2.829402513254e+00 ||r(i)||/||b|| 9.621271235624e-06
  2 KSP preconditioned resid norm 2.986225246893e-04 true resid norm 1.826391310497e-03 ||r(i)||/||b|| 6.210571347966e-09
  Residual norms for implicit-solve_hybridization_ solve.
  0 KSP preconditioned resid norm 5.944346763920e+04 true resid norm 2.936131490107e+05 ||r(i)||/||b|| 1.000000000000e+00
  1 KSP preconditioned resid norm 5.408299019207e-01 true resid norm 2.819977042531e+00 ||r(i)||/||b|| 9.604396301845e-06
  2 KSP preconditioned resid norm 2.936820357335e-04 true resid norm 1.789671457518e-03 ||r(i)||/||b|| 6.095338248808e-09
  Residual norms for implicit-solve_hybridization_ solve.
  0 KSP preconditioned resid norm 3.496583524679e+02 true resid norm 1.825088586442e+03 ||r(i)||/||b|| 1.000000000000e+00
  1 KSP preconditioned resid norm 1.084179758570e-02 true resid norm 5.703839057228e-02 ||r(i)||/||b|| 3.125239563494e-05
  2 KSP preconditioned resid norm 7.467739555976e-06 true resid norm 4.648985256239e-05 ||r(i)||/||b|| 2.547265535918e-08
  3 KSP preconditioned resid norm 5.909412930467e-09 true resid norm 3.557160708385e-08 ||r(i)||/||b|| 1.949034548137e-11
  Residual norms for implicit-solve_hybridization_ solve.
  0 KSP preconditioned resid norm 1.618790568075e+01 true resid norm 1.046268827527e+02 ||r(i)||/||b|| 1.000000000000e+00
  1 KSP preconditioned resid norm 8.313263655422e-04 true resid norm 4.592320822373e-03 ||r(i)||/||b|| 4.389236018078e-05
  2 KSP preconditioned resid norm 5.614266631631e-07 true resid norm 3.649825769482e-06 ||r(i)||/||b|| 3.488420636701e-08
  3 KSP preconditioned resid norm 4.137846397215e-10 true resid norm 2.543474779843e-09 ||r(i)||/||b|| 2.430995469735e-11
  Residual norms for implicit-solve_hybridization_ solve.
  0 KSP preconditioned resid norm 5.865522000167e+04 true resid norm 2.897229593351e+05 ||r(i)||/||b|| 1.000000000000e+00
  1 KSP preconditioned resid norm 5.309790408421e-01 true resid norm 2.744562228030e+00 ||r(i)||/||b|| 9.473057414324e-06
  2 KSP preconditioned resid norm 2.387903204029e-04 true resid norm 1.375111891956e-03 ||r(i)||/||b|| 4.746299344420e-09
  Residual norms for implicit-solve_hybridization_ solve.
  0 KSP preconditioned resid norm 5.856161567921e+04 true resid norm 2.892437813732e+05 ||r(i)||/||b|| 1.000000000000e+00
  1 KSP preconditioned resid norm 5.299913063811e-01 true resid norm 2.739476402721e+00 ||r(i)||/||b|| 9.471167849194e-06
  2 KSP preconditioned resid norm 2.365916221787e-04 true resid norm 1.369170548316e-03 ||r(i)||/||b|| 4.733621382682e-09
  Residual norms for implicit-solve_hybridization_ solve.
  0 KSP preconditioned resid norm 3.465366477104e+02 true resid norm 1.803382270425e+03 ||r(i)||/||b|| 1.000000000000e+00
  1 KSP preconditioned resid norm 1.013912554587e-02 true resid norm 5.560802795501e-02 ||r(i)||/||b|| 3.083540792596e-05
  2 KSP preconditioned resid norm 6.876960536509e-06 true resid norm 3.982308619133e-05 ||r(i)||/||b|| 2.208244299859e-08
  3 KSP preconditioned resid norm 4.162666899776e-09 true resid norm 2.453920394552e-08 ||r(i)||/||b|| 1.360732238969e-11
  Residual norms for implicit-solve_hybridization_ solve.
  0 KSP preconditioned resid norm 1.417476188302e+01 true resid norm 8.976853866621e+01 ||r(i)||/||b|| 1.000000000000e+00
  1 KSP preconditioned resid norm 8.052622541497e-04 true resid norm 5.045963677346e-03 ||r(i)||/||b|| 5.621082566698e-05
  2 KSP preconditioned resid norm 6.185862007014e-07 true resid norm 3.830644317938e-06 ||r(i)||/||b|| 4.267245935886e-08
  3 KSP preconditioned resid norm 3.744483422419e-10 true resid norm 2.408580179673e-09 ||r(i)||/||b|| 2.683100577841e-11
  Residual norms for implicit-solve_hybridization_ solve.
  0 KSP preconditioned resid norm 5.775413687974e+04 true resid norm 2.852567221405e+05 ||r(i)||/||b|| 1.000000000000e+00
  1 KSP preconditioned resid norm 5.295002160933e-01 true resid norm 2.738410046252e+00 ||r(i)||/||b|| 9.599808992067e-06
  2 KSP preconditioned resid norm 2.370962497582e-04 true resid norm 1.417379860538e-03 ||r(i)||/||b|| 4.968786887485e-09
  Residual norms for implicit-solve_hybridization_ solve.
  0 KSP preconditioned resid norm 5.765711344763e+04 true resid norm 2.847599654123e+05 ||r(i)||/||b|| 1.000000000000e+00
  1 KSP preconditioned resid norm 5.295624587871e-01 true resid norm 2.735486043874e+00 ||r(i)||/||b|| 9.606287316104e-06
  2 KSP preconditioned resid norm 2.332617724852e-04 true resid norm 1.381724912984e-03 ||r(i)||/||b|| 4.852244278732e-09
  Residual norms for implicit-solve_hybridization_ solve.
  0 KSP preconditioned resid norm 3.482210207747e+02 true resid norm 1.807590491697e+03 ||r(i)||/||b|| 1.000000000000e+00
  1 KSP preconditioned resid norm 1.051912558978e-02 true resid norm 5.636313656756e-02 ||r(i)||/||b|| 3.118136371399e-05
  2 KSP preconditioned resid norm 7.655693511084e-06 true resid norm 4.833060018631e-05 ||r(i)||/||b|| 2.673758265951e-08
  3 KSP preconditioned resid norm 6.027967465561e-09 true resid norm 3.637930937957e-08 ||r(i)||/||b|| 2.012585790126e-11
  Residual norms for implicit-solve_hybridization_ solve.
  0 KSP preconditioned resid norm 1.489484289549e+01 true resid norm 9.619930190995e+01 ||r(i)||/||b|| 1.000000000000e+00
  1 KSP preconditioned resid norm 7.546002525931e-04 true resid norm 4.452011117082e-03 ||r(i)||/||b|| 4.627903767170e-05
  2 KSP preconditioned resid norm 5.689301032968e-07 true resid norm 3.772548376964e-06 ||r(i)||/||b|| 3.921596417087e-08
  3 KSP preconditioned resid norm 4.157329459397e-10 true resid norm 2.531952562336e-09 ||r(i)||/||b|| 2.631986419929e-11
  Residual norms for implicit-solve_hybridization_ solve.
  0 KSP preconditioned resid norm 5.682957465685e+04 true resid norm 2.806525643867e+05 ||r(i)||/||b|| 1.000000000000e+00
  1 KSP preconditioned resid norm 5.535128387014e-01 true resid norm 2.828794683679e+00 ||r(i)||/||b|| 1.007934735911e-05
  2 KSP preconditioned resid norm 2.499997642086e-04 true resid norm 1.434909932851e-03 ||r(i)||/||b|| 5.112762593091e-09
  Residual norms for implicit-solve_hybridization_ solve.
  0 KSP preconditioned resid norm 5.672979963932e+04 true resid norm 2.801413757429e+05 ||r(i)||/||b|| 1.000000000000e+00
  1 KSP preconditioned resid norm 5.546913769200e-01 true resid norm 2.834014673914e+00 ||r(i)||/||b|| 1.011637308626e-05
  2 KSP preconditioned resid norm 2.511531455363e-04 true resid norm 1.444577698408e-03 ||r(i)||/||b|| 5.156602428247e-09
  Residual norms for implicit-solve_hybridization_ solve.
  0 KSP preconditioned resid norm 3.473594059881e+02 true resid norm 1.801007398090e+03 ||r(i)||/||b|| 1.000000000000e+00
  1 KSP preconditioned resid norm 8.557542423838e-03 true resid norm 4.806597169204e-02 ||r(i)||/||b|| 2.668838103776e-05
  2 KSP preconditioned resid norm 5.815938190259e-06 true resid norm 3.504943911680e-05 ||r(i)||/||b|| 1.946101895749e-08
  3 KSP preconditioned resid norm 3.182691973286e-09 true resid norm 1.895041978096e-08 ||r(i)||/||b|| 1.052212211957e-11
  Residual norms for implicit-solve_hybridization_ solve.
  0 KSP preconditioned resid norm 1.315989823128e+01 true resid norm 8.315541820773e+01 ||r(i)||/||b|| 1.000000000000e+00
  1 KSP preconditioned resid norm 6.065076280816e-04 true resid norm 3.765380818544e-03 ||r(i)||/||b|| 4.528124444204e-05
  2 KSP preconditioned resid norm 4.370492319695e-07 true resid norm 2.732836596279e-06 ||r(i)||/||b|| 3.286420362233e-08
  3 KSP preconditioned resid norm 2.131622540186e-10 true resid norm 1.340981731692e-09 ||r(i)||/||b|| 1.612620994030e-11
  Residual norms for implicit-solve_hybridization_ solve.
  0 KSP preconditioned resid norm 5.589103390819e+04 true resid norm 2.759698492670e+05 ||r(i)||/||b|| 1.000000000000e+00
  1 KSP preconditioned resid norm 5.875601197517e-01 true resid norm 2.994898711498e+00 ||r(i)||/||b|| 1.085226780916e-05
  2 KSP preconditioned resid norm 2.850880776240e-04 true resid norm 1.675181811283e-03 ||r(i)||/||b|| 6.070162431630e-09
  Residual norms for implicit-solve_hybridization_ solve.
  0 KSP preconditioned resid norm 5.578835117093e+04 true resid norm 2.754439806332e+05 ||r(i)||/||b|| 1.000000000000e+00
  1 KSP preconditioned resid norm 5.880089365701e-01 true resid norm 2.996396436868e+00 ||r(i)||/||b|| 1.087842409908e-05
  2 KSP preconditioned resid norm 2.864102968884e-04 true resid norm 1.682909285070e-03 ||r(i)||/||b|| 6.109805998306e-09
  Residual norms for implicit-solve_hybridization_ solve.
  0 KSP preconditioned resid norm 3.474403431362e+02 true resid norm 1.800417165040e+03 ||r(i)||/||b|| 1.000000000000e+00
  1 KSP preconditioned resid norm 9.330759837988e-03 true resid norm 5.170845693043e-02 ||r(i)||/||b|| 2.872026435567e-05
  2 KSP preconditioned resid norm 6.268235819756e-06 true resid norm 3.958532278761e-05 ||r(i)||/||b|| 2.198675038001e-08
  3 KSP preconditioned resid norm 4.946326829388e-09 true resid norm 3.040910772451e-08 ||r(i)||/||b|| 1.689003432926e-11
  Residual norms for implicit-solve_hybridization_ solve.
  0 KSP preconditioned resid norm 1.424589889829e+01 true resid norm 9.178066578594e+01 ||r(i)||/||b|| 1.000000000000e+00
  1 KSP preconditioned resid norm 6.962401574202e-04 true resid norm 4.452513206923e-03 ||r(i)||/||b|| 4.851253985570e-05
  2 KSP preconditioned resid norm 5.407790044112e-07 true resid norm 3.541779676226e-06 ||r(i)||/||b|| 3.858960540214e-08
  3 KSP preconditioned resid norm 3.796911767407e-10 true resid norm 2.454584790104e-09 ||r(i)||/||b|| 2.674402902926e-11
  Residual norms for implicit-solve_hybridization_ solve.
  0 KSP preconditioned resid norm 5.493078314008e+04 true resid norm 2.711680381325e+05 ||r(i)||/||b|| 1.000000000000e+00
  1 KSP preconditioned resid norm 6.131493740095e-01 true resid norm 3.121423138255e+00 ||r(i)||/||b|| 1.151102895368e-05
  2 KSP preconditioned resid norm 3.376724780773e-04 true resid norm 2.011154567740e-03 ||r(i)||/||b|| 7.416635756895e-09
  Residual norms for implicit-solve_hybridization_ solve.
  0 KSP preconditioned resid norm 5.482562431786e+04 true resid norm 2.706292526807e+05 ||r(i)||/||b|| 1.000000000000e+00
  1 KSP preconditioned resid norm 6.132117833515e-01 true resid norm 3.120172187833e+00 ||r(i)||/||b|| 1.152932344500e-05
  2 KSP preconditioned resid norm 3.382389579033e-04 true resid norm 2.011131217007e-03 ||r(i)||/||b|| 7.431314970890e-09
  Residual norms for implicit-solve_hybridization_ solve.
  0 KSP preconditioned resid norm 3.468660696054e+02 true resid norm 1.790393757737e+03 ||r(i)||/||b|| 1.000000000000e+00
  1 KSP preconditioned resid norm 8.442790063039e-03 true resid norm 4.897532101864e-02 ||r(i)||/||b|| 2.735449719203e-05
  2 KSP preconditioned resid norm 5.479195289513e-06 true resid norm 3.411891164733e-05 ||r(i)||/||b|| 1.905665248211e-08
  3 KSP preconditioned resid norm 3.505370407439e-09 true resid norm 2.183273962459e-08 ||r(i)||/||b|| 1.219437876738e-11
  Residual norms for implicit-solve_hybridization_ solve.
  0 KSP preconditioned resid norm 1.239468620113e+01 true resid norm 7.838965027249e+01 ||r(i)||/||b|| 1.000000000000e+00
  1 KSP preconditioned resid norm 6.116702497181e-04 true resid norm 3.609974893260e-03 ||r(i)||/||b|| 4.605167749455e-05
  2 KSP preconditioned resid norm 3.741735053871e-07 true resid norm 2.377214513676e-06 ||r(i)||/||b|| 3.032561703506e-08
  3 KSP preconditioned resid norm 2.275669620668e-10 true resid norm 1.456064892156e-09 ||r(i)||/||b|| 1.857470835874e-11
  Residual norms for implicit-solve_hybridization_ solve.
  0 KSP preconditioned resid norm 5.395439951196e+04 true resid norm 2.662694543197e+05 ||r(i)||/||b|| 1.000000000000e+00
  1 KSP preconditioned resid norm 6.265233142847e-01 true resid norm 3.194973344319e+00 ||r(i)||/||b|| 1.199902314174e-05
  2 KSP preconditioned resid norm 3.750809221687e-04 true resid norm 2.232912180574e-03 ||r(i)||/||b|| 8.385911881175e-09
  Residual norms for implicit-solve_hybridization_ solve.
  0 KSP preconditioned resid norm 5.384675274196e+04 true resid norm 2.657175614538e+05 ||r(i)||/||b|| 1.000000000000e+00
  1 KSP preconditioned resid norm 6.258295978058e-01 true resid norm 3.192482070252e+00 ||r(i)||/||b|| 1.201456935246e-05
  2 KSP preconditioned resid norm 3.757425042382e-04 true resid norm 2.238949599047e-03 ||r(i)||/||b|| 8.426050528228e-09
  Residual norms for implicit-solve_hybridization_ solve.
  0 KSP preconditioned resid norm 3.465900052199e+02 true resid norm 1.789959604131e+03 ||r(i)||/||b|| 1.000000000000e+00
  1 KSP preconditioned resid norm 7.750817952811e-03 true resid norm 4.319928751596e-02 ||r(i)||/||b|| 2.413422482623e-05
  2 KSP preconditioned resid norm 4.544463796607e-06 true resid norm 2.720984715304e-05 ||r(i)||/||b|| 1.520137498648e-08
  3 KSP preconditioned resid norm 3.075532692298e-09 true resid norm 1.926500813999e-08 ||r(i)||/||b|| 1.076281727003e-11
  Residual norms for implicit-solve_hybridization_ solve.
  0 KSP preconditioned resid norm 1.312448322967e+01 true resid norm 8.435672751947e+01 ||r(i)||/||b|| 1.000000000000e+00
  1 KSP preconditioned resid norm 6.179118725625e-04 true resid norm 3.945451853029e-03 ||r(i)||/||b|| 4.677103971487e-05
  2 KSP preconditioned resid norm 4.428962166225e-07 true resid norm 2.858344468265e-06 ||r(i)||/||b|| 3.388401319391e-08
  3 KSP preconditioned resid norm 2.868489639579e-10 true resid norm 1.865416930185e-09 ||r(i)||/||b|| 2.211343404418e-11
  Residual norms for implicit-solve_hybridization_ solve.
  0 KSP preconditioned resid norm 5.296299570752e+04 true resid norm 2.612872679469e+05 ||r(i)||/||b|| 1.000000000000e+00
  1 KSP preconditioned resid norm 6.238194430717e-01 true resid norm 3.188079558834e+00 ||r(i)||/||b|| 1.220143478052e-05
  2 KSP preconditioned resid norm 3.791711135307e-04 true resid norm 2.252865398224e-03 ||r(i)||/||b|| 8.622178248201e-09
  Residual norms for implicit-solve_hybridization_ solve.
  0 KSP preconditioned resid norm 5.285287130104e+04 true resid norm 2.607226684638e+05 ||r(i)||/||b|| 1.000000000000e+00
  1 KSP preconditioned resid norm 6.225143851363e-01 true resid norm 3.179929920088e+00 ||r(i)||/||b|| 1.219659931691e-05
  2 KSP preconditioned resid norm 3.773869626240e-04 true resid norm 2.239627962220e-03 ||r(i)||/||b|| 8.590077630826e-09
  Residual norms for implicit-solve_hybridization_ solve.
  0 KSP preconditioned resid norm 3.458836421824e+02 true resid norm 1.780582701725e+03 ||r(i)||/||b|| 1.000000000000e+00
  1 KSP preconditioned resid norm 9.212233383300e-03 true resid norm 5.244234772514e-02 ||r(i)||/||b|| 2.945235156691e-05
  2 KSP preconditioned resid norm 5.924592775276e-06 true resid norm 3.579293674196e-05 ||r(i)||/||b|| 2.010181088881e-08
  3 KSP preconditioned resid norm 3.674671316576e-09 true resid norm 2.227998786133e-08 ||r(i)||/||b|| 1.251275093246e-11
  Residual norms for implicit-solve_hybridization_ solve.
  0 KSP preconditioned resid norm 1.169486179178e+01 true resid norm 7.393399969706e+01 ||r(i)||/||b|| 1.000000000000e+00
  1 KSP preconditioned resid norm 7.100425898299e-04 true resid norm 4.182142431736e-03 ||r(i)||/||b|| 5.656588915617e-05
  2 KSP preconditioned resid norm 4.057651827141e-07 true resid norm 2.512957293638e-06 ||r(i)||/||b|| 3.398919717498e-08
  3 KSP preconditioned resid norm 2.612167407487e-10 true resid norm 1.667611055556e-09 ||r(i)||/||b|| 2.255540160668e-11
  Residual norms for implicit-solve_hybridization_ solve.
  0 KSP preconditioned resid norm 5.195584386569e+04 true resid norm 2.562136590923e+05 ||r(i)||/||b|| 1.000000000000e+00
  1 KSP preconditioned resid norm 6.165820045637e-01 true resid norm 3.159347768533e+00 ||r(i)||/||b|| 1.233091077082e-05
  2 KSP preconditioned resid norm 3.690079639800e-04 true resid norm 2.211600400341e-03 ||r(i)||/||b|| 8.631859863270e-09
  Residual norms for implicit-solve_hybridization_ solve.
  0 KSP preconditioned resid norm 5.184365046270e+04 true resid norm 2.556377609899e+05 ||r(i)||/||b|| 1.000000000000e+00
  1 KSP preconditioned resid norm 6.154863721285e-01 true resid norm 3.154369716449e+00 ||r(i)||/||b|| 1.233921664872e-05
  2 KSP preconditioned resid norm 3.667599987370e-04 true resid norm 2.200403514603e-03 ||r(i)||/||b|| 8.607505816363e-09
  Residual norms for implicit-solve_hybridization_ solve.
  0 KSP preconditioned resid norm 3.466159414155e+02 true resid norm 1.784498754042e+03 ||r(i)||/||b|| 1.000000000000e+00
  1 KSP preconditioned resid norm 7.732232113088e-03 true resid norm 4.214227528313e-02 ||r(i)||/||b|| 2.361574934568e-05
  2 KSP preconditioned resid norm 4.742273242160e-06 true resid norm 2.727200569260e-05 ||r(i)||/||b|| 1.528272610493e-08
  3 KSP preconditioned resid norm 2.871055512844e-09 true resid norm 1.687175398506e-08 ||r(i)||/||b|| 9.454617968684e-12
  Residual norms for implicit-solve_hybridization_ solve.
  0 KSP preconditioned resid norm 1.240110438359e+01 true resid norm 7.956529178150e+01 ||r(i)||/||b|| 1.000000000000e+00
  1 KSP preconditioned resid norm 5.561336249049e-04 true resid norm 3.347708089674e-03 ||r(i)||/||b|| 4.207498036792e-05
  2 KSP preconditioned resid norm 3.485169836448e-07 true resid norm 2.165561273166e-06 ||r(i)||/||b|| 2.721741131941e-08
  3 KSP preconditioned resid norm 2.024797962189e-10 true resid norm 1.227843761400e-09 ||r(i)||/||b|| 1.543190169870e-11
  Residual norms for implicit-solve_hybridization_ solve.
  0 KSP preconditioned resid norm 5.093612000704e+04 true resid norm 2.510628845768e+05 ||r(i)||/||b|| 1.000000000000e+00
  1 KSP preconditioned resid norm 6.062206612372e-01 true resid norm 3.105592459861e+00 ||r(i)||/||b|| 1.236977924911e-05
  2 KSP preconditioned resid norm 3.251838251740e-04 true resid norm 1.935844975475e-03 ||r(i)||/||b|| 7.710597999136e-09
  Residual norms for implicit-solve_hybridization_ solve.
  0 KSP preconditioned resid norm 5.082203564662e+04 true resid norm 2.504771111180e+05 ||r(i)||/||b|| 1.000000000000e+00
  1 KSP preconditioned resid norm 6.050144993856e-01 true resid norm 3.098238120039e+00 ||r(i)||/||b|| 1.236934626965e-05
  2 KSP preconditioned resid norm 3.220024599431e-04 true resid norm 1.913864093677e-03 ||r(i)||/||b|| 7.640874190598e-09
  Residual norms for implicit-solve_hybridization_ solve.
  0 KSP preconditioned resid norm 3.454251490531e+02 true resid norm 1.774179700094e+03 ||r(i)||/||b|| 1.000000000000e+00
  1 KSP preconditioned resid norm 8.246500358307e-03 true resid norm 4.833743699225e-02 ||r(i)||/||b|| 2.724494987159e-05
  2 KSP preconditioned resid norm 5.798708941433e-06 true resid norm 3.516498636046e-05 ||r(i)||/||b|| 1.982041974587e-08
  3 KSP preconditioned resid norm 3.324813892209e-09 true resid norm 1.976465310030e-08 ||r(i)||/||b|| 1.114016415545e-11
  Residual norms for implicit-solve_hybridization_ solve.
  0 KSP preconditioned resid norm 1.124816426335e+01 true resid norm 7.122223693333e+01 ||r(i)||/||b|| 1.000000000000e+00
  1 KSP preconditioned resid norm 6.984914073090e-04 true resid norm 4.293871893026e-03 ||r(i)||/||b|| 6.028836046031e-05
  2 KSP preconditioned resid norm 4.303641637229e-07 true resid norm 2.660915890445e-06 ||r(i)||/||b|| 3.736074581504e-08
  3 KSP preconditioned resid norm 2.273210915979e-10 true resid norm 1.407508712262e-09 ||r(i)||/||b|| 1.976220872675e-11
  Residual norms for implicit-solve_hybridization_ solve.
  0 KSP preconditioned resid norm 4.990380964228e+04 true resid norm 2.458399221974e+05 ||r(i)||/||b|| 1.000000000000e+00
  1 KSP preconditioned resid norm 5.993664271313e-01 true resid norm 3.074480480884e+00 ||r(i)||/||b|| 1.250602608967e-05
  2 KSP preconditioned resid norm 3.045589001928e-04 true resid norm 1.815185657772e-03 ||r(i)||/||b|| 7.383608168873e-09
  Residual norms for implicit-solve_hybridization_ solve.
  0 KSP preconditioned resid norm 4.978767910508e+04 true resid norm 2.452430695425e+05 ||r(i)||/||b|| 1.000000000000e+00
  1 KSP preconditioned resid norm 5.985819448710e-01 true resid norm 3.070116657927e+00 ||r(i)||/||b|| 1.251866837116e-05
  2 KSP preconditioned resid norm 3.027025408285e-04 true resid norm 1.804006196663e-03 ||r(i)||/||b|| 7.355992567000e-09
  Residual norms for implicit-solve_hybridization_ solve.
  0 KSP preconditioned resid norm 3.457825113205e+02 true resid norm 1.774174275810e+03 ||r(i)||/||b|| 1.000000000000e+00
  1 KSP preconditioned resid norm 7.722390321773e-03 true resid norm 4.289066899335e-02 ||r(i)||/||b|| 2.417500331177e-05
  2 KSP preconditioned resid norm 4.943697460479e-06 true resid norm 2.876509086908e-05 ||r(i)||/||b|| 1.621322733695e-08
  3 KSP preconditioned resid norm 2.917737446054e-09 true resid norm 1.654760321300e-08 ||r(i)||/||b|| 9.326932217774e-12
  Residual norms for implicit-solve_hybridization_ solve.
  0 KSP preconditioned resid norm 1.140652863672e+01 true resid norm 7.285753739288e+01 ||r(i)||/||b|| 1.000000000000e+00
  1 KSP preconditioned resid norm 5.567628754548e-04 true resid norm 3.314285709211e-03 ||r(i)||/||b|| 4.548994967177e-05
  2 KSP preconditioned resid norm 3.448823599922e-07 true resid norm 2.093971322835e-06 ||r(i)||/||b|| 2.874062722630e-08
  3 KSP preconditioned resid norm 1.915493068573e-10 true resid norm 1.145597360000e-09 ||r(i)||/||b|| 1.572380018587e-11
  Residual norms for implicit-solve_hybridization_ solve.
  0 KSP preconditioned resid norm 4.886076712039e+04 true resid norm 2.405482132159e+05 ||r(i)||/||b|| 1.000000000000e+00
  1 KSP preconditioned resid norm 5.990007799688e-01 true resid norm 3.064259359688e+00 ||r(i)||/||b|| 1.273864943215e-05
  2 KSP preconditioned resid norm 3.013327506164e-04 true resid norm 1.773095729106e-03 ||r(i)||/||b|| 7.371061731872e-09
  Residual norms for implicit-solve_hybridization_ solve.
  0 KSP preconditioned resid norm 4.874306931261e+04 true resid norm 2.399425518497e+05 ||r(i)||/||b|| 1.000000000000e+00
  1 KSP preconditioned resid norm 5.988673160634e-01 true resid norm 3.063413501262e+00 ||r(i)||/||b|| 1.276727899094e-05
  2 KSP preconditioned resid norm 3.021285909083e-04 true resid norm 1.778932708133e-03 ||r(i)||/||b|| 7.413994284961e-09
  Residual norms for implicit-solve_hybridization_ solve.
  0 KSP preconditioned resid norm 3.456789961669e+02 true resid norm 1.771805701188e+03 ||r(i)||/||b|| 1.000000000000e+00
  1 KSP preconditioned resid norm 7.064438891492e-03 true resid norm 4.298022776085e-02 ||r(i)||/||b|| 2.425786740162e-05
  2 KSP preconditioned resid norm 5.242846669089e-06 true resid norm 3.260621487912e-05 ||r(i)||/||b|| 1.840281632306e-08
  3 KSP preconditioned resid norm 3.061794683626e-09 true resid norm 1.840550600800e-08 ||r(i)||/||b|| 1.038799344401e-11
  Residual norms for implicit-solve_hybridization_ solve.
  0 KSP preconditioned resid norm 1.076057591308e+01 true resid norm 6.810635087850e+01 ||r(i)||/||b|| 1.000000000000e+00
  1 KSP preconditioned resid norm 6.248184334955e-04 true resid norm 4.041005310181e-03 ||r(i)||/||b|| 5.933375167009e-05
  2 KSP preconditioned resid norm 4.221900522062e-07 true resid norm 2.675087042326e-06 ||r(i)||/||b|| 3.927808505111e-08
  3 KSP preconditioned resid norm 2.086556276742e-10 true resid norm 1.284756338693e-09 ||r(i)||/||b|| 1.886397262694e-11
  Residual norms for implicit-solve_hybridization_ solve.
  0 KSP preconditioned resid norm 4.780977945559e+04 true resid norm 2.352057022854e+05 ||r(i)||/||b|| 1.000000000000e+00
  1 KSP preconditioned resid norm 6.024917190233e-01 true resid norm 3.091159246917e+00 ||r(i)||/||b|| 1.314236524404e-05
  2 KSP preconditioned resid norm 3.290337968023e-04 true resid norm 1.973276843104e-03 ||r(i)||/||b|| 8.389579095788e-09
  Residual norms for implicit-solve_hybridization_ solve.
  0 KSP preconditioned resid norm 4.769067554753e+04 true resid norm 2.345922566636e+05 ||r(i)||/||b|| 1.000000000000e+00
  1 KSP preconditioned resid norm 6.016957804221e-01 true resid norm 3.086580211507e+00 ||r(i)||/||b|| 1.315721266936e-05
  2 KSP preconditioned resid norm 3.280568103353e-04 true resid norm 1.966425275517e-03 ||r(i)||/||b|| 8.382311093656e-09
  Residual norms for implicit-solve_hybridization_ solve.
  0 KSP preconditioned resid norm 3.455172226388e+02 true resid norm 1.768303463152e+03 ||r(i)||/||b|| 1.000000000000e+00
  1 KSP preconditioned resid norm 7.199696360202e-03 true resid norm 4.230765718288e-02 ||r(i)||/||b|| 2.392556371940e-05
  2 KSP preconditioned resid norm 5.188922907835e-06 true resid norm 3.129774557010e-05 ||r(i)||/||b|| 1.769930683408e-08
  3 KSP preconditioned resid norm 2.830768718598e-09 true resid norm 1.582771354805e-08 ||r(i)||/||b|| 8.950790335410e-12
  Residual norms for implicit-solve_hybridization_ solve.
  0 KSP preconditioned resid norm 1.079412703381e+01 true resid norm 6.882350501340e+01 ||r(i)||/||b|| 1.000000000000e+00
  1 KSP preconditioned resid norm 5.789918243151e-04 true resid norm 3.615862921786e-03 ||r(i)||/||b|| 5.253819783055e-05
  2 KSP preconditioned resid norm 3.621013483874e-07 true resid norm 2.178914802154e-06 ||r(i)||/||b|| 3.165945706673e-08
  3 KSP preconditioned resid norm 1.586042680658e-10 true resid norm 9.372817206647e-10 ||r(i)||/||b|| 1.361862811960e-11
Simulation complete.

************************************************************************************************************************
***             WIDEN YOUR WINDOW TO 120 CHARACTERS.  Use 'enscript -r -fCourier9' to print this document            ***
************************************************************************************************************************

---------------------------------------------- PETSc Performance Summary: ----------------------------------------------

swe_williamson5.py on a  named mpe2 with 40 processors, by tg2115 Sat Mar  2 21:34:37 2019
Using Petsc Development GIT revision: v3.4.2-24285-gcd612ee  GIT Date: 2019-01-17 05:31:34 +0100

                         Max       Max/Min     Avg       Total 
Time (sec):           3.982e+01     1.000   3.982e+01
Objects:              3.564e+03     1.117   3.215e+03
Flop:                 1.013e+10     1.009   1.008e+10  4.032e+11
Flop/sec:             2.543e+08     1.009   2.531e+08  1.012e+10
MPI Messages:         1.121e+05     2.471   7.340e+04  2.936e+06
MPI Message Lengths:  1.704e+08     4.942   5.868e+02  1.723e+09
MPI Reductions:       5.433e+03     1.000

Flop counting convention: 1 flop = 1 real number operation of type (multiply/divide/add/subtract)
                            e.g., VecAXPY() for real vectors of length N --> 2N flop
                            and VecAXPY() for complex vectors of length N --> 8N flop

Summary of Stages:   ----- Time ------  ----- Flop ------  --- Messages ---  -- Message Lengths --  -- Reductions --
                        Avg     %Total     Avg     %Total    Count   %Total     Avg         %Total    Count   %Total 
 0:      Main Stage: 1.2768e+01  32.1%  3.3957e+10   8.4%  1.703e+05   5.8%  2.196e+03       21.7%  4.650e+02   8.6% 
 1: Warm up: DU Residuals: 3.2079e-01   0.8%  6.0206e+09   1.5%  1.070e+04   0.4%  9.455e+02        0.6%  5.400e+01   1.0% 
 2: Warm up: Linear solve: 1.8512e+01  46.5%  5.7180e+09   1.4%  1.318e+05   4.5%  4.705e+02        3.6%  1.348e+03  24.8% 
 3:         Warm up: 9.1593e-02   0.2%  2.9089e+08   0.1%  4.198e+03   0.1%  6.297e+02        0.2%  4.700e+01   0.9% 
 4:    DU Residuals: 3.1264e+00   7.9%  1.5355e+11  38.1%  4.211e+05  14.3%  8.370e+02       20.5%  2.462e+03  45.3% 
 5:    Linear solve: 5.0028e+00  12.6%  2.0361e+11  50.5%  2.198e+06  74.9%  4.194e+02       53.5%  1.050e+03  19.3% 

------------------------------------------------------------------------------------------------------------------------
See the 'Profiling' chapter of the users' manual for details on interpreting output.
Phase summary info:
   Count: number of times phase was executed
   Time and Flop: Max - maximum over all processors
                  Ratio - ratio of maximum to minimum over all processors
   Mess: number of messages sent
   AvgLen: average message length (bytes)
   Reduct: number of global reductions
   Global: entire computation
   Stage: stages of a computation. Set stages with PetscLogStagePush() and PetscLogStagePop().
      %T - percent time in this phase         %F - percent flop in this phase
      %M - percent messages in this phase     %L - percent message lengths in this phase
      %R - percent reductions in this phase
   Total Mflop/s: 10e-6 * (sum of flop over all processors)/(max time over all processors)
------------------------------------------------------------------------------------------------------------------------
Event                Count      Time (sec)     Flop                              --- Global ---  --- Stage ----  Total
                   Max Ratio  Max     Ratio   Max  Ratio  Mess   AvgLen  Reduct  %T %F %M %L %R  %T %F %M %L %R Mflop/s
------------------------------------------------------------------------------------------------------------------------

--- Event Stage 0: Main Stage

PetscBarrier          14 1.0 5.6388e-01 1.1 0.00e+00 0.0 0.0e+00 0.0e+00 2.8e+01  1  0  0  0  1   4  0  0  0  6     0
BuildTwoSided         66 1.0 1.0591e+0028.5 0.00e+00 0.0 1.0e+04 4.0e+00 0.0e+00  3  0  0  0  0   8  0  6  0  0     0
BuildTwoSidedF        15 1.0 3.8408e-02 1.5 0.00e+00 0.0 2.9e+03 2.9e+03 0.0e+00  0  0  0  1  0   0  0  2  2  0     0
SFSetGraph            68 1.0 2.5754e-03 1.1 0.00e+00 0.0 0.0e+00 0.0e+00 0.0e+00  0  0  0  0  0   0  0  0  0  0     0
SFSetUp               66 1.0 1.1091e+0011.2 0.00e+00 0.0 3.0e+04 2.6e+03 0.0e+00  3  0  1  4  0   8  0 18 20  0     0
SFBcastBegin         341 1.0 1.8728e-0119.0 0.00e+00 0.0 8.3e+04 2.7e+03 0.0e+00  0  0  3 13  0   0  0 48 60  0     0
SFBcastEnd           341 1.0 4.9691e-01 2.3 0.00e+00 0.0 0.0e+00 0.0e+00 0.0e+00  1  0  0  0  0   3  0  0  0  0     0
SFReduceBegin        210 1.0 4.3914e-03 1.8 0.00e+00 0.0 4.7e+04 1.0e+03 0.0e+00  0  0  2  3  0   0  0 28 13  0     0
SFReduceEnd          210 1.0 9.8094e-02 3.6 0.00e+00 0.0 0.0e+00 0.0e+00 0.0e+00  0  0  0  0  0   0  0  0  0  0     0
SFFetchOpBegin         2 1.0 5.4359e-0510.9 0.00e+00 0.0 2.3e+02 4.2e+02 0.0e+00  0  0  0  0  0   0  0  0  0  0     0
SFFetchOpEnd           2 1.0 1.6308e-04 4.9 0.00e+00 0.0 2.3e+02 4.2e+02 0.0e+00  0  0  0  0  0   0  0  0  0  0     0
VecTDot               36 1.0 1.7087e-03 1.6 8.95e+05 1.0 0.0e+00 0.0e+00 3.6e+01  0  0  0  0  1   0  0  0  0  8 20710
VecNorm              120 1.0 9.8800e-0215.9 4.62e+06 1.0 0.0e+00 0.0e+00 1.2e+02  0  0  0  0  2   0  1  0  0 26  1857
VecCopy               12 1.0 4.8971e-04 1.2 0.00e+00 0.0 0.0e+00 0.0e+00 0.0e+00  0  0  0  0  0   0  0  0  0  0     0
VecSet                48 1.0 6.9828e-0326.0 0.00e+00 0.0 0.0e+00 0.0e+00 0.0e+00  0  0  0  0  0   0  0  0  0  0     0
VecAXPY               38 1.0 1.1704e-03 1.1 9.45e+05 1.0 0.0e+00 0.0e+00 0.0e+00  0  0  0  0  0   0  0  0  0  0 31917
VecAYPX               16 1.0 5.1117e-04 1.1 3.98e+05 1.0 0.0e+00 0.0e+00 0.0e+00  0  0  0  0  0   0  0  0  0  0 30770
VecScatterBegin       22 1.0 5.6076e-04 1.5 0.00e+00 0.0 4.1e+03 5.8e+02 0.0e+00  0  0  0  0  0   0  0  2  1  0     0
VecScatterEnd         22 1.0 6.8998e-04 3.8 0.00e+00 0.0 0.0e+00 0.0e+00 0.0e+00  0  0  0  0  0   0  0  0  0  0     0
MatMult               18 1.0 6.4311e-03 1.1 2.01e+06 1.0 4.1e+03 5.8e+02 0.0e+00  0  0  0  0  0   0  0  2  1  0 12381
MatSolve              20 1.0 5.9590e-03 1.0 2.21e+06 1.0 0.0e+00 0.0e+00 0.0e+00  0  0  0  0  0   0  0  0  0  0 14686
MatLUFactorNum         2 1.0 2.8579e-03 1.1 2.98e+05 1.1 0.0e+00 0.0e+00 0.0e+00  0  0  0  0  0   0  0  0  0  0  4026
MatILUFactorSym        2 1.0 2.2511e-03 1.4 0.00e+00 0.0 0.0e+00 0.0e+00 0.0e+00  0  0  0  0  0   0  0  0  0  0     0
MatAssemblyBegin      17 1.0 4.1395e-02 1.4 0.00e+00 0.0 2.9e+03 2.9e+03 0.0e+00  0  0  0  1  0   0  0  2  2  0     0
MatAssemblyEnd        17 1.0 1.2544e-02 1.1 0.00e+00 0.0 2.8e+03 1.9e+02 4.8e+01  0  0  0  0  1   0  0  2  0 10     0
MatGetRowIJ            2 1.0 9.2983e-06 0.0 0.00e+00 0.0 0.0e+00 0.0e+00 0.0e+00  0  0  0  0  0   0  0  0  0  0     0
MatGetOrdering         2 1.0 3.7289e-04 1.3 0.00e+00 0.0 0.0e+00 0.0e+00 0.0e+00  0  0  0  0  0   0  0  0  0  0     0
MatZeroEntries         2 1.0 3.3879e-04 1.9 0.00e+00 0.0 0.0e+00 0.0e+00 0.0e+00  0  0  0  0  0   0  0  0  0  0     0
PCSetUp                4 1.0 5.7912e-03 1.2 2.98e+05 1.1 0.0e+00 0.0e+00 0.0e+00  0  0  0  0  0   0  0  0  0  0  1987
PCSetUpOnBlocks        2 1.0 5.5842e-03 1.2 2.98e+05 1.1 0.0e+00 0.0e+00 0.0e+00  0  0  0  0  0   0  0  0  0  0  2061
PCApply               20 1.0 6.3062e-03 1.0 2.21e+06 1.0 0.0e+00 0.0e+00 0.0e+00  0  0  0  0  0   0  0  0  0  0 13878
KSPSetUp               4 1.0 5.5504e-04 1.8 0.00e+00 0.0 0.0e+00 0.0e+00 0.0e+00  0  0  0  0  0   0  0  0  0  0     0
KSPSolve               2 1.0 2.2787e-02 1.0 7.21e+06 1.0 4.1e+03 5.8e+02 5.6e+01  0  0  0  0  1   0  1  2  1 12 12499
SNESSolve              2 1.0 8.1795e-02 1.0 1.50e+07 1.0 6.3e+03 6.4e+02 6.0e+01  0  0  0  0  1   1  2  4  1 13  7312
SNESFunctionEval       2 1.0 2.8805e-02 1.1 3.96e+06 1.0 1.8e+03 5.9e+02 4.0e+00  0  0  0  0  0   0  0  1  0  1  5506
SNESJacobianEval       2 1.0 3.1628e-02 1.1 3.82e+06 1.0 3.4e+02 1.7e+03 0.0e+00  0  0  0  0  0   0  0  0  0  0  4828
Mesh Partition         4 1.0 2.6522e+00 1.1 0.00e+00 0.0 4.4e+04 9.7e+02 2.0e+01  7  0  2  2  0  21  0 26 11  4     0
Mesh Migration         4 1.0 6.2513e-01 1.0 0.00e+00 0.0 1.8e+04 1.1e+04 8.6e+01  2  0  1 12  2   5  0 11 55 18     0
DMPlexInterp           2 1.0 1.0660e-03 1.5 0.00e+00 0.0 0.0e+00 0.0e+00 4.0e+00  0  0  0  0  0   0  0  0  0  1     0
DMPlexDistribute       2 1.0 3.1839e+00 1.0 0.00e+00 0.0 2.2e+04 1.2e+04 3.8e+01  8  0  1 15  1  25  0 13 71  8     0
DMPlexDistCones        4 1.0 1.4665e-01 1.0 0.00e+00 0.0 4.3e+03 1.9e+04 0.0e+00  0  0  0  5  0   1  0  3 22  0     0
DMPlexDistLabels       4 1.0 3.5606e-01 1.0 0.00e+00 0.0 6.2e+03 1.2e+04 5.2e+01  1  0  0  4  1   3  0  4 20 11     0
DMPlexDistOvrlp        2 1.0 1.3343e-01 1.1 0.00e+00 0.0 4.1e+04 4.1e+02 6.8e+01  0  0  1  1  1   1  0 24  4 15     0
DMPlexDistField        6 1.0 3.4414e-02 1.0 0.00e+00 0.0 5.9e+03 4.7e+03 4.0e+00  0  0  0  2  0   0  0  3  7  1     0
DMPlexDistData         4 1.0 1.0303e+0023.8 0.00e+00 0.0 3.9e+04 6.5e+02 0.0e+00  3  0  1  1  0   8  0 23  7  0     0
DMPlexStratify         8 1.0 4.1399e-02 1.1 0.00e+00 0.0 0.0e+00 0.0e+00 8.0e+00  0  0  0  0  0   0  0  0  0  2     0
CreateMesh             8 1.0 3.8159e+00 1.0 0.00e+00 0.0 6.3e+04 4.5e+03 1.1e+02 10  0  2 16  2  30  0 37 75 25     0
CreateFunctionSpace      38 1.0 4.8156e-01 1.0 0.00e+00 0.0 4.3e+04 4.2e+02 8.0e+01  1  0  1  1  1   4  0 25  5 17     0
Mesh: reorder          2 1.0 1.1094e-02 1.7 0.00e+00 0.0 0.0e+00 0.0e+00 4.0e+00  0  0  0  0  0   0  0  0  0  1     0
Mesh: numbering        2 1.0 5.7822e-02 1.0 0.00e+00 0.0 0.0e+00 0.0e+00 4.0e+00  0  0  0  0  0   0  0  0  0  1     0
ParLoopExecute       728 1.0 7.6703e-01 1.2 8.38e+08 1.0 9.4e+04 6.8e+02 4.0e+00  2  8  3  4  0   6 99 55 17  1 43682
ParLoopCells         424 1.0 3.5023e-01 1.0 8.31e+08 1.0 0.0e+00 0.0e+00 0.0e+00  1  8  0  0  0   3 98  0  0  0 94966
ParLoopRednBegin     728 1.0 4.7068e-02 2.4 0.00e+00 0.0 0.0e+00 0.0e+00 0.0e+00  0  0  0  0  0   0  0  0  0  0     0
ParLoopRednEnd       728 1.0 7.7209e-03 1.1 0.00e+00 0.0 0.0e+00 0.0e+00 0.0e+00  0  0  0  0  0   0  0  0  0  0     0
ParLoopset_4          10 1.0 2.5117e-03 1.3 8.19e+03 1.0 0.0e+00 0.0e+00 0.0e+00  0  0  0  0  0   0  0  0  0  0   130
CreateSparsity         5 1.0 3.0781e-01 1.7 0.00e+00 0.0 3.0e+03 1.9e+03 2.8e+01  1  0  0  0  1   2  0  2  2  6     0
MatZeroInitial         6 1.0 9.9397e-02 1.1 0.00e+00 0.0 0.0e+00 0.0e+00 0.0e+00  0  0  0  0  0   1  0  0  0  0     0
ParLoopset_5           8 1.0 4.0650e-03 1.3 0.00e+00 0.0 0.0e+00 0.0e+00 0.0e+00  0  0  0  0  0   0  0  0  0  0     0
ParLoopset_11        508 1.0 1.5415e-02 1.1 2.47e+06 1.0 0.0e+00 0.0e+00 0.0e+00  0  0  0  0  0   0  0  0  0  0  6398
ParLoopset_12        506 1.0 2.4031e-02 1.1 3.73e+06 1.0 0.0e+00 0.0e+00 0.0e+00  0  0  0  0  0   0  0  0  0  0  6136

--- Event Stage 1: Warm up: DU Residuals

BuildTwoSidedF         8 1.0 6.4104e-03 5.1 0.00e+00 0.0 1.0e+03 2.2e+03 0.0e+00  0  0  0  0  0   2  0 10 23  0     0
SFBcastBegin          14 1.0 5.9390e-04 2.3 0.00e+00 0.0 3.2e+03 6.5e+02 0.0e+00  0  0  0  0  0   0  0 30 21  0     0
SFBcastEnd            14 1.0 2.5439e-04 2.2 0.00e+00 0.0 0.0e+00 0.0e+00 0.0e+00  0  0  0  0  0   0  0  0  0  0     0
SFReduceBegin          8 1.0 1.8311e-04 1.6 0.00e+00 0.0 1.8e+03 6.8e+02 0.0e+00  0  0  0  0  0   0  0 17 12  0     0
SFReduceEnd            8 1.0 5.9688e-0339.0 0.00e+00 0.0 0.0e+00 0.0e+00 0.0e+00  0  0  0  0  0   1  0  0  0  0     0
VecMDot               14 1.0 4.4413e-03 1.4 1.39e+06 1.0 0.0e+00 0.0e+00 1.4e+01  0  0  0  0  0   1  1  0  0 26 12395
VecTDot               12 1.0 2.9945e-04 1.6 1.97e+05 1.0 0.0e+00 0.0e+00 1.2e+01  0  0  0  0  0   0  0  0  0 22 26261
VecNorm               24 1.0 3.3176e-03 5.4 5.29e+05 1.0 0.0e+00 0.0e+00 2.4e+01  0  0  0  0  0   1  0  0  0 44  6321
VecScale              16 1.0 2.9874e-04 2.0 1.99e+05 1.0 0.0e+00 0.0e+00 0.0e+00  0  0  0  0  0   0  0  0  0  0 26325
VecCopy               22 1.0 8.2111e-04 1.2 0.00e+00 0.0 0.0e+00 0.0e+00 0.0e+00  0  0  0  0  0   0  0  0  0  0     0
VecSet                30 1.0 7.2694e-04 1.3 0.00e+00 0.0 0.0e+00 0.0e+00 0.0e+00  0  0  0  0  0   0  0  0  0  0     0
VecAXPY               18 1.0 3.7456e-04 1.1 3.29e+05 1.0 0.0e+00 0.0e+00 0.0e+00  0  0  0  0  0   0  0  0  0  0 34994
VecAYPX                4 1.0 1.0061e-04 1.3 6.55e+04 1.0 0.0e+00 0.0e+00 0.0e+00  0  0  0  0  0   0  0  0  0  0 26055
VecMAXPY              16 1.0 1.3163e-03 1.1 1.74e+06 1.0 0.0e+00 0.0e+00 0.0e+00  0  0  0  0  0   0  1  0  0  0 52277
VecScatterBegin       20 1.0 5.2691e-04 1.7 0.00e+00 0.0 4.6e+03 9.7e+02 0.0e+00  0  0  0  0  0   0  0 43 44  0     0
VecScatterEnd         20 1.0 1.6971e-03 3.7 0.00e+00 0.0 0.0e+00 0.0e+00 0.0e+00  0  0  0  0  0   0  0  0  0  0     0
VecNormalize          16 1.0 3.1660e-03 4.5 5.97e+05 1.0 0.0e+00 0.0e+00 1.6e+01  0  0  0  0  0   1  0  0  0 30  7452
MatMult               20 1.0 1.4968e-02 1.1 4.69e+06 1.0 4.6e+03 9.7e+02 0.0e+00  0  0  0  0  0   4  3 43 44  0 12413
MatSolve              24 1.0 1.3162e-02 1.1 5.34e+06 1.0 0.0e+00 0.0e+00 0.0e+00  0  0  0  0  0   4  4  0  0  0 16039
MatLUFactorNum         4 1.0 8.9889e-03 1.3 1.93e+06 1.9 0.0e+00 0.0e+00 0.0e+00  0  0  0  0  0   2  1  0  0  0  6718
MatILUFactorSym        4 1.0 5.2080e-03 1.1 0.00e+00 0.0 0.0e+00 0.0e+00 0.0e+00  0  0  0  0  0   2  0  0  0  0     0
MatAssemblyBegin       8 1.0 7.2541e-03 3.2 0.00e+00 0.0 1.0e+03 2.2e+03 0.0e+00  0  0  0  0  0   2  0 10 23  0     0
MatAssemblyEnd         8 1.0 3.9489e-03 1.1 0.00e+00 0.0 0.0e+00 0.0e+00 0.0e+00  0  0  0  0  0   1  0  0  0  0     0
MatGetRowIJ            4 1.0 3.3379e-06 0.0 0.00e+00 0.0 0.0e+00 0.0e+00 0.0e+00  0  0  0  0  0   0  0  0  0  0     0
MatGetOrdering         4 1.0 4.8709e-04 1.1 0.00e+00 0.0 0.0e+00 0.0e+00 0.0e+00  0  0  0  0  0   0  0  0  0  0     0
MatZeroEntries         4 1.0 1.5984e-03 1.8 0.00e+00 0.0 0.0e+00 0.0e+00 0.0e+00  0  0  0  0  0   0  0  0  0  0     0
PCSetUp                8 1.0 1.5130e-02 1.2 1.93e+06 1.9 0.0e+00 0.0e+00 0.0e+00  0  0  0  0  0   4  1  0  0  0  3991
PCSetUpOnBlocks        4 1.0 1.4787e-02 1.2 1.93e+06 1.9 0.0e+00 0.0e+00 0.0e+00  0  0  0  0  0   4  1  0  0  0  4084
PCApply               24 1.0 1.3980e-02 1.1 5.34e+06 1.0 0.0e+00 0.0e+00 0.0e+00  0  0  0  0  0   4  4  0  0  0 15100
KSPSetUp               8 1.0 6.8378e-04 1.0 0.00e+00 0.0 0.0e+00 0.0e+00 0.0e+00  0  0  0  0  0   0  0  0  0  0     0
KSPSolve               4 1.0 5.1852e-02 1.0 1.63e+07 1.1 4.6e+03 9.7e+02 5.0e+01  0  0  0  0  1  16 10 43 44 93 12156
KSPGMRESOrthog        14 1.0 5.5275e-03 1.3 2.78e+06 1.0 0.0e+00 0.0e+00 1.4e+01  0  0  0  0  0   2  2  0  0 26 19918
SNESSolve              4 1.0 3.1631e-01 1.0 1.52e+08 1.0 1.1e+04 9.5e+02 5.0e+01  1  1  0  1  1  99100100100 93 19034
SNESFunctionEval       4 1.0 9.9680e-02 1.0 6.32e+07 1.0 5.1e+03 6.6e+02 0.0e+00  0  1  0  0  0  30 42 47 33  0 25214
SNESJacobianEval       4 1.0 1.6791e-01 1.0 7.23e+07 1.0 1.0e+03 2.2e+03 0.0e+00  0  1  0  0  0  52 48 10 23  0 17114
ParLoopExecute        20 1.0 2.4081e-01 1.0 1.36e+08 1.0 5.1e+03 6.6e+02 0.0e+00  1  1  0  0  0  74 89 47 33  0 22371
ParLoopCells          16 1.0 7.7760e-02 1.1 6.01e+07 1.0 0.0e+00 0.0e+00 0.0e+00  0  1  0  0  0  23 40  0  0  0 30922
ParLoopRednBegin      20 1.0 2.9492e-04 1.1 0.00e+00 0.0 0.0e+00 0.0e+00 0.0e+00  0  0  0  0  0   0  0  0  0  0     0
ParLoopRednEnd        20 1.0 9.2983e-05 1.2 0.00e+00 0.0 0.0e+00 0.0e+00 0.0e+00  0  0  0  0  0   0  0  0  0  0     0
ParLoopset_4           2 1.0 7.8917e-05 1.1 0.00e+00 0.0 0.0e+00 0.0e+00 0.0e+00  0  0  0  0  0   0  0  0  0  0     0
ParLoopset_5           2 1.0 1.0610e-04 1.6 0.00e+00 0.0 0.0e+00 0.0e+00 0.0e+00  0  0  0  0  0   0  0  0  0  0     0
ParLoopIntFacets      16 1.0 1.3131e-01 1.1 7.54e+07 1.0 0.0e+00 0.0e+00 0.0e+00  0  1  0  0  0  39 50  0  0  0 22713
ParLoopset_11          2 1.0 7.4863e-05 1.5 0.00e+00 0.0 0.0e+00 0.0e+00 0.0e+00  0  0  0  0  0   0  0  0  0  0     0
ParLoopset_12          2 1.0 8.7023e-05 1.1 0.00e+00 0.0 0.0e+00 0.0e+00 0.0e+00  0  0  0  0  0   0  0  0  0  0     0

--- Event Stage 2: Warm up: Linear solve

BuildTwoSided         22 1.0 8.3678e-03 1.1 0.00e+00 0.0 1.9e+03 4.0e+00 0.0e+00  0  0  0  0  0   0  0  1  0  0     0
BuildTwoSidedF       118 1.0 3.2387e-02 1.4 0.00e+00 0.0 1.1e+04 1.6e+03 0.0e+00  0  0  0  1  0   0  0  8 28  0     0
SFSetGraph            24 1.0 1.5020e-04 1.1 0.00e+00 0.0 0.0e+00 0.0e+00 0.0e+00  0  0  0  0  0   0  0  0  0  0     0
SFSetUp               22 1.0 9.0477e-03 1.1 0.00e+00 0.0 5.8e+03 1.9e+02 0.0e+00  0  0  0  0  0   0  0  4  2  0     0
SFBcastBegin          76 1.0 2.5938e-03 2.9 0.00e+00 0.0 1.5e+04 4.9e+02 0.0e+00  0  0  1  0  0   0  0 12 12  0     0
SFBcastEnd            76 1.0 5.7328e-03 6.8 0.00e+00 0.0 0.0e+00 0.0e+00 0.0e+00  0  0  0  0  0   0  0  0  0  0     0
SFReduceBegin         26 1.0 7.5722e-04 1.8 0.00e+00 0.0 5.4e+03 6.7e+02 0.0e+00  0  0  0  0  0   0  0  4  6  0     0
SFReduceEnd           26 1.0 9.2468e-03 6.4 0.00e+00 0.0 0.0e+00 0.0e+00 0.0e+00  0  0  0  0  0   0  0  0  0  0     0
VecMDot              104 1.0 5.9767e-03 1.3 3.38e+06 1.0 0.0e+00 0.0e+00 1.0e+02  0  0  0  0  2   0  2  0  0  8 22256
VecNorm              124 1.0 2.7127e-03 1.5 9.95e+05 1.0 0.0e+00 0.0e+00 1.2e+02  0  0  0  0  2   0  1  0  0  9 14447
VecScale             116 1.0 3.1853e-04 1.1 3.98e+05 1.0 0.0e+00 0.0e+00 0.0e+00  0  0  0  0  0   0  0  0  0  0 49173
VecCopy               60 1.0 1.4842e-03 1.2 0.00e+00 0.0 0.0e+00 0.0e+00 0.0e+00  0  0  0  0  0   0  0  0  0  0     0
VecSet               370 1.0 1.5810e-03 1.2 0.00e+00 0.0 0.0e+00 0.0e+00 0.0e+00  0  0  0  0  0   0  0  0  0  0     0
VecAXPY              138 1.0 1.1544e-03 1.2 9.96e+05 1.0 0.0e+00 0.0e+00 0.0e+00  0  0  0  0  0   0  1  0  0  0 33979
VecAYPX              126 1.0 1.4973e-03 1.2 4.27e+05 1.0 0.0e+00 0.0e+00 0.0e+00  0  0  0  0  0   0  0  0  0  0 11233
VecMAXPY             120 1.0 3.2585e-03 1.1 4.22e+06 1.0 0.0e+00 0.0e+00 0.0e+00  0  0  0  0  0   0  3  0  0  0 50938
VecAssemblyBegin      32 1.0 3.1030e-03 1.5 0.00e+00 0.0 0.0e+00 0.0e+00 0.0e+00  0  0  0  0  0   0  0  0  0  0     0
VecAssemblyEnd        32 1.0 6.7234e-05 1.3 0.00e+00 0.0 0.0e+00 0.0e+00 0.0e+00  0  0  0  0  0   0  0  0  0  0     0
VecPointwiseMult     110 1.0 1.7326e-03 1.1 3.23e+05 1.0 0.0e+00 0.0e+00 0.0e+00  0  0  0  0  0   0  0  0  0  0  7338
VecScatterBegin      362 1.0 3.9825e-03 1.8 0.00e+00 0.0 5.5e+04 3.9e+02 0.0e+00  0  0  2  1  0   0  0 42 35  0     0
VecScatterEnd        362 1.0 1.0540e-02 1.6 0.00e+00 0.0 0.0e+00 0.0e+00 0.0e+00  0  0  0  0  0   0  0  0  0  0     0
VecSetRandom          10 1.0 1.9577e-03 1.0 0.00e+00 0.0 0.0e+00 0.0e+00 0.0e+00  0  0  0  0  0   0  0  0  0  0     0
VecNormalize         116 1.0 2.1317e-03 1.2 1.19e+06 1.0 0.0e+00 0.0e+00 1.2e+02  0  0  0  0  2   0  1  0  0  9 22043
MatMult              230 1.0 2.9639e-02 1.2 8.84e+06 1.1 4.0e+04 3.8e+02 0.0e+00  0  0  1  1  0   0  6 30 25  0 11546
MatMultAdd            30 1.0 6.5906e-03 3.4 4.78e+05 1.0 4.1e+03 1.6e+02 0.0e+00  0  0  0  0  0   0  0  3  1  0  2841
MatMultTranspose      30 1.0 3.9744e-03 1.9 4.78e+05 1.0 4.1e+03 1.6e+02 0.0e+00  0  0  0  0  0   0  0  3  1  0  4711
MatSolve             126 1.8 9.7420e-03 1.1 4.04e+06 1.1 0.0e+00 0.0e+00 0.0e+00  0  0  0  0  0   0  3  0  0  0 16070
MatLUFactorSym         2 1.0 2.9802e-05 2.0 0.00e+00 0.0 0.0e+00 0.0e+00 0.0e+00  0  0  0  0  0   0  0  0  0  0     0
MatLUFactorNum        12 1.0 5.0251e-03 1.2 7.58e+05 1.2 0.0e+00 0.0e+00 0.0e+00  0  0  0  0  0   0  0  0  0  0  5427
MatILUFactorSym       10 1.0 3.3181e-03 1.6 0.00e+00 0.0 0.0e+00 0.0e+00 0.0e+00  0  0  0  0  0   0  0  0  0  0     0
MatConvert            10 1.0 4.8637e-03 1.2 0.00e+00 0.0 0.0e+00 0.0e+00 0.0e+00  0  0  0  0  0   0  0  0  0  0     0
MatScale              30 1.0 2.2488e-03 1.4 5.40e+05 1.1 1.7e+03 3.7e+02 0.0e+00  0  0  0  0  0   0  0  1  1  0  9312
MatResidual           30 1.0 4.9548e-03 1.9 1.14e+06 1.1 5.1e+03 3.7e+02 0.0e+00  0  0  0  0  0   0  1  4  3  0  8900
MatAssemblyBegin     226 1.0 3.4483e-02 1.3 0.00e+00 0.0 1.1e+04 1.6e+03 0.0e+00  0  0  0  1  0   0  0  8 28  0     0
MatAssemblyEnd       226 1.0 5.3594e-02 1.0 0.00e+00 0.0 2.0e+04 7.3e+01 5.0e+02  0  0  1  0  9   0  0 15  2 37     0
MatGetRowIJ           12 2.0 7.1526e-06 0.0 0.00e+00 0.0 0.0e+00 0.0e+00 0.0e+00  0  0  0  0  0   0  0  0  0  0     0
MatCreateSubMat        8 1.0 7.8204e-03 1.0 0.00e+00 0.0 2.1e+03 4.5e+02 1.3e+02  0  0  0  0  2   0  0  2  2  9     0
MatGetOrdering        12 2.0 4.5228e-04 1.3 0.00e+00 0.0 0.0e+00 0.0e+00 0.0e+00  0  0  0  0  0   0  0  0  0  0     0
MatCoarsen            10 1.0 7.0741e-03 1.0 0.00e+00 0.0 1.1e+04 2.5e+02 2.8e+01  0  0  0  0  1   0  0  9  4  2     0
MatZeroEntries        14 1.0 2.5449e-03 1.1 0.00e+00 0.0 0.0e+00 0.0e+00 0.0e+00  0  0  0  0  0   0  0  0  0  0     0
MatAXPY               10 1.0 8.8031e-03 1.0 0.00e+00 0.0 0.0e+00 0.0e+00 0.0e+00  0  0  0  0  0   0  0  0  0  0     0
MatTranspose          30 1.0 2.4820e-02 1.0 0.00e+00 0.0 1.0e+04 4.9e+02 1.0e+02  0  0  0  0  2   0  0  8  8  7     0
MatMatMult            10 1.0 2.2865e-02 1.0 3.80e+05 1.1 1.0e+04 2.0e+02 1.2e+02  0  0  0  0  2   0  0  8  3  9   643
MatMatMultSym         10 1.0 1.7444e-02 1.0 0.00e+00 0.0 8.5e+03 1.6e+02 1.2e+02  0  0  0  0  2   0  0  6  2  9     0
MatMatMultNum         10 1.0 5.3406e-03 1.0 3.80e+05 1.1 1.7e+03 3.7e+02 0.0e+00  0  0  0  0  0   0  0  1  1  0  2753
MatPtAP               10 1.0 6.6458e-02 1.1 2.55e+06 1.1 1.7e+04 5.8e+02 1.5e+02  0  0  1  1  3   0  2 13 16 11  1472
MatPtAPSymbolic       10 1.0 4.4221e-02 1.2 0.00e+00 0.0 1.0e+04 5.3e+02 7.0e+01  0  0  0  0  1   0  0  8  9  5     0
MatPtAPNumeric        10 1.0 2.2140e-02 1.0 2.55e+06 1.1 6.9e+03 6.6e+02 8.0e+01  0  0  0  0  1   0  2  5  7  6  4420
MatTrnMatMult          2 1.0 8.2282e-02 1.0 1.57e+06 1.0 3.0e+03 1.5e+03 3.2e+01  0  0  0  0  1   0  1  2  7  2   754
MatTrnMatMultSym       2 1.0 4.0204e-02 1.0 0.00e+00 0.0 1.4e+03 7.8e+02 1.6e+01  0  0  0  0  0   0  0  1  2  1     0
MatTrnMatMultNum       2 1.0 4.2082e-02 1.0 1.57e+06 1.0 1.6e+03 2.2e+03 1.6e+01  0  0  0  0  0   0  1  1  6  1  1474
MatGetLocalMat        32 1.0 8.2493e-03 1.1 0.00e+00 0.0 0.0e+00 0.0e+00 0.0e+00  0  0  0  0  0   0  0  0  0  0     0
MatGetBrAoCol         30 1.0 1.1166e-02 3.8 0.00e+00 0.0 1.2e+04 5.0e+02 0.0e+00  0  0  0  0  0   0  0  9 10  0     0
MatTranspose_SeqAIJ_FAST      30 1.0 4.7641e-03 1.1 0.00e+00 0.0 0.0e+00 0.0e+00 0.0e+00  0  0  0  0  0   0  0  0  0  0     0
PCGAMGGraph_AGG       10 1.0 1.0693e-01 1.0 3.80e+05 1.1 1.8e+04 5.5e+02 2.2e+02  0  0  1  1  4   1  0 14 16 16   137
PCGAMGCoarse_AGG      10 1.0 1.0322e-01 1.0 1.57e+06 1.0 1.7e+04 5.9e+02 6.8e+01  0  0  1  1  1   1  1 13 16  5   601
PCGAMGProl_AGG        10 1.0 2.1886e-02 1.0 0.00e+00 0.0 6.9e+03 3.1e+02 1.6e+02  0  0  0  0  3   0  0  5  4 12     0
PCGAMGPOpt_AGG        10 1.0 6.3027e-02 1.0 1.25e+07 1.0 2.7e+04 3.1e+02 4.1e+02  0  0  1  0  8   0  9 21 13 30  7726
GAMG: createProl      10 1.0 3.0265e-01 1.0 1.44e+07 1.0 6.9e+04 4.4e+02 8.6e+02  1  0  2  2 16   2 10 52 49 64  1862
  Graph               20 1.0 1.0642e-01 1.0 3.80e+05 1.1 1.8e+04 5.5e+02 2.2e+02  0  0  1  1  4   1  0 14 16 16   138
  MIS/Agg             10 1.0 7.1838e-03 1.0 0.00e+00 0.0 1.1e+04 2.5e+02 2.8e+01  0  0  0  0  1   0  0  9  4  2     0
  SA: col data        10 1.0 5.3360e-03 1.0 0.00e+00 0.0 3.4e+03 5.4e+02 4.0e+01  0  0  0  0  1   0  0  3  3  3     0
  SA: frmProl0        10 1.0 1.3541e-02 1.0 0.00e+00 0.0 3.5e+03 9.4e+01 8.0e+01  0  0  0  0  1   0  0  3  1  6     0
  SA: smooth          10 1.0 3.4181e-02 1.0 5.40e+05 1.1 1.0e+04 2.0e+02 1.4e+02  0  0  0  0  3   0  0  8  3 10   613
GAMG: partLevel       10 1.0 7.8745e-02 1.1 2.55e+06 1.1 2.0e+04 5.6e+02 3.5e+02  0  0  1  1  7   0  2 15 18 26  1243
  repartition          4 1.0 4.4394e-04 1.0 0.00e+00 0.0 0.0e+00 0.0e+00 2.4e+01  0  0  0  0  0   0  0  0  0  2     0
  Invert-Sort          4 1.0 2.7447e-03 1.6 0.00e+00 0.0 0.0e+00 0.0e+00 1.6e+01  0  0  0  0  0   0  0  0  0  1     0
  Move A               4 1.0 4.5252e-03 1.0 0.00e+00 0.0 1.2e+03 7.8e+02 6.8e+01  0  0  0  0  1   0  0  1  1  5     0
  Move P               4 1.0 3.9761e-03 1.0 0.00e+00 0.0 9.0e+02 2.5e+01 6.8e+01  0  0  0  0  1   0  0  1  0  5     0
PCSetUp               16 1.0 9.8262e+00 1.0 4.38e+07 1.0 9.1e+04 4.8e+02 1.3e+03 25  0  3  3 24  53 30 69 70 97   177
PCSetUpOnBlocks       66 1.0 9.4500e-03 1.3 7.58e+05 1.2 0.0e+00 0.0e+00 0.0e+00  0  0  0  0  0   0  0  0  0  0  2886
PCApply                2 1.0 9.0362e+00 1.0 1.01e+08 1.0 1.3e+05 4.6e+02 1.3e+03 23  1  4  3 24  49 70 96 93 97   444
KSPSetUp              38 1.0 2.6631e-03 1.2 0.00e+00 0.0 0.0e+00 0.0e+00 2.4e+01  0  0  0  0  0   0  0  0  0  2     0
KSPSolve               2 1.0 1.8473e+01 1.0 1.27e+08 1.0 1.3e+05 4.7e+02 1.3e+03 46  1  4  3 25 100 88 98 97100   274
KSPGMRESOrthog       104 1.0 8.6370e-03 1.2 6.76e+06 1.0 0.0e+00 0.0e+00 1.0e+02  0  0  0  0  2   0  5  0  0  8 30804
SNESSolve              2 1.0 1.8508e+01 1.0 1.44e+08 1.0 1.3e+05 4.7e+02 1.3e+03 46  1  4  4 25 100100100100100   309
SNESFunctionEval       2 1.0 3.5349e-02 1.0 1.64e+07 1.0 2.8e+03 6.8e+02 0.0e+00  0  0  0  0  0   0 11  2  3  0 18595
SNESJacobianEval       2 1.0 7.2980e-04 1.2 0.00e+00 0.0 0.0e+00 0.0e+00 0.0e+00  0  0  0  0  0   0  0  0  0  0     0
CreateFunctionSpace      44 1.0 2.5513e-02 1.1 0.00e+00 0.0 0.0e+00 0.0e+00 0.0e+00  0  0  0  0  0   0  0  0  0  0     0
ParLoopExecute        36 1.0 1.1444e+01 1.0 1.13e+08 1.0 1.0e+04 8.3e+02 8.0e+00 29  1  0  0  0  62 79  8 14  1   396
ParLoopCells          36 1.0 7.1263e-02 1.0 1.13e+08 1.0 0.0e+00 0.0e+00 0.0e+00  0  1  0  0  0   0 79  0  0  0 63658
ParLoopRednBegin      36 1.0 5.2810e-04 1.2 0.00e+00 0.0 0.0e+00 0.0e+00 0.0e+00  0  0  0  0  0   0  0  0  0  0     0
ParLoopRednEnd        36 1.0 1.7118e-04 1.3 0.00e+00 0.0 0.0e+00 0.0e+00 0.0e+00  0  0  0  0  0   0  0  0  0  0     0
ParLoopset_4           8 1.0 3.2401e-04 1.2 0.00e+00 0.0 0.0e+00 0.0e+00 0.0e+00  0  0  0  0  0   0  0  0  0  0     0
CreateSparsity         2 1.0 3.1486e-02 1.1 0.00e+00 0.0 3.4e+02 1.7e+03 8.0e+00  0  0  0  0  0   0  0  0  1  1     0
MatZeroInitial         2 1.0 1.7398e-02 1.2 0.00e+00 0.0 0.0e+00 0.0e+00 0.0e+00  0  0  0  0  0   0  0  0  0  0     0
ParLoopset_5           6 1.0 3.0708e-04 1.3 0.00e+00 0.0 0.0e+00 0.0e+00 0.0e+00  0  0  0  0  0   0  0  0  0  0     0
HybridInit             2 1.0 9.4400e+00 1.0 2.61e+07 1.0 2.9e+03 8.8e+02 3.8e+01 24  0  0  0  1  51 18  2  4  3   111
SCForwardElim          2 1.0 2.7579e+00 1.0 2.54e+07 1.0 4.4e+03 8.7e+02 1.2e+01  7  0  0  0  0  15 18  3  6  1   368
HybridBreak            2 1.0 3.7283e-02 1.2 0.00e+00 0.0 3.0e+03 8.7e+02 1.2e+01  0  0  0  0  0   0  0  2  4  1     0
ParLoopset_6           4 1.0 3.7408e-04 1.4 0.00e+00 0.0 0.0e+00 0.0e+00 0.0e+00  0  0  0  0  0   0  0  0  0  0     0
HybridRHS              2 1.0 2.7214e+00 1.0 2.54e+07 1.0 1.4e+03 8.7e+02 0.0e+00  7  0  0  0  0  15 18  1  2  0   373
SCSolve                2 1.0 4.3046e-01 1.0 3.03e+07 1.1 1.2e+05 4.3e+02 1.3e+03  1  0  4  3 24   2 21 90 83 96  2737
SCBackSub              2 1.0 5.8488e+00 1.0 4.55e+07 1.0 2.8e+03 8.7e+02 4.0e+00 15  0  0  0  0  32 32  2  4  0   311
HybridProject          2 1.0 1.6682e-02 1.2 0.00e+00 0.0 9.2e+02 1.1e+03 0.0e+00  0  0  0  0  0   0  0  1  2  0     0
ParLoopset_11          8 1.0 2.5606e-04 1.2 0.00e+00 0.0 0.0e+00 0.0e+00 0.0e+00  0  0  0  0  0   0  0  0  0  0     0
ParLoopset_12          6 1.0 2.1386e-04 1.2 0.00e+00 0.0 0.0e+00 0.0e+00 0.0e+00  0  0  0  0  0   0  0  0  0  0     0
ParLoopset_13          4 1.0 3.5453e-04 2.3 0.00e+00 0.0 0.0e+00 0.0e+00 0.0e+00  0  0  0  0  0   0  0  0  0  0     0

--- Event Stage 3: Warm up

BuildTwoSided          2 1.0 3.8815e-04 2.0 0.00e+00 0.0 2.3e+02 4.0e+00 0.0e+00  0  0  0  0  0   0  0  5  0  0     0
BuildTwoSidedF         4 1.0 2.4140e-03 4.2 0.00e+00 0.0 5.2e+02 1.7e+03 0.0e+00  0  0  0  0  0   2  0 12 33  0     0
SFSetGraph             4 1.0 6.2227e-05 1.3 0.00e+00 0.0 0.0e+00 0.0e+00 0.0e+00  0  0  0  0  0   0  0  0  0  0     0
SFSetUp                2 1.0 4.8494e-04 1.7 0.00e+00 0.0 6.9e+02 2.3e+02 0.0e+00  0  0  0  0  0   0  0 16  6  0     0
SFBcastBegin           2 1.0 6.5088e-05 1.8 0.00e+00 0.0 4.6e+02 5.8e+02 0.0e+00  0  0  0  0  0   0  0 11 10  0     0
SFBcastEnd             2 1.0 4.7922e-05 2.6 0.00e+00 0.0 0.0e+00 0.0e+00 0.0e+00  0  0  0  0  0   0  0  0  0  0     0
SFReduceBegin          1 1.0 1.6212e-05 1.6 0.00e+00 0.0 2.3e+02 9.5e+02 0.0e+00  0  0  0  0  0   0  0  5  8  0     0
SFReduceEnd            1 1.0 8.7023e-05 8.7 0.00e+00 0.0 0.0e+00 0.0e+00 0.0e+00  0  0  0  0  0   0  0  0  0  0     0
VecTDot               16 1.0 5.5838e-04 1.4 3.98e+05 1.0 0.0e+00 0.0e+00 1.6e+01  0  0  0  0  0   1  5  0  0 34 28167
VecNorm                9 1.0 1.3766e-03 4.6 2.24e+05 1.0 0.0e+00 0.0e+00 9.0e+00  0  0  0  0  0   1  3  0  0 19  6427
VecCopy                6 1.0 2.4843e-04 1.3 0.00e+00 0.0 0.0e+00 0.0e+00 0.0e+00  0  0  0  0  0   0  0  0  0  0     0
VecSet                11 1.0 1.2875e-04 1.4 0.00e+00 0.0 0.0e+00 0.0e+00 0.0e+00  0  0  0  0  0   0  0  0  0  0     0
VecAXPY               17 1.0 5.4789e-04 1.2 4.23e+05 1.0 0.0e+00 0.0e+00 0.0e+00  0  0  0  0  0   1  6  0  0  0 30502
VecAYPX                7 1.0 2.2292e-04 1.1 1.74e+05 1.0 0.0e+00 0.0e+00 0.0e+00  0  0  0  0  0   0  2  0  0  0 30869
VecScatterBegin        8 1.0 1.5116e-04 2.2 0.00e+00 0.0 1.8e+03 5.8e+02 0.0e+00  0  0  0  0  0   0  0 44 40  0     0
VecScatterEnd          8 1.0 1.6999e-04 2.0 0.00e+00 0.0 0.0e+00 0.0e+00 0.0e+00  0  0  0  0  0   0  0  0  0  0     0
MatMult                8 1.0 2.8570e-03 1.1 8.95e+05 1.0 1.8e+03 5.8e+02 0.0e+00  0  0  0  0  0   3 12 44 40  0 12387
MatSolve               9 1.0 2.6767e-03 1.0 9.97e+05 1.0 0.0e+00 0.0e+00 0.0e+00  0  0  0  0  0   3 14  0  0  0 14713
MatLUFactorNum         1 1.0 1.3840e-03 1.3 1.49e+05 1.1 0.0e+00 0.0e+00 0.0e+00  0  0  0  0  0   1  2  0  0  0  4157
MatILUFactorSym        1 1.0 1.1590e-03 2.5 0.00e+00 0.0 0.0e+00 0.0e+00 0.0e+00  0  0  0  0  0   1  0  0  0  0     0
MatAssemblyBegin       4 1.0 2.6309e-03 2.8 0.00e+00 0.0 5.2e+02 1.7e+03 0.0e+00  0  0  0  0  0   2  0 12 33  0     0
MatAssemblyEnd         4 1.0 2.2848e-03 1.1 0.00e+00 0.0 4.6e+02 1.5e+02 8.0e+00  0  0  0  0  0   2  0 11  3 17     0
MatGetRowIJ            1 1.0 1.1921e-06 0.0 0.00e+00 0.0 0.0e+00 0.0e+00 0.0e+00  0  0  0  0  0   0  0  0  0  0     0
MatGetOrdering         1 1.0 1.7500e-04 1.7 0.00e+00 0.0 0.0e+00 0.0e+00 0.0e+00  0  0  0  0  0   0  0  0  0  0     0
MatZeroEntries         1 1.0 2.0695e-04 2.0 0.00e+00 0.0 0.0e+00 0.0e+00 0.0e+00  0  0  0  0  0   0  0  0  0  0     0
PCSetUp                2 1.0 2.8648e-03 1.6 1.49e+05 1.1 0.0e+00 0.0e+00 0.0e+00  0  0  0  0  0   3  2  0  0  0  2008
PCSetUpOnBlocks        1 1.0 2.7659e-03 1.6 1.49e+05 1.1 0.0e+00 0.0e+00 0.0e+00  0  0  0  0  0   2  2  0  0  0  2080
PCApply                9 1.0 2.8276e-03 1.0 9.97e+05 1.0 0.0e+00 0.0e+00 0.0e+00  0  0  0  0  0   3 14  0  0  0 13928
KSPSetUp               2 1.0 3.1209e-04 3.3 0.00e+00 0.0 0.0e+00 0.0e+00 0.0e+00  0  0  0  0  0   0  0  0  0  0     0
KSPSolve               1 1.0 1.0258e-02 1.0 3.23e+06 1.0 1.8e+03 5.8e+02 2.5e+01  0  0  0  0  0  11 44 44 40 53 12450
SNESSolve              1 1.0 2.4259e-02 1.0 7.15e+06 1.0 3.4e+03 5.9e+02 2.9e+01  0  0  0  0  1  26 98 81 76 62 11721
SNESFunctionEval       1 1.0 6.4509e-03 1.0 1.98e+06 1.0 1.4e+03 4.7e+02 4.0e+00  0  0  0  0  0   7 27 33 24  9 12293
SNESJacobianEval       1 1.0 7.5560e-03 1.0 1.91e+06 1.0 1.7e+02 1.7e+03 0.0e+00  0  0  0  0  0   8 26  4 11  0 10105
ParLoopExecute        11 1.0 1.1954e-02 1.0 4.06e+06 1.0 1.4e+03 4.7e+02 4.0e+00  0  0  0  0  0  13 56 33 24  9 13569
ParLoopCells           6 1.0 5.5740e-03 1.0 4.05e+06 1.0 0.0e+00 0.0e+00 0.0e+00  0  0  0  0  0   6 56  0  0  0 29041
ParLoopRednBegin      11 1.0 1.3614e-04 1.1 0.00e+00 0.0 0.0e+00 0.0e+00 0.0e+00  0  0  0  0  0   0  0  0  0  0     0
ParLoopRednEnd        11 1.0 4.4107e-05 1.3 0.00e+00 0.0 0.0e+00 0.0e+00 0.0e+00  0  0  0  0  0   0  0  0  0  0     0
CreateSparsity         1 1.0 1.5191e-02 1.1 0.00e+00 0.0 1.7e+02 1.7e+03 4.0e+00  0  0  0  0  0  16  0  4 11  9     0
MatZeroInitial         1 1.0 8.6901e-03 1.2 0.00e+00 0.0 0.0e+00 0.0e+00 0.0e+00  0  0  0  0  0   8  0  0  0  0     0
ParLoopset_11          8 1.0 2.4128e-04 1.3 8.19e+03 1.0 0.0e+00 0.0e+00 0.0e+00  0  0  0  0  0   0  0  0  0  0  1358
ParLoopset_12          8 1.0 3.3140e-04 1.3 0.00e+00 0.0 0.0e+00 0.0e+00 0.0e+00  0  0  0  0  0   0  0  0  0  0     0

--- Event Stage 4: DU Residuals

SFBcastBegin         450 1.0 1.3437e-02 1.9 0.00e+00 0.0 1.0e+05 6.8e+02 0.0e+00  0  0  4  4  0   0  0 25 20  0     0
SFBcastEnd           450 1.0 1.0958e-02 2.1 0.00e+00 0.0 0.0e+00 0.0e+00 0.0e+00  0  0  0  0  0   0  0  0  0  0     0
SFReduceBegin        400 1.0 7.7660e-03 1.9 0.00e+00 0.0 9.2e+04 6.8e+02 0.0e+00  0  0  3  4  0   0  0 22 18  0     0
SFReduceEnd          400 1.0 5.0875e-02 6.1 0.00e+00 0.0 0.0e+00 0.0e+00 0.0e+00  0  0  0  0  0   1  0  0  0  0     0
VecMDot              681 1.0 1.8174e-01 1.3 6.63e+07 1.0 0.0e+00 0.0e+00 6.8e+02  0  1  0  0 13   5  2  0  0 28 14425
VecTDot              600 1.0 1.3165e-02 1.4 9.83e+06 1.0 0.0e+00 0.0e+00 6.0e+02  0  0  0  0 11   0  0  0  0 24 29865
VecNorm             1181 1.0 7.9929e-02 2.0 2.60e+07 1.0 0.0e+00 0.0e+00 1.2e+03  0  0  0  0 22   2  1  0  0 48 12885
VecScale             781 1.0 7.4108e-03 1.1 9.71e+06 1.0 0.0e+00 0.0e+00 0.0e+00  0  0  0  0  0   0  0  0  0  0 51800
VecCopy              900 1.0 2.8813e-02 1.1 0.00e+00 0.0 0.0e+00 0.0e+00 0.0e+00  0  0  0  0  0   1  0  0  0  0     0
VecSet              1481 1.0 4.0499e-02 1.4 0.00e+00 0.0 0.0e+00 0.0e+00 0.0e+00  0  0  0  0  0   1  0  0  0  0     0
VecAXPY              900 1.0 1.8337e-02 1.1 1.64e+07 1.0 0.0e+00 0.0e+00 0.0e+00  0  0  0  0  0   1  0  0  0  0 35739
VecAYPX              200 1.0 5.5821e-03 1.4 3.28e+06 1.0 0.0e+00 0.0e+00 0.0e+00  0  0  0  0  0   0  0  0  0  0 23481
VecMAXPY             781 1.0 6.3780e-02 1.1 8.32e+07 1.0 0.0e+00 0.0e+00 0.0e+00  0  1  0  0  0   2  2  0  0  0 51602
VecScatterBegin      981 1.0 2.4431e-02 2.2 0.00e+00 0.0 2.3e+05 9.7e+02 0.0e+00  0  0  8 13  0   1  0 54 62  0     0
VecScatterEnd        981 1.0 2.5837e-02 1.4 0.00e+00 0.0 0.0e+00 0.0e+00 0.0e+00  0  0  0  0  0   1  0  0  0  0     0
VecNormalize         781 1.0 4.4656e-02 1.5 2.91e+07 1.0 0.0e+00 0.0e+00 7.8e+02  0  0  0  0 14   1  1  0  0 32 25789
MatMult              981 1.0 6.7150e-01 1.1 2.29e+08 1.0 2.3e+05 9.7e+02 0.0e+00  2  2  8 13  0  21  6 54 62  0 13487
MatSolve            1181 1.0 6.8686e-01 1.0 2.61e+08 1.0 0.0e+00 0.0e+00 0.0e+00  2  3  0  0  0  22  7  0  0  0 15034
PCSetUpOnBlocks      200 1.0 3.4261e-04 1.4 0.00e+00 0.0 0.0e+00 0.0e+00 0.0e+00  0  0  0  0  0   0  0  0  0  0     0
PCApply             1181 1.0 7.3009e-01 1.0 2.61e+08 1.0 0.0e+00 0.0e+00 0.0e+00  2  3  0  0  0  23  7  0  0  0 14144
KSPSetUp             200 1.0 1.5807e-04 2.2 0.00e+00 0.0 0.0e+00 0.0e+00 0.0e+00  0  0  0  0  0   0  0  0  0  0     0
KSPSolve             200 1.0 1.7310e+00 1.0 7.01e+08 1.0 2.3e+05 9.7e+02 2.5e+03  4  7  8 13 45  55 18 54 62100 16017
KSPGMRESOrthog       681 1.0 2.3338e-01 1.2 1.33e+08 1.0 0.0e+00 0.0e+00 6.8e+02  1  1  0  0 13   7  3  0  0 28 22467
SNESSolve            200 1.0 3.0509e+00 1.0 3.86e+09 1.0 4.2e+05 8.4e+02 2.5e+03  8 38 14 20 45  97100100100100 50330
SNESFunctionEval     200 1.0 1.3370e+00 1.0 3.16e+09 1.0 2.0e+05 6.8e+02 0.0e+00  3 31  7  8  0  42 82 46 38  0 93987
SNESJacobianEval     200 1.0 6.8126e-03 1.4 0.00e+00 0.0 0.0e+00 0.0e+00 0.0e+00  0  0  0  0  0   0  0  0  0  0     0
ParLoopExecute       600 1.0 1.3002e+00 1.0 3.16e+09 1.0 2.0e+05 6.8e+02 0.0e+00  3 31  7  8  0  41 82 46 38  0 96652
ParLoopCells         400 1.0 5.2813e-01 1.0 1.57e+09 1.0 0.0e+00 0.0e+00 0.0e+00  1 16  0  0  0  16 41  0  0  0 119189
ParLoopRednBegin     600 1.0 1.9162e-03 1.4 0.00e+00 0.0 0.0e+00 0.0e+00 0.0e+00  0  0  0  0  0   0  0  0  0  0     0
ParLoopRednEnd       600 1.0 2.5480e-03 1.3 0.00e+00 0.0 0.0e+00 0.0e+00 0.0e+00  0  0  0  0  0   0  0  0  0  0     0
ParLoopIntFacets     400 1.0 6.1584e-01 1.0 1.59e+09 1.0 0.0e+00 0.0e+00 0.0e+00  2 16  0  0  0  19 41  0  0  0 101842
ParLoopset_11        200 1.0 5.1041e-03 1.1 0.00e+00 0.0 0.0e+00 0.0e+00 0.0e+00  0  0  0  0  0   0  0  0  0  0     0
ParLoopset_12        200 1.0 8.4312e-03 1.1 0.00e+00 0.0 0.0e+00 0.0e+00 0.0e+00  0  0  0  0  0   0  0  0  0  0     0

--- Event Stage 5: Linear solve

SFBcastBegin        1000 1.0 3.0203e-02 1.8 0.00e+00 0.0 2.3e+05 8.0e+02 0.0e+00  0  0  8 11  0   0  0 10 20  0     0
SFBcastEnd          1000 1.0 5.9692e-02 3.9 0.00e+00 0.0 0.0e+00 0.0e+00 0.0e+00  0  0  0  0  0   1  0  0  0  0     0
SFReduceBegin        700 1.0 1.3418e-02 1.8 0.00e+00 0.0 1.6e+05 8.8e+02 0.0e+00  0  0  5  8  0   0  0  7 15  0     0
SFReduceEnd          700 1.0 1.3848e-01 7.9 0.00e+00 0.0 0.0e+00 0.0e+00 0.0e+00  0  0  0  0  0   2  0  0  0  0     0
VecMDot              250 1.0 4.8622e-02 2.7 1.12e+07 1.0 0.0e+00 0.0e+00 2.5e+02  0  0  0  0  5   1  0  0  0 24  9098
VecNorm              800 1.0 7.4752e-02 2.4 1.99e+07 1.0 0.0e+00 0.0e+00 8.0e+02  0  0  0  0 15   1  0  0  0 76 10521
VecScale             350 1.0 3.4618e-03 1.1 4.35e+06 1.0 0.0e+00 0.0e+00 0.0e+00  0  0  0  0  0   0  0  0  0  0 49694
VecCopy             2700 1.0 6.5194e-02 1.4 0.00e+00 0.0 0.0e+00 0.0e+00 0.0e+00  0  0  0  0  0   1  0  0  0  0     0
VecSet             13850 1.0 6.5727e-02 1.2 0.00e+00 0.0 0.0e+00 0.0e+00 0.0e+00  0  0  0  0  0   1  0  0  0  0     0
VecAXPY             7450 1.0 5.5602e-02 1.4 5.40e+07 1.0 0.0e+00 0.0e+00 0.0e+00  0  1  0  0  0   1  1  0  0  0 38236
VecAYPX             7350 1.0 8.3947e-02 1.2 2.49e+07 1.0 0.0e+00 0.0e+00 0.0e+00  0  0  0  0  0   2  0  0  0  0 11687
VecMAXPY             600 1.0 2.6137e-02 1.1 2.86e+07 1.0 0.0e+00 0.0e+00 0.0e+00  0  0  0  0  0   1  1  0  0  0 43253
VecScatterBegin    12300 1.0 1.5084e-01 1.8 0.00e+00 0.0 1.8e+06 3.3e+02 0.0e+00  0  0 62 35  0   2  0 82 65  0     0
VecScatterEnd      12300 1.0 3.0621e-01 3.2 0.00e+00 0.0 0.0e+00 0.0e+00 0.0e+00  1  0  0  0  0   5  0  0  0  0     0
VecNormalize         350 1.0 2.2282e-02 1.9 1.31e+07 1.0 0.0e+00 0.0e+00 3.5e+02  0  0  0  0  6   0  0  0  0 33 23162
MatMult             7600 1.0 1.0223e+00 1.2 3.13e+08 1.1 1.3e+06 3.9e+02 0.0e+00  2  3 45 30  0  19  6 60 57  0 11871
MatMultAdd          1750 1.0 2.1235e-01 1.9 2.79e+07 1.0 2.4e+05 1.6e+02 0.0e+00  0  0  8  2  0   3  1 11  4  0  5144
MatMultTranspose    1750 1.0 1.7305e-01 1.4 2.79e+07 1.0 2.4e+05 1.6e+02 0.0e+00  0  0  8  2  0   3  1 11  4  0  6312
MatSolve            7350 1.8 5.8726e-01 1.1 2.36e+08 1.1 0.0e+00 0.0e+00 0.0e+00  1  2  0  0  0  11  4  0  0  0 15551
MatResidual         1750 1.0 2.4435e-01 1.7 6.65e+07 1.1 3.0e+05 3.7e+02 0.0e+00  1  1 10  6  0   4  1 14 12  0 10528
PCSetUpOnBlocks     3850 1.0 3.7262e-03 1.4 0.00e+00 0.0 0.0e+00 0.0e+00 0.0e+00  0  0  0  0  0   0  0  0  0  0     0
PCApply              100 1.0 4.4517e+00 1.0 4.28e+09 1.0 2.1e+06 4.0e+02 1.0e+03 11 42 70 48 19  88 84 94 90100 38318
KSPSetUp             100 1.0 7.8440e-05 2.4 0.00e+00 0.0 0.0e+00 0.0e+00 0.0e+00  0  0  0  0  0   0  0  0  0  0     0
KSPSolve             100 1.0 4.4601e+00 1.0 4.28e+09 1.0 2.1e+06 4.0e+02 1.0e+03 11 42 70 48 19  89 84 94 90100 38246
KSPGMRESOrthog       250 1.0 5.9397e-02 2.1 2.24e+07 1.0 0.0e+00 0.0e+00 2.5e+02  0  0  0  0  5   1  0  0  0 24 14895
SNESSolve            100 1.0 4.9449e+00 1.0 5.11e+09 1.0 2.2e+06 4.2e+02 1.0e+03 12 51 75 53 19  98100100100100 41177
SNESFunctionEval     100 1.0 4.9364e-01 1.1 8.22e+08 1.0 1.4e+05 6.8e+02 0.0e+00  1  8  5  5  0   9 16  6 10  0 66580
SNESJacobianEval     100 1.0 3.7160e-03 1.5 0.00e+00 0.0 0.0e+00 0.0e+00 0.0e+00  0  0  0  0  0   0  0  0  0  0     0
ParLoopExecute      1600 1.0 2.1976e+00 1.0 4.36e+09 1.0 3.9e+05 8.3e+02 0.0e+00  5 43 13 19  0  43 86 18 35  0 79414
ParLoopCells        1400 1.0 1.7395e+00 1.0 4.36e+09 1.0 0.0e+00 0.0e+00 0.0e+00  4 43  0  0  0  34 86  0  0  0 100330
ParLoopRednBegin    1600 1.0 9.7344e-03 1.2 0.00e+00 0.0 0.0e+00 0.0e+00 0.0e+00  0  0  0  0  0   0  0  0  0  0     0
ParLoopRednEnd      1600 1.0 6.2888e-03 1.3 0.00e+00 0.0 0.0e+00 0.0e+00 0.0e+00  0  0  0  0  0   0  0  0  0  0     0
SCForwardElim        100 1.0 9.1071e-01 1.1 1.27e+09 1.0 1.2e+05 9.6e+02 0.0e+00  2 13  4  6  0  18 25  5 12  0 55698
HybridBreak          100 1.0 3.5067e-01 1.1 0.00e+00 0.0 4.6e+04 1.1e+03 0.0e+00  1  0  2  3  0   6  0  2  5  0     0
HybridRHS            100 1.0 5.8744e-01 1.1 1.27e+09 1.0 6.9e+04 8.7e+02 0.0e+00  1 13  2  3  0  11 25  3  7  0 86349
SCSolve              100 1.0 2.3021e+00 1.0 7.43e+08 1.1 1.8e+06 3.3e+02 1.0e+03  6  7 62 35 19  46 14 82 65100 12565
SCBackSub            100 1.0 1.2796e+00 1.0 2.27e+09 1.0 1.4e+05 8.7e+02 0.0e+00  3 23  5  7  0  25 45  6 13  0 71064
HybridProject        100 1.0 2.9355e-01 1.2 0.00e+00 0.0 4.6e+04 1.1e+03 0.0e+00  1  0  2  3  0   5  0  2  5  0     0
ParLoopset_11        800 1.0 2.5015e-02 1.2 0.00e+00 0.0 0.0e+00 0.0e+00 0.0e+00  0  0  0  0  0   0  0  0  0  0     0
ParLoopset_12        600 1.0 2.0410e-02 1.2 0.00e+00 0.0 0.0e+00 0.0e+00 0.0e+00  0  0  0  0  0   0  0  0  0  0     0
ParLoopset_13        400 1.0 1.9832e-02 1.3 0.00e+00 0.0 0.0e+00 0.0e+00 0.0e+00  0  0  0  0  0   0  0  0  0  0     0
------------------------------------------------------------------------------------------------------------------------

Memory usage is given in bytes:

Object Type          Creations   Destructions     Memory  Descendants' Mem.
Reports information only for process 0.

--- Event Stage 0: Main Stage

           Container    14             14         8176     0.
              Viewer     1              1          848     0.
           Index Set   694            756     26192976     0.
   IS L to G Mapping    10             10     13371512     0.
             Section   188            192       139776     0.
   Star Forest Graph   180            186       156384     0.
              Vector    73            263     21601008     0.
         Vec Scatter    10             32       368544     0.
              Matrix    49            193     24829640     0.
      Preconditioner    10             40        41320     0.
       Krylov Solver    10             40       126688     0.
     DMKSP interface     1              6         3984     0.
                SNES     8              8        11232     0.
              DMSNES     6              6         4080     0.
      SNESLineSearch     8              8         8000     0.
    Distributed Mesh    58             60       297776     0.
            DM Label    48             48        30336     0.
    GraphPartitioner    22             22        13816     0.
     Discrete System    58             60        56168     0.

--- Event Stage 1: Warm up: DU Residuals

           Index Set    12              0            0     0.
              Vector    52              2       197536     0.
              Matrix     4              0            0     0.
      Preconditioner     4              0            0     0.
       Krylov Solver     4              0            0     0.
     DMKSP interface     2              0            0     0.

--- Event Stage 2: Warm up: Linear solve

              Viewer     1              0            0     0.
         PetscRandom    20             20        13080     0.
           Index Set   220            170       187608     0.
             Section     4              0            0     0.
   Star Forest Graph    26             22        19232     0.
              Vector   520            391      7997008     0.
         Vec Scatter    76             54        73360     0.
              Matrix   338            198     25946720     0.
      Matrix Coarsen    10             10         6440     0.
      Preconditioner    38             12        10304     0.
       Krylov Solver    38             12       307424     0.
     DMKSP interface     2              0            0     0.
    Distributed Mesh     2              0            0     0.
     Discrete System     2              0            0     0.

--- Event Stage 3: Warm up

           Index Set     5              5       150856     0.
   Star Forest Graph     2              0            0     0.
              Vector    11              9       405432     0.
         Vec Scatter     1              1         1352     0.
              Matrix     5              5      2145828     0.
      Preconditioner     2              2         1928     0.
       Krylov Solver     2              2         2856     0.
     DMKSP interface     1              0            0     0.
                SNES     1              1         1404     0.
      SNESLineSearch     1              1         1000     0.

--- Event Stage 4: DU Residuals

              Vector     0              1        98768     0.

--- Event Stage 5: Linear solve

              Vector   710            700     69137600     0.
========================================================================================================================
Average time to get PetscTime(): 0.
Average time for MPI_Barrier(): 7.58171e-06
Average time for zero size MPI_Send(): 1.18017e-06
#PETSc Option Table entries:
--dt 100
--hybridization
--method RT
--model_degree 1
--monitor
--nsteps 25
--profile
--refinements 7
-log_view
#End of PETSc Option Table entries
Compiled without FORTRAN kernels
Compiled with full precision matrices (default)
sizeof(short) 2 sizeof(int) 4 sizeof(long) 8 sizeof(void*) 8 sizeof(PetscScalar) 8 sizeof(PetscInt) 4
Configure options: --prefix=/home/scratch/tg2115/src/firedrake/lib/python3.5/site-packages/petsc PETSC_ARCH=arch-python-linux-x86_64 --with-shared-libraries=1 --with-debugging=0 --with-c2html=0 --with-cc=/usr/bin/mpicc --with-cxx=/usr/bin/mpicxx --with-fc=/usr/bin/mpif90 --download-eigen=/home/scratch/tg2115/src/firedrake/src/eigen-3.3.3.tgz --with-fortran-bindings=0 --download-chaco --download-metis --download-parmetis --download-scalapack --download-hypre --download-mumps --with-zlib --download-netcdf --download-hdf5 --download-pnetcdf --download-exodusii --download-ml
-----------------------------------------
Libraries compiled on 2019-02-19 06:15:49 on mpe2 
Machine characteristics: Linux-4.4.0-130-generic-x86_64-with-Ubuntu-16.04-xenial
Using PETSc directory: /home/scratch/tg2115/src/firedrake/lib/python3.5/site-packages/petsc
Using PETSc arch: 
-----------------------------------------

Using C compiler: /usr/bin/mpicc  -fPIC  -Wall -Wwrite-strings -Wno-strict-aliasing -Wno-unknown-pragmas -fstack-protector -fvisibility=hidden -g -O  
Using Fortran compiler: /usr/bin/mpif90  -fPIC -Wall -ffree-line-length-0 -Wno-unused-dummy-argument -g -O    
-----------------------------------------

Using include paths: -I/home/scratch/tg2115/src/firedrake/lib/python3.5/site-packages/petsc/include -I/home/scratch/tg2115/src/firedrake/lib/python3.5/site-packages/petsc/include/eigen3
-----------------------------------------

Using C linker: /usr/bin/mpicc
Using Fortran linker: /usr/bin/mpif90
Using libraries: -Wl,-rpath,/home/scratch/tg2115/src/firedrake/lib/python3.5/site-packages/petsc/lib -L/home/scratch/tg2115/src/firedrake/lib/python3.5/site-packages/petsc/lib -lpetsc -Wl,-rpath,/home/scratch/tg2115/src/firedrake/lib/python3.5/site-packages/petsc/lib -L/home/scratch/tg2115/src/firedrake/lib/python3.5/site-packages/petsc/lib -Wl,-rpath,/usr/lib/openmpi/lib -L/usr/lib/openmpi/lib -Wl,-rpath,/usr/lib/gcc/x86_64-linux-gnu/5 -L/usr/lib/gcc/x86_64-linux-gnu/5 -Wl,-rpath,/usr/lib/x86_64-linux-gnu -L/usr/lib/x86_64-linux-gnu -Wl,-rpath,/lib/x86_64-linux-gnu -L/lib/x86_64-linux-gnu -lHYPRE -lcmumps -ldmumps -lsmumps -lzmumps -lmumps_common -lpord -lscalapack -lml -llapack -lblas -lexodus -lnetcdf -lpnetcdf -lhdf5hl_fortran -lhdf5_fortran -lhdf5_hl -lhdf5 -lchaco -lparmetis -lmetis -lm -lz -lX11 -lstdc++ -ldl -lmpi_usempif08 -lmpi_usempi_ignore_tkr -lmpi_mpifh -lmpi -lgfortran -lm -lgfortran -lm -lgcc_s -lquadmath -lpthread -lstdc++ -ldl
-----------------------------------------

