
Running cold initialization for the problem set:

method: RT,

model degree: 1,

hybridization: True,



Dt = 28.125,

Courant number (approximate): 0.22135149895683526,

Dx (min): 28.396066451806234 km,

Dx (max): 33.052439495552996 km.

Warm up with one-step.

Warm up done. Profiling run for 100 steps.


Running Williamson 5 test with parameters:

method: RT,

model degree: 1,

refinements: 8,

hybridization: True,

tmax: 2812.5

Simulation complete.

************************************************************************************************************************
***             WIDEN YOUR WINDOW TO 120 CHARACTERS.  Use 'enscript -r -fCourier9' to print this document            ***
************************************************************************************************************************

---------------------------------------------- PETSc Performance Summary: ----------------------------------------------

swe_williamson5.py on a  named mpe2 with 40 processors, by tg2115 Sat May 12 21:01:05 2018
Using Petsc Development GIT revision: v3.4.2-20859-g7bfdb64  GIT Date: 2018-04-03 16:04:52 -0500

                         Max       Max/Min        Avg      Total 
Time (sec):           1.565e+02      1.00000   1.565e+02
Objects:              2.991e+03      1.17432   2.571e+03
Flop:                 2.230e+11      1.00481   2.225e+11  8.899e+12
Flop/sec:            1.425e+09      1.00481   1.422e+09  5.686e+10
MPI Messages:         7.441e+05      1.95866   5.524e+05  2.209e+07
MPI Message Lengths:  4.832e+08      2.20295   5.143e+02  1.136e+10
MPI Reductions:       1.711e+04      1.00000

Flop counting convention: 1 flop = 1 real number operation of type (multiply/divide/add/subtract)
                            e.g., VecAXPY() for real vectors of length N --> 2N flop
                            and VecAXPY() for complex vectors of length N --> 8N flop

Summary of Stages:   ----- Time ------  ----- Flop -----  --- Messages ---  -- Message Lengths --  -- Reductions --
                        Avg     %Total     Avg     %Total   counts   %Total     Avg         %Total   counts   %Total 
 0:      Main Stage: 2.8430e+01  18.2%  1.1483e+12  12.9%  4.454e+05   2.0%  3.723e+01        7.2%  7.690e+02   4.5% 
 1: Warm up: DU Residuals: 5.9242e-01   0.4%  2.4701e+10   0.3%  9.690e+03   0.0%  5.091e-01        0.1%  4.400e+01   0.3% 
 2: Warm up: Linear solve: 2.1192e+00   1.4%  3.5422e+10   0.4%  2.089e+05   0.9%  4.293e+00        0.8%  1.476e+03   8.6% 
 3:         Warm up: 1.8460e-03   0.0%  0.0000e+00   0.0%  0.000e+00   0.0%  0.000e+00        0.0%  0.000e+00   0.0% 
 4:    DU Residuals: 3.3496e+01  21.4%  2.4257e+12  27.3%  1.597e+06   7.2%  8.537e+01       16.6%  8.410e+03  49.2% 
 5:    Linear solve: 9.1859e+01  58.7%  5.2652e+12  59.2%  1.983e+07  89.8%  3.869e+02       75.2%  6.400e+03  37.4% 

------------------------------------------------------------------------------------------------------------------------
See the 'Profiling' chapter of the users' manual for details on interpreting output.
Phase summary info:
   Count: number of times phase was executed
   Time and Flop: Max - maximum over all processors
                   Ratio - ratio of maximum to minimum over all processors
   Mess: number of messages sent
   Avg. len: average message length (bytes)
   Reduct: number of global reductions
   Global: entire computation
   Stage: stages of a computation. Set stages with PetscLogStagePush() and PetscLogStagePop().
      %T - percent time in this phase         %F - percent flop in this phase
      %M - percent messages in this phase     %L - percent message lengths in this phase
      %R - percent reductions in this phase
   Total Mflop/s: 10e-6 * (sum of flop over all processors)/(max time over all processors)
------------------------------------------------------------------------------------------------------------------------
Event                Count      Time (sec)     Flop                             --- Global ---  --- Stage ---   Total
                   Max Ratio  Max     Ratio   Max  Ratio  Mess   Avg len Reduct  %T %F %M %L %R  %T %F %M %L %R Mflop/s
------------------------------------------------------------------------------------------------------------------------

--- Event Stage 0: Main Stage

PetscBarrier          16 1.0 1.9469e+00 1.0 0.00e+00 0.0 0.0e+00 0.0e+00 4.8e+01  1  0  0  0  0   7  0  0  0  6     0
BuildTwoSided         70 1.0 2.5137e+0028.6 0.00e+00 0.0 1.0e+04 4.0e+00 0.0e+00  2  0  0  0  0   9  0  2  0  0     0
BuildTwoSidedF        12 1.0 8.7419e-02 8.9 0.00e+00 0.0 2.6e+03 4.0e+03 0.0e+00  0  0  0  0  0   0  0  1  1  0     0
SFSetGraph            76 1.0 4.7154e-03 1.1 0.00e+00 0.0 0.0e+00 0.0e+00 0.0e+00  0  0  0  0  0   0  0  0  0  0     0
SFSetUp               70 1.0 2.5960e+0014.9 0.00e+00 0.0 3.1e+04 3.9e+03 0.0e+00  2  0  0  1  0   9  0  7 15  0     0
SFBcastBegin         959 1.0 3.0814e-0112.2 0.00e+00 0.0 2.2e+05 2.2e+03 0.0e+00  0  0  1  4  0   0  0 50 58  0     0
SFBcastEnd           959 1.0 6.6966e-01 3.7 0.00e+00 0.0 0.0e+00 0.0e+00 0.0e+00  0  0  0  0  0   2  0  0  0  0     0
SFReduceBegin        809 1.0 1.9650e-02 1.6 0.00e+00 0.0 1.8e+05 1.0e+03 0.0e+00  0  0  1  2  0   0  0 41 23  0     0
SFReduceEnd          809 1.0 5.1576e-0110.1 0.00e+00 0.0 0.0e+00 0.0e+00 0.0e+00  0  0  0  0  0   1  0  0  0  0     0
SFFetchOpBegin         2 1.0 5.9128e-05 5.4 0.00e+00 0.0 2.3e+02 5.4e+02 0.0e+00  0  0  0  0  0   0  0  0  0  0     0
SFFetchOpEnd           2 1.0 2.8396e-04 5.8 0.00e+00 0.0 2.3e+02 5.4e+02 0.0e+00  0  0  0  0  0   0  0  0  0  0     0
VecTDot               20 1.0 1.0626e-03 1.7 7.95e+05 1.0 0.0e+00 0.0e+00 2.0e+01  0  0  0  0  0   0  0  0  0  3 29602
VecNorm              411 1.0 2.9262e-01 8.8 2.68e+07 1.0 0.0e+00 0.0e+00 4.1e+02  0  0  0  0  2   1  0  0  0 53  3643
VecCopy                6 1.0 4.6468e-04 1.4 0.00e+00 0.0 0.0e+00 0.0e+00 0.0e+00  0  0  0  0  0   0  0  0  0  0     0
VecSet                39 1.0 7.6392e-0327.4 0.00e+00 0.0 0.0e+00 0.0e+00 0.0e+00  0  0  0  0  0   0  0  0  0  0     0
VecAXPY               21 1.0 1.3466e-03 1.0 8.35e+05 1.0 0.0e+00 0.0e+00 0.0e+00  0  0  0  0  0   0  0  0  0  0 24529
VecAYPX                9 1.0 4.9114e-04 1.1 3.58e+05 1.0 0.0e+00 0.0e+00 0.0e+00  0  0  0  0  0   0  0  0  0  0 28822
VecScatterBegin       14 1.0 8.2946e-04 1.4 0.00e+00 0.0 2.3e+03 7.5e+02 0.0e+00  0  0  0  0  0   0  0  1  0  0     0
VecScatterEnd         14 1.0 3.1996e-04 2.0 0.00e+00 0.0 0.0e+00 0.0e+00 0.0e+00  0  0  0  0  0   0  0  0  0  0     0
MatMult               10 1.0 6.0799e-03 1.1 1.79e+06 1.0 2.3e+03 7.5e+02 0.0e+00  0  0  0  0  0   0  0  1  0  0 11641
MatSolve              11 1.0 6.6791e-03 1.1 1.95e+06 1.0 0.0e+00 0.0e+00 0.0e+00  0  0  0  0  0   0  0  0  0  0 11556
MatLUFactorNum         1 1.0 2.1689e-03 1.1 2.39e+05 1.1 0.0e+00 0.0e+00 0.0e+00  0  0  0  0  0   0  0  0  0  0  4243
MatILUFactorSym        1 1.0 1.6050e-03 1.1 0.00e+00 0.0 0.0e+00 0.0e+00 0.0e+00  0  0  0  0  0   0  0  0  0  0     0
MatAssemblyBegin      14 1.0 9.1589e-02 6.4 0.00e+00 0.0 2.6e+03 4.0e+03 0.0e+00  0  0  0  0  0   0  0  1  1  0     0
MatAssemblyEnd        14 1.0 1.4310e-02 1.1 0.00e+00 0.0 2.3e+03 2.5e+02 4.0e+01  0  0  0  0  0   0  0  1  0  5     0
MatGetRowIJ            1 1.0 1.1921e-06 0.0 0.00e+00 0.0 0.0e+00 0.0e+00 0.0e+00  0  0  0  0  0   0  0  0  0  0     0
MatGetOrdering         1 1.0 2.3580e-04 1.1 0.00e+00 0.0 0.0e+00 0.0e+00 0.0e+00  0  0  0  0  0   0  0  0  0  0     0
MatZeroEntries         1 1.0 2.9111e-04 2.2 0.00e+00 0.0 0.0e+00 0.0e+00 0.0e+00  0  0  0  0  0   0  0  0  0  0     0
PCSetUp                2 1.0 4.1192e-03 1.1 2.39e+05 1.1 0.0e+00 0.0e+00 0.0e+00  0  0  0  0  0   0  0  0  0  0  2234
PCSetUpOnBlocks        1 1.0 4.0259e-03 1.1 2.39e+05 1.1 0.0e+00 0.0e+00 0.0e+00  0  0  0  0  0   0  0  0  0  0  2286
PCApply               11 1.0 7.3218e-03 1.0 1.95e+06 1.0 0.0e+00 0.0e+00 0.0e+00  0  0  0  0  0   0  0  0  0  0 10541
KSPSetUp               2 1.0 2.6011e-04 1.2 0.00e+00 0.0 0.0e+00 0.0e+00 0.0e+00  0  0  0  0  0   0  0  0  0  0     0
KSPSolve               1 1.0 2.0702e-02 1.0 6.36e+06 1.0 2.3e+03 7.5e+02 3.1e+01  0  0  0  0  0   0  0  1  0  4 12150
SNESSolve              1 1.0 5.4614e-02 1.0 2.75e+07 1.0 2.9e+03 9.1e+02 3.1e+01  0  0  0  0  0   0  0  1  0  4 20071
SNESFunctionEval       1 1.0 1.5267e-02 1.0 1.41e+07 1.0 4.6e+02 1.2e+03 0.0e+00  0  0  0  0  0   0  0  0  0  0 37020
SNESJacobianEval       1 1.0 1.9125e-02 1.0 6.95e+06 1.0 1.7e+02 2.2e+03 0.0e+00  0  0  0  0  0   0  0  0  0  0 14529
Mesh Partition         4 1.0 4.9197e+00 1.0 0.00e+00 0.0 4.4e+04 1.5e+03 2.0e+01  3  0  0  1  0  17  0 10  8  3     0
Mesh Migration         4 1.0 7.7789e-01 1.0 0.00e+00 0.0 1.8e+04 1.8e+04 8.8e+01  0  0  0  3  1   3  0  4 40 11     0
DMPlexInterp           2 1.0 2.4240e-03 1.1 0.00e+00 0.0 0.0e+00 0.0e+00 8.0e+00  0  0  0  0  0   0  0  0  0  1     0
DMPlexDistribute       2 1.0 5.5420e+00 1.0 0.00e+00 0.0 2.2e+04 2.0e+04 4.0e+01  4  0  0  4  0  19  0  5 51  5     0
DMPlexDistCones        4 1.0 2.3549e-01 1.0 0.00e+00 0.0 4.3e+03 3.0e+04 0.0e+00  0  0  0  1  0   1  0  1 16  0     0
DMPlexDistLabels       4 1.0 3.7465e-01 1.0 0.00e+00 0.0 6.1e+03 1.9e+04 5.2e+01  0  0  0  1  0   1  0  1 14  7     0
DMPlexDistribOL        2 1.0 2.1241e-01 1.0 0.00e+00 0.0 4.1e+04 5.2e+02 6.8e+01  0  0  0  0  0   1  0  9  3  9     0
DMPlexDistField        6 1.0 5.4933e-02 1.0 0.00e+00 0.0 5.9e+03 7.4e+03 4.0e+00  0  0  0  0  0   0  0  1  5  1     0
DMPlexDistData         4 1.0 2.4797e+0028.7 0.00e+00 0.0 3.9e+04 1.0e+03 0.0e+00  2  0  0  0  0   9  0  9  5  0     0
DMPlexStratify        24 1.0 1.8701e+00 1.8 0.00e+00 0.0 0.0e+00 0.0e+00 2.4e+01  1  0  0  0  0   6  0  0  0  3     0
CreateMesh            10 1.0 6.4943e+00 1.0 0.00e+00 0.0 6.3e+04 7.1e+03 1.2e+02  4  0  0  4  1  23  0 14 54 15     0
Mesh: reorder          2 1.0 1.3052e-02 1.3 0.00e+00 0.0 0.0e+00 0.0e+00 4.0e+00  0  0  0  0  0   0  0  0  0  1     0
Mesh: numbering        2 1.0 6.6062e-02 1.0 0.00e+00 0.0 0.0e+00 0.0e+00 4.0e+00  0  0  0  0  0   0  0  0  0  1     0
CreateFunctionSpace      48 1.0 3.9854e-01 1.1 0.00e+00 0.0 1.6e+03 1.1e+03 0.0e+00  0  0  0  0  0   1  0  0  0  0     0
ParLoopExecute      2835 1.0 1.1404e+01 1.0 2.87e+10 1.0 3.7e+05 9.2e+02 2.4e+01  7 13  2  3  0  39100 84 41  3 100572
ParLoopCells        1646 1.0 1.0041e+01 1.0 2.86e+10 1.0 0.0e+00 0.0e+00 0.0e+00  6 13  0  0  0  35100  0  0  0 114066
ParLoopRednBegin    2835 1.0 1.2716e-01 2.0 0.00e+00 0.0 0.0e+00 0.0e+00 0.0e+00  0  0  0  0  0   0  0  0  0  0     0
ParLoopRednEnd      2835 1.0 2.8903e-02 1.1 0.00e+00 0.0 0.0e+00 0.0e+00 0.0e+00  0  0  0  0  0   0  0  0  0  0     0
ParLoopset_4           4 1.0 2.0225e-03 1.3 0.00e+00 0.0 0.0e+00 0.0e+00 0.0e+00  0  0  0  0  0   0  0  0  0  0     0
CreateSparsity         5 1.0 4.2790e-01 1.1 0.00e+00 0.0 2.1e+03 2.9e+03 2.4e+01  0  0  0  0  0   1  0  0  1  3     0
MatZeroInitial         5 1.0 1.2964e-01 1.0 0.00e+00 0.0 0.0e+00 0.0e+00 0.0e+00  0  0  0  0  0   0  0  0  0  0     0
ParLoopset_6           2 1.0 1.4191e-03 1.2 0.00e+00 0.0 0.0e+00 0.0e+00 0.0e+00  0  0  0  0  0   0  0  0  0  0     0
ParLoopset_5           2 1.0 9.2030e-05 1.6 0.00e+00 0.0 0.0e+00 0.0e+00 0.0e+00  0  0  0  0  0   0  0  0  0  0     0
ParLoopset_12          4 1.0 5.4979e-04 1.8 0.00e+00 0.0 0.0e+00 0.0e+00 0.0e+00  0  0  0  0  0   0  0  0  0  0     0
ParLoopset_14       2006 1.0 1.1793e-01 1.1 2.39e+07 1.0 0.0e+00 0.0e+00 0.0e+00  0  0  0  0  0   0  0  0  0  0  8002
ParLoopset_13       2006 1.0 8.2684e-02 1.2 1.57e+07 1.0 0.0e+00 0.0e+00 0.0e+00  0  0  0  0  0   0  0  0  0  0  7615

--- Event Stage 1: Warm up: DU Residuals

BuildTwoSided          2 1.0 2.9874e-04 1.8 0.00e+00 0.0 2.3e+02 4.0e+00 0.0e+00  0  0  0  0  0   0  0  2  0  0     0
BuildTwoSidedF         8 1.0 1.5296e-02 2.5 0.00e+00 0.0 3.4e+02 2.2e+03 0.0e+00  0  0  0  0  0   2  0  4  7  0     0
SFSetGraph             4 1.0 1.1420e-04 1.1 0.00e+00 0.0 0.0e+00 0.0e+00 0.0e+00  0  0  0  0  0   0  0  0  0  0     0
SFSetUp                2 1.0 5.7197e-04 1.7 0.00e+00 0.0 6.8e+02 4.1e+02 0.0e+00  0  0  0  0  0   0  0  7  3  0     0
SFBcastBegin          14 1.0 9.5415e-04 2.4 0.00e+00 0.0 3.2e+03 9.0e+02 0.0e+00  0  0  0  0  0   0  0 33 26  0     0
SFBcastEnd            14 1.0 2.2540e-0314.1 0.00e+00 0.0 0.0e+00 0.0e+00 0.0e+00  0  0  0  0  0   0  0  0  0  0     0
SFReduceBegin          8 1.0 8.3661e-04 6.9 0.00e+00 0.0 1.8e+03 8.9e+02 0.0e+00  0  0  0  0  0   0  0 19 14  0     0
SFReduceEnd            8 1.0 1.6494e-0215.6 0.00e+00 0.0 0.0e+00 0.0e+00 0.0e+00  0  0  0  0  0   1  0  0  0  0     0
VecMDot               16 1.0 9.7952e-03 1.5 2.86e+06 1.0 0.0e+00 0.0e+00 1.6e+01  0  0  0  0  0   1  0  0  0 36 11561
VecNorm               20 1.0 7.0608e-03 4.7 7.68e+05 1.0 0.0e+00 0.0e+00 2.0e+01  0  0  0  0  0   1  0  0  0 45  4307
VecScale              18 1.0 3.2234e-04 1.2 3.58e+05 1.0 0.0e+00 0.0e+00 0.0e+00  0  0  0  0  0   0  0  0  0  0 43915
VecCopy               20 1.0 1.3108e-03 1.3 0.00e+00 0.0 0.0e+00 0.0e+00 0.0e+00  0  0  0  0  0   0  0  0  0  0     0
VecSet                26 1.0 1.2937e-03 1.2 0.00e+00 0.0 0.0e+00 0.0e+00 0.0e+00  0  0  0  0  0   0  0  0  0  0     0
VecAXPY                6 1.0 4.4465e-04 1.5 2.11e+05 1.0 0.0e+00 0.0e+00 0.0e+00  0  0  0  0  0   0  0  0  0  0 18866
VecMAXPY              18 1.0 3.0730e-03 1.1 3.50e+06 1.0 0.0e+00 0.0e+00 0.0e+00  0  0  0  0  0   0  1  0  0  0 45042
VecScatterBegin       16 1.0 5.1951e-04 1.7 0.00e+00 0.0 3.6e+03 1.6e+03 0.0e+00  0  0  0  0  0   0  0 38 51  0     0
VecScatterEnd         16 1.0 3.6447e-03 6.8 0.00e+00 0.0 0.0e+00 0.0e+00 0.0e+00  0  0  0  0  0   0  0  0  0  0     0
VecNormalize          18 1.0 3.2063e-03 3.2 1.07e+06 1.0 0.0e+00 0.0e+00 1.8e+01  0  0  0  0  0   0  0  0  0 41 13245
MatMult               16 1.0 2.6753e-02 1.2 7.95e+06 1.0 3.6e+03 1.6e+03 0.0e+00  0  0  0  0  0   4  1 38 51  0 11758
MatSolve              20 1.0 2.3937e-02 1.1 8.99e+06 1.0 0.0e+00 0.0e+00 0.0e+00  0  0  0  0  0   4  1  0  0  0 14867
MatLUFactorNum         4 1.0 1.1534e-02 1.2 1.42e+06 1.1 0.0e+00 0.0e+00 0.0e+00  0  0  0  0  0   2  0  0  0  0  4721
MatILUFactorSym        4 1.0 9.5861e-03 1.2 0.00e+00 0.0 0.0e+00 0.0e+00 0.0e+00  0  0  0  0  0   1  0  0  0  0     0
MatAssemblyBegin       8 1.0 1.5776e-02 2.4 0.00e+00 0.0 3.4e+02 2.2e+03 0.0e+00  0  0  0  0  0   2  0  4  7  0     0
MatAssemblyEnd         8 1.0 5.5771e-03 1.1 0.00e+00 0.0 0.0e+00 0.0e+00 0.0e+00  0  0  0  0  0   1  0  0  0  0     0
MatGetRowIJ            4 1.0 6.9141e-06 0.0 0.00e+00 0.0 0.0e+00 0.0e+00 0.0e+00  0  0  0  0  0   0  0  0  0  0     0
MatGetOrdering         4 1.0 8.7976e-04 1.2 0.00e+00 0.0 0.0e+00 0.0e+00 0.0e+00  0  0  0  0  0   0  0  0  0  0     0
MatZeroEntries         4 1.0 2.2092e-03 1.8 0.00e+00 0.0 0.0e+00 0.0e+00 0.0e+00  0  0  0  0  0   0  0  0  0  0     0
PCSetUp                8 1.0 2.2627e-02 1.1 1.42e+06 1.1 0.0e+00 0.0e+00 0.0e+00  0  0  0  0  0   3  0  0  0  0  2407
PCSetUpOnBlocks        4 1.0 2.2300e-02 1.2 1.42e+06 1.1 0.0e+00 0.0e+00 0.0e+00  0  0  0  0  0   3  0  0  0  0  2442
PCApply               20 1.0 2.5571e-02 1.1 8.99e+06 1.0 0.0e+00 0.0e+00 0.0e+00  0  0  0  0  0   4  1  0  0  0 13917
KSPGMRESOrthog        16 1.0 1.2086e-02 1.4 5.72e+06 1.0 0.0e+00 0.0e+00 1.6e+01  0  0  0  0  0   2  1  0  0 36 18740
KSPSetUp               8 1.0 1.5461e-03 1.5 0.00e+00 0.0 0.0e+00 0.0e+00 0.0e+00  0  0  0  0  0   0  0  0  0  0     0
KSPSolve               4 1.0 9.1464e-02 1.0 2.59e+07 1.0 3.6e+03 1.6e+03 3.6e+01  0  0  0  0  0  15  4 38 51 82 11199
SNESSolve              4 1.0 5.8870e-01 1.0 6.21e+08 1.0 9.7e+03 1.2e+03 4.0e+01  0  0  0  0  0  99100100100 91 41959
SNESFunctionEval       4 1.0 2.1787e-01 1.1 2.79e+08 1.0 5.7e+03 8.4e+02 4.0e+00  0  0  0  0  0  36 45 59 42  9 51070
SNESJacobianEval       4 1.0 2.8709e-01 1.0 3.15e+08 1.0 3.4e+02 2.2e+03 0.0e+00  0  0  0  0  0  48 51  4  7  0 43697
ParLoopExecute        20 1.0 4.7280e-01 1.0 5.95e+08 1.0 5.7e+03 8.4e+02 4.0e+00  0  0  0  0  0  79 96 59 42  9 50067
ParLoopCells          16 1.0 1.8599e-01 1.1 3.22e+08 1.0 0.0e+00 0.0e+00 0.0e+00  0  0  0  0  0  31 52  0  0  0 69143
ParLoopRednBegin      20 1.0 7.2813e-04 2.0 0.00e+00 0.0 0.0e+00 0.0e+00 0.0e+00  0  0  0  0  0   0  0  0  0  0     0
ParLoopRednEnd        20 1.0 1.0347e-04 1.3 0.00e+00 0.0 0.0e+00 0.0e+00 0.0e+00  0  0  0  0  0   0  0  0  0  0     0
ParLoopset_6           2 1.0 1.6212e-04 2.6 0.00e+00 0.0 0.0e+00 0.0e+00 0.0e+00  0  0  0  0  0   0  0  0  0  0     0
ParLoopset_5           2 1.0 1.2710e-03 1.2 0.00e+00 0.0 0.0e+00 0.0e+00 0.0e+00  0  0  0  0  0   0  0  0  0  0     0
ParLoopIntFacets      16 1.0 2.1367e-01 1.1 2.73e+08 1.0 0.0e+00 0.0e+00 0.0e+00  0  0  0  0  0  35 44  0  0  0 50601
ParLoopset_14          2 1.0 1.2493e-04 1.4 0.00e+00 0.0 0.0e+00 0.0e+00 0.0e+00  0  0  0  0  0   0  0  0  0  0     0
ParLoopset_13          2 1.0 7.7963e-05 1.1 0.00e+00 0.0 0.0e+00 0.0e+00 0.0e+00  0  0  0  0  0   0  0  0  0  0     0

--- Event Stage 2: Warm up: Linear solve

BuildTwoSided         12 1.0 2.3394e-03 1.2 0.00e+00 0.0 1.2e+03 4.0e+00 0.0e+00  0  0  0  0  0   0  0  1  0  0     0
BuildTwoSidedF       100 1.0 6.6701e-02 1.2 0.00e+00 0.0 5.5e+03 1.5e+03 0.0e+00  0  0  0  0  0   3  0  3  9  0     0
SFSetGraph            14 1.0 2.2483e-04 1.1 0.00e+00 0.0 0.0e+00 0.0e+00 0.0e+00  0  0  0  0  0   0  0  0  0  0     0
SFSetUp               12 1.0 2.8486e-03 1.1 0.00e+00 0.0 3.6e+03 2.7e+02 0.0e+00  0  0  0  0  0   0  0  2  1  0     0
SFBcastBegin          78 1.0 1.5895e-03 1.6 0.00e+00 0.0 1.7e+04 5.8e+02 0.0e+00  0  0  0  0  0   0  0  8 10  0     0
SFBcastEnd            78 1.0 3.5291e-03 3.6 0.00e+00 0.0 0.0e+00 0.0e+00 0.0e+00  0  0  0  0  0   0  0  0  0  0     0
SFReduceBegin         16 1.0 4.0030e-04 1.4 0.00e+00 0.0 3.6e+03 1.2e+03 0.0e+00  0  0  0  0  0   0  0  2  4  0     0
SFReduceEnd           16 1.0 1.6985e-0243.3 0.00e+00 0.0 0.0e+00 0.0e+00 0.0e+00  0  0  0  0  0   0  0  0  0  0     0
VecMDot              200 1.0 1.9089e-02 1.1 1.03e+07 1.0 0.0e+00 0.0e+00 2.0e+02  0  0  0  0  1   1  1  0  0 14 21306
VecTDot               20 1.0 1.2827e-03 1.2 7.95e+05 1.0 0.0e+00 0.0e+00 2.0e+01  0  0  0  0  0   0  0  0  0  1 24524
VecNorm              232 1.0 1.3128e-02 2.3 2.54e+06 1.0 0.0e+00 0.0e+00 2.3e+02  0  0  0  0  1   0  0  0  0 16  7634
VecScale             220 1.0 8.7595e-04 1.1 1.03e+06 1.0 0.0e+00 0.0e+00 0.0e+00  0  0  0  0  0   0  0  0  0  0 46435
VecCopy               96 1.0 2.9342e-03 1.3 0.00e+00 0.0 0.0e+00 0.0e+00 0.0e+00  0  0  0  0  0   0  0  0  0  0     0
VecSet               832 1.0 6.8846e-03 1.2 0.00e+00 0.0 0.0e+00 0.0e+00 0.0e+00  0  0  0  0  0   0  0  0  0  0     0
VecAXPY               42 1.0 1.8492e-03 1.1 1.11e+06 1.0 0.0e+00 0.0e+00 0.0e+00  0  0  0  0  0   0  0  0  0  0 23846
VecAYPX              488 1.0 8.6997e-03 1.2 3.13e+06 1.0 0.0e+00 0.0e+00 0.0e+00  0  0  0  0  0   0  0  0  0  0 14197
VecAXPBYCZ           240 1.0 6.0802e-03 1.1 5.62e+06 1.0 0.0e+00 0.0e+00 0.0e+00  0  0  0  0  0   0  1  0  0  0 36489
VecMAXPY             220 1.0 1.2134e-02 1.1 1.22e+07 1.0 0.0e+00 0.0e+00 0.0e+00  0  0  0  0  0   1  1  0  0  0 39615
VecAssemblyBegin      32 1.0 2.0235e-03 2.2 0.00e+00 0.0 0.0e+00 0.0e+00 0.0e+00  0  0  0  0  0   0  0  0  0  0     0
VecAssemblyEnd        32 1.0 6.4611e-05 1.3 0.00e+00 0.0 0.0e+00 0.0e+00 0.0e+00  0  0  0  0  0   0  0  0  0  0     0
VecPointwiseMult     110 1.0 3.2611e-03 1.1 5.15e+05 1.0 0.0e+00 0.0e+00 0.0e+00  0  0  0  0  0   0  0  0  0  0  6236
VecScatterBegin      762 1.0 8.8444e-03 1.6 0.00e+00 0.0 1.4e+05 4.1e+02 0.0e+00  0  0  1  1  0   0  0 67 60  0     0
VecScatterEnd        762 1.0 1.1816e-02 1.3 0.00e+00 0.0 0.0e+00 0.0e+00 0.0e+00  0  0  0  0  0   1  0  0  0  0     0
VecSetRandom          10 1.0 3.0937e-03 1.0 0.00e+00 0.0 0.0e+00 0.0e+00 0.0e+00  0  0  0  0  0   0  0  0  0  0     0
VecNormalize         220 1.0 1.1121e-02 2.1 3.09e+06 1.0 0.0e+00 0.0e+00 2.2e+02  0  0  0  0  1   0  0  0  0 15 10973
MatMult              570 1.0 1.0118e-01 1.1 3.28e+07 1.0 1.1e+05 4.2e+02 0.0e+00  0  0  1  0  0   5  4 54 50  0 12680
MatMultAdd            60 1.0 8.5998e-03 1.5 1.52e+06 1.0 9.0e+03 1.7e+02 0.0e+00  0  0  0  0  0   0  0  4  2  0  6959
MatMultTranspose      60 1.0 7.4058e-03 1.3 1.52e+06 1.0 9.0e+03 1.7e+02 0.0e+00  0  0  0  0  0   0  0  4  2  0  8080
MatSolve             482 1.3 6.8731e-02 1.1 2.51e+07 1.0 0.0e+00 0.0e+00 0.0e+00  0  0  0  0  0   3  3  0  0  0 14349
MatLUFactorSym         2 1.0 2.8133e-05 1.9 0.00e+00 0.0 0.0e+00 0.0e+00 0.0e+00  0  0  0  0  0   0  0  0  0  0     0
MatLUFactorNum        12 1.0 7.5939e-03 1.1 1.15e+06 1.1 0.0e+00 0.0e+00 0.0e+00  0  0  0  0  0   0  0  0  0  0  5799
MatILUFactorSym       10 1.0 5.3954e-03 1.6 0.00e+00 0.0 0.0e+00 0.0e+00 0.0e+00  0  0  0  0  0   0  0  0  0  0     0
MatConvert            10 1.0 6.1891e-03 1.1 0.00e+00 0.0 0.0e+00 0.0e+00 0.0e+00  0  0  0  0  0   0  0  0  0  0     0
MatScale              30 1.0 2.8563e-03 1.1 8.55e+05 1.0 2.0e+03 4.2e+02 0.0e+00  0  0  0  0  0   0  0  1  1  0 11718
MatResidual           60 1.0 1.0912e-02 1.1 3.60e+06 1.0 1.2e+04 4.2e+02 0.0e+00  0  0  0  0  0   0  0  6  5  0 12919
MatAssemblyBegin     210 1.0 6.7966e-02 1.2 0.00e+00 0.0 5.5e+03 1.5e+03 0.0e+00  0  0  0  0  0   3  0  3  9  0     0
MatAssemblyEnd       210 1.0 5.9260e-02 1.0 0.00e+00 0.0 1.8e+04 7.9e+01 4.2e+02  0  0  0  0  2   3  0  9  1 28     0
MatGetRow         140520 1.0 2.6541e-02 1.0 0.00e+00 0.0 0.0e+00 0.0e+00 0.0e+00  0  0  0  0  0   1  0  0  0  0     0
MatGetRowIJ           12 1.5 1.9073e-05 0.0 0.00e+00 0.0 0.0e+00 0.0e+00 0.0e+00  0  0  0  0  0   0  0  0  0  0     0
MatCreateSubMat        8 1.0 5.4097e-03 1.0 0.00e+00 0.0 6.3e+02 1.5e+02 1.3e+02  0  0  0  0  1   0  0  0  0  9     0
MatGetOrdering        12 1.5 8.3590e-04 1.3 0.00e+00 0.0 0.0e+00 0.0e+00 0.0e+00  0  0  0  0  0   0  0  0  0  0     0
MatCoarsen            10 1.0 9.8279e-03 1.0 0.00e+00 0.0 1.3e+04 2.7e+02 3.0e+01  0  0  0  0  0   0  0  6  4  2     0
MatZeroEntries        12 1.0 1.1261e-03 1.3 0.00e+00 0.0 0.0e+00 0.0e+00 0.0e+00  0  0  0  0  0   0  0  0  0  0     0
MatAXPY               10 1.0 2.4027e-02 1.0 0.00e+00 0.0 0.0e+00 0.0e+00 0.0e+00  0  0  0  0  0   1  0  0  0  0     0
MatMatMult            10 1.0 3.8494e-02 1.0 6.01e+05 1.0 1.2e+04 2.2e+02 1.2e+02  0  0  0  0  1   2  0  6  3  8   610
MatMatMultSym         10 1.0 3.0425e-02 1.0 0.00e+00 0.0 9.8e+03 1.8e+02 1.2e+02  0  0  0  0  1   1  0  5  2  8     0
MatMatMultNum         10 1.0 7.8950e-03 1.0 6.01e+05 1.0 2.0e+03 4.2e+02 0.0e+00  0  0  0  0  0   0  0  1  1  0  2976
MatPtAP               10 1.0 8.9810e-02 1.0 4.06e+06 1.1 2.1e+04 6.3e+02 1.5e+02  0  0  0  0  1   4  0 10 14 10  1735
MatPtAPSymbolic       10 1.0 5.9236e-02 1.0 0.00e+00 0.0 1.2e+04 6.0e+02 7.0e+01  0  0  0  0  0   3  0  6  7  5     0
MatPtAPNumeric        10 1.0 3.0685e-02 1.0 4.06e+06 1.1 8.8e+03 6.8e+02 8.0e+01  0  0  0  0  0   1  0  4  6  5  5078
MatTrnMatMult          2 1.0 9.3974e-02 1.0 2.00e+06 1.0 2.7e+03 1.4e+03 3.2e+01  0  0  0  0  0   4  0  1  4  2   842
MatTrnMatMultSym       2 1.0 6.0880e-02 1.0 0.00e+00 0.0 2.3e+03 7.6e+02 3.2e+01  0  0  0  0  0   3  0  1  2  2     0
MatTrnMatMultNum       2 1.0 3.3070e-02 1.0 2.00e+06 1.0 4.6e+02 4.5e+03 0.0e+00  0  0  0  0  0   2  0  0  2  0  2394
MatGetLocalMat        34 1.0 1.4968e-02 1.0 0.00e+00 0.0 0.0e+00 0.0e+00 0.0e+00  0  0  0  0  0   1  0  0  0  0     0
MatGetBrAoCol         30 1.0 3.9470e-03 1.2 0.00e+00 0.0 1.4e+04 5.6e+02 0.0e+00  0  0  0  0  0   0  0  7  8  0     0
PCGAMGGraph_AGG       10 1.0 9.4533e-02 1.0 6.01e+05 1.0 5.9e+03 2.1e+02 1.2e+02  0  0  0  0  1   4  0  3  1  8   249
PCGAMGCoarse_AGG      10 1.0 1.2453e-01 1.0 2.00e+06 1.0 1.8e+04 5.8e+02 7.0e+01  0  0  0  0  0   6  0  9 11  5   636
PCGAMGProl_AGG        10 1.0 3.3677e-02 1.0 0.00e+00 0.0 7.7e+03 3.6e+02 1.6e+02  0  0  0  0  1   2  0  4  3 11     0
PCGAMGPOpt_AGG        10 1.0 1.1652e-01 1.0 1.98e+07 1.0 3.2e+04 3.4e+02 4.1e+02  0  0  0  0  2   5  2 15 11 28  6683
GAMG: createProl      10 1.0 3.6945e-01 1.0 2.24e+07 1.0 6.4e+04 4.0e+02 7.6e+02  0  0  0  0  4  17  2 30 27 52  2386
  Graph               20 1.0 9.4121e-02 1.0 6.01e+05 1.0 5.9e+03 2.1e+02 1.2e+02  0  0  0  0  1   4  0  3  1  8   250
  MIS/Agg             10 1.0 9.9704e-03 1.0 0.00e+00 0.0 1.3e+04 2.7e+02 3.0e+01  0  0  0  0  0   0  0  6  4  2     0
  SA: col data        10 1.0 7.5881e-03 1.0 0.00e+00 0.0 4.0e+03 6.0e+02 4.0e+01  0  0  0  0  0   0  0  2  3  3     0
  SA: frmProl0        10 1.0 2.2607e-02 1.0 0.00e+00 0.0 3.8e+03 1.1e+02 8.0e+01  0  0  0  0  0   1  0  2  0  5     0
  SA: smooth          10 1.0 6.6184e-02 1.0 8.55e+05 1.0 1.2e+04 2.2e+02 1.4e+02  0  0  0  0  1   3  0  6  3 10   506
GAMG: partLevel       10 1.0 9.7626e-02 1.0 4.06e+06 1.1 2.1e+04 6.1e+02 3.6e+02  0  0  0  0  2   5  0 10 14 24  1596
  repartition          6 1.0 4.0150e-04 1.0 0.00e+00 0.0 0.0e+00 0.0e+00 2.4e+01  0  0  0  0  0   0  0  0  0  2     0
  Invert-Sort          4 1.0 9.2506e-04 1.8 0.00e+00 0.0 0.0e+00 0.0e+00 1.6e+01  0  0  0  0  0   0  0  0  0  1     0
  Move A               4 1.0 3.6740e-03 1.0 0.00e+00 0.0 3.9e+02 2.3e+02 6.8e+01  0  0  0  0  0   0  0  0  0  5     0
  Move P               4 1.0 2.2080e-03 1.0 0.00e+00 0.0 2.4e+02 2.1e+01 6.8e+01  0  0  0  0  0   0  0  0  0  5     0
PCSetUp               16 1.0 1.3877e+00 1.0 2.04e+08 1.0 8.8e+04 4.8e+02 1.2e+03  1  0  0  0  7  65 23 42 44 82  5866
PCSetUpOnBlocks      142 1.0 1.4348e-02 1.2 1.15e+06 1.1 0.0e+00 0.0e+00 0.0e+00  0  0  0  0  0   1  0  0  0  0  3069
PCApply                2 1.0 1.1309e+00 1.0 5.68e+08 1.0 2.0e+05 4.4e+02 1.4e+03  1  0  1  1  8  53 64 97 94 97 20027
KSPGMRESOrthog       200 1.0 2.8714e-02 1.1 2.06e+07 1.0 0.0e+00 0.0e+00 2.0e+02  0  0  0  0  1   1  2  0  0 14 28329
KSPSetUp              50 1.0 6.2816e-03 1.3 0.00e+00 0.0 0.0e+00 0.0e+00 2.4e+01  0  0  0  0  0   0  0  0  0  2     0
KSPSolve               2 1.0 2.0256e+00 1.0 7.45e+08 1.0 2.1e+05 4.5e+02 1.5e+03  1  0  1  1  9  96 84 99 97100 14666
SNESSolve              2 1.0 2.1155e+00 1.0 8.88e+08 1.0 2.1e+05 4.5e+02 1.5e+03  1  0  1  1  9 100100100100100 16744
SNESFunctionEval       2 1.0 8.9958e-02 1.0 1.43e+08 1.0 2.7e+03 8.9e+02 0.0e+00  0  0  0  0  0   4 16  1  3  0 63457
SNESJacobianEval       2 1.0 7.9608e-04 1.2 0.00e+00 0.0 0.0e+00 0.0e+00 0.0e+00  0  0  0  0  0   0  0  0  0  0     0
CreateFunctionSpace      24 1.0 2.2079e-02 1.1 0.00e+00 0.0 0.0e+00 0.0e+00 0.0e+00  0  0  0  0  0   1  0  0  0  0     0
ParLoopExecute        36 1.0 5.7569e-01 1.0 7.81e+08 1.0 1.0e+04 1.1e+03 8.0e+00  0  0  0  0  0  27 88  5 12  1 54244
ParLoopCells          36 1.0 4.9643e-01 1.0 7.81e+08 1.0 0.0e+00 0.0e+00 0.0e+00  0  0  0  0  0  23 88  0  0  0 62904
ParLoopRednBegin      36 1.0 6.4707e-04 1.2 0.00e+00 0.0 0.0e+00 0.0e+00 0.0e+00  0  0  0  0  0   0  0  0  0  0     0
ParLoopRednEnd        36 1.0 1.6236e-04 1.2 0.00e+00 0.0 0.0e+00 0.0e+00 0.0e+00  0  0  0  0  0   0  0  0  0  0     0
CreateSparsity         2 1.0 9.1061e-02 1.1 0.00e+00 0.0 3.4e+02 2.2e+03 8.0e+00  0  0  0  0  0   4  0  0  1  1     0
MatZeroInitial         2 1.0 2.4623e-02 1.0 0.00e+00 0.0 0.0e+00 0.0e+00 0.0e+00  0  0  0  0  0   1  0  0  0  0     0
ParLoopset_6           6 1.0 3.8385e-04 1.5 0.00e+00 0.0 0.0e+00 0.0e+00 0.0e+00  0  0  0  0  0   0  0  0  0  0     0
ParLoopset_5           8 1.0 4.4179e-04 1.3 0.00e+00 0.0 0.0e+00 0.0e+00 0.0e+00  0  0  0  0  0   0  0  0  0  0     0
HybridInit             2 1.0 8.9991e-01 1.0 1.76e+08 1.0 2.8e+03 1.1e+03 3.6e+01  1  0  0  0  0  42 20  1  3  2  7844
HybridBreak            2 1.0 1.0637e-02 2.9 0.00e+00 0.0 0.0e+00 0.0e+00 4.0e+00  0  0  0  0  0   0  0  0  0  0     0
HybridRHS              2 1.0 1.7227e-01 1.0 1.76e+08 1.0 4.3e+03 1.1e+03 8.0e+00  0  0  0  0  0   8 20  2  5  1 40977
ParLoopset_7           4 1.0 1.5831e-03 1.2 0.00e+00 0.0 0.0e+00 0.0e+00 0.0e+00  0  0  0  0  0   0  0  0  0  0     0
HybridSolve            2 1.0 7.4372e-01 1.0 1.07e+08 1.0 2.0e+05 4.1e+02 1.4e+03  0  0  1  1  8  35 12 94 86 96  5633
HybridRecon            2 1.0 1.9585e-01 1.0 2.85e+08 1.0 1.8e+03 9.8e+02 0.0e+00  0  0  0  0  0   9 32  1  2  0 58213
HybridReconScalarField       2 1.0 1.1577e-01 1.0 1.76e+08 1.0 9.1e+02 8.9e+02 0.0e+00  0  0  0  0  0   5 20  0  1  0 60973
HybridReconFluxField       2 1.0 8.1091e-02 1.0 1.09e+08 1.0 9.1e+02 1.1e+03 0.0e+00  0  0  0  0  0   4 12  0  1  0 53547
HybridRecover          2 1.0 1.3399e-02 1.2 0.00e+00 0.0 9.1e+02 1.4e+03 4.0e+00  0  0  0  0  0   1  0  0  1  0     0
ParLoopset_14          6 1.0 3.1090e-04 1.1 0.00e+00 0.0 0.0e+00 0.0e+00 0.0e+00  0  0  0  0  0   0  0  0  0  0     0
ParLoopset_13          8 1.0 4.0412e-04 1.2 0.00e+00 0.0 0.0e+00 0.0e+00 0.0e+00  0  0  0  0  0   0  0  0  0  0     0
ParLoopset_15          4 1.0 3.2473e-04 1.3 0.00e+00 0.0 0.0e+00 0.0e+00 0.0e+00  0  0  0  0  0   0  0  0  0  0     0

--- Event Stage 3: Warm up

ParLoopExecute         2 1.0 6.4802e-04 1.3 0.00e+00 0.0 0.0e+00 0.0e+00 0.0e+00  0  0  0  0  0  34  0  0  0  0     0
ParLoopRednBegin       2 1.0 2.6941e-05 1.2 0.00e+00 0.0 0.0e+00 0.0e+00 0.0e+00  0  0  0  0  0   1  0  0  0  0     0
ParLoopRednEnd         2 1.0 1.0014e-05 2.5 0.00e+00 0.0 0.0e+00 0.0e+00 0.0e+00  0  0  0  0  0   0  0  0  0  0     0
ParLoopset_14          2 1.0 2.1815e-04 1.4 0.00e+00 0.0 0.0e+00 0.0e+00 0.0e+00  0  0  0  0  0  11  0  0  0  0     0
ParLoopset_13          2 1.0 1.4997e-04 3.0 0.00e+00 0.0 0.0e+00 0.0e+00 0.0e+00  0  0  0  0  0   7  0  0  0  0     0

--- Event Stage 4: DU Residuals

SFBcastBegin        1800 1.0 7.2403e-02 2.4 0.00e+00 0.0 4.1e+05 8.9e+02 0.0e+00  0  0  2  3  0   0  0 26 19  0     0
SFBcastEnd          1800 1.0 5.8098e-02 1.8 0.00e+00 0.0 0.0e+00 0.0e+00 0.0e+00  0  0  0  0  0   0  0  0  0  0     0
SFReduceBegin       1600 1.0 3.3768e-02 1.4 0.00e+00 0.0 3.6e+05 8.9e+02 0.0e+00  0  0  2  3  0   0  0 23 17  0     0
SFReduceEnd         1600 1.0 6.2939e-01 9.2 0.00e+00 0.0 0.0e+00 0.0e+00 0.0e+00  0  0  0  0  0   1  0  0  0  0     0
VecMDot             3205 1.0 1.2543e+00 1.2 5.74e+08 1.0 0.0e+00 0.0e+00 3.2e+03  1  0  0  0 19   3  1  0  0 38 18113
VecTDot              800 1.0 3.1625e-02 1.4 2.10e+07 1.0 0.0e+00 0.0e+00 8.0e+02  0  0  0  0  5   0  0  0  0 10 26524
VecNorm             4405 1.0 5.4229e-01 1.7 1.64e+08 1.0 0.0e+00 0.0e+00 4.4e+03  0  0  0  0 26   1  0  0  0 52 12003
VecScale            3605 1.0 5.8536e-02 1.1 7.17e+07 1.0 0.0e+00 0.0e+00 0.0e+00  0  0  0  0  0   0  0  0  0  0 48434
VecCopy             3600 1.0 2.0016e-01 1.2 0.00e+00 0.0 0.0e+00 0.0e+00 0.0e+00  0  0  0  0  0   1  0  0  0  0     0
VecSet              5605 1.0 2.7294e-01 1.5 0.00e+00 0.0 0.0e+00 0.0e+00 0.0e+00  0  0  0  0  0   1  0  0  0  0     0
VecAXPY             2000 1.0 9.9383e-02 1.2 6.33e+07 1.0 0.0e+00 0.0e+00 0.0e+00  0  0  0  0  0   0  0  0  0  0 25322
VecMAXPY            3605 1.0 6.1783e-01 1.1 7.02e+08 1.0 0.0e+00 0.0e+00 0.0e+00  0  0  0  0  0   2  1  0  0  0 44933
VecScatterBegin     3605 1.0 9.3738e-02 1.6 0.00e+00 0.0 8.2e+05 1.5e+03 0.0e+00  0  0  4 11  0   0  0 51 63  0     0
VecScatterEnd       3605 1.0 1.3164e-01 1.3 0.00e+00 0.0 0.0e+00 0.0e+00 0.0e+00  0  0  0  0  0   0  0  0  0  0     0
VecNormalize        3605 1.0 4.3689e-01 1.6 2.15e+08 1.0 0.0e+00 0.0e+00 3.6e+03  0  0  0  0 21   1  0  0  0 43 19468
MatMult             3605 1.0 4.8833e+00 1.0 1.63e+09 1.0 8.2e+05 1.5e+03 0.0e+00  3  1  4 11  0  14  3 51 63  0 13204
MatSolve            4405 1.0 5.0817e+00 1.0 1.84e+09 1.0 0.0e+00 0.0e+00 0.0e+00  3  1  0  0  0  15  3  0  0  0 14312
PCSetUpOnBlocks      800 1.0 1.9708e-03 2.4 0.00e+00 0.0 0.0e+00 0.0e+00 0.0e+00  0  0  0  0  0   0  0  0  0  0     0
PCApply             4405 1.0 5.4674e+00 1.0 1.84e+09 1.0 0.0e+00 0.0e+00 0.0e+00  3  1  0  0  0  16  3  0  0  0 13302
KSPGMRESOrthog      3205 1.0 1.7180e+00 1.2 1.15e+09 1.0 0.0e+00 0.0e+00 3.2e+03  1  1  0  0 19   5  2  0  0 38 26450
KSPSetUp             800 1.0 6.2203e-04 2.8 0.00e+00 0.0 0.0e+00 0.0e+00 0.0e+00  0  0  0  0  0   0  0  0  0  0     0
KSPSolve             800 1.0 1.2661e+01 1.0 5.03e+09 1.0 8.2e+05 1.5e+03 8.4e+03  8  2  4 11 49  37  8 51 63100 15744
SNESSolve            800 1.0 3.3206e+01 1.0 6.10e+10 1.0 1.6e+06 1.2e+03 8.4e+03 21 27  7 17 49  99100100100100 73049
SNESFunctionEval     800 1.0 2.0629e+01 1.0 5.59e+10 1.0 7.8e+05 8.9e+02 0.0e+00 13 25  4  6  0  61 92 49 37  0 107873
SNESJacobianEval     800 1.0 2.7585e-02 1.4 0.00e+00 0.0 0.0e+00 0.0e+00 0.0e+00  0  0  0  0  0   0  0  0  0  0     0
ParLoopExecute      2400 1.0 2.0473e+01 1.0 5.59e+10 1.0 7.8e+05 8.9e+02 0.0e+00 13 25  4  6  0  61 92 49 37  0 108695
ParLoopCells        1600 1.0 1.0552e+01 1.0 3.16e+10 1.0 0.0e+00 0.0e+00 0.0e+00  7 14  0  0  0  31 52  0  0  0 119899
ParLoopRednBegin    2400 1.0 8.1921e-03 1.4 0.00e+00 0.0 0.0e+00 0.0e+00 0.0e+00  0  0  0  0  0   0  0  0  0  0     0
ParLoopRednEnd      2400 1.0 1.1319e-02 1.3 0.00e+00 0.0 0.0e+00 0.0e+00 0.0e+00  0  0  0  0  0   0  0  0  0  0     0
ParLoopIntFacets    1600 1.0 9.1912e+00 1.0 2.43e+10 1.0 0.0e+00 0.0e+00 0.0e+00  6 11  0  0  0  27 40  0  0  0 104456
ParLoopset_14        800 1.0 4.4336e-02 1.1 0.00e+00 0.0 0.0e+00 0.0e+00 0.0e+00  0  0  0  0  0   0  0  0  0  0     0
ParLoopset_13        800 1.0 2.5462e-02 1.1 0.00e+00 0.0 0.0e+00 0.0e+00 0.0e+00  0  0  0  0  0   0  0  0  0  0     0

--- Event Stage 5: Linear solve

SFBcastBegin        4000 1.0 1.3126e-01 1.8 0.00e+00 0.0 9.1e+05 1.0e+03 0.0e+00  0  0  4  8  0   0  0  5 11  0     0
SFBcastEnd          4000 1.0 3.9809e-01 3.8 0.00e+00 0.0 0.0e+00 0.0e+00 0.0e+00  0  0  0  0  0   0  0  0  0  0     0
SFReduceBegin       2800 1.0 2.1548e-01 5.3 0.00e+00 0.0 6.4e+05 1.1e+03 0.0e+00  0  0  3  6  0   0  0  3  9  0     0
SFReduceEnd         2800 1.0 1.7733e+00 8.7 0.00e+00 0.0 0.0e+00 0.0e+00 0.0e+00  1  0  0  0  0   1  0  0  0  0     0
VecTDot             4000 1.0 2.8246e-01 1.4 1.59e+08 1.0 0.0e+00 0.0e+00 4.0e+03  0  0  0  0 23   0  0  0  0 62 22273
VecNorm             2400 1.0 9.1160e-01 5.1 9.54e+07 1.0 0.0e+00 0.0e+00 2.4e+03  0  0  0  0 14   1  0  0  0 38  4141
VecCopy            14800 1.0 3.9713e-01 1.2 0.00e+00 0.0 0.0e+00 0.0e+00 0.0e+00  0  0  0  0  0   0  0  0  0  0     0
VecSet            116000 1.0 1.0068e+00 1.3 0.00e+00 0.0 0.0e+00 0.0e+00 0.0e+00  1  0  0  0  0   1  0  0  0  0     0
VecAXPY             4400 1.0 2.9026e-01 1.1 1.85e+08 1.0 0.0e+00 0.0e+00 0.0e+00  0  0  0  0  0   0  0  0  0  0 25288
VecAYPX            97600 1.0 1.7696e+00 1.2 6.26e+08 1.0 0.0e+00 0.0e+00 0.0e+00  1  0  0  0  0   2  0  0  0  0 13960
VecAXPBYCZ         48000 1.0 1.2526e+00 1.1 1.12e+09 1.0 0.0e+00 0.0e+00 0.0e+00  1  0  0  0  0   1  1  0  0  0 35424
VecScatterBegin   102800 1.0 1.3042e+00 1.6 0.00e+00 0.0 1.8e+07 3.8e+02 0.0e+00  1  0 83 60  0   1  0 92 80  0     0
VecScatterEnd     102800 1.0 2.1963e+00 1.5 0.00e+00 0.0 0.0e+00 0.0e+00 0.0e+00  1  0  0  0  0   2  0  0  0  0     0
MatMult            74000 1.0 1.3346e+01 1.1 4.35e+09 1.0 1.5e+07 4.3e+02 0.0e+00  8  2 66 55  0  14  3 74 73  0 12739
MatMultAdd         12000 1.0 1.6920e+00 1.5 3.05e+08 1.0 1.8e+06 1.7e+02 0.0e+00  1  0  8  3  0   2  0  9  4  0  7074
MatMultTranspose   12000 1.0 1.3944e+00 1.2 3.05e+08 1.0 1.8e+06 1.7e+02 0.0e+00  1  0  8  3  0   1  0  9  4  0  8583
MatSolve           74400 1.3 1.0512e+01 1.1 3.85e+09 1.0 0.0e+00 0.0e+00 0.0e+00  7  2  0  0  0  11  3  0  0  0 14373
MatResidual        12000 1.0 2.1805e+00 1.1 7.21e+08 1.0 2.4e+06 4.2e+02 0.0e+00  1  0 11  9  0   2  1 12 12  0 12931
PCSetUpOnBlocks    26400 1.0 2.5189e-02 1.4 0.00e+00 0.0 0.0e+00 0.0e+00 0.0e+00  0  0  0  0  0   0  0  0  0  0     0
PCApply              400 1.0 8.0992e+01 1.0 1.03e+11 1.0 1.9e+07 4.2e+02 6.4e+03 52 46 87 71 37  88 78 97 94100 50900
KSPSetUp             400 1.0 3.7432e-04 3.2 0.00e+00 0.0 0.0e+00 0.0e+00 0.0e+00  0  0  0  0  0   0  0  0  0  0     0
KSPSolve             400 1.0 8.1030e+01 1.0 1.03e+11 1.0 1.9e+07 4.2e+02 6.4e+03 52 46 87 71 37  88 78 97 94100 50876
SNESSolve            400 1.0 9.1606e+01 1.0 1.32e+11 1.0 2.0e+07 4.3e+02 6.4e+03 58 59 90 75 37 100100100100100 57477
SNESFunctionEval     400 1.0 1.0659e+01 1.0 2.85e+10 1.0 5.5e+05 8.9e+02 0.0e+00  7 13  2  4  0  11 22  3  6  0 107107
SNESJacobianEval     400 1.0 1.7209e-02 1.8 0.00e+00 0.0 0.0e+00 0.0e+00 0.0e+00  0  0  0  0  0   0  0  0  0  0     0
ParLoopExecute      6400 1.0 5.3191e+01 1.0 1.21e+11 1.0 1.6e+06 1.1e+03 0.0e+00 34 54  7 15  0  58 92  8 20  0 90875
ParLoopCells        5600 1.0 5.1039e+01 1.0 1.21e+11 1.0 0.0e+00 0.0e+00 0.0e+00 32 54  0  0  0  55 92  0  0  0 94706
ParLoopRednBegin    6400 1.0 4.2077e-02 1.2 0.00e+00 0.0 0.0e+00 0.0e+00 0.0e+00  0  0  0  0  0   0  0  0  0  0     0
ParLoopRednEnd      6400 1.0 2.7894e-02 1.3 0.00e+00 0.0 0.0e+00 0.0e+00 0.0e+00  0  0  0  0  0   0  0  0  0  0     0
HybridBreak          400 1.0 3.2002e-01 1.2 0.00e+00 0.0 0.0e+00 0.0e+00 0.0e+00  0  0  0  0  0   0  0  0  0  0     0
HybridRHS            400 1.0 1.6588e+01 1.0 3.53e+10 1.0 4.6e+05 1.3e+03 0.0e+00 11 16  2  5  0  18 27  2  7  0 85109
HybridSolve          400 1.0 3.6768e+01 1.0 1.10e+10 1.0 1.8e+07 3.8e+02 6.4e+03 23  5 83 60 37  40  8 92 80100 11707
HybridRecon          400 1.0 2.6253e+01 1.0 5.70e+10 1.0 3.6e+05 9.8e+02 0.0e+00 17 26  2  3  0  28 43  2  4  0 86856
HybridReconScalarField     400 1.0 1.5612e+01 1.0 3.53e+10 1.0 1.8e+05 8.9e+02 0.0e+00 10 16  1  1  0  17 27  1  2  0 90433
HybridReconFluxField     400 1.0 1.0767e+01 1.0 2.17e+10 1.0 1.8e+05 1.1e+03 0.0e+00  7 10  1  2  0  12 16  1  2  0 80656
HybridRecover        400 1.0 1.3067e+00 1.3 0.00e+00 0.0 1.8e+05 1.4e+03 0.0e+00  1  0  1  2  0   1  0  1  3  0     0
ParLoopset_14       2400 1.0 1.0879e-01 1.1 0.00e+00 0.0 0.0e+00 0.0e+00 0.0e+00  0  0  0  0  0   0  0  0  0  0     0
ParLoopset_13       3200 1.0 1.2547e-01 1.2 0.00e+00 0.0 0.0e+00 0.0e+00 0.0e+00  0  0  0  0  0   0  0  0  0  0     0
ParLoopset_15       1600 1.0 1.1037e-01 1.6 0.00e+00 0.0 0.0e+00 0.0e+00 0.0e+00  0  0  0  0  0   0  0  0  0  0     0
------------------------------------------------------------------------------------------------------------------------

Memory usage is given in bytes:

Object Type          Creations   Destructions     Memory  Descendants' Mem.
Reports information only for process 0.

--- Event Stage 0: Main Stage

           Container    16             16         9344     0.
              Viewer     1              0            0     0.
           Index Set   683            745     57983096     0.
   IS L to G Mapping    12             12     13931640     0.
             Section   230            234       166608     0.
   Star Forest Graph   244            250       208608     0.
              Vector    65            402     37591392     0.
         Vec Scatter     9             31       560776     0.
              Matrix    47            191     37305688     0.
      Preconditioner     8             38        39392     0.
       Krylov Solver     8             48       417992     0.
     DMKSP interface     0              6         3984     0.
                SNES     7              7         9632     0.
      SNESLineSearch     7              7         7000     0.
              DMSNES     6              6         4080     0.
    Distributed Mesh    88             90       432720     0.
    GraphPartitioner    24             24        14880     0.
     Discrete System    88             90        83520     0.

--- Event Stage 1: Warm up: DU Residuals

           Index Set    12              0            0     0.
   Star Forest Graph     2              0            0     0.
              Vector    52              0            0     0.
              Matrix     4              0            0     0.
      Preconditioner     4              0            0     0.
       Krylov Solver     4              0            0     0.
     DMKSP interface     4              0            0     0.

--- Event Stage 2: Warm up: Linear solve

         PetscRandom    20             20        13080     0.
           Index Set   200            150       154016     0.
             Section     4              0            0     0.
   Star Forest Graph    16             12        10432     0.
              Vector   654            368     11990384     0.
         Vec Scatter    66             44        56016     0.
              Matrix   304            164     25239648     0.
      Matrix Coarsen    10             10         6440     0.
      Preconditioner    38             12        10304     0.
       Krylov Solver    48             12       304928     0.
     DMKSP interface     2              0            0     0.
    Distributed Mesh     2              0            0     0.
     Discrete System     2              0            0     0.

--- Event Stage 3: Warm up


--- Event Stage 4: DU Residuals

              Vector     0              1       157480     0.

--- Event Stage 5: Linear solve

========================================================================================================================
Average time to get PetscTime(): 9.53674e-08
Average time for MPI_Barrier(): 8.7738e-06
Average time for zero size MPI_Send(): 1.20401e-06
#PETSc Option Table entries:
--dt 28.125
--hybridization
--method RT
--model_degree 1
--nsteps 100
--profile
--refinements 8
-log_view
#End of PETSc Option Table entries
Compiled without FORTRAN kernels
Compiled with full precision matrices (default)
sizeof(short) 2 sizeof(int) 4 sizeof(long) 8 sizeof(void*) 8 sizeof(PetscScalar) 8 sizeof(PetscInt) 4
Configure options: --prefix=/home/scratch/tg2115/src/firedrake/lib/python3.5/site-packages/petsc PETSC_ARCH=arch-python-linux-x86_64 --with-shared-libraries=1 --with-debugging=0 --with-c2html=0 --with-cc=mpicc --with-cxx=mpicxx --with-fc=mpif90 --download-eigen=/home/scratch/tg2115/src/firedrake/src/eigen-3.3.3.tgz --with-fortran-bindings=0 --download-chaco --download-metis --download-parmetis --download-scalapack --download-hypre --download-mumps --download-netcdf --download-hdf5 --download-pnetcdf --download-exodusii
-----------------------------------------
Libraries compiled on 2018-04-17 14:37:37 on mpe2 
Machine characteristics: Linux-4.4.0-116-generic-x86_64-with-Ubuntu-16.04-xenial
Using PETSc directory: /home/scratch/tg2115/src/firedrake/lib/python3.5/site-packages/petsc
Using PETSc arch: 
-----------------------------------------

Using C compiler: mpicc  -fPIC  -Wall -Wwrite-strings -Wno-strict-aliasing -Wno-unknown-pragmas -fstack-protector -fvisibility=hidden -g -O  
Using Fortran compiler: mpif90  -fPIC -Wall -ffree-line-length-0 -Wno-unused-dummy-argument -g -O    
-----------------------------------------

Using include paths: -I/home/scratch/tg2115/src/firedrake/lib/python3.5/site-packages/petsc/include -I/home/scratch/tg2115/src/firedrake/lib/python3.5/site-packages/petsc//include -I/home/scratch/tg2115/src/firedrake/lib/python3.5/site-packages/petsc/include -I/home/scratch/tg2115/src/firedrake/lib/python3.5/site-packages/petsc/include/eigen3
-----------------------------------------

Using C linker: mpicc
Using Fortran linker: mpif90
Using libraries: -Wl,-rpath,/home/scratch/tg2115/src/firedrake/lib/python3.5/site-packages/petsc/lib -L/home/scratch/tg2115/src/firedrake/lib/python3.5/site-packages/petsc/lib -lpetsc -Wl,-rpath,/home/scratch/tg2115/src/firedrake/lib/python3.5/site-packages/petsc/lib -L/home/scratch/tg2115/src/firedrake/lib/python3.5/site-packages/petsc/lib -Wl,-rpath,/usr/lib/openmpi/lib -L/usr/lib/openmpi/lib -Wl,-rpath,/usr/lib/gcc/x86_64-linux-gnu/5 -L/usr/lib/gcc/x86_64-linux-gnu/5 -Wl,-rpath,/usr/lib/x86_64-linux-gnu -L/usr/lib/x86_64-linux-gnu -Wl,-rpath,/lib/x86_64-linux-gnu -L/lib/x86_64-linux-gnu -lcmumps -ldmumps -lsmumps -lzmumps -lmumps_common -lpord -lscalapack -lHYPRE -llapack -lblas -lexodus -lnetcdf -lpnetcdf -lchaco -lhdf5hl_fortran -lhdf5_fortran -lhdf5_hl -lhdf5 -lparmetis -lmetis -lm -lX11 -lstdc++ -ldl -lmpi_usempif08 -lmpi_usempi_ignore_tkr -lmpi_mpifh -lmpi -lgfortran -lm -lgfortran -lm -lgcc_s -lquadmath -lpthread -lstdc++ -ldl
-----------------------------------------

