
Running cold initialization for the problem set:

method: RT,

model degree: 1,

hybridization: False,



Dt = 62.5,

Courant number (approximate): 0.4043196881815445,

Dx (max): 37.37888963085026 km.

Warm up with one-step.

Warm up done. Profiling run for 20 steps.


Running Williamson 5 test with parameters:

method: RT,

model degree: 1,

refinements: 8,

hybridization: False,

tmax: 1250.0

Simulation complete.

************************************************************************************************************************
***             WIDEN YOUR WINDOW TO 120 CHARACTERS.  Use 'enscript -r -fCourier9' to print this document            ***
************************************************************************************************************************

---------------------------------------------- PETSc Performance Summary: ----------------------------------------------

swe_williamson5.py on a  named mpe2 with 40 processors, by tg2115 Sat Feb 23 08:54:13 2019
Using Petsc Development GIT revision: v3.4.2-24285-gcd612ee  GIT Date: 2019-01-17 05:31:34 +0100

                         Max       Max/Min     Avg       Total 
Time (sec):           1.114e+02     1.000   1.114e+02
Objects:              6.113e+03     1.066   5.756e+03
Flop:                 3.886e+10     1.013   3.863e+10  1.545e+12
Flop/sec:             3.488e+08     1.013   3.468e+08  1.387e+10
MPI Messages:         9.828e+05     2.012   7.158e+05  2.863e+07
MPI Message Lengths:  4.431e+08     2.410   3.309e+02  9.475e+09
MPI Reductions:       2.472e+04     1.000

Flop counting convention: 1 flop = 1 real number operation of type (multiply/divide/add/subtract)
                            e.g., VecAXPY() for real vectors of length N --> 2N flop
                            and VecAXPY() for complex vectors of length N --> 8N flop

Summary of Stages:   ----- Time ------  ----- Flop ------  --- Messages ---  -- Message Lengths --  -- Reductions --
                        Avg     %Total     Avg     %Total    Count   %Total     Avg         %Total    Count   %Total 
 0:      Main Stage: 2.8828e+01  25.9%  1.8500e+11  12.0%  1.654e+05   0.6%  3.605e+03        6.3%  6.110e+02   2.5% 
 1: Warm up: DU Residuals: 6.0627e+00   5.4%  2.4733e+10   1.6%  1.151e+04   0.0%  1.215e+03        0.1%  5.800e+01   0.2% 
 2: Warm up: Linear solve: 7.0946e+00   6.4%  2.5931e+10   1.7%  7.803e+05   2.7%  3.345e+02        2.8%  1.992e+03   8.1% 
 3:         Warm up: 1.0651e-01   0.1%  1.1098e+09   0.1%  4.446e+03   0.0%  7.590e+02        0.0%  4.900e+01   0.2% 
 4:    DU Residuals: 6.8772e+00   6.2%  4.8569e+11  31.4%  3.564e+05   1.2%  1.116e+03        4.2%  2.166e+03   8.8% 
 5:    Linear solve: 6.2427e+01  56.0%  8.2270e+11  53.2%  2.731e+07  95.4%  3.003e+02       86.6%  1.984e+04  80.2% 

------------------------------------------------------------------------------------------------------------------------
See the 'Profiling' chapter of the users' manual for details on interpreting output.
Phase summary info:
   Count: number of times phase was executed
   Time and Flop: Max - maximum over all processors
                  Ratio - ratio of maximum to minimum over all processors
   Mess: number of messages sent
   AvgLen: average message length (bytes)
   Reduct: number of global reductions
   Global: entire computation
   Stage: stages of a computation. Set stages with PetscLogStagePush() and PetscLogStagePop().
      %T - percent time in this phase         %F - percent flop in this phase
      %M - percent messages in this phase     %L - percent message lengths in this phase
      %R - percent reductions in this phase
   Total Mflop/s: 10e-6 * (sum of flop over all processors)/(max time over all processors)
------------------------------------------------------------------------------------------------------------------------
Event                Count      Time (sec)     Flop                              --- Global ---  --- Stage ----  Total
                   Max Ratio  Max     Ratio   Max  Ratio  Mess   AvgLen  Reduct  %T %F %M %L %R  %T %F %M %L %R Mflop/s
------------------------------------------------------------------------------------------------------------------------

--- Event Stage 0: Main Stage

PetscBarrier          16 1.0 8.9104e-01 1.1 0.00e+00 0.0 0.0e+00 0.0e+00 3.2e+01  1  0  0  0  0   3  0  0  0  5     0
BuildTwoSided         78 1.0 1.7246e+0058.6 0.00e+00 0.0 1.1e+04 4.0e+00 0.0e+00  2  0  0  0  0   6  0  7  0  0     0
BuildTwoSidedF        30 1.0 5.0927e-02 1.6 0.00e+00 0.0 4.1e+03 3.1e+03 0.0e+00  0  0  0  0  0   0  0  2  2  0     0
SFSetGraph            84 1.0 4.5748e-03 1.1 0.00e+00 0.0 0.0e+00 0.0e+00 0.0e+00  0  0  0  0  0   0  0  0  0  0     0
SFSetUp               78 1.0 1.8232e+0013.4 0.00e+00 0.0 3.4e+04 3.9e+03 0.0e+00  2  0  0  1  0   6  0 21 23  0     0
SFBcastBegin         327 1.0 3.0967e-0121.1 0.00e+00 0.0 7.9e+04 4.6e+03 0.0e+00  0  0  0  4  0   0  0 48 61  0     0
SFBcastEnd           327 1.0 6.7875e-01 3.8 0.00e+00 0.0 0.0e+00 0.0e+00 0.0e+00  1  0  0  0  0   2  0  0  0  0     0
SFReduceBegin        170 1.0 4.5102e-03 1.6 0.00e+00 0.0 3.8e+04 1.5e+03 0.0e+00  0  0  0  1  0   0  0 23 10  0     0
SFReduceEnd          170 1.0 1.4912e-01 3.3 0.00e+00 0.0 0.0e+00 0.0e+00 0.0e+00  0  0  0  0  0   0  0  0  0  0     0
SFFetchOpBegin         2 1.0 6.1035e-05 5.1 0.00e+00 0.0 2.3e+02 5.4e+02 0.0e+00  0  0  0  0  0   0  0  0  0  0     0
SFFetchOpEnd           2 1.0 2.6083e-04 3.6 0.00e+00 0.0 2.3e+02 5.4e+02 0.0e+00  0  0  0  0  0   0  0  0  0  0     0
VecTDot               40 1.0 2.0571e-03 1.4 1.59e+06 1.0 0.0e+00 0.0e+00 4.0e+01  0  0  0  0  0   0  0  0  0  7 30584
VecNorm              102 1.0 9.0355e-02 5.2 6.15e+06 1.0 0.0e+00 0.0e+00 1.0e+02  0  0  0  0  0   0  0  0  0 17  2704
VecCopy               12 1.0 9.0861e-04 1.3 0.00e+00 0.0 0.0e+00 0.0e+00 0.0e+00  0  0  0  0  0   0  0  0  0  0     0
VecSet                60 1.0 1.0533e-0221.4 0.00e+00 0.0 0.0e+00 0.0e+00 0.0e+00  0  0  0  0  0   0  0  0  0  0     0
VecAXPY               42 1.0 2.6686e-03 1.1 1.67e+06 1.0 0.0e+00 0.0e+00 0.0e+00  0  0  0  0  0   0  0  0  0  0 24754
VecAYPX               18 1.0 9.7609e-04 1.1 7.16e+05 1.0 0.0e+00 0.0e+00 0.0e+00  0  0  0  0  0   0  0  0  0  0 29005
VecScatterBegin       24 1.0 9.6655e-04 1.2 0.00e+00 0.0 4.6e+03 7.5e+02 0.0e+00  0  0  0  0  0   0  0  3  1  0     0
VecScatterEnd         24 1.0 5.4502e-04 1.7 0.00e+00 0.0 0.0e+00 0.0e+00 0.0e+00  0  0  0  0  0   0  0  0  0  0     0
MatMult               20 1.0 1.1844e-02 1.0 3.58e+06 1.0 4.6e+03 7.5e+02 0.0e+00  0  0  0  0  0   0  0  3  1  0 11952
MatSolve              22 1.0 1.3093e-02 1.0 3.90e+06 1.0 0.0e+00 0.0e+00 0.0e+00  0  0  0  0  0   0  0  0  0  0 11790
MatLUFactorNum         2 1.0 4.9369e-03 1.1 4.78e+05 1.1 0.0e+00 0.0e+00 0.0e+00  0  0  0  0  0   0  0  0  0  0  3728
MatILUFactorSym        2 1.0 3.7651e-03 1.2 0.00e+00 0.0 0.0e+00 0.0e+00 0.0e+00  0  0  0  0  0   0  0  0  0  0     0
MatAssemblyBegin      30 1.0 5.5869e-02 1.6 0.00e+00 0.0 4.1e+03 3.1e+03 0.0e+00  0  0  0  0  0   0  0  2  2  0     0
MatAssemblyEnd        30 1.0 2.9639e-02 1.0 0.00e+00 0.0 4.6e+03 2.1e+02 1.1e+02  0  0  0  0  0   0  0  3  0 18     0
MatGetRowIJ            2 1.0 5.0068e-06 0.0 0.00e+00 0.0 0.0e+00 0.0e+00 0.0e+00  0  0  0  0  0   0  0  0  0  0     0
MatGetOrdering         2 1.0 5.7697e-04 1.2 0.00e+00 0.0 0.0e+00 0.0e+00 0.0e+00  0  0  0  0  0   0  0  0  0  0     0
MatZeroEntries         2 1.0 7.8201e-04 1.7 0.00e+00 0.0 0.0e+00 0.0e+00 0.0e+00  0  0  0  0  0   0  0  0  0  0     0
PCSetUp                4 1.0 9.5963e-03 1.1 4.78e+05 1.1 0.0e+00 0.0e+00 0.0e+00  0  0  0  0  0   0  0  0  0  0  1918
PCSetUpOnBlocks        2 1.0 9.3870e-03 1.1 4.78e+05 1.1 0.0e+00 0.0e+00 0.0e+00  0  0  0  0  0   0  0  0  0  0  1961
PCApply               22 1.0 1.3756e-02 1.0 3.90e+06 1.0 0.0e+00 0.0e+00 0.0e+00  0  0  0  0  0   0  0  0  0  0 11221
KSPSetUp               4 1.0 8.1587e-04 1.3 0.00e+00 0.0 0.0e+00 0.0e+00 0.0e+00  0  0  0  0  0   0  0  0  0  0     0
KSPSolve               2 1.0 4.2149e-02 1.0 1.27e+07 1.0 4.6e+03 7.5e+02 6.2e+01  0  0  0  0  0   0  0  3  1 10 11935
SNESSolve              2 1.0 1.1978e+00 1.0 5.49e+07 1.0 6.7e+03 8.3e+02 6.6e+01  1  0  0  0  0   4  1  4  1 11  1830
SNESFunctionEval       2 1.0 5.7447e-01 1.0 2.83e+07 1.0 1.8e+03 7.6e+02 4.0e+00  1  0  0  0  0   2  1  1  0  1  1968
SNESJacobianEval       2 1.0 5.8262e-01 1.0 1.39e+07 1.0 3.4e+02 2.2e+03 0.0e+00  1  0  0  0  0   2  0  0  0  0   954
Mesh Partition         4 1.0 4.2760e+00 1.0 0.00e+00 0.0 4.4e+04 1.5e+03 2.0e+01  4  0  0  1  0  15  0 27 11  3     0
Mesh Migration         4 1.0 1.0199e+00 1.0 0.00e+00 0.0 1.8e+04 1.8e+04 8.6e+01  1  0  0  3  0   4  0 11 55 14     0
DMPlexInterp           2 1.0 4.0793e-04 1.2 0.00e+00 0.0 0.0e+00 0.0e+00 4.0e+00  0  0  0  0  0   0  0  0  0  1     0
DMPlexDistribute       2 1.0 5.1765e+00 1.0 0.00e+00 0.0 2.2e+04 2.0e+04 3.8e+01  5  0  0  4  0  18  0 13 71  6     0
DMPlexDistCones        4 1.0 2.3285e-01 1.0 0.00e+00 0.0 4.3e+03 3.0e+04 0.0e+00  0  0  0  1  0   1  0  3 22  0     0
DMPlexDistLabels       4 1.0 6.0054e-01 1.0 0.00e+00 0.0 6.1e+03 1.9e+04 5.2e+01  1  0  0  1  0   2  0  4 20  9     0
DMPlexDistOvrlp        2 1.0 1.8024e-01 1.1 0.00e+00 0.0 4.1e+04 5.2e+02 6.8e+01  0  0  0  0  0   1  0 25  4 11     0
DMPlexDistField        6 1.0 5.9369e-02 1.0 0.00e+00 0.0 5.9e+03 7.4e+03 4.0e+00  0  0  0  0  0   0  0  4  7  1     0
DMPlexDistData         4 1.0 1.6962e+0033.7 0.00e+00 0.0 3.9e+04 1.0e+03 0.0e+00  1  0  0  0  0   6  0 23  7  0     0
DMPlexStratify         8 1.0 6.2796e-02 1.1 0.00e+00 0.0 0.0e+00 0.0e+00 8.0e+00  0  0  0  0  0   0  0  0  0  1     0
CreateMesh            10 1.0 6.1042e+00 1.0 0.00e+00 0.0 6.3e+04 7.1e+03 1.1e+02  5  0  0  5  0  21  0 38 75 19     0
Mesh: reorder          2 1.0 1.3173e-02 1.2 0.00e+00 0.0 0.0e+00 0.0e+00 4.0e+00  0  0  0  0  0   0  0  0  0  1     0
Mesh: numbering        2 1.0 7.3849e-02 1.0 0.00e+00 0.0 0.0e+00 0.0e+00 4.0e+00  0  0  0  0  0   0  0  0  0  1     0
CreateFunctionSpace      38 1.0 5.0555e-01 1.0 0.00e+00 0.0 1.6e+03 1.1e+03 0.0e+00  0  0  0  0  0   2  0  1  0  0     0
ParLoopExecute       604 1.0 4.2924e+00 1.0 4.61e+09 1.0 8.0e+04 1.0e+03 2.0e+01  4 12  0  1  0  15100 49 14  3 42933
ParLoopCells         368 1.0 1.7608e+00 1.0 4.60e+09 1.0 0.0e+00 0.0e+00 0.0e+00  2 12  0  0  0   6 99  0  0  0 104481
ParLoopRednBegin     604 1.0 4.2765e-02 2.0 0.00e+00 0.0 0.0e+00 0.0e+00 0.0e+00  0  0  0  0  0   0  0  0  0  0     0
ParLoopRednEnd       604 1.0 6.4027e-03 1.1 0.00e+00 0.0 0.0e+00 0.0e+00 0.0e+00  0  0  0  0  0   0  0  0  0  0     0
ParLoopset_4           4 1.0 1.9052e-03 1.3 0.00e+00 0.0 0.0e+00 0.0e+00 0.0e+00  0  0  0  0  0   0  0  0  0  0     0
ParLoopset_5          10 1.0 2.8431e-03 1.3 1.31e+04 1.0 0.0e+00 0.0e+00 0.0e+00  0  0  0  0  0   0  0  0  0  0   184
CreateSparsity        12 1.0 3.6955e-01 1.1 0.00e+00 0.0 3.5e+03 2.2e+03 5.6e+01  0  0  0  0  0   1  0  2  1  9     0
MatZeroInitial        14 1.0 2.0634e-01 1.0 0.00e+00 0.0 0.0e+00 0.0e+00 0.0e+00  0  0  0  0  0   1  0  0  0  0     0
ParLoopset_6           8 1.0 3.9039e-03 1.1 0.00e+00 0.0 0.0e+00 0.0e+00 0.0e+00  0  0  0  0  0   0  0  0  0  0     0
ParLoopset_11          4 1.0 8.4901e-04 2.3 0.00e+00 0.0 0.0e+00 0.0e+00 0.0e+00  0  0  0  0  0   0  0  0  0  0     0
ParLoopset_12        408 1.0 1.7210e-02 1.2 3.16e+06 1.0 0.0e+00 0.0e+00 0.0e+00  0  0  0  0  0   0  0  0  0  0  7342
ParLoopset_13        406 1.0 2.6469e-02 1.1 4.77e+06 1.0 0.0e+00 0.0e+00 0.0e+00  0  0  0  0  0   0  0  0  0  0  7131

--- Event Stage 1: Warm up: DU Residuals

BuildTwoSidedF         8 1.0 1.1456e-02 5.2 0.00e+00 0.0 1.0e+03 2.8e+03 0.0e+00  0  0  0  0  0   0  0  9 21  0     0
SFBcastBegin          16 1.0 6.8140e-04 1.7 0.00e+00 0.0 3.6e+03 8.2e+02 0.0e+00  0  0  0  0  0   0  0 32 21  0     0
SFBcastEnd            16 1.0 2.9802e-04 2.0 0.00e+00 0.0 0.0e+00 0.0e+00 0.0e+00  0  0  0  0  0   0  0  0  0  0     0
SFReduceBegin          8 1.0 2.6107e-04 2.0 0.00e+00 0.0 1.8e+03 8.9e+02 0.0e+00  0  0  0  0  0   0  0 16 12  0     0
SFReduceEnd            8 1.0 7.7767e-0333.7 0.00e+00 0.0 0.0e+00 0.0e+00 0.0e+00  0  0  0  0  0   0  0  0  0  0     0
VecMDot               16 1.0 6.6144e-03 1.4 2.86e+06 1.0 0.0e+00 0.0e+00 1.6e+01  0  0  0  0  0   0  0  0  0 28 17121
VecTDot               12 1.0 4.4203e-04 1.5 3.15e+05 1.0 0.0e+00 0.0e+00 1.2e+01  0  0  0  0  0   0  0  0  0 21 28465
VecNorm               26 1.0 5.6832e-03 4.5 9.25e+05 1.0 0.0e+00 0.0e+00 2.6e+01  0  0  0  0  0   0  0  0  0 45  6458
VecScale              18 1.0 3.3689e-04 1.2 3.58e+05 1.0 0.0e+00 0.0e+00 0.0e+00  0  0  0  0  0   0  0  0  0  0 42020
VecCopy               22 1.0 1.4584e-03 1.4 0.00e+00 0.0 0.0e+00 0.0e+00 0.0e+00  0  0  0  0  0   0  0  0  0  0     0
VecSet                32 1.0 1.2386e-03 1.3 0.00e+00 0.0 0.0e+00 0.0e+00 0.0e+00  0  0  0  0  0   0  0  0  0  0     0
VecAXPY               18 1.0 7.9894e-04 1.2 5.26e+05 1.0 0.0e+00 0.0e+00 0.0e+00  0  0  0  0  0   0  0  0  0  0 26249
VecAYPX                4 1.0 1.3566e-04 1.1 1.05e+05 1.0 0.0e+00 0.0e+00 0.0e+00  0  0  0  0  0   0  0  0  0  0 30918
VecMAXPY              18 1.0 3.1376e-03 1.1 3.50e+06 1.0 0.0e+00 0.0e+00 0.0e+00  0  0  0  0  0   0  1  0  0  0 44114
VecScatterBegin       22 1.0 6.2203e-04 1.6 0.00e+00 0.0 5.0e+03 1.3e+03 0.0e+00  0  0  0  0  0   0  0 44 46  0     0
VecScatterEnd         22 1.0 1.1601e-03 1.9 0.00e+00 0.0 0.0e+00 0.0e+00 0.0e+00  0  0  0  0  0   0  0  0  0  0     0
VecNormalize          18 1.0 5.1539e-03 4.7 1.07e+06 1.0 0.0e+00 0.0e+00 1.8e+01  0  0  0  0  0   0  0  0  0 31  8240
MatMult               22 1.0 2.6107e-02 1.1 8.50e+06 1.0 5.0e+03 1.3e+03 0.0e+00  0  0  0  0  0   0  1 44 46  0 12893
MatSolve              26 1.0 2.5300e-02 1.0 9.54e+06 1.0 0.0e+00 0.0e+00 0.0e+00  0  0  0  0  0   0  2  0  0  0 14929
MatLUFactorNum         4 1.0 1.4467e-02 1.3 3.04e+06 1.9 0.0e+00 0.0e+00 0.0e+00  0  0  0  0  0   0  0  0  0  0  6538
MatILUFactorSym        4 1.0 9.2161e-03 1.3 0.00e+00 0.0 0.0e+00 0.0e+00 0.0e+00  0  0  0  0  0   0  0  0  0  0     0
MatAssemblyBegin       8 1.0 1.2567e-02 3.7 0.00e+00 0.0 1.0e+03 2.8e+03 0.0e+00  0  0  0  0  0   0  0  9 21  0     0
MatAssemblyEnd         8 1.0 6.4030e-03 1.1 0.00e+00 0.0 0.0e+00 0.0e+00 0.0e+00  0  0  0  0  0   0  0  0  0  0     0
MatGetRowIJ            4 1.0 3.5763e-06 3.8 0.00e+00 0.0 0.0e+00 0.0e+00 0.0e+00  0  0  0  0  0   0  0  0  0  0     0
MatGetOrdering         4 1.0 8.0299e-04 1.2 0.00e+00 0.0 0.0e+00 0.0e+00 0.0e+00  0  0  0  0  0   0  0  0  0  0     0
MatZeroEntries         4 1.0 2.6820e-03 1.3 0.00e+00 0.0 0.0e+00 0.0e+00 0.0e+00  0  0  0  0  0   0  0  0  0  0     0
PCSetUp                8 1.0 2.4434e-02 1.2 3.04e+06 1.9 0.0e+00 0.0e+00 0.0e+00  0  0  0  0  0   0  0  0  0  0  3871
PCSetUpOnBlocks        4 1.0 2.4060e-02 1.2 3.04e+06 1.9 0.0e+00 0.0e+00 0.0e+00  0  0  0  0  0   0  0  0  0  0  3931
PCApply               26 1.0 2.6519e-02 1.0 9.54e+06 1.0 0.0e+00 0.0e+00 0.0e+00  0  0  0  0  0   0  2  0  0  0 14243
KSPSetUp               8 1.0 1.2608e-03 1.5 0.00e+00 0.0 0.0e+00 0.0e+00 0.0e+00  0  0  0  0  0   0  0  0  0  0     0
KSPSolve               4 1.0 9.1407e-02 1.0 2.95e+07 1.1 5.0e+03 1.3e+03 5.4e+01  0  0  0  0  0   2  5 44 46 93 12514
KSPGMRESOrthog        16 1.0 8.9777e-03 1.3 5.72e+06 1.0 0.0e+00 0.0e+00 1.6e+01  0  0  0  0  0   0  1  0  0 28 25228
SNESSolve              4 1.0 6.0575e+00 1.0 6.22e+08 1.0 1.2e+04 1.2e+03 5.4e+01  5  2  0  0  0 100100100100 93  4083
SNESFunctionEval       4 1.0 2.8425e+00 1.0 2.78e+08 1.0 5.5e+03 8.4e+02 0.0e+00  3  1  0  0  0  47 45 48 33  0  3899
SNESJacobianEval       4 1.0 3.1262e+00 1.0 3.14e+08 1.0 1.0e+03 2.8e+03 0.0e+00  3  1  0  0  0  52 51  9 21  0  3999
ParLoopExecute        20 1.0 5.9361e+00 1.0 5.93e+08 1.0 5.5e+03 8.4e+02 0.0e+00  5  2  0  0  0  98 95 48 33  0  3973
ParLoopCells          16 1.0 1.9192e-01 1.1 3.19e+08 1.0 0.0e+00 0.0e+00 0.0e+00  0  1  0  0  0   3 52  0  0  0 66547
ParLoopRednBegin      20 1.0 3.8886e-04 1.4 0.00e+00 0.0 0.0e+00 0.0e+00 0.0e+00  0  0  0  0  0   0  0  0  0  0     0
ParLoopRednEnd        20 1.0 1.0490e-04 1.3 0.00e+00 0.0 0.0e+00 0.0e+00 0.0e+00  0  0  0  0  0   0  0  0  0  0     0
ParLoopset_5           2 1.0 1.2803e-04 1.4 0.00e+00 0.0 0.0e+00 0.0e+00 0.0e+00  0  0  0  0  0   0  0  0  0  0     0
ParLoopset_6           2 1.0 1.8907e-04 1.5 0.00e+00 0.0 0.0e+00 0.0e+00 0.0e+00  0  0  0  0  0   0  0  0  0  0     0
ParLoopIntFacets      16 1.0 2.3077e-01 1.0 2.73e+08 1.0 0.0e+00 0.0e+00 0.0e+00  0  1  0  0  0   4 44  0  0  0 46851
ParLoopset_12          2 1.0 9.8944e-05 1.7 0.00e+00 0.0 0.0e+00 0.0e+00 0.0e+00  0  0  0  0  0   0  0  0  0  0     0
ParLoopset_13          2 1.0 1.1683e-04 1.1 0.00e+00 0.0 0.0e+00 0.0e+00 0.0e+00  0  0  0  0  0   0  0  0  0  0     0

--- Event Stage 2: Warm up: Linear solve

BuildTwoSided         10 1.0 8.9622e-04 1.2 0.00e+00 0.0 9.9e+02 4.0e+00 0.0e+00  0  0  0  0  0   0  0  0  0  0     0
BuildTwoSidedF       104 1.0 1.4106e-02 1.5 0.00e+00 0.0 5.2e+03 1.1e+03 0.0e+00  0  0  0  0  0   0  0  1  2  0     0
SFSetGraph            10 1.0 6.9141e-06 0.0 0.00e+00 0.0 0.0e+00 0.0e+00 0.0e+00  0  0  0  0  0   0  0  0  0  0     0
SFSetUp               10 1.0 1.1733e-03 1.1 0.00e+00 0.0 3.0e+03 1.6e+02 0.0e+00  0  0  0  0  0   0  0  0  0  0     0
SFBcastBegin          58 1.0 7.2956e-04 1.6 0.00e+00 0.0 1.2e+04 3.2e+02 0.0e+00  0  0  0  0  0   0  0  2  2  0     0
SFBcastEnd            58 1.0 6.5660e-04 1.9 0.00e+00 0.0 0.0e+00 0.0e+00 0.0e+00  0  0  0  0  0   0  0  0  0  0     0
SFReduceBegin          4 1.0 1.5497e-04 1.8 0.00e+00 0.0 9.1e+02 8.9e+02 0.0e+00  0  0  0  0  0   0  0  0  0  0     0
SFReduceEnd            4 1.0 5.9381e-0360.7 0.00e+00 0.0 0.0e+00 0.0e+00 0.0e+00  0  0  0  0  0   0  0  0  0  0     0
VecMDot              218 1.0 2.5383e-02 1.1 1.30e+07 1.0 0.0e+00 0.0e+00 2.2e+02  0  0  0  0  1   0  2  0  0 11 20369
VecTDot              192 1.0 1.1943e-02 1.4 5.03e+06 1.0 0.0e+00 0.0e+00 1.9e+02  0  0  0  0  1   0  1  0  0 10 16857
VecNorm              356 1.0 2.6531e-02 2.7 5.77e+06 1.0 0.0e+00 0.0e+00 3.6e+02  0  0  0  0  1   0  1  0  0 18  8680
VecScale             840 1.0 9.6078e-03 1.2 9.23e+06 1.0 0.0e+00 0.0e+00 0.0e+00  0  0  0  0  0   0  1  0  0  0 38396
VecCopy             1810 1.0 1.2607e-02 1.1 0.00e+00 0.0 0.0e+00 0.0e+00 0.0e+00  0  0  0  0  0   0  0  0  0  0     0
VecSet              5966 1.0 6.3410e-02 1.2 0.00e+00 0.0 0.0e+00 0.0e+00 0.0e+00  0  0  0  0  0   1  0  0  0  0     0
VecAXPY              236 1.0 1.0481e-02 1.0 6.22e+06 1.0 0.0e+00 0.0e+00 0.0e+00  0  0  0  0  0   0  1  0  0  0 23697
VecAYPX             3556 1.0 4.4131e-02 1.2 1.69e+07 1.0 0.0e+00 0.0e+00 0.0e+00  0  0  0  0  0   1  3  0  0  0 15243
VecAXPBYCZ          1160 1.0 2.1817e-02 1.2 1.86e+07 1.0 0.0e+00 0.0e+00 0.0e+00  0  0  0  0  0   0  3  0  0  0 33974
VecMAXPY             240 1.0 1.6686e-02 1.0 1.55e+07 1.0 0.0e+00 0.0e+00 0.0e+00  0  0  0  0  0   0  2  0  0  0 36880
VecAssemblyBegin      32 1.0 2.2931e-03 2.8 0.00e+00 0.0 0.0e+00 0.0e+00 0.0e+00  0  0  0  0  0   0  0  0  0  0     0
VecAssemblyEnd        32 1.0 6.7711e-05 1.3 0.00e+00 0.0 0.0e+00 0.0e+00 0.0e+00  0  0  0  0  0   0  0  0  0  0     0
VecPointwiseMult     110 1.0 1.9174e-03 1.2 3.53e+05 1.0 0.0e+00 0.0e+00 0.0e+00  0  0  0  0  0   0  0  0  0  0  7332
VecScatterBegin     5192 1.0 6.4249e-02 1.8 0.00e+00 0.0 7.2e+05 3.0e+02 0.0e+00  0  0  3  2  0   1  0 92 83  0     0
VecScatterEnd       5192 1.0 8.2342e-02 1.6 0.00e+00 0.0 0.0e+00 0.0e+00 0.0e+00  0  0  0  0  0   1  0  0  0  0     0
VecSetRandom          10 1.0 2.1448e-03 1.0 0.00e+00 0.0 0.0e+00 0.0e+00 0.0e+00  0  0  0  0  0   0  0  0  0  0     0
VecNormalize         240 1.0 6.7093e-03 1.2 4.10e+06 1.0 0.0e+00 0.0e+00 2.4e+02  0  0  0  0  1   0  1  0  0 12 24293
MatMult             2674 1.0 9.9323e-01 1.0 2.46e+08 1.0 5.3e+05 3.5e+02 1.5e+02  1  1  2  2  1  14 38 68 72  8  9808
MatMultAdd          1232 1.0 1.6765e-01 1.2 3.19e+07 1.0 9.6e+04 1.8e+02 0.0e+00  0  0  0  0  0   2  5 12  7  0  7582
MatMultTranspose     580 1.0 4.7657e-02 1.2 9.87e+06 1.0 8.7e+04 1.4e+02 0.0e+00  0  0  0  0  0   1  2 11  5  0  8169
MatSolve            3166 1.2 5.8664e-01 1.1 1.87e+08 1.0 0.0e+00 0.0e+00 0.0e+00  1  0  0  0  0   8 28  0  0  0 12588
MatLUFactorSym         2 1.0 3.5286e-05 2.1 0.00e+00 0.0 0.0e+00 0.0e+00 0.0e+00  0  0  0  0  0   0  0  0  0  0     0
MatLUFactorNum        14 1.0 9.0029e-03 1.1 1.13e+06 1.1 0.0e+00 0.0e+00 0.0e+00  0  0  0  0  0   0  0  0  0  0  4868
MatILUFactorSym       12 1.0 6.4144e-03 1.1 0.00e+00 0.0 0.0e+00 0.0e+00 0.0e+00  0  0  0  0  0   0  0  0  0  0     0
MatConvert            12 1.0 7.2398e-03 1.1 0.00e+00 0.0 0.0e+00 0.0e+00 0.0e+00  0  0  0  0  0   0  0  0  0  0     0
MatScale              34 1.0 2.4371e-03 1.1 7.17e+05 1.0 2.0e+03 3.4e+02 0.0e+00  0  0  0  0  0   0  0  0  0  0 11622
MatResidual          580 1.0 1.9530e-01 1.0 5.00e+07 1.0 1.1e+05 3.4e+02 0.0e+00  0  0  0  0  0   3  8 15 15  0 10119
MatAssemblyBegin     216 1.0 1.4337e-02 1.4 0.00e+00 0.0 5.2e+03 1.1e+03 0.0e+00  0  0  0  0  0   0  0  1  2  0     0
MatAssemblyEnd       216 1.0 5.1268e-02 1.0 0.00e+00 0.0 1.9e+04 6.5e+01 4.3e+02  0  0  0  0  2   1  0  2  0 22     0
MatGetRowIJ           14 1.4 2.0981e-05 0.0 0.00e+00 0.0 0.0e+00 0.0e+00 0.0e+00  0  0  0  0  0   0  0  0  0  0     0
MatCreateSubMat       16 1.0 8.5433e-03 1.0 0.00e+00 0.0 6.5e+02 1.5e+02 1.4e+02  0  0  0  0  1   0  0  0  0  7     0
MatGetOrdering        14 1.4 1.0991e-03 1.2 0.00e+00 0.0 0.0e+00 0.0e+00 0.0e+00  0  0  0  0  0   0  0  0  0  0     0
MatCoarsen            10 1.0 5.8916e-03 1.0 0.00e+00 0.0 1.3e+04 2.1e+02 3.0e+01  0  0  0  0  0   0  0  2  1  2     0
MatZeroEntries        12 1.0 2.3148e-03 1.9 0.00e+00 0.0 0.0e+00 0.0e+00 0.0e+00  0  0  0  0  0   0  0  0  0  0     0
MatAXPY               12 1.0 3.1791e-02 1.0 0.00e+00 0.0 9.1e+02 1.4e+02 2.0e+01  0  0  0  0  0   0  0  0  0  1     0
MatTranspose          20 1.0 2.4328e-03 1.1 0.00e+00 0.0 0.0e+00 0.0e+00 0.0e+00  0  0  0  0  0   0  0  0  0  0     0
MatMatMult            12 1.0 4.0733e-02 1.0 6.78e+05 1.0 1.4e+04 2.1e+02 1.5e+02  0  0  0  0  1   1  0  2  1  7   659
MatMatMultSym         12 1.0 2.9678e-02 1.0 0.00e+00 0.0 1.1e+04 1.8e+02 1.4e+02  0  0  0  0  1   0  0  1  1  7     0
MatMatMultNum         12 1.0 1.0733e-02 1.0 6.78e+05 1.0 2.2e+03 4.1e+02 0.0e+00  0  0  0  0  0   0  0  0  0  0  2502
MatPtAP               10 1.0 5.6517e-02 1.0 2.61e+06 1.1 2.1e+04 5.2e+02 1.5e+02  0  0  0  0  1   1  0  3  4  8  1774
MatPtAPSymbolic       10 1.0 3.6884e-02 1.0 0.00e+00 0.0 1.2e+04 4.9e+02 7.0e+01  0  0  0  0  0   1  0  2  2  4     0
MatPtAPNumeric        10 1.0 1.9538e-02 1.0 2.61e+06 1.1 8.9e+03 5.5e+02 8.0e+01  0  0  0  0  0   0  0  1  2  4  5132
MatTrnMatMult          2 1.0 4.9904e-02 1.0 8.46e+05 1.0 2.7e+03 7.2e+02 3.2e+01  0  0  0  0  0   1  0  0  1  2   677
MatTrnMatMultSym       2 1.0 3.3171e-02 1.0 0.00e+00 0.0 2.3e+03 4.4e+02 3.2e+01  0  0  0  0  0   0  0  0  0  2     0
MatTrnMatMultNum       2 1.0 1.6740e-02 1.0 8.46e+05 1.0 4.6e+02 2.2e+03 0.0e+00  0  0  0  0  0   0  0  0  0  0  2019
MatGetLocalMat        38 1.0 1.3606e-02 1.0 0.00e+00 0.0 0.0e+00 0.0e+00 0.0e+00  0  0  0  0  0   0  0  0  0  0     0
MatGetBrAoCol         34 1.0 4.3554e-03 1.2 0.00e+00 0.0 1.5e+04 4.7e+02 0.0e+00  0  0  0  0  0   0  0  2  3  0     0
MatTranspose_SeqAIJ_FAST      20 1.0 2.4161e-03 1.1 0.00e+00 0.0 0.0e+00 0.0e+00 0.0e+00  0  0  0  0  0   0  0  0  0  0     0
PCGAMGGraph_AGG       10 1.0 5.1248e-02 1.0 3.63e+05 1.0 5.9e+03 1.7e+02 1.2e+02  0  0  0  0  0   1  0  1  0  6   278
PCGAMGCoarse_AGG      10 1.0 6.8688e-02 1.0 8.46e+05 1.0 1.8e+04 3.8e+02 7.0e+01  0  0  0  0  0   1  0  2  3  4   492
PCGAMGProl_AGG        10 1.0 2.4306e-02 1.0 0.00e+00 0.0 7.8e+03 2.8e+02 1.6e+02  0  0  0  0  1   0  0  1  1  8     0
PCGAMGPOpt_AGG        10 1.0 6.6297e-02 1.0 1.30e+07 1.0 3.2e+04 2.8e+02 4.1e+02  0  0  0  0  2   1  2  4  3 21  7789
GAMG: createProl      10 1.0 2.1133e-01 1.0 1.42e+07 1.0 6.4e+04 3.0e+02 7.6e+02  0  0  0  0  3   3  2  8  7 38  2671
  Graph               20 1.0 5.0719e-02 1.0 3.63e+05 1.0 5.9e+03 1.7e+02 1.2e+02  0  0  0  0  0   1  0  1  0  6   281
  MIS/Agg             10 1.0 6.0322e-03 1.0 0.00e+00 0.0 1.3e+04 2.1e+02 3.0e+01  0  0  0  0  0   0  0  2  1  2     0
  SA: col data        10 1.0 6.0208e-03 1.0 0.00e+00 0.0 4.0e+03 4.6e+02 4.0e+01  0  0  0  0  0   0  0  1  1  2     0
  SA: frmProl0        10 1.0 1.6108e-02 1.0 0.00e+00 0.0 3.8e+03 8.5e+01 8.0e+01  0  0  0  0  0   0  0  0  0  4     0
  SA: smooth          10 1.0 3.6004e-02 1.0 5.33e+05 1.0 1.2e+04 1.8e+02 1.4e+02  0  0  0  0  1   1  0  2  1  7   583
GAMG: partLevel       10 1.0 6.3582e-02 1.0 2.61e+06 1.1 2.2e+04 5.0e+02 3.5e+02  0  0  0  0  1   1  0  3  4 18  1577
  repartition          6 1.0 3.8719e-04 1.0 0.00e+00 0.0 0.0e+00 0.0e+00 2.4e+01  0  0  0  0  0   0  0  0  0  1     0
  Invert-Sort          4 1.0 8.1110e-04 1.7 0.00e+00 0.0 0.0e+00 0.0e+00 1.6e+01  0  0  0  0  0   0  0  0  0  1     0
  Move A               4 1.0 2.9299e-03 1.0 0.00e+00 0.0 4.0e+02 2.3e+02 6.8e+01  0  0  0  0  0   0  0  0  0  3     0
  Move P               4 1.0 2.3189e-03 1.0 0.00e+00 0.0 2.5e+02 2.1e+01 6.8e+01  0  0  0  0  0   0  0  0  0  3     0
PCSetUp               20 1.0 1.9082e+00 1.0 1.85e+07 1.0 8.8e+04 5.8e+02 1.3e+03  2  0  0  1  5  27  3 11 20 64   382
PCSetUpOnBlocks     1906 1.0 1.9510e-02 1.1 1.13e+06 1.1 0.0e+00 0.0e+00 0.0e+00  0  0  0  0  0   0  0  0  0  0  2246
PCApply               20 1.0 1.7430e+00 1.0 4.16e+08 1.0 7.7e+05 3.0e+02 1.7e+03  2  1  3  2  7  25 64 98 88 85  9451
KSPSolve_FS_0         20 1.0 1.3358e-02 1.0 3.54e+06 1.0 0.0e+00 0.0e+00 0.0e+00  0  0  0  0  0   0  1  0  0  0 10505
KSPSolve_FS_Schu      20 1.0 1.6893e+00 1.0 4.05e+08 1.0 7.6e+05 3.0e+02 1.7e+03  2  1  3  2  7  24 62 98 87 85  9490
KSPSolve_FS_Low       20 1.0 2.1420e-02 1.1 4.01e+06 1.0 0.0e+00 0.0e+00 0.0e+00  0  0  0  0  0   0  1  0  0  0  7411
KSPSetUp              52 1.0 5.6341e-03 1.1 0.00e+00 0.0 0.0e+00 0.0e+00 2.0e+01  0  0  0  0  0   0  0  0  0  1     0
KSPSolve               2 1.0 3.4175e+00 1.0 4.38e+08 1.0 7.8e+05 3.3e+02 2.0e+03  3  1  3  3  8  48 67100 99100  5082
KSPGMRESOrthog       218 1.0 3.9162e-02 1.1 2.60e+07 1.0 0.0e+00 0.0e+00 2.2e+02  0  0  0  0  1   1  4  0  0 11 26406
SNESSolve              2 1.0 7.0866e+00 1.0 6.53e+08 1.0 7.8e+05 3.3e+02 2.0e+03  6  2  3  3  8 100100100100100  3659
SNESFunctionEval       2 1.0 1.2944e+00 1.0 1.12e+08 1.0 2.7e+03 8.9e+02 0.0e+00  1  0  0  0  0  18 17  0  1  0  3462
SNESJacobianEval       2 1.0 2.3765e+00 1.0 1.02e+08 1.0 6.8e+02 1.4e+03 0.0e+00  2  0  0  0  0  33 16  0  0  0  1715
CreateFunctionSpace      14 1.0 8.0211e-03 1.1 0.00e+00 0.0 0.0e+00 0.0e+00 0.0e+00  0  0  0  0  0   0  0  0  0  0     0
ParLoopExecute        16 1.0 3.6476e+00 1.0 2.14e+08 1.0 2.7e+03 8.9e+02 0.0e+00  3  1  0  0  0  51 33  0  1  0  2346
ParLoopCells          24 1.0 1.8237e-01 1.1 2.14e+08 1.0 0.0e+00 0.0e+00 0.0e+00  0  1  0  0  0   2 33  0  0  0 46925
ParLoopRednBegin      16 1.0 3.3283e-04 1.5 0.00e+00 0.0 0.0e+00 0.0e+00 0.0e+00  0  0  0  0  0   0  0  0  0  0     0
ParLoopRednEnd        16 1.0 7.9155e-05 1.4 0.00e+00 0.0 0.0e+00 0.0e+00 0.0e+00  0  0  0  0  0   0  0  0  0  0     0
ParLoopset_5           2 1.0 1.2708e-04 2.4 0.00e+00 0.0 0.0e+00 0.0e+00 0.0e+00  0  0  0  0  0   0  0  0  0  0     0
ParLoopset_6           2 1.0 1.9121e-04 2.5 0.00e+00 0.0 0.0e+00 0.0e+00 0.0e+00  0  0  0  0  0   0  0  0  0  0     0
ParLoopset_12          2 1.0 8.4877e-05 1.7 0.00e+00 0.0 0.0e+00 0.0e+00 0.0e+00  0  0  0  0  0   0  0  0  0  0     0
ParLoopset_13          2 1.0 1.1396e-04 1.6 0.00e+00 0.0 0.0e+00 0.0e+00 0.0e+00  0  0  0  0  0   0  0  0  0  0     0

--- Event Stage 3: Warm up

BuildTwoSided          2 1.0 2.8706e-04 2.0 0.00e+00 0.0 2.3e+02 4.0e+00 0.0e+00  0  0  0  0  0   0  0  5  0  0     0
BuildTwoSidedF         3 1.0 1.2629e-03 2.8 0.00e+00 0.0 3.4e+02 2.2e+03 0.0e+00  0  0  0  0  0   1  0  8 22  0     0
SFSetGraph             4 1.0 9.3937e-05 1.2 0.00e+00 0.0 0.0e+00 0.0e+00 0.0e+00  0  0  0  0  0   0  0  0  0  0     0
SFSetUp                2 1.0 3.9124e-04 1.5 0.00e+00 0.0 6.8e+02 3.0e+02 0.0e+00  0  0  0  0  0   0  0 15  6  0     0
SFBcastBegin           2 1.0 7.0095e-05 1.9 0.00e+00 0.0 4.6e+02 7.5e+02 0.0e+00  0  0  0  0  0   0  0 10 10  0     0
SFBcastEnd             2 1.0 6.9857e-05 2.3 0.00e+00 0.0 0.0e+00 0.0e+00 0.0e+00  0  0  0  0  0   0  0  0  0  0     0
SFReduceBegin          1 1.0 2.0027e-05 1.5 0.00e+00 0.0 2.3e+02 1.2e+03 0.0e+00  0  0  0  0  0   0  0  5  8  0     0
SFReduceEnd            1 1.0 1.5306e-0411.9 0.00e+00 0.0 0.0e+00 0.0e+00 0.0e+00  0  0  0  0  0   0  0  0  0  0     0
VecTDot               20 1.0 9.8753e-04 1.4 7.95e+05 1.0 0.0e+00 0.0e+00 2.0e+01  0  0  0  0  0   1  3  0  0 41 31854
VecNorm               11 1.0 1.6801e-03 3.7 4.37e+05 1.0 0.0e+00 0.0e+00 1.1e+01  0  0  0  0  0   1  2  0  0 22 10298
VecCopy                6 1.0 4.0793e-04 1.3 0.00e+00 0.0 0.0e+00 0.0e+00 0.0e+00  0  0  0  0  0   0  0  0  0  0     0
VecSet                13 1.0 2.6226e-04 1.5 0.00e+00 0.0 0.0e+00 0.0e+00 0.0e+00  0  0  0  0  0   0  0  0  0  0     0
VecAXPY               21 1.0 1.3971e-03 1.1 8.35e+05 1.0 0.0e+00 0.0e+00 0.0e+00  0  0  0  0  0   1  3  0  0  0 23641
VecAYPX                9 1.0 4.9496e-04 1.1 3.58e+05 1.0 0.0e+00 0.0e+00 0.0e+00  0  0  0  0  0   0  1  0  0  0 28600
VecScatterBegin       10 1.0 1.8859e-04 1.5 0.00e+00 0.0 2.3e+03 7.5e+02 0.0e+00  0  0  0  0  0   0  0 51 51  0     0
VecScatterEnd         10 1.0 2.7204e-04 1.8 0.00e+00 0.0 0.0e+00 0.0e+00 0.0e+00  0  0  0  0  0   0  0  0  0  0     0
MatMult               10 1.0 5.9078e-03 1.0 1.79e+06 1.0 2.3e+03 7.5e+02 0.0e+00  0  0  0  0  0   5  6 51 51  0 11981
MatSolve              11 1.0 6.5782e-03 1.1 1.95e+06 1.0 0.0e+00 0.0e+00 0.0e+00  0  0  0  0  0   6  7  0  0  0 11733
MatLUFactorNum         1 1.0 2.3379e-03 1.2 2.39e+05 1.1 0.0e+00 0.0e+00 0.0e+00  0  0  0  0  0   2  1  0  0  0  3936
MatILUFactorSym        1 1.0 1.7271e-03 1.8 0.00e+00 0.0 0.0e+00 0.0e+00 0.0e+00  0  0  0  0  0   1  0  0  0  0     0
MatAssemblyBegin       3 1.0 1.3757e-03 1.7 0.00e+00 0.0 3.4e+02 2.2e+03 0.0e+00  0  0  0  0  0   1  0  8 22  0     0
MatAssemblyEnd         3 1.0 3.2971e-03 1.1 0.00e+00 0.0 4.6e+02 1.9e+02 8.0e+00  0  0  0  0  0   3  0 10  3 16     0
MatGetRowIJ            1 1.0 1.1921e-06 0.0 0.00e+00 0.0 0.0e+00 0.0e+00 0.0e+00  0  0  0  0  0   0  0  0  0  0     0
MatGetOrdering         1 1.0 2.3198e-04 1.4 0.00e+00 0.0 0.0e+00 0.0e+00 0.0e+00  0  0  0  0  0   0  0  0  0  0     0
MatZeroEntries         1 1.0 3.4690e-04 1.8 0.00e+00 0.0 0.0e+00 0.0e+00 0.0e+00  0  0  0  0  0   0  0  0  0  0     0
PCSetUp                2 1.0 4.4408e-03 1.3 2.39e+05 1.1 0.0e+00 0.0e+00 0.0e+00  0  0  0  0  0   4  1  0  0  0  2072
PCSetUpOnBlocks        1 1.0 4.3280e-03 1.3 2.39e+05 1.1 0.0e+00 0.0e+00 0.0e+00  0  0  0  0  0   4  1  0  0  0  2126
PCApply               11 1.0 6.8865e-03 1.1 1.95e+06 1.0 0.0e+00 0.0e+00 0.0e+00  0  0  0  0  0   6  7  0  0  0 11208
KSPSetUp               2 1.0 3.4595e-04 2.2 0.00e+00 0.0 0.0e+00 0.0e+00 0.0e+00  0  0  0  0  0   0  0  0  0  0     0
KSPSolve               1 1.0 2.0364e-02 1.0 6.36e+06 1.0 2.3e+03 7.5e+02 3.1e+01  0  0  0  0  0  19 23 51 51 63 12352
SNESSolve              1 1.0 4.8004e-02 1.0 2.75e+07 1.0 3.8e+03 7.6e+02 3.5e+01  0  0  0  0  0  45 99 86 86 71 22835
SNESFunctionEval       1 1.0 1.3930e-02 1.0 1.41e+07 1.0 1.4e+03 6.1e+02 4.0e+00  0  0  0  0  0  13 51 31 25  8 40573
SNESJacobianEval       1 1.0 1.3723e-02 1.0 6.95e+06 1.0 1.7e+02 2.2e+03 0.0e+00  0  0  0  0  0  13 25  4 11  0 20249
ParLoopExecute        11 1.0 2.5172e-02 1.0 2.14e+07 1.0 1.4e+03 6.1e+02 4.0e+00  0  0  0  0  0  23 77 31 25  8 34034
ParLoopCells           6 1.0 1.6704e-02 1.0 2.14e+07 1.0 0.0e+00 0.0e+00 0.0e+00  0  0  0  0  0  16 77  0  0  0 51255
ParLoopRednBegin      11 1.0 1.4830e-04 1.2 0.00e+00 0.0 0.0e+00 0.0e+00 0.0e+00  0  0  0  0  0   0  0  0  0  0     0
ParLoopRednEnd        11 1.0 4.3392e-05 1.3 0.00e+00 0.0 0.0e+00 0.0e+00 0.0e+00  0  0  0  0  0   0  0  0  0  0     0
MatZeroInitial         1 1.0 1.2535e-02 1.0 0.00e+00 0.0 0.0e+00 0.0e+00 0.0e+00  0  0  0  0  0  11  0  0  0  0     0
ParLoopset_12          8 1.0 2.8014e-04 1.3 1.31e+04 1.0 0.0e+00 0.0e+00 0.0e+00  0  0  0  0  0   0  0  0  0  0  1872
ParLoopset_13          8 1.0 4.3416e-04 1.3 0.00e+00 0.0 0.0e+00 0.0e+00 0.0e+00  0  0  0  0  0   0  0  0  0  0     0

--- Event Stage 4: DU Residuals

SFBcastBegin         360 1.0 1.4079e-02 2.2 0.00e+00 0.0 8.2e+04 8.9e+02 0.0e+00  0  0  0  1  0   0  0 23 18  0     0
SFBcastEnd           360 1.0 4.2986e-02 7.0 0.00e+00 0.0 0.0e+00 0.0e+00 0.0e+00  0  0  0  0  0   0  0  0  0  0     0
SFReduceBegin        320 1.0 7.3755e-03 1.6 0.00e+00 0.0 7.3e+04 8.9e+02 0.0e+00  0  0  0  1  0   0  0 20 16  0     0
SFReduceEnd          320 1.0 1.7880e-01 8.2 0.00e+00 0.0 0.0e+00 0.0e+00 0.0e+00  0  0  0  0  0   1  0  0  0  0     0
VecMDot              643 1.0 2.5744e-01 1.3 1.16e+08 1.0 0.0e+00 0.0e+00 6.4e+02  0  0  0  0  3   3  1  0  0 30 17760
VecTDot              480 1.0 1.7452e-02 1.3 1.26e+07 1.0 0.0e+00 0.0e+00 4.8e+02  0  0  0  0  2   0  0  0  0 22 28839
VecNorm             1043 1.0 1.8184e-01 2.4 3.71e+07 1.0 0.0e+00 0.0e+00 1.0e+03  0  0  0  0  4   2  0  0  0 48  8099
VecScale             723 1.0 1.1843e-02 1.1 1.44e+07 1.0 0.0e+00 0.0e+00 0.0e+00  0  0  0  0  0   0  0  0  0  0 48012
VecCopy              720 1.0 4.1883e-02 1.2 0.00e+00 0.0 0.0e+00 0.0e+00 0.0e+00  0  0  0  0  0   1  0  0  0  0     0
VecSet              1283 1.0 5.4621e-02 1.4 0.00e+00 0.0 0.0e+00 0.0e+00 0.0e+00  0  0  0  0  0   1  0  0  0  0     0
VecAXPY              720 1.0 2.9461e-02 1.1 2.10e+07 1.0 0.0e+00 0.0e+00 0.0e+00  0  0  0  0  0   0  0  0  0  0 28473
VecAYPX              160 1.0 5.4364e-03 1.1 4.19e+06 1.0 0.0e+00 0.0e+00 0.0e+00  0  0  0  0  0   0  0  0  0  0 30861
VecMAXPY             723 1.0 1.2472e-01 1.1 1.41e+08 1.0 0.0e+00 0.0e+00 0.0e+00  0  0  0  0  0   2  1  0  0  0 44769
VecScatterBegin      883 1.0 2.1231e-02 1.7 0.00e+00 0.0 2.0e+05 1.3e+03 0.0e+00  0  0  1  3  0   0  0 56 65  0     0
VecScatterEnd        883 1.0 2.8055e-02 1.4 0.00e+00 0.0 0.0e+00 0.0e+00 0.0e+00  0  0  0  0  0   0  0  0  0  0     0
VecNormalize         723 1.0 1.0765e-01 1.9 4.31e+07 1.0 0.0e+00 0.0e+00 7.2e+02  0  0  0  0  3   1  0  0  0 33 15846
MatMult              883 1.0 1.0195e+00 1.0 3.42e+08 1.0 2.0e+05 1.3e+03 0.0e+00  1  1  1  3  0  15  3 56 65  0 13264
MatSolve            1043 1.0 1.0533e+00 1.0 3.83e+08 1.0 0.0e+00 0.0e+00 0.0e+00  1  1  0  0  0  15  3  0  0  0 14400
PCSetUpOnBlocks      160 1.0 3.8648e-04 1.8 0.00e+00 0.0 0.0e+00 0.0e+00 0.0e+00  0  0  0  0  0   0  0  0  0  0     0
PCApply             1043 1.0 1.1057e+00 1.0 3.83e+08 1.0 0.0e+00 0.0e+00 0.0e+00  1  1  0  0  0  16  3  0  0  0 13717
KSPSetUp             160 1.0 1.1897e-04 2.1 0.00e+00 0.0 0.0e+00 0.0e+00 0.0e+00  0  0  0  0  0   0  0  0  0  0     0
KSPSolve             160 1.0 2.6889e+00 1.0 1.06e+09 1.0 2.0e+05 1.3e+03 2.2e+03  2  3  1  3  9  38  9 56 65100 15689
KSPGMRESOrthog       643 1.0 3.5148e-01 1.2 2.31e+08 1.0 0.0e+00 0.0e+00 6.4e+02  0  1  0  0  3   5  2  0  0 30 26017
SNESSolve            160 1.0 6.8070e+00 1.0 1.22e+10 1.0 3.6e+05 1.1e+03 2.2e+03  6 31  1  4  9  99100100100100 71352
SNESFunctionEval     160 1.0 4.1949e+00 1.0 1.11e+10 1.0 1.6e+05 8.9e+02 0.0e+00  4 29  1  1  0  60 91 44 35  0 105676
SNESJacobianEval     160 1.0 6.6562e-03 1.6 0.00e+00 0.0 0.0e+00 0.0e+00 0.0e+00  0  0  0  0  0   0  0  0  0  0     0
ParLoopExecute       480 1.0 4.1596e+00 1.0 1.11e+10 1.0 1.6e+05 8.9e+02 0.0e+00  4 29  1  1  0  60 91 44 35  0 106572
ParLoopCells         320 1.0 2.1155e+00 1.0 6.28e+09 1.0 0.0e+00 0.0e+00 0.0e+00  2 16  0  0  0  30 52  0  0  0 118781
ParLoopRednBegin     480 1.0 1.6792e-03 1.3 0.00e+00 0.0 0.0e+00 0.0e+00 0.0e+00  0  0  0  0  0   0  0  0  0  0     0
ParLoopRednEnd       480 1.0 2.2821e-03 1.3 0.00e+00 0.0 0.0e+00 0.0e+00 0.0e+00  0  0  0  0  0   0  0  0  0  0     0
ParLoopIntFacets     320 1.0 1.8493e+00 1.0 4.85e+09 1.0 0.0e+00 0.0e+00 0.0e+00  2 12  0  0  0  26 40  0  0  0 103834
ParLoopset_12        160 1.0 5.3203e-03 1.1 0.00e+00 0.0 0.0e+00 0.0e+00 0.0e+00  0  0  0  0  0   0  0  0  0  0     0
ParLoopset_13        160 1.0 9.1491e-03 1.1 0.00e+00 0.0 0.0e+00 0.0e+00 0.0e+00  0  0  0  0  0   0  0  0  0  0     0

--- Event Stage 5: Linear solve

SFBcastBegin         320 1.0 1.1578e-02 1.9 0.00e+00 0.0 7.3e+04 8.9e+02 0.0e+00  0  0  0  1  0   0  0  0  1  0     0
SFBcastEnd           320 1.0 1.7350e-02 3.9 0.00e+00 0.0 0.0e+00 0.0e+00 0.0e+00  0  0  0  0  0   0  0  0  0  0     0
SFReduceBegin        160 1.0 3.6850e-03 1.7 0.00e+00 0.0 3.6e+04 8.9e+02 0.0e+00  0  0  0  0  0   0  0  0  0  0     0
SFReduceEnd          160 1.0 6.5242e-0222.0 0.00e+00 0.0 0.0e+00 0.0e+00 0.0e+00  0  0  0  0  0   0  0  0  0  0     0
VecMDot              720 1.0 5.1782e-01 1.1 2.37e+08 1.0 0.0e+00 0.0e+00 7.2e+02  0  1  0  0  3   1  1  0  0  4 18225
VecTDot             7840 1.0 5.5490e-01 1.4 2.06e+08 1.0 0.0e+00 0.0e+00 7.8e+03  0  1  0  0 32   1  1  0  0 40 14814
VecNorm             5520 1.0 1.1819e+00 3.2 1.77e+08 1.0 0.0e+00 0.0e+00 5.5e+03  1  0  0  0 22   1  1  0  0 28  5962
VecScale           24400 1.0 3.8540e-01 1.3 3.36e+08 1.0 0.0e+00 0.0e+00 0.0e+00  0  1  0  0  0   1  2  0  0  0 34826
VecCopy            72720 1.0 4.7214e-01 1.1 0.00e+00 0.0 0.0e+00 0.0e+00 0.0e+00  0  0  0  0  0   1  0  0  0  0     0
VecSet            230560 1.0 2.5473e+00 1.3 0.00e+00 0.0 0.0e+00 0.0e+00 0.0e+00  2  0  0  0  0   4  0  0  0  0     0
VecAXPY             8800 1.0 4.1955e-01 1.0 2.48e+08 1.0 0.0e+00 0.0e+00 0.0e+00  0  1  0  0  0   1  1  0  0  0 23593
VecAYPX           144720 1.0 1.8239e+00 1.2 6.88e+08 1.0 0.0e+00 0.0e+00 0.0e+00  1  2  0  0  0   3  3  0  0  0 15023
VecAXPBYCZ         47200 1.0 8.9220e-01 1.2 7.58e+08 1.0 0.0e+00 0.0e+00 0.0e+00  1  2  0  0  0   1  4  0  0  0 33804
VecMAXPY             800 1.0 4.1849e-01 1.1 2.85e+08 1.0 0.0e+00 0.0e+00 0.0e+00  0  1  0  0  0   1  1  0  0  0 27061
VecScatterBegin   199440 1.0 2.5719e+00 1.9 0.00e+00 0.0 2.7e+07 3.0e+02 0.0e+00  2  0 95 86  0   3  0100 99  0     0
VecScatterEnd     199440 1.0 4.8241e+00 1.4 0.00e+00 0.0 0.0e+00 0.0e+00 0.0e+00  4  0  0  0  0   7  0  0  0  0     0
VecNormalize         800 1.0 1.1139e-01 1.6 7.92e+07 1.0 0.0e+00 0.0e+00 8.0e+02  0  0  0  0  3   0  0  0  0  4 28241
MatMult           100640 1.0 4.0248e+01 1.0 9.55e+09 1.0 2.0e+07 3.5e+02 5.8e+03 36 24 70 75 23  63 46 74 87 29  9384
MatMultAdd         49280 1.0 6.5294e+00 1.2 1.27e+09 1.0 3.9e+06 1.8e+02 0.0e+00  6  3 14  8  0  10  6 14  9  0  7764
MatMultTranspose   23600 1.0 2.4848e+00 1.5 4.02e+08 1.0 3.6e+06 1.4e+02 0.0e+00  2  1 12  5  0   3  2 13  6  0  6375
MatSolve          123520 1.2 2.3095e+01 1.1 7.31e+09 1.0 0.0e+00 0.0e+00 0.0e+00 20 19  0  0  0  36 35  0  0  0 12517
MatResidual        23600 1.0 8.8455e+00 1.1 2.03e+09 1.0 4.7e+06 3.4e+02 0.0e+00  7  5 16 17  0  13 10 17 19  0  9090
PCSetUpOnBlocks    76320 1.0 9.0188e-02 1.3 0.00e+00 0.0 0.0e+00 0.0e+00 0.0e+00  0  0  0  0  0   0  0  0  0  0     0
PCApply              800 1.0 5.7728e+01 1.0 1.54e+10 1.0 2.7e+07 2.9e+02 1.3e+04 52 39 94 83 51  92 74 98 96 63 10535
KSPSolve_FS_0        800 1.0 5.3950e-01 1.0 1.42e+08 1.0 0.0e+00 0.0e+00 0.0e+00  0  0  0  0  0   1  1  0  0  0 10404
KSPSolve_FS_Schu     800 1.0 5.5867e+01 1.0 1.49e+10 1.0 2.7e+07 2.9e+02 1.3e+04 50 38 93 82 51  89 72 98 95 63 10584
KSPSolve_FS_Low      800 1.0 5.4922e-01 1.1 1.42e+08 1.0 0.0e+00 0.0e+00 0.0e+00  0  0  0  0  0   1  1  0  0  0 10220
KSPSetUp              80 1.0 7.2718e-05 3.0 0.00e+00 0.0 0.0e+00 0.0e+00 0.0e+00  0  0  0  0  0   0  0  0  0  0     0
KSPSolve              80 1.0 6.0584e+01 1.0 1.62e+10 1.0 2.7e+07 3.0e+02 2.0e+04 54 42 95 86 80  97 78100 99100 10617
KSPGMRESOrthog       720 1.0 8.4580e-01 1.1 4.75e+08 1.0 0.0e+00 0.0e+00 7.2e+02  1  1  0  0  3   1  2  0  0  4 22315
SNESSolve             80 1.0 6.2335e+01 1.0 2.07e+10 1.0 2.7e+07 3.0e+02 2.0e+04 56 53 95 87 80 100100100100100 13198
SNESFunctionEval      80 1.0 1.7623e+00 1.0 4.48e+09 1.0 1.1e+05 8.9e+02 0.0e+00  2 12  0  1  0   3 22  0  1  0 101721
SNESJacobianEval      80 1.0 3.5005e-03 1.7 0.00e+00 0.0 0.0e+00 0.0e+00 0.0e+00  0  0  0  0  0   0  0  0  0  0     0
ParLoopExecute       320 1.0 1.7202e+00 1.0 4.48e+09 1.0 1.1e+05 8.9e+02 0.0e+00  2 12  0  1  0   3 22  0  1  0 104212
ParLoopCells         320 1.0 1.6237e+00 1.0 4.48e+09 1.0 0.0e+00 0.0e+00 0.0e+00  1 12  0  0  0   3 22  0  0  0 110402
ParLoopRednBegin     320 1.0 1.0641e-03 1.4 0.00e+00 0.0 0.0e+00 0.0e+00 0.0e+00  0  0  0  0  0   0  0  0  0  0     0
ParLoopRednEnd       320 1.0 1.4551e-03 1.4 0.00e+00 0.0 0.0e+00 0.0e+00 0.0e+00  0  0  0  0  0   0  0  0  0  0     0
ParLoopset_12        160 1.0 5.1036e-03 1.1 0.00e+00 0.0 0.0e+00 0.0e+00 0.0e+00  0  0  0  0  0   0  0  0  0  0     0
ParLoopset_13        160 1.0 9.3675e-03 1.1 0.00e+00 0.0 0.0e+00 0.0e+00 0.0e+00  0  0  0  0  0   0  0  0  0  0     0
------------------------------------------------------------------------------------------------------------------------

Memory usage is given in bytes:

Object Type          Creations   Destructions     Memory  Descendants' Mem.
Reports information only for process 0.

--- Event Stage 0: Main Stage

           Container    16             16         9344     0.
              Viewer     1              0            0     0.
           Index Set   744            812     41802648     0.
   IS L to G Mapping    14             14     10282504     0.
             Section   206            206       149968     0.
   Star Forest Graph   204            206       173344     0.
              Vector    91            457     44339168     0.
         Vec Scatter    18             44      1102176     0.
              Matrix    82            230     47317032     0.
      Preconditioner    10             46        47240     0.
       Krylov Solver    10             56       494112     0.
     DMKSP interface     1              6         3984     0.
                SNES     8              8        11232     0.
              DMSNES     6              6         4080     0.
      SNESLineSearch     8              8         8000     0.
    Distributed Mesh    64             64       317776     0.
            DM Label    50             50        31600     0.
    GraphPartitioner    24             24        15072     0.
     Discrete System    64             64        59912     0.

--- Event Stage 1: Warm up: DU Residuals

           Index Set    12              0            0     0.
              Vector    52              2       314960     0.
              Matrix     4              0            0     0.
      Preconditioner     4              0            0     0.
       Krylov Solver     4              0            0     0.
     DMKSP interface     2              0            0     0.

--- Event Stage 2: Warm up: Linear solve

         PetscRandom    20             20        13080     0.
           Index Set   218            162       422792     0.
   Star Forest Graph    10             10         8800     0.
              Vector   750            435     17578928     0.
         Vec Scatter    74             48        64960     0.
              Matrix   322            178     20481688     0.
      Matrix Coarsen    10             10         6440     0.
      Preconditioner    44             12        10304     0.
       Krylov Solver    54             12       307424     0.
     DMKSP interface     2              0            0     0.

--- Event Stage 3: Warm up

           Index Set     5              5       239192     0.
   Star Forest Graph     2              0            0     0.
              Vector    11              9       640816     0.
         Vec Scatter     1              1         1352     0.
              Matrix     4              4      3433360     0.
      Preconditioner     2              2         1928     0.
       Krylov Solver     2              2         2856     0.
     DMKSP interface     1              0            0     0.
                SNES     1              1         1404     0.
      SNESLineSearch     1              1         1000     0.

--- Event Stage 4: DU Residuals

              Vector     0              1       157480     0.

--- Event Stage 5: Linear solve

              Vector  2880           2880    380160000     0.
========================================================================================================================
Average time to get PetscTime(): 0.
Average time for MPI_Barrier(): 6.00815e-06
Average time for zero size MPI_Send(): 1.14441e-06
#PETSc Option Table entries:
--dt 62.5
--method RT
--model_degree 1
--profile
--refinements 8
-log_view
#End of PETSc Option Table entries
Compiled without FORTRAN kernels
Compiled with full precision matrices (default)
sizeof(short) 2 sizeof(int) 4 sizeof(long) 8 sizeof(void*) 8 sizeof(PetscScalar) 8 sizeof(PetscInt) 4
Configure options: --prefix=/home/scratch/tg2115/src/firedrake/lib/python3.5/site-packages/petsc PETSC_ARCH=arch-python-linux-x86_64 --with-shared-libraries=1 --with-debugging=0 --with-c2html=0 --with-cc=/usr/bin/mpicc --with-cxx=/usr/bin/mpicxx --with-fc=/usr/bin/mpif90 --download-eigen=/home/scratch/tg2115/src/firedrake/src/eigen-3.3.3.tgz --with-fortran-bindings=0 --download-chaco --download-metis --download-parmetis --download-scalapack --download-hypre --download-mumps --with-zlib --download-netcdf --download-hdf5 --download-pnetcdf --download-exodusii --download-ml
-----------------------------------------
Libraries compiled on 2019-02-19 06:15:49 on mpe2 
Machine characteristics: Linux-4.4.0-130-generic-x86_64-with-Ubuntu-16.04-xenial
Using PETSc directory: /home/scratch/tg2115/src/firedrake/lib/python3.5/site-packages/petsc
Using PETSc arch: 
-----------------------------------------

Using C compiler: /usr/bin/mpicc  -fPIC  -Wall -Wwrite-strings -Wno-strict-aliasing -Wno-unknown-pragmas -fstack-protector -fvisibility=hidden -g -O  
Using Fortran compiler: /usr/bin/mpif90  -fPIC -Wall -ffree-line-length-0 -Wno-unused-dummy-argument -g -O    
-----------------------------------------

Using include paths: -I/home/scratch/tg2115/src/firedrake/lib/python3.5/site-packages/petsc/include -I/home/scratch/tg2115/src/firedrake/lib/python3.5/site-packages/petsc/include/eigen3
-----------------------------------------

Using C linker: /usr/bin/mpicc
Using Fortran linker: /usr/bin/mpif90
Using libraries: -Wl,-rpath,/home/scratch/tg2115/src/firedrake/lib/python3.5/site-packages/petsc/lib -L/home/scratch/tg2115/src/firedrake/lib/python3.5/site-packages/petsc/lib -lpetsc -Wl,-rpath,/home/scratch/tg2115/src/firedrake/lib/python3.5/site-packages/petsc/lib -L/home/scratch/tg2115/src/firedrake/lib/python3.5/site-packages/petsc/lib -Wl,-rpath,/usr/lib/openmpi/lib -L/usr/lib/openmpi/lib -Wl,-rpath,/usr/lib/gcc/x86_64-linux-gnu/5 -L/usr/lib/gcc/x86_64-linux-gnu/5 -Wl,-rpath,/usr/lib/x86_64-linux-gnu -L/usr/lib/x86_64-linux-gnu -Wl,-rpath,/lib/x86_64-linux-gnu -L/lib/x86_64-linux-gnu -lHYPRE -lcmumps -ldmumps -lsmumps -lzmumps -lmumps_common -lpord -lscalapack -lml -llapack -lblas -lexodus -lnetcdf -lpnetcdf -lhdf5hl_fortran -lhdf5_fortran -lhdf5_hl -lhdf5 -lchaco -lparmetis -lmetis -lm -lz -lX11 -lstdc++ -ldl -lmpi_usempif08 -lmpi_usempi_ignore_tkr -lmpi_mpifh -lmpi -lgfortran -lm -lgfortran -lm -lgcc_s -lquadmath -lpthread -lstdc++ -ldl
-----------------------------------------

