
Running cold initialization for the problem set:

method: RT,

model degree: 1,

hybridization: True,



Dt = 62.5,

Courant number (approximate): 0.4043196881815445,

Dx (max): 37.37888963085026 km.

Warm up with one-step.

Warm up done. Profiling run for 20 steps.


Running Williamson 5 test with parameters:

method: RT,

model degree: 1,

refinements: 8,

hybridization: True,

tmax: 1250.0

Simulation complete.

************************************************************************************************************************
***             WIDEN YOUR WINDOW TO 120 CHARACTERS.  Use 'enscript -r -fCourier9' to print this document            ***
************************************************************************************************************************

---------------------------------------------- PETSc Performance Summary: ----------------------------------------------

swe_williamson5.py on a  named mpe2 with 40 processors, by tg2115 Sat Feb 23 09:04:41 2019
Using Petsc Development GIT revision: v3.4.2-24285-gcd612ee  GIT Date: 2019-01-17 05:31:34 +0100

                         Max       Max/Min     Avg       Total 
Time (sec):           6.286e+01     1.000   6.286e+01
Objects:              2.943e+03     1.148   2.586e+03
Flop:                 3.883e+10     1.004   3.874e+10  1.550e+12
Flop/sec:             6.177e+08     1.004   6.163e+08  2.465e+10
MPI Messages:         9.445e+04     1.948   6.991e+04  2.796e+06
MPI Message Lengths:  2.517e+08     6.748   7.321e+02  2.047e+09
MPI Reductions:       4.663e+03     1.000

Flop counting convention: 1 flop = 1 real number operation of type (multiply/divide/add/subtract)
                            e.g., VecAXPY() for real vectors of length N --> 2N flop
                            and VecAXPY() for complex vectors of length N --> 8N flop

Summary of Stages:   ----- Time ------  ----- Flop ------  --- Messages ---  -- Message Lengths --  -- Reductions --
                        Avg     %Total     Avg     %Total    Count   %Total     Avg         %Total    Count   %Total 
 0:      Main Stage: 1.9072e+01  30.3%  1.8500e+11  11.9%  1.568e+05   5.6%  3.608e+03       27.6%  4.710e+02  10.1% 
 1: Warm up: DU Residuals: 5.7979e-01   0.9%  2.4733e+10   1.6%  1.151e+04   0.4%  1.215e+03        0.7%  5.800e+01   1.2% 
 2: Warm up: Linear solve: 2.3824e+01  37.9%  2.7380e+10   1.8%  1.577e+05   5.6%  5.227e+02        4.0%  1.348e+03  28.9% 
 3:         Warm up: 1.2947e-01   0.2%  1.1098e+09   0.1%  4.617e+03   0.2%  8.108e+02        0.2%  5.300e+01   1.1% 
 4:    DU Residuals: 7.1504e+00  11.4%  4.8569e+11  31.3%  3.564e+05  12.7%  1.116e+03       19.4%  2.166e+03  46.5% 
 5:    Linear solve: 1.2105e+01  19.3%  8.2572e+11  53.3%  2.109e+06  75.4%  4.664e+02       48.1%  5.600e+02  12.0% 

------------------------------------------------------------------------------------------------------------------------
See the 'Profiling' chapter of the users' manual for details on interpreting output.
Phase summary info:
   Count: number of times phase was executed
   Time and Flop: Max - maximum over all processors
                  Ratio - ratio of maximum to minimum over all processors
   Mess: number of messages sent
   AvgLen: average message length (bytes)
   Reduct: number of global reductions
   Global: entire computation
   Stage: stages of a computation. Set stages with PetscLogStagePush() and PetscLogStagePop().
      %T - percent time in this phase         %F - percent flop in this phase
      %M - percent messages in this phase     %L - percent message lengths in this phase
      %R - percent reductions in this phase
   Total Mflop/s: 10e-6 * (sum of flop over all processors)/(max time over all processors)
------------------------------------------------------------------------------------------------------------------------
Event                Count      Time (sec)     Flop                              --- Global ---  --- Stage ----  Total
                   Max Ratio  Max     Ratio   Max  Ratio  Mess   AvgLen  Reduct  %T %F %M %L %R  %T %F %M %L %R Mflop/s
------------------------------------------------------------------------------------------------------------------------

--- Event Stage 0: Main Stage

PetscBarrier          16 1.0 9.0503e-01 1.1 0.00e+00 0.0 0.0e+00 0.0e+00 3.2e+01  1  0  0  0  1   4  0  0  0  7     0
BuildTwoSided         70 1.0 1.7739e+0020.9 0.00e+00 0.0 1.0e+04 4.0e+00 0.0e+00  3  0  0  0  0   9  0  7  0  0     0
BuildTwoSidedF        15 1.0 2.8228e-02 2.7 0.00e+00 0.0 2.9e+03 3.8e+03 0.0e+00  0  0  0  1  0   0  0  2  2  0     0
SFSetGraph            76 1.0 4.5500e-03 1.1 0.00e+00 0.0 0.0e+00 0.0e+00 0.0e+00  0  0  0  0  0   0  0  0  0  0     0
SFSetUp               70 1.0 1.8738e+00 9.8 0.00e+00 0.0 3.1e+04 3.9e+03 0.0e+00  3  0  1  6  0  10  0 20 21  0     0
SFBcastBegin         319 1.0 3.0920e-0123.0 0.00e+00 0.0 7.7e+04 4.5e+03 0.0e+00  0  0  3 17  0   0  0 49 62  0     0
SFBcastEnd           319 1.0 7.2403e-01 3.0 0.00e+00 0.0 0.0e+00 0.0e+00 0.0e+00  1  0  0  0  0   3  0  0  0  0     0
SFReduceBegin        170 1.0 4.2014e-03 1.5 0.00e+00 0.0 3.8e+04 1.5e+03 0.0e+00  0  0  1  3  0   0  0 24 10  0     0
SFReduceEnd          170 1.0 1.3138e-01 3.4 0.00e+00 0.0 0.0e+00 0.0e+00 0.0e+00  0  0  0  0  0   0  0  0  0  0     0
SFFetchOpBegin         2 1.0 8.2970e-05 8.1 0.00e+00 0.0 2.3e+02 5.4e+02 0.0e+00  0  0  0  0  0   0  0  0  0  0     0
SFFetchOpEnd           2 1.0 2.6298e-04 6.0 0.00e+00 0.0 2.3e+02 5.4e+02 0.0e+00  0  0  0  0  0   0  0  0  0  0     0
VecTDot               40 1.0 1.9939e-03 1.3 1.59e+06 1.0 0.0e+00 0.0e+00 4.0e+01  0  0  0  0  1   0  0  0  0  8 31553
VecNorm              102 1.0 7.8897e-02 6.0 6.15e+06 1.0 0.0e+00 0.0e+00 1.0e+02  0  0  0  0  2   0  0  0  0 22  3097
VecCopy               12 1.0 8.0180e-04 1.2 0.00e+00 0.0 0.0e+00 0.0e+00 0.0e+00  0  0  0  0  0   0  0  0  0  0     0
VecSet                52 1.0 1.1135e-0221.9 0.00e+00 0.0 0.0e+00 0.0e+00 0.0e+00  0  0  0  0  0   0  0  0  0  0     0
VecAXPY               42 1.0 2.6774e-03 1.0 1.67e+06 1.0 0.0e+00 0.0e+00 0.0e+00  0  0  0  0  0   0  0  0  0  0 24673
VecAYPX               18 1.0 9.8205e-04 1.1 7.16e+05 1.0 0.0e+00 0.0e+00 0.0e+00  0  0  0  0  0   0  0  0  0  0 28829
VecScatterBegin       24 1.0 9.6440e-04 1.2 0.00e+00 0.0 4.6e+03 7.5e+02 0.0e+00  0  0  0  0  0   0  0  3  1  0     0
VecScatterEnd         24 1.0 5.1975e-04 1.5 0.00e+00 0.0 0.0e+00 0.0e+00 0.0e+00  0  0  0  0  0   0  0  0  0  0     0
MatMult               20 1.0 1.1816e-02 1.0 3.58e+06 1.0 4.6e+03 7.5e+02 0.0e+00  0  0  0  0  0   0  0  3  1  0 11980
MatSolve              22 1.0 1.3233e-02 1.0 3.90e+06 1.0 0.0e+00 0.0e+00 0.0e+00  0  0  0  0  0   0  0  0  0  0 11665
MatLUFactorNum         2 1.0 4.7102e-03 1.1 4.78e+05 1.1 0.0e+00 0.0e+00 0.0e+00  0  0  0  0  0   0  0  0  0  0  3907
MatILUFactorSym        2 1.0 3.8280e-03 1.4 0.00e+00 0.0 0.0e+00 0.0e+00 0.0e+00  0  0  0  0  0   0  0  0  0  0     0
MatAssemblyBegin      17 1.0 3.2615e-02 2.3 0.00e+00 0.0 2.9e+03 3.8e+03 0.0e+00  0  0  0  1  0   0  0  2  2  0     0
MatAssemblyEnd        17 1.0 1.7338e-02 1.1 0.00e+00 0.0 2.7e+03 2.4e+02 4.8e+01  0  0  0  0  1   0  0  2  0 10     0
MatGetRowIJ            2 1.0 5.9605e-06 0.0 0.00e+00 0.0 0.0e+00 0.0e+00 0.0e+00  0  0  0  0  0   0  0  0  0  0     0
MatGetOrdering         2 1.0 5.7483e-04 1.3 0.00e+00 0.0 0.0e+00 0.0e+00 0.0e+00  0  0  0  0  0   0  0  0  0  0     0
MatZeroEntries         2 1.0 5.9676e-04 1.7 0.00e+00 0.0 0.0e+00 0.0e+00 0.0e+00  0  0  0  0  0   0  0  0  0  0     0
PCSetUp                4 1.0 9.4988e-03 1.2 4.78e+05 1.1 0.0e+00 0.0e+00 0.0e+00  0  0  0  0  0   0  0  0  0  0  1937
PCSetUpOnBlocks        2 1.0 9.2769e-03 1.2 4.78e+05 1.1 0.0e+00 0.0e+00 0.0e+00  0  0  0  0  0   0  0  0  0  0  1984
PCApply               22 1.0 1.3847e-02 1.0 3.90e+06 1.0 0.0e+00 0.0e+00 0.0e+00  0  0  0  0  0   0  0  0  0  0 11147
KSPSetUp               4 1.0 8.1277e-04 1.5 0.00e+00 0.0 0.0e+00 0.0e+00 0.0e+00  0  0  0  0  0   0  0  0  0  0     0
KSPSolve               2 1.0 4.2024e-02 1.0 1.27e+07 1.0 4.6e+03 7.5e+02 6.2e+01  0  0  0  0  1   0  0  3  1 13 11971
SNESSolve              2 1.0 1.1932e-01 1.0 5.49e+07 1.0 6.7e+03 8.3e+02 6.6e+01  0  0  0  0  1   1  1  4  1 14 18373
SNESFunctionEval       2 1.0 3.9517e-02 1.0 2.83e+07 1.0 1.8e+03 7.6e+02 4.0e+00  0  0  0  0  0   0  1  1  0  1 28605
SNESJacobianEval       2 1.0 3.8067e-02 1.0 1.39e+07 1.0 3.4e+02 2.2e+03 0.0e+00  0  0  0  0  0   0  0  0  0  0 14599
Mesh Partition         4 1.0 4.3025e+00 1.0 0.00e+00 0.0 4.4e+04 1.5e+03 2.0e+01  7  0  2  3  0  23  0 28 12  4     0
Mesh Migration         4 1.0 1.0148e+00 1.0 0.00e+00 0.0 1.8e+04 1.8e+04 8.6e+01  2  0  1 16  2   5  0 11 58 18     0
DMPlexInterp           2 1.0 6.7186e-04 1.1 0.00e+00 0.0 0.0e+00 0.0e+00 4.0e+00  0  0  0  0  0   0  0  0  0  1     0
DMPlexDistribute       2 1.0 5.1946e+00 1.0 0.00e+00 0.0 2.2e+04 2.0e+04 3.8e+01  8  0  1 21  1  27  0 14 75  8     0
DMPlexDistCones        4 1.0 2.4572e-01 1.0 0.00e+00 0.0 4.3e+03 3.0e+04 0.0e+00  0  0  0  6  0   1  0  3 23  0     0
DMPlexDistLabels       4 1.0 5.8145e-01 1.0 0.00e+00 0.0 6.1e+03 1.9e+04 5.2e+01  1  0  0  6  1   3  0  4 21 11     0
DMPlexDistOvrlp        2 1.0 1.8246e-01 1.1 0.00e+00 0.0 4.1e+04 5.2e+02 6.8e+01  0  0  1  1  1   1  0 26  4 14     0
DMPlexDistField        6 1.0 5.9407e-02 1.0 0.00e+00 0.0 5.9e+03 7.4e+03 4.0e+00  0  0  0  2  0   0  0  4  8  1     0
DMPlexDistData         4 1.0 1.7963e+0011.3 0.00e+00 0.0 3.9e+04 1.0e+03 0.0e+00  3  0  1  2  0   9  0 25  7  0     0
DMPlexStratify         8 1.0 6.2270e-02 1.1 0.00e+00 0.0 0.0e+00 0.0e+00 8.0e+00  0  0  0  0  0   0  0  0  0  2     0
CreateMesh            10 1.0 6.1404e+00 1.0 0.00e+00 0.0 6.3e+04 7.1e+03 1.1e+02 10  0  2 22  2  32  0 40 79 24     0
Mesh: reorder          2 1.0 1.6524e-02 1.5 0.00e+00 0.0 0.0e+00 0.0e+00 4.0e+00  0  0  0  0  0   0  0  0  0  1     0
Mesh: numbering        2 1.0 7.7666e-02 1.0 0.00e+00 0.0 0.0e+00 0.0e+00 4.0e+00  0  0  0  0  0   0  0  0  0  1     0
CreateFunctionSpace      46 1.0 5.0593e-01 1.0 0.00e+00 0.0 1.6e+03 1.1e+03 0.0e+00  1  0  0  0  0   3  0  1  0  0     0
ParLoopExecute       604 1.0 2.2572e+00 1.1 4.61e+09 1.0 8.0e+04 1.0e+03 2.0e+01  4 12  3  4  0  12100 51 14  4 81641
ParLoopCells         368 1.0 1.7538e+00 1.0 4.60e+09 1.0 0.0e+00 0.0e+00 0.0e+00  3 12  0  0  0   9 99  0  0  0 104894
ParLoopRednBegin     604 1.0 3.7245e-02 2.3 0.00e+00 0.0 0.0e+00 0.0e+00 0.0e+00  0  0  0  0  0   0  0  0  0  0     0
ParLoopRednEnd       604 1.0 6.3808e-03 1.1 0.00e+00 0.0 0.0e+00 0.0e+00 0.0e+00  0  0  0  0  0   0  0  0  0  0     0
ParLoopset_4           4 1.0 2.0752e-03 1.4 0.00e+00 0.0 0.0e+00 0.0e+00 0.0e+00  0  0  0  0  0   0  0  0  0  0     0
ParLoopset_5          10 1.0 2.6338e-03 1.2 1.31e+04 1.0 0.0e+00 0.0e+00 0.0e+00  0  0  0  0  0   0  0  0  0  0   199
CreateSparsity         5 1.0 2.9438e-01 1.1 0.00e+00 0.0 3.0e+03 2.4e+03 2.8e+01  0  0  0  0  1   1  0  2  1  6     0
MatZeroInitial         6 1.0 1.4446e-01 1.0 0.00e+00 0.0 0.0e+00 0.0e+00 0.0e+00  0  0  0  0  0   1  0  0  0  0     0
ParLoopset_6           8 1.0 3.9120e-03 1.2 0.00e+00 0.0 0.0e+00 0.0e+00 0.0e+00  0  0  0  0  0   0  0  0  0  0     0
ParLoopset_12          4 1.0 5.9533e-04 1.7 0.00e+00 0.0 0.0e+00 0.0e+00 0.0e+00  0  0  0  0  0   0  0  0  0  0     0
ParLoopset_13        408 1.0 1.7216e-02 1.2 3.16e+06 1.0 0.0e+00 0.0e+00 0.0e+00  0  0  0  0  0   0  0  0  0  0  7339
ParLoopset_14        406 1.0 2.6514e-02 1.1 4.77e+06 1.0 0.0e+00 0.0e+00 0.0e+00  0  0  0  0  0   0  0  0  0  0  7119

--- Event Stage 1: Warm up: DU Residuals

BuildTwoSidedF         8 1.0 9.7041e-0310.8 0.00e+00 0.0 1.0e+03 2.8e+03 0.0e+00  0  0  0  0  0   1  0  9 21  0     0
SFBcastBegin          16 1.0 6.5207e-04 1.8 0.00e+00 0.0 3.6e+03 8.2e+02 0.0e+00  0  0  0  0  0   0  0 32 21  0     0
SFBcastEnd            16 1.0 2.5558e-04 1.6 0.00e+00 0.0 0.0e+00 0.0e+00 0.0e+00  0  0  0  0  0   0  0  0  0  0     0
SFReduceBegin          8 1.0 1.8406e-04 1.5 0.00e+00 0.0 1.8e+03 8.9e+02 0.0e+00  0  0  0  0  0   0  0 16 12  0     0
SFReduceEnd            8 1.0 9.3207e-0340.3 0.00e+00 0.0 0.0e+00 0.0e+00 0.0e+00  0  0  0  0  0   1  0  0  0  0     0
VecMDot               16 1.0 6.2854e-03 1.4 2.86e+06 1.0 0.0e+00 0.0e+00 1.6e+01  0  0  0  0  0   1  0  0  0 28 18017
VecTDot               12 1.0 4.3488e-04 1.6 3.15e+05 1.0 0.0e+00 0.0e+00 1.2e+01  0  0  0  0  0   0  0  0  0 21 28933
VecNorm               26 1.0 5.3830e-03 4.9 9.25e+05 1.0 0.0e+00 0.0e+00 2.6e+01  0  0  0  0  1   0  0  0  0 45  6818
VecScale              18 1.0 3.3998e-04 1.3 3.58e+05 1.0 0.0e+00 0.0e+00 0.0e+00  0  0  0  0  0   0  0  0  0  0 41636
VecCopy               22 1.0 1.2369e-03 1.2 0.00e+00 0.0 0.0e+00 0.0e+00 0.0e+00  0  0  0  0  0   0  0  0  0  0     0
VecSet                32 1.0 1.2200e-03 1.2 0.00e+00 0.0 0.0e+00 0.0e+00 0.0e+00  0  0  0  0  0   0  0  0  0  0     0
VecAXPY               18 1.0 7.5650e-04 1.1 5.26e+05 1.0 0.0e+00 0.0e+00 0.0e+00  0  0  0  0  0   0  0  0  0  0 27722
VecAYPX                4 1.0 1.5712e-04 1.3 1.05e+05 1.0 0.0e+00 0.0e+00 0.0e+00  0  0  0  0  0   0  0  0  0  0 26695
VecMAXPY              18 1.0 3.0665e-03 1.1 3.50e+06 1.0 0.0e+00 0.0e+00 0.0e+00  0  0  0  0  0   1  1  0  0  0 45136
VecScatterBegin       22 1.0 6.2871e-04 1.7 0.00e+00 0.0 5.0e+03 1.3e+03 0.0e+00  0  0  0  0  0   0  0 44 46  0     0
VecScatterEnd         22 1.0 9.1124e-04 1.5 0.00e+00 0.0 0.0e+00 0.0e+00 0.0e+00  0  0  0  0  0   0  0  0  0  0     0
VecNormalize          18 1.0 5.0058e-03 4.9 1.07e+06 1.0 0.0e+00 0.0e+00 1.8e+01  0  0  0  0  0   0  0  0  0 31  8484
MatMult               22 1.0 2.6304e-02 1.0 8.50e+06 1.0 5.0e+03 1.3e+03 0.0e+00  0  0  0  0  0   4  1 44 46  0 12796
MatSolve              26 1.0 2.5287e-02 1.0 9.54e+06 1.0 0.0e+00 0.0e+00 0.0e+00  0  0  0  0  0   4  2  0  0  0 14937
MatLUFactorNum         4 1.0 1.4445e-02 1.3 3.04e+06 1.9 0.0e+00 0.0e+00 0.0e+00  0  0  0  0  0   2  0  0  0  0  6547
MatILUFactorSym        4 1.0 9.1538e-03 1.1 0.00e+00 0.0 0.0e+00 0.0e+00 0.0e+00  0  0  0  0  0   1  0  0  0  0     0
MatAssemblyBegin       8 1.0 1.0496e-02 5.1 0.00e+00 0.0 1.0e+03 2.8e+03 0.0e+00  0  0  0  0  0   1  0  9 21  0     0
MatAssemblyEnd         8 1.0 6.2222e-03 1.1 0.00e+00 0.0 0.0e+00 0.0e+00 0.0e+00  0  0  0  0  0   1  0  0  0  0     0
MatGetRowIJ            4 1.0 3.8147e-06 0.0 0.00e+00 0.0 0.0e+00 0.0e+00 0.0e+00  0  0  0  0  0   0  0  0  0  0     0
MatGetOrdering         4 1.0 7.7367e-04 1.1 0.00e+00 0.0 0.0e+00 0.0e+00 0.0e+00  0  0  0  0  0   0  0  0  0  0     0
MatZeroEntries         4 1.0 2.5403e-03 1.4 0.00e+00 0.0 0.0e+00 0.0e+00 0.0e+00  0  0  0  0  0   0  0  0  0  0     0
PCSetUp                8 1.0 2.4690e-02 1.2 3.04e+06 1.9 0.0e+00 0.0e+00 0.0e+00  0  0  0  0  0   4  0  0  0  0  3831
PCSetUpOnBlocks        4 1.0 2.4341e-02 1.2 3.04e+06 1.9 0.0e+00 0.0e+00 0.0e+00  0  0  0  0  0   4  0  0  0  0  3886
PCApply               26 1.0 2.6616e-02 1.0 9.54e+06 1.0 0.0e+00 0.0e+00 0.0e+00  0  0  0  0  0   4  2  0  0  0 14191
KSPSetUp               8 1.0 1.0648e-03 1.1 0.00e+00 0.0 0.0e+00 0.0e+00 0.0e+00  0  0  0  0  0   0  0  0  0  0     0
KSPSolve               4 1.0 9.1444e-02 1.0 2.95e+07 1.1 5.0e+03 1.3e+03 5.4e+01  0  0  0  0  1  16  5 44 46 93 12509
KSPGMRESOrthog        16 1.0 8.7163e-03 1.2 5.72e+06 1.0 0.0e+00 0.0e+00 1.6e+01  0  0  0  0  0   1  1  0  0 28 25984
SNESSolve              4 1.0 5.7520e-01 1.0 6.22e+08 1.0 1.2e+04 1.2e+03 5.4e+01  1  2  0  1  1  99100100100 93 42998
SNESFunctionEval       4 1.0 1.8961e-01 1.0 2.78e+08 1.0 5.5e+03 8.4e+02 0.0e+00  0  1  0  0  0  32 45 48 33  0 58448
SNESJacobianEval       4 1.0 2.9792e-01 1.0 3.14e+08 1.0 1.0e+03 2.8e+03 0.0e+00  0  1  0  0  0  51 51  9 21  0 41962
ParLoopExecute        20 1.0 4.5545e-01 1.0 5.93e+08 1.0 5.5e+03 8.4e+02 0.0e+00  1  2  0  0  0  78 95 48 33  0 51781
ParLoopCells          16 1.0 1.9168e-01 1.1 3.19e+08 1.0 0.0e+00 0.0e+00 0.0e+00  0  1  0  0  0  32 52  0  0  0 66631
ParLoopRednBegin      20 1.0 3.2878e-04 1.2 0.00e+00 0.0 0.0e+00 0.0e+00 0.0e+00  0  0  0  0  0   0  0  0  0  0     0
ParLoopRednEnd        20 1.0 1.0562e-04 1.3 0.00e+00 0.0 0.0e+00 0.0e+00 0.0e+00  0  0  0  0  0   0  0  0  0  0     0
ParLoopset_5           2 1.0 1.1778e-04 1.3 0.00e+00 0.0 0.0e+00 0.0e+00 0.0e+00  0  0  0  0  0   0  0  0  0  0     0
ParLoopset_6           2 1.0 1.4114e-04 1.1 0.00e+00 0.0 0.0e+00 0.0e+00 0.0e+00  0  0  0  0  0   0  0  0  0  0     0
ParLoopIntFacets      16 1.0 2.3126e-01 1.1 2.73e+08 1.0 0.0e+00 0.0e+00 0.0e+00  0  1  0  0  0  38 44  0  0  0 46753
ParLoopset_13          2 1.0 8.3923e-05 1.1 0.00e+00 0.0 0.0e+00 0.0e+00 0.0e+00  0  0  0  0  0   0  0  0  0  0     0
ParLoopset_14          2 1.0 1.1802e-04 1.1 0.00e+00 0.0 0.0e+00 0.0e+00 0.0e+00  0  0  0  0  0   0  0  0  0  0     0

--- Event Stage 2: Warm up: Linear solve

BuildTwoSided         22 1.0 2.8193e-03 1.7 0.00e+00 0.0 2.2e+03 4.0e+00 0.0e+00  0  0  0  0  0   0  0  1  0  0     0
BuildTwoSidedF       118 1.0 3.2073e-02 1.7 0.00e+00 0.0 1.2e+04 1.9e+03 0.0e+00  0  0  0  1  0   0  0  8 28  0     0
SFSetGraph            24 1.0 2.2960e-04 1.1 0.00e+00 0.0 0.0e+00 0.0e+00 0.0e+00  0  0  0  0  0   0  0  0  0  0     0
SFSetUp               22 1.0 3.6643e-03 1.4 0.00e+00 0.0 6.6e+03 2.1e+02 0.0e+00  0  0  0  0  0   0  0  4  2  0     0
SFBcastBegin          78 1.0 1.6129e-03 1.7 0.00e+00 0.0 1.7e+04 5.8e+02 0.0e+00  0  0  1  0  0   0  0 11 12  0     0
SFBcastEnd            78 1.0 5.4879e-03 6.8 0.00e+00 0.0 0.0e+00 0.0e+00 0.0e+00  0  0  0  0  0   0  0  0  0  0     0
SFReduceBegin         26 1.0 6.8665e-04 1.5 0.00e+00 0.0 5.6e+03 8.2e+02 0.0e+00  0  0  0  0  0   0  0  4  6  0     0
SFReduceEnd           26 1.0 1.1582e-0212.5 0.00e+00 0.0 0.0e+00 0.0e+00 0.0e+00  0  0  0  0  0   0  0  0  0  0     0
VecMDot              106 1.0 1.1307e-02 1.3 5.63e+06 1.0 0.0e+00 0.0e+00 1.1e+02  0  0  0  0  2   0  1  0  0  8 19653
VecNorm              118 1.0 2.2988e-03 1.3 1.35e+06 1.0 0.0e+00 0.0e+00 1.2e+02  0  0  0  0  3   0  0  0  0  9 23167
VecScale             118 1.0 5.9938e-04 1.2 6.74e+05 1.0 0.0e+00 0.0e+00 0.0e+00  0  0  0  0  0   0  0  0  0  0 44427
VecCopy               64 1.0 2.3103e-03 1.1 0.00e+00 0.0 0.0e+00 0.0e+00 0.0e+00  0  0  0  0  0   0  0  0  0  0     0
VecSet               442 1.0 3.7527e-03 1.4 0.00e+00 0.0 0.0e+00 0.0e+00 0.0e+00  0  0  0  0  0   0  0  0  0  0     0
VecAXPY              174 1.0 3.0956e-03 1.2 1.80e+06 1.0 0.0e+00 0.0e+00 0.0e+00  0  0  0  0  0   0  0  0  0  0 23016
VecAYPX              160 1.0 3.0863e-03 1.3 7.49e+05 1.0 0.0e+00 0.0e+00 0.0e+00  0  0  0  0  0   0  0  0  0  0  9585
VecMAXPY             118 1.0 6.6836e-03 1.1 6.80e+06 1.0 0.0e+00 0.0e+00 0.0e+00  0  0  0  0  0   0  1  0  0  0 40197
VecAssemblyBegin      32 1.0 3.4585e-03 3.7 0.00e+00 0.0 0.0e+00 0.0e+00 0.0e+00  0  0  0  0  0   0  0  0  0  0     0
VecAssemblyEnd        32 1.0 6.8665e-05 1.3 0.00e+00 0.0 0.0e+00 0.0e+00 0.0e+00  0  0  0  0  0   0  0  0  0  0     0
VecPointwiseMult     110 1.0 3.2732e-03 1.1 5.15e+05 1.0 0.0e+00 0.0e+00 0.0e+00  0  0  0  0  0   0  0  0  0  0  6213
VecScatterBegin      418 1.0 5.7058e-03 1.4 0.00e+00 0.0 7.3e+04 4.2e+02 0.0e+00  0  0  3  2  0   0  0 46 37  0     0
VecScatterEnd        418 1.0 7.7913e-03 1.7 0.00e+00 0.0 0.0e+00 0.0e+00 0.0e+00  0  0  0  0  0   0  0  0  0  0     0
VecSetRandom          10 1.0 3.2649e-03 1.1 0.00e+00 0.0 0.0e+00 0.0e+00 0.0e+00  0  0  0  0  0   0  0  0  0  0     0
VecNormalize         118 1.0 3.1281e-03 1.2 2.02e+06 1.0 0.0e+00 0.0e+00 1.2e+02  0  0  0  0  3   0  0  0  0  9 25539
MatMult              266 1.0 5.1298e-02 1.0 1.55e+07 1.0 5.3e+04 4.2e+02 0.0e+00  0  0  2  1  0   0  2 33 27  0 11800
MatMultAdd            40 1.0 5.3463e-03 1.3 1.02e+06 1.0 6.0e+03 1.7e+02 0.0e+00  0  0  0  0  0   0  0  4  1  0  7462
MatMultTranspose      40 1.0 5.2302e-03 1.3 1.02e+06 1.0 6.0e+03 1.7e+02 0.0e+00  0  0  0  0  0   0  0  4  1  0  7628
MatSolve             168 1.3 2.3859e-02 1.1 8.56e+06 1.0 0.0e+00 0.0e+00 0.0e+00  0  0  0  0  0   0  1  0  0  0 14072
MatLUFactorSym         2 1.0 2.6226e-05 1.7 0.00e+00 0.0 0.0e+00 0.0e+00 0.0e+00  0  0  0  0  0   0  0  0  0  0     0
MatLUFactorNum        12 1.0 7.9019e-03 1.1 1.15e+06 1.1 0.0e+00 0.0e+00 0.0e+00  0  0  0  0  0   0  0  0  0  0  5573
MatILUFactorSym       10 1.0 4.3371e-03 1.1 0.00e+00 0.0 0.0e+00 0.0e+00 0.0e+00  0  0  0  0  0   0  0  0  0  0     0
MatConvert            10 1.0 6.9776e-03 1.2 0.00e+00 0.0 0.0e+00 0.0e+00 0.0e+00  0  0  0  0  0   0  0  0  0  0     0
MatScale              30 1.0 2.8126e-03 1.1 8.55e+05 1.0 2.0e+03 4.2e+02 0.0e+00  0  0  0  0  0   0  0  1  1  0 11900
MatResidual           40 1.0 8.0183e-03 1.1 2.40e+06 1.0 7.9e+03 4.2e+02 0.0e+00  0  0  0  0  0   0  0  5  4  0 11721
MatAssemblyBegin     226 1.0 3.6659e-02 1.5 0.00e+00 0.0 1.2e+04 1.9e+03 0.0e+00  0  0  0  1  0   0  0  8 28  0     0
MatAssemblyEnd       226 1.0 7.1146e-02 1.1 0.00e+00 0.0 2.2e+04 8.3e+01 5.0e+02  0  0  1  0 11   0  0 14  2 37     0
MatGetRowIJ           12 1.5 9.7752e-06 0.0 0.00e+00 0.0 0.0e+00 0.0e+00 0.0e+00  0  0  0  0  0   0  0  0  0  0     0
MatCreateSubMat        8 1.0 4.5812e-03 1.0 0.00e+00 0.0 6.3e+02 1.5e+02 1.3e+02  0  0  0  0  3   0  0  0  0  9     0
MatGetOrdering        12 1.5 6.6304e-04 1.2 0.00e+00 0.0 0.0e+00 0.0e+00 0.0e+00  0  0  0  0  0   0  0  0  0  0     0
MatCoarsen            10 1.0 8.2901e-03 1.1 0.00e+00 0.0 1.3e+04 2.7e+02 3.0e+01  0  0  0  0  1   0  0  9  4  2     0
MatZeroEntries        14 1.0 4.3216e-03 1.1 0.00e+00 0.0 0.0e+00 0.0e+00 0.0e+00  0  0  0  0  0   0  0  0  0  0     0
MatAXPY               10 1.0 1.5232e-02 1.0 0.00e+00 0.0 0.0e+00 0.0e+00 0.0e+00  0  0  0  0  0   0  0  0  0  0     0
MatTranspose          30 1.0 2.5906e-02 1.0 0.00e+00 0.0 1.2e+04 5.5e+02 1.0e+02  0  0  0  0  2   0  0  8  8  7     0
MatMatMult            10 1.0 3.3145e-02 1.0 6.01e+05 1.0 1.2e+04 2.2e+02 1.2e+02  0  0  0  0  3   0  0  7  3  9   709
MatMatMultSym         10 1.0 2.4617e-02 1.0 0.00e+00 0.0 9.8e+03 1.8e+02 1.2e+02  0  0  0  0  3   0  0  6  2  9     0
MatMatMultNum         10 1.0 8.3356e-03 1.0 6.01e+05 1.0 2.0e+03 4.2e+02 0.0e+00  0  0  0  0  0   0  0  1  1  0  2819
MatPtAP               10 1.0 8.8153e-02 1.1 4.06e+06 1.1 2.1e+04 6.3e+02 1.5e+02  0  0  1  1  3   0  1 13 16 11  1768
MatPtAPSymbolic       10 1.0 5.2054e-02 1.0 0.00e+00 0.0 1.2e+04 6.0e+02 7.0e+01  0  0  0  0  2   0  0  7  9  5     0
MatPtAPNumeric        10 1.0 2.5065e-02 1.0 4.06e+06 1.1 8.8e+03 6.8e+02 8.0e+01  0  0  0  0  2   0  1  6  7  6  6217
MatTrnMatMult          2 1.0 1.2518e-01 1.0 2.51e+06 1.0 3.0e+03 2.0e+03 3.2e+01  0  0  0  0  1   1  0  2  7  2   793
MatTrnMatMultSym       2 1.0 6.2014e-02 1.0 0.00e+00 0.0 1.4e+03 1.0e+03 1.6e+01  0  0  0  0  0   0  0  1  2  1     0
MatTrnMatMultNum       2 1.0 6.3160e-02 1.0 2.51e+06 1.0 1.6e+03 2.8e+03 1.6e+01  0  0  0  0  0   0  0  1  5  1  1571
MatGetLocalMat        32 1.0 1.3222e-02 1.1 0.00e+00 0.0 0.0e+00 0.0e+00 0.0e+00  0  0  0  0  0   0  0  0  0  0     0
MatGetBrAoCol         30 1.0 3.9854e-03 1.1 0.00e+00 0.0 1.4e+04 5.6e+02 0.0e+00  0  0  0  0  0   0  0  9  9  0     0
MatTranspose_SeqAIJ_FAST      30 1.0 7.6230e-03 1.0 0.00e+00 0.0 0.0e+00 0.0e+00 0.0e+00  0  0  0  0  0   0  0  0  0  0     0
PCGAMGGraph_AGG       10 1.0 1.5480e-01 1.0 6.01e+05 1.0 2.1e+04 6.3e+02 2.2e+02  0  0  1  1  5   1  0 13 16 16   152
PCGAMGCoarse_AGG      10 1.0 1.5366e-01 1.0 2.51e+06 1.0 1.9e+04 6.8e+02 7.0e+01  0  0  1  1  2   1  0 12 15  5   646
PCGAMGProl_AGG        10 1.0 3.3227e-02 1.0 0.00e+00 0.0 7.7e+03 3.6e+02 1.6e+02  0  0  0  0  3   0  0  5  3 12     0
PCGAMGPOpt_AGG        10 1.0 1.0244e-01 1.0 1.98e+07 1.0 3.2e+04 3.4e+02 4.1e+02  0  0  1  1  9   0  3 20 13 31  7602
GAMG: createProl      10 1.0 4.5582e-01 1.0 2.29e+07 1.0 7.9e+04 5.0e+02 8.6e+02  1  0  3  2 18   2  3 50 48 64  1978
  Graph               20 1.0 1.5424e-01 1.0 6.01e+05 1.0 2.1e+04 6.3e+02 2.2e+02  0  0  1  1  5   1  0 13 16 16   152
  MIS/Agg             10 1.0 8.4143e-03 1.1 0.00e+00 0.0 1.3e+04 2.7e+02 3.0e+01  0  0  0  0  1   0  0  9  4  2     0
  SA: col data        10 1.0 8.2085e-03 1.0 0.00e+00 0.0 4.0e+03 6.0e+02 4.0e+01  0  0  0  0  1   0  0  3  3  3     0
  SA: frmProl0        10 1.0 2.2191e-02 1.0 0.00e+00 0.0 3.8e+03 1.1e+02 8.0e+01  0  0  0  0  2   0  0  2  1  6     0
  SA: smooth          10 1.0 5.2212e-02 1.0 8.55e+05 1.0 1.2e+04 2.2e+02 1.4e+02  0  0  0  0  3   0  0  7  3 11   641
GAMG: partLevel       10 1.0 9.5057e-02 1.1 4.06e+06 1.1 2.1e+04 6.1e+02 3.6e+02  0  0  1  1  8   0  1 14 16 26  1639
  repartition          6 1.0 3.9625e-04 1.0 0.00e+00 0.0 0.0e+00 0.0e+00 2.4e+01  0  0  0  0  1   0  0  0  0  2     0
  Invert-Sort          4 1.0 7.5078e-04 1.6 0.00e+00 0.0 0.0e+00 0.0e+00 1.6e+01  0  0  0  0  0   0  0  0  0  1     0
  Move A               4 1.0 2.8298e-03 1.0 0.00e+00 0.0 3.9e+02 2.3e+02 6.8e+01  0  0  0  0  1   0  0  0  0  5     0
  Move P               4 1.0 2.3313e-03 1.0 0.00e+00 0.0 2.4e+02 2.1e+01 6.8e+01  0  0  0  0  1   0  0  0  0  5     0
PCSetUp               16 1.0 1.3557e+01 1.0 1.69e+08 1.0 1.0e+05 5.4e+02 1.3e+03 22  0  4  3 28  57 25 65 68 97   497
PCSetUpOnBlocks       88 1.0 1.3564e-02 1.1 1.15e+06 1.1 0.0e+00 0.0e+00 0.0e+00  0  0  0  0  0   0  0  0  0  0  3247
PCApply                2 1.0 1.0737e+01 1.0 4.32e+08 1.0 1.5e+05 5.0e+02 1.3e+03 17  1  5  4 28  45 63 96 93 97  1607
KSPSetUp              38 1.0 3.6576e-03 1.2 0.00e+00 0.0 0.0e+00 0.0e+00 2.4e+01  0  0  0  0  1   0  0  0  0  2     0
KSPSolve               2 1.0 2.3735e+01 1.0 5.73e+08 1.0 1.5e+05 5.2e+02 1.3e+03 38  1  6  4 29 100 84 98 97100   965
KSPGMRESOrthog       106 1.0 1.6658e-02 1.2 1.13e+07 1.0 0.0e+00 0.0e+00 1.1e+02  0  0  0  0  2   0  2  0  0  8 26682
SNESSolve              2 1.0 2.3820e+01 1.0 6.86e+08 1.0 1.6e+05 5.2e+02 1.3e+03 38  2  6  4 29 100100100100100  1149
SNESFunctionEval       2 1.0 8.4899e-02 1.0 1.12e+08 1.0 2.7e+03 8.9e+02 0.0e+00  0  0  0  0  0   0 16  2  3  0 52788
SNESJacobianEval       2 1.0 9.3198e-04 1.2 0.00e+00 0.0 0.0e+00 0.0e+00 0.0e+00  0  0  0  0  0   0  0  0  0  0     0
CreateFunctionSpace      44 1.0 2.8299e-02 1.1 0.00e+00 0.0 0.0e+00 0.0e+00 0.0e+00  0  0  0  0  0   0  0  0  0  0     0
ParLoopExecute        36 1.0 1.4396e+01 1.0 6.33e+08 1.0 1.0e+04 1.1e+03 8.0e+00 23  2  0  1  0  60 92  7 13  1  1758
ParLoopCells          36 1.0 2.9499e-01 1.0 6.33e+08 1.0 0.0e+00 0.0e+00 0.0e+00  0  2  0  0  0   1 92  0  0  0 85806
ParLoopRednBegin      36 1.0 5.6601e-04 1.2 0.00e+00 0.0 0.0e+00 0.0e+00 0.0e+00  0  0  0  0  0   0  0  0  0  0     0
ParLoopRednEnd        36 1.0 1.6832e-04 1.2 0.00e+00 0.0 0.0e+00 0.0e+00 0.0e+00  0  0  0  0  0   0  0  0  0  0     0
ParLoopset_5           8 1.0 4.5633e-04 1.3 0.00e+00 0.0 0.0e+00 0.0e+00 0.0e+00  0  0  0  0  0   0  0  0  0  0     0
CreateSparsity         2 1.0 4.3382e-02 1.0 0.00e+00 0.0 3.4e+02 2.2e+03 8.0e+00  0  0  0  0  0   0  0  0  1  1     0
MatZeroInitial         2 1.0 2.6680e-02 1.1 0.00e+00 0.0 0.0e+00 0.0e+00 0.0e+00  0  0  0  0  0   0  0  0  0  0     0
ParLoopset_6           6 1.0 3.9005e-04 1.2 0.00e+00 0.0 0.0e+00 0.0e+00 0.0e+00  0  0  0  0  0   0  0  0  0  0     0
HybridInit             2 1.0 1.3000e+01 1.0 1.41e+08 1.0 2.8e+03 1.1e+03 3.6e+01 21  0  0  0  1  55 21  2  4  3   434
SCForwardElim          2 1.0 3.6108e+00 1.0 1.40e+08 1.0 4.3e+03 1.1e+03 1.2e+01  6  0  0  0  0  15 20  3  6  1  1547
HybridBreak            2 1.0 4.7978e-01 1.0 0.00e+00 0.0 3.0e+03 1.1e+03 1.2e+01  1  0  0  0  0   2  0  2  4  1     0
ParLoopset_7           4 1.0 5.3883e-04 1.3 0.00e+00 0.0 0.0e+00 0.0e+00 0.0e+00  0  0  0  0  0   0  0  0  0  0     0
HybridRHS              2 1.0 3.1309e+00 1.0 1.40e+08 1.0 1.4e+03 1.1e+03 0.0e+00  5  0  0  0  0  13 20  1  2  0  1784
SCSolve                2 1.0 6.3994e-01 1.0 5.26e+07 1.0 1.5e+05 4.7e+02 1.3e+03  1  0  5  3 28   3  8 92 83 96  3225
SCBackSub              2 1.0 6.4878e+00 1.0 2.40e+08 1.0 2.7e+03 1.1e+03 4.0e+00 10  1  0  0  0  27 35  2  4  0  1481
HybridProject          2 1.0 1.5138e-02 1.4 0.00e+00 0.0 9.1e+02 1.4e+03 0.0e+00  0  0  0  0  0   0  0  1  2  0     0
ParLoopset_13          8 1.0 3.3998e-04 1.1 0.00e+00 0.0 0.0e+00 0.0e+00 0.0e+00  0  0  0  0  0   0  0  0  0  0     0
ParLoopset_14          6 1.0 3.1018e-04 1.4 0.00e+00 0.0 0.0e+00 0.0e+00 0.0e+00  0  0  0  0  0   0  0  0  0  0     0
ParLoopset_15          4 1.0 4.7374e-04 1.1 0.00e+00 0.0 0.0e+00 0.0e+00 0.0e+00  0  0  0  0  0   0  0  0  0  0     0

--- Event Stage 3: Warm up

BuildTwoSided          2 1.0 1.0688e-03 8.6 0.00e+00 0.0 2.3e+02 4.0e+00 0.0e+00  0  0  0  0  0   1  0  5  0  0     0
BuildTwoSidedF         4 1.0 3.4149e-03 2.4 0.00e+00 0.0 5.1e+02 2.2e+03 0.0e+00  0  0  0  0  0   2  0 11 30  0     0
SFSetGraph             4 1.0 9.3222e-05 1.2 0.00e+00 0.0 0.0e+00 0.0e+00 0.0e+00  0  0  0  0  0   0  0  0  0  0     0
SFSetUp                2 1.0 1.1640e-03 5.1 0.00e+00 0.0 6.8e+02 3.0e+02 0.0e+00  0  0  0  0  0   1  0 15  5  0     0
SFBcastBegin           2 1.0 7.6056e-05 2.0 0.00e+00 0.0 4.6e+02 7.5e+02 0.0e+00  0  0  0  0  0   0  0 10  9  0     0
SFBcastEnd             2 1.0 6.2704e-05 2.5 0.00e+00 0.0 0.0e+00 0.0e+00 0.0e+00  0  0  0  0  0   0  0  0  0  0     0
SFReduceBegin          1 1.0 2.8849e-05 2.2 0.00e+00 0.0 2.3e+02 1.2e+03 0.0e+00  0  0  0  0  0   0  0  5  8  0     0
SFReduceEnd            1 1.0 5.1975e-05 4.0 0.00e+00 0.0 0.0e+00 0.0e+00 0.0e+00  0  0  0  0  0   0  0  0  0  0     0
VecTDot               20 1.0 1.0495e-03 1.5 7.95e+05 1.0 0.0e+00 0.0e+00 2.0e+01  0  0  0  0  0   1  3  0  0 38 29972
VecNorm               11 1.0 2.5382e-03 7.0 4.37e+05 1.0 0.0e+00 0.0e+00 1.1e+01  0  0  0  0  0   1  2  0  0 21  6816
VecCopy                6 1.0 3.9577e-04 1.3 0.00e+00 0.0 0.0e+00 0.0e+00 0.0e+00  0  0  0  0  0   0  0  0  0  0     0
VecSet                13 1.0 2.1529e-04 1.3 0.00e+00 0.0 0.0e+00 0.0e+00 0.0e+00  0  0  0  0  0   0  0  0  0  0     0
VecAXPY               21 1.0 1.3719e-03 1.1 8.35e+05 1.0 0.0e+00 0.0e+00 0.0e+00  0  0  0  0  0   1  3  0  0  0 24077
VecAYPX                9 1.0 4.9543e-04 1.1 3.58e+05 1.0 0.0e+00 0.0e+00 0.0e+00  0  0  0  0  0   0  1  0  0  0 28572
VecScatterBegin       10 1.0 2.2149e-04 1.8 0.00e+00 0.0 2.3e+03 7.5e+02 0.0e+00  0  0  0  0  0   0  0 49 46  0     0
VecScatterEnd         10 1.0 3.0375e-04 1.9 0.00e+00 0.0 0.0e+00 0.0e+00 0.0e+00  0  0  0  0  0   0  0  0  0  0     0
MatMult               10 1.0 6.0439e-03 1.1 1.79e+06 1.0 2.3e+03 7.5e+02 0.0e+00  0  0  0  0  0   5  6 49 46  0 11711
MatSolve              11 1.0 6.4771e-03 1.0 1.95e+06 1.0 0.0e+00 0.0e+00 0.0e+00  0  0  0  0  0   5  7  0  0  0 11916
MatLUFactorNum         1 1.0 2.3501e-03 1.2 2.39e+05 1.1 0.0e+00 0.0e+00 0.0e+00  0  0  0  0  0   2  1  0  0  0  3915
MatILUFactorSym        1 1.0 2.0430e-03 2.5 0.00e+00 0.0 0.0e+00 0.0e+00 0.0e+00  0  0  0  0  0   1  0  0  0  0     0
MatAssemblyBegin       4 1.0 3.7737e-03 2.3 0.00e+00 0.0 5.1e+02 2.2e+03 0.0e+00  0  0  0  0  0   2  0 11 30  0     0
MatAssemblyEnd         4 1.0 3.5408e-03 1.1 0.00e+00 0.0 4.6e+02 1.9e+02 8.0e+00  0  0  0  0  0   3  0 10  2 15     0
MatGetRowIJ            1 1.0 1.1921e-06 0.0 0.00e+00 0.0 0.0e+00 0.0e+00 0.0e+00  0  0  0  0  0   0  0  0  0  0     0
MatGetOrdering         1 1.0 3.8290e-04 2.4 0.00e+00 0.0 0.0e+00 0.0e+00 0.0e+00  0  0  0  0  0   0  0  0  0  0     0
MatZeroEntries         1 1.0 3.4618e-04 1.1 0.00e+00 0.0 0.0e+00 0.0e+00 0.0e+00  0  0  0  0  0   0  0  0  0  0     0
PCSetUp                2 1.0 4.8552e-03 1.6 2.39e+05 1.1 0.0e+00 0.0e+00 0.0e+00  0  0  0  0  0   3  1  0  0  0  1895
PCSetUpOnBlocks        1 1.0 4.7519e-03 1.6 2.39e+05 1.1 0.0e+00 0.0e+00 0.0e+00  0  0  0  0  0   3  1  0  0  0  1936
PCApply               11 1.0 6.7806e-03 1.0 1.95e+06 1.0 0.0e+00 0.0e+00 0.0e+00  0  0  0  0  0   5  7  0  0  0 11383
KSPSetUp               2 1.0 4.8494e-04 3.7 0.00e+00 0.0 0.0e+00 0.0e+00 0.0e+00  0  0  0  0  0   0  0  0  0  0     0
KSPSolve               1 1.0 2.1069e-02 1.0 6.36e+06 1.0 2.3e+03 7.5e+02 3.1e+01  0  0  0  0  1  16 23 49 46 58 11939
SNESSolve              1 1.0 5.0128e-02 1.0 2.75e+07 1.0 3.8e+03 7.6e+02 3.5e+01  0  0  0  0  1  39 99 83 78 66 21867
SNESFunctionEval       1 1.0 1.4580e-02 1.0 1.41e+07 1.0 1.4e+03 6.1e+02 4.0e+00  0  0  0  0  0  11 51 30 22  8 38764
SNESJacobianEval       1 1.0 1.4375e-02 1.0 6.95e+06 1.0 1.7e+02 2.2e+03 0.0e+00  0  0  0  0  0  11 25  4 10  0 19330
ParLoopExecute        11 1.0 2.6756e-02 1.0 2.14e+07 1.0 1.4e+03 6.1e+02 4.0e+00  0  0  0  0  0  20 77 30 22  8 32019
ParLoopCells           6 1.0 1.7598e-02 1.1 2.14e+07 1.0 0.0e+00 0.0e+00 0.0e+00  0  0  0  0  0  13 77  0  0  0 48651
ParLoopRednBegin      11 1.0 1.5497e-04 1.2 0.00e+00 0.0 0.0e+00 0.0e+00 0.0e+00  0  0  0  0  0   0  0  0  0  0     0
ParLoopRednEnd        11 1.0 4.4584e-05 1.3 0.00e+00 0.0 0.0e+00 0.0e+00 0.0e+00  0  0  0  0  0   0  0  0  0  0     0
CreateSparsity         1 1.0 2.1439e-02 1.1 0.00e+00 0.0 1.7e+02 2.2e+03 4.0e+00  0  0  0  0  0  16  0  4 10  8     0
MatZeroInitial         1 1.0 1.2859e-02 1.1 0.00e+00 0.0 0.0e+00 0.0e+00 0.0e+00  0  0  0  0  0   9  0  0  0  0     0
ParLoopset_13          8 1.0 2.9278e-04 1.3 1.31e+04 1.0 0.0e+00 0.0e+00 0.0e+00  0  0  0  0  0   0  0  0  0  0  1791
ParLoopset_14          8 1.0 4.0269e-04 1.3 0.00e+00 0.0 0.0e+00 0.0e+00 0.0e+00  0  0  0  0  0   0  0  0  0  0     0

--- Event Stage 4: DU Residuals

SFBcastBegin         360 1.0 1.4322e-02 2.3 0.00e+00 0.0 8.2e+04 8.9e+02 0.0e+00  0  0  3  4  0   0  0 23 18  0     0
SFBcastEnd           360 1.0 1.3789e-02 2.3 0.00e+00 0.0 0.0e+00 0.0e+00 0.0e+00  0  0  0  0  0   0  0  0  0  0     0
SFReduceBegin        320 1.0 6.6514e-03 1.4 0.00e+00 0.0 7.3e+04 8.9e+02 0.0e+00  0  0  3  3  0   0  0 20 16  0     0
SFReduceEnd          320 1.0 1.3587e-01 7.7 0.00e+00 0.0 0.0e+00 0.0e+00 0.0e+00  0  0  0  0  0   1  0  0  0  0     0
VecMDot              643 1.0 5.8402e-01 2.5 1.16e+08 1.0 0.0e+00 0.0e+00 6.4e+02  1  0  0  0 14   8  1  0  0 30  7829
VecTDot              480 1.0 1.5235e-02 1.3 1.26e+07 1.0 0.0e+00 0.0e+00 4.8e+02  0  0  0  0 10   0  0  0  0 22 33035
VecNorm             1043 1.0 1.1325e-01 1.7 3.71e+07 1.0 0.0e+00 0.0e+00 1.0e+03  0  0  0  0 22   1  0  0  0 48 13005
VecScale             723 1.0 1.1687e-02 1.1 1.44e+07 1.0 0.0e+00 0.0e+00 0.0e+00  0  0  0  0  0   0  0  0  0  0 48652
VecCopy              720 1.0 4.1407e-02 1.2 0.00e+00 0.0 0.0e+00 0.0e+00 0.0e+00  0  0  0  0  0   1  0  0  0  0     0
VecSet              1283 1.0 5.6443e-02 1.4 0.00e+00 0.0 0.0e+00 0.0e+00 0.0e+00  0  0  0  0  0   1  0  0  0  0     0
VecAXPY              720 1.0 2.9805e-02 1.1 2.10e+07 1.0 0.0e+00 0.0e+00 0.0e+00  0  0  0  0  0   0  0  0  0  0 28145
VecAYPX              160 1.0 5.5141e-03 1.1 4.19e+06 1.0 0.0e+00 0.0e+00 0.0e+00  0  0  0  0  0   0  0  0  0  0 30426
VecMAXPY             723 1.0 1.2372e-01 1.1 1.41e+08 1.0 0.0e+00 0.0e+00 0.0e+00  0  0  0  0  0   2  1  0  0  0 45130
VecScatterBegin      883 1.0 2.0289e-02 1.5 0.00e+00 0.0 2.0e+05 1.3e+03 0.0e+00  0  0  7 13  0   0  0 56 65  0     0
VecScatterEnd        883 1.0 3.3576e-0116.0 0.00e+00 0.0 0.0e+00 0.0e+00 0.0e+00  0  0  0  0  0   0  0  0  0  0     0
VecNormalize         723 1.0 8.9790e-02 1.8 4.31e+07 1.0 0.0e+00 0.0e+00 7.2e+02  0  0  0  0 16   1  0  0  0 33 18997
MatMult              883 1.0 1.3306e+00 1.4 3.42e+08 1.0 2.0e+05 1.3e+03 0.0e+00  2  1  7 13  0  14  3 56 65  0 10163
MatSolve            1043 1.0 1.0647e+00 1.0 3.83e+08 1.0 0.0e+00 0.0e+00 0.0e+00  2  1  0  0  0  15  3  0  0  0 14245
PCSetUpOnBlocks      160 1.0 3.7169e-04 1.8 0.00e+00 0.0 0.0e+00 0.0e+00 0.0e+00  0  0  0  0  0   0  0  0  0  0     0
PCApply             1043 1.0 1.1216e+00 1.0 3.83e+08 1.0 0.0e+00 0.0e+00 0.0e+00  2  1  0  0  0  15  3  0  0  0 13522
KSPSetUp             160 1.0 1.6665e-04 2.9 0.00e+00 0.0 0.0e+00 0.0e+00 0.0e+00  0  0  0  0  0   0  0  0  0  0     0
KSPSolve             160 1.0 2.9631e+00 1.0 1.06e+09 1.0 2.0e+05 1.3e+03 2.2e+03  5  3  7 13 46  41  9 56 65100 14237
KSPGMRESOrthog       643 1.0 6.8034e-01 2.0 2.31e+08 1.0 0.0e+00 0.0e+00 6.4e+02  1  1  0  0 14   9  2  0  0 30 13441
SNESSolve            160 1.0 7.0798e+00 1.0 1.22e+10 1.0 3.6e+05 1.1e+03 2.2e+03 11 31 13 19 46  99100100100100 68603
SNESFunctionEval     160 1.0 4.1424e+00 1.0 1.11e+10 1.0 1.6e+05 8.9e+02 0.0e+00  7 29  6  7  0  58 91 44 35  0 107015
SNESJacobianEval     160 1.0 6.3601e-03 1.5 0.00e+00 0.0 0.0e+00 0.0e+00 0.0e+00  0  0  0  0  0   0  0  0  0  0     0
ParLoopExecute       480 1.0 4.1106e+00 1.0 1.11e+10 1.0 1.6e+05 8.9e+02 0.0e+00  7 29  6  7  0  57 91 44 35  0 107842
ParLoopCells         320 1.0 2.1112e+00 1.0 6.28e+09 1.0 0.0e+00 0.0e+00 0.0e+00  3 16  0  0  0  29 52  0  0  0 119023
ParLoopRednBegin     480 1.0 1.6739e-03 1.3 0.00e+00 0.0 0.0e+00 0.0e+00 0.0e+00  0  0  0  0  0   0  0  0  0  0     0
ParLoopRednEnd       480 1.0 2.1942e-03 1.2 0.00e+00 0.0 0.0e+00 0.0e+00 0.0e+00  0  0  0  0  0   0  0  0  0  0     0
ParLoopIntFacets     320 1.0 1.8499e+00 1.0 4.85e+09 1.0 0.0e+00 0.0e+00 0.0e+00  3 12  0  0  0  25 40  0  0  0 103798
ParLoopset_13        160 1.0 5.2032e-03 1.0 0.00e+00 0.0 0.0e+00 0.0e+00 0.0e+00  0  0  0  0  0   0  0  0  0  0     0
ParLoopset_14        160 1.0 9.0301e-03 1.0 0.00e+00 0.0 0.0e+00 0.0e+00 0.0e+00  0  0  0  0  0   0  0  0  0  0     0

--- Event Stage 5: Linear solve

SFBcastBegin         800 1.0 2.8533e-02 2.0 0.00e+00 0.0 1.8e+05 1.0e+03 0.0e+00  0  0  7  9  0   0  0  9 19  0     0
SFBcastEnd           800 1.0 3.0392e-0111.6 0.00e+00 0.0 0.0e+00 0.0e+00 0.0e+00  0  0  0  0  0   1  0  0  0  0     0
SFReduceBegin        560 1.0 2.7605e-0131.6 0.00e+00 0.0 1.3e+05 1.1e+03 0.0e+00  0  0  5  7  0   0  0  6 15  0     0
SFReduceEnd          560 1.0 5.1860e-0113.6 0.00e+00 0.0 0.0e+00 0.0e+00 0.0e+00  0  0  0  0  0   2  0  0  0  0     0
VecMDot              240 1.0 9.0272e-02 3.0 1.91e+07 1.0 0.0e+00 0.0e+00 2.4e+02  0  0  0  0  5   0  0  0  0 43  8363
VecNorm              320 1.0 3.5246e-02 2.0 1.27e+07 1.0 0.0e+00 0.0e+00 3.2e+02  0  0  0  0  7   0  0  0  0 57 14280
VecScale             320 1.0 5.2130e-03 1.1 6.36e+06 1.0 0.0e+00 0.0e+00 0.0e+00  0  0  0  0  0   0  0  0  0  0 48275
VecCopy             2080 1.0 6.8939e-02 1.3 0.00e+00 0.0 0.0e+00 0.0e+00 0.0e+00  0  0  0  0  0   0  0  0  0  0     0
VecSet             12400 1.0 1.0837e-01 1.3 0.00e+00 0.0 0.0e+00 0.0e+00 0.0e+00  0  0  0  0  0   1  0  0  0  0     0
VecAXPY             6560 1.0 1.1125e-01 1.2 6.84e+07 1.0 0.0e+00 0.0e+00 0.0e+00  0  0  0  0  0   1  0  0  0  0 24288
VecAYPX             6400 1.0 1.1998e-01 1.2 3.00e+07 1.0 0.0e+00 0.0e+00 0.0e+00  0  0  0  0  0   1  0  0  0  0  9862
VecMAXPY             320 1.0 2.6417e-02 1.2 2.86e+07 1.0 0.0e+00 0.0e+00 0.0e+00  0  0  0  0  0   0  0  0  0  0 42869
VecScatterBegin    10800 1.0 1.8120e-01 1.6 0.00e+00 0.0 1.8e+06 3.6e+02 0.0e+00  0  0 64 32  0   1  0 85 66  0     0
VecScatterEnd      10800 1.0 5.7841e-01 2.7 0.00e+00 0.0 0.0e+00 0.0e+00 0.0e+00  0  0  0  0  0   2  0  0  0  0     0
VecNormalize         320 1.0 4.0823e-02 1.8 1.91e+07 1.0 0.0e+00 0.0e+00 3.2e+02  0  0  0  0  7   0  0  0  0 57 18494
MatMult             6640 1.0 1.6001e+00 1.2 3.97e+08 1.0 1.3e+06 4.3e+02 0.0e+00  2  1 47 28  0  11  2 63 58  0  9720
MatMultAdd          1600 1.0 2.5662e-01 1.6 4.07e+07 1.0 2.4e+05 1.7e+02 0.0e+00  0  0  9  2  0   2  0 11  4  0  6218
MatMultTranspose    1600 1.0 2.2537e-01 1.4 4.07e+07 1.0 2.4e+05 1.7e+02 0.0e+00  0  0  9  2  0   2  0 11  4  0  7081
MatSolve            6720 1.3 9.7355e-01 1.1 3.42e+08 1.0 0.0e+00 0.0e+00 0.0e+00  1  1  0  0  0   8  2  0  0  0 13794
MatResidual         1600 1.0 3.5131e-01 1.2 9.61e+07 1.0 3.2e+05 4.2e+02 0.0e+00  1  0 11  6  0   3  0 15 13  0 10701
PCSetUpOnBlocks     3520 1.0 3.6731e-03 1.4 0.00e+00 0.0 0.0e+00 0.0e+00 0.0e+00  0  0  0  0  0   0  0  0  0  0     0
PCApply               80 1.0 1.0275e+01 1.0 1.62e+10 1.0 2.0e+06 4.4e+02 5.6e+02 16 42 72 43 12  85 78 95 90100 62896
KSPSetUp              80 1.0 8.9645e-05 3.6 0.00e+00 0.0 0.0e+00 0.0e+00 0.0e+00  0  0  0  0  0   0  0  0  0  0     0
KSPSolve              80 1.0 1.0282e+01 1.0 1.62e+10 1.0 2.0e+06 4.4e+02 5.6e+02 16 42 72 43 12  85 78 95 90100 62853
KSPGMRESOrthog       240 1.0 1.0728e-01 2.3 3.82e+07 1.0 0.0e+00 0.0e+00 2.4e+02  0  0  0  0  5   1  0  0  0 43 14075
SNESSolve             80 1.0 1.2034e+01 1.0 2.07e+10 1.0 2.1e+06 4.7e+02 5.6e+02 19 53 75 48 12  99100100100100 68616
SNESFunctionEval      80 1.0 1.7637e+00 1.0 4.48e+09 1.0 1.1e+05 8.9e+02 0.0e+00  3 12  4  5  0  14 22  5 10  0 101639
SNESJacobianEval      80 1.0 3.2711e-03 1.5 0.00e+00 0.0 0.0e+00 0.0e+00 0.0e+00  0  0  0  0  0   0  0  0  0  0     0
ParLoopExecute      1280 1.0 8.4436e+00 1.0 1.97e+10 1.0 3.1e+05 1.1e+03 0.0e+00 13 51 11 16  0  69 95 15 34  0 93209
ParLoopCells        1120 1.0 7.7699e+00 1.0 1.97e+10 1.0 0.0e+00 0.0e+00 0.0e+00 12 51  0  0  0  63 95  0  0  0 101290
ParLoopRednBegin    1280 1.0 8.5657e-03 1.2 0.00e+00 0.0 0.0e+00 0.0e+00 0.0e+00  0  0  0  0  0   0  0  0  0  0     0
ParLoopRednEnd      1280 1.0 5.5130e-03 1.3 0.00e+00 0.0 0.0e+00 0.0e+00 0.0e+00  0  0  0  0  0   0  0  0  0  0     0
SCForwardElim         80 1.0 2.8469e+00 1.1 5.59e+09 1.0 9.1e+04 1.3e+03 0.0e+00  4 14  3  6  0  23 27  4 12  0 78481
HybridBreak           80 1.0 2.9612e-01 1.1 0.00e+00 0.0 3.6e+04 1.4e+03 0.0e+00  0  0  1  3  0   2  0  2  5  0     0
HybridRHS             80 1.0 2.5663e+00 1.1 5.59e+09 1.0 5.5e+04 1.1e+03 0.0e+00  4 14  2  3  0  21 27  3  6  0 87063
SCSolve               80 1.0 3.4748e+00 1.1 9.81e+08 1.0 1.8e+06 3.6e+02 5.6e+02  5  2 64 32 12  26  5 85 66100 11077
SCBackSub             80 1.0 4.2434e+00 1.0 9.61e+09 1.0 1.1e+05 1.1e+03 0.0e+00  7 25  4  6  0  35 47  5 13  0 90569
HybridProject         80 1.0 2.5639e-01 1.1 0.00e+00 0.0 3.6e+04 1.4e+03 0.0e+00  0  0  1  3  0   2  0  2  5  0     0
ParLoopset_13        640 1.0 2.5345e-02 1.1 0.00e+00 0.0 0.0e+00 0.0e+00 0.0e+00  0  0  0  0  0   0  0  0  0  0     0
ParLoopset_14        480 1.0 2.1963e-02 1.2 0.00e+00 0.0 0.0e+00 0.0e+00 0.0e+00  0  0  0  0  0   0  0  0  0  0     0
ParLoopset_15        320 1.0 2.1459e-02 1.6 0.00e+00 0.0 0.0e+00 0.0e+00 0.0e+00  0  0  0  0  0   0  0  0  0  0     0
------------------------------------------------------------------------------------------------------------------------

Memory usage is given in bytes:

Object Type          Creations   Destructions     Memory  Descendants' Mem.
Reports information only for process 0.

--- Event Stage 0: Main Stage

           Container    16             16         9344     0.
              Viewer     1              0            0     0.
           Index Set   720            782     41470800     0.
   IS L to G Mapping    10             10      9736168     0.
             Section   206            210       152880     0.
   Star Forest Graph   196            202       169696     0.
              Vector    75            276     35891152     0.
         Vec Scatter    10             32       564608     0.
              Matrix    51            195     39149424     0.
      Preconditioner    10             40        41320     0.
       Krylov Solver    10             40       126208     0.
     DMKSP interface     1              6         3984     0.
                SNES     8              8        11232     0.
              DMSNES     6              6         4080     0.
      SNESLineSearch     8              8         8000     0.
    Distributed Mesh    64             66       327456     0.
            DM Label    50             50        31600     0.
    GraphPartitioner    24             24        15072     0.
     Discrete System    64             66        61784     0.

--- Event Stage 1: Warm up: DU Residuals

           Index Set    12              0            0     0.
              Vector    52              2       314960     0.
              Matrix     4              0            0     0.
      Preconditioner     4              0            0     0.
       Krylov Solver     4              0            0     0.
     DMKSP interface     2              0            0     0.

--- Event Stage 2: Warm up: Linear solve

         PetscRandom    20             20        13080     0.
           Index Set   220            170       179064     0.
             Section     4              0            0     0.
   Star Forest Graph    26             22        19232     0.
              Vector   528            379     10467424     0.
         Vec Scatter    76             54        73056     0.
              Matrix   338            198     40739872     0.
      Matrix Coarsen    10             10         6440     0.
      Preconditioner    38             12        10304     0.
       Krylov Solver    38             12       307424     0.
     DMKSP interface     2              0            0     0.
    Distributed Mesh     2              0            0     0.
     Discrete System     2              0            0     0.

--- Event Stage 3: Warm up

           Index Set     5              5       239192     0.
   Star Forest Graph     2              0            0     0.
              Vector    11              8       639152     0.
         Vec Scatter     1              1         1352     0.
              Matrix     5              5      3436200     0.
      Preconditioner     2              2         1928     0.
       Krylov Solver     2              2         2856     0.
     DMKSP interface     1              0            0     0.
                SNES     1              1         1404     0.
      SNESLineSearch     1              1         1000     0.

--- Event Stage 4: DU Residuals

              Vector     0              1       157480     0.

--- Event Stage 5: Linear solve

========================================================================================================================
Average time to get PetscTime(): 9.53674e-08
Average time for MPI_Barrier(): 8.39233e-06
Average time for zero size MPI_Send(): 1.17421e-06
#PETSc Option Table entries:
--dt 62.5
--hybridization
--method RT
--model_degree 1
--profile
--refinements 8
-log_view
#End of PETSc Option Table entries
Compiled without FORTRAN kernels
Compiled with full precision matrices (default)
sizeof(short) 2 sizeof(int) 4 sizeof(long) 8 sizeof(void*) 8 sizeof(PetscScalar) 8 sizeof(PetscInt) 4
Configure options: --prefix=/home/scratch/tg2115/src/firedrake/lib/python3.5/site-packages/petsc PETSC_ARCH=arch-python-linux-x86_64 --with-shared-libraries=1 --with-debugging=0 --with-c2html=0 --with-cc=/usr/bin/mpicc --with-cxx=/usr/bin/mpicxx --with-fc=/usr/bin/mpif90 --download-eigen=/home/scratch/tg2115/src/firedrake/src/eigen-3.3.3.tgz --with-fortran-bindings=0 --download-chaco --download-metis --download-parmetis --download-scalapack --download-hypre --download-mumps --with-zlib --download-netcdf --download-hdf5 --download-pnetcdf --download-exodusii --download-ml
-----------------------------------------
Libraries compiled on 2019-02-19 06:15:49 on mpe2 
Machine characteristics: Linux-4.4.0-130-generic-x86_64-with-Ubuntu-16.04-xenial
Using PETSc directory: /home/scratch/tg2115/src/firedrake/lib/python3.5/site-packages/petsc
Using PETSc arch: 
-----------------------------------------

Using C compiler: /usr/bin/mpicc  -fPIC  -Wall -Wwrite-strings -Wno-strict-aliasing -Wno-unknown-pragmas -fstack-protector -fvisibility=hidden -g -O  
Using Fortran compiler: /usr/bin/mpif90  -fPIC -Wall -ffree-line-length-0 -Wno-unused-dummy-argument -g -O    
-----------------------------------------

Using include paths: -I/home/scratch/tg2115/src/firedrake/lib/python3.5/site-packages/petsc/include -I/home/scratch/tg2115/src/firedrake/lib/python3.5/site-packages/petsc/include/eigen3
-----------------------------------------

Using C linker: /usr/bin/mpicc
Using Fortran linker: /usr/bin/mpif90
Using libraries: -Wl,-rpath,/home/scratch/tg2115/src/firedrake/lib/python3.5/site-packages/petsc/lib -L/home/scratch/tg2115/src/firedrake/lib/python3.5/site-packages/petsc/lib -lpetsc -Wl,-rpath,/home/scratch/tg2115/src/firedrake/lib/python3.5/site-packages/petsc/lib -L/home/scratch/tg2115/src/firedrake/lib/python3.5/site-packages/petsc/lib -Wl,-rpath,/usr/lib/openmpi/lib -L/usr/lib/openmpi/lib -Wl,-rpath,/usr/lib/gcc/x86_64-linux-gnu/5 -L/usr/lib/gcc/x86_64-linux-gnu/5 -Wl,-rpath,/usr/lib/x86_64-linux-gnu -L/usr/lib/x86_64-linux-gnu -Wl,-rpath,/lib/x86_64-linux-gnu -L/lib/x86_64-linux-gnu -lHYPRE -lcmumps -ldmumps -lsmumps -lzmumps -lmumps_common -lpord -lscalapack -lml -llapack -lblas -lexodus -lnetcdf -lpnetcdf -lhdf5hl_fortran -lhdf5_fortran -lhdf5_hl -lhdf5 -lchaco -lparmetis -lmetis -lm -lz -lX11 -lstdc++ -ldl -lmpi_usempif08 -lmpi_usempi_ignore_tkr -lmpi_mpifh -lmpi -lgfortran -lm -lgfortran -lm -lgcc_s -lquadmath -lpthread -lstdc++ -ldl
-----------------------------------------

